00:00:00 ERROR Prereqs not found for pass UnIfDefPass
00:00:00 ERROR Prereqs not found for pass IfPass
00:00:00 ERROR Prereqs not found for pass UnIfDefPass
00:00:14 INFO ===< 332503 >===
00:00:14 INFO running 4 interestingness tests in parallel
00:00:14 INFO (0.0%, 154290 bytes, 1827 lines)
00:00:14 INFO INITIAL PASSES (interleaving)
00:00:14 INFO ===<  >===
00:08:43 INFO (82.5%, 26942 bytes, 666 lines, via LinesPass::3 + LinesPass::2 + BalancedPass::curly + CommentsPass + BalancedPass::curly3 + ClangHintsPass::callexpr-to-value + LinesPass::0 + BlankPass)
00:15:49 INFO (88.5%, 17726 bytes, 518 lines, via LinesPass::1 + BalancedPass::curly-inside + BalancedPass::curly3 + LinesPass::2 + ClangHintsPass::callexpr-to-value + ClexHintsPass::rm-toks-13-to-16 + BlankPass + LinesPass::0 + CommentsPass)
00:21:19 INFO (90.4%, 14780 bytes, 470 lines, via BalancedPass::parens-to-zero + BalancedPass::curly-inside + ClangHintsPass::callexpr-to-value + LinesPass::1 + LinesPass::2 + BalancedPass::curly2 + BlankPass + ClexHintsPass::rm-toks-1-to-4)
00:27:54 INFO (92.0%, 12307 bytes, 377 lines, via BalancedPass::curly-inside + LinesPass::1 + LinesPass::None + BalancedPass::curly3 + BalancedPass::square + BalancedPass::curly2)
00:33:48 INFO (92.7%, 11205 bytes, 354 lines, via LinesPass::1 + BalancedPass::parens-to-zero + LinesPass::None + BalancedPass::parens + BalancedPass::parens-only + BalancedPass::curly + ClexHintsPass::rm-toks-5-to-8 + ClexHintsPass::rm-toks-9-to-12 + BalancedPass::curly2)
00:40:27 INFO (93.1%, 10574 bytes, 330 lines, via TreeSitterPass::replace-function-def-with-decl + BalancedPass::parens-to-zero + LinesPass::None + LinesPass::1 + BalancedPass::parens-only + BalancedPass::square)
00:47:19 INFO (93.3%, 10298 bytes, 329 lines, via BalancedPass::parens-inside + LinesPass::0 + BalancedPass::parens-to-zero + BlankPass + BalancedPass::square + BalancedPass::parens-only + ClexHintsPass::rm-toks-1-to-4)
00:58:40 INFO (94.2%, 8928 bytes, 291 lines, via LinesPass::1 + LinesPass::None + LinesPass::0 + BalancedPass::parens-to-zero + BalancedPass::parens + TreeSitterPass::remove-function + BalancedPass::parens-only + ClexHintsPass::rm-toks-5-to-8 + ClexHintsPass::rm-toks-1-to-4)
01:07:09 INFO (94.4%, 8674 bytes, 288 lines, via BalancedPass::parens-to-zero + LinesPass::None + BalancedPass::parens-only)
01:12:31 INFO (94.6%, 8330 bytes, 276 lines, via LinesPass::1 + BalancedPass::curly-only + ClexHintsPass::rm-toks-1-to-4 + BlankPass)
01:18:35 INFO (94.9%, 7929 bytes, 259 lines, via LinesPass::None + LinesPass::1 + ClexHintsPass::rm-toks-5-to-8 + ClexHintsPass::rm-toks-9-to-12 + ClexHintsPass::rm-toks-1-to-4)
01:24:45 INFO (94.9%, 7847 bytes, 257 lines, via LinesPass::None + ClexHintsPass::rm-toks-1-to-4 + BalancedPass::square)
01:30:07 INFO (95.0%, 7768 bytes, 257 lines, via ClexHintsPass::rm-toks-1-to-4)
01:34:11 INFO (95.0%, 7674 bytes, 257 lines, via ClexHintsPass::rm-toks-1-to-4 + ClexHintsPass::rm-toks-5-to-8)
01:37:47 INFO (95.0%, 7666 bytes, 257 lines, via BalancedPass::parens-only + BalancedPass::parens-to-zero)
01:43:06 INFO (95.1%, 7627 bytes, 257 lines, via ClexHintsPass::rm-toks-1-to-4 + BalancedPass::parens-only)
01:47:31 INFO (95.1%, 7500 bytes, 255 lines, via LinesPass::1 + ClexHintsPass::rm-toks-1-to-4 + BalancedPass::square + BalancedPass::parens-only)
01:52:14 INFO (95.2%, 7446 bytes, 254 lines, via LinesPass::1 + ClexHintsPass::rm-toks-1-to-4)
01:55:44 INFO (95.2%, 7429 bytes, 252 lines, via LinesPass::1)
02:01:10 INFO (95.3%, 7311 bytes, 252 lines, via ClexHintsPass::rm-toks-5-to-8 + ClexHintsPass::rm-toks-1-to-4 + ClexHintsPass::rm-toks-13-to-16)
02:08:56 INFO (95.3%, 7277 bytes, 252 lines, via ClexHintsPass::rm-toks-5-to-8)
02:18:14 INFO (95.4%, 7151 bytes, 249 lines, via LinesPass::None + ClexHintsPass::rm-toks-1-to-4 + BalancedPass::square + BalancedPass::parens-only)
02:24:47 INFO (95.4%, 7149 bytes, 249 lines, via BalancedPass::parens-only)
02:31:09 INFO (95.4%, 7145 bytes, 249 lines, via BalancedPass::parens-only)
02:38:57 INFO (95.4%, 7125 bytes, 248 lines, via LinesPass::1)
02:43:51 INFO (95.4%, 7087 bytes, 247 lines, via ClexHintsPass::rm-toks-1-to-4)
03:01:27 INFO (95.4%, 7079 bytes, 247 lines, via ClexHintsPass::rm-toks-1-to-4)
03:08:14 INFO (95.4%, 7057 bytes, 247 lines, via ClexHintsPass::rm-toks-1-to-4)
03:13:36 INFO (95.5%, 7011 bytes, 247 lines, via ClexHintsPass::rm-toks-5-to-8)
03:20:24 INFO (95.5%, 6990 bytes, 246 lines, via LinesPass::1)
03:28:28 INFO (95.5%, 6974 bytes, 246 lines, via ClexHintsPass::rm-toks-1-to-4)
03:32:57 INFO (95.5%, 6951 bytes, 246 lines, via ClexHintsPass::rm-toks-1-to-4)
03:35:53 INFO (95.5%, 6935 bytes, 245 lines, via ClexHintsPass::rm-toks-1-to-4)
03:43:41 INFO (95.5%, 6911 bytes, 244 lines, via LinesPass::1)
03:46:39 INFO (95.5%, 6889 bytes, 242 lines, via LinesPass::1)
04:03:01 INFO (95.5%, 6887 bytes, 242 lines, via ClexHintsPass::rm-toks-1-to-4)
04:46:07 INFO (95.5%, 6877 bytes, 242 lines, via ClexHintsPass::rm-toks-1-to-4)
04:51:11 INFO (95.6%, 6837 bytes, 242 lines, via ClexHintsPass::rm-toks-9-to-12)
04:59:22 INFO (95.6%, 6835 bytes, 242 lines, via BalancedPass::parens-only)
05:27:34 INFO (95.6%, 6819 bytes, 242 lines, via ClexHintsPass::rm-toks-1-to-4)
05:28:55 INFO INITIAL PASSES
05:28:55 ERROR Skipping pass UnIfDefPass
05:28:55 ERROR Skipping pass IfPass
05:28:55 INFO ===< BalancedPass::angles, BalancedPass::angles-inside, BalancedPass::angles-only, BalancedPass::curly, BalancedPass::curly-inside, BalancedPass::curly-only, BalancedPass::curly2, BalancedPass::curly3, BalancedPass::parens, BalancedPass::parens-inside, BalancedPass::parens-only, BalancedPass::parens-to-zero, BalancedPass::square, BalancedPass::square-inside, BalancedPass::square-only, BlankPass, ClangHintsPass::callexpr-to-value, ClangHintsPass::remove-unused-function, ClangHintsPass::replace-dependent-typedef, ClangHintsPass::replace-function-def-with-decl, ClangIncludeGraphPass, ClangModuleMapPass, ClexHintsPass::rm-toks-1-to-4, ClexHintsPass::rm-toks-13-to-16, ClexHintsPass::rm-toks-5-to-8, ClexHintsPass::rm-toks-9-to-12, CommentsPass, InlineIncludesPass, LineMarkersPass, LinesPass::0, LinesPass::1, LinesPass::10, LinesPass::2, LinesPass::3, LinesPass::4, LinesPass::6, LinesPass::8, LinesPass::None, MakefilePass, RmUnusedFilesPass, TreeSitterPass::erase-namespace, TreeSitterPass::remove-function, TreeSitterPass::replace-function-def-with-decl >===
05:28:58 INFO ===< IncludesPass >===
05:28:59 INFO ===< CommentsPass >===
05:28:59 INFO ===< LineMarkersPass >===
05:29:03 INFO ===< BlankPass >===
05:29:03 INFO ===< ClangHintsPass::replace-function-def-with-decl (30 T) >===
05:29:04 INFO ===< ClangHintsPass::remove-unused-function (30 T) >===
05:29:04 INFO cache hit for HIPProg.hip
05:29:04 INFO ===< ClangHintsPass::replace-function-def-with-decl (30 T) >===
05:29:04 INFO cache hit for HIPProg.hip
05:29:04 INFO ===< ClangHintsPass::remove-unused-function (30 T) >===
05:29:04 INFO ===< ClangHintsPass::replace-function-def-with-decl >===
05:29:04 INFO ===< ClangHintsPass::remove-unused-function >===
05:29:22 INFO ===< LinesPass::0 >===
05:31:18 INFO ===< LinesPass::1 >===
05:31:27 INFO ===< LinesPass::2 >===
05:31:28 INFO ===< LinesPass::3 >===
05:31:28 INFO ===< LinesPass::4 >===
05:31:28 INFO ===< LinesPass::6 >===
05:31:28 INFO ===< LinesPass::8 >===
05:31:28 INFO ===< LinesPass::10 >===
05:31:28 INFO cache hit for HIPProg.hip
05:31:28 INFO ===< ClangHintsPass::replace-function-def-with-decl >===
05:31:28 INFO cache hit for HIPProg.hip
05:31:28 INFO ===< ClangHintsPass::remove-unused-function >===
05:31:28 INFO cache hit for HIPProg.hip
05:31:28 INFO ===< ClangHintsPass::remove-unused-function >===
05:31:39 INFO ===< BalancedPass::curly >===
05:31:53 INFO ===< BalancedPass::curly2 >===
05:32:04 INFO ===< BalancedPass::curly3 >===
05:32:28 INFO ===< BalancedPass::parens-to-zero >===
05:32:30 INFO ===< ClangHintsPass::callexpr-to-value >===
05:32:30 INFO ===< ClangPass::replace-callexpr >===
05:32:31 INFO ===< ClangPass::simplify-callexpr >===
05:32:30 INFO using C++ standard: c++2b with 0 transformation opportunities
05:32:31 INFO ===< ClangBinarySearchPass::remove-unused-enum-member >===
05:32:31 INFO ===< ClangPass::remove-enum-member-value >===
05:32:31 INFO using C++ standard: c++2b with 20 transformation opportunities
05:32:40 INFO ===< ClangBinarySearchPass::remove-unused-var >===
05:32:42 INFO ===< SpecialPass::a >===
05:32:42 INFO ===< SpecialPass::b >===
05:32:42 INFO INTERLEAVING PASSES
05:32:42 INFO ===< SpecialPass::c >===
05:52:11 INFO (95.6%, 6818 bytes, 242 lines, via ClexHintsPass::rm-toks-1-to-4)
06:07:43 INFO (95.6%, 6814 bytes, 242 lines, via ClexHintsPass::rm-toks-1-to-4)
06:12:11 INFO (95.6%, 6785 bytes, 242 lines, via ClexHintsPass::rm-toks-1-to-4)
06:15:24 INFO (95.7%, 6705 bytes, 242 lines, via ClexHintsPass::rm-toks-1-to-4)
06:18:19 INFO (95.7%, 6686 bytes, 240 lines, via TreeSitterPass::replace-function-def-with-decl)
06:22:04 INFO (95.8%, 6514 bytes, 237 lines, via TreeSitterPass::remove-function + ClexHintsPass::rm-toks-1-to-4)
06:24:40 INFO (95.8%, 6488 bytes, 237 lines, via ClexHintsPass::rm-toks-1-to-4)
06:27:01 INFO (95.8%, 6440 bytes, 237 lines, via ClexHintsPass::rm-toks-1-to-4 + BlankPass)
06:28:51 INFO (95.8%, 6425 bytes, 237 lines, via ClexHintsPass::rm-toks-1-to-4)
06:31:00 INFO (95.8%, 6419 bytes, 237 lines, via BalancedPass::parens-only)
06:34:25 INFO (95.8%, 6416 bytes, 237 lines, via BalancedPass::square)
06:37:48 INFO (95.8%, 6415 bytes, 237 lines, via ClexHintsPass::rm-toks-1-to-4)
06:43:46 INFO (95.8%, 6410 bytes, 237 lines, via ClexHintsPass::rm-toks-1-to-4)
06:48:25 INFO (95.9%, 6402 bytes, 236 lines, via ClexHintsPass::rm-toks-1-to-4)
06:51:41 INFO (95.9%, 6360 bytes, 236 lines, via ClexHintsPass::rm-toks-9-to-12 + ClexHintsPass::rm-toks-1-to-4)
06:54:42 INFO (95.9%, 6333 bytes, 235 lines, via ClexHintsPass::rm-toks-1-to-4)
07:02:58 INFO (95.9%, 6331 bytes, 235 lines, via BalancedPass::parens-only)
07:22:10 INFO (95.9%, 6328 bytes, 235 lines, via ClexHintsPass::rm-toks-1-to-4)
07:34:52 INFO (95.9%, 6326 bytes, 235 lines, via BalancedPass::parens-only)
08:22:30 INFO Termination check: size was 6819; now 6326
08:22:30 INFO ===< BalancedPass::angles, BalancedPass::angles-inside, BalancedPass::angles-only, BalancedPass::curly, BalancedPass::curly-inside, BalancedPass::curly-only, BalancedPass::curly2, BalancedPass::curly3, BalancedPass::parens, BalancedPass::parens-inside, BalancedPass::parens-only, BalancedPass::parens-to-zero, BalancedPass::square, BalancedPass::square-inside, BalancedPass::square-only, BlankPass, ClangHintsPass::callexpr-to-value, ClangHintsPass::remove-unused-function, ClangHintsPass::replace-dependent-typedef, ClangHintsPass::replace-function-def-with-decl, ClangIncludeGraphPass, ClangModuleMapPass, ClexHintsPass::rm-toks-1-to-4, ClexHintsPass::rm-toks-13-to-16, ClexHintsPass::rm-toks-5-to-8, ClexHintsPass::rm-toks-9-to-12, CommentsPass, InlineIncludesPass, LineMarkersPass, LinesPass::0, LinesPass::1, LinesPass::10, LinesPass::2, LinesPass::3, LinesPass::4, LinesPass::6, LinesPass::8, LinesPass::None, MakefilePass, RmUnusedFilesPass, TreeSitterPass::erase-namespace, TreeSitterPass::remove-function, TreeSitterPass::replace-function-def-with-decl >===
08:41:50 INFO (95.9%, 6322 bytes, 235 lines, via ClexHintsPass::rm-toks-1-to-4)
08:44:17 INFO (95.9%, 6316 bytes, 235 lines, via ClexHintsPass::rm-toks-1-to-4)
08:47:51 INFO (96.0%, 6230 bytes, 232 lines, via TreeSitterPass::replace-function-def-with-decl + ClexHintsPass::rm-toks-1-to-4)
08:51:05 INFO (96.1%, 6078 bytes, 230 lines, via BalancedPass::parens-to-zero + ClexHintsPass::rm-toks-13-to-16 + BalancedPass::curly2)
08:53:35 INFO (96.1%, 5961 bytes, 230 lines, via BalancedPass::parens-inside)
08:56:45 INFO (96.2%, 5855 bytes, 226 lines, via LinesPass::None + BalancedPass::parens-only)
08:59:20 INFO (96.2%, 5851 bytes, 224 lines, via LinesPass::0)
09:09:41 INFO (96.2%, 5823 bytes, 224 lines, via ClexHintsPass::rm-toks-9-to-12)
09:11:34 INFO (96.2%, 5789 bytes, 224 lines, via ClexHintsPass::rm-toks-9-to-12)
09:23:19 INFO (96.3%, 5781 bytes, 224 lines, via ClexHintsPass::rm-toks-1-to-4)
10:13:25 INFO Termination check: size was 6326; now 5781
10:13:25 INFO ===< BalancedPass::angles, BalancedPass::angles-inside, BalancedPass::angles-only, BalancedPass::curly, BalancedPass::curly-inside, BalancedPass::curly-only, BalancedPass::curly2, BalancedPass::curly3, BalancedPass::parens, BalancedPass::parens-inside, BalancedPass::parens-only, BalancedPass::parens-to-zero, BalancedPass::square, BalancedPass::square-inside, BalancedPass::square-only, BlankPass, ClangHintsPass::callexpr-to-value, ClangHintsPass::remove-unused-function, ClangHintsPass::replace-dependent-typedef, ClangHintsPass::replace-function-def-with-decl, ClangIncludeGraphPass, ClangModuleMapPass, ClexHintsPass::rm-toks-1-to-4, ClexHintsPass::rm-toks-13-to-16, ClexHintsPass::rm-toks-5-to-8, ClexHintsPass::rm-toks-9-to-12, CommentsPass, InlineIncludesPass, LineMarkersPass, LinesPass::0, LinesPass::1, LinesPass::10, LinesPass::2, LinesPass::3, LinesPass::4, LinesPass::6, LinesPass::8, LinesPass::None, MakefilePass, RmUnusedFilesPass, TreeSitterPass::erase-namespace, TreeSitterPass::remove-function, TreeSitterPass::replace-function-def-with-decl >===
11:29:12 INFO Termination check: size was 5781; now 5781
11:29:12 INFO MAIN PASSES
11:29:12 ERROR Skipping pass UnIfDefPass
11:29:12 INFO ===< BalancedPass::angles, BalancedPass::angles-inside, BalancedPass::angles-only, BalancedPass::curly, BalancedPass::curly-inside, BalancedPass::curly-only, BalancedPass::curly2, BalancedPass::curly3, BalancedPass::parens, BalancedPass::parens-inside, BalancedPass::parens-only, BalancedPass::parens-to-zero, BalancedPass::square, BalancedPass::square-inside, BalancedPass::square-only, BlankPass, ClangHintsPass::callexpr-to-value, ClangHintsPass::remove-unused-function, ClangHintsPass::replace-dependent-typedef, ClangHintsPass::replace-function-def-with-decl, ClangIncludeGraphPass, ClangModuleMapPass, ClexHintsPass::rm-toks-1-to-4, ClexHintsPass::rm-toks-13-to-16, ClexHintsPass::rm-toks-5-to-8, ClexHintsPass::rm-toks-9-to-12, CommentsPass, InlineIncludesPass, LineMarkersPass, LinesPass::0, LinesPass::1, LinesPass::10, LinesPass::2, LinesPass::3, LinesPass::4, LinesPass::6, LinesPass::8, LinesPass::None, MakefilePass, RmUnusedFilesPass, TreeSitterPass::erase-namespace, TreeSitterPass::remove-function, TreeSitterPass::replace-function-def-with-decl >===
11:29:12 INFO ===< IncludeIncludesPass >===
11:29:13 INFO ===< TernaryPass::b >===
11:29:13 INFO ===< TernaryPass::c >===
11:29:30 INFO ===< BalancedPass::curly >===
11:29:48 INFO ===< BalancedPass::curly2 >===
11:29:48 INFO ===< BalancedPass::curly3 >===
11:30:03 INFO ===< BalancedPass::parens >===
11:30:04 INFO ===< BalancedPass::angles >===
11:30:14 INFO ===< BalancedPass::square >===
11:30:40 INFO ===< BalancedPass::curly-inside >===
11:30:52 INFO ===< BalancedPass::parens-inside >===
11:30:53 INFO ===< BalancedPass::angles-inside >===
11:31:02 INFO ===< BalancedPass::square-inside >===
11:31:11 INFO ===< BalancedPass::curly-only >===
11:31:12 INFO ===< BalancedPass::angles-only >===
11:31:22 INFO ===< BalancedPass::square-only >===
11:31:22 INFO ===< ClangPass::remove-namespace >===
11:31:22 INFO ===< ClangPass::aggregate-to-scalar >===
11:31:22 INFO ===< ClangPass::param-to-global >===
11:31:23 INFO ===< ClangPass::param-to-local >===
11:31:23 INFO ===< ClangPass::remove-nested-function >===
11:31:23 INFO ===< ClangPass::union-to-struct >===
11:31:24 INFO ===< ClangPass::return-void >===
11:31:25 INFO ===< ClangPass::simple-inliner >===
11:31:33 INFO ===< ClangPass::reduce-pointer-level >===
11:31:33 INFO ===< ClangPass::lift-assignment-expr >===
11:31:33 INFO ===< ClangPass::copy-propagation >===
11:31:34 INFO ===< ClangHintsPass::callexpr-to-value >===
11:31:34 INFO ===< ClangPass::replace-callexpr >===
11:31:35 INFO ===< ClangPass::simplify-callexpr >===
11:31:35 INFO ===< ClangHintsPass::remove-unused-function >===
11:31:35 INFO using C++ standard: c++2b with 0 transformation opportunities
11:31:36 INFO ===< ClangBinarySearchPass::remove-unused-enum-member >===
11:31:36 INFO ===< ClangPass::remove-enum-member-value >===
11:31:35 INFO using C++ standard: c++2b with 14 transformation opportunities
11:31:40 INFO ===< ClangBinarySearchPass::remove-unused-var >===
11:31:40 INFO ===< ClangPass::simplify-if >===
11:31:40 INFO ===< ClangPass::reduce-array-dim >===
11:31:40 INFO ===< ClangPass::reduce-array-size >===
11:31:40 INFO ===< ClangPass::move-definition-to-declaration >===
11:31:40 INFO ===< ClangPass::simplify-comma-expr >===
11:31:40 INFO ===< ClangPass::simplify-dependent-typedef >===
11:31:40 INFO ===< ClangPass::replace-simple-typedef >===
11:31:41 INFO ===< ClangHintsPass::replace-dependent-typedef >===
11:31:41 INFO ===< ClangPass::replace-one-level-typedef-type >===
11:31:56 INFO (96.3%, 5749 bytes, 222 lines)
11:32:10 INFO (96.3%, 5723 bytes, 220 lines)
11:32:24 INFO (96.3%, 5685 bytes, 218 lines)
11:32:39 INFO (96.3%, 5653 bytes, 216 lines)
11:32:53 INFO (96.4%, 5621 bytes, 214 lines)
11:33:10 INFO (96.4%, 5593 bytes, 212 lines)
11:33:28 INFO (96.4%, 5567 bytes, 210 lines)
11:33:45 INFO (96.4%, 5541 bytes, 208 lines)
11:33:59 INFO (96.4%, 5512 bytes, 206 lines)
11:34:13 INFO (96.4%, 5483 bytes, 204 lines)
11:34:30 INFO (96.5%, 5450 bytes, 202 lines)
11:34:47 INFO (96.5%, 5409 bytes, 200 lines)
11:35:01 INFO (96.5%, 5369 bytes, 198 lines)
11:35:16 INFO (96.5%, 5340 bytes, 196 lines)
11:35:31 INFO (96.6%, 5308 bytes, 194 lines)
11:35:45 INFO (96.6%, 5281 bytes, 192 lines)
11:36:00 INFO (96.6%, 5254 bytes, 190 lines)
11:36:17 INFO (96.6%, 5228 bytes, 188 lines)
11:36:33 INFO (96.6%, 5195 bytes, 186 lines)
11:36:51 INFO (96.7%, 5155 bytes, 184 lines)
11:37:05 INFO ===< ClangPass::remove-unused-field >===
11:37:05 INFO ===< ClangPass::instantiate-template-type-param-to-int >===
11:37:05 INFO ===< ClangPass::instantiate-template-param >===
11:37:06 INFO ===< ClangPass::template-arg-to-int >===
11:37:06 INFO ===< ClangPass::template-non-type-arg-to-int >===
11:37:06 INFO ===< ClangPass::reduce-class-template-param >===
11:37:06 INFO ===< ClangPass::remove-trivial-base-template >===
11:37:06 INFO ===< ClangPass::class-template-to-class >===
11:37:06 INFO ===< ClangPass::merge-base-class >===
11:37:06 INFO ===< ClangPass::remove-base-class >===
11:37:06 INFO ===< ClangPass::replace-derived-class >===
11:37:06 INFO ===< ClangPass::remove-unresolved-base >===
11:37:06 INFO ===< ClangPass::remove-ctor-initializer >===
11:37:06 INFO ===< ClangPass::replace-class-with-base-template-spec >===
11:37:06 INFO ===< ClangPass::simplify-nested-class >===
11:37:06 INFO ===< ClangPass::remove-unused-outer-class >===
11:37:06 INFO ===< ClangPass::empty-struct-to-int >===
11:37:06 INFO ===< ClangPass::remove-pointer >===
11:37:06 INFO ===< ClangPass::reduce-pointer-pairs >===
11:37:06 INFO ===< ClangPass::remove-array >===
11:37:06 INFO ===< ClangPass::remove-addr-taken >===
11:37:06 INFO ===< ClangPass::simplify-struct >===
11:37:06 INFO ===< ClangPass::replace-undefined-function >===
11:37:06 INFO ===< ClangPass::replace-array-index-var >===
11:37:06 INFO ===< ClangPass::replace-array-access-with-index >===
11:37:07 INFO ===< ClangPass::replace-dependent-name >===
11:37:07 INFO ===< ClangPass::simplify-recursive-template-instantiation >===
11:37:07 INFO ===< ClangPass::vector-to-array >===
11:37:07 INFO ===< ClangPass::remove-try-catch >===
11:37:07 INFO ===< ClangPass::class-to-struct >===
11:37:20 INFO ===< ClangPass::member-to-global >===
11:37:27 INFO ===< LinesPass::0 >===
11:38:45 INFO ===< LinesPass::1 >===
11:38:49 INFO ===< LinesPass::2 >===
11:38:49 INFO ===< LinesPass::3 >===
11:38:49 INFO ===< LinesPass::4 >===
11:38:49 INFO ===< LinesPass::6 >===
11:38:49 INFO ===< LinesPass::8 >===
11:38:49 INFO ===< LinesPass::10 >===
11:38:49 INFO ===< CommentsPass >===
11:38:49 INFO ===< SpecialPass::b >===
11:38:49 INFO ===< SpecialPass::c >===
11:38:50 INFO ===< IndentPass::regular >===
11:38:59 INFO ===< BalancedPass::parens-to-zero >===
12:41:28 INFO ===< ClexHintsPass::rm-toks-1-to-16 >===
12:57:54 INFO (96.7%, 5147 bytes, 184 lines)
12:58:10 INFO (96.7%, 5139 bytes, 184 lines)
13:08:02 INFO ===< ClexPass::rm-tok-pattern-4 >===
13:08:03 INFO ===< ClangPass::local-to-global >===
13:08:09 INFO ===< PeepPass::c >===
13:08:22 INFO (96.7%, 5138 bytes, 184 lines)
13:08:34 INFO (96.7%, 5137 bytes, 184 lines)
13:08:47 INFO (96.7%, 5136 bytes, 184 lines)
13:09:00 INFO (96.7%, 5135 bytes, 184 lines)
13:09:13 INFO (96.7%, 5134 bytes, 184 lines)
13:09:26 INFO (96.7%, 5133 bytes, 184 lines)
13:09:38 INFO (96.7%, 5132 bytes, 184 lines)
13:09:51 INFO (96.7%, 5131 bytes, 184 lines)
13:10:04 INFO (96.7%, 5130 bytes, 184 lines)
13:10:17 INFO (96.7%, 5129 bytes, 184 lines)
13:10:29 INFO (96.7%, 5128 bytes, 184 lines)
13:10:42 INFO (96.7%, 5127 bytes, 184 lines)
13:10:55 INFO (96.7%, 5126 bytes, 184 lines)
13:11:08 INFO (96.7%, 5125 bytes, 184 lines)
13:11:21 INFO (96.7%, 5124 bytes, 184 lines)
13:11:33 INFO (96.7%, 5123 bytes, 184 lines)
13:11:46 INFO (96.7%, 5122 bytes, 184 lines)
13:11:59 INFO (96.7%, 5121 bytes, 184 lines)
13:12:12 INFO (96.7%, 5120 bytes, 184 lines)
13:12:25 INFO (96.7%, 5119 bytes, 184 lines)
13:12:37 INFO (96.7%, 5118 bytes, 184 lines)
13:12:50 INFO (96.7%, 5117 bytes, 184 lines)
13:13:03 INFO (96.7%, 5116 bytes, 184 lines)
13:13:16 INFO (96.7%, 5115 bytes, 184 lines)
13:13:29 INFO (96.7%, 5114 bytes, 184 lines)
13:13:42 INFO (96.7%, 5113 bytes, 184 lines)
13:13:55 INFO (96.7%, 5112 bytes, 184 lines)
13:14:08 INFO (96.7%, 5111 bytes, 184 lines)
13:14:20 INFO (96.7%, 5110 bytes, 184 lines)
13:14:33 INFO (96.7%, 5109 bytes, 184 lines)
13:14:46 INFO (96.7%, 5108 bytes, 184 lines)
13:14:58 INFO (96.7%, 5107 bytes, 184 lines)
13:15:11 INFO (96.7%, 5106 bytes, 184 lines)
13:15:24 INFO (96.7%, 5105 bytes, 184 lines)
13:15:37 INFO (96.7%, 5104 bytes, 184 lines)
13:15:49 INFO (96.7%, 5103 bytes, 184 lines)
13:16:02 INFO (96.7%, 5102 bytes, 184 lines)
13:16:15 INFO (96.7%, 5101 bytes, 184 lines)
13:16:28 INFO (96.7%, 5100 bytes, 184 lines)
13:16:41 INFO (96.7%, 5099 bytes, 184 lines)
13:16:53 INFO (96.7%, 5098 bytes, 184 lines)
13:17:06 INFO (96.7%, 5097 bytes, 184 lines)
13:17:19 INFO (96.7%, 5096 bytes, 184 lines)
13:17:32 INFO (96.7%, 5095 bytes, 184 lines)
13:17:45 INFO (96.7%, 5094 bytes, 184 lines)
13:17:58 INFO (96.7%, 5093 bytes, 184 lines)
13:18:10 INFO (96.7%, 5092 bytes, 184 lines)
13:18:23 INFO (96.7%, 5091 bytes, 184 lines)
13:18:36 INFO (96.7%, 5090 bytes, 184 lines)
13:18:49 INFO (96.7%, 5089 bytes, 184 lines)
13:19:01 INFO (96.7%, 5088 bytes, 184 lines)
13:19:14 INFO (96.7%, 5087 bytes, 184 lines)
13:19:27 INFO (96.7%, 5086 bytes, 184 lines)
13:19:40 INFO (96.7%, 5085 bytes, 184 lines)
13:19:53 INFO (96.7%, 5084 bytes, 184 lines)
13:20:06 INFO (96.7%, 5083 bytes, 184 lines)
13:20:18 INFO (96.7%, 5082 bytes, 184 lines)
13:20:31 INFO (96.7%, 5081 bytes, 184 lines)
13:20:43 INFO (96.7%, 5080 bytes, 184 lines)
13:20:57 INFO (96.7%, 5079 bytes, 184 lines)
13:21:10 INFO (96.7%, 5078 bytes, 184 lines)
13:21:22 INFO (96.7%, 5077 bytes, 184 lines)
13:21:35 INFO (96.7%, 5076 bytes, 184 lines)
13:21:48 INFO (96.7%, 5075 bytes, 184 lines)
13:22:00 INFO (96.7%, 5074 bytes, 184 lines)
13:22:13 INFO (96.7%, 5073 bytes, 184 lines)
13:22:28 INFO (96.7%, 5072 bytes, 184 lines)
13:22:43 INFO (96.7%, 5071 bytes, 184 lines)
13:22:58 INFO (96.7%, 5070 bytes, 184 lines)
13:23:13 INFO (96.7%, 5069 bytes, 184 lines)
13:23:27 INFO (96.7%, 5068 bytes, 184 lines)
13:23:42 INFO (96.7%, 5067 bytes, 184 lines)
13:23:57 INFO (96.7%, 5066 bytes, 184 lines)
13:24:12 INFO (96.7%, 5065 bytes, 184 lines)
13:24:27 INFO (96.7%, 5064 bytes, 184 lines)
13:24:38 INFO (96.7%, 5063 bytes, 184 lines)
13:24:50 INFO (96.7%, 5062 bytes, 184 lines)
13:25:02 INFO (96.7%, 5061 bytes, 184 lines)
13:25:13 INFO (96.7%, 5060 bytes, 184 lines)
13:25:24 INFO (96.7%, 5059 bytes, 184 lines)
13:25:35 INFO (96.7%, 5058 bytes, 184 lines)
13:25:43 INFO (96.7%, 5057 bytes, 184 lines)
13:25:49 INFO (96.7%, 5056 bytes, 184 lines)
13:25:56 INFO (96.7%, 5055 bytes, 184 lines)
13:25:59 INFO ===< IntsPass::a >===
13:26:11 INFO (96.7%, 5053 bytes, 184 lines)
13:26:24 INFO (96.7%, 5051 bytes, 184 lines)
13:26:37 INFO (96.7%, 5049 bytes, 184 lines)
13:26:51 INFO (96.7%, 5047 bytes, 184 lines)
13:27:03 INFO (96.7%, 5045 bytes, 184 lines)
13:27:15 INFO (96.7%, 5043 bytes, 184 lines)
13:27:27 INFO (96.7%, 5041 bytes, 184 lines)
13:27:34 INFO (96.7%, 5039 bytes, 184 lines)
13:27:36 INFO ===< IntsPass::b >===
13:27:49 INFO (96.7%, 5037 bytes, 184 lines)
13:28:02 INFO (96.7%, 5036 bytes, 184 lines)
13:28:14 INFO (96.7%, 5034 bytes, 184 lines)
13:28:27 INFO (96.7%, 5033 bytes, 184 lines)
13:28:41 INFO (96.7%, 5032 bytes, 184 lines)
13:28:53 INFO (96.7%, 5031 bytes, 184 lines)
13:29:06 INFO (96.7%, 5030 bytes, 184 lines)
13:29:19 INFO (96.7%, 5029 bytes, 184 lines)
13:29:32 INFO (96.7%, 5028 bytes, 184 lines)
13:29:44 INFO (96.7%, 5026 bytes, 184 lines)
13:29:57 INFO (96.7%, 5024 bytes, 184 lines)
13:30:10 INFO (96.7%, 5023 bytes, 184 lines)
13:30:23 INFO (96.7%, 5021 bytes, 184 lines)
13:30:35 INFO (96.7%, 5019 bytes, 184 lines)
13:30:48 INFO (96.7%, 5018 bytes, 184 lines)
13:31:01 INFO (96.7%, 5017 bytes, 184 lines)
13:31:14 INFO (96.7%, 5015 bytes, 184 lines)
13:31:27 INFO (96.8%, 5014 bytes, 184 lines)
13:31:39 INFO (96.8%, 5012 bytes, 184 lines)
13:31:52 INFO (96.8%, 5010 bytes, 184 lines)
13:32:05 INFO (96.8%, 5009 bytes, 184 lines)
13:32:18 INFO (96.8%, 5007 bytes, 184 lines)
13:32:31 INFO (96.8%, 5005 bytes, 184 lines)
13:32:43 INFO (96.8%, 5004 bytes, 184 lines)
13:32:56 INFO (96.8%, 5003 bytes, 184 lines)
13:33:08 INFO (96.8%, 5002 bytes, 184 lines)
13:33:21 INFO (96.8%, 5001 bytes, 184 lines)
13:33:33 INFO (96.8%, 5000 bytes, 184 lines)
13:33:46 INFO (96.8%, 4999 bytes, 184 lines)
13:33:59 INFO (96.8%, 4998 bytes, 184 lines)
13:34:10 INFO (96.8%, 4996 bytes, 184 lines)
13:34:21 INFO (96.8%, 4995 bytes, 184 lines)
13:34:27 INFO (96.8%, 4994 bytes, 184 lines)
13:34:27 INFO ===< IntsPass::c >===
13:34:40 INFO (96.8%, 4993 bytes, 184 lines)
13:34:53 INFO (96.8%, 4992 bytes, 184 lines)
13:35:06 INFO (96.8%, 4991 bytes, 184 lines)
13:35:19 INFO (96.8%, 4990 bytes, 184 lines)
13:35:30 INFO (96.8%, 4989 bytes, 184 lines)
13:35:40 INFO (96.8%, 4988 bytes, 184 lines)
13:35:47 INFO (96.8%, 4986 bytes, 184 lines)
13:35:47 INFO ===< IntsPass::d >===
13:35:47 INFO ===< IntsPass::c >===
13:35:55 INFO ===< BalancedPass::parens-only >===
13:35:56 INFO ===< ClexPass::delete-string >===
13:35:56 INFO Termination check: size was 5781; now 4986
13:35:56 ERROR Skipping pass UnIfDefPass
13:35:56 INFO ===< ClexPass::define >===
13:35:56 INFO ===< IncludeIncludesPass >===
13:35:56 INFO ===< TernaryPass::b >===
13:35:56 INFO ===< TernaryPass::c >===
13:36:15 INFO ===< BalancedPass::curly >===
13:36:33 INFO ===< BalancedPass::curly2 >===
13:36:33 INFO ===< BalancedPass::curly3 >===
13:36:45 INFO ===< BalancedPass::parens >===
13:36:46 INFO ===< BalancedPass::angles >===
13:36:54 INFO ===< BalancedPass::square >===
13:37:19 INFO ===< BalancedPass::curly-inside >===
13:37:29 INFO ===< BalancedPass::parens-inside >===
13:37:30 INFO ===< BalancedPass::angles-inside >===
13:37:37 INFO ===< BalancedPass::square-inside >===
13:37:45 INFO ===< BalancedPass::curly-only >===
13:37:46 INFO ===< BalancedPass::angles-only >===
13:37:54 INFO ===< BalancedPass::square-only >===
13:37:54 INFO ===< ClangPass::remove-namespace >===
13:37:54 INFO ===< ClangPass::aggregate-to-scalar >===
13:37:54 INFO ===< ClangPass::param-to-global >===
13:37:55 INFO ===< ClangPass::param-to-local >===
13:37:55 INFO ===< ClangPass::remove-nested-function >===
13:37:55 INFO ===< ClangPass::union-to-struct >===
13:37:56 INFO ===< ClangPass::return-void >===
13:37:56 INFO ===< ClangPass::simple-inliner >===
13:38:01 INFO ===< ClangPass::reduce-pointer-level >===
13:38:01 INFO ===< ClangPass::lift-assignment-expr >===
13:38:01 INFO ===< ClangPass::copy-propagation >===
13:38:02 INFO ===< ClangHintsPass::callexpr-to-value >===
13:38:02 INFO ===< ClangPass::replace-callexpr >===
13:38:03 INFO ===< ClangPass::simplify-callexpr >===
13:38:03 INFO ===< ClangHintsPass::remove-unused-function >===
13:38:03 INFO using C++ standard: c++2b with 0 transformation opportunities
13:38:03 INFO ===< ClangBinarySearchPass::remove-unused-enum-member >===
13:38:03 INFO ===< ClangPass::remove-enum-member-value >===
13:38:03 INFO using C++ standard: c++2b with 14 transformation opportunities
13:38:07 INFO ===< ClangBinarySearchPass::remove-unused-var >===
13:38:07 INFO ===< ClangPass::simplify-if >===
13:38:07 INFO ===< ClangPass::reduce-array-dim >===
13:38:07 INFO ===< ClangPass::reduce-array-size >===
13:38:08 INFO ===< ClangPass::move-definition-to-declaration >===
13:38:08 INFO ===< ClangPass::simplify-comma-expr >===
13:38:08 INFO ===< ClangPass::simplify-dependent-typedef >===
13:38:08 INFO ===< ClangPass::replace-simple-typedef >===
13:38:08 INFO ===< ClangHintsPass::replace-dependent-typedef >===
13:38:08 INFO ===< ClangPass::replace-one-level-typedef-type >===
13:38:19 INFO (96.8%, 4961 bytes, 182 lines)
13:38:30 INFO (96.8%, 4935 bytes, 180 lines)
13:38:47 INFO ===< ClangPass::remove-unused-field >===
13:38:47 INFO ===< ClangPass::instantiate-template-type-param-to-int >===
13:38:47 INFO ===< ClangPass::instantiate-template-param >===
13:38:47 INFO ===< ClangPass::template-arg-to-int >===
13:38:47 INFO ===< ClangPass::template-non-type-arg-to-int >===
13:38:47 INFO ===< ClangPass::reduce-class-template-param >===
13:38:47 INFO ===< ClangPass::remove-trivial-base-template >===
13:38:47 INFO ===< ClangPass::class-template-to-class >===
13:38:47 INFO ===< ClangPass::merge-base-class >===
13:38:47 INFO ===< ClangPass::remove-base-class >===
13:38:47 INFO ===< ClangPass::replace-derived-class >===
13:38:47 INFO ===< ClangPass::remove-unresolved-base >===
13:38:47 INFO ===< ClangPass::remove-ctor-initializer >===
13:38:47 INFO ===< ClangPass::replace-class-with-base-template-spec >===
13:38:47 INFO ===< ClangPass::simplify-nested-class >===
13:38:47 INFO ===< ClangPass::remove-unused-outer-class >===
13:38:48 INFO ===< ClangPass::empty-struct-to-int >===
13:38:48 INFO ===< ClangPass::remove-pointer >===
13:38:48 INFO ===< ClangPass::reduce-pointer-pairs >===
13:38:48 INFO ===< ClangPass::remove-array >===
13:38:48 INFO ===< ClangPass::remove-addr-taken >===
13:38:48 INFO ===< ClangPass::simplify-struct >===
13:38:48 INFO ===< ClangPass::replace-undefined-function >===
13:38:48 INFO ===< ClangPass::replace-array-index-var >===
13:38:48 INFO ===< ClangPass::replace-array-access-with-index >===
13:38:48 INFO ===< ClangPass::replace-dependent-name >===
13:38:48 INFO ===< ClangPass::simplify-recursive-template-instantiation >===
13:38:48 INFO ===< ClangPass::vector-to-array >===
13:38:48 INFO ===< ClangPass::remove-try-catch >===
13:38:48 INFO ===< ClangPass::class-to-struct >===
13:38:59 INFO ===< ClangPass::member-to-global >===
13:39:05 INFO ===< LinesPass::0 >===
13:40:16 INFO ===< LinesPass::1 >===
13:40:20 INFO ===< LinesPass::2 >===
13:40:20 INFO ===< LinesPass::3 >===
13:40:20 INFO ===< LinesPass::4 >===
13:40:20 INFO ===< LinesPass::6 >===
13:40:20 INFO ===< LinesPass::8 >===
13:40:20 INFO ===< LinesPass::10 >===
13:40:20 INFO ===< CommentsPass >===
13:40:20 INFO ===< SpecialPass::b >===
13:40:20 INFO ===< SpecialPass::c >===
13:40:20 INFO ===< IndentPass::regular >===
13:40:28 INFO ===< BalancedPass::parens-to-zero >===
14:29:04 INFO ===< ClexHintsPass::rm-toks-1-to-16 >===
14:54:10 INFO ===< ClexPass::rm-tok-pattern-4 >===
14:54:10 INFO ===< ClangPass::local-to-global >===
14:54:16 INFO ===< PeepPass::c >===
14:54:30 INFO (96.8%, 4934 bytes, 180 lines)
14:54:43 INFO (96.8%, 4933 bytes, 180 lines)
14:54:56 INFO (96.8%, 4932 bytes, 180 lines)
14:55:08 INFO (96.8%, 4931 bytes, 180 lines)
14:55:19 INFO (96.8%, 4930 bytes, 180 lines)
14:55:27 INFO (96.8%, 4929 bytes, 180 lines)
14:55:30 INFO ===< IntsPass::a >===
14:55:30 INFO ===< IntsPass::b >===
14:55:30 INFO ===< IntsPass::c >===
14:55:30 INFO ===< IntsPass::d >===
14:55:30 INFO cache hit for HIPProg.hip
14:55:30 INFO ===< IntsPass::c >===
14:55:38 INFO ===< BalancedPass::parens-only >===
14:55:39 INFO ===< ClexPass::delete-string >===
14:55:40 INFO Termination check: size was 4986; now 4929
14:55:40 ERROR Skipping pass UnIfDefPass
14:55:40 INFO ===< ClexPass::define >===
14:55:40 INFO ===< IncludeIncludesPass >===
14:55:40 INFO ===< TernaryPass::b >===
14:55:40 INFO ===< TernaryPass::c >===
14:55:58 INFO ===< BalancedPass::curly >===
14:56:17 INFO ===< BalancedPass::curly2 >===
14:56:17 INFO ===< BalancedPass::curly3 >===
14:56:30 INFO ===< BalancedPass::parens >===
14:56:31 INFO ===< BalancedPass::angles >===
14:56:39 INFO ===< BalancedPass::square >===
14:57:05 INFO ===< BalancedPass::curly-inside >===
14:57:15 INFO ===< BalancedPass::parens-inside >===
14:57:16 INFO ===< BalancedPass::angles-inside >===
14:57:25 INFO ===< BalancedPass::square-inside >===
14:57:32 INFO ===< BalancedPass::curly-only >===
14:57:33 INFO ===< BalancedPass::angles-only >===
14:57:41 INFO ===< BalancedPass::square-only >===
14:57:41 INFO ===< ClangPass::remove-namespace >===
14:57:41 INFO ===< ClangPass::aggregate-to-scalar >===
14:57:41 INFO ===< ClangPass::param-to-global >===
14:57:42 INFO ===< ClangPass::param-to-local >===
14:57:42 INFO ===< ClangPass::remove-nested-function >===
14:57:42 INFO ===< ClangPass::union-to-struct >===
14:57:43 INFO ===< ClangPass::return-void >===
14:57:43 INFO ===< ClangPass::simple-inliner >===
14:57:48 INFO ===< ClangPass::reduce-pointer-level >===
14:57:48 INFO ===< ClangPass::lift-assignment-expr >===
14:57:48 INFO ===< ClangPass::copy-propagation >===
14:57:49 INFO ===< ClangHintsPass::callexpr-to-value >===
14:57:49 INFO ===< ClangPass::replace-callexpr >===
14:57:50 INFO ===< ClangPass::simplify-callexpr >===
14:57:50 INFO ===< ClangHintsPass::remove-unused-function >===
14:57:50 INFO using C++ standard: c++2b with 0 transformation opportunities
14:57:50 INFO ===< ClangBinarySearchPass::remove-unused-enum-member >===
14:57:50 INFO ===< ClangPass::remove-enum-member-value >===
14:57:50 INFO using C++ standard: c++2b with 14 transformation opportunities
14:57:54 INFO ===< ClangBinarySearchPass::remove-unused-var >===
14:57:54 INFO ===< ClangPass::simplify-if >===
14:57:54 INFO ===< ClangPass::reduce-array-dim >===
14:57:54 INFO ===< ClangPass::reduce-array-size >===
14:57:54 INFO ===< ClangPass::move-definition-to-declaration >===
14:57:54 INFO ===< ClangPass::simplify-comma-expr >===
14:57:55 INFO ===< ClangPass::simplify-dependent-typedef >===
14:57:55 INFO ===< ClangPass::replace-simple-typedef >===
14:57:55 INFO ===< ClangHintsPass::replace-dependent-typedef >===
14:57:55 INFO ===< ClangPass::replace-one-level-typedef-type >===
14:58:14 INFO ===< ClangPass::remove-unused-field >===
14:58:15 INFO ===< ClangPass::instantiate-template-type-param-to-int >===
14:58:15 INFO ===< ClangPass::instantiate-template-param >===
14:58:15 INFO ===< ClangPass::template-arg-to-int >===
14:58:15 INFO ===< ClangPass::template-non-type-arg-to-int >===
14:58:15 INFO ===< ClangPass::reduce-class-template-param >===
14:58:15 INFO ===< ClangPass::remove-trivial-base-template >===
14:58:15 INFO ===< ClangPass::class-template-to-class >===
14:58:15 INFO ===< ClangPass::merge-base-class >===
14:58:15 INFO ===< ClangPass::remove-base-class >===
14:58:15 INFO ===< ClangPass::replace-derived-class >===
14:58:15 INFO ===< ClangPass::remove-unresolved-base >===
14:58:15 INFO ===< ClangPass::remove-ctor-initializer >===
14:58:15 INFO ===< ClangPass::replace-class-with-base-template-spec >===
14:58:15 INFO ===< ClangPass::simplify-nested-class >===
14:58:15 INFO ===< ClangPass::remove-unused-outer-class >===
14:58:15 INFO ===< ClangPass::empty-struct-to-int >===
14:58:15 INFO ===< ClangPass::remove-pointer >===
14:58:15 INFO ===< ClangPass::reduce-pointer-pairs >===
14:58:15 INFO ===< ClangPass::remove-array >===
14:58:15 INFO ===< ClangPass::remove-addr-taken >===
14:58:15 INFO ===< ClangPass::simplify-struct >===
14:58:15 INFO ===< ClangPass::replace-undefined-function >===
14:58:16 INFO ===< ClangPass::replace-array-index-var >===
14:58:16 INFO ===< ClangPass::replace-array-access-with-index >===
14:58:16 INFO ===< ClangPass::replace-dependent-name >===
14:58:16 INFO ===< ClangPass::simplify-recursive-template-instantiation >===
14:58:16 INFO ===< ClangPass::vector-to-array >===
14:58:16 INFO ===< ClangPass::remove-try-catch >===
14:58:16 INFO ===< ClangPass::class-to-struct >===
14:58:27 INFO ===< ClangPass::member-to-global >===
14:58:33 INFO ===< LinesPass::0 >===
14:59:45 INFO ===< LinesPass::1 >===
14:59:48 INFO ===< LinesPass::2 >===
14:59:48 INFO ===< LinesPass::3 >===
14:59:48 INFO ===< LinesPass::4 >===
14:59:48 INFO ===< LinesPass::6 >===
14:59:48 INFO ===< LinesPass::8 >===
14:59:48 INFO ===< LinesPass::10 >===
14:59:48 INFO ===< CommentsPass >===
14:59:48 INFO ===< SpecialPass::b >===
14:59:48 INFO ===< SpecialPass::c >===
14:59:48 INFO ===< IndentPass::regular >===
14:59:57 INFO ===< BalancedPass::parens-to-zero >===
15:42:07 INFO ===< ClexHintsPass::rm-toks-1-to-16 >===
16:13:05 INFO ===< ClexPass::rm-tok-pattern-4 >===
16:13:07 INFO ===< ClangPass::local-to-global >===
16:13:24 INFO ===< PeepPass::c >===
16:13:30 INFO ===< IntsPass::a >===
16:13:30 INFO cache hit for HIPProg.hip
16:13:30 INFO ===< IntsPass::b >===
16:13:30 INFO cache hit for HIPProg.hip
16:13:30 INFO ===< IntsPass::c >===
16:13:30 INFO cache hit for HIPProg.hip
16:13:30 INFO ===< IntsPass::d >===
16:13:30 INFO cache hit for HIPProg.hip
16:13:30 INFO ===< IntsPass::c >===
16:13:30 INFO cache hit for HIPProg.hip
16:13:30 INFO ===< BalancedPass::parens-only >===
16:13:30 INFO cache hit for HIPProg.hip
16:13:30 INFO ===< ClexPass::delete-string >===
16:13:30 INFO cache hit for HIPProg.hip
16:13:30 INFO Termination check: size was 4929; now 4929
16:13:30 INFO CLEANUP PASSES
16:13:30 INFO ===< ClexPass::define >===
16:13:33 INFO ===< ClangPass::combine-global-var >===
16:13:34 INFO ===< ClangPass::combine-local-var >===
16:13:34 INFO ===< ClangPass::simplify-struct-union-decl >===
16:13:35 INFO ===< ClangPass::move-global-var >===
16:13:35 INFO ===< ClangPass::unify-function-decl >===
16:13:35 INFO cache hit for HIPProg.hip
16:13:35 INFO ===< LinesPass::0 >===
16:13:35 INFO cache hit for HIPProg.hip
16:13:35 INFO ===< ClexPass::delete-string >===
16:13:57 INFO (96.8%, 4874 bytes, 180 lines)
16:14:19 INFO (96.9%, 4819 bytes, 180 lines)
16:14:22 INFO ===< BlankPass >===
16:14:24 INFO ===< BlankPass >===
16:14:24 INFO ===================== done ====================
===< PASS statistics >===
  pass name                                                     bytes reduced time (s) time (%)   worked   failed  total executed
  LinesPass::3                                                          67962     3.56     0.01        1        0               1
  LinesPass::2                                                          31250   304.46     0.52       15      742             757
  BalancedPass::curly                                                   15236   471.01     0.81        4     1381            1385
  CommentsPass                                                           9265    50.78     0.09        7      861             868
  LinesPass::1                                                           6111  3338.77     5.71       56     5629            5685
  BalancedPass::curly3                                                   5882   251.06     0.43       11       81              92
  BalancedPass::curly-inside                                             3421  1161.01     1.99       17      663             680
  ClangHintsPass::callexpr-to-value                                      2188   165.22     0.28       36      344             380
  BalancedPass::parens-to-zero                                           2155   964.17     1.65       34     2868            2902
  LinesPass::None                                                        1667  2776.02     4.75       30     6229            6259
  ClexHintsPass::rm-toks-1-to-4                                           827  6899.84    11.80      158    21821           21979
  ClangPass::remove-unused-field                                          677   287.48     0.49       22      280             302
  LinesPass::0                                                            548   484.57     0.83        6     1398            1404
  TreeSitterPass::replace-function-def-with-decl                          411   155.78     0.27        4      490             494
  BlankPass                                                               276   180.67     0.31       14      302             316
  BalancedPass::curly2                                                    217   554.57     0.95       10     1334            1344
  BalancedPass::parens-inside                                             199   365.20     0.62        3     1694            1697
  TreeSitterPass::remove-function                                         177   139.37     0.24        4      560             564
  ClexHintsPass::rm-toks-5-to-8                                           172  6068.23    10.38       16    21552           21568
  BalancedPass::parens                                                    171   803.49     1.37        3     2695            2698
  ClexHintsPass::rm-toks-13-to-16                                         148  5914.90    10.12        9    21718           21727
  ClexHintsPass::rm-toks-9-to-12                                          144  5876.32    10.05       11    21643           21654
  BalancedPass::parens-only                                               114   807.58     1.38       64     2303            2367
  IntsPass::a                                                              90   813.58     1.39       90      489             579
  BalancedPass::square                                                     76   454.17     0.78       19     1163            1182
  IntsPass::c                                                              45   299.12     0.51       33      165             198
  IntsPass::b                                                              16    65.02     0.11        8       97             105
  ClexPass::rm-tok-pattern-4                                               16  4945.73     8.46        2    26964           26966
  IntsPass::d                                                               8    49.98     0.09        7       33              40
  BalancedPass::curly-only                                                  2   406.54     0.70        5     1252            1257
  RmUnusedFilesPass                                                         0     0.01     0.00        0        0               0
  InlineIncludesPass                                                        0     0.01     0.00        0        0               0
  SpecialPass::b                                                            0     0.01     0.00        0        0               0
  SpecialPass::c                                                            0     0.01     0.00        0        0               0
  IncludeIncludesPass                                                       0     0.02     0.00        0       12              12
  TernaryPass::c                                                            0     0.03     0.00        0        0               0
  TernaryPass::b                                                            0     0.03     0.00        0        0               0
  LinesPass::10                                                             0     0.03     0.00        0        0               0
  IndentPass::final                                                         0     0.04     0.00        0        1               1
  LineMarkersPass                                                           0     0.05     0.00        0        0               0
  ClangPass::unify-function-decl                                            0     0.05     0.00        0        4               4
  IndentPass::regular                                                       0     0.06     0.00        0        3               3
  ClangPass::simplify-struct-union-decl                                     0     0.07     0.00        0        4               4
  ClangPass::move-global-var                                                0     0.07     0.00        0        4               4
  ClangPass::simplify-dependent-typedef                                     0     0.09     0.00        0       12              12
  TreeSitterPass::erase-namespace                                           0     0.09     0.00        0        0               0
  ClangPass::union-to-struct                                                0     0.09     0.00        0       12              12
  ClangPass::remove-base-class                                              0     0.09     0.00        0       12              12
  ClangPass::vector-to-array                                                0     0.09     0.00        0       12              12
  ClangPass::copy-propagation                                               0     0.09     0.00        0       12              12
  ClangPass::reduce-array-dim                                               0     0.10     0.00        0       12              12
  ClangPass::remove-ctor-initializer                                        0     0.10     0.00        0       12              12
  ClangPass::remove-addr-taken                                              0     0.10     0.00        0       12              12
  ClangPass::remove-try-catch                                               0     0.10     0.00        0       12              12
  ClangPass::remove-trivial-base-template                                   0     0.10     0.00        0       12              12
  ClangPass::remove-unresolved-base                                         0     0.10     0.00        0       12              12
  ClangPass::simplify-struct                                                0     0.10     0.00        0       12              12
  ClangPass::replace-array-access-with-index                                0     0.10     0.00        0       12              12
  ClangPass::replace-simple-typedef                                         0     0.10     0.00        0       12              12
  ClangPass::simplify-recursive-template-instantiation                      0     0.10     0.00        0       12              12
  ClangPass::reduce-class-template-param                                    0     0.10     0.00        0       12              12
  ClangPass::replace-derived-class                                          0     0.10     0.00        0       12              12
  ClangPass::remove-array                                                   0     0.10     0.00        0       12              12
  ClangPass::remove-unused-outer-class                                      0     0.10     0.00        0       12              12
  ClangPass::class-to-struct                                                0     0.10     0.00        0       12              12
  ClangPass::simplify-comma-expr                                            0     0.10     0.00        0       12              12
  ClangPass::empty-struct-to-int                                            0     0.10     0.00        0       12              12
  ClangPass::reduce-pointer-pairs                                           0     0.10     0.00        0       12              12
  ClangPass::replace-undefined-function                                     0     0.10     0.00        0       12              12
  ClangPass::replace-array-index-var                                        0     0.10     0.00        0       12              12
  ClangPass::replace-class-with-base-template-spec                          0     0.10     0.00        0       12              12
  ClangPass::replace-one-level-typedef-type                                 0     0.10     0.00        0       12              12
  ClangPass::simplify-if                                                    0     0.10     0.00        0       12              12
  ClangPass::merge-base-class                                               0     0.10     0.00        0       12              12
  ClangPass::lift-assignment-expr                                           0     0.10     0.00        0       12              12
  ClangPass::replace-dependent-name                                         0     0.10     0.00        0       12              12
  ClangPass::simple-inliner                                                 0     0.10     0.00        0       12              12
  ClangPass::class-template-to-class                                        0     0.10     0.00        0       12              12
  ClangPass::simplify-nested-class                                          0     0.11     0.00        0       12              12
  ClangPass::move-definition-to-declaration                                 0     0.11     0.00        0       12              12
  ClangPass::reduce-array-size                                              0     0.11     0.00        0       12              12
  ClangPass::template-arg-to-int                                            0     0.11     0.00        0       12              12
  ClangPass::instantiate-template-type-param-to-int                         0     0.11     0.00        0       12              12
  ClangPass::aggregate-to-scalar                                            0     0.12     0.00        0       12              12
  ClangPass::instantiate-template-param                                     0     0.12     0.00        0       12              12
  ClangPass::remove-namespace                                               0     0.12     0.00        0       12              12
  ClangPass::template-non-type-arg-to-int                                   0     0.13     0.00        0       12              12
  ClangPass::remove-pointer                                                 0     0.13     0.00        0       12              12
  ClangPass::replace-callexpr                                               0     0.14     0.00        0       16              16
  ClangPass::remove-enum-member-value                                       0     0.15     0.00        0       16              16
  ClangHintsPass::replace-dependent-typedef                                 0     0.17     0.00        0        0               0
  ClangPass::remove-nested-function                                         0     0.20     0.00        0       12              12
  ClangPass::param-to-global                                                0     0.21     0.00        0       12              12
  ClangModuleMapPass                                                        0     0.21     0.00        0        0               0
  ClangHintsPass::remove-unused-function (30 T)                             0     0.23     0.00        0        1               1
  MakefilePass                                                              0     0.26     0.00        0        0               0
  ClangHintsPass::replace-function-def-with-decl (30 T)                     0     0.31     0.00        0        3               3
  ClexPass::define                                                          0     0.39     0.00        0        8               8
  ClangPass::combine-local-var                                              0     0.56     0.00        0        7               7
  SpecialPass::a                                                            0     0.65     0.00        0        2               2
  ClangPass::return-void                                                    0     0.74     0.00        0       12              12
  ClangBinarySearchPass::remove-unused-enum-member                          0     0.79     0.00        0        0               0
  ClangPass::param-to-local                                                 0     0.82     0.00        0       12              12
  ClexPass::delete-string                                                   0     0.85     0.00        0        8               8
  ClangIncludeGraphPass                                                     0     1.75     0.00        0        0               0
  ClangPass::simplify-callexpr                                              0     1.81     0.00        0       52              52
  IncludesPass                                                              0     1.82     0.00        0        4               4
  ClangPass::combine-global-var                                             0     3.09     0.01        0        9               9
  ClangPass::local-to-global                                                0     3.22     0.01        0       40              40
  LinesPass::4                                                              0     3.93     0.01        1        0               1
  ClangHintsPass::remove-unused-function                                    0     4.22     0.01        0       36              36
  LinesPass::8                                                              0     4.44     0.01        1        0               1
  LinesPass::6                                                              0     4.67     0.01        1        0               1
  ClangHintsPass::replace-function-def-with-decl                            0     5.39     0.01        0      102             102
  ClangPass::reduce-pointer-level                                           0    19.18     0.03        0       86              86
  ClangBinarySearchPass::remove-unused-var                                  0    19.65     0.03        0      103             103
  PeepPass::c                                                               0    21.98     0.04        0    15003           15003
  ClangPass::member-to-global                                               0    35.14     0.06        0      150             150
  BalancedPass::angles-only                                                 0    47.35     0.08        0      197             197
  BalancedPass::angles-inside                                               0    52.79     0.09        0      208             208
  BalancedPass::angles                                                      0    59.73     0.10        0      208             208
  BalancedPass::square-inside                                               0   445.49     0.76        0     1350            1350
  BalancedPass::square-only                                                 0   464.64     0.79        8     1401            1409
  ClexHintsPass::rm-toks-1-to-16                                            0  9185.51    15.71        0    53560           53560
  Folding (merging transformations from other passes)                  148073  1756.81     3.00      446       45             491

Runtime: 58464 seconds
Reduced test-cases:

--- HIPProg.hip ---
#include <hip/hip_runtime.h>
#include "HIPSmith.h"
#include "safe_math_macros.h"
#define transparent_crc(X, Y, Z) transparent_crc_(&crc64_context, X, , )
struct S0 {
    uint8_t g_4;
    int32_t g_37;
    int16_t g_64;
    int32_t g_80;
    int32_t g_93;
    int16_t *g_191;
    uint8_t *g_209;
    uint64_t g_271;
    uint16_t *g_280[5];
    uint16_t **g_279;
    int32_t g_391;
    int32_t *g_601;
    int32_t **g_600[3][9][9];
    uint16_t ***g_694;
    uint16_t ****g_693;
    int32_t g_745;
    uint32_t g_761;
    uint16_t g_810;
    int32_t ***g_838;
    int32_t ****g_837;
    int16_t **g_851;
    int16_t ***g_850;
    int16_t ****g_849;
    uint8_t ***g_891[2][8][4];
    uint8_t ****g_890;
    uint16_t g_906;
    uint32_t g_936;
    uint32_t g_960;
    uint8_t g_981[6];
    uint64_t *g_995;
    uint16_t g_1156;
    int16_t *g_1197;
    int32_t *g_1204;
    int8_t g_1268;
    int8_t *g_1322;
    int16_t g_1349;
    int16_t g_1506;
    uint8_t g_1723;
    uint32_t g_1826;
    uint32_t **g_1825[9];
    uint32_t ***g_1837;
    uint16_t g_1869;
    uint32_t g_1891;
    int32_t g_1933;
    uint16_t *****g_2267;
    uint32_t g_2268;
    int16_t *g_2318;
    uint32_t g_2319;
};
__device__ int16_t  func_29(int64_t  , uint64_t  , uint32_t  , int16_t  , S0 * );
__device__ int32_t  func_38(int32_t * , S0 * );
__device__ int32_t * func_40(uint8_t  , int32_t * , uint8_t  , int32_t * , S0 * );
__device__ uint8_t  func_45(int32_t  , int32_t * , int32_t  , S0 * );
__device__ uint32_t  func_1(S0 * p_2364)
{ 
    int16_t l_5 = 1;
    uint16_t l_6 = 2;
    func_29(l_5, l_6, 0, l_6, p_2364) ;
    return p_2364->g_2268;
}
__device__ int16_t  func_29(int64_t  , uint64_t  , uint32_t  p_32, int16_t  , S0 * p_2364)
{
    int32_t *l_36 {};
    int32_t *l_724 = &p_2364->g_80;
    func_38(func_40(p_32, &p_2364->g_37, func_45(0, l_36, 0, p_2364), l_724, p_2364), p_2364) ;
    return 0;
}
__device__ int32_t  func_38(int32_t * , S0 * p_2364)
{ 
    uint32_t l_1159[5];
    int i;
    for (i = 0; i < 5; i++)
        l_1159[i] = 9;
    *p_2364->g_995 |= safe_mul_func_int8_t_s_s(safe_add_func_int32_t_s_s(l_1159[1], safe_div_func_int16_t_s_s(****p_2364->g_849, 4) >= 2), 74) ;
    return 0;
}
__device__ int32_t * func_40(uint8_t  , int32_t * p_42, uint8_t  , int32_t * , S0 * )
{
    return p_42;
}
__device__ uint8_t  func_45(int32_t  , int32_t * , int32_t  , S0 * )
{ 
    int16_t l_723= 4;
    return l_723;
}
__global__ void hipsmith_kernel(uint64_t *results) {
    S0 c_2365;
    S0* p_2364 = &c_2365;
    S0 c_2366 {
        2, 
        1, 
        5, 
        0, 
        6, 
        &p_2364->g_64, 
        &p_2364->g_4, 
        6, 
        {}, 
        &p_2364->g_280[3], 
        {}, 
        &p_2364->g_93, 
        {}, 
        &p_2364->g_279, 
        &p_2364->g_694, 
        0, 
        4073709551615, 
        8, 
        &p_2364->g_600[2][3][1], 
        &p_2364->g_838, 
        &p_2364->g_191, 
        &p_2364->g_851, 
        &p_2364->g_850, 
        {}, 
        &p_2364->g_891[0][0][1], 
        4, 
        2, 
        4, 
        8, 8, 1, 8, 8, 1, 
        &p_2364->g_271, 
        {}, 
        nullptr, 
        &p_2364->g_80, 
        0, 
        &p_2364->g_1268, 
        7, 
        7, 
        {}, 
        {}, 
        {}, 
        &p_2364->g_1825[0], 
        2, 
        4, 
        1, 
        &p_2364->g_693, 
        5, 
        nullptr, 
        4};
    c_2365 = c_2366;
    func_1(p_2364);
    uint64_t crc64_context = 0xFFFFFFFFFFFFFFFFUL;
    transparent_crc(p_2364->g_271, , );
    int tid = threadIdx.x + blockIdx.x * blockDim.x;
    results[tid] = (crc64_context ^ 0xFFFFFFFFFFFFFFFFUL);
}
// ------------------------------------------------------------------
// Host Main
// ------------------------------------------------------------------
int main(int argc, const char* argv[]) {
    // Config
    const unsigned int num_threads = 4;
    const unsigned int block_size = 4;
    // Host Alloc
    std::vector<uint64_t> h_results(num_threads);
    const size_t results_bytes = sizeof(uint64_t) * h_results.size();
    // Device Alloc
    uint64_t *d_results;
    HIP_CHECK(hipMalloc((void**)&d_results, results_bytes));
    HIP_CHECK(hipMemset(d_results, 0, results_bytes));
    // Dimensions
    const dim3 block_dim(block_size);
    const dim3 grid_dim((num_threads + block_size - 1) / block_size);
    // Launch
    hipLaunchKernelGGL(hipsmith_kernel, grid_dim, block_dim, 0, 0, d_results);
    HIP_CHECK(hipGetLastError());
    HIP_CHECK(hipDeviceSynchronize());
    // Copy Back
    HIP_CHECK(hipMemcpy(h_results.data(), d_results, results_bytes, hipMemcpyDeviceToHost));
    // Free
    HIP_CHECK(hipFree(d_results));
    // Output
    for (size_t i = 0; i < h_results.size(); ++i) {
        printf("Thread %zu CRC: %lu\n", i, h_results[i]);
    }
    return 0;
}

