00:00:01 ERROR Prereqs not found for pass UnIfDefPass
00:00:01 ERROR Prereqs not found for pass IfPass
00:00:01 ERROR Prereqs not found for pass UnIfDefPass
00:00:21 INFO ===< 2657895 >===
00:00:21 INFO running 4 interestingness tests in parallel
00:00:21 INFO (0.0%, 204257 bytes, 1707 lines)
00:00:21 INFO INITIAL PASSES (interleaving)
00:00:21 INFO ===<  >===
00:11:21 INFO (36.3%, 130031 bytes, 1402 lines, via LinesPass::2 + BalancedPass::curly3 + CommentsPass + LinesPass::8 + LinesPass::4 + ClangHintsPass::callexpr-to-value + LinesPass::0 + LinesPass::3 + BlankPass)
00:23:30 INFO (67.5%, 66438 bytes, 1094 lines, via BalancedPass::curly-inside + LinesPass::3 + BalancedPass::curly3 + LinesPass::6 + BalancedPass::curly-only + ClangHintsPass::callexpr-to-value + CommentsPass + BlankPass + ClexHintsPass::rm-toks-1-to-4)
00:34:00 INFO (77.6%, 45700 bytes, 908 lines, via BalancedPass::curly + LinesPass::None + LinesPass::2 + LinesPass::4 + BalancedPass::curly3 + ClangHintsPass::callexpr-to-value + LinesPass::3 + LinesPass::6 + BlankPass)
00:43:58 INFO (83.5%, 33611 bytes, 787 lines, via BalancedPass::curly-inside + LinesPass::1 + LinesPass::2 + ClangHintsPass::callexpr-to-value + LinesPass::4 + BalancedPass::curly3 + LinesPass::0 + BlankPass)
00:51:10 INFO (86.4%, 27709 bytes, 684 lines, via LinesPass::None + BalancedPass::curly-inside + LinesPass::1 + BalancedPass::parens-to-zero + LinesPass::3 + LinesPass::2 + BalancedPass::curly-only + ClexHintsPass::rm-toks-1-to-4)
00:58:59 INFO (89.5%, 21459 bytes, 620 lines, via BalancedPass::parens-to-zero + BalancedPass::curly-inside + LinesPass::2 + LinesPass::1 + BalancedPass::curly2 + BlankPass + BalancedPass::curly3 + LinesPass::3)
01:04:47 INFO (91.5%, 17281 bytes, 522 lines, via BalancedPass::curly-inside + LinesPass::1 + BalancedPass::parens-to-zero + BalancedPass::square)
01:11:01 INFO (91.8%, 16783 bytes, 510 lines, via BalancedPass::curly-inside + BalancedPass::parens + BalancedPass::parens-to-zero + BalancedPass::curly3 + LinesPass::2 + ClexHintsPass::rm-toks-1-to-4 + BalancedPass::square)
01:19:16 INFO (92.6%, 15063 bytes, 464 lines, via LinesPass::0 + BalancedPass::parens-to-zero + ClangHintsPass::remove-unused-function + BalancedPass::square + ClexHintsPass::rm-toks-5-to-8 + BalancedPass::parens-only + ClexHintsPass::rm-toks-1-to-4 + BalancedPass::curly-only + BalancedPass::curly2 + BalancedPass::curly)
01:25:01 INFO (94.5%, 11277 bytes, 357 lines, via TreeSitterPass::remove-function + ClangHintsPass::replace-function-def-with-decl + BalancedPass::parens-to-zero + LinesPass::1 + BalancedPass::parens-inside + ClexHintsPass::rm-toks-5-to-8 + BlankPass + ClexHintsPass::rm-toks-1-to-4 + BalancedPass::curly-only)
01:30:44 INFO (95.6%, 8921 bytes, 323 lines, via LinesPass::1 + LinesPass::2 + BalancedPass::parens-to-zero + LinesPass::None + BalancedPass::parens + BalancedPass::parens-only + ClexHintsPass::rm-toks-1-to-4 + BalancedPass::square)
01:37:29 INFO (95.8%, 8519 bytes, 308 lines, via LinesPass::1 + LinesPass::0 + BalancedPass::parens-to-zero + BalancedPass::parens-only + ClexHintsPass::rm-toks-1-to-4 + BalancedPass::square + BalancedPass::parens + BlankPass)
01:41:22 INFO (96.5%, 7210 bytes, 284 lines, via LinesPass::None + ClexHintsPass::rm-toks-1-to-4 + BalancedPass::parens-to-zero + BalancedPass::parens-only)
01:48:10 INFO (96.8%, 6517 bytes, 257 lines, via LinesPass::1 + LinesPass::None + ClexHintsPass::rm-toks-9-to-12 + ClexHintsPass::rm-toks-1-to-4 + LinesPass::0)
01:52:16 INFO (96.8%, 6486 bytes, 257 lines, via ClexHintsPass::rm-toks-1-to-4 + BalancedPass::square)
01:55:38 INFO (96.9%, 6417 bytes, 255 lines, via LinesPass::None + ClexHintsPass::rm-toks-1-to-4)
01:59:53 INFO (97.0%, 6178 bytes, 251 lines, via LinesPass::None + ClexHintsPass::rm-toks-1-to-4)
02:04:16 INFO (97.0%, 6102 bytes, 251 lines, via ClexHintsPass::rm-toks-1-to-4)
02:07:32 INFO (97.0%, 6067 bytes, 250 lines, via LinesPass::1 + ClexHintsPass::rm-toks-5-to-8 + ClexHintsPass::rm-toks-1-to-4)
02:11:15 INFO (97.1%, 5979 bytes, 249 lines, via LinesPass::1 + ClexHintsPass::rm-toks-1-to-4)
02:14:45 INFO (97.1%, 5954 bytes, 249 lines, via ClexHintsPass::rm-toks-1-to-4)
02:17:38 INFO (97.1%, 5902 bytes, 246 lines, via ClexHintsPass::rm-toks-9-to-12 + ClexHintsPass::rm-toks-1-to-4)
02:20:40 INFO (97.1%, 5892 bytes, 246 lines, via BalancedPass::square)
02:23:29 INFO (97.1%, 5873 bytes, 244 lines, via BalancedPass::curly-inside)
02:25:52 INFO (97.2%, 5803 bytes, 241 lines, via ClexHintsPass::rm-toks-1-to-4 + LinesPass::1)
02:31:27 INFO (97.2%, 5791 bytes, 241 lines, via ClexHintsPass::rm-toks-5-to-8)
02:34:55 INFO (97.2%, 5746 bytes, 240 lines, via ClexHintsPass::rm-toks-1-to-4)
02:38:16 INFO (97.2%, 5723 bytes, 236 lines, via BalancedPass::curly-inside)
02:40:58 INFO (97.2%, 5721 bytes, 236 lines, via ClexHintsPass::rm-toks-1-to-4)
02:43:47 INFO (97.2%, 5719 bytes, 236 lines, via ClexHintsPass::rm-toks-1-to-4)
02:47:00 INFO (97.2%, 5715 bytes, 236 lines, via ClexHintsPass::rm-toks-1-to-4)
02:52:40 INFO (97.2%, 5706 bytes, 236 lines, via ClexHintsPass::rm-toks-1-to-4)
02:55:06 INFO (97.2%, 5696 bytes, 236 lines, via ClexHintsPass::rm-toks-1-to-4)
02:57:29 INFO (97.2%, 5676 bytes, 236 lines, via ClexHintsPass::rm-toks-1-to-4)
02:59:46 INFO (97.2%, 5658 bytes, 235 lines, via ClexHintsPass::rm-toks-1-to-4 + BalancedPass::square-only)
03:07:57 INFO (97.2%, 5634 bytes, 234 lines, via LinesPass::1)
03:56:13 INFO INITIAL PASSES
03:56:13 ERROR Skipping pass UnIfDefPass
03:56:13 ERROR Skipping pass IfPass
03:56:13 INFO ===< BalancedPass::angles, BalancedPass::angles-inside, BalancedPass::angles-only, BalancedPass::curly, BalancedPass::curly-inside, BalancedPass::curly-only, BalancedPass::curly2, BalancedPass::curly3, BalancedPass::parens, BalancedPass::parens-inside, BalancedPass::parens-only, BalancedPass::parens-to-zero, BalancedPass::square, BalancedPass::square-inside, BalancedPass::square-only, BlankPass, ClangHintsPass::callexpr-to-value, ClangHintsPass::remove-unused-function, ClangHintsPass::replace-dependent-typedef, ClangHintsPass::replace-function-def-with-decl, ClangIncludeGraphPass, ClangModuleMapPass, ClexHintsPass::rm-toks-1-to-4, ClexHintsPass::rm-toks-13-to-16, ClexHintsPass::rm-toks-5-to-8, ClexHintsPass::rm-toks-9-to-12, CommentsPass, InlineIncludesPass, LineMarkersPass, LinesPass::0, LinesPass::1, LinesPass::10, LinesPass::2, LinesPass::3, LinesPass::4, LinesPass::6, LinesPass::8, LinesPass::None, MakefilePass, RmUnusedFilesPass, TreeSitterPass::erase-namespace, TreeSitterPass::remove-function, TreeSitterPass::replace-function-def-with-decl >===
03:56:14 INFO ===< IncludesPass >===
03:56:15 INFO ===< CommentsPass >===
03:56:15 INFO ===< LineMarkersPass >===
03:56:17 INFO ===< BlankPass >===
03:56:17 INFO ===< ClangHintsPass::replace-function-def-with-decl (30 T) >===
03:56:18 INFO ===< ClangHintsPass::remove-unused-function (30 T) >===
03:56:18 INFO cache hit for HIPProg.hip
03:56:18 INFO ===< ClangHintsPass::replace-function-def-with-decl (30 T) >===
03:56:18 INFO cache hit for HIPProg.hip
03:56:18 INFO ===< ClangHintsPass::remove-unused-function (30 T) >===
03:56:18 INFO ===< ClangHintsPass::replace-function-def-with-decl >===
03:56:18 INFO ===< ClangHintsPass::remove-unused-function >===
03:56:29 INFO ===< LinesPass::0 >===
03:57:59 INFO ===< LinesPass::1 >===
03:58:12 INFO ===< LinesPass::2 >===
03:58:12 INFO ===< LinesPass::3 >===
03:58:12 INFO ===< LinesPass::4 >===
03:58:12 INFO ===< LinesPass::6 >===
03:58:12 INFO ===< LinesPass::8 >===
03:58:12 INFO ===< LinesPass::10 >===
03:58:12 INFO cache hit for HIPProg.hip
03:58:12 INFO ===< ClangHintsPass::replace-function-def-with-decl >===
03:58:12 INFO cache hit for HIPProg.hip
03:58:12 INFO ===< ClangHintsPass::remove-unused-function >===
03:58:12 INFO cache hit for HIPProg.hip
03:58:12 INFO ===< ClangHintsPass::remove-unused-function >===
03:58:38 INFO (97.2%, 5632 bytes, 234 lines)
03:58:54 INFO ===< BalancedPass::curly >===
03:59:23 INFO ===< BalancedPass::curly2 >===
03:59:23 INFO ===< BalancedPass::curly3 >===
03:59:55 INFO ===< BalancedPass::parens-to-zero >===
03:59:56 INFO ===< ClangHintsPass::callexpr-to-value >===
03:59:56 INFO ===< ClangPass::replace-callexpr >===
03:59:57 INFO ===< ClangPass::simplify-callexpr >===
03:59:57 INFO using C++ standard: c++2b with 0 transformation opportunities
03:59:58 INFO ===< ClangBinarySearchPass::remove-unused-enum-member >===
03:59:58 INFO ===< ClangPass::remove-enum-member-value >===
03:59:57 INFO using C++ standard: c++2b with 10 transformation opportunities
04:00:01 INFO ===< ClangBinarySearchPass::remove-unused-var >===
04:00:02 INFO ===< SpecialPass::a >===
04:00:02 INFO ===< SpecialPass::b >===
04:00:02 INFO INTERLEAVING PASSES
04:00:02 INFO ===< SpecialPass::c >===
04:04:25 INFO (97.2%, 5625 bytes, 234 lines, via ClexHintsPass::rm-toks-1-to-4)
04:07:54 INFO (97.3%, 5614 bytes, 234 lines, via BalancedPass::parens-only + ClexHintsPass::rm-toks-1-to-4)
04:11:06 INFO (97.3%, 5607 bytes, 234 lines, via ClexHintsPass::rm-toks-1-to-4)
04:14:13 INFO (97.3%, 5601 bytes, 234 lines, via ClexHintsPass::rm-toks-1-to-4)
04:18:04 INFO (97.3%, 5454 bytes, 229 lines, via LinesPass::0 + BalancedPass::square)
04:22:00 INFO (97.4%, 5375 bytes, 229 lines, via ClexHintsPass::rm-toks-1-to-4 + BalancedPass::square)
04:25:28 INFO (97.4%, 5373 bytes, 229 lines, via ClexHintsPass::rm-toks-1-to-4)
04:28:28 INFO (97.4%, 5367 bytes, 229 lines, via BalancedPass::parens-only)
04:47:12 INFO (97.4%, 5360 bytes, 229 lines, via ClexHintsPass::rm-toks-1-to-4)
04:50:24 INFO (97.4%, 5353 bytes, 229 lines, via ClexHintsPass::rm-toks-1-to-4)
04:53:22 INFO (97.4%, 5345 bytes, 229 lines, via ClexHintsPass::rm-toks-1-to-4)
04:56:22 INFO (97.4%, 5337 bytes, 229 lines, via ClexHintsPass::rm-toks-1-to-4)
04:59:01 INFO (97.4%, 5330 bytes, 229 lines, via ClexHintsPass::rm-toks-1-to-4)
05:02:04 INFO (97.4%, 5328 bytes, 229 lines, via BalancedPass::parens-only)
05:10:14 INFO (97.4%, 5304 bytes, 229 lines, via ClexHintsPass::rm-toks-5-to-8)
05:13:35 INFO (97.4%, 5279 bytes, 229 lines, via ClexHintsPass::rm-toks-5-to-8 + ClexHintsPass::rm-toks-1-to-4)
05:23:24 INFO (97.4%, 5277 bytes, 229 lines, via BalancedPass::parens-only)
05:32:43 INFO (97.4%, 5271 bytes, 229 lines, via ClexHintsPass::rm-toks-1-to-4)
05:36:16 INFO (97.4%, 5230 bytes, 229 lines, via ClexHintsPass::rm-toks-1-to-4)
06:32:44 INFO Termination check: size was 5632; now 5230
06:32:44 INFO ===< BalancedPass::angles, BalancedPass::angles-inside, BalancedPass::angles-only, BalancedPass::curly, BalancedPass::curly-inside, BalancedPass::curly-only, BalancedPass::curly2, BalancedPass::curly3, BalancedPass::parens, BalancedPass::parens-inside, BalancedPass::parens-only, BalancedPass::parens-to-zero, BalancedPass::square, BalancedPass::square-inside, BalancedPass::square-only, BlankPass, ClangHintsPass::callexpr-to-value, ClangHintsPass::remove-unused-function, ClangHintsPass::replace-dependent-typedef, ClangHintsPass::replace-function-def-with-decl, ClangIncludeGraphPass, ClangModuleMapPass, ClexHintsPass::rm-toks-1-to-4, ClexHintsPass::rm-toks-13-to-16, ClexHintsPass::rm-toks-5-to-8, ClexHintsPass::rm-toks-9-to-12, CommentsPass, InlineIncludesPass, LineMarkersPass, LinesPass::0, LinesPass::1, LinesPass::10, LinesPass::2, LinesPass::3, LinesPass::4, LinesPass::6, LinesPass::8, LinesPass::None, MakefilePass, RmUnusedFilesPass, TreeSitterPass::erase-namespace, TreeSitterPass::remove-function, TreeSitterPass::replace-function-def-with-decl >===
06:50:32 INFO (97.4%, 5226 bytes, 229 lines, via ClexHintsPass::rm-toks-1-to-4)
06:53:45 INFO (97.4%, 5219 bytes, 229 lines, via ClexHintsPass::rm-toks-1-to-4)
08:20:00 INFO Termination check: size was 5230; now 5219
08:20:00 INFO ===< BalancedPass::angles, BalancedPass::angles-inside, BalancedPass::angles-only, BalancedPass::curly, BalancedPass::curly-inside, BalancedPass::curly-only, BalancedPass::curly2, BalancedPass::curly3, BalancedPass::parens, BalancedPass::parens-inside, BalancedPass::parens-only, BalancedPass::parens-to-zero, BalancedPass::square, BalancedPass::square-inside, BalancedPass::square-only, BlankPass, ClangHintsPass::callexpr-to-value, ClangHintsPass::remove-unused-function, ClangHintsPass::replace-dependent-typedef, ClangHintsPass::replace-function-def-with-decl, ClangIncludeGraphPass, ClangModuleMapPass, ClexHintsPass::rm-toks-1-to-4, ClexHintsPass::rm-toks-13-to-16, ClexHintsPass::rm-toks-5-to-8, ClexHintsPass::rm-toks-9-to-12, CommentsPass, InlineIncludesPass, LineMarkersPass, LinesPass::0, LinesPass::1, LinesPass::10, LinesPass::2, LinesPass::3, LinesPass::4, LinesPass::6, LinesPass::8, LinesPass::None, MakefilePass, RmUnusedFilesPass, TreeSitterPass::erase-namespace, TreeSitterPass::remove-function, TreeSitterPass::replace-function-def-with-decl >===
09:55:48 INFO Termination check: size was 5219; now 5219
09:55:48 INFO MAIN PASSES
09:55:48 ERROR Skipping pass UnIfDefPass
09:55:48 INFO ===< BalancedPass::angles, BalancedPass::angles-inside, BalancedPass::angles-only, BalancedPass::curly, BalancedPass::curly-inside, BalancedPass::curly-only, BalancedPass::curly2, BalancedPass::curly3, BalancedPass::parens, BalancedPass::parens-inside, BalancedPass::parens-only, BalancedPass::parens-to-zero, BalancedPass::square, BalancedPass::square-inside, BalancedPass::square-only, BlankPass, ClangHintsPass::callexpr-to-value, ClangHintsPass::remove-unused-function, ClangHintsPass::replace-dependent-typedef, ClangHintsPass::replace-function-def-with-decl, ClangIncludeGraphPass, ClangModuleMapPass, ClexHintsPass::rm-toks-1-to-4, ClexHintsPass::rm-toks-13-to-16, ClexHintsPass::rm-toks-5-to-8, ClexHintsPass::rm-toks-9-to-12, CommentsPass, InlineIncludesPass, LineMarkersPass, LinesPass::0, LinesPass::1, LinesPass::10, LinesPass::2, LinesPass::3, LinesPass::4, LinesPass::6, LinesPass::8, LinesPass::None, MakefilePass, RmUnusedFilesPass, TreeSitterPass::erase-namespace, TreeSitterPass::remove-function, TreeSitterPass::replace-function-def-with-decl >===
09:55:48 INFO ===< IncludeIncludesPass >===
09:55:48 INFO ===< TernaryPass::b >===
09:55:48 INFO ===< TernaryPass::c >===
09:56:14 INFO ===< BalancedPass::curly >===
09:56:40 INFO ===< BalancedPass::curly2 >===
09:56:40 INFO ===< BalancedPass::curly3 >===
09:56:52 INFO ===< BalancedPass::parens >===
09:56:55 INFO ===< BalancedPass::angles >===
09:57:14 INFO ===< BalancedPass::square >===
09:57:30 INFO ===< BalancedPass::curly-inside >===
09:57:40 INFO ===< BalancedPass::parens-inside >===
09:57:42 INFO ===< BalancedPass::angles-inside >===
09:57:57 INFO ===< BalancedPass::square-inside >===
09:58:21 INFO ===< BalancedPass::curly-only >===
09:58:24 INFO ===< BalancedPass::angles-only >===
09:58:43 INFO ===< BalancedPass::square-only >===
09:58:43 INFO ===< ClangPass::remove-namespace >===
09:59:06 INFO (97.4%, 5235 bytes, 230 lines)
09:59:24 INFO (97.4%, 5251 bytes, 231 lines)
09:59:48 INFO (97.4%, 5265 bytes, 232 lines)
10:00:02 INFO (97.4%, 5279 bytes, 233 lines)
10:00:18 INFO (97.4%, 5296 bytes, 234 lines)
10:00:33 INFO (97.4%, 5312 bytes, 235 lines)
10:00:43 INFO (97.4%, 5327 bytes, 236 lines)
10:00:43 INFO ===< ClangPass::aggregate-to-scalar >===
10:00:43 INFO ===< ClangPass::param-to-global >===
10:00:44 INFO ===< ClangPass::param-to-local >===
10:00:45 INFO ===< ClangPass::remove-nested-function >===
10:00:59 INFO (97.4%, 5328 bytes, 236 lines)
10:01:09 INFO (97.4%, 5329 bytes, 236 lines)
10:01:09 INFO ===< ClangPass::union-to-struct >===
10:01:11 INFO ===< ClangPass::return-void >===
10:01:11 INFO ===< ClangPass::simple-inliner >===
10:01:29 INFO (97.4%, 5328 bytes, 236 lines)
10:01:47 INFO (97.4%, 5327 bytes, 236 lines)
10:02:04 INFO (97.4%, 5326 bytes, 236 lines)
10:02:15 INFO (97.4%, 5325 bytes, 236 lines)
10:02:18 INFO ===< ClangPass::reduce-pointer-level >===
10:02:18 INFO ===< ClangPass::lift-assignment-expr >===
10:02:18 INFO ===< ClangPass::copy-propagation >===
10:02:19 INFO ===< ClangHintsPass::callexpr-to-value >===
10:02:19 INFO ===< ClangPass::replace-callexpr >===
10:02:21 INFO ===< ClangPass::simplify-callexpr >===
10:02:21 INFO ===< ClangHintsPass::remove-unused-function >===
10:02:21 INFO using C++ standard: c++2b with 0 transformation opportunities
10:02:21 INFO ===< ClangBinarySearchPass::remove-unused-enum-member >===
10:02:21 INFO ===< ClangPass::remove-enum-member-value >===
10:02:21 INFO using C++ standard: c++2b with 8 transformation opportunities
10:02:23 INFO ===< ClangBinarySearchPass::remove-unused-var >===
10:02:24 INFO ===< ClangPass::simplify-if >===
10:02:24 INFO ===< ClangPass::reduce-array-dim >===
10:02:24 INFO ===< ClangPass::reduce-array-size >===
10:02:24 INFO ===< ClangPass::move-definition-to-declaration >===
10:02:24 INFO ===< ClangPass::simplify-comma-expr >===
10:02:24 INFO ===< ClangPass::simplify-dependent-typedef >===
10:02:24 INFO ===< ClangPass::replace-simple-typedef >===
10:02:24 INFO ===< ClangHintsPass::replace-dependent-typedef >===
10:02:24 INFO ===< ClangPass::replace-one-level-typedef-type >===
10:02:57 INFO (97.4%, 5297 bytes, 234 lines)
10:03:13 INFO ===< ClangPass::remove-unused-field >===
10:03:13 INFO ===< ClangPass::instantiate-template-type-param-to-int >===
10:03:13 INFO ===< ClangPass::instantiate-template-param >===
10:03:13 INFO ===< ClangPass::template-arg-to-int >===
10:03:13 INFO ===< ClangPass::template-non-type-arg-to-int >===
10:03:13 INFO ===< ClangPass::reduce-class-template-param >===
10:03:13 INFO ===< ClangPass::remove-trivial-base-template >===
10:03:13 INFO ===< ClangPass::class-template-to-class >===
10:03:13 INFO ===< ClangPass::merge-base-class >===
10:03:13 INFO ===< ClangPass::remove-base-class >===
10:03:13 INFO ===< ClangPass::replace-derived-class >===
10:03:13 INFO ===< ClangPass::remove-unresolved-base >===
10:03:13 INFO ===< ClangPass::remove-ctor-initializer >===
10:03:13 INFO ===< ClangPass::replace-class-with-base-template-spec >===
10:03:14 INFO ===< ClangPass::simplify-nested-class >===
10:03:14 INFO ===< ClangPass::remove-unused-outer-class >===
10:03:14 WARNING ClangPass::empty-struct-to-int has encountered a non fatal bug: pass error
10:03:25 INFO (97.4%, 5287 bytes, 233 lines)
10:03:36 INFO (97.4%, 5278 bytes, 232 lines)
10:03:37 INFO ===< ClangPass::empty-struct-to-int >===
10:03:37 INFO ===< ClangPass::remove-pointer >===
10:03:37 INFO ===< ClangPass::reduce-pointer-pairs >===
10:03:37 INFO ===< ClangPass::remove-array >===
10:03:38 INFO ===< ClangPass::remove-addr-taken >===
10:03:38 INFO ===< ClangPass::simplify-struct >===
10:03:38 INFO ===< ClangPass::replace-undefined-function >===
10:03:38 INFO ===< ClangPass::replace-array-index-var >===
10:03:38 INFO ===< ClangPass::replace-array-access-with-index >===
10:03:38 INFO ===< ClangPass::replace-dependent-name >===
10:03:38 INFO ===< ClangPass::simplify-recursive-template-instantiation >===
10:03:38 INFO ===< ClangPass::vector-to-array >===
10:03:38 INFO ===< ClangPass::remove-try-catch >===
10:03:38 INFO ===< ClangPass::class-to-struct >===
10:04:09 INFO ===< ClangPass::member-to-global >===
10:04:18 INFO ===< LinesPass::0 >===
10:05:51 INFO ===< LinesPass::1 >===
10:06:05 INFO ===< LinesPass::2 >===
10:06:05 INFO ===< LinesPass::3 >===
10:06:05 INFO ===< LinesPass::4 >===
10:06:05 INFO ===< LinesPass::6 >===
10:06:05 INFO ===< LinesPass::8 >===
10:06:05 INFO ===< LinesPass::10 >===
10:06:05 INFO ===< CommentsPass >===
10:06:05 INFO ===< SpecialPass::b >===
10:06:05 INFO ===< SpecialPass::c >===
10:06:05 INFO ===< IndentPass::regular >===
10:06:15 INFO ===< BalancedPass::parens-to-zero >===
10:13:47 INFO (97.4%, 5276 bytes, 232 lines)
10:19:06 INFO (97.4%, 5273 bytes, 232 lines)
10:19:52 INFO (97.4%, 5269 bytes, 232 lines)
11:41:11 INFO ===< ClexHintsPass::rm-toks-1-to-16 >===
12:34:11 INFO ===< ClexPass::rm-tok-pattern-4 >===
12:34:17 INFO ===< ClangPass::local-to-global >===
12:34:41 INFO ===< PeepPass::c >===
12:35:01 INFO (97.4%, 5268 bytes, 232 lines)
12:35:21 INFO (97.4%, 5267 bytes, 232 lines)
12:35:41 INFO (97.4%, 5266 bytes, 232 lines)
12:36:06 INFO (97.4%, 5265 bytes, 232 lines)
12:36:29 INFO (97.4%, 5264 bytes, 232 lines)
12:36:50 INFO (97.4%, 5263 bytes, 232 lines)
12:37:13 INFO (97.4%, 5262 bytes, 232 lines)
12:37:40 INFO (97.4%, 5261 bytes, 232 lines)
12:38:06 INFO (97.4%, 5260 bytes, 232 lines)
12:38:30 INFO (97.4%, 5259 bytes, 232 lines)
12:38:52 INFO (97.4%, 5258 bytes, 232 lines)
12:39:15 INFO (97.4%, 5257 bytes, 232 lines)
12:39:43 INFO (97.4%, 5256 bytes, 232 lines)
12:40:10 INFO (97.4%, 5255 bytes, 232 lines)
12:40:38 INFO (97.4%, 5254 bytes, 232 lines)
12:41:05 INFO (97.4%, 5253 bytes, 232 lines)
12:41:30 INFO (97.4%, 5252 bytes, 232 lines)
12:41:54 INFO (97.4%, 5251 bytes, 232 lines)
12:42:18 INFO (97.4%, 5250 bytes, 232 lines)
12:42:45 INFO (97.4%, 5249 bytes, 232 lines)
12:43:05 INFO (97.4%, 5248 bytes, 232 lines)
12:43:24 INFO (97.4%, 5247 bytes, 232 lines)
12:43:43 INFO (97.4%, 5246 bytes, 232 lines)
12:44:01 INFO (97.4%, 5245 bytes, 232 lines)
12:44:26 INFO (97.4%, 5244 bytes, 232 lines)
12:44:51 INFO (97.4%, 5243 bytes, 232 lines)
12:45:19 INFO (97.4%, 5242 bytes, 232 lines)
12:45:48 INFO (97.4%, 5241 bytes, 232 lines)
12:46:17 INFO (97.4%, 5240 bytes, 232 lines)
12:46:41 INFO (97.4%, 5239 bytes, 232 lines)
12:47:06 INFO (97.4%, 5238 bytes, 232 lines)
12:47:30 INFO (97.4%, 5237 bytes, 232 lines)
12:47:48 INFO (97.4%, 5236 bytes, 232 lines)
12:48:08 INFO (97.4%, 5235 bytes, 232 lines)
12:48:34 INFO (97.4%, 5234 bytes, 232 lines)
12:48:59 INFO (97.4%, 5233 bytes, 232 lines)
12:49:15 INFO (97.4%, 5232 bytes, 232 lines)
12:49:36 INFO (97.4%, 5231 bytes, 232 lines)
12:50:00 INFO (97.4%, 5230 bytes, 232 lines)
12:50:24 INFO (97.4%, 5229 bytes, 232 lines)
12:50:45 INFO (97.4%, 5228 bytes, 232 lines)
12:51:10 INFO (97.4%, 5227 bytes, 232 lines)
12:51:31 INFO (97.4%, 5226 bytes, 232 lines)
12:51:56 INFO (97.4%, 5225 bytes, 232 lines)
12:52:20 INFO (97.4%, 5224 bytes, 232 lines)
12:52:38 INFO (97.4%, 5223 bytes, 232 lines)
12:52:59 INFO (97.4%, 5222 bytes, 232 lines)
12:53:24 INFO (97.4%, 5221 bytes, 232 lines)
12:53:49 INFO (97.4%, 5220 bytes, 232 lines)
12:54:11 INFO (97.4%, 5219 bytes, 232 lines)
12:54:32 INFO (97.4%, 5218 bytes, 232 lines)
12:54:51 INFO (97.4%, 5217 bytes, 232 lines)
12:55:09 INFO (97.4%, 5216 bytes, 232 lines)
12:55:28 INFO (97.4%, 5215 bytes, 232 lines)
12:55:49 INFO (97.4%, 5214 bytes, 232 lines)
12:56:15 INFO (97.4%, 5213 bytes, 232 lines)
12:56:39 INFO (97.4%, 5212 bytes, 232 lines)
12:56:58 INFO (97.4%, 5211 bytes, 232 lines)
12:57:20 INFO (97.4%, 5210 bytes, 232 lines)
12:57:43 INFO (97.4%, 5209 bytes, 232 lines)
12:58:07 INFO (97.5%, 5208 bytes, 232 lines)
12:58:24 INFO (97.5%, 5207 bytes, 232 lines)
12:58:44 INFO (97.5%, 5206 bytes, 232 lines)
12:59:00 INFO (97.5%, 5205 bytes, 232 lines)
12:59:23 INFO (97.5%, 5204 bytes, 232 lines)
12:59:46 INFO (97.5%, 5203 bytes, 232 lines)
13:00:04 INFO (97.5%, 5202 bytes, 232 lines)
13:00:26 INFO (97.5%, 5201 bytes, 232 lines)
13:00:53 INFO (97.5%, 5200 bytes, 232 lines)
13:01:17 INFO (97.5%, 5199 bytes, 232 lines)
13:01:40 INFO (97.5%, 5198 bytes, 232 lines)
13:02:04 INFO (97.5%, 5197 bytes, 232 lines)
13:02:28 INFO (97.5%, 5196 bytes, 232 lines)
13:02:52 INFO (97.5%, 5195 bytes, 232 lines)
13:03:15 INFO (97.5%, 5194 bytes, 232 lines)
13:03:40 INFO (97.5%, 5193 bytes, 232 lines)
13:04:01 INFO (97.5%, 5192 bytes, 232 lines)
13:04:28 INFO (97.5%, 5191 bytes, 232 lines)
13:04:48 INFO (97.5%, 5190 bytes, 232 lines)
13:05:14 INFO (97.5%, 5189 bytes, 232 lines)
13:05:33 INFO (97.5%, 5188 bytes, 232 lines)
13:05:52 INFO (97.5%, 5187 bytes, 232 lines)
13:06:18 INFO (97.5%, 5186 bytes, 232 lines)
13:06:37 INFO (97.5%, 5185 bytes, 232 lines)
13:06:59 INFO (97.5%, 5184 bytes, 232 lines)
13:07:23 INFO (97.5%, 5183 bytes, 232 lines)
13:07:39 INFO (97.5%, 5182 bytes, 232 lines)
13:08:02 INFO (97.5%, 5181 bytes, 232 lines)
13:08:27 INFO (97.5%, 5180 bytes, 232 lines)
13:08:44 INFO (97.5%, 5179 bytes, 232 lines)
13:09:07 INFO (97.5%, 5178 bytes, 232 lines)
13:09:20 INFO (97.5%, 5177 bytes, 232 lines)
13:09:35 INFO (97.5%, 5176 bytes, 232 lines)
13:09:48 INFO (97.5%, 5175 bytes, 232 lines)
13:10:01 INFO (97.5%, 5174 bytes, 232 lines)
13:10:12 INFO (97.5%, 5173 bytes, 232 lines)
13:10:23 INFO (97.5%, 5172 bytes, 232 lines)
13:10:36 INFO (97.5%, 5171 bytes, 232 lines)
13:10:54 INFO (97.5%, 5170 bytes, 232 lines)
13:11:08 INFO (97.5%, 5169 bytes, 232 lines)
13:11:17 INFO ===< IntsPass::a >===
13:11:37 INFO (97.5%, 5167 bytes, 232 lines)
13:11:58 INFO (97.5%, 5165 bytes, 232 lines)
13:12:17 INFO (97.5%, 5163 bytes, 232 lines)
13:12:34 INFO (97.5%, 5161 bytes, 232 lines)
13:12:45 INFO (97.5%, 5159 bytes, 232 lines)
13:12:48 INFO ===< IntsPass::b >===
13:13:08 INFO (97.5%, 5157 bytes, 232 lines)
13:13:28 INFO (97.5%, 5155 bytes, 232 lines)
13:13:52 INFO (97.5%, 5154 bytes, 232 lines)
13:14:21 INFO (97.5%, 5153 bytes, 232 lines)
13:14:39 INFO (97.5%, 5152 bytes, 232 lines)
13:15:03 INFO (97.5%, 5151 bytes, 232 lines)
13:15:21 INFO (97.5%, 5149 bytes, 232 lines)
13:15:45 INFO (97.5%, 5148 bytes, 232 lines)
13:16:04 INFO (97.5%, 5147 bytes, 232 lines)
13:16:28 INFO (97.5%, 5146 bytes, 232 lines)
13:16:52 INFO (97.5%, 5144 bytes, 232 lines)
13:17:19 INFO (97.5%, 5143 bytes, 232 lines)
13:17:41 INFO (97.5%, 5142 bytes, 232 lines)
13:18:01 INFO (97.5%, 5141 bytes, 232 lines)
13:18:17 INFO (97.5%, 5139 bytes, 232 lines)
13:18:28 INFO (97.5%, 5137 bytes, 232 lines)
13:18:28 INFO ===< IntsPass::c >===
13:18:54 INFO (97.5%, 5136 bytes, 232 lines)
13:19:18 INFO (97.5%, 5135 bytes, 232 lines)
13:19:42 INFO (97.5%, 5134 bytes, 232 lines)
13:20:01 INFO (97.5%, 5133 bytes, 232 lines)
13:20:16 INFO (97.5%, 5132 bytes, 232 lines)
13:20:27 INFO (97.5%, 5131 bytes, 232 lines)
13:20:27 INFO ===< IntsPass::d >===
13:20:27 INFO ===< IntsPass::c >===
13:20:37 INFO ===< BalancedPass::parens-only >===
13:20:38 INFO ===< ClexPass::delete-string >===
13:20:39 INFO Termination check: size was 5219; now 5131
13:20:39 ERROR Skipping pass UnIfDefPass
13:20:39 INFO ===< ClexPass::define >===
13:20:39 INFO ===< IncludeIncludesPass >===
13:20:39 INFO ===< TernaryPass::b >===
13:20:39 INFO ===< TernaryPass::c >===
13:21:10 INFO ===< BalancedPass::curly >===
13:21:44 INFO ===< BalancedPass::curly2 >===
13:21:44 INFO ===< BalancedPass::curly3 >===
13:21:58 INFO ===< BalancedPass::parens >===
13:22:00 INFO ===< BalancedPass::angles >===
13:22:16 INFO ===< BalancedPass::square >===
13:22:33 INFO ===< BalancedPass::curly-inside >===
13:22:46 INFO ===< BalancedPass::parens-inside >===
13:22:49 INFO ===< BalancedPass::angles-inside >===
13:23:00 INFO ===< BalancedPass::square-inside >===
13:23:25 INFO ===< BalancedPass::curly-only >===
13:23:27 INFO ===< BalancedPass::angles-only >===
13:23:39 INFO ===< BalancedPass::square-only >===
13:23:39 INFO ===< ClangPass::remove-namespace >===
13:23:39 INFO ===< ClangPass::aggregate-to-scalar >===
13:23:40 INFO ===< ClangPass::param-to-global >===
13:23:41 INFO ===< ClangPass::param-to-local >===
13:23:41 INFO ===< ClangPass::remove-nested-function >===
13:23:41 INFO ===< ClangPass::union-to-struct >===
13:23:42 INFO ===< ClangPass::return-void >===
13:23:42 INFO ===< ClangPass::simple-inliner >===
13:23:52 INFO ===< ClangPass::reduce-pointer-level >===
13:23:52 INFO ===< ClangPass::lift-assignment-expr >===
13:23:52 INFO ===< ClangPass::copy-propagation >===
13:23:53 INFO ===< ClangHintsPass::callexpr-to-value >===
13:23:54 INFO ===< ClangPass::replace-callexpr >===
13:23:55 INFO ===< ClangPass::simplify-callexpr >===
13:23:55 INFO ===< ClangHintsPass::remove-unused-function >===
13:23:55 INFO using C++ standard: c++2b with 0 transformation opportunities
13:23:55 INFO ===< ClangBinarySearchPass::remove-unused-enum-member >===
13:23:56 INFO ===< ClangPass::remove-enum-member-value >===
13:23:55 INFO using C++ standard: c++2b with 8 transformation opportunities
13:23:58 INFO ===< ClangBinarySearchPass::remove-unused-var >===
13:23:58 INFO ===< ClangPass::simplify-if >===
13:23:58 INFO ===< ClangPass::reduce-array-dim >===
13:23:58 INFO ===< ClangPass::reduce-array-size >===
13:23:58 INFO ===< ClangPass::move-definition-to-declaration >===
13:23:58 INFO ===< ClangPass::simplify-comma-expr >===
13:23:58 INFO ===< ClangPass::simplify-dependent-typedef >===
13:23:58 INFO ===< ClangPass::replace-simple-typedef >===
13:23:58 INFO ===< ClangHintsPass::replace-dependent-typedef >===
13:23:58 INFO ===< ClangPass::replace-one-level-typedef-type >===
13:24:32 INFO (97.5%, 5095 bytes, 230 lines)
13:24:52 INFO (97.5%, 5063 bytes, 228 lines)
13:25:07 INFO ===< ClangPass::remove-unused-field >===
13:25:07 INFO ===< ClangPass::instantiate-template-type-param-to-int >===
13:25:07 INFO ===< ClangPass::instantiate-template-param >===
13:25:08 INFO ===< ClangPass::template-arg-to-int >===
13:25:08 INFO ===< ClangPass::template-non-type-arg-to-int >===
13:25:08 INFO ===< ClangPass::reduce-class-template-param >===
13:25:08 INFO ===< ClangPass::remove-trivial-base-template >===
13:25:08 INFO ===< ClangPass::class-template-to-class >===
13:25:08 INFO ===< ClangPass::merge-base-class >===
13:25:08 INFO ===< ClangPass::remove-base-class >===
13:25:08 INFO ===< ClangPass::replace-derived-class >===
13:25:08 INFO ===< ClangPass::remove-unresolved-base >===
13:25:08 INFO ===< ClangPass::remove-ctor-initializer >===
13:25:08 INFO ===< ClangPass::replace-class-with-base-template-spec >===
13:25:08 INFO ===< ClangPass::simplify-nested-class >===
13:25:08 INFO ===< ClangPass::remove-unused-outer-class >===
13:25:09 WARNING ClangPass::empty-struct-to-int has encountered a non fatal bug: pass error
13:25:10 INFO ===< ClangPass::empty-struct-to-int >===
13:25:19 INFO (97.5%, 5062 bytes, 228 lines)
13:25:30 INFO (97.5%, 5061 bytes, 228 lines)
13:25:41 INFO (97.5%, 5060 bytes, 228 lines)
13:25:41 INFO ===< ClangPass::remove-pointer >===
13:25:41 INFO ===< ClangPass::reduce-pointer-pairs >===
13:25:41 INFO ===< ClangPass::remove-array >===
13:25:41 INFO ===< ClangPass::remove-addr-taken >===
13:25:41 INFO ===< ClangPass::simplify-struct >===
13:25:41 INFO ===< ClangPass::replace-undefined-function >===
13:25:41 INFO ===< ClangPass::replace-array-index-var >===
13:25:41 INFO ===< ClangPass::replace-array-access-with-index >===
13:25:41 INFO ===< ClangPass::replace-dependent-name >===
13:25:41 INFO ===< ClangPass::simplify-recursive-template-instantiation >===
13:25:41 INFO ===< ClangPass::vector-to-array >===
13:25:41 INFO ===< ClangPass::remove-try-catch >===
13:25:42 INFO ===< ClangPass::class-to-struct >===
13:26:10 INFO ===< ClangPass::member-to-global >===
13:26:19 INFO ===< LinesPass::0 >===
13:27:53 INFO (97.5%, 5042 bytes, 227 lines)
13:28:07 INFO ===< LinesPass::1 >===
13:28:21 INFO ===< LinesPass::2 >===
13:28:21 INFO ===< LinesPass::3 >===
13:28:21 INFO ===< LinesPass::4 >===
13:28:21 INFO ===< LinesPass::6 >===
13:28:21 INFO ===< LinesPass::8 >===
13:28:21 INFO ===< LinesPass::10 >===
13:28:22 INFO ===< CommentsPass >===
13:28:22 INFO ===< SpecialPass::b >===
13:28:22 INFO ===< SpecialPass::c >===
13:28:22 INFO ===< IndentPass::regular >===
13:28:33 INFO ===< BalancedPass::parens-to-zero >===
13:34:03 INFO (97.5%, 5041 bytes, 227 lines)
13:34:26 INFO (97.5%, 5040 bytes, 227 lines)
13:34:45 INFO (97.5%, 5039 bytes, 227 lines)
13:35:06 INFO (97.5%, 5038 bytes, 227 lines)
13:35:26 INFO (97.5%, 5037 bytes, 227 lines)
14:59:26 INFO ===< ClexHintsPass::rm-toks-1-to-16 >===
15:44:54 INFO ===< ClexPass::rm-tok-pattern-4 >===
15:44:58 INFO ===< ClangPass::local-to-global >===
15:45:13 INFO ===< PeepPass::c >===
15:45:33 INFO (97.5%, 5036 bytes, 227 lines)
15:45:56 INFO (97.5%, 5035 bytes, 227 lines)
15:46:12 INFO (97.5%, 5034 bytes, 227 lines)
15:46:27 INFO (97.5%, 5033 bytes, 227 lines)
15:46:38 INFO (97.5%, 5032 bytes, 227 lines)
15:46:45 INFO ===< IntsPass::a >===
15:46:45 INFO ===< IntsPass::b >===
15:46:45 INFO ===< IntsPass::c >===
15:46:45 INFO ===< IntsPass::d >===
15:46:45 INFO cache hit for HIPProg.hip
15:46:45 INFO ===< IntsPass::c >===
15:46:54 INFO ===< BalancedPass::parens-only >===
15:46:56 INFO ===< ClexPass::delete-string >===
15:46:57 INFO Termination check: size was 5131; now 5032
15:46:57 ERROR Skipping pass UnIfDefPass
15:46:57 INFO ===< ClexPass::define >===
15:46:57 INFO ===< IncludeIncludesPass >===
15:46:57 INFO ===< TernaryPass::b >===
15:46:57 INFO ===< TernaryPass::c >===
15:47:29 INFO ===< BalancedPass::curly >===
15:48:01 INFO ===< BalancedPass::curly2 >===
15:48:01 INFO ===< BalancedPass::curly3 >===
15:48:14 INFO ===< BalancedPass::parens >===
15:48:17 INFO ===< BalancedPass::angles >===
15:48:29 INFO ===< BalancedPass::square >===
15:48:45 INFO ===< BalancedPass::curly-inside >===
15:48:55 INFO ===< BalancedPass::parens-inside >===
15:48:57 INFO ===< BalancedPass::angles-inside >===
15:49:09 INFO ===< BalancedPass::square-inside >===
15:49:33 INFO ===< BalancedPass::curly-only >===
15:49:36 INFO ===< BalancedPass::angles-only >===
15:49:47 INFO ===< BalancedPass::square-only >===
15:49:47 INFO ===< ClangPass::remove-namespace >===
15:49:48 INFO ===< ClangPass::aggregate-to-scalar >===
15:49:48 INFO ===< ClangPass::param-to-global >===
15:49:49 INFO ===< ClangPass::param-to-local >===
15:49:49 INFO ===< ClangPass::remove-nested-function >===
15:49:49 INFO ===< ClangPass::union-to-struct >===
15:49:50 INFO ===< ClangPass::return-void >===
15:49:50 INFO ===< ClangPass::simple-inliner >===
15:50:00 INFO ===< ClangPass::reduce-pointer-level >===
15:50:00 INFO ===< ClangPass::lift-assignment-expr >===
15:50:00 INFO ===< ClangPass::copy-propagation >===
15:50:01 INFO ===< ClangHintsPass::callexpr-to-value >===
15:50:01 INFO ===< ClangPass::replace-callexpr >===
15:50:03 INFO ===< ClangPass::simplify-callexpr >===
15:50:03 INFO ===< ClangHintsPass::remove-unused-function >===
15:50:02 INFO using C++ standard: c++2b with 0 transformation opportunities
15:50:03 INFO ===< ClangBinarySearchPass::remove-unused-enum-member >===
15:50:03 INFO ===< ClangPass::remove-enum-member-value >===
15:50:03 INFO using C++ standard: c++2b with 8 transformation opportunities
15:50:05 INFO ===< ClangBinarySearchPass::remove-unused-var >===
15:50:05 INFO ===< ClangPass::simplify-if >===
15:50:05 INFO ===< ClangPass::reduce-array-dim >===
15:50:06 INFO ===< ClangPass::reduce-array-size >===
15:50:06 INFO ===< ClangPass::move-definition-to-declaration >===
15:50:06 INFO ===< ClangPass::simplify-comma-expr >===
15:50:06 INFO ===< ClangPass::simplify-dependent-typedef >===
15:50:06 INFO ===< ClangPass::replace-simple-typedef >===
15:50:06 INFO ===< ClangHintsPass::replace-dependent-typedef >===
15:50:06 INFO ===< ClangPass::replace-one-level-typedef-type >===
15:50:34 INFO (97.6%, 4996 bytes, 225 lines)
15:50:49 INFO ===< ClangPass::remove-unused-field >===
15:50:49 INFO ===< ClangPass::instantiate-template-type-param-to-int >===
15:50:49 INFO ===< ClangPass::instantiate-template-param >===
15:50:49 INFO ===< ClangPass::template-arg-to-int >===
15:50:49 INFO ===< ClangPass::template-non-type-arg-to-int >===
15:50:49 INFO ===< ClangPass::reduce-class-template-param >===
15:50:49 INFO ===< ClangPass::remove-trivial-base-template >===
15:50:49 INFO ===< ClangPass::class-template-to-class >===
15:50:49 INFO ===< ClangPass::merge-base-class >===
15:50:49 INFO ===< ClangPass::remove-base-class >===
15:50:50 INFO ===< ClangPass::replace-derived-class >===
15:50:50 INFO ===< ClangPass::remove-unresolved-base >===
15:50:50 INFO ===< ClangPass::remove-ctor-initializer >===
15:50:50 INFO ===< ClangPass::replace-class-with-base-template-spec >===
15:50:50 INFO ===< ClangPass::simplify-nested-class >===
15:50:50 INFO ===< ClangPass::remove-unused-outer-class >===
15:50:50 WARNING ClangPass::empty-struct-to-int has encountered a non fatal bug: pass error
15:50:51 INFO ===< ClangPass::empty-struct-to-int >===
15:51:01 INFO (97.6%, 4995 bytes, 225 lines)
15:51:11 INFO (97.6%, 4994 bytes, 225 lines)
15:51:11 INFO ===< ClangPass::remove-pointer >===
15:51:11 INFO ===< ClangPass::reduce-pointer-pairs >===
15:51:11 INFO ===< ClangPass::remove-array >===
15:51:11 INFO ===< ClangPass::remove-addr-taken >===
15:51:11 INFO ===< ClangPass::simplify-struct >===
15:51:11 INFO ===< ClangPass::replace-undefined-function >===
15:51:11 INFO ===< ClangPass::replace-array-index-var >===
15:51:11 INFO ===< ClangPass::replace-array-access-with-index >===
15:51:11 INFO ===< ClangPass::replace-dependent-name >===
15:51:11 INFO ===< ClangPass::simplify-recursive-template-instantiation >===
15:51:12 INFO ===< ClangPass::vector-to-array >===
15:51:12 INFO ===< ClangPass::remove-try-catch >===
15:51:12 INFO ===< ClangPass::class-to-struct >===
15:51:42 INFO ===< ClangPass::member-to-global >===
15:51:51 INFO ===< LinesPass::0 >===
15:53:29 INFO (97.6%, 4976 bytes, 224 lines)
15:53:42 INFO ===< LinesPass::1 >===
15:53:55 INFO ===< LinesPass::2 >===
15:53:55 INFO ===< LinesPass::3 >===
15:53:55 INFO ===< LinesPass::4 >===
15:53:56 INFO ===< LinesPass::6 >===
15:53:56 INFO ===< LinesPass::8 >===
15:53:56 INFO ===< LinesPass::10 >===
15:53:56 INFO ===< CommentsPass >===
15:53:56 INFO ===< SpecialPass::b >===
15:53:56 INFO ===< SpecialPass::c >===
15:53:56 INFO ===< IndentPass::regular >===
15:54:07 INFO ===< BalancedPass::parens-to-zero >===
15:55:46 INFO (97.6%, 4975 bytes, 224 lines)
15:56:03 INFO (97.6%, 4974 bytes, 224 lines)
15:56:26 INFO (97.6%, 4973 bytes, 224 lines)
17:19:14 INFO ===< ClexHintsPass::rm-toks-1-to-16 >===
18:17:48 INFO ===< ClexPass::rm-tok-pattern-4 >===
18:17:51 INFO ===< ClangPass::local-to-global >===
18:18:19 INFO ===< PeepPass::c >===
18:18:29 INFO ===< IntsPass::a >===
18:18:29 INFO ===< IntsPass::b >===
18:18:29 INFO ===< IntsPass::c >===
18:18:29 INFO ===< IntsPass::d >===
18:18:29 INFO cache hit for HIPProg.hip
18:18:29 INFO ===< IntsPass::c >===
18:18:40 INFO ===< BalancedPass::parens-only >===
18:18:41 INFO ===< ClexPass::delete-string >===
18:18:42 INFO Termination check: size was 5032; now 4973
18:18:42 ERROR Skipping pass UnIfDefPass
18:18:42 INFO ===< ClexPass::define >===
18:18:42 INFO ===< IncludeIncludesPass >===
18:18:42 INFO ===< TernaryPass::b >===
18:18:42 INFO ===< TernaryPass::c >===
18:19:19 INFO ===< BalancedPass::curly >===
18:20:03 INFO ===< BalancedPass::curly2 >===
18:20:03 INFO ===< BalancedPass::curly3 >===
18:20:23 INFO ===< BalancedPass::parens >===
18:20:26 INFO ===< BalancedPass::angles >===
18:20:43 INFO ===< BalancedPass::square >===
18:21:00 INFO ===< BalancedPass::curly-inside >===
18:21:12 INFO ===< BalancedPass::parens-inside >===
18:21:16 INFO ===< BalancedPass::angles-inside >===
18:21:31 INFO ===< BalancedPass::square-inside >===
18:22:18 INFO ===< BalancedPass::curly-only >===
18:22:22 INFO ===< BalancedPass::angles-only >===
18:22:37 INFO ===< BalancedPass::square-only >===
18:22:37 INFO ===< ClangPass::remove-namespace >===
18:22:37 INFO ===< ClangPass::aggregate-to-scalar >===
18:22:37 INFO ===< ClangPass::param-to-global >===
18:22:38 INFO ===< ClangPass::param-to-local >===
18:22:39 INFO ===< ClangPass::remove-nested-function >===
18:22:39 INFO ===< ClangPass::union-to-struct >===
18:22:40 INFO ===< ClangPass::return-void >===
18:22:40 INFO ===< ClangPass::simple-inliner >===
18:22:51 INFO ===< ClangPass::reduce-pointer-level >===
18:22:51 INFO ===< ClangPass::lift-assignment-expr >===
18:22:51 INFO ===< ClangPass::copy-propagation >===
18:22:53 INFO ===< ClangHintsPass::callexpr-to-value >===
18:22:53 INFO ===< ClangPass::replace-callexpr >===
18:22:55 INFO ===< ClangPass::simplify-callexpr >===
18:22:55 INFO ===< ClangHintsPass::remove-unused-function >===
18:22:55 INFO using C++ standard: c++2b with 0 transformation opportunities
18:22:56 INFO ===< ClangBinarySearchPass::remove-unused-enum-member >===
18:22:56 INFO ===< ClangPass::remove-enum-member-value >===
18:22:56 INFO using C++ standard: c++2b with 8 transformation opportunities
18:23:00 INFO ===< ClangBinarySearchPass::remove-unused-var >===
18:23:00 INFO ===< ClangPass::simplify-if >===
18:23:00 INFO ===< ClangPass::reduce-array-dim >===
18:23:00 INFO ===< ClangPass::reduce-array-size >===
18:23:00 INFO ===< ClangPass::move-definition-to-declaration >===
18:23:00 INFO ===< ClangPass::simplify-comma-expr >===
18:23:00 INFO ===< ClangPass::simplify-dependent-typedef >===
18:23:00 INFO ===< ClangPass::replace-simple-typedef >===
18:23:01 INFO ===< ClangHintsPass::replace-dependent-typedef >===
18:23:01 INFO ===< ClangPass::replace-one-level-typedef-type >===
18:23:36 INFO (97.6%, 4940 bytes, 222 lines)
18:23:53 INFO (97.6%, 4902 bytes, 220 lines)
18:24:13 INFO ===< ClangPass::remove-unused-field >===
18:24:14 INFO ===< ClangPass::instantiate-template-type-param-to-int >===
18:24:14 INFO ===< ClangPass::instantiate-template-param >===
18:24:14 INFO ===< ClangPass::template-arg-to-int >===
18:24:14 INFO ===< ClangPass::template-non-type-arg-to-int >===
18:24:14 INFO ===< ClangPass::reduce-class-template-param >===
18:24:14 INFO ===< ClangPass::remove-trivial-base-template >===
18:24:14 INFO ===< ClangPass::class-template-to-class >===
18:24:14 INFO ===< ClangPass::merge-base-class >===
18:24:14 INFO ===< ClangPass::remove-base-class >===
18:24:15 INFO ===< ClangPass::replace-derived-class >===
18:24:15 INFO ===< ClangPass::remove-unresolved-base >===
18:24:15 INFO ===< ClangPass::remove-ctor-initializer >===
18:24:15 INFO ===< ClangPass::replace-class-with-base-template-spec >===
18:24:15 INFO ===< ClangPass::simplify-nested-class >===
18:24:15 INFO ===< ClangPass::remove-unused-outer-class >===
18:24:15 WARNING ClangPass::empty-struct-to-int has encountered a non fatal bug: pass error
18:24:17 INFO ===< ClangPass::empty-struct-to-int >===
18:24:17 INFO ===< ClangPass::remove-pointer >===
18:24:17 INFO ===< ClangPass::reduce-pointer-pairs >===
18:24:17 INFO ===< ClangPass::remove-array >===
18:24:17 INFO ===< ClangPass::remove-addr-taken >===
18:24:18 INFO ===< ClangPass::simplify-struct >===
18:24:18 INFO ===< ClangPass::replace-undefined-function >===
18:24:18 INFO ===< ClangPass::replace-array-index-var >===
18:24:18 INFO ===< ClangPass::replace-array-access-with-index >===
18:24:18 INFO ===< ClangPass::replace-dependent-name >===
18:24:18 INFO ===< ClangPass::simplify-recursive-template-instantiation >===
18:24:18 INFO ===< ClangPass::vector-to-array >===
18:24:18 INFO ===< ClangPass::remove-try-catch >===
18:24:18 INFO ===< ClangPass::class-to-struct >===
18:24:52 INFO ===< ClangPass::member-to-global >===
18:25:06 INFO ===< LinesPass::0 >===
18:27:09 INFO ===< LinesPass::1 >===
18:27:25 INFO ===< LinesPass::2 >===
18:27:25 INFO ===< LinesPass::3 >===
18:27:25 INFO ===< LinesPass::4 >===
18:27:25 INFO ===< LinesPass::6 >===
18:27:25 INFO ===< LinesPass::8 >===
18:27:25 INFO ===< LinesPass::10 >===
18:27:26 INFO ===< CommentsPass >===
18:27:26 INFO ===< SpecialPass::b >===
18:27:26 INFO ===< SpecialPass::c >===
18:27:26 INFO ===< IndentPass::regular >===
18:27:37 INFO ===< BalancedPass::parens-to-zero >===
18:31:52 INFO (97.6%, 4901 bytes, 220 lines)
18:32:15 INFO (97.6%, 4900 bytes, 220 lines)
20:44:25 INFO ===< ClexHintsPass::rm-toks-1-to-16 >===
21:26:01 INFO ===< ClexPass::rm-tok-pattern-4 >===
21:26:04 INFO ===< ClangPass::local-to-global >===
21:26:19 INFO ===< PeepPass::c >===
21:26:26 INFO ===< IntsPass::a >===
21:26:26 INFO ===< IntsPass::b >===
21:26:26 INFO ===< IntsPass::c >===
21:26:26 INFO ===< IntsPass::d >===
21:26:26 INFO cache hit for HIPProg.hip
21:26:26 INFO ===< IntsPass::c >===
21:26:35 INFO ===< BalancedPass::parens-only >===
21:26:36 INFO ===< ClexPass::delete-string >===
21:26:37 INFO Termination check: size was 4973; now 4900
21:26:37 ERROR Skipping pass UnIfDefPass
21:26:37 INFO ===< ClexPass::define >===
21:26:38 INFO ===< IncludeIncludesPass >===
21:26:38 INFO ===< TernaryPass::b >===
21:26:38 INFO ===< TernaryPass::c >===
21:27:10 INFO ===< BalancedPass::curly >===
21:27:42 INFO ===< BalancedPass::curly2 >===
21:27:42 INFO ===< BalancedPass::curly3 >===
21:27:55 INFO ===< BalancedPass::parens >===
21:27:57 INFO ===< BalancedPass::angles >===
21:28:09 INFO ===< BalancedPass::square >===
21:28:26 INFO ===< BalancedPass::curly-inside >===
21:28:36 INFO ===< BalancedPass::parens-inside >===
21:28:38 INFO ===< BalancedPass::angles-inside >===
21:28:50 INFO ===< BalancedPass::square-inside >===
21:29:50 INFO ===< BalancedPass::curly-only >===
21:30:02 INFO ===< BalancedPass::angles-only >===
21:30:17 INFO ===< BalancedPass::square-only >===
21:30:17 INFO ===< ClangPass::remove-namespace >===
21:30:17 INFO ===< ClangPass::aggregate-to-scalar >===
21:30:17 INFO ===< ClangPass::param-to-global >===
21:30:18 INFO ===< ClangPass::param-to-local >===
21:30:18 INFO ===< ClangPass::remove-nested-function >===
21:30:18 INFO ===< ClangPass::union-to-struct >===
21:30:20 INFO ===< ClangPass::return-void >===
21:30:20 INFO ===< ClangPass::simple-inliner >===
21:30:28 INFO ===< ClangPass::reduce-pointer-level >===
21:30:28 INFO ===< ClangPass::lift-assignment-expr >===
21:30:28 INFO ===< ClangPass::copy-propagation >===
21:30:29 INFO ===< ClangHintsPass::callexpr-to-value >===
21:30:29 INFO ===< ClangPass::replace-callexpr >===
21:30:30 INFO ===< ClangPass::simplify-callexpr >===
21:30:31 INFO ===< ClangHintsPass::remove-unused-function >===
21:30:30 INFO using C++ standard: c++2b with 0 transformation opportunities
21:30:31 INFO ===< ClangBinarySearchPass::remove-unused-enum-member >===
21:30:31 INFO ===< ClangPass::remove-enum-member-value >===
21:30:31 INFO using C++ standard: c++2b with 8 transformation opportunities
21:30:33 INFO ===< ClangBinarySearchPass::remove-unused-var >===
21:30:33 INFO ===< ClangPass::simplify-if >===
21:30:33 INFO ===< ClangPass::reduce-array-dim >===
21:30:33 INFO ===< ClangPass::reduce-array-size >===
21:30:33 INFO ===< ClangPass::move-definition-to-declaration >===
21:30:33 INFO ===< ClangPass::simplify-comma-expr >===
21:30:34 INFO ===< ClangPass::simplify-dependent-typedef >===
21:30:34 INFO ===< ClangPass::replace-simple-typedef >===
21:30:34 INFO ===< ClangHintsPass::replace-dependent-typedef >===
21:30:34 INFO ===< ClangPass::replace-one-level-typedef-type >===
21:31:04 INFO (97.6%, 4861 bytes, 218 lines)
21:31:26 INFO (97.6%, 4838 bytes, 216 lines)
21:32:53 INFO ===< ClangPass::remove-unused-field >===
21:32:53 INFO ===< ClangPass::instantiate-template-type-param-to-int >===
21:32:53 INFO ===< ClangPass::instantiate-template-param >===
21:32:53 INFO ===< ClangPass::template-arg-to-int >===
21:32:53 INFO ===< ClangPass::template-non-type-arg-to-int >===
21:32:53 INFO ===< ClangPass::reduce-class-template-param >===
21:32:53 INFO ===< ClangPass::remove-trivial-base-template >===
21:32:53 INFO ===< ClangPass::class-template-to-class >===
21:32:53 INFO ===< ClangPass::merge-base-class >===
21:32:53 INFO ===< ClangPass::remove-base-class >===
21:32:53 INFO ===< ClangPass::replace-derived-class >===
21:32:53 INFO ===< ClangPass::remove-unresolved-base >===
21:32:53 INFO ===< ClangPass::remove-ctor-initializer >===
21:32:54 INFO ===< ClangPass::replace-class-with-base-template-spec >===
21:32:54 INFO ===< ClangPass::simplify-nested-class >===
21:32:54 INFO ===< ClangPass::remove-unused-outer-class >===
21:32:54 WARNING ClangPass::empty-struct-to-int has encountered a non fatal bug: pass error
21:32:56 INFO ===< ClangPass::empty-struct-to-int >===
21:32:56 INFO ===< ClangPass::remove-pointer >===
21:32:56 INFO ===< ClangPass::reduce-pointer-pairs >===
21:32:56 INFO ===< ClangPass::remove-array >===
21:32:56 INFO ===< ClangPass::remove-addr-taken >===
21:32:56 INFO ===< ClangPass::simplify-struct >===
21:32:56 INFO ===< ClangPass::replace-undefined-function >===
21:32:57 INFO ===< ClangPass::replace-array-index-var >===
21:32:57 INFO ===< ClangPass::replace-array-access-with-index >===
21:32:57 INFO ===< ClangPass::replace-dependent-name >===
21:32:57 INFO ===< ClangPass::simplify-recursive-template-instantiation >===
21:32:57 INFO ===< ClangPass::vector-to-array >===
21:32:57 INFO ===< ClangPass::remove-try-catch >===
21:32:57 INFO ===< ClangPass::class-to-struct >===
21:35:09 INFO ===< ClangPass::member-to-global >===
21:35:37 INFO ===< LinesPass::0 >===
21:36:57 INFO ===< LinesPass::1 >===
21:37:09 INFO ===< LinesPass::2 >===
21:37:09 INFO ===< LinesPass::3 >===
21:37:09 INFO ===< LinesPass::4 >===
21:37:09 INFO ===< LinesPass::6 >===
21:37:09 INFO ===< LinesPass::8 >===
21:37:09 INFO ===< LinesPass::10 >===
21:37:09 INFO ===< CommentsPass >===
21:37:09 INFO ===< SpecialPass::b >===
21:37:09 INFO ===< SpecialPass::c >===
21:37:09 INFO ===< IndentPass::regular >===
21:37:18 INFO ===< BalancedPass::parens-to-zero >===
21:38:28 INFO (97.6%, 4837 bytes, 216 lines)
23:08:07 INFO ===< ClexHintsPass::rm-toks-1-to-16 >===
23:49:15 INFO ===< ClexPass::rm-tok-pattern-4 >===
23:49:18 INFO ===< ClangPass::local-to-global >===
23:49:34 INFO ===< PeepPass::c >===
23:49:40 INFO ===< IntsPass::a >===
23:49:40 INFO ===< IntsPass::b >===
23:49:41 INFO ===< IntsPass::c >===
23:49:41 INFO ===< IntsPass::d >===
23:49:41 INFO cache hit for HIPProg.hip
23:49:41 INFO ===< IntsPass::c >===
23:49:50 INFO ===< BalancedPass::parens-only >===
23:49:51 INFO ===< ClexPass::delete-string >===
23:49:52 INFO Termination check: size was 4900; now 4837
23:49:52 ERROR Skipping pass UnIfDefPass
23:49:52 INFO ===< ClexPass::define >===
23:49:52 INFO ===< IncludeIncludesPass >===
23:49:52 INFO ===< TernaryPass::b >===
23:49:52 INFO ===< TernaryPass::c >===
23:50:24 INFO ===< BalancedPass::curly >===
23:50:56 INFO ===< BalancedPass::curly2 >===
23:50:56 INFO ===< BalancedPass::curly3 >===
23:51:09 INFO ===< BalancedPass::parens >===
23:51:11 INFO ===< BalancedPass::angles >===
23:51:23 INFO ===< BalancedPass::square >===
23:51:40 INFO ===< BalancedPass::curly-inside >===
23:51:49 INFO ===< BalancedPass::parens-inside >===
23:51:51 INFO ===< BalancedPass::angles-inside >===
23:52:03 INFO ===< BalancedPass::square-inside >===
23:52:26 INFO ===< BalancedPass::curly-only >===
23:52:28 INFO ===< BalancedPass::angles-only >===
23:52:41 INFO ===< BalancedPass::square-only >===
23:52:41 INFO ===< ClangPass::remove-namespace >===
23:52:41 INFO ===< ClangPass::aggregate-to-scalar >===
23:52:41 INFO ===< ClangPass::param-to-global >===
23:52:42 INFO ===< ClangPass::param-to-local >===
23:52:42 INFO ===< ClangPass::remove-nested-function >===
23:52:42 INFO ===< ClangPass::union-to-struct >===
23:52:44 INFO ===< ClangPass::return-void >===
23:52:44 INFO ===< ClangPass::simple-inliner >===
23:52:52 INFO ===< ClangPass::reduce-pointer-level >===
23:52:52 INFO ===< ClangPass::lift-assignment-expr >===
23:52:52 INFO ===< ClangPass::copy-propagation >===
23:52:53 INFO ===< ClangHintsPass::callexpr-to-value >===
23:52:53 INFO ===< ClangPass::replace-callexpr >===
23:52:55 INFO ===< ClangPass::simplify-callexpr >===
23:52:55 INFO ===< ClangHintsPass::remove-unused-function >===
23:52:54 INFO using C++ standard: c++2b with 0 transformation opportunities
23:52:55 INFO ===< ClangBinarySearchPass::remove-unused-enum-member >===
23:52:55 INFO ===< ClangPass::remove-enum-member-value >===
23:52:55 INFO using C++ standard: c++2b with 8 transformation opportunities
23:52:57 INFO ===< ClangBinarySearchPass::remove-unused-var >===
23:52:58 INFO ===< ClangPass::simplify-if >===
23:52:58 INFO ===< ClangPass::reduce-array-dim >===
23:52:58 INFO ===< ClangPass::reduce-array-size >===
23:52:58 INFO ===< ClangPass::move-definition-to-declaration >===
23:52:58 INFO ===< ClangPass::simplify-comma-expr >===
23:52:58 INFO ===< ClangPass::simplify-dependent-typedef >===
23:52:58 INFO ===< ClangPass::replace-simple-typedef >===
23:52:58 INFO ===< ClangHintsPass::replace-dependent-typedef >===
23:52:58 INFO ===< ClangPass::replace-one-level-typedef-type >===
23:53:30 INFO (97.6%, 4810 bytes, 214 lines)
23:53:45 INFO ===< ClangPass::remove-unused-field >===
23:53:45 INFO ===< ClangPass::instantiate-template-type-param-to-int >===
23:53:45 INFO ===< ClangPass::instantiate-template-param >===
23:53:45 INFO ===< ClangPass::template-arg-to-int >===
23:53:45 INFO ===< ClangPass::template-non-type-arg-to-int >===
23:53:45 INFO ===< ClangPass::reduce-class-template-param >===
23:53:45 INFO ===< ClangPass::remove-trivial-base-template >===
23:53:46 INFO ===< ClangPass::class-template-to-class >===
23:53:46 INFO ===< ClangPass::merge-base-class >===
23:53:46 INFO ===< ClangPass::remove-base-class >===
23:53:46 INFO ===< ClangPass::replace-derived-class >===
23:53:46 INFO ===< ClangPass::remove-unresolved-base >===
23:53:46 INFO ===< ClangPass::remove-ctor-initializer >===
23:53:46 INFO ===< ClangPass::replace-class-with-base-template-spec >===
23:53:46 INFO ===< ClangPass::simplify-nested-class >===
23:53:46 INFO ===< ClangPass::remove-unused-outer-class >===
23:53:46 WARNING ClangPass::empty-struct-to-int has encountered a non fatal bug: pass error
23:53:47 INFO ===< ClangPass::empty-struct-to-int >===
23:53:48 INFO ===< ClangPass::remove-pointer >===
23:53:48 INFO ===< ClangPass::reduce-pointer-pairs >===
23:53:48 INFO ===< ClangPass::remove-array >===
23:53:48 INFO ===< ClangPass::remove-addr-taken >===
23:53:48 INFO ===< ClangPass::simplify-struct >===
23:53:48 INFO ===< ClangPass::replace-undefined-function >===
23:53:48 INFO ===< ClangPass::replace-array-index-var >===
23:53:48 INFO ===< ClangPass::replace-array-access-with-index >===
23:53:48 INFO ===< ClangPass::replace-dependent-name >===
23:53:48 INFO ===< ClangPass::simplify-recursive-template-instantiation >===
23:53:48 INFO ===< ClangPass::vector-to-array >===
23:53:48 INFO ===< ClangPass::remove-try-catch >===
23:53:48 INFO ===< ClangPass::class-to-struct >===
23:54:16 INFO ===< ClangPass::member-to-global >===
23:54:25 INFO ===< LinesPass::0 >===
23:55:39 INFO ===< LinesPass::1 >===
23:55:53 INFO ===< LinesPass::2 >===
23:55:53 INFO ===< LinesPass::3 >===
23:55:53 INFO ===< LinesPass::4 >===
23:55:53 INFO ===< LinesPass::6 >===
23:55:53 INFO ===< LinesPass::8 >===
23:55:53 INFO ===< LinesPass::10 >===
23:55:53 INFO ===< CommentsPass >===
23:55:53 INFO ===< SpecialPass::b >===
23:55:53 INFO ===< SpecialPass::c >===
23:55:53 INFO ===< IndentPass::regular >===
23:56:03 INFO ===< BalancedPass::parens-to-zero >===
1 day, 1:14:15 INFO ===< ClexHintsPass::rm-toks-1-to-16 >===
1 day, 1:55:03 INFO ===< ClexPass::rm-tok-pattern-4 >===
1 day, 1:55:06 INFO ===< ClangPass::local-to-global >===
1 day, 1:55:19 INFO ===< PeepPass::c >===
1 day, 1:55:25 INFO ===< IntsPass::a >===
1 day, 1:55:25 INFO ===< IntsPass::b >===
1 day, 1:55:26 INFO ===< IntsPass::c >===
1 day, 1:55:26 INFO ===< IntsPass::d >===
1 day, 1:55:26 INFO cache hit for HIPProg.hip
1 day, 1:55:26 INFO ===< IntsPass::c >===
1 day, 1:55:35 INFO ===< BalancedPass::parens-only >===
1 day, 1:55:36 INFO ===< ClexPass::delete-string >===
1 day, 1:55:37 INFO Termination check: size was 4837; now 4810
1 day, 1:55:37 ERROR Skipping pass UnIfDefPass
1 day, 1:55:37 INFO ===< ClexPass::define >===
1 day, 1:55:37 INFO ===< IncludeIncludesPass >===
1 day, 1:55:37 INFO ===< TernaryPass::b >===
1 day, 1:55:37 INFO ===< TernaryPass::c >===
1 day, 1:56:30 INFO ===< BalancedPass::curly >===
1 day, 1:56:59 INFO ===< BalancedPass::curly2 >===
1 day, 1:56:59 INFO ===< BalancedPass::curly3 >===
1 day, 1:57:12 INFO ===< BalancedPass::parens >===
1 day, 1:57:14 INFO ===< BalancedPass::angles >===
1 day, 1:57:25 INFO ===< BalancedPass::square >===
1 day, 1:57:42 INFO ===< BalancedPass::curly-inside >===
1 day, 1:57:51 INFO ===< BalancedPass::parens-inside >===
1 day, 1:57:53 INFO ===< BalancedPass::angles-inside >===
1 day, 1:58:04 INFO ===< BalancedPass::square-inside >===
1 day, 1:58:25 INFO ===< BalancedPass::curly-only >===
1 day, 1:58:27 INFO ===< BalancedPass::angles-only >===
1 day, 1:58:39 INFO ===< BalancedPass::square-only >===
1 day, 1:58:39 INFO ===< ClangPass::remove-namespace >===
1 day, 1:58:40 INFO ===< ClangPass::aggregate-to-scalar >===
1 day, 1:58:40 INFO ===< ClangPass::param-to-global >===
1 day, 1:58:41 INFO ===< ClangPass::param-to-local >===
1 day, 1:58:41 INFO ===< ClangPass::remove-nested-function >===
1 day, 1:58:41 INFO ===< ClangPass::union-to-struct >===
1 day, 1:58:42 INFO ===< ClangPass::return-void >===
1 day, 1:58:42 INFO ===< ClangPass::simple-inliner >===
1 day, 1:58:51 INFO ===< ClangPass::reduce-pointer-level >===
1 day, 1:58:51 INFO ===< ClangPass::lift-assignment-expr >===
1 day, 1:58:51 INFO ===< ClangPass::copy-propagation >===
1 day, 1:58:52 INFO ===< ClangHintsPass::callexpr-to-value >===
1 day, 1:58:52 INFO ===< ClangPass::replace-callexpr >===
1 day, 1:58:54 INFO ===< ClangPass::simplify-callexpr >===
1 day, 1:58:54 INFO ===< ClangHintsPass::remove-unused-function >===
1 day, 1:58:53 INFO using C++ standard: c++2b with 0 transformation opportunities
1 day, 1:58:54 INFO ===< ClangBinarySearchPass::remove-unused-enum-member >===
1 day, 1:58:54 INFO ===< ClangPass::remove-enum-member-value >===
1 day, 1:58:54 INFO using C++ standard: c++2b with 8 transformation opportunities
1 day, 1:58:56 INFO ===< ClangBinarySearchPass::remove-unused-var >===
1 day, 1:58:56 INFO ===< ClangPass::simplify-if >===
1 day, 1:58:56 INFO ===< ClangPass::reduce-array-dim >===
1 day, 1:58:56 INFO ===< ClangPass::reduce-array-size >===
1 day, 1:58:57 INFO ===< ClangPass::move-definition-to-declaration >===
1 day, 1:58:57 INFO ===< ClangPass::simplify-comma-expr >===
1 day, 1:58:57 INFO ===< ClangPass::simplify-dependent-typedef >===
1 day, 1:58:57 INFO ===< ClangPass::replace-simple-typedef >===
1 day, 1:58:57 INFO ===< ClangHintsPass::replace-dependent-typedef >===
1 day, 1:58:57 INFO ===< ClangPass::replace-one-level-typedef-type >===
1 day, 1:59:24 INFO ===< ClangPass::remove-unused-field >===
1 day, 1:59:24 INFO cache hit for HIPProg.hip
1 day, 1:59:24 INFO ===< ClangPass::instantiate-template-type-param-to-int >===
1 day, 1:59:24 INFO cache hit for HIPProg.hip
1 day, 1:59:24 INFO ===< ClangPass::instantiate-template-param >===
1 day, 1:59:24 INFO cache hit for HIPProg.hip
1 day, 1:59:24 INFO ===< ClangPass::template-arg-to-int >===
1 day, 1:59:24 INFO cache hit for HIPProg.hip
1 day, 1:59:24 INFO ===< ClangPass::template-non-type-arg-to-int >===
1 day, 1:59:24 INFO cache hit for HIPProg.hip
1 day, 1:59:24 INFO ===< ClangPass::reduce-class-template-param >===
1 day, 1:59:24 INFO cache hit for HIPProg.hip
1 day, 1:59:24 INFO ===< ClangPass::remove-trivial-base-template >===
1 day, 1:59:24 INFO cache hit for HIPProg.hip
1 day, 1:59:24 INFO ===< ClangPass::class-template-to-class >===
1 day, 1:59:24 INFO cache hit for HIPProg.hip
1 day, 1:59:24 INFO ===< ClangPass::merge-base-class >===
1 day, 1:59:24 INFO cache hit for HIPProg.hip
1 day, 1:59:24 INFO ===< ClangPass::remove-base-class >===
1 day, 1:59:24 INFO cache hit for HIPProg.hip
1 day, 1:59:24 INFO ===< ClangPass::replace-derived-class >===
1 day, 1:59:24 INFO cache hit for HIPProg.hip
1 day, 1:59:24 INFO ===< ClangPass::remove-unresolved-base >===
1 day, 1:59:24 INFO cache hit for HIPProg.hip
1 day, 1:59:24 INFO ===< ClangPass::remove-ctor-initializer >===
1 day, 1:59:24 INFO cache hit for HIPProg.hip
1 day, 1:59:24 INFO ===< ClangPass::replace-class-with-base-template-spec >===
1 day, 1:59:24 INFO cache hit for HIPProg.hip
1 day, 1:59:24 INFO ===< ClangPass::simplify-nested-class >===
1 day, 1:59:24 INFO cache hit for HIPProg.hip
1 day, 1:59:24 INFO ===< ClangPass::remove-unused-outer-class >===
1 day, 1:59:24 INFO cache hit for HIPProg.hip
1 day, 1:59:24 INFO ===< ClangPass::empty-struct-to-int >===
1 day, 1:59:24 INFO cache hit for HIPProg.hip
1 day, 1:59:24 INFO ===< ClangPass::remove-pointer >===
1 day, 1:59:24 INFO cache hit for HIPProg.hip
1 day, 1:59:24 INFO ===< ClangPass::reduce-pointer-pairs >===
1 day, 1:59:24 INFO cache hit for HIPProg.hip
1 day, 1:59:24 INFO ===< ClangPass::remove-array >===
1 day, 1:59:24 INFO cache hit for HIPProg.hip
1 day, 1:59:24 INFO ===< ClangPass::remove-addr-taken >===
1 day, 1:59:24 INFO cache hit for HIPProg.hip
1 day, 1:59:24 INFO ===< ClangPass::simplify-struct >===
1 day, 1:59:24 INFO cache hit for HIPProg.hip
1 day, 1:59:24 INFO ===< ClangPass::replace-undefined-function >===
1 day, 1:59:24 INFO cache hit for HIPProg.hip
1 day, 1:59:24 INFO ===< ClangPass::replace-array-index-var >===
1 day, 1:59:24 INFO cache hit for HIPProg.hip
1 day, 1:59:24 INFO ===< ClangPass::replace-array-access-with-index >===
1 day, 1:59:24 INFO cache hit for HIPProg.hip
1 day, 1:59:24 INFO ===< ClangPass::replace-dependent-name >===
1 day, 1:59:24 INFO cache hit for HIPProg.hip
1 day, 1:59:24 INFO ===< ClangPass::simplify-recursive-template-instantiation >===
1 day, 1:59:24 INFO cache hit for HIPProg.hip
1 day, 1:59:24 INFO ===< ClangPass::vector-to-array >===
1 day, 1:59:24 INFO cache hit for HIPProg.hip
1 day, 1:59:24 INFO ===< ClangPass::remove-try-catch >===
1 day, 1:59:24 INFO cache hit for HIPProg.hip
1 day, 1:59:24 INFO ===< ClangPass::class-to-struct >===
1 day, 1:59:24 INFO cache hit for HIPProg.hip
1 day, 1:59:24 INFO ===< ClangPass::member-to-global >===
1 day, 1:59:24 INFO cache hit for HIPProg.hip
1 day, 1:59:24 INFO ===< LinesPass::0 >===
1 day, 1:59:24 INFO cache hit for HIPProg.hip
1 day, 1:59:24 INFO ===< LinesPass::1 >===
1 day, 1:59:24 INFO cache hit for HIPProg.hip
1 day, 1:59:24 INFO ===< LinesPass::2 >===
1 day, 1:59:24 INFO cache hit for HIPProg.hip
1 day, 1:59:24 INFO ===< LinesPass::3 >===
1 day, 1:59:24 INFO cache hit for HIPProg.hip
1 day, 1:59:24 INFO ===< LinesPass::4 >===
1 day, 1:59:24 INFO cache hit for HIPProg.hip
1 day, 1:59:24 INFO ===< LinesPass::6 >===
1 day, 1:59:24 INFO cache hit for HIPProg.hip
1 day, 1:59:24 INFO ===< LinesPass::8 >===
1 day, 1:59:24 INFO cache hit for HIPProg.hip
1 day, 1:59:24 INFO ===< LinesPass::10 >===
1 day, 1:59:24 INFO cache hit for HIPProg.hip
1 day, 1:59:24 INFO ===< CommentsPass >===
1 day, 1:59:24 INFO cache hit for HIPProg.hip
1 day, 1:59:24 INFO ===< SpecialPass::b >===
1 day, 1:59:24 INFO cache hit for HIPProg.hip
1 day, 1:59:24 INFO ===< SpecialPass::c >===
1 day, 1:59:24 INFO cache hit for HIPProg.hip
1 day, 1:59:24 INFO ===< IndentPass::regular >===
1 day, 1:59:24 INFO cache hit for HIPProg.hip
1 day, 1:59:24 INFO ===< BalancedPass::parens-to-zero >===
1 day, 1:59:25 INFO cache hit for HIPProg.hip
1 day, 1:59:25 INFO ===< ClexHintsPass::rm-toks-1-to-16 >===
1 day, 1:59:25 INFO cache hit for HIPProg.hip
1 day, 1:59:25 INFO ===< ClexPass::rm-tok-pattern-4 >===
1 day, 1:59:25 INFO cache hit for HIPProg.hip
1 day, 1:59:25 INFO ===< ClangPass::local-to-global >===
1 day, 1:59:25 INFO cache hit for HIPProg.hip
1 day, 1:59:25 INFO ===< PeepPass::c >===
1 day, 1:59:25 INFO cache hit for HIPProg.hip
1 day, 1:59:25 INFO ===< IntsPass::a >===
1 day, 1:59:25 INFO cache hit for HIPProg.hip
1 day, 1:59:25 INFO ===< IntsPass::b >===
1 day, 1:59:25 INFO cache hit for HIPProg.hip
1 day, 1:59:25 INFO ===< IntsPass::c >===
1 day, 1:59:25 INFO cache hit for HIPProg.hip
1 day, 1:59:25 INFO ===< IntsPass::d >===
1 day, 1:59:25 INFO cache hit for HIPProg.hip
1 day, 1:59:25 INFO ===< IntsPass::c >===
1 day, 1:59:25 INFO cache hit for HIPProg.hip
1 day, 1:59:25 INFO ===< BalancedPass::parens-only >===
1 day, 1:59:25 INFO cache hit for HIPProg.hip
1 day, 1:59:25 INFO ===< ClexPass::delete-string >===
1 day, 1:59:25 INFO cache hit for HIPProg.hip
1 day, 1:59:25 INFO Termination check: size was 4810; now 4810
1 day, 1:59:25 INFO CLEANUP PASSES
1 day, 1:59:25 INFO ===< ClexPass::define >===
1 day, 1:59:26 INFO ===< ClangPass::combine-global-var >===
1 day, 1:59:27 INFO ===< ClangPass::combine-local-var >===
1 day, 1:59:27 INFO ===< ClangPass::simplify-struct-union-decl >===
1 day, 1:59:27 INFO ===< ClangPass::move-global-var >===
1 day, 1:59:27 INFO ===< ClangPass::unify-function-decl >===
1 day, 1:59:27 INFO cache hit for HIPProg.hip
1 day, 1:59:27 INFO ===< LinesPass::0 >===
1 day, 1:59:27 INFO cache hit for HIPProg.hip
1 day, 1:59:27 INFO ===< ClexPass::delete-string >===
1 day, 1:59:44 INFO (97.7%, 4763 bytes, 214 lines)
1 day, 1:59:46 INFO ===< BlankPass >===
1 day, 1:59:48 INFO ===< BlankPass >===
1 day, 1:59:48 INFO ===================== done ====================
===< PASS statistics >===
  pass name                                                     bytes reduced time (s) time (%)   worked   failed  total executed
  BalancedPass::curly-inside                                            59072   852.56     0.91       33      858             891
  LinesPass::2                                                          42228   593.82     0.63       22     1541            1563
  BalancedPass::curly3                                                  24035   384.64     0.41       26       73              99
  CommentsPass                                                          11844    69.93     0.07        9      923             932
  BalancedPass::curly                                                   11302   696.95     0.74        4     1638            1642
  LinesPass::3                                                           9429   132.01     0.14       19       74              93
  LinesPass::None                                                        6853  1348.21     1.44       40     3483            3523
  LinesPass::1                                                           6421  2219.30     2.37       50     5517            5567
  LinesPass::8                                                           5304     6.25     0.01        1        0               1
  LinesPass::4                                                           4720   137.84     0.15       20       63              83
  BalancedPass::parens-to-zero                                           3859   474.20     0.51       26     1644            1670
  LinesPass::6                                                           3625    47.64     0.05        5       37              42
  ClangHintsPass::callexpr-to-value                                      2780   351.63     0.38       63      211             274
  LinesPass::0                                                           2044   465.64     0.50       11     1431            1442
  TreeSitterPass::remove-function                                        1724    70.06     0.07        2      361             363
  ClangHintsPass::replace-function-def-with-decl                         1684    54.61     0.06        3      193             196
  ClexHintsPass::rm-toks-1-to-4                                           716  6257.30     6.69      141    20629           20770
  BlankPass                                                               315   177.20     0.19       14      298             312
  ClangPass::remove-unused-field                                          292   379.16     0.41        9      736             745
  BalancedPass::parens                                                    277   359.05     0.38        3     1654            1657
  BalancedPass::curly-only                                                204   574.06     0.61       11     1384            1395
  BalancedPass::curly2                                                    184   697.86     0.75       12     1616            1628
  ClexHintsPass::rm-toks-5-to-8                                           115  5556.42     5.94       18    20417           20435
  ClexHintsPass::rm-toks-9-to-12                                          108  5466.63     5.84        5    20350           20355
  IntsPass::a                                                             105  1664.70     1.78      105      848             953
  BalancedPass::square                                                     87   670.21     0.72       18     1891            1909
  BalancedPass::parens-inside                                              70   295.47     0.32        3     1427            1430
  ClangHintsPass::remove-unused-function                                   67    65.19     0.07        3      123             126
  BalancedPass::parens-only                                                52   345.42     0.37       29     1339            1368
  IntsPass::c                                                              22   230.88     0.25       16       88             104
  ClexHintsPass::rm-toks-1-to-16                                           20 34443.72    36.80       14   113297          113311
  ClangPass::empty-struct-to-int                                           19    16.85     0.02        2       31              33
  IntsPass::b                                                              10    53.61     0.06        5       65              70
  IntsPass::d                                                               6    64.42     0.07        6       36              42
  ClangPass::remove-pointer                                                 5    13.33     0.01        5       39              44
  ClangPass::reduce-pointer-level                                           4    95.66     0.10        4      244             248
  BalancedPass::square-only                                                 2   609.57     0.65       14     1773            1787
  RmUnusedFilesPass                                                         0     0.01     0.00        0        0               0
  InlineIncludesPass                                                        0     0.01     0.00        0        0               0
  IndentPass::final                                                         0     0.03     0.00        0        1               1
  SpecialPass::c                                                            0     0.03     0.00        0        0               0
  SpecialPass::b                                                            0     0.03     0.00        0        0               0
  ClangPass::unify-function-decl                                            0     0.04     0.00        0        4               4
  LineMarkersPass                                                           0     0.05     0.00        0        0               0
  ClangPass::simplify-struct-union-decl                                     0     0.05     0.00        0        4               4
  ClangPass::move-global-var                                                0     0.06     0.00        0        4               4
  LinesPass::10                                                             0     0.08     0.00        0        0               0
  IncludeIncludesPass                                                       0     0.10     0.00        0       28              28
  ClangModuleMapPass                                                        0     0.12     0.00        0        0               0
  TernaryPass::c                                                            0     0.13     0.00        0        0               0
  TernaryPass::b                                                            0     0.13     0.00        0        0               0
  TreeSitterPass::erase-namespace                                           0     0.14     0.00        0        0               0
  MakefilePass                                                              0     0.16     0.00        0        0               0
  IndentPass::regular                                                       0     0.19     0.00        0        6               6
  ClangHintsPass::remove-unused-function (30 T)                             0     0.26     0.00        0        1               1
  ClangHintsPass::replace-function-def-with-decl (30 T)                     0     0.28     0.00        0        3               3
  ClangPass::simplify-recursive-template-instantiation                      0     0.31     0.00        0       24              24
  ClangPass::remove-base-class                                              0     0.33     0.00        0       24              24
  ClangPass::instantiate-template-param                                     0     0.33     0.00        0       24              24
  ClangPass::remove-unused-outer-class                                      0     0.33     0.00        0       24              24
  ClangPass::simplify-nested-class                                          0     0.34     0.00        0       24              24
  ClangPass::remove-unresolved-base                                         0     0.34     0.00        0       24              24
  ClangPass::template-non-type-arg-to-int                                   0     0.34     0.00        0       24              24
  ClangPass::remove-addr-taken                                              0     0.34     0.00        0       24              24
  ClangPass::replace-dependent-name                                         0     0.34     0.00        0       24              24
  ClangPass::reduce-class-template-param                                    0     0.34     0.00        0       24              24
  ClangPass::vector-to-array                                                0     0.35     0.00        0       24              24
  ClangPass::replace-class-with-base-template-spec                          0     0.35     0.00        0       24              24
  ClangPass::replace-undefined-function                                     0     0.35     0.00        0       24              24
  ClangPass::instantiate-template-type-param-to-int                         0     0.35     0.00        0       24              24
  ClangPass::simplify-struct                                                0     0.35     0.00        0       24              24
  ClangPass::remove-try-catch                                               0     0.36     0.00        0       24              24
  ClangPass::remove-array                                                   0     0.36     0.00        0       24              24
  ClangPass::replace-derived-class                                          0     0.36     0.00        0       24              24
  ClangPass::replace-array-index-var                                        0     0.36     0.00        0       24              24
  ClangPass::replace-array-access-with-index                                0     0.37     0.00        0       24              24
  ClangPass::remove-ctor-initializer                                        0     0.37     0.00        0       24              24
  ClangPass::reduce-pointer-pairs                                           0     0.37     0.00        0       24              24
  ClangPass::class-template-to-class                                        0     0.38     0.00        0       24              24
  ClangPass::merge-base-class                                               0     0.38     0.00        0       24              24
  ClangPass::remove-trivial-base-template                                   0     0.38     0.00        0       24              24
  ClangPass::template-arg-to-int                                            0     0.38     0.00        0       24              24
  ClangPass::class-to-struct                                                0     0.39     0.00        0       24              24
  ClangPass::remove-namespace                                               0     0.41     0.00        0       28              28
  ClangPass::simple-inliner                                                 0     0.41     0.00        0       28              28
  ClangPass::replace-one-level-typedef-type                                 0     0.41     0.00        0       28              28
  ClangPass::copy-propagation                                               0     0.42     0.00        0       28              28
  ClangPass::reduce-array-size                                              0     0.42     0.00        0       28              28
  ClangHintsPass::replace-dependent-typedef                                 0     0.43     0.00        0        0               0
  ClangPass::simplify-dependent-typedef                                     0     0.44     0.00        0       28              28
  ClangPass::lift-assignment-expr                                           0     0.44     0.00        0       28              28
  ClangPass::reduce-array-dim                                               0     0.44     0.00        0       28              28
  ClangPass::simplify-comma-expr                                            0     0.46     0.00        0       28              28
  ClangPass::combine-local-var                                              0     0.47     0.00        0        7               7
  ClangPass::move-definition-to-declaration                                 0     0.48     0.00        0       28              28
  ClangPass::replace-simple-typedef                                         0     0.48     0.00        0       28              28
  ClangPass::simplify-if                                                    0     0.49     0.00        0       28              28
  ClangPass::replace-callexpr                                               0     0.49     0.00        0       32              32
  SpecialPass::a                                                            0     0.57     0.00        0        2               2
  ClangPass::remove-enum-member-value                                       0     0.57     0.00        0       32              32
  ClangPass::combine-global-var                                             0     0.64     0.00        0        4               4
  ClangPass::remove-nested-function                                         0     0.73     0.00        0       28              28
  ClangPass::param-to-global                                                0     0.75     0.00        0       28              28
  IncludesPass                                                              0     0.85     0.00        0        4               4
  ClangIncludeGraphPass                                                     0     1.34     0.00        0        0               0
  ClexPass::define                                                          0     1.94     0.00        0       24              24
  ClangBinarySearchPass::remove-unused-enum-member                          0     2.44     0.00        0        0               0
  ClangPass::return-void                                                    0     2.59     0.00        0       28              28
  ClangPass::param-to-local                                                 0     2.73     0.00        0       28              28
  ClexPass::delete-string                                                   0     3.81     0.00        0       24              24
  ClangPass::simplify-callexpr                                              0     5.41     0.01        0       99              99
  ClangBinarySearchPass::remove-unused-var                                  0    18.85     0.02        0      123             123
  ClangPass::local-to-global                                                0    20.72     0.02        0      119             119
  TreeSitterPass::replace-function-def-with-decl                            0    74.61     0.08        1      294             295
  PeepPass::c                                                               0    85.90     0.09        0    29826           29826
  BalancedPass::angles-inside                                               0   123.46     0.13        0      412             412
  BalancedPass::angles-only                                                 0   128.64     0.14        0      412             412
  BalancedPass::angles                                                      0   132.30     0.14        0      430             430
  ClangPass::member-to-global                                               0   277.37     0.30        0      498             498
  BalancedPass::square-inside                                               0   547.99     0.59        1     1721            1722
  ClexHintsPass::rm-toks-13-to-16                                           0  5407.66     5.78        0    20252           20252
  ClexPass::rm-tok-pattern-4                                                0 16808.73    17.96        0    56881           56881
  ClangPass::union-to-struct                                               -2     8.58     0.01        2       34              36
  ClangPass::aggregate-to-scalar                                         -108    75.49     0.08        7       49              56
  Folding (merging transformations from other passes)                  198872  2003.05     2.14      515       58             573

Runtime: 93588 seconds
Reduced test-cases:

--- HIPProg.hip ---
#include <hip/hip_runtime.h>
#include "HIPSmith.h"
#include "safe_math_macros.h"
#define transparent_crc(X, Y, Z) transparent_crc_(&crc64_context, X, , )
struct S0 {
   uint32_t  f0;
};
struct S2 {
   int32_t  f0;
   S0  f4;
   uint64_t  f6;
};
struct S3 {};
struct S4 {
   signed f0 ;
   S0  f1;
   signed f2 ;
   signed f3 ;
   signed f4 ;
   signed f5 ;
   signed f6 ;
   signed f7 ;
   uint8_t  f8;
   signed f9 ;
};
struct S6 {S4  f6;
   S2  f7;
};
struct U7 {};
struct U8 {
   int16_t  f0;
};
struct S9 {
    S4 g_7;
    S3 g_10;
    S2 g_70;
    int32_t *g_78;
    uint16_t g_91;
    int32_t *g_102;
    int16_t *g_129;
    int64_t g_181[2];
    int64_t *g_180;
    S3 *g_194;
    S3 g_193;
    U7 g_254;
    U8 g_293;
    U8 g_292;
    int g_388;
    S3 g_436;
    S3 g_435;
    int32_t g_441;
    S6 g_520[5][8];
    uint32_t g_902[7][7][5];
    int64_t g_922;
    int8_t g_944;
    uint16_t g_945;
    S4 *g_992;
    uint32_t *g_1088;
    uint32_t **g_1087;
    U7 *g_1109;
    U7 g_1108;
    uint64_t *g_1196;
    S0 g_1197;
    int32_t *g_1230;
    uint16_t g_1265;
    int16_t g_1269;
    uint64_t g_1270;
    int32_t g_1325;
    int32_t g_1345;
    S6 g_1436;
    S6 **g_1435;
    S3 *g_1531;
    U8 g_1532;
    int32_t g_1545;
    int32_t g_1686;
    int64_t g_1738;
    int **g_1777;
    int g_1776;
    int32_t g_1796;
    int64_t g_1800;
    int8_t g_2046;
    S0 *g_2162;
    S0 ***g_2161;
    int16_t *g_2183;
    U8 g_2196;
    uint32_t *g_2206;
    int32_t g_2232;
    int64_t g_2315;
    uint32_t g_2346;
    U7 **g_2369;
    S3 g_2434;
    S2 *g_2446;
    S2 **g_2445;
    uint64_t g_2474;
};
__device__ S4  func_12(int16_t  , int32_t  , U8  , S9 * );
__device__ S3  func_1(S9 * p_2491)
{ 
    uint8_t l_8[5][1];
    U8 l_2376 {60855};
    S3 l_2490[8] ;
    int i, j;
    for (i = 0; i < 5; i++)
        for (j = 0; j < 1; j++)
            l_8[i][j] = 9;
    func_12(l_8[2][0], 0, l_2376, p_2491);
    return l_2490[7];
}
__device__ S4  func_12(int16_t  p_13, int32_t  , U8  p_15, S9 * p_2491)
{
    S4 l_2392 ;
    if (*p_2491->g_180 |= safe_rshift_func_int16_t_s_s(p_13 , p_15.f0) ^ p_15.f0)
    return l_2392;
}
__global__ void hipsmith_kernel(uint64_t *results) {
    S9 c_2492;
    S9* p_2491 = &c_2492;
    S0 **p_2491_57;
    int *p_2491_20_0;
    S2 *p_2491_67;
    U7 *p_2491_35;
    S6 *p_2491_45_1_4;
    S9 c_2493 {
        5,{},4,3,2,4,9,1,3,9, 
        {}, 
        {}, 
        &p_2491->g_70.f0, 
        1, 
        nullptr, 
        nullptr, 
        {}, 
        &p_2491->g_181[1], 
        0, 
        {}, {}, {}, {}, {}, {}, {}, {}, {}, {}, 
        5, 
        0, 
        2, 
        &p_2491->g_520[3][1].f6, 
        &p_2491->g_520[3][1].f7.f4.f0, 
        &p_2491->g_1088, 
        nullptr, 
        {}, 
        &p_2491->g_70.f6, 
        {}, 
        nullptr, 
        0, 
        1, 
        0, 
        0, 
        0, 
        {}, 
        &p_2491_45_1_4, 
        &p_2491->g_10, 
        {}, 
        {}, 
        0, 
        0, 
        &p_2491_20_0, 
        {}, 
        3, 
        6, 
        0, 
        nullptr, 
        &p_2491_57, 
        &p_2491->g_293.f0, 
        {}, 
        &p_2491->g_902[4][5][0], 
        3, 
        1, 
        7, 
        &p_2491_35, 
        {}, 
        &p_2491->g_70, 
        &p_2491_67, 
        0};
    c_2492 = c_2493;
    func_1(p_2491);
    uint64_t crc64_context = 0xFFFFFFFFFFFFFFFFUL;
    for (int i = 0; i < 2; i++)
        transparent_crc(p_2491->g_181[i], , );
    int tid = threadIdx.x + blockIdx.x * blockDim.x;
    results[tid] = (crc64_context ^ 0xFFFFFFFFFFFFFFFFUL);
}
// ------------------------------------------------------------------
// Host Main
// ------------------------------------------------------------------
int main(int argc, const char* argv[]) {
    // Config
    const unsigned int num_threads = 4;
    const unsigned int block_size = 4;
    // Host Alloc
    std::vector<uint64_t> h_results(num_threads);
    const size_t results_bytes = sizeof(uint64_t) * h_results.size();
    // Device Alloc
    uint64_t *d_results;
    HIP_CHECK(hipMalloc((void**)&d_results, results_bytes));
    HIP_CHECK(hipMemset(d_results, 0, results_bytes));
    // Dimensions
    const dim3 block_dim(block_size);
    const dim3 grid_dim((num_threads + block_size - 1) / block_size);
    // Launch
    hipLaunchKernelGGL(hipsmith_kernel, grid_dim, block_dim, 0, 0, d_results);
    HIP_CHECK(hipGetLastError());
    HIP_CHECK(hipDeviceSynchronize());
    // Copy Back
    HIP_CHECK(hipMemcpy(h_results.data(), d_results, results_bytes, hipMemcpyDeviceToHost));
    // Free
    HIP_CHECK(hipFree(d_results));
    // Output
    for (size_t i = 0; i < h_results.size(); ++i) {
        printf("Thread %zu CRC: %lu\n", i, h_results[i]);
    }
    return 0;
}

