00:00:10 ERROR Prereqs not found for pass UnIfDefPass
00:00:10 ERROR Prereqs not found for pass IfPass
00:00:10 ERROR Prereqs not found for pass UnIfDefPass
00:00:22 INFO ===< 4016623 >===
00:00:22 INFO running 4 interestingness tests in parallel
00:00:22 INFO (0.0%, 85534 bytes, 1053 lines)
00:00:22 INFO INITIAL PASSES (interleaving)
00:00:22 INFO ===<  >===
00:09:45 INFO (66.9%, 28321 bytes, 581 lines, via LinesPass::3 + BalancedPass::curly-inside + CommentsPass + LinesPass::4 + LinesPass::2 + ClangHintsPass::callexpr-to-value + LinesPass::0 + BlankPass)
00:17:45 INFO (79.8%, 17299 bytes, 452 lines, via BalancedPass::curly-inside + BalancedPass::curly3 + TreeSitterPass::remove-function + ClangHintsPass::callexpr-to-value + LinesPass::2 + LinesPass::3 + BlankPass + CommentsPass)
00:24:42 INFO (83.4%, 14178 bytes, 399 lines, via BalancedPass::parens-to-zero + LinesPass::None + LinesPass::1 + LinesPass::3 + LinesPass::2 + LinesPass::0 + TreeSitterPass::remove-function + BalancedPass::curly-inside + BalancedPass::curly-only + BalancedPass::curly3 + BlankPass)
00:31:49 INFO (86.4%, 11608 bytes, 344 lines, via BalancedPass::parens-to-zero + BalancedPass::curly2 + LinesPass::2 + LinesPass::1 + BalancedPass::curly-inside + ClexHintsPass::rm-toks-1-to-4 + LinesPass::3 + BlankPass)
00:40:30 INFO (88.7%, 9680 bytes, 292 lines, via LinesPass::1 + LinesPass::2 + TreeSitterPass::replace-function-def-with-decl + LinesPass::None + BalancedPass::parens-to-zero + BalancedPass::parens-only + BalancedPass::curly2 + BalancedPass::square + BalancedPass::curly + BalancedPass::curly-only)
00:48:11 INFO (90.8%, 7845 bytes, 259 lines, via LinesPass::0 + BalancedPass::parens-to-zero + ClexHintsPass::rm-toks-13-to-16 + BalancedPass::square + ClexHintsPass::rm-toks-5-to-8 + BalancedPass::square-inside + BalancedPass::curly)
00:56:01 INFO (92.0%, 6800 bytes, 231 lines, via LinesPass::1 + LinesPass::None + BalancedPass::parens-to-zero + BalancedPass::parens-only + ClexHintsPass::rm-toks-1-to-4 + BlankPass)
01:02:41 INFO (92.3%, 6577 bytes, 228 lines, via BalancedPass::parens-to-zero + LinesPass::2 + BalancedPass::parens-only)
01:08:13 INFO (92.6%, 6346 bytes, 217 lines, via LinesPass::1 + LinesPass::None + ClexHintsPass::rm-toks-5-to-8 + ClexHintsPass::rm-toks-1-to-4 + ClexHintsPass::rm-toks-9-to-12 + BalancedPass::curly)
01:12:16 INFO (92.8%, 6194 bytes, 212 lines, via LinesPass::1 + ClexHintsPass::rm-toks-1-to-4 + BlankPass)
01:18:07 INFO (93.0%, 6007 bytes, 206 lines, via LinesPass::2 + ClexHintsPass::rm-toks-1-to-4 + LinesPass::None)
01:22:25 INFO (93.0%, 5967 bytes, 205 lines, via LinesPass::None + ClexHintsPass::rm-toks-1-to-4)
01:25:46 INFO (93.0%, 5959 bytes, 205 lines, via ClexHintsPass::rm-toks-1-to-4 + BalancedPass::parens-to-zero)
01:28:50 INFO (93.0%, 5955 bytes, 205 lines, via ClexHintsPass::rm-toks-1-to-4 + BalancedPass::parens-only)
01:32:30 INFO (93.1%, 5912 bytes, 205 lines, via ClexHintsPass::rm-toks-1-to-4)
01:37:34 INFO (93.3%, 5745 bytes, 204 lines, via ClexHintsPass::rm-toks-1-to-4 + ClexHintsPass::rm-toks-9-to-12 + LinesPass::1)
01:44:21 INFO (93.6%, 5469 bytes, 201 lines, via ClexHintsPass::rm-toks-5-to-8 + BalancedPass::parens-to-zero + ClexHintsPass::rm-toks-1-to-4 + TreeSitterPass::replace-function-def-with-decl + ClexHintsPass::rm-toks-9-to-12)
01:47:55 INFO (93.6%, 5443 bytes, 201 lines, via BalancedPass::parens-only + BalancedPass::square)
01:51:07 INFO (93.7%, 5371 bytes, 196 lines, via LinesPass::0 + LinesPass::2 + ClexHintsPass::rm-toks-1-to-4)
01:53:48 INFO (93.8%, 5322 bytes, 195 lines, via ClexHintsPass::rm-toks-1-to-4 + LinesPass::None)
01:59:04 INFO (93.8%, 5318 bytes, 195 lines, via ClexHintsPass::rm-toks-1-to-4)
02:02:05 INFO (93.8%, 5287 bytes, 195 lines, via ClexHintsPass::rm-toks-1-to-4)
02:07:00 INFO (93.9%, 5194 bytes, 195 lines, via ClexHintsPass::rm-toks-9-to-12)
02:19:03 INFO (93.9%, 5190 bytes, 195 lines, via ClexHintsPass::rm-toks-1-to-4)
02:23:05 INFO (94.0%, 5147 bytes, 194 lines, via ClexHintsPass::rm-toks-1-to-4)
02:26:06 INFO (94.0%, 5098 bytes, 191 lines, via LinesPass::None)
02:31:33 INFO (94.0%, 5096 bytes, 191 lines, via BalancedPass::parens-only)
02:34:05 INFO (94.1%, 5077 bytes, 191 lines, via LinesPass::2)
02:40:17 INFO (94.1%, 5060 bytes, 191 lines, via ClexHintsPass::rm-toks-9-to-12)
02:46:24 INFO (94.1%, 5056 bytes, 191 lines, via ClexHintsPass::rm-toks-1-to-4)
02:49:07 INFO (94.1%, 5036 bytes, 191 lines, via ClexHintsPass::rm-toks-5-to-8)
02:52:15 INFO (94.2%, 4988 bytes, 189 lines, via BalancedPass::curly-inside + BalancedPass::parens-inside)
02:54:59 INFO (94.3%, 4898 bytes, 186 lines, via LinesPass::0)
02:58:00 INFO (94.3%, 4880 bytes, 186 lines, via ClexHintsPass::rm-toks-1-to-4)
03:01:43 INFO (94.3%, 4877 bytes, 186 lines, via BalancedPass::square)
03:04:20 INFO (94.3%, 4856 bytes, 185 lines, via LinesPass::1 + BalancedPass::square)
03:06:22 INFO (94.4%, 4832 bytes, 185 lines, via LinesPass::2)
03:14:32 INFO (94.4%, 4815 bytes, 185 lines, via ClexHintsPass::rm-toks-9-to-12)
03:21:10 INFO (94.5%, 4714 bytes, 184 lines, via ClexHintsPass::rm-toks-9-to-12 + ClexHintsPass::rm-toks-1-to-4)
03:24:29 INFO (94.5%, 4697 bytes, 183 lines, via LinesPass::1)
03:27:38 INFO (94.5%, 4679 bytes, 183 lines, via ClexHintsPass::rm-toks-1-to-4)
03:32:25 INFO (94.6%, 4653 bytes, 183 lines, via ClexHintsPass::rm-toks-5-to-8)
03:37:10 INFO (94.6%, 4593 bytes, 183 lines, via ClexHintsPass::rm-toks-5-to-8)
03:40:45 INFO (94.7%, 4576 bytes, 182 lines, via LinesPass::None)
03:46:46 INFO (94.7%, 4551 bytes, 182 lines, via ClexHintsPass::rm-toks-9-to-12)
03:58:25 INFO INITIAL PASSES
03:58:25 ERROR Skipping pass UnIfDefPass
03:58:25 ERROR Skipping pass IfPass
03:58:25 INFO ===< BalancedPass::angles, BalancedPass::angles-inside, BalancedPass::angles-only, BalancedPass::curly, BalancedPass::curly-inside, BalancedPass::curly-only, BalancedPass::curly2, BalancedPass::curly3, BalancedPass::parens, BalancedPass::parens-inside, BalancedPass::parens-only, BalancedPass::parens-to-zero, BalancedPass::square, BalancedPass::square-inside, BalancedPass::square-only, BlankPass, ClangHintsPass::callexpr-to-value, ClangHintsPass::remove-unused-function, ClangHintsPass::replace-dependent-typedef, ClangHintsPass::replace-function-def-with-decl, ClangIncludeGraphPass, ClangModuleMapPass, ClexHintsPass::rm-toks-1-to-4, ClexHintsPass::rm-toks-13-to-16, ClexHintsPass::rm-toks-5-to-8, ClexHintsPass::rm-toks-9-to-12, CommentsPass, InlineIncludesPass, LineMarkersPass, LinesPass::0, LinesPass::1, LinesPass::10, LinesPass::2, LinesPass::3, LinesPass::4, LinesPass::6, LinesPass::8, LinesPass::None, MakefilePass, RmUnusedFilesPass, TreeSitterPass::erase-namespace, TreeSitterPass::remove-function, TreeSitterPass::replace-function-def-with-decl >===
03:58:26 INFO ===< IncludesPass >===
03:58:27 INFO ===< CommentsPass >===
03:58:27 INFO ===< LineMarkersPass >===
03:58:30 INFO ===< BlankPass >===
03:58:31 INFO ===< ClangHintsPass::replace-function-def-with-decl (30 T) >===
03:58:31 INFO ===< ClangHintsPass::remove-unused-function (30 T) >===
03:58:31 INFO cache hit for HIPProg.hip
03:58:31 INFO ===< ClangHintsPass::replace-function-def-with-decl (30 T) >===
03:58:31 INFO cache hit for HIPProg.hip
03:58:31 INFO ===< ClangHintsPass::remove-unused-function (30 T) >===
03:58:31 INFO ===< ClangHintsPass::replace-function-def-with-decl >===
03:58:32 INFO ===< ClangHintsPass::remove-unused-function >===
03:58:38 INFO ===< LinesPass::0 >===
03:59:54 INFO ===< LinesPass::1 >===
04:00:02 INFO ===< LinesPass::2 >===
04:00:02 INFO ===< LinesPass::3 >===
04:00:02 INFO ===< LinesPass::4 >===
04:00:02 INFO ===< LinesPass::6 >===
04:00:02 INFO ===< LinesPass::8 >===
04:00:02 INFO ===< LinesPass::10 >===
04:00:02 INFO cache hit for HIPProg.hip
04:00:02 INFO ===< ClangHintsPass::replace-function-def-with-decl >===
04:00:02 INFO cache hit for HIPProg.hip
04:00:02 INFO ===< ClangHintsPass::remove-unused-function >===
04:00:02 INFO cache hit for HIPProg.hip
04:00:02 INFO ===< ClangHintsPass::remove-unused-function >===
04:00:15 INFO ===< BalancedPass::curly >===
04:00:29 INFO ===< BalancedPass::curly2 >===
04:00:40 INFO ===< BalancedPass::curly3 >===
04:00:48 INFO ===< BalancedPass::parens-to-zero >===
04:00:50 INFO ===< ClangHintsPass::callexpr-to-value >===
04:00:50 INFO ===< ClangPass::replace-callexpr >===
04:00:51 INFO ===< ClangPass::simplify-callexpr >===
04:00:41 INFO using C++ standard: c++2b with 0 transformation opportunities
04:00:52 INFO ===< ClangBinarySearchPass::remove-unused-enum-member >===
04:00:52 INFO ===< ClangPass::remove-enum-member-value >===
04:00:42 INFO using C++ standard: c++2b with 8 transformation opportunities
04:00:54 INFO ===< ClangBinarySearchPass::remove-unused-var >===
04:00:56 INFO ===< SpecialPass::a >===
04:00:56 INFO ===< SpecialPass::b >===
04:00:56 INFO INTERLEAVING PASSES
04:00:56 INFO ===< SpecialPass::c >===
04:03:28 INFO (94.7%, 4549 bytes, 180 lines, via BalancedPass::curly-only)
04:05:52 INFO (94.7%, 4539 bytes, 180 lines, via BlankPass)
04:10:56 INFO (94.7%, 4538 bytes, 180 lines, via ClexHintsPass::rm-toks-1-to-4)
04:14:59 INFO (94.7%, 4531 bytes, 180 lines, via ClexHintsPass::rm-toks-1-to-4)
04:17:16 INFO (94.7%, 4523 bytes, 180 lines, via ClexHintsPass::rm-toks-1-to-4)
04:19:33 INFO (94.7%, 4520 bytes, 180 lines, via ClexHintsPass::rm-toks-1-to-4)
04:22:01 INFO (94.7%, 4497 bytes, 180 lines, via ClexHintsPass::rm-toks-1-to-4)
04:52:24 INFO (94.7%, 4492 bytes, 180 lines, via ClexHintsPass::rm-toks-1-to-4)
05:32:41 INFO Termination check: size was 4551; now 4492
05:32:41 INFO ===< BalancedPass::angles, BalancedPass::angles-inside, BalancedPass::angles-only, BalancedPass::curly, BalancedPass::curly-inside, BalancedPass::curly-only, BalancedPass::curly2, BalancedPass::curly3, BalancedPass::parens, BalancedPass::parens-inside, BalancedPass::parens-only, BalancedPass::parens-to-zero, BalancedPass::square, BalancedPass::square-inside, BalancedPass::square-only, BlankPass, ClangHintsPass::callexpr-to-value, ClangHintsPass::remove-unused-function, ClangHintsPass::replace-dependent-typedef, ClangHintsPass::replace-function-def-with-decl, ClangIncludeGraphPass, ClangModuleMapPass, ClexHintsPass::rm-toks-1-to-4, ClexHintsPass::rm-toks-13-to-16, ClexHintsPass::rm-toks-5-to-8, ClexHintsPass::rm-toks-9-to-12, CommentsPass, InlineIncludesPass, LineMarkersPass, LinesPass::0, LinesPass::1, LinesPass::10, LinesPass::2, LinesPass::3, LinesPass::4, LinesPass::6, LinesPass::8, LinesPass::None, MakefilePass, RmUnusedFilesPass, TreeSitterPass::erase-namespace, TreeSitterPass::remove-function, TreeSitterPass::replace-function-def-with-decl >===
06:44:05 INFO Termination check: size was 4492; now 4492
06:44:05 INFO MAIN PASSES
06:44:05 ERROR Skipping pass UnIfDefPass
06:44:05 INFO ===< BalancedPass::angles, BalancedPass::angles-inside, BalancedPass::angles-only, BalancedPass::curly, BalancedPass::curly-inside, BalancedPass::curly-only, BalancedPass::curly2, BalancedPass::curly3, BalancedPass::parens, BalancedPass::parens-inside, BalancedPass::parens-only, BalancedPass::parens-to-zero, BalancedPass::square, BalancedPass::square-inside, BalancedPass::square-only, BlankPass, ClangHintsPass::callexpr-to-value, ClangHintsPass::remove-unused-function, ClangHintsPass::replace-dependent-typedef, ClangHintsPass::replace-function-def-with-decl, ClangIncludeGraphPass, ClangModuleMapPass, ClexHintsPass::rm-toks-1-to-4, ClexHintsPass::rm-toks-13-to-16, ClexHintsPass::rm-toks-5-to-8, ClexHintsPass::rm-toks-9-to-12, CommentsPass, InlineIncludesPass, LineMarkersPass, LinesPass::0, LinesPass::1, LinesPass::10, LinesPass::2, LinesPass::3, LinesPass::4, LinesPass::6, LinesPass::8, LinesPass::None, MakefilePass, RmUnusedFilesPass, TreeSitterPass::erase-namespace, TreeSitterPass::remove-function, TreeSitterPass::replace-function-def-with-decl >===
06:44:05 INFO ===< IncludeIncludesPass >===
06:44:05 INFO ===< TernaryPass::b >===
06:44:05 INFO ===< TernaryPass::c >===
06:44:21 INFO ===< BalancedPass::curly >===
06:44:37 INFO ===< BalancedPass::curly2 >===
06:44:37 INFO ===< BalancedPass::curly3 >===
06:44:48 INFO ===< BalancedPass::parens >===
06:44:48 INFO ===< BalancedPass::angles >===
06:44:58 INFO ===< BalancedPass::square >===
06:45:12 INFO ===< BalancedPass::curly-inside >===
06:45:18 INFO ===< BalancedPass::parens-inside >===
06:45:19 INFO ===< BalancedPass::angles-inside >===
06:45:26 INFO ===< BalancedPass::square-inside >===
06:45:37 INFO ===< BalancedPass::curly-only >===
06:45:37 INFO ===< BalancedPass::angles-only >===
06:45:47 INFO ===< BalancedPass::square-only >===
06:45:47 INFO ===< ClangPass::remove-namespace >===
06:45:47 INFO ===< ClangPass::aggregate-to-scalar >===
06:45:47 INFO ===< ClangPass::param-to-global >===
06:45:48 INFO ===< ClangPass::param-to-local >===
06:45:48 INFO ===< ClangPass::remove-nested-function >===
06:45:58 INFO (94.7%, 4493 bytes, 180 lines)
06:45:58 INFO ===< ClangPass::union-to-struct >===
06:45:59 INFO ===< ClangPass::return-void >===
06:45:59 INFO ===< ClangPass::simple-inliner >===
06:46:04 INFO ===< ClangPass::reduce-pointer-level >===
06:46:04 INFO ===< ClangPass::lift-assignment-expr >===
06:46:04 INFO ===< ClangPass::copy-propagation >===
06:46:06 INFO ===< ClangHintsPass::callexpr-to-value >===
06:46:06 INFO ===< ClangPass::replace-callexpr >===
06:46:07 INFO ===< ClangPass::simplify-callexpr >===
06:46:07 INFO ===< ClangHintsPass::remove-unused-function >===
06:45:57 INFO using C++ standard: c++2b with 0 transformation opportunities
06:46:07 INFO ===< ClangBinarySearchPass::remove-unused-enum-member >===
06:46:08 INFO ===< ClangPass::remove-enum-member-value >===
06:45:57 INFO using C++ standard: c++2b with 8 transformation opportunities
06:46:10 INFO ===< ClangBinarySearchPass::remove-unused-var >===
06:46:10 INFO ===< ClangPass::simplify-if >===
06:46:10 INFO ===< ClangPass::reduce-array-dim >===
06:46:10 INFO ===< ClangPass::reduce-array-size >===
06:46:10 INFO ===< ClangPass::move-definition-to-declaration >===
06:46:11 INFO ===< ClangPass::simplify-comma-expr >===
06:46:11 INFO ===< ClangPass::simplify-dependent-typedef >===
06:46:11 INFO ===< ClangPass::replace-simple-typedef >===
06:46:11 INFO ===< ClangHintsPass::replace-dependent-typedef >===
06:46:11 INFO ===< ClangPass::replace-one-level-typedef-type >===
06:46:35 INFO (94.8%, 4478 bytes, 178 lines)
06:46:55 INFO (94.8%, 4452 bytes, 176 lines)
06:47:17 INFO (94.8%, 4426 bytes, 174 lines)
06:47:39 INFO (94.9%, 4399 bytes, 172 lines)
06:48:01 INFO (94.9%, 4369 bytes, 170 lines)
06:48:17 INFO (94.9%, 4343 bytes, 168 lines)
06:48:34 INFO (95.0%, 4316 bytes, 166 lines)
06:48:51 INFO (95.0%, 4271 bytes, 164 lines)
06:49:05 INFO ===< ClangPass::remove-unused-field >===
06:49:05 INFO ===< ClangPass::instantiate-template-type-param-to-int >===
06:49:06 INFO ===< ClangPass::instantiate-template-param >===
06:49:06 INFO ===< ClangPass::template-arg-to-int >===
06:49:06 INFO ===< ClangPass::template-non-type-arg-to-int >===
06:49:06 INFO ===< ClangPass::reduce-class-template-param >===
06:49:06 INFO ===< ClangPass::remove-trivial-base-template >===
06:49:06 INFO ===< ClangPass::class-template-to-class >===
06:49:06 INFO ===< ClangPass::merge-base-class >===
06:49:06 INFO ===< ClangPass::remove-base-class >===
06:49:06 INFO ===< ClangPass::replace-derived-class >===
06:49:06 INFO ===< ClangPass::remove-unresolved-base >===
06:49:06 INFO ===< ClangPass::remove-ctor-initializer >===
06:49:07 INFO ===< ClangPass::replace-class-with-base-template-spec >===
06:49:07 INFO ===< ClangPass::simplify-nested-class >===
06:49:08 INFO ===< ClangPass::remove-unused-outer-class >===
06:49:09 INFO ===< ClangPass::empty-struct-to-int >===
06:49:09 INFO ===< ClangPass::remove-pointer >===
06:49:10 INFO ===< ClangPass::reduce-pointer-pairs >===
06:49:10 INFO ===< ClangPass::remove-array >===
06:49:10 INFO ===< ClangPass::remove-addr-taken >===
06:49:10 INFO ===< ClangPass::simplify-struct >===
06:49:10 INFO ===< ClangPass::replace-undefined-function >===
06:49:10 INFO ===< ClangPass::replace-array-index-var >===
06:49:10 INFO ===< ClangPass::replace-array-access-with-index >===
06:49:10 INFO ===< ClangPass::replace-dependent-name >===
06:49:10 INFO ===< ClangPass::simplify-recursive-template-instantiation >===
06:49:10 INFO ===< ClangPass::vector-to-array >===
06:49:10 INFO ===< ClangPass::remove-try-catch >===
06:49:11 INFO ===< ClangPass::class-to-struct >===
06:49:29 INFO ===< ClangPass::member-to-global >===
06:49:34 INFO ===< LinesPass::0 >===
06:50:34 INFO ===< LinesPass::1 >===
06:50:38 INFO ===< LinesPass::2 >===
06:50:38 INFO ===< LinesPass::3 >===
06:50:38 INFO ===< LinesPass::4 >===
06:50:38 INFO ===< LinesPass::6 >===
06:50:38 INFO ===< LinesPass::8 >===
06:50:38 INFO ===< LinesPass::10 >===
06:50:38 INFO ===< CommentsPass >===
06:50:38 INFO ===< SpecialPass::b >===
06:50:38 INFO ===< SpecialPass::c >===
06:50:39 INFO ===< IndentPass::regular >===
06:50:46 INFO ===< BalancedPass::parens-to-zero >===
07:46:30 INFO ===< ClexHintsPass::rm-toks-1-to-16 >===
08:16:51 INFO ===< ClexPass::rm-tok-pattern-4 >===
08:16:52 INFO ===< ClangPass::local-to-global >===
08:17:21 INFO ===< PeepPass::c >===
08:17:47 INFO (95.0%, 4270 bytes, 164 lines)
08:18:13 INFO (95.0%, 4269 bytes, 164 lines)
08:18:35 INFO (95.0%, 4268 bytes, 164 lines)
08:18:54 INFO (95.0%, 4267 bytes, 164 lines)
08:19:15 INFO (95.0%, 4266 bytes, 164 lines)
08:19:43 INFO (95.0%, 4265 bytes, 164 lines)
08:20:03 INFO (95.0%, 4264 bytes, 164 lines)
08:20:22 INFO (95.0%, 4263 bytes, 164 lines)
08:20:44 INFO (95.0%, 4262 bytes, 164 lines)
08:21:05 INFO (95.0%, 4261 bytes, 164 lines)
08:21:33 INFO (95.0%, 4260 bytes, 164 lines)
08:21:53 INFO (95.0%, 4259 bytes, 164 lines)
08:22:10 INFO (95.0%, 4258 bytes, 164 lines)
08:22:39 INFO (95.0%, 4257 bytes, 164 lines)
08:23:04 INFO (95.0%, 4256 bytes, 164 lines)
08:23:30 INFO (95.0%, 4255 bytes, 164 lines)
08:23:57 INFO (95.0%, 4254 bytes, 164 lines)
08:24:23 INFO (95.0%, 4253 bytes, 164 lines)
08:24:45 INFO (95.0%, 4252 bytes, 164 lines)
08:25:09 INFO (95.0%, 4251 bytes, 164 lines)
08:25:36 INFO (95.0%, 4250 bytes, 164 lines)
08:26:00 INFO (95.0%, 4249 bytes, 164 lines)
08:26:21 INFO (95.0%, 4248 bytes, 164 lines)
08:26:47 INFO (95.0%, 4247 bytes, 164 lines)
08:27:14 INFO (95.0%, 4246 bytes, 164 lines)
08:27:41 INFO (95.0%, 4245 bytes, 164 lines)
08:28:02 INFO (95.0%, 4244 bytes, 164 lines)
08:28:23 INFO (95.0%, 4243 bytes, 164 lines)
08:28:43 INFO (95.0%, 4242 bytes, 164 lines)
08:29:05 INFO (95.0%, 4241 bytes, 164 lines)
08:29:30 INFO (95.0%, 4240 bytes, 164 lines)
08:29:52 INFO (95.0%, 4239 bytes, 164 lines)
08:30:13 INFO (95.0%, 4238 bytes, 164 lines)
08:30:35 INFO (95.0%, 4237 bytes, 164 lines)
08:30:59 INFO (95.0%, 4236 bytes, 164 lines)
08:31:21 INFO (95.0%, 4235 bytes, 164 lines)
08:31:42 INFO (95.0%, 4234 bytes, 164 lines)
08:32:03 INFO (95.1%, 4233 bytes, 164 lines)
08:32:27 INFO (95.1%, 4232 bytes, 164 lines)
08:32:46 INFO (95.1%, 4231 bytes, 164 lines)
08:33:06 INFO (95.1%, 4230 bytes, 164 lines)
08:33:28 INFO (95.1%, 4229 bytes, 164 lines)
08:33:55 INFO (95.1%, 4228 bytes, 164 lines)
08:34:17 INFO (95.1%, 4227 bytes, 164 lines)
08:34:37 INFO (95.1%, 4226 bytes, 164 lines)
08:35:03 INFO (95.1%, 4225 bytes, 164 lines)
08:35:22 INFO (95.1%, 4224 bytes, 164 lines)
08:35:48 INFO (95.1%, 4223 bytes, 164 lines)
08:36:09 INFO (95.1%, 4222 bytes, 164 lines)
08:36:31 INFO (95.1%, 4221 bytes, 164 lines)
08:36:51 INFO (95.1%, 4220 bytes, 164 lines)
08:37:11 INFO (95.1%, 4219 bytes, 164 lines)
08:37:37 INFO (95.1%, 4218 bytes, 164 lines)
08:38:04 INFO (95.1%, 4217 bytes, 164 lines)
08:38:29 INFO (95.1%, 4216 bytes, 164 lines)
08:38:56 INFO (95.1%, 4215 bytes, 164 lines)
08:39:18 INFO (95.1%, 4214 bytes, 164 lines)
08:39:45 INFO (95.1%, 4213 bytes, 164 lines)
08:40:05 INFO (95.1%, 4212 bytes, 164 lines)
08:40:33 INFO (95.1%, 4211 bytes, 164 lines)
08:40:58 INFO (95.1%, 4210 bytes, 164 lines)
08:41:20 INFO (95.1%, 4209 bytes, 164 lines)
08:41:48 INFO (95.1%, 4208 bytes, 164 lines)
08:42:09 INFO (95.1%, 4207 bytes, 164 lines)
08:42:30 INFO (95.1%, 4206 bytes, 164 lines)
08:42:58 INFO (95.1%, 4205 bytes, 164 lines)
08:43:25 INFO (95.1%, 4204 bytes, 164 lines)
08:43:47 INFO (95.1%, 4203 bytes, 164 lines)
08:44:14 INFO (95.1%, 4202 bytes, 164 lines)
08:44:35 INFO (95.1%, 4201 bytes, 164 lines)
08:44:56 INFO (95.1%, 4200 bytes, 164 lines)
08:45:19 INFO (95.1%, 4199 bytes, 164 lines)
08:45:41 INFO (95.1%, 4198 bytes, 164 lines)
08:46:00 INFO (95.1%, 4197 bytes, 164 lines)
08:46:23 INFO (95.1%, 4196 bytes, 164 lines)
08:46:50 INFO (95.1%, 4195 bytes, 164 lines)
08:47:18 INFO (95.1%, 4194 bytes, 164 lines)
08:47:45 INFO (95.1%, 4193 bytes, 164 lines)
08:48:10 INFO (95.1%, 4192 bytes, 164 lines)
08:48:35 INFO (95.1%, 4191 bytes, 164 lines)
08:48:59 INFO (95.1%, 4190 bytes, 164 lines)
08:49:23 INFO (95.1%, 4189 bytes, 164 lines)
08:49:51 INFO (95.1%, 4188 bytes, 164 lines)
08:50:11 INFO (95.1%, 4187 bytes, 164 lines)
08:50:37 INFO (95.1%, 4186 bytes, 164 lines)
08:51:02 INFO (95.1%, 4185 bytes, 164 lines)
08:51:21 INFO (95.1%, 4184 bytes, 164 lines)
08:51:48 INFO (95.1%, 4183 bytes, 164 lines)
08:52:12 INFO (95.1%, 4182 bytes, 164 lines)
08:52:34 INFO (95.1%, 4181 bytes, 164 lines)
08:52:53 INFO (95.1%, 4180 bytes, 164 lines)
08:53:11 INFO (95.1%, 4179 bytes, 164 lines)
08:53:36 INFO (95.1%, 4178 bytes, 164 lines)
08:54:00 INFO (95.1%, 4177 bytes, 164 lines)
08:54:20 INFO (95.1%, 4176 bytes, 164 lines)
08:54:41 INFO (95.1%, 4175 bytes, 164 lines)
08:55:03 INFO (95.1%, 4174 bytes, 164 lines)
08:55:26 INFO (95.1%, 4173 bytes, 164 lines)
08:55:52 INFO (95.1%, 4172 bytes, 164 lines)
08:56:19 INFO (95.1%, 4171 bytes, 164 lines)
08:56:46 INFO (95.1%, 4170 bytes, 164 lines)
08:57:11 INFO (95.1%, 4169 bytes, 164 lines)
08:57:32 INFO (95.1%, 4168 bytes, 164 lines)
08:57:58 INFO (95.1%, 4167 bytes, 164 lines)
08:58:20 INFO (95.1%, 4166 bytes, 164 lines)
08:58:48 INFO (95.1%, 4165 bytes, 164 lines)
08:59:15 INFO (95.1%, 4164 bytes, 164 lines)
08:59:38 INFO (95.1%, 4163 bytes, 164 lines)
09:00:04 INFO (95.1%, 4162 bytes, 164 lines)
09:00:32 INFO (95.1%, 4161 bytes, 164 lines)
09:00:58 INFO (95.1%, 4160 bytes, 164 lines)
09:01:24 INFO (95.1%, 4159 bytes, 164 lines)
09:01:46 INFO (95.1%, 4158 bytes, 164 lines)
09:02:13 INFO (95.1%, 4157 bytes, 164 lines)
09:02:39 INFO (95.1%, 4156 bytes, 164 lines)
09:03:06 INFO (95.1%, 4155 bytes, 164 lines)
09:03:26 INFO (95.1%, 4154 bytes, 164 lines)
09:03:50 INFO (95.1%, 4153 bytes, 164 lines)
09:04:09 INFO (95.1%, 4152 bytes, 164 lines)
09:04:27 INFO (95.1%, 4151 bytes, 164 lines)
09:04:51 INFO (95.1%, 4150 bytes, 164 lines)
09:05:11 INFO (95.1%, 4149 bytes, 164 lines)
09:05:36 INFO (95.2%, 4148 bytes, 164 lines)
09:06:02 INFO (95.2%, 4147 bytes, 164 lines)
09:06:23 INFO (95.2%, 4146 bytes, 164 lines)
09:06:47 INFO (95.2%, 4145 bytes, 164 lines)
09:07:09 INFO (95.2%, 4144 bytes, 164 lines)
09:07:33 INFO (95.2%, 4143 bytes, 164 lines)
09:07:59 INFO (95.2%, 4142 bytes, 164 lines)
09:08:20 INFO (95.2%, 4141 bytes, 164 lines)
09:08:40 INFO (95.2%, 4140 bytes, 164 lines)
09:09:03 INFO (95.2%, 4139 bytes, 164 lines)
09:09:27 INFO (95.2%, 4138 bytes, 164 lines)
09:09:53 INFO (95.2%, 4137 bytes, 164 lines)
09:10:18 INFO (95.2%, 4136 bytes, 164 lines)
09:10:44 INFO (95.2%, 4135 bytes, 164 lines)
09:11:03 INFO (95.2%, 4134 bytes, 164 lines)
09:11:22 INFO (95.2%, 4133 bytes, 164 lines)
09:11:38 INFO (95.2%, 4132 bytes, 164 lines)
09:11:57 INFO (95.2%, 4131 bytes, 164 lines)
09:12:15 INFO (95.2%, 4130 bytes, 164 lines)
09:12:30 INFO (95.2%, 4129 bytes, 164 lines)
09:12:43 INFO (95.2%, 4128 bytes, 164 lines)
09:12:56 INFO (95.2%, 4127 bytes, 164 lines)
09:13:04 INFO ===< IntsPass::a >===
09:13:29 INFO (95.2%, 4125 bytes, 164 lines)
09:13:50 INFO (95.2%, 4123 bytes, 164 lines)
09:14:14 INFO (95.2%, 4121 bytes, 164 lines)
09:14:40 INFO (95.2%, 4119 bytes, 164 lines)
09:15:02 INFO (95.2%, 4117 bytes, 164 lines)
09:15:22 INFO (95.2%, 4115 bytes, 164 lines)
09:15:41 INFO (95.2%, 4113 bytes, 164 lines)
09:16:00 INFO (95.2%, 4111 bytes, 164 lines)
09:16:14 INFO (95.2%, 4109 bytes, 164 lines)
09:16:17 INFO ===< IntsPass::b >===
09:16:40 INFO (95.2%, 4108 bytes, 164 lines)
09:17:07 INFO (95.2%, 4107 bytes, 164 lines)
09:17:26 INFO (95.2%, 4106 bytes, 164 lines)
09:17:45 INFO (95.2%, 4104 bytes, 164 lines)
09:18:10 INFO (95.2%, 4103 bytes, 164 lines)
09:18:35 INFO (95.2%, 4102 bytes, 164 lines)
09:18:54 INFO (95.2%, 4101 bytes, 164 lines)
09:19:15 INFO (95.2%, 4099 bytes, 164 lines)
09:19:36 INFO (95.2%, 4098 bytes, 164 lines)
09:19:58 INFO (95.2%, 4097 bytes, 164 lines)
09:20:22 INFO (95.2%, 4096 bytes, 164 lines)
09:20:41 INFO (95.2%, 4095 bytes, 164 lines)
09:21:03 INFO (95.2%, 4094 bytes, 164 lines)
09:21:26 INFO (95.2%, 4093 bytes, 164 lines)
09:21:52 INFO (95.2%, 4092 bytes, 164 lines)
09:22:12 INFO (95.2%, 4090 bytes, 164 lines)
09:22:39 INFO (95.2%, 4088 bytes, 164 lines)
09:22:58 INFO (95.2%, 4086 bytes, 164 lines)
09:23:21 INFO (95.2%, 4084 bytes, 164 lines)
09:23:45 INFO (95.2%, 4083 bytes, 164 lines)
09:24:10 INFO (95.2%, 4081 bytes, 164 lines)
09:24:34 INFO (95.2%, 4080 bytes, 164 lines)
09:24:51 INFO (95.2%, 4079 bytes, 164 lines)
09:25:08 INFO (95.2%, 4078 bytes, 164 lines)
09:25:18 INFO (95.2%, 4077 bytes, 164 lines)
09:25:18 INFO ===< IntsPass::c >===
09:25:42 INFO (95.2%, 4076 bytes, 164 lines)
09:26:01 INFO (95.2%, 4075 bytes, 164 lines)
09:26:26 INFO (95.2%, 4074 bytes, 164 lines)
09:26:47 INFO (95.2%, 4073 bytes, 164 lines)
09:27:04 INFO (95.2%, 4072 bytes, 164 lines)
09:27:14 INFO (95.2%, 4071 bytes, 164 lines)
09:27:14 INFO ===< IntsPass::d >===
09:27:14 INFO ===< IntsPass::c >===
09:27:23 INFO ===< BalancedPass::parens-only >===
09:27:24 INFO ===< ClexPass::delete-string >===
09:27:25 INFO Termination check: size was 4492; now 4071
09:27:25 ERROR Skipping pass UnIfDefPass
09:27:25 INFO ===< ClexPass::define >===
09:27:25 INFO ===< IncludeIncludesPass >===
09:27:25 INFO ===< TernaryPass::b >===
09:27:25 INFO ===< TernaryPass::c >===
09:27:45 INFO ===< BalancedPass::curly >===
09:28:02 INFO ===< BalancedPass::curly2 >===
09:28:02 INFO ===< BalancedPass::curly3 >===
09:28:15 INFO ===< BalancedPass::parens >===
09:28:16 INFO ===< BalancedPass::angles >===
09:28:26 INFO ===< BalancedPass::square >===
09:28:42 INFO ===< BalancedPass::curly-inside >===
09:28:48 INFO ===< BalancedPass::parens-inside >===
09:28:49 INFO ===< BalancedPass::angles-inside >===
09:28:57 INFO ===< BalancedPass::square-inside >===
09:29:08 INFO ===< BalancedPass::curly-only >===
09:29:10 INFO ===< BalancedPass::angles-only >===
09:29:22 INFO ===< BalancedPass::square-only >===
09:29:22 INFO ===< ClangPass::remove-namespace >===
09:29:22 INFO ===< ClangPass::aggregate-to-scalar >===
09:29:23 INFO ===< ClangPass::param-to-global >===
09:29:23 INFO ===< ClangPass::param-to-local >===
09:29:23 INFO ===< ClangPass::remove-nested-function >===
09:29:23 INFO ===< ClangPass::union-to-struct >===
09:29:23 INFO ===< ClangPass::return-void >===
09:29:23 INFO ===< ClangPass::simple-inliner >===
09:29:31 INFO ===< ClangPass::reduce-pointer-level >===
09:29:31 INFO ===< ClangPass::lift-assignment-expr >===
09:29:31 INFO ===< ClangPass::copy-propagation >===
09:29:31 INFO ===< ClangHintsPass::callexpr-to-value >===
09:29:31 INFO ===< ClangPass::replace-callexpr >===
09:29:32 INFO ===< ClangPass::simplify-callexpr >===
09:29:32 INFO ===< ClangHintsPass::remove-unused-function >===
09:29:22 INFO using C++ standard: c++2b with 0 transformation opportunities
09:29:32 INFO ===< ClangBinarySearchPass::remove-unused-enum-member >===
09:29:33 INFO ===< ClangPass::remove-enum-member-value >===
09:29:22 INFO using C++ standard: c++2b with 8 transformation opportunities
09:29:35 INFO ===< ClangBinarySearchPass::remove-unused-var >===
09:29:35 INFO ===< ClangPass::simplify-if >===
09:29:35 INFO ===< ClangPass::reduce-array-dim >===
09:29:35 INFO ===< ClangPass::reduce-array-size >===
09:29:36 INFO ===< ClangPass::move-definition-to-declaration >===
09:29:36 INFO ===< ClangPass::simplify-comma-expr >===
09:29:36 INFO ===< ClangPass::simplify-dependent-typedef >===
09:29:36 INFO ===< ClangPass::replace-simple-typedef >===
09:29:36 INFO ===< ClangHintsPass::replace-dependent-typedef >===
09:29:36 INFO ===< ClangPass::replace-one-level-typedef-type >===
09:29:59 INFO ===< ClangPass::remove-unused-field >===
09:29:59 INFO ===< ClangPass::instantiate-template-type-param-to-int >===
09:29:59 INFO ===< ClangPass::instantiate-template-param >===
09:29:59 INFO ===< ClangPass::template-arg-to-int >===
09:29:59 INFO ===< ClangPass::template-non-type-arg-to-int >===
09:29:59 INFO ===< ClangPass::reduce-class-template-param >===
09:30:00 INFO ===< ClangPass::remove-trivial-base-template >===
09:30:00 INFO ===< ClangPass::class-template-to-class >===
09:30:00 INFO ===< ClangPass::merge-base-class >===
09:30:00 INFO ===< ClangPass::remove-base-class >===
09:30:00 INFO ===< ClangPass::replace-derived-class >===
09:30:00 INFO ===< ClangPass::remove-unresolved-base >===
09:30:00 INFO ===< ClangPass::remove-ctor-initializer >===
09:30:00 INFO ===< ClangPass::replace-class-with-base-template-spec >===
09:30:00 INFO ===< ClangPass::simplify-nested-class >===
09:30:02 INFO ===< ClangPass::remove-unused-outer-class >===
09:30:03 INFO ===< ClangPass::empty-struct-to-int >===
09:30:03 INFO ===< ClangPass::remove-pointer >===
09:30:03 INFO ===< ClangPass::reduce-pointer-pairs >===
09:30:03 INFO ===< ClangPass::remove-array >===
09:30:03 INFO ===< ClangPass::remove-addr-taken >===
09:30:04 INFO ===< ClangPass::simplify-struct >===
09:30:04 INFO ===< ClangPass::replace-undefined-function >===
09:30:04 INFO ===< ClangPass::replace-array-index-var >===
09:30:04 INFO ===< ClangPass::replace-array-access-with-index >===
09:30:04 INFO ===< ClangPass::replace-dependent-name >===
09:30:04 INFO ===< ClangPass::simplify-recursive-template-instantiation >===
09:30:04 INFO ===< ClangPass::vector-to-array >===
09:30:04 INFO ===< ClangPass::remove-try-catch >===
09:30:04 INFO ===< ClangPass::class-to-struct >===
09:30:28 INFO ===< ClangPass::member-to-global >===
09:30:35 INFO ===< LinesPass::0 >===
09:31:52 INFO ===< LinesPass::1 >===
09:31:56 INFO ===< LinesPass::2 >===
09:31:57 INFO ===< LinesPass::3 >===
09:31:57 INFO ===< LinesPass::4 >===
09:31:57 INFO ===< LinesPass::6 >===
09:31:57 INFO ===< LinesPass::8 >===
09:31:57 INFO ===< LinesPass::10 >===
09:31:57 INFO ===< CommentsPass >===
09:31:57 INFO ===< SpecialPass::b >===
09:31:57 INFO ===< SpecialPass::c >===
09:31:57 INFO ===< IndentPass::regular >===
09:32:06 INFO ===< BalancedPass::parens-to-zero >===
10:39:09 INFO ===< ClexHintsPass::rm-toks-1-to-16 >===
11:11:36 INFO ===< ClexPass::rm-tok-pattern-4 >===
11:11:36 INFO ===< ClangPass::local-to-global >===
11:11:57 INFO ===< PeepPass::c >===
11:12:22 INFO (95.2%, 4070 bytes, 164 lines)
11:12:40 INFO (95.2%, 4069 bytes, 164 lines)
11:13:04 INFO (95.2%, 4068 bytes, 164 lines)
11:13:28 INFO (95.2%, 4067 bytes, 164 lines)
11:13:44 INFO (95.2%, 4066 bytes, 164 lines)
11:13:55 INFO (95.2%, 4065 bytes, 164 lines)
11:14:01 INFO ===< IntsPass::a >===
11:14:01 INFO ===< IntsPass::b >===
11:14:01 INFO ===< IntsPass::c >===
11:14:01 INFO ===< IntsPass::d >===
11:14:01 INFO cache hit for HIPProg.hip
11:14:01 INFO ===< IntsPass::c >===
11:14:09 INFO ===< BalancedPass::parens-only >===
11:14:11 INFO ===< ClexPass::delete-string >===
11:14:12 INFO Termination check: size was 4071; now 4065
11:14:12 ERROR Skipping pass UnIfDefPass
11:14:12 INFO ===< ClexPass::define >===
11:14:12 INFO ===< IncludeIncludesPass >===
11:14:12 INFO ===< TernaryPass::b >===
11:14:12 INFO ===< TernaryPass::c >===
11:14:29 INFO ===< BalancedPass::curly >===
11:14:46 INFO ===< BalancedPass::curly2 >===
11:14:46 INFO ===< BalancedPass::curly3 >===
11:14:58 INFO ===< BalancedPass::parens >===
11:14:59 INFO ===< BalancedPass::angles >===
11:15:10 INFO ===< BalancedPass::square >===
11:15:26 INFO ===< BalancedPass::curly-inside >===
11:15:32 INFO ===< BalancedPass::parens-inside >===
11:15:33 INFO ===< BalancedPass::angles-inside >===
11:15:41 INFO ===< BalancedPass::square-inside >===
11:15:52 INFO ===< BalancedPass::curly-only >===
11:15:53 INFO ===< BalancedPass::angles-only >===
11:16:06 INFO ===< BalancedPass::square-only >===
11:16:06 INFO ===< ClangPass::remove-namespace >===
11:16:06 INFO ===< ClangPass::aggregate-to-scalar >===
11:16:07 INFO ===< ClangPass::param-to-global >===
11:16:07 INFO ===< ClangPass::param-to-local >===
11:16:07 INFO ===< ClangPass::remove-nested-function >===
11:16:07 INFO ===< ClangPass::union-to-struct >===
11:16:07 INFO ===< ClangPass::return-void >===
11:16:07 INFO ===< ClangPass::simple-inliner >===
11:16:13 INFO ===< ClangPass::reduce-pointer-level >===
11:16:14 INFO ===< ClangPass::lift-assignment-expr >===
11:16:14 INFO ===< ClangPass::copy-propagation >===
11:16:14 INFO ===< ClangHintsPass::callexpr-to-value >===
11:16:14 INFO ===< ClangPass::replace-callexpr >===
11:16:15 INFO ===< ClangPass::simplify-callexpr >===
11:16:15 INFO ===< ClangHintsPass::remove-unused-function >===
11:16:05 INFO using C++ standard: c++2b with 0 transformation opportunities
11:16:15 INFO ===< ClangBinarySearchPass::remove-unused-enum-member >===
11:16:16 INFO ===< ClangPass::remove-enum-member-value >===
11:16:05 INFO using C++ standard: c++2b with 8 transformation opportunities
11:16:18 INFO ===< ClangBinarySearchPass::remove-unused-var >===
11:16:18 INFO ===< ClangPass::simplify-if >===
11:16:18 INFO ===< ClangPass::reduce-array-dim >===
11:16:18 INFO ===< ClangPass::reduce-array-size >===
11:16:18 INFO ===< ClangPass::move-definition-to-declaration >===
11:16:18 INFO ===< ClangPass::simplify-comma-expr >===
11:16:19 INFO ===< ClangPass::simplify-dependent-typedef >===
11:16:19 INFO ===< ClangPass::replace-simple-typedef >===
11:16:19 INFO ===< ClangHintsPass::replace-dependent-typedef >===
11:16:19 INFO ===< ClangPass::replace-one-level-typedef-type >===
11:16:40 INFO ===< ClangPass::remove-unused-field >===
11:16:40 INFO ===< ClangPass::instantiate-template-type-param-to-int >===
11:16:40 INFO ===< ClangPass::instantiate-template-param >===
11:16:40 INFO ===< ClangPass::template-arg-to-int >===
11:16:40 INFO ===< ClangPass::template-non-type-arg-to-int >===
11:16:41 INFO ===< ClangPass::reduce-class-template-param >===
11:16:41 INFO ===< ClangPass::remove-trivial-base-template >===
11:16:41 INFO ===< ClangPass::class-template-to-class >===
11:16:41 INFO ===< ClangPass::merge-base-class >===
11:16:41 INFO ===< ClangPass::remove-base-class >===
11:16:41 INFO ===< ClangPass::replace-derived-class >===
11:16:41 INFO ===< ClangPass::remove-unresolved-base >===
11:16:41 INFO ===< ClangPass::remove-ctor-initializer >===
11:16:41 INFO ===< ClangPass::replace-class-with-base-template-spec >===
11:16:41 INFO ===< ClangPass::simplify-nested-class >===
11:16:43 INFO ===< ClangPass::remove-unused-outer-class >===
11:16:44 INFO ===< ClangPass::empty-struct-to-int >===
11:16:45 INFO ===< ClangPass::remove-pointer >===
11:16:45 INFO ===< ClangPass::reduce-pointer-pairs >===
11:16:45 INFO ===< ClangPass::remove-array >===
11:16:45 INFO ===< ClangPass::remove-addr-taken >===
11:16:45 INFO ===< ClangPass::simplify-struct >===
11:16:45 INFO ===< ClangPass::replace-undefined-function >===
11:16:45 INFO ===< ClangPass::replace-array-index-var >===
11:16:45 INFO ===< ClangPass::replace-array-access-with-index >===
11:16:45 INFO ===< ClangPass::replace-dependent-name >===
11:16:45 INFO ===< ClangPass::simplify-recursive-template-instantiation >===
11:16:45 INFO ===< ClangPass::vector-to-array >===
11:16:46 INFO ===< ClangPass::remove-try-catch >===
11:16:46 INFO ===< ClangPass::class-to-struct >===
11:17:07 INFO ===< ClangPass::member-to-global >===
11:17:13 INFO ===< LinesPass::0 >===
11:18:24 INFO ===< LinesPass::1 >===
11:18:29 INFO ===< LinesPass::2 >===
11:18:29 INFO ===< LinesPass::3 >===
11:18:29 INFO ===< LinesPass::4 >===
11:18:29 INFO ===< LinesPass::6 >===
11:18:29 INFO ===< LinesPass::8 >===
11:18:29 INFO ===< LinesPass::10 >===
11:18:29 INFO ===< CommentsPass >===
11:18:29 INFO ===< SpecialPass::b >===
11:18:29 INFO ===< SpecialPass::c >===
11:18:30 INFO ===< IndentPass::regular >===
11:18:38 INFO ===< BalancedPass::parens-to-zero >===
12:23:51 INFO ===< ClexHintsPass::rm-toks-1-to-16 >===
12:57:40 INFO ===< ClexPass::rm-tok-pattern-4 >===
12:57:40 INFO ===< ClangPass::local-to-global >===
12:58:01 INFO ===< PeepPass::c >===
12:58:07 INFO ===< IntsPass::a >===
12:58:07 INFO cache hit for HIPProg.hip
12:58:07 INFO ===< IntsPass::b >===
12:58:07 INFO cache hit for HIPProg.hip
12:58:07 INFO ===< IntsPass::c >===
12:58:08 INFO cache hit for HIPProg.hip
12:58:08 INFO ===< IntsPass::d >===
12:58:08 INFO cache hit for HIPProg.hip
12:58:08 INFO ===< IntsPass::c >===
12:58:08 INFO cache hit for HIPProg.hip
12:58:08 INFO ===< BalancedPass::parens-only >===
12:58:08 INFO cache hit for HIPProg.hip
12:58:08 INFO ===< ClexPass::delete-string >===
12:58:08 INFO cache hit for HIPProg.hip
12:58:08 INFO Termination check: size was 4065; now 4065
12:58:08 INFO CLEANUP PASSES
12:58:08 INFO ===< ClexPass::define >===
12:58:09 INFO ===< ClangPass::combine-global-var >===
12:58:09 INFO ===< ClangPass::combine-local-var >===
12:58:09 INFO ===< ClangPass::simplify-struct-union-decl >===
12:58:09 INFO ===< ClangPass::move-global-var >===
12:58:09 INFO ===< ClangPass::unify-function-decl >===
12:58:09 INFO cache hit for HIPProg.hip
12:58:09 INFO ===< LinesPass::0 >===
12:58:09 INFO cache hit for HIPProg.hip
12:58:09 INFO ===< ClexPass::delete-string >===
12:58:31 INFO (95.3%, 4045 bytes, 164 lines)
12:58:55 INFO (95.3%, 4015 bytes, 164 lines)
12:58:57 INFO ===< BlankPass >===
12:59:00 INFO ===< BlankPass >===
12:59:01 INFO ===================== done ====================
===< PASS statistics >===
  pass name                                                     bytes reduced time (s) time (%)   worked   failed  total executed
  LinesPass::3                                                          28927    85.71     0.18       17       39              56
  BalancedPass::curly-inside                                            20200   499.68     1.07       18      502             520
  CommentsPass                                                           7619    46.98     0.10        7      676             683
  LinesPass::4                                                           4172    34.61     0.07        7        7              14
  LinesPass::2                                                           3613   377.56     0.81       30      674             704
  BalancedPass::parens-to-zero                                           2998   473.13     1.01       32     1755            1787
  LinesPass::1                                                           2256  1741.67     3.73       33     3712            3745
  BalancedPass::curly3                                                   2119   253.69     0.54       17       66              83
  LinesPass::0                                                           1802   257.53     0.55       15      664             679
  ClangHintsPass::callexpr-to-value                                      1660   116.07     0.25       28      100             128
  LinesPass::None                                                        1585  1556.20     3.33       19     3887            3906
  TreeSitterPass::remove-function                                        1404    65.57     0.14        5      276             281
  BalancedPass::curly2                                                    753   191.10     0.41        6      466             472
  ClexHintsPass::rm-toks-1-to-4                                           583  3859.15     8.26      123    12255           12378
  TreeSitterPass::replace-function-def-with-decl                          470    72.17     0.15        4      220             224
  ClexHintsPass::rm-toks-9-to-12                                          292  3593.15     7.69       65    12176           12241
  BlankPass                                                               224   156.53     0.33       15      232             247
  ClangPass::remove-unused-field                                          222   163.55     0.35        8      197             205
  ClexHintsPass::rm-toks-5-to-8                                           213  3686.58     7.89       68    12256           12324
  IntsPass::a                                                             150  2466.96     5.28      150      858            1008
  BalancedPass::parens-only                                                76   388.58     0.83       38     1526            1564
  BalancedPass::square                                                     46   339.21     0.73       17      891             908
  ClexHintsPass::rm-toks-13-to-16                                          35  3309.06     7.08        2    12293           12295
  IntsPass::c                                                              32   371.93     0.80       25      125             150
  BalancedPass::curly-only                                                 20   178.09     0.38        9      425             434
  IntsPass::b                                                              18   118.47     0.25        9       90              99
  BalancedPass::parens-inside                                              17   233.31     0.50        3     1128            1131
  IntsPass::d                                                               6    66.27     0.14        6       28              34
  BalancedPass::curly                                                       6   175.89     0.38        3      469             472
  BalancedPass::square-inside                                               2   242.13     0.52        1      726             727
  RmUnusedFilesPass                                                         0     0.00     0.00        0        0               0
  InlineIncludesPass                                                        0     0.01     0.00        0        0               0
  SpecialPass::c                                                            0     0.01     0.00        0        0               0
  IndentPass::final                                                         0     0.03     0.00        0        1               1
  SpecialPass::b                                                            0     0.03     0.00        0        0               0
  LinesPass::10                                                             0     0.04     0.00        0        0               0
  LinesPass::8                                                              0     0.04     0.00        0        0               0
  ClangPass::move-global-var                                                0     0.05     0.00        0        4               4
  TernaryPass::b                                                            0     0.05     0.00        0        0               0
  TernaryPass::c                                                            0     0.05     0.00        0        0               0
  IncludeIncludesPass                                                       0     0.06     0.00        0       12              12
  ClangPass::simplify-struct-union-decl                                     0     0.06     0.00        0        4               4
  ClangPass::unify-function-decl                                            0     0.07     0.00        0        4               4
  TreeSitterPass::erase-namespace                                           0     0.07     0.00        0        0               0
  IndentPass::regular                                                       0     0.10     0.00        0        3               3
  ClangPass::combine-local-var                                              0     0.12     0.00        0        4               4
  LineMarkersPass                                                           0     0.12     0.00        0        0               0
  ClangPass::remove-addr-taken                                              0     0.17     0.00        0       12              12
  ClangPass::remove-ctor-initializer                                        0     0.17     0.00        0       12              12
  ClangPass::simplify-if                                                    0     0.18     0.00        0       12              12
  ClangPass::reduce-pointer-pairs                                           0     0.18     0.00        0       12              12
  ClangPass::simplify-dependent-typedef                                     0     0.18     0.00        0       12              12
  ClangPass::reduce-array-size                                              0     0.18     0.00        0       12              12
  ClangHintsPass::replace-dependent-typedef                                 0     0.18     0.00        0        0               0
  ClangPass::remove-try-catch                                               0     0.18     0.00        0       12              12
  ClangPass::simple-inliner                                                 0     0.18     0.00        0       12              12
  ClangPass::remove-unresolved-base                                         0     0.18     0.00        0       12              12
  ClangPass::class-to-struct                                                0     0.18     0.00        0       12              12
  ClangPass::class-template-to-class                                        0     0.18     0.00        0       12              12
  ClangPass::replace-array-index-var                                        0     0.19     0.00        0       12              12
  ClangPass::replace-simple-typedef                                         0     0.19     0.00        0       12              12
  ClangPass::instantiate-template-type-param-to-int                         0     0.19     0.00        0       12              12
  ClangPass::replace-undefined-function                                     0     0.19     0.00        0       12              12
  ClangPass::simplify-nested-class                                          0     0.19     0.00        0       12              12
  ClangPass::remove-array                                                   0     0.19     0.00        0       12              12
  ClangPass::replace-dependent-name                                         0     0.19     0.00        0       12              12
  ClangPass::simplify-comma-expr                                            0     0.19     0.00        0       12              12
  ClangPass::replace-one-level-typedef-type                                 0     0.19     0.00        0       12              12
  ClangPass::remove-trivial-base-template                                   0     0.19     0.00        0       12              12
  ClangPass::lift-assignment-expr                                           0     0.20     0.00        0       12              12
  ClangPass::reduce-array-dim                                               0     0.20     0.00        0       12              12
  ClangPass::move-definition-to-declaration                                 0     0.20     0.00        0       12              12
  ClangPass::remove-namespace                                               0     0.20     0.00        0       12              12
  ClangPass::reduce-class-template-param                                    0     0.20     0.00        0       12              12
  ClangPass::remove-base-class                                              0     0.20     0.00        0       12              12
  ClangPass::instantiate-template-param                                     0     0.20     0.00        0       12              12
  ClangPass::simplify-recursive-template-instantiation                      0     0.20     0.00        0       12              12
  ClangPass::template-non-type-arg-to-int                                   0     0.20     0.00        0       12              12
  ClangPass::simplify-struct                                                0     0.20     0.00        0       12              12
  ClangPass::template-arg-to-int                                            0     0.20     0.00        0       12              12
  ClangPass::vector-to-array                                                0     0.20     0.00        0       12              12
  ClangPass::copy-propagation                                               0     0.21     0.00        0       12              12
  ClangPass::replace-class-with-base-template-spec                          0     0.21     0.00        0       12              12
  ClangPass::replace-array-access-with-index                                0     0.21     0.00        0       12              12
  ClangPass::replace-derived-class                                          0     0.21     0.00        0       12              12
  ClangModuleMapPass                                                        0     0.22     0.00        0        0               0
  MakefilePass                                                              0     0.24     0.00        0        0               0
  ClangPass::replace-callexpr                                               0     0.24     0.00        0       16              16
  ClangPass::remove-pointer                                                 0     0.29     0.00        0       12              12
  ClangHintsPass::remove-unused-function (30 T)                             0     0.30     0.00        0        1               1
  ClangPass::param-to-global                                                0     0.32     0.00        0       12              12
  ClangPass::aggregate-to-scalar                                            0     0.36     0.00        0       12              12
  ClangPass::merge-base-class                                               0     0.38     0.00        0       12              12
  ClangPass::remove-enum-member-value                                       0     0.44     0.00        0       16              16
  ClangHintsPass::replace-function-def-with-decl (30 T)                     0     0.48     0.00        0        3               3
  ClangPass::remove-nested-function                                         0     0.48     0.00        0       12              12
  ClangPass::return-void                                                    0     0.48     0.00        0       12              12
  SpecialPass::a                                                            0     0.62     0.00        0        2               2
  ClexPass::define                                                          0     0.69     0.00        0        8               8
  ClangPass::param-to-local                                                 0     0.76     0.00        0       12              12
  IncludesPass                                                              0     0.92     0.00        0        4               4
  ClangPass::combine-global-var                                             0     1.11     0.00        0        4               4
  ClangPass::remove-unused-outer-class                                      0     1.13     0.00        0       12              12
  ClangPass::local-to-global                                                0     1.14     0.00        0       24              24
  ClangBinarySearchPass::remove-unused-enum-member                          0     1.41     0.00        0        0               0
  ClexPass::delete-string                                                   0     1.42     0.00        0        8               8
  ClangPass::empty-struct-to-int                                            0     1.48     0.00        0       12              12
  ClangIncludeGraphPass                                                     0     1.53     0.00        0        0               0
  ClangPass::simplify-callexpr                                              0     2.26     0.00        0       50              50
  ClangBinarySearchPass::remove-unused-var                                  0     9.63     0.02        0       60              60
  ClangHintsPass::replace-function-def-with-decl                            0     9.65     0.02        0       95              95
  ClangHintsPass::remove-unused-function                                    0    12.32     0.03        0       51              51
  ClangPass::reduce-pointer-level                                           0    16.93     0.04        0       49              49
  LinesPass::6                                                              0    28.64     0.06        5        9              14
  BalancedPass::angles-only                                                 0    31.97     0.07        0      129             129
  BalancedPass::angles-inside                                               0    32.83     0.07        0      133             133
  BalancedPass::angles                                                      0    33.21     0.07        0      136             136
  PeepPass::c                                                               0    54.97     0.12        0    12407           12407
  ClangPass::member-to-global                                               0    61.29     0.13        0      156             156
  BalancedPass::square-only                                                 0   292.73     0.63        9      820             829
  BalancedPass::parens                                                      0   317.29     0.68        0     1694            1694
  ClexPass::rm-tok-pattern-4                                                0  5784.41    12.38        0    22252           22252
  ClexHintsPass::rm-toks-1-to-16                                            0 11257.88    24.09        0    44136           44136
  ClangPass::union-to-struct                                               -1     2.57     0.01        1       15              16
  Folding (merging transformations from other passes)                   80758  1705.95     3.65      440      163             603

Runtime: 46730 seconds
Reduced test-cases:

--- HIPProg.hip ---
#include <hip/hip_runtime.h>
#include "HIPSmith.h"
#include "safe_math_macros.h"
#define transparent_crc(X, Y, Z) transparent_crc_(&crc64_context, X, , )
struct S0 {
   signed f0 ;
   signed f5 ;
   unsigned f8 ;
};
struct U1 {
   uint64_t  f0;
};
struct S2 {
    int32_t g_21;
    uint8_t g_25;
    uint16_t g_35;
    S0 g_55[1][6][3];
    U1 g_56;
    int32_t *g_103;
    int32_t **g_102;
    uint32_t g_130;
    int32_t g_131;
    int16_t g_138;
    int8_t g_159;
    int32_t g_183;
    int32_t *g_182;
    uint8_t *g_226;
    uint8_t g_225;
    uint64_t g_246;
    int64_t g_267;
    int64_t g_266;
    int64_t g_271;
    int8_t g_396;
    uint8_t *g_441;
    uint8_t g_440;
    uint32_t g_447;
    int32_t ***g_515;
    int32_t ***g_516;
    uint32_t g_523;
    int64_t g_524;
    S0 *g_551;
    uint8_t g_610;
    int32_t g_641;
    int32_t ****g_649;
    int32_t *****g_648;
    uint16_t *g_746;
    uint16_t g_745;
    int32_t g_794;
    uint32_t g_826;
    int16_t g_848;
    int8_t g_851;
    int32_t g_852;
    uint16_t g_990;
    int32_t *g_1012;
    uint32_t *g_1059;
    uint32_t **g_1058;
    int32_t g_1187;
    int32_t g_1191;
    int64_t g_1196;
    uint8_t g_1323;
};
__device__ int32_t  func_2(int16_t  , uint32_t  , S0  , uint64_t  , S2 * );
__device__ int64_t  func_1(S2 * p_1325)
{    S0 l_593[] {2,2,4,2,1,6,5,1093,220, 1,9,0,6,0,5,6,4,9513};
    int32_t l_594 = 6;
    int32_t l_1324[6][7][6] ;
    func_2(p_1325->g_159, p_1325->g_396, l_593[5], l_594, p_1325);
    return l_1324[2][3][4];
}
__device__ int32_t  func_2(int16_t  p_3, uint32_t  , S0  p_5, uint64_t  , S2 * p_1325)
{
        p_5.f5 = safe_unary_minus_func_int8_t_s(0 == p_3 ^ p_5.f8) ;
        p_1325->g_56.f0 |= p_5.f5;
    return p_5.f0;
}
__global__ void hipsmith_kernel(uint64_t *results) {
    S2 c_1326;
    S2* p_1325 = &c_1326;
    S2 c_1327 {
        8, 
        9, 
        0, 
        {}, 
        {}, 
        &p_1325->g_21, 
        &p_1325->g_103, 
        5, 
        2, 
        0, 
        1, 
        8, 
        &p_1325->g_183, 
        &p_1325->g_25, 
        {}, 
        4, 
        6, 
        {}, 
        {}, 
        7, 
        nullptr, 
        {}, 
        4, 
        &p_1325->g_102, 
        nullptr, 
        2, 
        1, 
        &p_1325->g_55[0][1][0], 
        9, 
        7, 
        &p_1325->g_516, 
        &p_1325->g_649, 
        &p_1325->g_35, 
        {}, 
        1, 
        9, 
        2, 
        3, 
        3, 
        4, 
        &p_1325->g_852, 
        &p_1325->g_523, 
        &p_1325->g_1059, 
        0, 
        0, 
        6, 
        5};
    c_1326 = c_1327;
    func_1(p_1325);
    uint64_t crc64_context = 0xFFFFFFFFFFFFFFFFUL;
    transparent_crc(p_1325->g_56.f0, , );
    int tid = threadIdx.x + blockIdx.x * blockDim.x;
    results[tid] = (crc64_context ^ 0xFFFFFFFFFFFFFFFFUL);
}
// ------------------------------------------------------------------
// Host Main
// ------------------------------------------------------------------
int main(int argc, const char* argv[]) {
    // Config
    const unsigned int num_threads = 4;
    const unsigned int block_size = 4;
    // Host Alloc
    std::vector<uint64_t> h_results(num_threads);
    const size_t results_bytes = sizeof(uint64_t) * h_results.size();
    // Device Alloc
    uint64_t *d_results;
    HIP_CHECK(hipMalloc((void**)&d_results, results_bytes));
    HIP_CHECK(hipMemset(d_results, 0, results_bytes));
    // Dimensions
    const dim3 block_dim(block_size);
    const dim3 grid_dim((num_threads + block_size - 1) / block_size);
    // Launch
    hipLaunchKernelGGL(hipsmith_kernel, grid_dim, block_dim, 0, 0, d_results);
    HIP_CHECK(hipGetLastError());
    HIP_CHECK(hipDeviceSynchronize());
    // Copy Back
    HIP_CHECK(hipMemcpy(h_results.data(), d_results, results_bytes, hipMemcpyDeviceToHost));
    // Free
    HIP_CHECK(hipFree(d_results));
    // Output
    for (size_t i = 0; i < h_results.size(); ++i) {
        printf("Thread %zu CRC: %lu\n", i, h_results[i]);
    }
    return 0;
}

