00:00:00 ERROR Prereqs not found for pass UnIfDefPass
00:00:00 ERROR Prereqs not found for pass IfPass
00:00:00 ERROR Prereqs not found for pass UnIfDefPass
00:00:08 INFO ===< 3738813 >===
00:00:08 INFO running 4 interestingness tests in parallel
00:00:08 INFO (0.0%, 2268 bytes, 73 lines)
00:00:08 INFO INITIAL PASSES (interleaving)
00:00:09 INFO ===<  >===
00:32:27 INFO (100.0%, 0 bytes, via LinesPass::None + LinesPass::0)
00:32:27 INFO INITIAL PASSES
00:32:27 ERROR Skipping pass UnIfDefPass
00:32:27 ERROR Skipping pass IfPass
00:32:27 INFO ===< BalancedPass::angles, BalancedPass::angles-inside, BalancedPass::angles-only, BalancedPass::curly, BalancedPass::curly-inside, BalancedPass::curly-only, BalancedPass::curly2, BalancedPass::curly3, BalancedPass::parens, BalancedPass::parens-inside, BalancedPass::parens-only, BalancedPass::parens-to-zero, BalancedPass::square, BalancedPass::square-inside, BalancedPass::square-only, BlankPass, ClangHintsPass::callexpr-to-value, ClangHintsPass::remove-unused-function, ClangHintsPass::replace-dependent-typedef, ClangHintsPass::replace-function-def-with-decl, ClangIncludeGraphPass, ClangModuleMapPass, ClexHintsPass::rm-toks-1-to-4, ClexHintsPass::rm-toks-13-to-16, ClexHintsPass::rm-toks-5-to-8, ClexHintsPass::rm-toks-9-to-12, CommentsPass, InlineIncludesPass, LineMarkersPass, LinesPass::0, LinesPass::1, LinesPass::10, LinesPass::2, LinesPass::3, LinesPass::4, LinesPass::6, LinesPass::8, LinesPass::None, MakefilePass, RmUnusedFilesPass, TreeSitterPass::erase-namespace, TreeSitterPass::remove-function, TreeSitterPass::replace-function-def-with-decl >===
The file being reduced has reached zero size; our work here is done.

If you did not want a zero size file, you must help C-Vise out by
making sure that your interestingness test does not find files like
this to be interesting.

=========================================
[!] FATAL PYTHON EXCEPTION IN REDUCTION:
Traceback (most recent call last):
  File "/homes/eb522/imperial/fyp/hipfuzz/find_and_reduce.py", line 237, in run_reduction_task
    generate_interestingness_test(abs_work_dir, good_flag, bad_flag)
  File "/homes/eb522/imperial/fyp/hipfuzz/find_and_reduce.py", line 183, in generate_interestingness_test
    content = template_content.format(
              ^^^^^^^^^^^^^^^^^^^^^^^^
KeyError: '\n    "asan"'
=========================================

=========================================
[!] FATAL PYTHON EXCEPTION IN REDUCTION:
Traceback (most recent call last):
  File "/homes/eb522/imperial/fyp/hipfuzz/find_and_reduce.py", line 237, in run_reduction_task
    generate_interestingness_test(abs_work_dir, good_flag, bad_flag)
  File "/homes/eb522/imperial/fyp/hipfuzz/find_and_reduce.py", line 183, in generate_interestingness_test
    content = template_content.format(
              ^^^^^^^^^^^^^^^^^^^^^^^^
KeyError: 'bin_path'
=========================================
00:00:00 ERROR Prereqs not found for pass UnIfDefPass
00:00:00 ERROR Prereqs not found for pass IfPass
00:00:00 ERROR Prereqs not found for pass UnIfDefPass
00:00:08 INFO ===< 3733473 >===
00:00:08 INFO running 4 interestingness tests in parallel
00:00:08 INFO (0.0%, 109574 bytes, 1421 lines)
00:00:08 INFO INITIAL PASSES (interleaving)
00:00:08 INFO ===<  >===
00:06:20 INFO (81.1%, 20749 bytes, 539 lines, via ClangHintsPass::remove-unused-function + TreeSitterPass::remove-function + LinesPass::4 + CommentsPass + BalancedPass::curly3 + BalancedPass::curly-inside + LinesPass::0 + LinesPass::2 + BlankPass)
00:10:44 INFO (91.4%, 9450 bytes, 336 lines, via BalancedPass::curly-inside + LinesPass::1 + LinesPass::2 + LinesPass::0 + ClangHintsPass::callexpr-to-value + BalancedPass::curly3 + BlankPass + CommentsPass)
00:14:51 INFO (92.0%, 8809 bytes, 332 lines, via BalancedPass::curly-inside + LinesPass::0 + BalancedPass::parens-to-zero + ClangHintsPass::callexpr-to-value + BalancedPass::square + BlankPass + ClexHintsPass::rm-toks-1-to-4)
00:19:26 INFO (93.2%, 7505 bytes, 296 lines, via LinesPass::None + LinesPass::1 + BalancedPass::curly-inside + BalancedPass::parens-to-zero + ClexHintsPass::rm-toks-5-to-8 + BalancedPass::square + ClexHintsPass::rm-toks-9-to-12 + ClexHintsPass::rm-toks-1-to-4 + BalancedPass::parens-only + BalancedPass::curly)
00:23:16 INFO (93.2%, 7450 bytes, 295 lines, via BalancedPass::square + ClexHintsPass::rm-toks-1-to-4 + BalancedPass::parens-only + BalancedPass::parens-to-zero + BalancedPass::curly-only + BalancedPass::curly)
00:27:03 INFO (93.6%, 7055 bytes, 280 lines, via LinesPass::1 + LinesPass::None + BalancedPass::parens-only + ClexHintsPass::rm-toks-1-to-4 + BlankPass + BalancedPass::parens-to-zero)
00:29:24 INFO (93.6%, 7036 bytes, 278 lines, via ClexHintsPass::rm-toks-1-to-4 + BalancedPass::curly-inside)
00:32:22 INFO (93.9%, 6645 bytes, 270 lines, via LinesPass::1 + LinesPass::None + ClexHintsPass::rm-toks-1-to-4)
00:34:35 INFO (93.9%, 6639 bytes, 270 lines, via ClexHintsPass::rm-toks-1-to-4)
00:37:00 INFO (94.0%, 6612 bytes, 270 lines, via ClexHintsPass::rm-toks-1-to-4 + BalancedPass::parens-to-zero)
00:39:03 INFO (94.0%, 6580 bytes, 269 lines, via LinesPass::None + BalancedPass::parens-only)
00:41:16 INFO (94.1%, 6519 bytes, 268 lines, via LinesPass::None + ClexHintsPass::rm-toks-1-to-4)
00:43:51 INFO (94.2%, 6329 bytes, 268 lines, via ClexHintsPass::rm-toks-1-to-4)
00:46:16 INFO (94.3%, 6263 bytes, 268 lines, via ClexHintsPass::rm-toks-13-to-16 + ClexHintsPass::rm-toks-9-to-12 + ClexHintsPass::rm-toks-5-to-8 + BalancedPass::curly-only)
00:48:21 INFO (94.3%, 6222 bytes, 265 lines, via LinesPass::1 + BalancedPass::curly-inside)
00:50:10 INFO (94.3%, 6206 bytes, 265 lines, via BalancedPass::parens-only)
00:55:54 INFO (94.3%, 6199 bytes, 264 lines, via ClexHintsPass::rm-toks-1-to-4)
00:56:58 INFO (94.4%, 6168 bytes, 264 lines, via ClexHintsPass::rm-toks-1-to-4)
01:07:52 INFO (94.4%, 6160 bytes, 264 lines, via ClexHintsPass::rm-toks-1-to-4)
01:10:22 INFO (94.4%, 6092 bytes, 264 lines, via ClexHintsPass::rm-toks-1-to-4)
01:13:44 INFO (94.5%, 6052 bytes, 263 lines, via ClexHintsPass::rm-toks-5-to-8)
01:20:48 INFO (94.5%, 6043 bytes, 263 lines, via ClexHintsPass::rm-toks-1-to-4)
01:35:58 INFO (94.5%, 6039 bytes, 263 lines, via ClexHintsPass::rm-toks-1-to-4)
01:37:53 INFO (94.5%, 6032 bytes, 263 lines, via ClexHintsPass::rm-toks-1-to-4)
01:50:28 INFO (94.5%, 5998 bytes, 263 lines, via ClexHintsPass::rm-toks-5-to-8)
01:55:27 INFO (94.5%, 5986 bytes, 263 lines, via ClexHintsPass::rm-toks-1-to-4)
01:57:30 INFO (94.6%, 5968 bytes, 263 lines, via ClexHintsPass::rm-toks-1-to-4)
01:59:17 INFO (94.6%, 5966 bytes, 263 lines, via BalancedPass::parens-only)
02:01:33 INFO INITIAL PASSES
02:01:33 ERROR Skipping pass UnIfDefPass
02:01:33 ERROR Skipping pass IfPass
02:01:33 INFO ===< BalancedPass::angles, BalancedPass::angles-inside, BalancedPass::angles-only, BalancedPass::curly, BalancedPass::curly-inside, BalancedPass::curly-only, BalancedPass::curly2, BalancedPass::curly3, BalancedPass::parens, BalancedPass::parens-inside, BalancedPass::parens-only, BalancedPass::parens-to-zero, BalancedPass::square, BalancedPass::square-inside, BalancedPass::square-only, BlankPass, ClangHintsPass::callexpr-to-value, ClangHintsPass::remove-unused-function, ClangHintsPass::replace-dependent-typedef, ClangHintsPass::replace-function-def-with-decl, ClangIncludeGraphPass, ClangModuleMapPass, ClexHintsPass::rm-toks-1-to-4, ClexHintsPass::rm-toks-13-to-16, ClexHintsPass::rm-toks-5-to-8, ClexHintsPass::rm-toks-9-to-12, CommentsPass, InlineIncludesPass, LineMarkersPass, LinesPass::0, LinesPass::1, LinesPass::10, LinesPass::2, LinesPass::3, LinesPass::4, LinesPass::6, LinesPass::8, LinesPass::None, MakefilePass, RmUnusedFilesPass, TreeSitterPass::erase-namespace, TreeSitterPass::remove-function, TreeSitterPass::replace-function-def-with-decl >===
02:01:33 INFO ===< IncludesPass >===
02:01:34 INFO ===< CommentsPass >===
02:01:34 INFO ===< LineMarkersPass >===
02:01:35 INFO ===< BlankPass >===
02:01:35 INFO ===< ClangHintsPass::replace-function-def-with-decl (30 T) >===
02:01:36 INFO ===< ClangHintsPass::remove-unused-function (30 T) >===
02:01:36 INFO cache hit for HIPProg.hip
02:01:36 INFO ===< ClangHintsPass::replace-function-def-with-decl (30 T) >===
02:01:36 INFO cache hit for HIPProg.hip
02:01:36 INFO ===< ClangHintsPass::remove-unused-function (30 T) >===
02:01:36 INFO ===< ClangHintsPass::replace-function-def-with-decl >===
02:01:36 INFO ===< ClangHintsPass::remove-unused-function >===
02:01:39 INFO ===< LinesPass::0 >===
02:02:39 INFO ===< LinesPass::1 >===
02:02:49 INFO ===< LinesPass::2 >===
02:02:49 INFO ===< LinesPass::3 >===
02:02:49 INFO ===< LinesPass::4 >===
02:02:49 INFO ===< LinesPass::6 >===
02:02:49 INFO ===< LinesPass::8 >===
02:02:49 INFO ===< LinesPass::10 >===
02:02:49 INFO cache hit for HIPProg.hip
02:02:49 INFO ===< ClangHintsPass::replace-function-def-with-decl >===
02:02:49 INFO cache hit for HIPProg.hip
02:02:49 INFO ===< ClangHintsPass::remove-unused-function >===
02:02:49 INFO cache hit for HIPProg.hip
02:02:49 INFO ===< ClangHintsPass::remove-unused-function >===
02:03:02 INFO ===< BalancedPass::curly >===
02:03:15 INFO ===< BalancedPass::curly2 >===
02:03:27 INFO ===< BalancedPass::curly3 >===
02:03:30 INFO ===< BalancedPass::parens-to-zero >===
02:03:31 INFO ===< ClangHintsPass::callexpr-to-value >===
02:03:31 INFO ===< ClangPass::replace-callexpr >===
02:03:32 INFO ===< ClangPass::simplify-callexpr >===
02:03:31 INFO using C++ standard: c++2b with 0 transformation opportunities
02:03:32 INFO ===< ClangBinarySearchPass::remove-unused-enum-member >===
02:03:32 INFO ===< ClangPass::remove-enum-member-value >===
02:03:32 INFO using C++ standard: c++2b with 5 transformation opportunities
02:03:33 INFO ===< ClangBinarySearchPass::remove-unused-var >===
02:03:34 INFO ===< SpecialPass::a >===
02:03:34 INFO ===< SpecialPass::b >===
02:03:34 INFO INTERLEAVING PASSES
02:03:34 INFO ===< SpecialPass::c >===
02:06:19 INFO (94.6%, 5964 bytes, 263 lines, via ClexHintsPass::rm-toks-1-to-4)
02:07:49 INFO (94.6%, 5957 bytes, 263 lines, via ClexHintsPass::rm-toks-1-to-4)
02:09:30 INFO (94.6%, 5941 bytes, 263 lines, via ClexHintsPass::rm-toks-1-to-4)
03:08:16 INFO Termination check: size was 5966; now 5941
03:08:16 INFO ===< BalancedPass::angles, BalancedPass::angles-inside, BalancedPass::angles-only, BalancedPass::curly, BalancedPass::curly-inside, BalancedPass::curly-only, BalancedPass::curly2, BalancedPass::curly3, BalancedPass::parens, BalancedPass::parens-inside, BalancedPass::parens-only, BalancedPass::parens-to-zero, BalancedPass::square, BalancedPass::square-inside, BalancedPass::square-only, BlankPass, ClangHintsPass::callexpr-to-value, ClangHintsPass::remove-unused-function, ClangHintsPass::replace-dependent-typedef, ClangHintsPass::replace-function-def-with-decl, ClangIncludeGraphPass, ClangModuleMapPass, ClexHintsPass::rm-toks-1-to-4, ClexHintsPass::rm-toks-13-to-16, ClexHintsPass::rm-toks-5-to-8, ClexHintsPass::rm-toks-9-to-12, CommentsPass, InlineIncludesPass, LineMarkersPass, LinesPass::0, LinesPass::1, LinesPass::10, LinesPass::2, LinesPass::3, LinesPass::4, LinesPass::6, LinesPass::8, LinesPass::None, MakefilePass, RmUnusedFilesPass, TreeSitterPass::erase-namespace, TreeSitterPass::remove-function, TreeSitterPass::replace-function-def-with-decl >===
04:08:57 INFO Termination check: size was 5941; now 5941
04:08:57 INFO MAIN PASSES
04:08:57 ERROR Skipping pass UnIfDefPass
04:08:57 INFO ===< BalancedPass::angles, BalancedPass::angles-inside, BalancedPass::angles-only, BalancedPass::curly, BalancedPass::curly-inside, BalancedPass::curly-only, BalancedPass::curly2, BalancedPass::curly3, BalancedPass::parens, BalancedPass::parens-inside, BalancedPass::parens-only, BalancedPass::parens-to-zero, BalancedPass::square, BalancedPass::square-inside, BalancedPass::square-only, BlankPass, ClangHintsPass::callexpr-to-value, ClangHintsPass::remove-unused-function, ClangHintsPass::replace-dependent-typedef, ClangHintsPass::replace-function-def-with-decl, ClangIncludeGraphPass, ClangModuleMapPass, ClexHintsPass::rm-toks-1-to-4, ClexHintsPass::rm-toks-13-to-16, ClexHintsPass::rm-toks-5-to-8, ClexHintsPass::rm-toks-9-to-12, CommentsPass, InlineIncludesPass, LineMarkersPass, LinesPass::0, LinesPass::1, LinesPass::10, LinesPass::2, LinesPass::3, LinesPass::4, LinesPass::6, LinesPass::8, LinesPass::None, MakefilePass, RmUnusedFilesPass, TreeSitterPass::erase-namespace, TreeSitterPass::remove-function, TreeSitterPass::replace-function-def-with-decl >===
04:08:57 INFO ===< IncludeIncludesPass >===
04:08:58 INFO ===< TernaryPass::b >===
04:08:58 INFO ===< TernaryPass::c >===
04:09:15 INFO ===< BalancedPass::curly >===
04:09:33 INFO ===< BalancedPass::curly2 >===
04:09:33 INFO ===< BalancedPass::curly3 >===
04:09:39 INFO ===< BalancedPass::parens >===
04:09:40 INFO ===< BalancedPass::angles >===
04:09:48 INFO ===< BalancedPass::square >===
04:10:01 INFO ===< BalancedPass::curly-inside >===
04:10:03 INFO ===< BalancedPass::parens-inside >===
04:10:04 INFO ===< BalancedPass::angles-inside >===
04:10:13 INFO ===< BalancedPass::square-inside >===
04:10:27 INFO ===< BalancedPass::curly-only >===
04:10:27 INFO ===< BalancedPass::angles-only >===
04:10:36 INFO ===< BalancedPass::square-only >===
04:10:36 INFO ===< ClangPass::remove-namespace >===
04:10:46 INFO (94.6%, 5956 bytes, 264 lines)
04:10:52 INFO (94.6%, 5971 bytes, 265 lines)
04:10:53 INFO ===< ClangPass::aggregate-to-scalar >===
04:10:53 INFO ===< ClangPass::param-to-global >===
04:10:53 INFO ===< ClangPass::param-to-local >===
04:10:53 INFO ===< ClangPass::remove-nested-function >===
04:11:01 INFO (94.5%, 5972 bytes, 265 lines)
04:11:07 INFO (94.5%, 5973 bytes, 265 lines)
04:11:07 INFO ===< ClangPass::union-to-struct >===
04:11:08 INFO ===< ClangPass::return-void >===
04:11:08 INFO ===< ClangPass::simple-inliner >===
04:11:15 INFO ===< ClangPass::reduce-pointer-level >===
04:11:15 INFO ===< ClangPass::lift-assignment-expr >===
04:11:15 INFO ===< ClangPass::copy-propagation >===
04:11:16 INFO ===< ClangHintsPass::callexpr-to-value >===
04:11:16 INFO ===< ClangPass::replace-callexpr >===
04:11:16 INFO ===< ClangPass::simplify-callexpr >===
04:11:17 INFO ===< ClangHintsPass::remove-unused-function >===
04:11:16 INFO using C++ standard: c++2b with 0 transformation opportunities
04:11:17 INFO ===< ClangBinarySearchPass::remove-unused-enum-member >===
04:11:17 INFO ===< ClangPass::remove-enum-member-value >===
04:11:17 INFO using C++ standard: c++2b with 5 transformation opportunities
04:11:18 INFO ===< ClangBinarySearchPass::remove-unused-var >===
04:11:18 INFO ===< ClangPass::simplify-if >===
04:11:18 INFO ===< ClangPass::reduce-array-dim >===
04:11:18 INFO ===< ClangPass::reduce-array-size >===
04:11:18 INFO ===< ClangPass::move-definition-to-declaration >===
04:11:18 INFO ===< ClangPass::simplify-comma-expr >===
04:11:18 INFO ===< ClangPass::simplify-dependent-typedef >===
04:11:18 INFO ===< ClangPass::replace-simple-typedef >===
04:11:18 INFO ===< ClangHintsPass::replace-dependent-typedef >===
04:11:18 INFO ===< ClangPass::replace-one-level-typedef-type >===
04:11:30 INFO (94.6%, 5958 bytes, 263 lines)
04:11:42 INFO (94.6%, 5937 bytes, 261 lines)
04:11:55 INFO (94.6%, 5910 bytes, 259 lines)
04:12:07 INFO (94.6%, 5874 bytes, 257 lines)
04:12:19 INFO (94.7%, 5827 bytes, 255 lines)
04:12:31 INFO (94.7%, 5801 bytes, 253 lines)
04:12:43 INFO (94.7%, 5780 bytes, 251 lines)
04:12:55 INFO (94.7%, 5758 bytes, 249 lines)
04:13:07 INFO (94.8%, 5726 bytes, 247 lines)
04:13:18 INFO (94.8%, 5700 bytes, 245 lines)
04:13:33 INFO (94.8%, 5668 bytes, 243 lines)
04:13:44 INFO (94.9%, 5630 bytes, 241 lines)
04:13:57 INFO (94.9%, 5602 bytes, 239 lines)
04:14:10 INFO (94.9%, 5573 bytes, 237 lines)
04:14:21 INFO (94.9%, 5540 bytes, 235 lines)
04:14:34 INFO (95.0%, 5510 bytes, 233 lines)
04:14:46 INFO (95.0%, 5480 bytes, 231 lines)
04:14:58 INFO (95.0%, 5444 bytes, 229 lines)
04:15:11 INFO (95.1%, 5415 bytes, 227 lines)
04:15:23 INFO (95.1%, 5393 bytes, 225 lines)
04:15:35 INFO (95.1%, 5357 bytes, 223 lines)
04:15:49 INFO (95.1%, 5331 bytes, 221 lines)
04:16:00 INFO (95.2%, 5305 bytes, 219 lines)
04:16:16 INFO (95.2%, 5278 bytes, 217 lines)
04:16:29 INFO (95.2%, 5246 bytes, 215 lines)
04:16:41 INFO (95.2%, 5216 bytes, 213 lines)
04:16:54 INFO (95.3%, 5188 bytes, 211 lines)
04:17:05 INFO (95.3%, 5156 bytes, 209 lines)
04:17:16 INFO (95.3%, 5126 bytes, 207 lines)
04:17:26 INFO (95.3%, 5100 bytes, 205 lines)
04:17:39 INFO (95.4%, 5064 bytes, 203 lines)
04:17:44 INFO ===< ClangPass::remove-unused-field >===
04:17:44 INFO ===< ClangPass::instantiate-template-type-param-to-int >===
04:17:44 INFO ===< ClangPass::instantiate-template-param >===
04:17:44 INFO ===< ClangPass::template-arg-to-int >===
04:17:44 INFO ===< ClangPass::template-non-type-arg-to-int >===
04:17:44 INFO ===< ClangPass::reduce-class-template-param >===
04:17:45 INFO ===< ClangPass::remove-trivial-base-template >===
04:17:45 INFO ===< ClangPass::class-template-to-class >===
04:17:45 INFO ===< ClangPass::merge-base-class >===
04:17:45 INFO ===< ClangPass::remove-base-class >===
04:17:45 INFO ===< ClangPass::replace-derived-class >===
04:17:45 INFO ===< ClangPass::remove-unresolved-base >===
04:17:45 INFO ===< ClangPass::remove-ctor-initializer >===
04:17:45 INFO ===< ClangPass::replace-class-with-base-template-spec >===
04:17:45 INFO ===< ClangPass::simplify-nested-class >===
04:17:45 INFO ===< ClangPass::remove-unused-outer-class >===
04:17:51 INFO (95.4%, 5054 bytes, 202 lines)
04:17:52 INFO ===< ClangPass::empty-struct-to-int >===
04:17:59 INFO (95.4%, 5053 bytes, 202 lines)
04:17:59 INFO ===< ClangPass::remove-pointer >===
04:17:59 INFO ===< ClangPass::reduce-pointer-pairs >===
04:17:59 INFO ===< ClangPass::remove-array >===
04:17:59 INFO ===< ClangPass::remove-addr-taken >===
04:17:59 INFO ===< ClangPass::simplify-struct >===
04:17:59 INFO ===< ClangPass::replace-undefined-function >===
04:17:59 INFO ===< ClangPass::replace-array-index-var >===
04:17:59 INFO ===< ClangPass::replace-array-access-with-index >===
04:17:59 INFO ===< ClangPass::replace-dependent-name >===
04:17:59 INFO ===< ClangPass::simplify-recursive-template-instantiation >===
04:17:59 INFO ===< ClangPass::vector-to-array >===
04:17:59 INFO ===< ClangPass::remove-try-catch >===
04:17:59 INFO ===< ClangPass::class-to-struct >===
04:18:16 INFO ===< ClangPass::member-to-global >===
04:18:19 INFO ===< LinesPass::0 >===
04:19:04 INFO (95.4%, 5035 bytes, 201 lines)
04:19:17 INFO ===< LinesPass::1 >===
04:19:25 INFO ===< LinesPass::2 >===
04:19:25 INFO ===< LinesPass::3 >===
04:19:25 INFO ===< LinesPass::4 >===
04:19:25 INFO ===< LinesPass::6 >===
04:19:25 INFO ===< LinesPass::8 >===
04:19:25 INFO ===< LinesPass::10 >===
04:19:25 INFO ===< CommentsPass >===
04:19:25 INFO ===< SpecialPass::b >===
04:19:25 INFO ===< SpecialPass::c >===
04:19:25 INFO ===< IndentPass::regular >===
04:19:29 INFO ===< BalancedPass::parens-to-zero >===
04:22:26 INFO (95.4%, 5034 bytes, 201 lines)
04:22:37 INFO (95.4%, 5033 bytes, 201 lines)
05:03:42 INFO ===< ClexHintsPass::rm-toks-1-to-16 >===
05:25:50 INFO ===< ClexPass::rm-tok-pattern-4 >===
05:25:51 INFO ===< ClangPass::local-to-global >===
05:25:57 INFO ===< PeepPass::c >===
05:26:09 INFO (95.4%, 5032 bytes, 201 lines)
05:26:22 INFO (95.4%, 5031 bytes, 201 lines)
05:26:34 INFO (95.4%, 5030 bytes, 201 lines)
05:26:47 INFO (95.4%, 5029 bytes, 201 lines)
05:26:59 INFO (95.4%, 5028 bytes, 201 lines)
05:27:12 INFO (95.4%, 5027 bytes, 201 lines)
05:27:24 INFO (95.4%, 5026 bytes, 201 lines)
05:27:37 INFO (95.4%, 5025 bytes, 201 lines)
05:27:50 INFO (95.4%, 5024 bytes, 201 lines)
05:28:02 INFO (95.4%, 5023 bytes, 201 lines)
05:28:14 INFO (95.4%, 5022 bytes, 201 lines)
05:28:27 INFO (95.4%, 5021 bytes, 201 lines)
05:28:40 INFO (95.4%, 5020 bytes, 201 lines)
05:28:52 INFO (95.4%, 5019 bytes, 201 lines)
05:29:05 INFO (95.4%, 5018 bytes, 201 lines)
05:29:17 INFO (95.4%, 5017 bytes, 201 lines)
05:29:30 INFO (95.4%, 5016 bytes, 201 lines)
05:29:43 INFO (95.4%, 5015 bytes, 201 lines)
05:29:55 INFO (95.4%, 5014 bytes, 201 lines)
05:30:08 INFO (95.4%, 5013 bytes, 201 lines)
05:30:21 INFO (95.4%, 5012 bytes, 201 lines)
05:30:33 INFO (95.4%, 5011 bytes, 201 lines)
05:30:46 INFO (95.4%, 5010 bytes, 201 lines)
05:30:58 INFO (95.4%, 5009 bytes, 201 lines)
05:31:11 INFO (95.4%, 5008 bytes, 201 lines)
05:31:23 INFO (95.4%, 5007 bytes, 201 lines)
05:31:35 INFO (95.4%, 5006 bytes, 201 lines)
05:31:48 INFO (95.4%, 5005 bytes, 201 lines)
05:32:00 INFO (95.4%, 5004 bytes, 201 lines)
05:32:12 INFO (95.4%, 5003 bytes, 201 lines)
05:32:25 INFO (95.4%, 5002 bytes, 201 lines)
05:32:37 INFO (95.4%, 5001 bytes, 201 lines)
05:32:50 INFO (95.4%, 5000 bytes, 201 lines)
05:33:03 INFO (95.4%, 4999 bytes, 201 lines)
05:33:15 INFO (95.4%, 4998 bytes, 201 lines)
05:33:28 INFO (95.4%, 4997 bytes, 201 lines)
05:33:40 INFO (95.4%, 4996 bytes, 201 lines)
05:33:52 INFO (95.4%, 4995 bytes, 201 lines)
05:34:05 INFO (95.4%, 4994 bytes, 201 lines)
05:34:17 INFO (95.4%, 4993 bytes, 201 lines)
05:34:29 INFO (95.4%, 4992 bytes, 201 lines)
05:34:41 INFO (95.4%, 4991 bytes, 201 lines)
05:34:54 INFO (95.4%, 4990 bytes, 201 lines)
05:35:06 INFO (95.4%, 4989 bytes, 201 lines)
05:35:18 INFO (95.4%, 4988 bytes, 201 lines)
05:35:31 INFO (95.4%, 4987 bytes, 201 lines)
05:35:44 INFO (95.4%, 4986 bytes, 201 lines)
05:35:57 INFO (95.5%, 4985 bytes, 201 lines)
05:36:10 INFO (95.5%, 4984 bytes, 201 lines)
05:36:22 INFO (95.5%, 4983 bytes, 201 lines)
05:36:35 INFO (95.5%, 4982 bytes, 201 lines)
05:36:48 INFO (95.5%, 4981 bytes, 201 lines)
05:37:01 INFO (95.5%, 4980 bytes, 201 lines)
05:37:13 INFO (95.5%, 4979 bytes, 201 lines)
05:37:25 INFO (95.5%, 4978 bytes, 201 lines)
05:37:38 INFO (95.5%, 4977 bytes, 201 lines)
05:37:51 INFO (95.5%, 4976 bytes, 201 lines)
05:38:03 INFO (95.5%, 4975 bytes, 201 lines)
05:38:16 INFO (95.5%, 4974 bytes, 201 lines)
05:38:29 INFO (95.5%, 4973 bytes, 201 lines)
05:38:41 INFO (95.5%, 4972 bytes, 201 lines)
05:38:53 INFO (95.5%, 4971 bytes, 201 lines)
05:39:06 INFO (95.5%, 4970 bytes, 201 lines)
05:39:18 INFO (95.5%, 4969 bytes, 201 lines)
05:39:31 INFO (95.5%, 4968 bytes, 201 lines)
05:39:43 INFO (95.5%, 4967 bytes, 201 lines)
05:39:56 INFO (95.5%, 4966 bytes, 201 lines)
05:40:08 INFO (95.5%, 4965 bytes, 201 lines)
05:40:21 INFO (95.5%, 4964 bytes, 201 lines)
05:40:33 INFO (95.5%, 4963 bytes, 201 lines)
05:40:46 INFO (95.5%, 4962 bytes, 201 lines)
05:40:58 INFO (95.5%, 4961 bytes, 201 lines)
05:41:11 INFO (95.5%, 4960 bytes, 201 lines)
05:41:23 INFO (95.5%, 4959 bytes, 201 lines)
05:41:35 INFO (95.5%, 4958 bytes, 201 lines)
05:41:48 INFO (95.5%, 4957 bytes, 201 lines)
05:42:01 INFO (95.5%, 4956 bytes, 201 lines)
05:42:14 INFO (95.5%, 4955 bytes, 201 lines)
05:42:27 INFO (95.5%, 4954 bytes, 201 lines)
05:42:40 INFO (95.5%, 4953 bytes, 201 lines)
05:42:52 INFO (95.5%, 4952 bytes, 201 lines)
05:43:03 INFO (95.5%, 4951 bytes, 201 lines)
05:43:15 INFO (95.5%, 4950 bytes, 201 lines)
05:43:27 INFO (95.5%, 4949 bytes, 201 lines)
05:43:38 INFO (95.5%, 4948 bytes, 201 lines)
05:43:50 INFO (95.5%, 4947 bytes, 201 lines)
05:44:02 INFO (95.5%, 4946 bytes, 201 lines)
05:44:10 INFO (95.5%, 4945 bytes, 201 lines)
05:44:22 INFO (95.5%, 4944 bytes, 201 lines)
05:44:33 INFO (95.5%, 4943 bytes, 201 lines)
05:44:45 INFO (95.5%, 4942 bytes, 201 lines)
05:44:56 INFO (95.5%, 4941 bytes, 201 lines)
05:45:03 INFO (95.5%, 4940 bytes, 201 lines)
05:45:10 INFO (95.5%, 4939 bytes, 201 lines)
05:45:16 INFO (95.5%, 4938 bytes, 201 lines)
05:45:23 INFO (95.5%, 4937 bytes, 201 lines)
05:45:26 INFO ===< IntsPass::a >===
05:45:38 INFO (95.5%, 4935 bytes, 201 lines)
05:45:53 INFO (95.5%, 4933 bytes, 201 lines)
05:46:07 INFO (95.5%, 4931 bytes, 201 lines)
05:46:21 INFO (95.5%, 4929 bytes, 201 lines)
05:46:36 INFO (95.5%, 4927 bytes, 201 lines)
05:46:48 INFO (95.5%, 4925 bytes, 201 lines)
05:47:00 INFO (95.5%, 4923 bytes, 201 lines)
05:47:07 INFO (95.5%, 4921 bytes, 201 lines)
05:47:09 INFO ===< IntsPass::b >===
05:47:22 INFO (95.5%, 4919 bytes, 201 lines)
05:47:34 INFO (95.5%, 4918 bytes, 201 lines)
05:47:46 INFO (95.5%, 4916 bytes, 201 lines)
05:47:59 INFO (95.5%, 4915 bytes, 201 lines)
05:48:12 INFO (95.5%, 4913 bytes, 201 lines)
05:48:25 INFO (95.5%, 4912 bytes, 201 lines)
05:48:37 INFO (95.5%, 4911 bytes, 201 lines)
05:48:50 INFO (95.5%, 4910 bytes, 201 lines)
05:49:02 INFO (95.5%, 4909 bytes, 201 lines)
05:49:15 INFO (95.5%, 4907 bytes, 201 lines)
05:49:28 INFO (95.5%, 4906 bytes, 201 lines)
05:49:40 INFO (95.5%, 4904 bytes, 201 lines)
05:49:53 INFO (95.5%, 4903 bytes, 201 lines)
05:50:05 INFO (95.5%, 4902 bytes, 201 lines)
05:50:18 INFO (95.5%, 4901 bytes, 201 lines)
05:50:30 INFO (95.5%, 4899 bytes, 201 lines)
05:50:43 INFO (95.5%, 4897 bytes, 201 lines)
05:50:55 INFO (95.5%, 4896 bytes, 201 lines)
05:51:08 INFO (95.5%, 4894 bytes, 201 lines)
05:51:20 INFO (95.5%, 4893 bytes, 201 lines)
05:51:33 INFO (95.5%, 4891 bytes, 201 lines)
05:51:45 INFO (95.5%, 4889 bytes, 201 lines)
05:51:58 INFO (95.5%, 4888 bytes, 201 lines)
05:52:10 INFO (95.5%, 4886 bytes, 201 lines)
05:52:23 INFO (95.5%, 4885 bytes, 201 lines)
05:52:34 INFO (95.5%, 4884 bytes, 201 lines)
05:52:41 INFO (95.5%, 4883 bytes, 201 lines)
05:52:47 INFO (95.5%, 4882 bytes, 201 lines)
05:52:47 INFO ===< IntsPass::c >===
05:53:00 INFO (95.5%, 4881 bytes, 201 lines)
05:53:12 INFO (95.5%, 4880 bytes, 201 lines)
05:53:25 INFO (95.5%, 4879 bytes, 201 lines)
05:53:37 INFO (95.5%, 4878 bytes, 201 lines)
05:53:48 INFO (95.5%, 4877 bytes, 201 lines)
05:53:59 INFO (95.6%, 4876 bytes, 201 lines)
05:54:05 INFO (95.6%, 4875 bytes, 201 lines)
05:54:05 INFO ===< IntsPass::d >===
05:54:05 INFO ===< IntsPass::c >===
05:54:08 INFO ===< BalancedPass::parens-only >===
05:54:09 INFO ===< ClexPass::delete-string >===
05:54:10 INFO Termination check: size was 5941; now 4875
05:54:10 ERROR Skipping pass UnIfDefPass
05:54:10 INFO ===< ClexPass::define >===
05:54:10 INFO ===< IncludeIncludesPass >===
05:54:10 INFO ===< TernaryPass::b >===
05:54:10 INFO ===< TernaryPass::c >===
05:54:27 INFO ===< BalancedPass::curly >===
05:54:45 INFO ===< BalancedPass::curly2 >===
05:54:45 INFO ===< BalancedPass::curly3 >===
05:54:50 INFO ===< BalancedPass::parens >===
05:54:50 INFO ===< BalancedPass::angles >===
05:54:59 INFO ===< BalancedPass::square >===
05:55:11 INFO ===< BalancedPass::curly-inside >===
05:55:14 INFO ===< BalancedPass::parens-inside >===
05:55:15 INFO ===< BalancedPass::angles-inside >===
05:55:23 INFO ===< BalancedPass::square-inside >===
05:55:32 INFO ===< BalancedPass::curly-only >===
05:55:32 INFO ===< BalancedPass::angles-only >===
05:55:41 INFO ===< BalancedPass::square-only >===
05:55:41 INFO ===< ClangPass::remove-namespace >===
05:55:47 INFO (95.5%, 4888 bytes, 202 lines)
05:55:47 INFO ===< ClangPass::aggregate-to-scalar >===
05:55:47 INFO ===< ClangPass::param-to-global >===
05:55:48 INFO ===< ClangPass::param-to-local >===
05:55:48 INFO ===< ClangPass::remove-nested-function >===
05:55:48 INFO ===< ClangPass::union-to-struct >===
05:55:49 INFO ===< ClangPass::return-void >===
05:55:49 INFO ===< ClangPass::simple-inliner >===
05:55:55 INFO ===< ClangPass::reduce-pointer-level >===
05:55:55 INFO ===< ClangPass::lift-assignment-expr >===
05:55:55 INFO ===< ClangPass::copy-propagation >===
05:55:56 INFO ===< ClangHintsPass::callexpr-to-value >===
05:55:56 INFO ===< ClangPass::replace-callexpr >===
05:55:57 INFO ===< ClangPass::simplify-callexpr >===
05:55:57 INFO ===< ClangHintsPass::remove-unused-function >===
05:55:57 INFO using C++ standard: c++2b with 0 transformation opportunities
05:55:57 INFO ===< ClangBinarySearchPass::remove-unused-enum-member >===
05:55:57 INFO ===< ClangPass::remove-enum-member-value >===
05:55:57 INFO using C++ standard: c++2b with 5 transformation opportunities
05:55:58 INFO ===< ClangBinarySearchPass::remove-unused-var >===
05:55:58 INFO ===< ClangPass::simplify-if >===
05:55:58 INFO ===< ClangPass::reduce-array-dim >===
05:55:58 INFO ===< ClangPass::reduce-array-size >===
05:55:58 INFO ===< ClangPass::move-definition-to-declaration >===
05:55:58 INFO ===< ClangPass::simplify-comma-expr >===
05:55:58 INFO ===< ClangPass::simplify-dependent-typedef >===
05:55:58 INFO ===< ClangPass::replace-simple-typedef >===
05:55:58 INFO ===< ClangHintsPass::replace-dependent-typedef >===
05:55:58 INFO ===< ClangPass::replace-one-level-typedef-type >===
05:56:13 INFO (95.6%, 4866 bytes, 200 lines)
05:56:27 INFO (95.6%, 4832 bytes, 198 lines)
05:56:43 INFO (95.6%, 4805 bytes, 196 lines)
05:56:55 INFO ===< ClangPass::remove-unused-field >===
05:56:55 INFO ===< ClangPass::instantiate-template-type-param-to-int >===
05:56:55 INFO ===< ClangPass::instantiate-template-param >===
05:56:55 INFO ===< ClangPass::template-arg-to-int >===
05:56:55 INFO ===< ClangPass::template-non-type-arg-to-int >===
05:56:55 INFO ===< ClangPass::reduce-class-template-param >===
05:56:55 INFO ===< ClangPass::remove-trivial-base-template >===
05:56:55 INFO ===< ClangPass::class-template-to-class >===
05:56:55 INFO ===< ClangPass::merge-base-class >===
05:56:55 INFO ===< ClangPass::remove-base-class >===
05:56:55 INFO ===< ClangPass::replace-derived-class >===
05:56:55 INFO ===< ClangPass::remove-unresolved-base >===
05:56:55 INFO ===< ClangPass::remove-ctor-initializer >===
05:56:55 INFO ===< ClangPass::replace-class-with-base-template-spec >===
05:56:55 INFO ===< ClangPass::simplify-nested-class >===
05:56:55 INFO ===< ClangPass::remove-unused-outer-class >===
05:56:56 INFO ===< ClangPass::empty-struct-to-int >===
05:57:02 INFO (95.6%, 4804 bytes, 196 lines)
05:57:02 INFO ===< ClangPass::remove-pointer >===
05:57:03 INFO ===< ClangPass::reduce-pointer-pairs >===
05:57:03 INFO ===< ClangPass::remove-array >===
05:57:03 INFO ===< ClangPass::remove-addr-taken >===
05:57:03 INFO ===< ClangPass::simplify-struct >===
05:57:03 INFO ===< ClangPass::replace-undefined-function >===
05:57:03 INFO ===< ClangPass::replace-array-index-var >===
05:57:03 INFO ===< ClangPass::replace-array-access-with-index >===
05:57:03 INFO ===< ClangPass::replace-dependent-name >===
05:57:03 INFO ===< ClangPass::simplify-recursive-template-instantiation >===
05:57:03 INFO ===< ClangPass::vector-to-array >===
05:57:03 INFO ===< ClangPass::remove-try-catch >===
05:57:03 INFO ===< ClangPass::class-to-struct >===
05:57:19 INFO ===< ClangPass::member-to-global >===
05:57:22 INFO ===< LinesPass::0 >===
05:58:05 INFO (95.6%, 4785 bytes, 195 lines)
05:58:17 INFO ===< LinesPass::1 >===
05:58:25 INFO ===< LinesPass::2 >===
05:58:25 INFO ===< LinesPass::3 >===
05:58:25 INFO ===< LinesPass::4 >===
05:58:25 INFO ===< LinesPass::6 >===
05:58:25 INFO ===< LinesPass::8 >===
05:58:25 INFO ===< LinesPass::10 >===
05:58:25 INFO ===< CommentsPass >===
05:58:25 INFO ===< SpecialPass::b >===
05:58:25 INFO ===< SpecialPass::c >===
05:58:25 INFO ===< IndentPass::regular >===
05:58:28 INFO ===< BalancedPass::parens-to-zero >===
05:59:59 INFO (95.6%, 4784 bytes, 195 lines)
06:00:10 INFO (95.6%, 4783 bytes, 195 lines)
06:41:01 INFO ===< ClexHintsPass::rm-toks-1-to-16 >===
07:02:31 INFO ===< ClexPass::rm-tok-pattern-4 >===
07:02:32 INFO ===< ClangPass::local-to-global >===
07:02:37 INFO ===< PeepPass::c >===
07:02:50 INFO (95.6%, 4782 bytes, 195 lines)
07:03:04 INFO (95.6%, 4781 bytes, 195 lines)
07:03:17 INFO (95.6%, 4780 bytes, 195 lines)
07:03:28 INFO (95.6%, 4779 bytes, 195 lines)
07:03:36 INFO (95.6%, 4778 bytes, 195 lines)
07:03:42 INFO (95.6%, 4777 bytes, 195 lines)
07:03:46 INFO ===< IntsPass::a >===
07:03:46 INFO ===< IntsPass::b >===
07:03:46 INFO ===< IntsPass::c >===
07:03:46 INFO ===< IntsPass::d >===
07:03:46 INFO cache hit for HIPProg.hip
07:03:46 INFO ===< IntsPass::c >===
07:03:49 INFO ===< BalancedPass::parens-only >===
07:03:50 INFO ===< ClexPass::delete-string >===
07:03:50 INFO Termination check: size was 4875; now 4777
07:03:50 ERROR Skipping pass UnIfDefPass
07:03:50 INFO ===< ClexPass::define >===
07:03:50 INFO ===< IncludeIncludesPass >===
07:03:50 INFO ===< TernaryPass::b >===
07:03:50 INFO ===< TernaryPass::c >===
07:04:08 INFO ===< BalancedPass::curly >===
07:04:25 INFO ===< BalancedPass::curly2 >===
07:04:25 INFO ===< BalancedPass::curly3 >===
07:04:31 INFO ===< BalancedPass::parens >===
07:04:31 INFO ===< BalancedPass::angles >===
07:04:41 INFO ===< BalancedPass::square >===
07:04:53 INFO ===< BalancedPass::curly-inside >===
07:04:56 INFO ===< BalancedPass::parens-inside >===
07:04:56 INFO ===< BalancedPass::angles-inside >===
07:05:05 INFO ===< BalancedPass::square-inside >===
07:05:13 INFO ===< BalancedPass::curly-only >===
07:05:14 INFO ===< BalancedPass::angles-only >===
07:05:22 INFO ===< BalancedPass::square-only >===
07:05:23 INFO ===< ClangPass::remove-namespace >===
07:05:23 INFO ===< ClangPass::aggregate-to-scalar >===
07:05:23 INFO ===< ClangPass::param-to-global >===
07:05:23 INFO ===< ClangPass::param-to-local >===
07:05:23 INFO ===< ClangPass::remove-nested-function >===
07:05:24 INFO ===< ClangPass::union-to-struct >===
07:05:24 INFO ===< ClangPass::return-void >===
07:05:24 INFO ===< ClangPass::simple-inliner >===
07:05:30 INFO ===< ClangPass::reduce-pointer-level >===
07:05:30 INFO ===< ClangPass::lift-assignment-expr >===
07:05:30 INFO ===< ClangPass::copy-propagation >===
07:05:31 INFO ===< ClangHintsPass::callexpr-to-value >===
07:05:31 INFO ===< ClangPass::replace-callexpr >===
07:05:32 INFO ===< ClangPass::simplify-callexpr >===
07:05:32 INFO ===< ClangHintsPass::remove-unused-function >===
07:05:32 INFO using C++ standard: c++2b with 0 transformation opportunities
07:05:33 INFO ===< ClangBinarySearchPass::remove-unused-enum-member >===
07:05:33 INFO ===< ClangPass::remove-enum-member-value >===
07:05:32 INFO using C++ standard: c++2b with 5 transformation opportunities
07:05:34 INFO ===< ClangBinarySearchPass::remove-unused-var >===
07:05:34 INFO ===< ClangPass::simplify-if >===
07:05:34 INFO ===< ClangPass::reduce-array-dim >===
07:05:34 INFO ===< ClangPass::reduce-array-size >===
07:05:34 INFO ===< ClangPass::move-definition-to-declaration >===
07:05:34 INFO ===< ClangPass::simplify-comma-expr >===
07:05:34 INFO ===< ClangPass::simplify-dependent-typedef >===
07:05:34 INFO ===< ClangPass::replace-simple-typedef >===
07:05:34 INFO ===< ClangHintsPass::replace-dependent-typedef >===
07:05:34 INFO ===< ClangPass::replace-one-level-typedef-type >===
07:05:50 INFO (95.7%, 4749 bytes, 193 lines)
07:06:07 INFO ===< ClangPass::remove-unused-field >===
07:06:07 INFO ===< ClangPass::instantiate-template-type-param-to-int >===
07:06:07 INFO ===< ClangPass::instantiate-template-param >===
07:06:07 INFO ===< ClangPass::template-arg-to-int >===
07:06:07 INFO ===< ClangPass::template-non-type-arg-to-int >===
07:06:07 INFO ===< ClangPass::reduce-class-template-param >===
07:06:07 INFO ===< ClangPass::remove-trivial-base-template >===
07:06:07 INFO ===< ClangPass::class-template-to-class >===
07:06:07 INFO ===< ClangPass::merge-base-class >===
07:06:07 INFO ===< ClangPass::remove-base-class >===
07:06:07 INFO ===< ClangPass::replace-derived-class >===
07:06:07 INFO ===< ClangPass::remove-unresolved-base >===
07:06:07 INFO ===< ClangPass::remove-ctor-initializer >===
07:06:07 INFO ===< ClangPass::replace-class-with-base-template-spec >===
07:06:08 INFO ===< ClangPass::simplify-nested-class >===
07:06:08 INFO ===< ClangPass::remove-unused-outer-class >===
07:06:08 INFO ===< ClangPass::empty-struct-to-int >===
07:06:08 INFO ===< ClangPass::remove-pointer >===
07:06:08 INFO ===< ClangPass::reduce-pointer-pairs >===
07:06:09 INFO ===< ClangPass::remove-array >===
07:06:09 INFO ===< ClangPass::remove-addr-taken >===
07:06:09 INFO ===< ClangPass::simplify-struct >===
07:06:09 INFO ===< ClangPass::replace-undefined-function >===
07:06:09 INFO ===< ClangPass::replace-array-index-var >===
07:06:09 INFO ===< ClangPass::replace-array-access-with-index >===
07:06:09 INFO ===< ClangPass::replace-dependent-name >===
07:06:09 INFO ===< ClangPass::simplify-recursive-template-instantiation >===
07:06:09 INFO ===< ClangPass::vector-to-array >===
07:06:09 INFO ===< ClangPass::remove-try-catch >===
07:06:09 INFO ===< ClangPass::class-to-struct >===
07:06:24 INFO ===< ClangPass::member-to-global >===
07:06:27 INFO ===< LinesPass::0 >===
07:07:10 INFO ===< LinesPass::1 >===
07:07:17 INFO ===< LinesPass::2 >===
07:07:17 INFO ===< LinesPass::3 >===
07:07:17 INFO ===< LinesPass::4 >===
07:07:17 INFO ===< LinesPass::6 >===
07:07:17 INFO ===< LinesPass::8 >===
07:07:17 INFO ===< LinesPass::10 >===
07:07:18 INFO ===< CommentsPass >===
07:07:18 INFO ===< SpecialPass::b >===
07:07:18 INFO ===< SpecialPass::c >===
07:07:18 INFO ===< IndentPass::regular >===
07:07:21 INFO ===< BalancedPass::parens-to-zero >===
07:49:19 INFO ===< ClexHintsPass::rm-toks-1-to-16 >===
08:10:34 INFO ===< ClexPass::rm-tok-pattern-4 >===
08:10:35 INFO ===< ClangPass::local-to-global >===
08:10:41 INFO ===< PeepPass::c >===
08:10:44 INFO ===< IntsPass::a >===
08:10:44 INFO ===< IntsPass::b >===
08:10:44 INFO ===< IntsPass::c >===
08:10:44 INFO ===< IntsPass::d >===
08:10:44 INFO cache hit for HIPProg.hip
08:10:44 INFO ===< IntsPass::c >===
08:10:47 INFO ===< BalancedPass::parens-only >===
08:10:48 INFO ===< ClexPass::delete-string >===
08:10:49 INFO Termination check: size was 4777; now 4749
08:10:49 ERROR Skipping pass UnIfDefPass
08:10:49 INFO ===< ClexPass::define >===
08:10:49 INFO ===< IncludeIncludesPass >===
08:10:49 INFO ===< TernaryPass::b >===
08:10:49 INFO ===< TernaryPass::c >===
08:11:05 INFO ===< BalancedPass::curly >===
08:11:22 INFO ===< BalancedPass::curly2 >===
08:11:22 INFO ===< BalancedPass::curly3 >===
08:11:27 INFO ===< BalancedPass::parens >===
08:11:28 INFO ===< BalancedPass::angles >===
08:11:36 INFO ===< BalancedPass::square >===
08:11:49 INFO ===< BalancedPass::curly-inside >===
08:11:51 INFO ===< BalancedPass::parens-inside >===
08:11:52 INFO ===< BalancedPass::angles-inside >===
08:12:00 INFO ===< BalancedPass::square-inside >===
08:12:08 INFO ===< BalancedPass::curly-only >===
08:12:08 INFO ===< BalancedPass::angles-only >===
08:12:17 INFO ===< BalancedPass::square-only >===
08:12:17 INFO ===< ClangPass::remove-namespace >===
08:12:17 INFO ===< ClangPass::aggregate-to-scalar >===
08:12:17 INFO ===< ClangPass::param-to-global >===
08:12:18 INFO ===< ClangPass::param-to-local >===
08:12:18 INFO ===< ClangPass::remove-nested-function >===
08:12:18 INFO ===< ClangPass::union-to-struct >===
08:12:19 INFO ===< ClangPass::return-void >===
08:12:19 INFO ===< ClangPass::simple-inliner >===
08:12:25 INFO ===< ClangPass::reduce-pointer-level >===
08:12:25 INFO ===< ClangPass::lift-assignment-expr >===
08:12:25 INFO ===< ClangPass::copy-propagation >===
08:12:26 INFO ===< ClangHintsPass::callexpr-to-value >===
08:12:26 INFO ===< ClangPass::replace-callexpr >===
08:12:26 INFO ===< ClangPass::simplify-callexpr >===
08:12:27 INFO ===< ClangHintsPass::remove-unused-function >===
08:12:26 INFO using C++ standard: c++2b with 0 transformation opportunities
08:12:27 INFO ===< ClangBinarySearchPass::remove-unused-enum-member >===
08:12:27 INFO ===< ClangPass::remove-enum-member-value >===
08:12:27 INFO using C++ standard: c++2b with 5 transformation opportunities
08:12:28 INFO ===< ClangBinarySearchPass::remove-unused-var >===
08:12:28 INFO ===< ClangPass::simplify-if >===
08:12:28 INFO ===< ClangPass::reduce-array-dim >===
08:12:28 INFO ===< ClangPass::reduce-array-size >===
08:12:28 INFO ===< ClangPass::move-definition-to-declaration >===
08:12:28 INFO ===< ClangPass::simplify-comma-expr >===
08:12:28 INFO ===< ClangPass::simplify-dependent-typedef >===
08:12:28 INFO ===< ClangPass::replace-simple-typedef >===
08:12:28 INFO ===< ClangHintsPass::replace-dependent-typedef >===
08:12:28 INFO ===< ClangPass::replace-one-level-typedef-type >===
08:12:49 INFO ===< ClangPass::remove-unused-field >===
08:12:49 INFO cache hit for HIPProg.hip
08:12:49 INFO ===< ClangPass::instantiate-template-type-param-to-int >===
08:12:50 INFO cache hit for HIPProg.hip
08:12:50 INFO ===< ClangPass::instantiate-template-param >===
08:12:50 INFO cache hit for HIPProg.hip
08:12:50 INFO ===< ClangPass::template-arg-to-int >===
08:12:50 INFO cache hit for HIPProg.hip
08:12:50 INFO ===< ClangPass::template-non-type-arg-to-int >===
08:12:50 INFO cache hit for HIPProg.hip
08:12:50 INFO ===< ClangPass::reduce-class-template-param >===
08:12:50 INFO cache hit for HIPProg.hip
08:12:50 INFO ===< ClangPass::remove-trivial-base-template >===
08:12:50 INFO cache hit for HIPProg.hip
08:12:50 INFO ===< ClangPass::class-template-to-class >===
08:12:50 INFO cache hit for HIPProg.hip
08:12:50 INFO ===< ClangPass::merge-base-class >===
08:12:50 INFO cache hit for HIPProg.hip
08:12:50 INFO ===< ClangPass::remove-base-class >===
08:12:50 INFO cache hit for HIPProg.hip
08:12:50 INFO ===< ClangPass::replace-derived-class >===
08:12:50 INFO cache hit for HIPProg.hip
08:12:50 INFO ===< ClangPass::remove-unresolved-base >===
08:12:50 INFO cache hit for HIPProg.hip
08:12:50 INFO ===< ClangPass::remove-ctor-initializer >===
08:12:50 INFO cache hit for HIPProg.hip
08:12:50 INFO ===< ClangPass::replace-class-with-base-template-spec >===
08:12:50 INFO cache hit for HIPProg.hip
08:12:50 INFO ===< ClangPass::simplify-nested-class >===
08:12:50 INFO cache hit for HIPProg.hip
08:12:50 INFO ===< ClangPass::remove-unused-outer-class >===
08:12:50 INFO cache hit for HIPProg.hip
08:12:50 INFO ===< ClangPass::empty-struct-to-int >===
08:12:50 INFO cache hit for HIPProg.hip
08:12:50 INFO ===< ClangPass::remove-pointer >===
08:12:50 INFO cache hit for HIPProg.hip
08:12:50 INFO ===< ClangPass::reduce-pointer-pairs >===
08:12:50 INFO cache hit for HIPProg.hip
08:12:50 INFO ===< ClangPass::remove-array >===
08:12:50 INFO cache hit for HIPProg.hip
08:12:50 INFO ===< ClangPass::remove-addr-taken >===
08:12:50 INFO cache hit for HIPProg.hip
08:12:50 INFO ===< ClangPass::simplify-struct >===
08:12:50 INFO cache hit for HIPProg.hip
08:12:50 INFO ===< ClangPass::replace-undefined-function >===
08:12:50 INFO cache hit for HIPProg.hip
08:12:50 INFO ===< ClangPass::replace-array-index-var >===
08:12:50 INFO cache hit for HIPProg.hip
08:12:50 INFO ===< ClangPass::replace-array-access-with-index >===
08:12:50 INFO cache hit for HIPProg.hip
08:12:50 INFO ===< ClangPass::replace-dependent-name >===
08:12:50 INFO cache hit for HIPProg.hip
08:12:50 INFO ===< ClangPass::simplify-recursive-template-instantiation >===
08:12:50 INFO cache hit for HIPProg.hip
08:12:50 INFO ===< ClangPass::vector-to-array >===
08:12:50 INFO cache hit for HIPProg.hip
08:12:50 INFO ===< ClangPass::remove-try-catch >===
08:12:50 INFO cache hit for HIPProg.hip
08:12:50 INFO ===< ClangPass::class-to-struct >===
08:12:50 INFO cache hit for HIPProg.hip
08:12:50 INFO ===< ClangPass::member-to-global >===
08:12:50 INFO cache hit for HIPProg.hip
08:12:50 INFO ===< LinesPass::0 >===
08:12:50 INFO cache hit for HIPProg.hip
08:12:50 INFO ===< LinesPass::1 >===
08:12:50 INFO cache hit for HIPProg.hip
08:12:50 INFO ===< LinesPass::2 >===
08:12:50 INFO cache hit for HIPProg.hip
08:12:50 INFO ===< LinesPass::3 >===
08:12:50 INFO cache hit for HIPProg.hip
08:12:50 INFO ===< LinesPass::4 >===
08:12:50 INFO cache hit for HIPProg.hip
08:12:50 INFO ===< LinesPass::6 >===
08:12:50 INFO cache hit for HIPProg.hip
08:12:50 INFO ===< LinesPass::8 >===
08:12:50 INFO cache hit for HIPProg.hip
08:12:50 INFO ===< LinesPass::10 >===
08:12:50 INFO cache hit for HIPProg.hip
08:12:50 INFO ===< CommentsPass >===
08:12:50 INFO cache hit for HIPProg.hip
08:12:50 INFO ===< SpecialPass::b >===
08:12:50 INFO cache hit for HIPProg.hip
08:12:50 INFO ===< SpecialPass::c >===
08:12:50 INFO cache hit for HIPProg.hip
08:12:50 INFO ===< IndentPass::regular >===
08:12:50 INFO cache hit for HIPProg.hip
08:12:50 INFO ===< BalancedPass::parens-to-zero >===
08:12:50 INFO cache hit for HIPProg.hip
08:12:50 INFO ===< ClexHintsPass::rm-toks-1-to-16 >===
08:12:50 INFO cache hit for HIPProg.hip
08:12:50 INFO ===< ClexPass::rm-tok-pattern-4 >===
08:12:50 INFO cache hit for HIPProg.hip
08:12:50 INFO ===< ClangPass::local-to-global >===
08:12:50 INFO cache hit for HIPProg.hip
08:12:50 INFO ===< PeepPass::c >===
08:12:50 INFO cache hit for HIPProg.hip
08:12:50 INFO ===< IntsPass::a >===
08:12:50 INFO cache hit for HIPProg.hip
08:12:50 INFO ===< IntsPass::b >===
08:12:50 INFO cache hit for HIPProg.hip
08:12:50 INFO ===< IntsPass::c >===
08:12:50 INFO cache hit for HIPProg.hip
08:12:50 INFO ===< IntsPass::d >===
08:12:50 INFO cache hit for HIPProg.hip
08:12:50 INFO ===< IntsPass::c >===
08:12:50 INFO cache hit for HIPProg.hip
08:12:50 INFO ===< BalancedPass::parens-only >===
08:12:50 INFO cache hit for HIPProg.hip
08:12:50 INFO ===< ClexPass::delete-string >===
08:12:50 INFO cache hit for HIPProg.hip
08:12:50 INFO Termination check: size was 4749; now 4749
08:12:50 INFO CLEANUP PASSES
08:12:50 INFO ===< ClexPass::define >===
08:12:50 INFO ===< ClangPass::combine-global-var >===
08:12:51 INFO ===< ClangPass::combine-local-var >===
08:12:51 INFO ===< ClangPass::simplify-struct-union-decl >===
08:12:51 INFO ===< ClangPass::move-global-var >===
08:12:51 INFO ===< ClangPass::unify-function-decl >===
08:12:51 INFO cache hit for HIPProg.hip
08:12:51 INFO ===< LinesPass::0 >===
08:12:51 INFO cache hit for HIPProg.hip
08:12:51 INFO ===< ClexPass::delete-string >===
08:13:03 INFO (95.7%, 4663 bytes, 193 lines)
08:13:15 INFO (95.8%, 4573 bytes, 193 lines)
08:13:27 INFO (95.8%, 4563 bytes, 193 lines)
08:13:28 INFO ===< BlankPass >===
08:13:30 INFO ===< BlankPass >===
08:13:30 INFO ===================== done ====================
===< PASS statistics >===
  pass name                                                     bytes reduced time (s) time (%)   worked   failed  total executed
  ClangHintsPass::remove-unused-function                                34456    10.84     0.04        3       27              30
  TreeSitterPass::remove-function                                       29543    10.89     0.04        3       47              50
  LinesPass::4                                                          11819     2.47     0.01        1        0               1
  BalancedPass::curly-inside                                             7924   207.36     0.70       22      245             267
  CommentsPass                                                           7253    22.74     0.08        8      193             201
  LinesPass::1                                                           4452   789.64     2.67       22     3222            3244
  BalancedPass::curly3                                                   3338   168.21     0.57        8       65              73
  LinesPass::0                                                           1129    85.38     0.29        6      485             491
  LinesPass::2                                                           1103   221.63     0.75        2      990             992
  ClangPass::remove-unused-field                                         1020   362.79     1.23       35      574             609
  LinesPass::None                                                         958   797.03     2.69        8     3713            3721
  ClangHintsPass::callexpr-to-value                                       553   123.40     0.42       31      275             306
  ClexHintsPass::rm-toks-1-to-4                                           512  2773.40     9.37       73    15232           15305
  BlankPass                                                               348    81.18     0.27       11      190             201
  BalancedPass::parens-to-zero                                            132   150.32     0.51        5     1239            1244
  ClexHintsPass::rm-toks-5-to-8                                           122  2576.01     8.70        7    15182           15189
  IntsPass::a                                                             102   913.11     3.08      102      574             676
  BalancedPass::square                                                     70   114.72     0.39       13      443             456
  BalancedPass::parens-only                                                66   139.07     0.47       32     1040            1072
  IntsPass::c                                                              39   245.48     0.83       28      142             170
  ClexHintsPass::rm-toks-13-to-16                                          34  2523.49     8.52        2    15086           15088
  ClexHintsPass::rm-toks-9-to-12                                           34  2550.68     8.61        5    15130           15135
  IntsPass::b                                                              16    59.36     0.20        8       87              95
  ClangPass::empty-struct-to-int                                           10     3.29     0.01        1       15              16
  IntsPass::d                                                               7    48.52     0.16        7       35              42
  BalancedPass::curly-only                                                  6   244.99     0.83       11     1078            1089
  BalancedPass::curly                                                       4   293.83     0.99        5     1296            1301
  ClexHintsPass::rm-toks-1-to-16                                            4  7703.94    26.02        4    50267           50271
  ClangPass::remove-pointer                                                 2     3.33     0.01        2       18              20
  InlineIncludesPass                                                        0     0.00     0.00        0        0               0
  RmUnusedFilesPass                                                         0     0.00     0.00        0        0               0
  SpecialPass::c                                                            0     0.01     0.00        0        0               0
  SpecialPass::b                                                            0     0.01     0.00        0        0               0
  IndentPass::final                                                         0     0.02     0.00        0        1               1
  IncludeIncludesPass                                                       0     0.02     0.00        0       16              16
  LinesPass::10                                                             0     0.02     0.00        0        0               0
  LineMarkersPass                                                           0     0.02     0.00        0        0               0
  ClangPass::move-global-var                                                0     0.03     0.00        0        4               4
  ClangPass::unify-function-decl                                            0     0.03     0.00        0        4               4
  ClangPass::simplify-struct-union-decl                                     0     0.03     0.00        0        4               4
  ClangPass::combine-global-var                                             0     0.03     0.00        0        4               4
  ClangModuleMapPass                                                        0     0.03     0.00        0        0               0
  MakefilePass                                                              0     0.04     0.00        0        0               0
  TernaryPass::b                                                            0     0.04     0.00        0        0               0
  TernaryPass::c                                                            0     0.05     0.00        0        0               0
  TreeSitterPass::erase-namespace                                           0     0.05     0.00        0        0               0
  IndentPass::regular                                                       0     0.06     0.00        0        3               3
  ClangPass::template-non-type-arg-to-int                                   0     0.08     0.00        0       12              12
  ClangPass::replace-class-with-base-template-spec                          0     0.09     0.00        0       12              12
  ClangPass::instantiate-template-type-param-to-int                         0     0.09     0.00        0       12              12
  ClangPass::remove-unresolved-base                                         0     0.09     0.00        0       12              12
  ClangPass::reduce-class-template-param                                    0     0.09     0.00        0       12              12
  ClangPass::replace-array-index-var                                        0     0.09     0.00        0       12              12
  ClangPass::remove-trivial-base-template                                   0     0.09     0.00        0       12              12
  ClangPass::simplify-struct                                                0     0.09     0.00        0       12              12
  ClangPass::vector-to-array                                                0     0.09     0.00        0       12              12
  ClangPass::instantiate-template-param                                     0     0.09     0.00        0       12              12
  ClangPass::replace-derived-class                                          0     0.09     0.00        0       12              12
  ClangPass::class-template-to-class                                        0     0.09     0.00        0       12              12
  ClangPass::simplify-recursive-template-instantiation                      0     0.09     0.00        0       12              12
  ClangPass::remove-addr-taken                                              0     0.09     0.00        0       12              12
  ClangPass::remove-try-catch                                               0     0.09     0.00        0       12              12
  ClangPass::template-arg-to-int                                            0     0.09     0.00        0       12              12
  ClangPass::simplify-nested-class                                          0     0.09     0.00        0       12              12
  ClangPass::replace-undefined-function                                     0     0.09     0.00        0       12              12
  ClangPass::remove-array                                                   0     0.09     0.00        0       12              12
  ClangPass::replace-dependent-name                                         0     0.09     0.00        0       12              12
  ClangPass::merge-base-class                                               0     0.09     0.00        0       12              12
  ClangPass::remove-unused-outer-class                                      0     0.09     0.00        0       12              12
  ClangPass::replace-array-access-with-index                                0     0.09     0.00        0       12              12
  ClangPass::remove-ctor-initializer                                        0     0.09     0.00        0       12              12
  ClangPass::class-to-struct                                                0     0.09     0.00        0       12              12
  ClangPass::remove-base-class                                              0     0.10     0.00        0       12              12
  ClangPass::reduce-pointer-pairs                                           0     0.10     0.00        0       12              12
  ClangPass::simple-inliner                                                 0     0.11     0.00        0       16              16
  ClangPass::reduce-array-dim                                               0     0.12     0.00        0       16              16
  ClangPass::replace-one-level-typedef-type                                 0     0.12     0.00        0       16              16
  ClangPass::copy-propagation                                               0     0.12     0.00        0       16              16
  ClangPass::move-definition-to-declaration                                 0     0.12     0.00        0       16              16
  ClangPass::simplify-dependent-typedef                                     0     0.12     0.00        0       16              16
  ClangPass::simplify-if                                                    0     0.12     0.00        0       16              16
  ClangPass::reduce-array-size                                              0     0.12     0.00        0       16              16
  ClangPass::remove-namespace                                               0     0.12     0.00        0       16              16
  ClangPass::simplify-comma-expr                                            0     0.12     0.00        0       16              16
  ClangPass::lift-assignment-expr                                           0     0.12     0.00        0       16              16
  ClangPass::replace-simple-typedef                                         0     0.12     0.00        0       16              16
  ClangPass::remove-enum-member-value                                       0     0.14     0.00        0       20              20
  ClangHintsPass::replace-dependent-typedef                                 0     0.14     0.00        0        0               0
  ClangPass::replace-callexpr                                               0     0.16     0.00        0       20              20
  ClangHintsPass::remove-unused-function (30 T)                             0     0.17     0.00        0        1               1
  ClangHintsPass::replace-function-def-with-decl (30 T)                     0     0.18     0.00        0        3               3
  ClangIncludeGraphPass                                                     0     0.18     0.00        0        0               0
  ClangPass::param-to-global                                                0     0.24     0.00        0       16              16
  ClangPass::remove-nested-function                                         0     0.24     0.00        0       16              16
  ClangPass::combine-local-var                                              0     0.28     0.00        0        7               7
  SpecialPass::a                                                            0     0.38     0.00        0        2               2
  IncludesPass                                                              0     0.53     0.00        0        4               4
  ClexPass::define                                                          0     0.58     0.00        0       12              12
  ClangBinarySearchPass::remove-unused-enum-member                          0     0.88     0.00        0        0               0
  ClangPass::return-void                                                    0     0.90     0.00        0       16              16
  ClangPass::param-to-local                                                 0     0.96     0.00        0       16              16
  ClexPass::delete-string                                                   0     1.24     0.00        0       12              12
  ClangPass::simplify-callexpr                                              0     1.93     0.01        0       65              65
  ClangBinarySearchPass::remove-unused-var                                  0     2.57     0.01        0       45              45
  LinesPass::6                                                              0     2.76     0.01        1        0               1
  LinesPass::8                                                              0     2.78     0.01        1        0               1
  ClangPass::local-to-global                                                0     3.12     0.01        0       41              41
  ClangHintsPass::replace-function-def-with-decl                            0     9.61     0.03        2       74              76
  PeepPass::c                                                               0    12.29     0.04        0    14565           14565
  TreeSitterPass::replace-function-def-with-decl                            0    15.75     0.05        3       83              86
  BalancedPass::angles-only                                                 0    17.83     0.06        0      120             120
  BalancedPass::angles-inside                                               0    17.89     0.06        0      120             120
  BalancedPass::angles                                                      0    18.17     0.06        0      129             129
  ClangPass::reduce-pointer-level                                           0    23.99     0.08        0      117             117
  LinesPass::3                                                              0    35.90     0.12       11       40              51
  BalancedPass::parens-inside                                               0    44.72     0.15        0      444             444
  ClangPass::member-to-global                                               0    46.97     0.16        0      212             212
  BalancedPass::parens                                                      0   101.35     0.34        0     1244            1244
  BalancedPass::square-only                                                 0   106.38     0.36        9      447             456
  BalancedPass::square-inside                                               0   186.04     0.63        0      954             954
  BalancedPass::curly2                                                      0   297.35     1.00        5     1295            1300
  ClexPass::rm-tok-pattern-4                                                0  3888.71    13.13        0    25275           25275
  ClangPass::union-to-struct                                               -2     5.30     0.02        2       22              24
  ClangPass::aggregate-to-scalar                                          -43     6.84     0.02        3       25              28
  Folding (merging transformations from other passes)                  103484   568.04     1.92      259       23             282

Runtime: 29610 seconds
Reduced test-cases:

--- HIPProg.hip ---
#include <hip/hip_runtime.h>
#include "HIPSmith.h"
#include "safe_math_macros.h"
#define transparent_crc(X, Y, Z) transparent_crc_(&crc64_context, X, , )
struct U1 {};
struct U2 {
   int16_t  f0;
};
struct S3 {
    int32_t g_13;
    uint8_t g_82[7][6][1];
    U1 g_104;
    uint8_t *g_116;
    int32_t *g_151;
    uint32_t g_167;
    int8_t *g_203;
    uint32_t *g_306[1][7];
    uint32_t **g_305;
    uint32_t g_318;
    int32_t **g_361;
    int32_t ***g_360;
    U2 *g_427;
    int *g_454;
    int g_453;
    int g_452;
    int32_t g_500;
    int16_t g_504;
    int16_t g_505;
    uint64_t g_506;
    int32_t g_591[6][7];
    uint16_t g_592;
    uint8_t g_657;
    int8_t g_667;
    uint16_t g_668;
    uint8_t g_749;
    int64_t g_758;
    int8_t **g_896;
    int8_t ***g_895;
    uint8_t **g_898;
    uint8_t ***g_897;
    int8_t g_931;
    int16_t g_934;
    uint32_t g_935;
    int8_t g_938;
    uint16_t g_939;
    U2 g_964;
    uint64_t *g_1018;
    uint64_t **g_1017;
    uint32_t g_1038;
    U2 g_1077;
    U2 g_1076;
    int16_t g_1164;
    U2 g_1210;
    int32_t g_1289;
    uint8_t ****g_1491[9][2];
    uint8_t *****g_1490;
    uint64_t g_1661;
    int32_t *g_1694;
    int32_t **g_1693;
    int32_t ***g_1692;
    uint32_t g_1796;
    int8_t g_1832;
    uint16_t g_1833;
    int32_t g_1948;
    int16_t *g_1998[10][10][2];
    int16_t **g_1997;
    uint16_t g_2058;
    int32_t g_2063;
    int32_t g_2067;
    uint32_t g_2068;
    uint32_t g_2083;
    uint32_t ***g_2167;
    uint32_t ****g_2166;
    int g_2351;
    int32_t g_2371;
    int32_t ***g_2401;
};
__device__ U1  func_1(S3 * p_2402)
{
    U2 l_2386 {45875};
    int32_t **l_2399 = nullptr;
    **p_2402->g_1017 |= safe_lshift_func_uint8_t_u_u(*p_2402->g_1692 != l_2399, 6) | l_2386.f0;
    return p_2402->g_104;
}
__global__ void hipsmith_kernel(uint64_t *results) {
    S3 c_2403;
    S3* p_2402 = &c_2403;
    int p_2402_6;
    S3 c_2404 {
        1, 
        {}, 
        {}, 
        &p_2402->g_82[0][1][0], 
        &p_2402->g_13, 
        2, 
        nullptr, 
        &p_2402->g_167, &p_2402->g_167, &p_2402->g_167, &p_2402->g_167, &p_2402->g_167, &p_2402->g_167, &p_2402->g_167, 
        &p_2402->g_306[0][4], 
        0, 
        &p_2402->g_151, 
        &p_2402->g_361, 
        nullptr, 
        &p_2402_6, 
        7, 
        {}, 
        3, 
        1, 
        2, 
        4, 
        {}, 
        5, 
        5, 
        1, 
        {}, 
        1, 
        0, 
        &p_2402->g_203, 
        &p_2402->g_896, 
        &p_2402->g_116, 
        &p_2402->g_898, 
        1, 
        2, 
        1, 
        0, 
        {}, 
        {}, 
        &p_2402->g_506, 
        &p_2402->g_1018, 
        {}, 
        {}, 
        {}, 
        4, 
        7, 
        1, 
        {}, 
        &p_2402->g_1491[8][1], 
        {}, 
        &p_2402->g_591[3][0], 
        &p_2402->g_1694, 
        &p_2402->g_1693, 
        1, 
        {}, 
        9, 
        0, 
        {}, 
        &p_2402->g_1998[6][3][0], 
        1, 
        0, 
        2, 
        8, 
        {}, 
        nullptr, 
        &p_2402->g_2167, 
        {}, 
        1, 
        &p_2402->g_1693};
    c_2403 = c_2404;
    func_1(p_2402);
    uint64_t crc64_context = 0xFFFFFFFFFFFFFFFFUL;
    transparent_crc(p_2402->g_506, , );
    int tid = threadIdx.x + blockIdx.x * blockDim.x;
    results[tid] = (crc64_context ^ 0xFFFFFFFFFFFFFFFFUL);
}
// ------------------------------------------------------------------
// Host Main
// ------------------------------------------------------------------
int main(int argc, const char* argv[]) {
    // Config
    const unsigned int num_threads = 4;
    const unsigned int block_size = 4;
    // Host Alloc
    std::vector<uint64_t> h_results(num_threads);
    const size_t results_bytes = sizeof(uint64_t) * h_results.size();
    // Device Alloc
    uint64_t *d_results;
    HIP_CHECK(hipMalloc((void**)&d_results, results_bytes));
    HIP_CHECK(hipMemset(d_results, 0, results_bytes));
    // Dimensions
    const dim3 block_dim(block_size);
    const dim3 grid_dim((num_threads + block_size - 1) / block_size);
    // Launch
    hipLaunchKernelGGL(hipsmith_kernel, grid_dim, block_dim, 0, 0, d_results);
    HIP_CHECK(hipGetLastError());
    HIP_CHECK(hipDeviceSynchronize());
    // Copy Back
    HIP_CHECK(hipMemcpy(h_results.data(), d_results, results_bytes, hipMemcpyDeviceToHost));
    // Free
    HIP_CHECK(hipFree(d_results));
    // Output
    for (size_t i = 0; i < h_results.size(); ++i)
    printf("Thread %zu CRC: %lu\n", i, h_results[i]);
    return 0;
}

