00:00:05 ERROR Prereqs not found for pass UnIfDefPass
00:00:05 ERROR Prereqs not found for pass IfPass
00:00:05 ERROR Prereqs not found for pass UnIfDefPass
00:00:25 INFO ===< 2506060 >===
00:00:25 INFO running 4 interestingness tests in parallel
00:00:25 INFO (0.0%, 152433 bytes, 1707 lines)
00:00:25 INFO INITIAL PASSES (interleaving)
00:00:25 INFO ===<  >===
00:09:39 INFO (81.7%, 27845 bytes, 751 lines, via LinesPass::3 + BalancedPass::curly-inside + CommentsPass + BalancedPass::curly3 + LinesPass::0 + BlankPass)
00:14:48 INFO (83.6%, 24923 bytes, 679 lines, via BalancedPass::curly-inside + LinesPass::2 + BalancedPass::curly3 + BlankPass + CommentsPass)
00:22:17 INFO (88.2%, 17985 bytes, 537 lines, via BalancedPass::curly-inside + LinesPass::None + BalancedPass::parens-to-zero + BalancedPass::curly2 + BalancedPass::curly3 + BalancedPass::curly + LinesPass::0 + LinesPass::2 + BlankPass + ClexHintsPass::rm-toks-1-to-4)
00:29:27 INFO (89.7%, 15675 bytes, 498 lines, via LinesPass::1 + BalancedPass::curly-inside + BalancedPass::parens-to-zero + LinesPass::2 + ClexHintsPass::rm-toks-9-to-12 + BalancedPass::square + ClexHintsPass::rm-toks-1-to-4)
00:38:39 INFO (90.3%, 14733 bytes, 474 lines, via LinesPass::None + LinesPass::1 + BalancedPass::curly3 + BalancedPass::curly-inside + BalancedPass::square + ClexHintsPass::rm-toks-5-to-8 + BalancedPass::parens-only + BalancedPass::curly + BlankPass + ClexHintsPass::rm-toks-1-to-4 + BalancedPass::curly2)
00:45:55 INFO (91.2%, 13413 bytes, 435 lines, via LinesPass::1 + BalancedPass::parens-to-zero + BalancedPass::curly-only + BalancedPass::square + BalancedPass::parens-only + BalancedPass::curly + ClexHintsPass::rm-toks-1-to-4)
00:52:32 INFO (92.1%, 12111 bytes, 407 lines, via LinesPass::None + BalancedPass::parens-to-zero + BlankPass + ClexHintsPass::rm-toks-1-to-4 + BalancedPass::square + BalancedPass::parens-only)
01:02:33 INFO (94.1%, 9061 bytes, 327 lines, via TreeSitterPass::replace-function-def-with-decl + ClangHintsPass::remove-unused-function + LinesPass::1 + LinesPass::None + BalancedPass::parens-to-zero + BalancedPass::square + ClexHintsPass::rm-toks-1-to-4 + BalancedPass::curly3 + BalancedPass::parens-only)
01:09:36 INFO (94.5%, 8460 bytes, 309 lines, via TreeSitterPass::remove-function + LinesPass::1 + LinesPass::None + ClexHintsPass::rm-toks-1-to-4 + BalancedPass::parens-to-zero + BalancedPass::curly-inside + BlankPass + BalancedPass::parens-only)
01:13:52 INFO (94.8%, 7925 bytes, 296 lines, via LinesPass::None + LinesPass::0 + ClexHintsPass::rm-toks-1-to-4 + BalancedPass::curly-only)
01:20:35 INFO (95.1%, 7444 bytes, 280 lines, via LinesPass::1 + ClexHintsPass::rm-toks-1-to-4 + BlankPass)
01:25:47 INFO (95.3%, 7091 bytes, 275 lines, via LinesPass::None + ClexHintsPass::rm-toks-1-to-4 + BalancedPass::square)
01:30:07 INFO (95.5%, 6803 bytes, 266 lines, via LinesPass::0 + LinesPass::None + ClexHintsPass::rm-toks-1-to-4 + BalancedPass::parens-to-zero)
01:34:45 INFO (95.6%, 6751 bytes, 266 lines, via ClexHintsPass::rm-toks-1-to-4)
01:39:32 INFO (95.6%, 6684 bytes, 265 lines, via ClexHintsPass::rm-toks-1-to-4 + ClexHintsPass::rm-toks-5-to-8)
01:45:18 INFO (95.7%, 6605 bytes, 264 lines, via ClexHintsPass::rm-toks-1-to-4 + LinesPass::0 + ClexHintsPass::rm-toks-5-to-8)
01:49:18 INFO (95.7%, 6572 bytes, 264 lines, via ClexHintsPass::rm-toks-1-to-4)
01:53:13 INFO (95.7%, 6539 bytes, 263 lines, via ClexHintsPass::rm-toks-1-to-4 + LinesPass::1)
02:06:46 INFO (95.7%, 6532 bytes, 262 lines, via ClexHintsPass::rm-toks-1-to-4)
02:08:46 INFO (95.7%, 6502 bytes, 262 lines, via ClexHintsPass::rm-toks-1-to-4)
02:13:58 INFO (95.7%, 6493 bytes, 262 lines, via ClexHintsPass::rm-toks-1-to-4)
02:17:24 INFO (95.7%, 6485 bytes, 262 lines, via ClexHintsPass::rm-toks-1-to-4)
02:27:10 INFO (95.7%, 6483 bytes, 262 lines, via BalancedPass::parens-only)
02:51:14 INFO (95.7%, 6481 bytes, 262 lines, via ClexHintsPass::rm-toks-1-to-4)
03:38:20 INFO (95.8%, 6473 bytes, 262 lines, via ClexHintsPass::rm-toks-1-to-4)
03:45:33 INFO (95.8%, 6435 bytes, 261 lines, via ClexHintsPass::rm-toks-9-to-12)
04:13:51 INFO (95.8%, 6417 bytes, 261 lines, via ClexHintsPass::rm-toks-1-to-4)
04:27:42 INFO INITIAL PASSES
04:27:42 ERROR Skipping pass UnIfDefPass
04:27:42 ERROR Skipping pass IfPass
04:27:42 INFO ===< BalancedPass::angles, BalancedPass::angles-inside, BalancedPass::angles-only, BalancedPass::curly, BalancedPass::curly-inside, BalancedPass::curly-only, BalancedPass::curly2, BalancedPass::curly3, BalancedPass::parens, BalancedPass::parens-inside, BalancedPass::parens-only, BalancedPass::parens-to-zero, BalancedPass::square, BalancedPass::square-inside, BalancedPass::square-only, BlankPass, ClangHintsPass::callexpr-to-value, ClangHintsPass::remove-unused-function, ClangHintsPass::replace-dependent-typedef, ClangHintsPass::replace-function-def-with-decl, ClangIncludeGraphPass, ClangModuleMapPass, ClexHintsPass::rm-toks-1-to-4, ClexHintsPass::rm-toks-13-to-16, ClexHintsPass::rm-toks-5-to-8, ClexHintsPass::rm-toks-9-to-12, CommentsPass, InlineIncludesPass, LineMarkersPass, LinesPass::0, LinesPass::1, LinesPass::10, LinesPass::2, LinesPass::3, LinesPass::4, LinesPass::6, LinesPass::8, LinesPass::None, MakefilePass, RmUnusedFilesPass, TreeSitterPass::erase-namespace, TreeSitterPass::remove-function, TreeSitterPass::replace-function-def-with-decl >===
04:27:43 INFO ===< IncludesPass >===
04:27:44 INFO ===< CommentsPass >===
04:27:44 INFO ===< LineMarkersPass >===
04:27:45 INFO ===< BlankPass >===
04:27:46 INFO ===< ClangHintsPass::replace-function-def-with-decl (30 T) >===
04:27:48 INFO ===< ClangHintsPass::remove-unused-function (30 T) >===
04:27:48 INFO cache hit for HIPProg.hip
04:27:48 INFO ===< ClangHintsPass::replace-function-def-with-decl (30 T) >===
04:27:48 INFO cache hit for HIPProg.hip
04:27:48 INFO ===< ClangHintsPass::remove-unused-function (30 T) >===
04:27:48 INFO ===< ClangHintsPass::replace-function-def-with-decl >===
04:27:49 INFO ===< ClangHintsPass::remove-unused-function >===
04:27:59 INFO ===< LinesPass::0 >===
04:29:57 INFO ===< LinesPass::1 >===
04:30:05 INFO ===< LinesPass::2 >===
04:30:05 INFO ===< LinesPass::3 >===
04:30:05 INFO ===< LinesPass::4 >===
04:30:05 INFO ===< LinesPass::6 >===
04:30:05 INFO ===< LinesPass::8 >===
04:30:05 INFO ===< LinesPass::10 >===
04:30:05 INFO cache hit for HIPProg.hip
04:30:05 INFO ===< ClangHintsPass::replace-function-def-with-decl >===
04:30:05 INFO cache hit for HIPProg.hip
04:30:05 INFO ===< ClangHintsPass::remove-unused-function >===
04:30:05 INFO cache hit for HIPProg.hip
04:30:05 INFO ===< ClangHintsPass::remove-unused-function >===
04:30:26 INFO ===< BalancedPass::curly >===
04:30:47 INFO ===< BalancedPass::curly2 >===
04:30:47 INFO ===< BalancedPass::curly3 >===
04:31:00 INFO ===< BalancedPass::parens-to-zero >===
04:31:00 INFO ===< ClangHintsPass::callexpr-to-value >===
04:31:00 INFO ===< ClangPass::replace-callexpr >===
04:31:01 INFO ===< ClangPass::simplify-callexpr >===
04:30:56 INFO using C++ standard: c++2b with 0 transformation opportunities
04:31:01 INFO ===< ClangBinarySearchPass::remove-unused-enum-member >===
04:31:01 INFO ===< ClangPass::remove-enum-member-value >===
04:30:57 INFO using C++ standard: c++2b with 10 transformation opportunities
04:31:07 INFO ===< ClangBinarySearchPass::remove-unused-var >===
04:31:08 INFO ===< SpecialPass::a >===
04:31:08 INFO ===< SpecialPass::b >===
04:31:08 INFO INTERLEAVING PASSES
04:31:08 INFO ===< SpecialPass::c >===
04:58:18 INFO (95.8%, 6411 bytes, 261 lines, via ClexHintsPass::rm-toks-1-to-4)
05:00:51 INFO (95.8%, 6405 bytes, 261 lines, via ClexHintsPass::rm-toks-1-to-4)
05:07:15 INFO (95.8%, 6399 bytes, 261 lines, via ClexHintsPass::rm-toks-1-to-4)
05:10:49 INFO (95.8%, 6393 bytes, 261 lines, via ClexHintsPass::rm-toks-1-to-4)
05:13:45 INFO (95.8%, 6392 bytes, 261 lines, via ClexHintsPass::rm-toks-1-to-4)
05:17:26 INFO (95.8%, 6365 bytes, 261 lines, via ClexHintsPass::rm-toks-1-to-4)
05:20:37 INFO (95.8%, 6359 bytes, 261 lines, via ClexHintsPass::rm-toks-1-to-4)
05:24:09 INFO (95.9%, 6295 bytes, 259 lines, via ClexHintsPass::rm-toks-13-to-16 + ClexHintsPass::rm-toks-1-to-4 + BalancedPass::curly-inside + BalancedPass::square)
05:27:58 INFO (96.1%, 5990 bytes, 250 lines, via LinesPass::0 + BalancedPass::curly-only)
05:32:22 INFO (96.1%, 5988 bytes, 250 lines, via BalancedPass::parens-only)
05:35:30 INFO (96.1%, 5980 bytes, 250 lines, via ClexHintsPass::rm-toks-5-to-8 + BalancedPass::parens-only)
05:39:15 INFO (96.1%, 5940 bytes, 250 lines, via ClexHintsPass::rm-toks-1-to-4)
05:47:50 INFO (96.1%, 5921 bytes, 250 lines, via ClexHintsPass::rm-toks-5-to-8)
05:51:21 INFO (96.1%, 5887 bytes, 248 lines, via LinesPass::1)
06:58:43 INFO (96.1%, 5871 bytes, 248 lines, via ClexHintsPass::rm-toks-1-to-4)
07:18:20 INFO Termination check: size was 6417; now 5871
07:18:20 INFO ===< BalancedPass::angles, BalancedPass::angles-inside, BalancedPass::angles-only, BalancedPass::curly, BalancedPass::curly-inside, BalancedPass::curly-only, BalancedPass::curly2, BalancedPass::curly3, BalancedPass::parens, BalancedPass::parens-inside, BalancedPass::parens-only, BalancedPass::parens-to-zero, BalancedPass::square, BalancedPass::square-inside, BalancedPass::square-only, BlankPass, ClangHintsPass::callexpr-to-value, ClangHintsPass::remove-unused-function, ClangHintsPass::replace-dependent-typedef, ClangHintsPass::replace-function-def-with-decl, ClangIncludeGraphPass, ClangModuleMapPass, ClexHintsPass::rm-toks-1-to-4, ClexHintsPass::rm-toks-13-to-16, ClexHintsPass::rm-toks-5-to-8, ClexHintsPass::rm-toks-9-to-12, CommentsPass, InlineIncludesPass, LineMarkersPass, LinesPass::0, LinesPass::1, LinesPass::10, LinesPass::2, LinesPass::3, LinesPass::4, LinesPass::6, LinesPass::8, LinesPass::None, MakefilePass, RmUnusedFilesPass, TreeSitterPass::erase-namespace, TreeSitterPass::remove-function, TreeSitterPass::replace-function-def-with-decl >===
07:52:33 INFO (96.2%, 5864 bytes, 248 lines, via ClexHintsPass::rm-toks-1-to-4)
09:16:38 INFO Termination check: size was 5871; now 5864
09:16:38 INFO ===< BalancedPass::angles, BalancedPass::angles-inside, BalancedPass::angles-only, BalancedPass::curly, BalancedPass::curly-inside, BalancedPass::curly-only, BalancedPass::curly2, BalancedPass::curly3, BalancedPass::parens, BalancedPass::parens-inside, BalancedPass::parens-only, BalancedPass::parens-to-zero, BalancedPass::square, BalancedPass::square-inside, BalancedPass::square-only, BlankPass, ClangHintsPass::callexpr-to-value, ClangHintsPass::remove-unused-function, ClangHintsPass::replace-dependent-typedef, ClangHintsPass::replace-function-def-with-decl, ClangIncludeGraphPass, ClangModuleMapPass, ClexHintsPass::rm-toks-1-to-4, ClexHintsPass::rm-toks-13-to-16, ClexHintsPass::rm-toks-5-to-8, ClexHintsPass::rm-toks-9-to-12, CommentsPass, InlineIncludesPass, LineMarkersPass, LinesPass::0, LinesPass::1, LinesPass::10, LinesPass::2, LinesPass::3, LinesPass::4, LinesPass::6, LinesPass::8, LinesPass::None, MakefilePass, RmUnusedFilesPass, TreeSitterPass::erase-namespace, TreeSitterPass::remove-function, TreeSitterPass::replace-function-def-with-decl >===
11:03:07 INFO Termination check: size was 5864; now 5864
11:03:07 INFO MAIN PASSES
11:03:07 ERROR Skipping pass UnIfDefPass
11:03:07 INFO ===< BalancedPass::angles, BalancedPass::angles-inside, BalancedPass::angles-only, BalancedPass::curly, BalancedPass::curly-inside, BalancedPass::curly-only, BalancedPass::curly2, BalancedPass::curly3, BalancedPass::parens, BalancedPass::parens-inside, BalancedPass::parens-only, BalancedPass::parens-to-zero, BalancedPass::square, BalancedPass::square-inside, BalancedPass::square-only, BlankPass, ClangHintsPass::callexpr-to-value, ClangHintsPass::remove-unused-function, ClangHintsPass::replace-dependent-typedef, ClangHintsPass::replace-function-def-with-decl, ClangIncludeGraphPass, ClangModuleMapPass, ClexHintsPass::rm-toks-1-to-4, ClexHintsPass::rm-toks-13-to-16, ClexHintsPass::rm-toks-5-to-8, ClexHintsPass::rm-toks-9-to-12, CommentsPass, InlineIncludesPass, LineMarkersPass, LinesPass::0, LinesPass::1, LinesPass::10, LinesPass::2, LinesPass::3, LinesPass::4, LinesPass::6, LinesPass::8, LinesPass::None, MakefilePass, RmUnusedFilesPass, TreeSitterPass::erase-namespace, TreeSitterPass::remove-function, TreeSitterPass::replace-function-def-with-decl >===
11:03:07 INFO ===< IncludeIncludesPass >===
11:03:07 INFO ===< TernaryPass::b >===
11:03:07 INFO ===< TernaryPass::c >===
11:03:25 INFO ===< BalancedPass::curly >===
11:03:42 INFO ===< BalancedPass::curly2 >===
11:03:42 INFO ===< BalancedPass::curly3 >===
11:03:54 INFO ===< BalancedPass::parens >===
11:03:56 INFO ===< BalancedPass::angles >===
11:04:13 INFO ===< BalancedPass::square >===
11:04:29 INFO ===< BalancedPass::curly-inside >===
11:04:38 INFO ===< BalancedPass::parens-inside >===
11:04:39 INFO ===< BalancedPass::angles-inside >===
11:04:53 INFO ===< BalancedPass::square-inside >===
11:05:07 INFO ===< BalancedPass::curly-only >===
11:05:08 INFO ===< BalancedPass::angles-only >===
11:05:20 INFO ===< BalancedPass::square-only >===
11:05:20 INFO ===< ClangPass::remove-namespace >===
11:05:20 INFO ===< ClangPass::aggregate-to-scalar >===
11:05:20 INFO ===< ClangPass::param-to-global >===
11:05:20 INFO ===< ClangPass::param-to-local >===
11:05:20 INFO ===< ClangPass::remove-nested-function >===
11:05:40 INFO (96.2%, 5865 bytes, 248 lines)
11:05:55 INFO (96.2%, 5866 bytes, 248 lines)
11:06:06 INFO (96.2%, 5867 bytes, 248 lines)
11:06:07 INFO ===< ClangPass::union-to-struct >===
11:06:07 INFO ===< ClangPass::return-void >===
11:06:07 INFO ===< ClangPass::simple-inliner >===
11:06:22 INFO ===< ClangPass::reduce-pointer-level >===
11:06:22 INFO ===< ClangPass::lift-assignment-expr >===
11:06:22 INFO ===< ClangPass::copy-propagation >===
11:06:22 INFO ===< ClangHintsPass::callexpr-to-value >===
11:06:22 INFO ===< ClangPass::replace-callexpr >===
11:06:22 INFO ===< ClangPass::simplify-callexpr >===
11:06:23 INFO ===< ClangHintsPass::remove-unused-function >===
11:06:18 INFO using C++ standard: c++2b with 0 transformation opportunities
11:06:23 INFO ===< ClangBinarySearchPass::remove-unused-enum-member >===
11:06:23 INFO ===< ClangPass::remove-enum-member-value >===
11:06:19 INFO using C++ standard: c++2b with 7 transformation opportunities
11:06:25 INFO ===< ClangBinarySearchPass::remove-unused-var >===
11:06:25 INFO ===< ClangPass::simplify-if >===
11:06:25 INFO ===< ClangPass::reduce-array-dim >===
11:06:25 INFO ===< ClangPass::reduce-array-size >===
11:06:26 INFO ===< ClangPass::move-definition-to-declaration >===
11:06:26 INFO ===< ClangPass::simplify-comma-expr >===
11:06:26 INFO ===< ClangPass::simplify-dependent-typedef >===
11:06:26 INFO ===< ClangPass::replace-simple-typedef >===
11:06:26 INFO ===< ClangHintsPass::replace-dependent-typedef >===
11:06:26 INFO ===< ClangPass::replace-one-level-typedef-type >===
11:07:02 INFO ===< ClangPass::remove-unused-field >===
11:07:02 INFO ===< ClangPass::instantiate-template-type-param-to-int >===
11:07:03 INFO ===< ClangPass::instantiate-template-param >===
11:07:03 INFO ===< ClangPass::template-arg-to-int >===
11:07:03 INFO ===< ClangPass::template-non-type-arg-to-int >===
11:07:03 INFO ===< ClangPass::reduce-class-template-param >===
11:07:03 INFO ===< ClangPass::remove-trivial-base-template >===
11:07:03 INFO ===< ClangPass::class-template-to-class >===
11:07:03 INFO ===< ClangPass::merge-base-class >===
11:07:03 INFO ===< ClangPass::remove-base-class >===
11:07:03 INFO ===< ClangPass::replace-derived-class >===
11:07:03 INFO ===< ClangPass::remove-unresolved-base >===
11:07:03 INFO ===< ClangPass::remove-ctor-initializer >===
11:07:04 INFO ===< ClangPass::replace-class-with-base-template-spec >===
11:07:04 INFO ===< ClangPass::simplify-nested-class >===
11:07:05 INFO ===< ClangPass::remove-unused-outer-class >===
11:07:16 INFO (96.2%, 5841 bytes, 245 lines)
11:07:16 INFO ===< ClangPass::empty-struct-to-int >===
11:07:16 INFO ===< ClangPass::remove-pointer >===
11:07:16 INFO ===< ClangPass::reduce-pointer-pairs >===
11:07:16 INFO ===< ClangPass::remove-array >===
11:07:16 INFO ===< ClangPass::remove-addr-taken >===
11:07:16 INFO ===< ClangPass::simplify-struct >===
11:07:17 INFO ===< ClangPass::replace-undefined-function >===
11:07:17 INFO ===< ClangPass::replace-array-index-var >===
11:07:17 INFO ===< ClangPass::replace-array-access-with-index >===
11:07:17 INFO ===< ClangPass::replace-dependent-name >===
11:07:17 INFO ===< ClangPass::simplify-recursive-template-instantiation >===
11:07:17 INFO ===< ClangPass::vector-to-array >===
11:07:17 INFO ===< ClangPass::remove-try-catch >===
11:07:17 INFO ===< ClangPass::class-to-struct >===
11:07:53 INFO ===< ClangPass::member-to-global >===
11:07:59 INFO ===< LinesPass::0 >===
11:09:19 INFO ===< LinesPass::1 >===
11:09:27 INFO ===< LinesPass::2 >===
11:09:27 INFO ===< LinesPass::3 >===
11:09:27 INFO ===< LinesPass::4 >===
11:09:27 INFO ===< LinesPass::6 >===
11:09:27 INFO ===< LinesPass::8 >===
11:09:27 INFO ===< LinesPass::10 >===
11:09:28 INFO ===< CommentsPass >===
11:09:28 INFO ===< SpecialPass::b >===
11:09:28 INFO ===< SpecialPass::c >===
11:09:28 INFO ===< IndentPass::regular >===
11:09:37 INFO ===< BalancedPass::parens-to-zero >===
12:48:49 INFO ===< ClexHintsPass::rm-toks-1-to-16 >===
13:39:13 INFO ===< ClexPass::rm-tok-pattern-4 >===
13:39:13 INFO ===< ClangPass::local-to-global >===
13:39:44 INFO ===< PeepPass::c >===
13:40:00 INFO (96.2%, 5840 bytes, 245 lines)
13:40:18 INFO (96.2%, 5839 bytes, 245 lines)
13:40:37 INFO (96.2%, 5838 bytes, 245 lines)
13:40:55 INFO (96.2%, 5837 bytes, 245 lines)
13:41:14 INFO (96.2%, 5836 bytes, 245 lines)
13:41:32 INFO (96.2%, 5835 bytes, 245 lines)
13:41:53 INFO (96.2%, 5834 bytes, 245 lines)
13:42:18 INFO (96.2%, 5833 bytes, 245 lines)
13:42:39 INFO (96.2%, 5832 bytes, 245 lines)
13:43:01 INFO (96.2%, 5831 bytes, 245 lines)
13:43:19 INFO (96.2%, 5830 bytes, 245 lines)
13:43:38 INFO (96.2%, 5829 bytes, 245 lines)
13:43:59 INFO (96.2%, 5828 bytes, 245 lines)
13:44:24 INFO (96.2%, 5827 bytes, 245 lines)
13:44:48 INFO (96.2%, 5826 bytes, 245 lines)
13:45:06 INFO (96.2%, 5825 bytes, 245 lines)
13:45:24 INFO (96.2%, 5824 bytes, 245 lines)
13:45:42 INFO (96.2%, 5823 bytes, 245 lines)
13:46:00 INFO (96.2%, 5822 bytes, 245 lines)
13:46:22 INFO (96.2%, 5821 bytes, 245 lines)
13:46:46 INFO (96.2%, 5820 bytes, 245 lines)
13:47:07 INFO (96.2%, 5819 bytes, 245 lines)
13:47:32 INFO (96.2%, 5818 bytes, 245 lines)
13:47:57 INFO (96.2%, 5817 bytes, 245 lines)
13:48:22 INFO (96.2%, 5816 bytes, 245 lines)
13:48:40 INFO (96.2%, 5815 bytes, 245 lines)
13:48:58 INFO (96.2%, 5814 bytes, 245 lines)
13:49:23 INFO (96.2%, 5813 bytes, 245 lines)
13:49:41 INFO (96.2%, 5812 bytes, 245 lines)
13:50:00 INFO (96.2%, 5811 bytes, 245 lines)
13:50:18 INFO (96.2%, 5810 bytes, 245 lines)
13:50:36 INFO (96.2%, 5809 bytes, 245 lines)
13:50:54 INFO (96.2%, 5808 bytes, 245 lines)
13:51:15 INFO (96.2%, 5807 bytes, 245 lines)
13:51:33 INFO (96.2%, 5806 bytes, 245 lines)
13:51:51 INFO (96.2%, 5805 bytes, 245 lines)
13:52:12 INFO (96.2%, 5804 bytes, 245 lines)
13:52:30 INFO (96.2%, 5803 bytes, 245 lines)
13:52:54 INFO (96.2%, 5802 bytes, 245 lines)
13:53:13 INFO (96.2%, 5801 bytes, 245 lines)
13:53:31 INFO (96.2%, 5800 bytes, 245 lines)
13:53:52 INFO (96.2%, 5799 bytes, 245 lines)
13:54:11 INFO (96.2%, 5798 bytes, 245 lines)
13:54:29 INFO (96.2%, 5797 bytes, 245 lines)
13:54:53 INFO (96.2%, 5796 bytes, 245 lines)
13:55:14 INFO (96.2%, 5795 bytes, 245 lines)
13:55:40 INFO (96.2%, 5794 bytes, 245 lines)
13:56:04 INFO (96.2%, 5793 bytes, 245 lines)
13:56:24 INFO (96.2%, 5792 bytes, 245 lines)
13:56:49 INFO (96.2%, 5791 bytes, 245 lines)
13:57:10 INFO (96.2%, 5790 bytes, 245 lines)
13:57:31 INFO (96.2%, 5789 bytes, 245 lines)
13:57:49 INFO (96.2%, 5788 bytes, 245 lines)
13:58:14 INFO (96.2%, 5787 bytes, 245 lines)
13:58:37 INFO (96.2%, 5786 bytes, 245 lines)
13:58:58 INFO (96.2%, 5785 bytes, 245 lines)
13:59:22 INFO (96.2%, 5784 bytes, 245 lines)
13:59:40 INFO (96.2%, 5783 bytes, 245 lines)
14:00:05 INFO (96.2%, 5782 bytes, 245 lines)
14:00:23 INFO (96.2%, 5781 bytes, 245 lines)
14:00:42 INFO (96.2%, 5780 bytes, 245 lines)
14:01:04 INFO (96.2%, 5779 bytes, 245 lines)
14:01:28 INFO (96.2%, 5778 bytes, 245 lines)
14:01:47 INFO (96.2%, 5777 bytes, 245 lines)
14:02:11 INFO (96.2%, 5776 bytes, 245 lines)
14:02:32 INFO (96.2%, 5775 bytes, 245 lines)
14:02:55 INFO (96.2%, 5774 bytes, 245 lines)
14:03:20 INFO (96.2%, 5773 bytes, 245 lines)
14:03:44 INFO (96.2%, 5772 bytes, 245 lines)
14:04:07 INFO (96.2%, 5771 bytes, 245 lines)
14:04:25 INFO (96.2%, 5770 bytes, 245 lines)
14:04:46 INFO (96.2%, 5769 bytes, 245 lines)
14:05:04 INFO (96.2%, 5768 bytes, 245 lines)
14:05:22 INFO (96.2%, 5767 bytes, 245 lines)
14:05:46 INFO (96.2%, 5766 bytes, 245 lines)
14:06:04 INFO (96.2%, 5765 bytes, 245 lines)
14:06:23 INFO (96.2%, 5764 bytes, 245 lines)
14:06:47 INFO (96.2%, 5763 bytes, 245 lines)
14:07:11 INFO (96.2%, 5762 bytes, 245 lines)
14:07:30 INFO (96.2%, 5761 bytes, 245 lines)
14:07:50 INFO (96.2%, 5760 bytes, 245 lines)
14:08:08 INFO (96.2%, 5759 bytes, 245 lines)
14:08:26 INFO (96.2%, 5758 bytes, 245 lines)
14:08:50 INFO (96.2%, 5757 bytes, 245 lines)
14:09:08 INFO (96.2%, 5756 bytes, 245 lines)
14:09:26 INFO (96.2%, 5755 bytes, 245 lines)
14:09:47 INFO (96.2%, 5754 bytes, 245 lines)
14:10:06 INFO (96.2%, 5753 bytes, 245 lines)
14:10:23 INFO (96.2%, 5752 bytes, 245 lines)
14:10:47 INFO (96.2%, 5751 bytes, 245 lines)
14:11:12 INFO (96.2%, 5750 bytes, 245 lines)
14:11:30 INFO (96.2%, 5749 bytes, 245 lines)
14:11:48 INFO (96.2%, 5748 bytes, 245 lines)
14:12:13 INFO (96.2%, 5747 bytes, 245 lines)
14:12:34 INFO (96.2%, 5746 bytes, 245 lines)
14:12:54 INFO (96.2%, 5745 bytes, 245 lines)
14:13:13 INFO (96.2%, 5744 bytes, 245 lines)
14:13:37 INFO (96.2%, 5743 bytes, 245 lines)
14:14:02 INFO (96.2%, 5742 bytes, 245 lines)
14:14:21 INFO (96.2%, 5741 bytes, 245 lines)
14:14:45 INFO (96.2%, 5740 bytes, 245 lines)
14:15:03 INFO (96.2%, 5739 bytes, 245 lines)
14:15:25 INFO (96.2%, 5738 bytes, 245 lines)
14:15:43 INFO (96.2%, 5737 bytes, 245 lines)
14:16:05 INFO (96.2%, 5736 bytes, 245 lines)
14:16:23 INFO (96.2%, 5735 bytes, 245 lines)
14:16:47 INFO (96.2%, 5734 bytes, 245 lines)
14:17:08 INFO (96.2%, 5733 bytes, 245 lines)
14:17:27 INFO (96.2%, 5732 bytes, 245 lines)
14:17:48 INFO (96.2%, 5731 bytes, 245 lines)
14:18:09 INFO (96.2%, 5730 bytes, 245 lines)
14:18:30 INFO (96.2%, 5729 bytes, 245 lines)
14:18:54 INFO (96.2%, 5728 bytes, 245 lines)
14:19:11 INFO (96.2%, 5727 bytes, 245 lines)
14:19:29 INFO (96.2%, 5726 bytes, 245 lines)
14:19:47 INFO (96.2%, 5725 bytes, 245 lines)
14:20:11 INFO (96.2%, 5724 bytes, 245 lines)
14:20:36 INFO (96.2%, 5723 bytes, 245 lines)
14:20:59 INFO (96.2%, 5722 bytes, 245 lines)
14:21:18 INFO (96.2%, 5721 bytes, 245 lines)
14:21:36 INFO (96.2%, 5720 bytes, 245 lines)
14:21:58 INFO (96.2%, 5719 bytes, 245 lines)
14:22:16 INFO (96.2%, 5718 bytes, 245 lines)
14:22:34 INFO (96.2%, 5717 bytes, 245 lines)
14:22:53 INFO (96.3%, 5716 bytes, 245 lines)
14:23:17 INFO (96.3%, 5715 bytes, 245 lines)
14:23:41 INFO (96.3%, 5714 bytes, 245 lines)
14:23:59 INFO (96.3%, 5713 bytes, 245 lines)
14:24:20 INFO (96.3%, 5712 bytes, 245 lines)
14:24:45 INFO (96.3%, 5711 bytes, 245 lines)
14:25:10 INFO (96.3%, 5710 bytes, 245 lines)
14:25:34 INFO (96.3%, 5709 bytes, 245 lines)
14:25:52 INFO (96.3%, 5708 bytes, 245 lines)
14:26:14 INFO (96.3%, 5707 bytes, 245 lines)
14:26:32 INFO (96.3%, 5706 bytes, 245 lines)
14:26:51 INFO (96.3%, 5705 bytes, 245 lines)
14:27:10 INFO (96.3%, 5704 bytes, 245 lines)
14:27:30 INFO (96.3%, 5703 bytes, 245 lines)
14:27:55 INFO (96.3%, 5702 bytes, 245 lines)
14:28:19 INFO (96.3%, 5701 bytes, 245 lines)
14:28:37 INFO (96.3%, 5700 bytes, 245 lines)
14:28:55 INFO (96.3%, 5699 bytes, 245 lines)
14:29:13 INFO (96.3%, 5698 bytes, 245 lines)
14:29:35 INFO (96.3%, 5697 bytes, 245 lines)
14:29:58 INFO (96.3%, 5696 bytes, 245 lines)
14:30:22 INFO (96.3%, 5695 bytes, 245 lines)
14:30:47 INFO (96.3%, 5694 bytes, 245 lines)
14:31:05 INFO (96.3%, 5693 bytes, 245 lines)
14:31:26 INFO (96.3%, 5692 bytes, 245 lines)
14:31:51 INFO (96.3%, 5691 bytes, 245 lines)
14:32:16 INFO (96.3%, 5690 bytes, 245 lines)
14:32:37 INFO (96.3%, 5689 bytes, 245 lines)
14:33:00 INFO (96.3%, 5688 bytes, 245 lines)
14:33:21 INFO (96.3%, 5687 bytes, 245 lines)
14:33:43 INFO (96.3%, 5686 bytes, 245 lines)
14:34:07 INFO (96.3%, 5685 bytes, 245 lines)
14:34:32 INFO (96.3%, 5684 bytes, 245 lines)
14:34:50 INFO (96.3%, 5683 bytes, 245 lines)
14:35:14 INFO (96.3%, 5682 bytes, 245 lines)
14:35:37 INFO (96.3%, 5681 bytes, 245 lines)
14:35:58 INFO (96.3%, 5680 bytes, 245 lines)
14:36:15 INFO (96.3%, 5679 bytes, 245 lines)
14:36:34 INFO (96.3%, 5678 bytes, 245 lines)
14:36:52 INFO (96.3%, 5677 bytes, 245 lines)
14:37:16 INFO (96.3%, 5676 bytes, 245 lines)
14:37:33 INFO (96.3%, 5675 bytes, 245 lines)
14:37:58 INFO (96.3%, 5674 bytes, 245 lines)
14:38:22 INFO (96.3%, 5673 bytes, 245 lines)
14:38:40 INFO (96.3%, 5672 bytes, 245 lines)
14:39:04 INFO (96.3%, 5671 bytes, 245 lines)
14:39:26 INFO (96.3%, 5670 bytes, 245 lines)
14:39:48 INFO (96.3%, 5669 bytes, 245 lines)
14:40:09 INFO (96.3%, 5668 bytes, 245 lines)
14:40:34 INFO (96.3%, 5667 bytes, 245 lines)
14:40:58 INFO (96.3%, 5666 bytes, 245 lines)
14:41:19 INFO (96.3%, 5665 bytes, 245 lines)
14:41:39 INFO (96.3%, 5664 bytes, 245 lines)
14:41:59 INFO (96.3%, 5663 bytes, 245 lines)
14:42:15 INFO (96.3%, 5662 bytes, 245 lines)
14:42:31 INFO (96.3%, 5661 bytes, 245 lines)
14:42:47 INFO (96.3%, 5660 bytes, 245 lines)
14:42:58 INFO (96.3%, 5659 bytes, 245 lines)
14:43:09 INFO (96.3%, 5658 bytes, 245 lines)
14:43:21 INFO (96.3%, 5657 bytes, 245 lines)
14:43:32 INFO (96.3%, 5656 bytes, 245 lines)
14:43:43 INFO (96.3%, 5655 bytes, 245 lines)
14:43:46 INFO ===< IntsPass::a >===
14:44:04 INFO (96.3%, 5653 bytes, 245 lines)
14:44:28 INFO (96.3%, 5651 bytes, 245 lines)
14:44:46 INFO (96.3%, 5649 bytes, 245 lines)
14:45:07 INFO (96.3%, 5647 bytes, 245 lines)
14:45:26 INFO (96.3%, 5645 bytes, 245 lines)
14:45:50 INFO (96.3%, 5643 bytes, 245 lines)
14:46:13 INFO (96.3%, 5641 bytes, 245 lines)
14:46:35 INFO (96.3%, 5639 bytes, 245 lines)
14:46:58 INFO (96.3%, 5637 bytes, 245 lines)
14:47:24 INFO (96.3%, 5635 bytes, 245 lines)
14:47:49 INFO (96.3%, 5633 bytes, 245 lines)
14:48:10 INFO (96.3%, 5631 bytes, 245 lines)
14:48:32 INFO (96.3%, 5629 bytes, 245 lines)
14:48:48 INFO (96.3%, 5627 bytes, 245 lines)
14:48:55 INFO ===< IntsPass::b >===
14:49:14 INFO (96.3%, 5626 bytes, 245 lines)
14:49:32 INFO (96.3%, 5624 bytes, 245 lines)
14:49:50 INFO (96.3%, 5622 bytes, 245 lines)
14:50:16 INFO (96.3%, 5620 bytes, 245 lines)
14:50:33 INFO (96.3%, 5619 bytes, 245 lines)
14:50:51 INFO (96.3%, 5618 bytes, 245 lines)
14:51:15 INFO (96.3%, 5616 bytes, 245 lines)
14:51:40 INFO (96.3%, 5615 bytes, 245 lines)
14:51:58 INFO (96.3%, 5614 bytes, 245 lines)
14:52:17 INFO (96.3%, 5613 bytes, 245 lines)
14:52:35 INFO (96.3%, 5611 bytes, 245 lines)
14:52:53 INFO (96.3%, 5609 bytes, 245 lines)
14:53:12 INFO (96.3%, 5608 bytes, 245 lines)
14:53:30 INFO (96.3%, 5607 bytes, 245 lines)
14:53:55 INFO (96.3%, 5606 bytes, 245 lines)
14:54:13 INFO (96.3%, 5605 bytes, 245 lines)
14:54:37 INFO (96.3%, 5604 bytes, 245 lines)
14:54:56 INFO (96.3%, 5603 bytes, 245 lines)
14:55:14 INFO (96.3%, 5602 bytes, 245 lines)
14:55:39 INFO (96.3%, 5601 bytes, 245 lines)
14:56:03 INFO (96.3%, 5599 bytes, 245 lines)
14:56:21 INFO (96.3%, 5598 bytes, 245 lines)
14:56:40 INFO (96.3%, 5597 bytes, 245 lines)
14:57:04 INFO (96.3%, 5595 bytes, 245 lines)
14:57:22 INFO (96.3%, 5593 bytes, 245 lines)
14:57:41 INFO (96.3%, 5592 bytes, 245 lines)
14:57:58 INFO (96.3%, 5590 bytes, 245 lines)
14:58:23 INFO (96.3%, 5589 bytes, 245 lines)
14:58:40 INFO (96.3%, 5588 bytes, 245 lines)
14:59:04 INFO (96.3%, 5587 bytes, 245 lines)
14:59:23 INFO (96.3%, 5586 bytes, 245 lines)
14:59:41 INFO (96.3%, 5584 bytes, 245 lines)
14:59:59 INFO (96.3%, 5583 bytes, 245 lines)
15:00:18 INFO (96.3%, 5582 bytes, 245 lines)
15:00:36 INFO (96.3%, 5580 bytes, 245 lines)
15:01:00 INFO (96.3%, 5579 bytes, 245 lines)
15:01:19 INFO (96.3%, 5577 bytes, 245 lines)
15:01:44 INFO (96.3%, 5575 bytes, 245 lines)
15:02:08 INFO (96.3%, 5574 bytes, 245 lines)
15:02:30 INFO (96.3%, 5573 bytes, 245 lines)
15:02:56 INFO (96.3%, 5572 bytes, 245 lines)
15:03:14 INFO (96.3%, 5571 bytes, 245 lines)
15:03:32 INFO (96.3%, 5570 bytes, 245 lines)
15:03:56 INFO (96.3%, 5568 bytes, 245 lines)
15:04:18 INFO (96.3%, 5567 bytes, 245 lines)
15:04:37 INFO (96.3%, 5566 bytes, 245 lines)
15:04:58 INFO (96.3%, 5564 bytes, 245 lines)
15:05:16 INFO (96.4%, 5563 bytes, 245 lines)
15:05:33 INFO (96.4%, 5562 bytes, 245 lines)
15:05:48 INFO (96.4%, 5560 bytes, 245 lines)
15:05:58 INFO (96.4%, 5558 bytes, 245 lines)
15:05:58 INFO ===< IntsPass::c >===
15:06:16 INFO (96.4%, 5557 bytes, 245 lines)
15:06:38 INFO (96.4%, 5556 bytes, 245 lines)
15:06:55 INFO (96.4%, 5555 bytes, 245 lines)
15:07:13 INFO (96.4%, 5554 bytes, 245 lines)
15:07:32 INFO (96.4%, 5553 bytes, 245 lines)
15:07:50 INFO (96.4%, 5552 bytes, 245 lines)
15:08:11 INFO (96.4%, 5551 bytes, 245 lines)
15:08:29 INFO (96.4%, 5550 bytes, 245 lines)
15:08:47 INFO (96.4%, 5549 bytes, 245 lines)
15:09:12 INFO (96.4%, 5548 bytes, 245 lines)
15:09:30 INFO (96.4%, 5547 bytes, 245 lines)
15:09:52 INFO (96.4%, 5546 bytes, 245 lines)
15:10:10 INFO (96.4%, 5545 bytes, 245 lines)
15:10:27 INFO (96.4%, 5544 bytes, 245 lines)
15:10:42 INFO (96.4%, 5543 bytes, 245 lines)
15:10:53 INFO (96.4%, 5542 bytes, 245 lines)
15:10:53 INFO ===< IntsPass::d >===
15:10:53 INFO ===< IntsPass::c >===
15:11:02 INFO ===< BalancedPass::parens-only >===
15:11:03 INFO ===< ClexPass::delete-string >===
15:11:05 INFO Termination check: size was 5864; now 5542
15:11:05 ERROR Skipping pass UnIfDefPass
15:11:05 INFO ===< ClexPass::define >===
15:11:05 INFO ===< IncludeIncludesPass >===
15:11:05 INFO ===< TernaryPass::b >===
15:11:05 INFO ===< TernaryPass::c >===
15:11:19 INFO ===< BalancedPass::curly >===
15:11:33 INFO ===< BalancedPass::curly2 >===
15:11:33 INFO ===< BalancedPass::curly3 >===
15:11:46 INFO ===< BalancedPass::parens >===
15:11:47 INFO ===< BalancedPass::angles >===
15:12:05 INFO ===< BalancedPass::square >===
15:12:21 INFO ===< BalancedPass::curly-inside >===
15:12:29 INFO ===< BalancedPass::parens-inside >===
15:12:30 INFO ===< BalancedPass::angles-inside >===
15:12:45 INFO ===< BalancedPass::square-inside >===
15:13:00 INFO ===< BalancedPass::curly-only >===
15:13:00 INFO ===< BalancedPass::angles-only >===
15:13:13 INFO ===< BalancedPass::square-only >===
15:13:13 INFO ===< ClangPass::remove-namespace >===
15:13:13 INFO ===< ClangPass::aggregate-to-scalar >===
15:13:13 INFO ===< ClangPass::param-to-global >===
15:13:14 INFO ===< ClangPass::param-to-local >===
15:13:14 INFO ===< ClangPass::remove-nested-function >===
15:13:15 INFO ===< ClangPass::union-to-struct >===
15:13:15 INFO ===< ClangPass::return-void >===
15:13:15 INFO ===< ClangPass::simple-inliner >===
15:13:29 INFO ===< ClangPass::reduce-pointer-level >===
15:13:29 INFO ===< ClangPass::lift-assignment-expr >===
15:13:30 INFO ===< ClangPass::copy-propagation >===
15:13:30 INFO ===< ClangHintsPass::callexpr-to-value >===
15:13:30 INFO ===< ClangPass::replace-callexpr >===
15:13:30 INFO ===< ClangPass::simplify-callexpr >===
15:13:30 INFO ===< ClangHintsPass::remove-unused-function >===
15:13:26 INFO using C++ standard: c++2b with 0 transformation opportunities
15:13:31 INFO ===< ClangBinarySearchPass::remove-unused-enum-member >===
15:13:31 INFO ===< ClangPass::remove-enum-member-value >===
15:13:26 INFO using C++ standard: c++2b with 7 transformation opportunities
15:13:33 INFO ===< ClangBinarySearchPass::remove-unused-var >===
15:13:33 INFO ===< ClangPass::simplify-if >===
15:13:33 INFO ===< ClangPass::reduce-array-dim >===
15:13:33 INFO ===< ClangPass::reduce-array-size >===
15:13:33 INFO ===< ClangPass::move-definition-to-declaration >===
15:13:33 INFO ===< ClangPass::simplify-comma-expr >===
15:13:33 INFO ===< ClangPass::simplify-dependent-typedef >===
15:13:33 INFO ===< ClangPass::replace-simple-typedef >===
15:13:34 INFO ===< ClangHintsPass::replace-dependent-typedef >===
15:13:34 INFO ===< ClangPass::replace-one-level-typedef-type >===
15:14:09 INFO ===< ClangPass::remove-unused-field >===
15:14:09 INFO ===< ClangPass::instantiate-template-type-param-to-int >===
15:14:09 INFO ===< ClangPass::instantiate-template-param >===
15:14:10 INFO ===< ClangPass::template-arg-to-int >===
15:14:10 INFO ===< ClangPass::template-non-type-arg-to-int >===
15:14:10 INFO ===< ClangPass::reduce-class-template-param >===
15:14:10 INFO ===< ClangPass::remove-trivial-base-template >===
15:14:10 INFO ===< ClangPass::class-template-to-class >===
15:14:10 INFO ===< ClangPass::merge-base-class >===
15:14:10 INFO ===< ClangPass::remove-base-class >===
15:14:11 INFO ===< ClangPass::replace-derived-class >===
15:14:11 INFO ===< ClangPass::remove-unresolved-base >===
15:14:11 INFO ===< ClangPass::remove-ctor-initializer >===
15:14:11 INFO ===< ClangPass::replace-class-with-base-template-spec >===
15:14:11 INFO ===< ClangPass::simplify-nested-class >===
15:14:12 INFO ===< ClangPass::remove-unused-outer-class >===
15:14:14 INFO ===< ClangPass::empty-struct-to-int >===
15:14:14 INFO ===< ClangPass::remove-pointer >===
15:14:14 INFO ===< ClangPass::reduce-pointer-pairs >===
15:14:14 INFO ===< ClangPass::remove-array >===
15:14:14 INFO ===< ClangPass::remove-addr-taken >===
15:14:14 INFO ===< ClangPass::simplify-struct >===
15:14:15 INFO ===< ClangPass::replace-undefined-function >===
15:14:15 INFO ===< ClangPass::replace-array-index-var >===
15:14:15 INFO ===< ClangPass::replace-array-access-with-index >===
15:14:15 INFO ===< ClangPass::replace-dependent-name >===
15:14:15 INFO ===< ClangPass::simplify-recursive-template-instantiation >===
15:14:15 INFO ===< ClangPass::vector-to-array >===
15:14:15 INFO ===< ClangPass::remove-try-catch >===
15:14:15 INFO ===< ClangPass::class-to-struct >===
15:14:52 INFO ===< ClangPass::member-to-global >===
15:14:57 INFO ===< LinesPass::0 >===
15:16:16 INFO ===< LinesPass::1 >===
15:16:23 INFO ===< LinesPass::2 >===
15:16:23 INFO ===< LinesPass::3 >===
15:16:23 INFO ===< LinesPass::4 >===
15:16:23 INFO ===< LinesPass::6 >===
15:16:23 INFO ===< LinesPass::8 >===
15:16:23 INFO ===< LinesPass::10 >===
15:16:24 INFO ===< CommentsPass >===
15:16:24 INFO ===< SpecialPass::b >===
15:16:24 INFO ===< SpecialPass::c >===
15:16:24 INFO ===< IndentPass::regular >===
15:16:33 INFO ===< BalancedPass::parens-to-zero >===
16:54:43 INFO ===< ClexHintsPass::rm-toks-1-to-16 >===
17:45:11 INFO ===< ClexPass::rm-tok-pattern-4 >===
17:45:12 INFO ===< ClangPass::local-to-global >===
17:45:40 INFO ===< PeepPass::c >===
17:45:57 INFO (96.4%, 5541 bytes, 245 lines)
17:46:16 INFO (96.4%, 5540 bytes, 245 lines)
17:46:40 INFO (96.4%, 5539 bytes, 245 lines)
17:47:05 INFO (96.4%, 5538 bytes, 245 lines)
17:47:24 INFO (96.4%, 5537 bytes, 245 lines)
17:47:47 INFO (96.4%, 5536 bytes, 245 lines)
17:48:11 INFO (96.4%, 5535 bytes, 245 lines)
17:48:32 INFO (96.4%, 5534 bytes, 245 lines)
17:48:52 INFO (96.4%, 5533 bytes, 245 lines)
17:49:11 INFO (96.4%, 5532 bytes, 245 lines)
17:49:34 INFO (96.4%, 5531 bytes, 245 lines)
17:49:59 INFO (96.4%, 5530 bytes, 245 lines)
17:50:22 INFO (96.4%, 5529 bytes, 245 lines)
17:50:42 INFO (96.4%, 5528 bytes, 245 lines)
17:50:58 INFO (96.4%, 5527 bytes, 245 lines)
17:51:12 INFO (96.4%, 5526 bytes, 245 lines)
17:51:15 INFO ===< IntsPass::a >===
17:51:15 INFO ===< IntsPass::b >===
17:51:15 INFO ===< IntsPass::c >===
17:51:15 INFO ===< IntsPass::d >===
17:51:15 INFO cache hit for HIPProg.hip
17:51:15 INFO ===< IntsPass::c >===
17:51:24 INFO ===< BalancedPass::parens-only >===
17:51:26 INFO ===< ClexPass::delete-string >===
17:51:27 INFO Termination check: size was 5542; now 5526
17:51:27 ERROR Skipping pass UnIfDefPass
17:51:27 INFO ===< ClexPass::define >===
17:51:27 INFO ===< IncludeIncludesPass >===
17:51:27 INFO ===< TernaryPass::b >===
17:51:27 INFO ===< TernaryPass::c >===
17:51:41 INFO ===< BalancedPass::curly >===
17:51:54 INFO ===< BalancedPass::curly2 >===
17:51:54 INFO ===< BalancedPass::curly3 >===
17:52:07 INFO ===< BalancedPass::parens >===
17:52:09 INFO ===< BalancedPass::angles >===
17:52:26 INFO ===< BalancedPass::square >===
17:52:42 INFO ===< BalancedPass::curly-inside >===
17:52:51 INFO ===< BalancedPass::parens-inside >===
17:52:52 INFO ===< BalancedPass::angles-inside >===
17:53:06 INFO ===< BalancedPass::square-inside >===
17:53:20 INFO ===< BalancedPass::curly-only >===
17:53:21 INFO ===< BalancedPass::angles-only >===
17:53:33 INFO ===< BalancedPass::square-only >===
17:53:33 INFO ===< ClangPass::remove-namespace >===
17:53:33 INFO ===< ClangPass::aggregate-to-scalar >===
17:53:34 INFO ===< ClangPass::param-to-global >===
17:53:34 INFO ===< ClangPass::param-to-local >===
17:53:34 INFO ===< ClangPass::remove-nested-function >===
17:53:35 INFO ===< ClangPass::union-to-struct >===
17:53:35 INFO ===< ClangPass::return-void >===
17:53:35 INFO ===< ClangPass::simple-inliner >===
17:53:50 INFO ===< ClangPass::reduce-pointer-level >===
17:53:50 INFO ===< ClangPass::lift-assignment-expr >===
17:53:50 INFO ===< ClangPass::copy-propagation >===
17:53:51 INFO ===< ClangHintsPass::callexpr-to-value >===
17:53:51 INFO ===< ClangPass::replace-callexpr >===
17:53:51 INFO ===< ClangPass::simplify-callexpr >===
17:53:51 INFO ===< ClangHintsPass::remove-unused-function >===
17:53:47 INFO using C++ standard: c++2b with 0 transformation opportunities
17:53:51 INFO ===< ClangBinarySearchPass::remove-unused-enum-member >===
17:53:51 INFO ===< ClangPass::remove-enum-member-value >===
17:53:47 INFO using C++ standard: c++2b with 7 transformation opportunities
17:53:54 INFO ===< ClangBinarySearchPass::remove-unused-var >===
17:53:54 INFO ===< ClangPass::simplify-if >===
17:53:54 INFO ===< ClangPass::reduce-array-dim >===
17:53:54 INFO ===< ClangPass::reduce-array-size >===
17:53:54 INFO ===< ClangPass::move-definition-to-declaration >===
17:53:54 INFO ===< ClangPass::simplify-comma-expr >===
17:53:54 INFO ===< ClangPass::simplify-dependent-typedef >===
17:53:54 INFO ===< ClangPass::replace-simple-typedef >===
17:53:54 INFO ===< ClangHintsPass::replace-dependent-typedef >===
17:53:54 INFO ===< ClangPass::replace-one-level-typedef-type >===
17:54:29 INFO ===< ClangPass::remove-unused-field >===
17:54:30 INFO ===< ClangPass::instantiate-template-type-param-to-int >===
17:54:30 INFO ===< ClangPass::instantiate-template-param >===
17:54:30 INFO ===< ClangPass::template-arg-to-int >===
17:54:30 INFO ===< ClangPass::template-non-type-arg-to-int >===
17:54:30 INFO ===< ClangPass::reduce-class-template-param >===
17:54:30 INFO ===< ClangPass::remove-trivial-base-template >===
17:54:30 INFO ===< ClangPass::class-template-to-class >===
17:54:30 INFO ===< ClangPass::merge-base-class >===
17:54:30 INFO ===< ClangPass::remove-base-class >===
17:54:30 INFO ===< ClangPass::replace-derived-class >===
17:54:31 INFO ===< ClangPass::remove-unresolved-base >===
17:54:31 INFO ===< ClangPass::remove-ctor-initializer >===
17:54:31 INFO ===< ClangPass::replace-class-with-base-template-spec >===
17:54:31 INFO ===< ClangPass::simplify-nested-class >===
17:54:32 INFO ===< ClangPass::remove-unused-outer-class >===
17:54:34 INFO ===< ClangPass::empty-struct-to-int >===
17:54:34 INFO ===< ClangPass::remove-pointer >===
17:54:34 INFO ===< ClangPass::reduce-pointer-pairs >===
17:54:34 INFO ===< ClangPass::remove-array >===
17:54:34 INFO ===< ClangPass::remove-addr-taken >===
17:54:34 INFO ===< ClangPass::simplify-struct >===
17:54:34 INFO ===< ClangPass::replace-undefined-function >===
17:54:34 INFO ===< ClangPass::replace-array-index-var >===
17:54:35 INFO ===< ClangPass::replace-array-access-with-index >===
17:54:35 INFO ===< ClangPass::replace-dependent-name >===
17:54:35 INFO ===< ClangPass::simplify-recursive-template-instantiation >===
17:54:35 INFO ===< ClangPass::vector-to-array >===
17:54:35 INFO ===< ClangPass::remove-try-catch >===
17:54:35 INFO ===< ClangPass::class-to-struct >===
17:55:12 INFO ===< ClangPass::member-to-global >===
17:55:18 INFO ===< LinesPass::0 >===
17:56:36 INFO ===< LinesPass::1 >===
17:56:44 INFO ===< LinesPass::2 >===
17:56:44 INFO ===< LinesPass::3 >===
17:56:44 INFO ===< LinesPass::4 >===
17:56:44 INFO ===< LinesPass::6 >===
17:56:44 INFO ===< LinesPass::8 >===
17:56:44 INFO ===< LinesPass::10 >===
17:56:45 INFO ===< CommentsPass >===
17:56:45 INFO ===< SpecialPass::b >===
17:56:45 INFO ===< SpecialPass::c >===
17:56:45 INFO ===< IndentPass::regular >===
17:56:54 INFO ===< BalancedPass::parens-to-zero >===
19:35:24 INFO ===< ClexHintsPass::rm-toks-1-to-16 >===
19:46:58 INFO Exiting now ...
00:00:01 ERROR Prereqs not found for pass UnIfDefPass
00:00:01 ERROR Prereqs not found for pass IfPass
00:00:01 ERROR Prereqs not found for pass UnIfDefPass
00:00:09 INFO ===< 2338961 >===
00:00:09 INFO running 4 interestingness tests in parallel
00:00:09 INFO (0.0%, 5526 bytes, 245 lines)
00:00:09 INFO INITIAL PASSES (interleaving)
00:00:09 INFO ===<  >===
00:00:52 INFO Exiting now ...
00:00:00 ERROR Prereqs not found for pass UnIfDefPass
00:00:00 ERROR Prereqs not found for pass IfPass
00:00:00 ERROR Prereqs not found for pass UnIfDefPass
00:00:07 INFO ===< 2351546 >===
00:00:07 INFO running 4 interestingness tests in parallel
00:00:07 INFO (0.0%, 5526 bytes, 245 lines)
00:00:07 INFO INITIAL PASSES (interleaving)
00:00:07 INFO ===<  >===
00:03:04 INFO (0.0%, 5525 bytes, 245 lines, via BlankPass)
02:05:17 INFO INITIAL PASSES
02:05:17 ERROR Skipping pass UnIfDefPass
02:05:17 ERROR Skipping pass IfPass
02:05:17 INFO ===< BalancedPass::angles, BalancedPass::angles-inside, BalancedPass::angles-only, BalancedPass::curly, BalancedPass::curly-inside, BalancedPass::curly-only, BalancedPass::curly2, BalancedPass::curly3, BalancedPass::parens, BalancedPass::parens-inside, BalancedPass::parens-only, BalancedPass::parens-to-zero, BalancedPass::square, BalancedPass::square-inside, BalancedPass::square-only, BlankPass, ClangHintsPass::callexpr-to-value, ClangHintsPass::remove-unused-function, ClangHintsPass::replace-dependent-typedef, ClangHintsPass::replace-function-def-with-decl, ClangIncludeGraphPass, ClangModuleMapPass, ClexHintsPass::rm-toks-1-to-4, ClexHintsPass::rm-toks-13-to-16, ClexHintsPass::rm-toks-5-to-8, ClexHintsPass::rm-toks-9-to-12, CommentsPass, InlineIncludesPass, LineMarkersPass, LinesPass::0, LinesPass::1, LinesPass::10, LinesPass::2, LinesPass::3, LinesPass::4, LinesPass::6, LinesPass::8, LinesPass::None, MakefilePass, RmUnusedFilesPass, TreeSitterPass::erase-namespace, TreeSitterPass::remove-function, TreeSitterPass::replace-function-def-with-decl >===
02:05:19 INFO ===< IncludesPass >===
02:05:20 INFO ===< CommentsPass >===
02:05:20 INFO ===< LineMarkersPass >===
02:05:21 INFO ===< BlankPass >===
02:05:21 INFO ===< ClangHintsPass::replace-function-def-with-decl (30 T) >===
02:05:21 INFO ===< ClangHintsPass::remove-unused-function (30 T) >===
02:05:21 INFO cache hit for HIPProg.hip
02:05:21 INFO ===< ClangHintsPass::replace-function-def-with-decl (30 T) >===
02:05:21 INFO cache hit for HIPProg.hip
02:05:21 INFO ===< ClangHintsPass::remove-unused-function (30 T) >===
02:05:22 INFO ===< ClangHintsPass::replace-function-def-with-decl >===
02:05:22 INFO ===< ClangHintsPass::remove-unused-function >===
02:05:29 INFO ===< LinesPass::0 >===
02:06:46 INFO ===< LinesPass::1 >===
02:06:54 INFO ===< LinesPass::2 >===
02:06:54 INFO ===< LinesPass::3 >===
02:06:54 INFO ===< LinesPass::4 >===
02:06:54 INFO ===< LinesPass::6 >===
02:06:54 INFO ===< LinesPass::8 >===
02:06:54 INFO ===< LinesPass::10 >===
02:06:54 INFO cache hit for HIPProg.hip
02:06:54 INFO ===< ClangHintsPass::replace-function-def-with-decl >===
02:06:54 INFO cache hit for HIPProg.hip
02:06:54 INFO ===< ClangHintsPass::remove-unused-function >===
02:06:54 INFO cache hit for HIPProg.hip
02:06:54 INFO ===< ClangHintsPass::remove-unused-function >===
02:07:09 INFO ===< BalancedPass::curly >===
02:07:22 INFO ===< BalancedPass::curly2 >===
02:07:22 INFO ===< BalancedPass::curly3 >===
02:07:30 INFO ===< BalancedPass::parens-to-zero >===
02:07:30 INFO ===< ClangHintsPass::callexpr-to-value >===
02:07:30 INFO ===< ClangPass::replace-callexpr >===
02:07:30 INFO ===< ClangPass::simplify-callexpr >===
02:07:30 INFO using C++ standard: c++2b with 0 transformation opportunities
02:07:30 INFO ===< ClangBinarySearchPass::remove-unused-enum-member >===
02:07:30 INFO ===< ClangPass::remove-enum-member-value >===
02:07:30 INFO using C++ standard: c++2b with 7 transformation opportunities
02:07:32 INFO ===< ClangBinarySearchPass::remove-unused-var >===
02:07:33 INFO ===< SpecialPass::a >===
02:07:33 INFO ===< SpecialPass::b >===
02:07:33 INFO INTERLEAVING PASSES
02:07:33 INFO ===< SpecialPass::c >===
03:40:50 INFO Termination check: size was 5525; now 5525
03:40:50 INFO MAIN PASSES
03:40:50 ERROR Skipping pass UnIfDefPass
03:40:50 INFO ===< BalancedPass::angles, BalancedPass::angles-inside, BalancedPass::angles-only, BalancedPass::curly, BalancedPass::curly-inside, BalancedPass::curly-only, BalancedPass::curly2, BalancedPass::curly3, BalancedPass::parens, BalancedPass::parens-inside, BalancedPass::parens-only, BalancedPass::parens-to-zero, BalancedPass::square, BalancedPass::square-inside, BalancedPass::square-only, BlankPass, ClangHintsPass::callexpr-to-value, ClangHintsPass::remove-unused-function, ClangHintsPass::replace-dependent-typedef, ClangHintsPass::replace-function-def-with-decl, ClangIncludeGraphPass, ClangModuleMapPass, ClexHintsPass::rm-toks-1-to-4, ClexHintsPass::rm-toks-13-to-16, ClexHintsPass::rm-toks-5-to-8, ClexHintsPass::rm-toks-9-to-12, CommentsPass, InlineIncludesPass, LineMarkersPass, LinesPass::0, LinesPass::1, LinesPass::10, LinesPass::2, LinesPass::3, LinesPass::4, LinesPass::6, LinesPass::8, LinesPass::None, MakefilePass, RmUnusedFilesPass, TreeSitterPass::erase-namespace, TreeSitterPass::remove-function, TreeSitterPass::replace-function-def-with-decl >===
03:40:50 INFO ===< IncludeIncludesPass >===
03:40:50 INFO ===< TernaryPass::b >===
03:40:50 INFO ===< TernaryPass::c >===
03:40:50 INFO cache hit for HIPProg.hip
03:40:50 INFO ===< BalancedPass::curly >===
03:40:50 INFO cache hit for HIPProg.hip
03:40:50 INFO ===< BalancedPass::curly2 >===
03:40:50 INFO cache hit for HIPProg.hip
03:40:50 INFO ===< BalancedPass::curly3 >===
03:41:01 INFO ===< BalancedPass::parens >===
03:41:01 INFO ===< BalancedPass::angles >===
03:41:16 INFO ===< BalancedPass::square >===
03:41:32 INFO ===< BalancedPass::curly-inside >===
03:41:38 INFO ===< BalancedPass::parens-inside >===
03:41:39 INFO ===< BalancedPass::angles-inside >===
03:41:51 INFO ===< BalancedPass::square-inside >===
03:42:03 INFO ===< BalancedPass::curly-only >===
03:42:04 INFO ===< BalancedPass::angles-only >===
03:42:14 INFO ===< BalancedPass::square-only >===
03:42:14 INFO ===< ClangPass::remove-namespace >===
03:42:14 INFO ===< ClangPass::aggregate-to-scalar >===
03:42:15 INFO ===< ClangPass::param-to-global >===
03:42:15 INFO ===< ClangPass::param-to-local >===
03:42:15 INFO ===< ClangPass::remove-nested-function >===
03:42:16 INFO ===< ClangPass::union-to-struct >===
03:42:16 INFO ===< ClangPass::return-void >===
03:42:16 INFO ===< ClangPass::simple-inliner >===
03:42:29 INFO ===< ClangPass::reduce-pointer-level >===
03:42:29 INFO ===< ClangPass::lift-assignment-expr >===
03:42:29 INFO ===< ClangPass::copy-propagation >===
03:42:29 INFO cache hit for HIPProg.hip
03:42:29 INFO ===< ClangHintsPass::callexpr-to-value >===
03:42:29 INFO cache hit for HIPProg.hip
03:42:29 INFO ===< ClangPass::replace-callexpr >===
03:42:29 INFO cache hit for HIPProg.hip
03:42:29 INFO ===< ClangPass::simplify-callexpr >===
03:42:29 INFO cache hit for HIPProg.hip
03:42:29 INFO ===< ClangHintsPass::remove-unused-function >===
03:42:29 INFO cache hit for HIPProg.hip
03:42:29 INFO ===< ClangBinarySearchPass::remove-unused-enum-member >===
03:42:29 INFO cache hit for HIPProg.hip
03:42:29 INFO ===< ClangPass::remove-enum-member-value >===
03:42:29 INFO cache hit for HIPProg.hip
03:42:29 INFO ===< ClangBinarySearchPass::remove-unused-var >===
03:42:29 INFO ===< ClangPass::simplify-if >===
03:42:29 INFO ===< ClangPass::reduce-array-dim >===
03:42:29 INFO ===< ClangPass::reduce-array-size >===
03:42:29 INFO ===< ClangPass::move-definition-to-declaration >===
03:42:29 INFO ===< ClangPass::simplify-comma-expr >===
03:42:29 INFO ===< ClangPass::simplify-dependent-typedef >===
03:42:29 INFO ===< ClangPass::replace-simple-typedef >===
03:42:29 INFO ===< ClangHintsPass::replace-dependent-typedef >===
03:42:29 INFO ===< ClangPass::replace-one-level-typedef-type >===
03:42:58 INFO ===< ClangPass::remove-unused-field >===
03:42:59 INFO ===< ClangPass::instantiate-template-type-param-to-int >===
03:42:59 INFO ===< ClangPass::instantiate-template-param >===
03:42:59 INFO ===< ClangPass::template-arg-to-int >===
03:42:59 INFO ===< ClangPass::template-non-type-arg-to-int >===
03:42:59 INFO ===< ClangPass::reduce-class-template-param >===
03:42:59 INFO ===< ClangPass::remove-trivial-base-template >===
03:42:59 INFO ===< ClangPass::class-template-to-class >===
03:42:59 INFO ===< ClangPass::merge-base-class >===
03:42:59 INFO ===< ClangPass::remove-base-class >===
03:42:59 INFO ===< ClangPass::replace-derived-class >===
03:42:59 INFO ===< ClangPass::remove-unresolved-base >===
03:42:59 INFO ===< ClangPass::remove-ctor-initializer >===
03:42:59 INFO ===< ClangPass::replace-class-with-base-template-spec >===
03:42:59 INFO ===< ClangPass::simplify-nested-class >===
03:43:00 INFO ===< ClangPass::remove-unused-outer-class >===
03:43:02 INFO ===< ClangPass::empty-struct-to-int >===
03:43:02 INFO ===< ClangPass::remove-pointer >===
03:43:02 INFO ===< ClangPass::reduce-pointer-pairs >===
03:43:02 INFO ===< ClangPass::remove-array >===
03:43:02 INFO ===< ClangPass::remove-addr-taken >===
03:43:02 INFO ===< ClangPass::simplify-struct >===
03:43:02 INFO ===< ClangPass::replace-undefined-function >===
03:43:02 INFO ===< ClangPass::replace-array-index-var >===
03:43:02 INFO ===< ClangPass::replace-array-access-with-index >===
03:43:02 INFO ===< ClangPass::replace-dependent-name >===
03:43:02 INFO ===< ClangPass::simplify-recursive-template-instantiation >===
03:43:02 INFO ===< ClangPass::vector-to-array >===
03:43:02 INFO ===< ClangPass::remove-try-catch >===
03:43:03 INFO ===< ClangPass::class-to-struct >===
03:43:32 INFO ===< ClangPass::member-to-global >===
03:43:32 INFO cache hit for HIPProg.hip
03:43:32 INFO ===< LinesPass::0 >===
03:43:32 INFO cache hit for HIPProg.hip
03:43:32 INFO ===< LinesPass::1 >===
03:43:32 INFO cache hit for HIPProg.hip
03:43:32 INFO ===< LinesPass::2 >===
03:43:32 INFO cache hit for HIPProg.hip
03:43:32 INFO ===< LinesPass::3 >===
03:43:32 INFO cache hit for HIPProg.hip
03:43:32 INFO ===< LinesPass::4 >===
03:43:32 INFO cache hit for HIPProg.hip
03:43:32 INFO ===< LinesPass::6 >===
03:43:33 INFO cache hit for HIPProg.hip
03:43:33 INFO ===< LinesPass::8 >===
03:43:33 INFO cache hit for HIPProg.hip
03:43:33 INFO ===< LinesPass::10 >===
03:43:33 INFO cache hit for HIPProg.hip
03:43:33 INFO ===< CommentsPass >===
03:43:33 INFO cache hit for HIPProg.hip
03:43:33 INFO ===< SpecialPass::b >===
03:43:33 INFO cache hit for HIPProg.hip
03:43:33 INFO ===< SpecialPass::c >===
03:43:33 INFO ===< IndentPass::regular >===
03:43:33 INFO cache hit for HIPProg.hip
03:43:33 INFO ===< BalancedPass::parens-to-zero >===
05:16:43 INFO ===< ClexHintsPass::rm-toks-1-to-16 >===
06:02:45 INFO ===< ClexPass::rm-tok-pattern-4 >===
06:02:45 INFO ===< ClangPass::local-to-global >===
06:03:00 INFO ===< PeepPass::c >===
06:03:02 INFO ===< IntsPass::a >===
06:03:02 INFO ===< IntsPass::b >===
06:03:02 INFO ===< IntsPass::c >===
06:03:03 INFO ===< IntsPass::d >===
06:03:03 INFO cache hit for HIPProg.hip
06:03:03 INFO ===< IntsPass::c >===
06:03:10 INFO ===< BalancedPass::parens-only >===
06:03:11 INFO ===< ClexPass::delete-string >===
06:03:12 INFO Termination check: size was 5525; now 5525
06:03:12 INFO CLEANUP PASSES
06:03:12 INFO ===< ClexPass::define >===
06:03:13 INFO ===< ClangPass::combine-global-var >===
06:03:13 INFO ===< ClangPass::combine-local-var >===
06:03:13 INFO ===< ClangPass::simplify-struct-union-decl >===
06:03:13 INFO ===< ClangPass::move-global-var >===
06:03:13 INFO ===< ClangPass::unify-function-decl >===
06:03:13 INFO cache hit for HIPProg.hip
06:03:13 INFO ===< LinesPass::0 >===
06:03:13 INFO cache hit for HIPProg.hip
06:03:13 INFO ===< ClexPass::delete-string >===
06:03:13 INFO cache hit for HIPProg.hip
06:03:13 INFO ===< BlankPass >===
06:03:13 INFO cache hit for HIPProg.hip
06:03:13 INFO ===< BlankPass >===
06:03:14 INFO ===================== done ====================
===< PASS statistics >===
  pass name                                                     bytes reduced time (s) time (%)   worked   failed  total executed
  BlankPass                                                                 1     8.02     0.04        1       16              17
  RmUnusedFilesPass                                                         0     0.00     0.00        0        0               0
  InlineIncludesPass                                                        0     0.00     0.00        0        0               0
  SpecialPass::c                                                            0     0.00     0.00        0        0               0
  SpecialPass::b                                                            0     0.00     0.00        0        0               0
  BalancedPass::curly3                                                      0     0.01     0.00        0        0               0
  IncludeIncludesPass                                                       0     0.01     0.00        0        4               4
  TernaryPass::c                                                            0     0.01     0.00        0        0               0
  LinesPass::8                                                              0     0.02     0.00        0        0               0
  LinesPass::6                                                              0     0.02     0.00        0        0               0
  TernaryPass::b                                                            0     0.02     0.00        0        0               0
  ClangModuleMapPass                                                        0     0.02     0.00        0        0               0
  LinesPass::10                                                             0     0.02     0.00        0        0               0
  LinesPass::3                                                              0     0.02     0.00        0        0               0
  LinesPass::4                                                              0     0.02     0.00        0        0               0
  MakefilePass                                                              0     0.02     0.00        0        0               0
  TreeSitterPass::erase-namespace                                           0     0.02     0.00        0        0               0
  LineMarkersPass                                                           0     0.02     0.00        0        0               0
  IntsPass::d                                                               0     0.03     0.00        0        2               2
  IndentPass::final                                                         0     0.03     0.00        0        1               1
  IntsPass::c                                                               0     0.03     0.00        0        2               2
  IndentPass::regular                                                       0     0.04     0.00        0        1               1
  IntsPass::b                                                               0     0.04     0.00        0        2               2
  ClangPass::reduce-array-size                                              0     0.04     0.00        0        4               4
  ClangPass::class-to-struct                                                0     0.04     0.00        0        4               4
  ClangPass::move-definition-to-declaration                                 0     0.04     0.00        0        4               4
  ClangPass::replace-one-level-typedef-type                                 0     0.05     0.00        0        4               4
  ClangPass::reduce-class-template-param                                    0     0.05     0.00        0        4               4
  ClangPass::copy-propagation                                               0     0.05     0.00        0        4               4
  ClangPass::replace-class-with-base-template-spec                          0     0.05     0.00        0        4               4
  ClangPass::simplify-nested-class                                          0     0.05     0.00        0        4               4
  ClangPass::simplify-struct-union-decl                                     0     0.05     0.00        0        4               4
  ClangPass::instantiate-template-param                                     0     0.05     0.00        0        4               4
  ClangPass::lift-assignment-expr                                           0     0.05     0.00        0        4               4
  ClangPass::replace-derived-class                                          0     0.05     0.00        0        4               4
  ClangPass::vector-to-array                                                0     0.05     0.00        0        4               4
  ClangPass::replace-dependent-name                                         0     0.05     0.00        0        4               4
  ClangPass::remove-unresolved-base                                         0     0.05     0.00        0        4               4
  ClangPass::remove-nested-function                                         0     0.05     0.00        0        4               4
  ClangPass::remove-ctor-initializer                                        0     0.05     0.00        0        4               4
  ClangPass::remove-trivial-base-template                                   0     0.05     0.00        0        4               4
  ClangPass::class-template-to-class                                        0     0.05     0.00        0        4               4
  ClangPass::remove-namespace                                               0     0.05     0.00        0        4               4
  ClangPass::template-non-type-arg-to-int                                   0     0.05     0.00        0        4               4
  ClangPass::instantiate-template-type-param-to-int                         0     0.05     0.00        0        4               4
  ClangPass::replace-array-access-with-index                                0     0.05     0.00        0        4               4
  ClangPass::remove-enum-member-value                                       0     0.05     0.00        0        4               4
  ClangPass::aggregate-to-scalar                                            0     0.05     0.00        0        4               4
  ClangPass::template-arg-to-int                                            0     0.05     0.00        0        4               4
  ClangPass::reduce-pointer-pairs                                           0     0.05     0.00        0        4               4
  ClangPass::simplify-recursive-template-instantiation                      0     0.05     0.00        0        4               4
  ClangPass::merge-base-class                                               0     0.05     0.00        0        4               4
  ClangPass::move-global-var                                                0     0.05     0.00        0        4               4
  ClangPass::remove-array                                                   0     0.05     0.00        0        4               4
  ClangPass::simplify-if                                                    0     0.05     0.00        0        4               4
  ClangPass::simplify-dependent-typedef                                     0     0.05     0.00        0        4               4
  ClangPass::remove-addr-taken                                              0     0.05     0.00        0        4               4
  ClangPass::replace-simple-typedef                                         0     0.05     0.00        0        4               4
  ClangPass::replace-undefined-function                                     0     0.05     0.00        0        4               4
  ClangPass::replace-array-index-var                                        0     0.06     0.00        0        4               4
  ClangIncludeGraphPass                                                     0     0.06     0.00        0        0               0
  ClangPass::remove-pointer                                                 0     0.06     0.00        0        4               4
  ClangPass::reduce-array-dim                                               0     0.06     0.00        0        4               4
  ClangPass::replace-callexpr                                               0     0.06     0.00        0        4               4
  ClangHintsPass::replace-dependent-typedef                                 0     0.06     0.00        0        0               0
  ClangPass::simplify-comma-expr                                            0     0.06     0.00        0        4               4
  ClangPass::simplify-struct                                                0     0.06     0.00        0        4               4
  ClangPass::remove-base-class                                              0     0.06     0.00        0        4               4
  ClangPass::unify-function-decl                                            0     0.06     0.00        0        4               4
  ClangPass::remove-try-catch                                               0     0.06     0.00        0        4               4
  ClangPass::simple-inliner                                                 0     0.06     0.00        0        4               4
  ClangPass::return-void                                                    0     0.07     0.00        0        4               4
  ClangPass::simplify-callexpr                                              0     0.08     0.00        0        4               4
  ClangPass::param-to-global                                                0     0.09     0.00        0        4               4
  ClangPass::param-to-local                                                 0     0.09     0.00        0        4               4
  ClangPass::combine-local-var                                              0     0.09     0.00        0        4               4
  ClangPass::local-to-global                                                0     0.21     0.00        0        8               8
  ClangHintsPass::replace-function-def-with-decl (30 T)                     0     0.23     0.00        0        1               1
  ClangHintsPass::remove-unused-function (30 T)                             0     0.23     0.00        0        0               0
  ClangHintsPass::callexpr-to-value                                         0     0.24     0.00        0        8               8
  ClangBinarySearchPass::remove-unused-enum-member                          0     0.27     0.00        0        0               0
  ClexPass::define                                                          0     0.30     0.00        0        4               4
  ClexPass::delete-string                                                   0     0.30     0.00        0        4               4
  ClangPass::union-to-struct                                                0     0.30     0.00        0        4               4
  ClangPass::remove-unused-outer-class                                      0     0.33     0.00        0        4               4
  ClangHintsPass::remove-unused-function                                    0     0.35     0.00        0        0               0
  ClangHintsPass::replace-function-def-with-decl                            0     0.52     0.00        0        4               4
  SpecialPass::a                                                            0     0.61     0.00        0        2               2
  ClangPass::empty-struct-to-int                                            0     0.61     0.00        0        4               4
  IncludesPass                                                              0     0.82     0.00        0        4               4
  ClangPass::combine-global-var                                             0     0.94     0.00        0        4               4
  BalancedPass::angles                                                      0     1.11     0.01        0       12              12
  BalancedPass::angles-only                                                 0     1.28     0.01        0       12              12
  BalancedPass::angles-inside                                               0     1.35     0.01        0       12              12
  ClangBinarySearchPass::remove-unused-var                                  0     1.76     0.01        0       11              11
  IntsPass::a                                                               0     2.20     0.01        0        9               9
  CommentsPass                                                              0     2.37     0.01        0       84              84
  TreeSitterPass::remove-function                                           0     2.81     0.01        0       27              27
  TreeSitterPass::replace-function-def-with-decl                            0     5.00     0.02        0       21              21
  PeepPass::c                                                               0    11.26     0.05        0     5525            5525
  ClangPass::reduce-pointer-level                                           0    12.66     0.06        0       38              38
  LinesPass::0                                                              0    24.85     0.11        0       76              76
  BalancedPass::parens-inside                                               0    26.97     0.12        0      189             189
  BalancedPass::parens-to-zero                                              0    27.70     0.13        0      225             225
  BalancedPass::parens-only                                                 0    27.75     0.13        0      226             226
  ClangPass::remove-unused-field                                            0    28.26     0.13        0       90              90
  ClangPass::member-to-global                                               0    29.50     0.14        0       92              92
  BalancedPass::parens                                                      0    31.43     0.14        0      225             225
  LinesPass::2                                                              0    32.89     0.15        0       88              88
  BalancedPass::square-only                                                 0    39.82     0.18        0      118             118
  BalancedPass::curly-only                                                  0    44.13     0.20        0      132             132
  BalancedPass::curly2                                                      0    44.76     0.21        0      132             132
  BalancedPass::square-inside                                               0    46.01     0.21        0      133             133
  BalancedPass::curly                                                       0    47.00     0.22        0      132             132
  BalancedPass::square                                                      0    54.51     0.25        0      117             117
  BalancedPass::curly-inside                                                0    61.36     0.28        0       72              72
  LinesPass::1                                                              0   262.55     1.20        0      609             609
  LinesPass::None                                                           0   336.85     1.55        0      793             793
  ClexPass::rm-tok-pattern-4                                                0  2758.10    12.66        0    10073           10073
  ClexHintsPass::rm-toks-13-to-16                                           0  2934.59    13.47        0     9964            9964
  ClexHintsPass::rm-toks-9-to-12                                            0  3007.30    13.80        0     9996            9996
  ClexHintsPass::rm-toks-5-to-8                                             0  3072.25    14.10        0    10028           10028
  ClexHintsPass::rm-toks-1-to-4                                             0  3141.48    14.41        0    10060           10060
  ClexHintsPass::rm-toks-1-to-16                                            0  5582.18    25.61        0    20024           20024

Runtime: 21793 seconds
Reduced test-cases:

--- HIPProg.hip ---
#include <hip/hip_runtime.h>
#include "HIPSmith.h"
#define transparent_crc(X, Y, Z) transparent_crc_(&crc64_context, X, , )
struct U0 {
   uint16_t  f4;
};
struct U1 {
   int32_t  f3;
};
union U2 {
   uint64_t  f0;
   int32_t  f3;
};
struct S4 {
    int32_t g_4[10][6][2];
    int32_t g_19;
    int32_t g_20;
    int g_28;
    uint32_t g_29;
    int64_t g_32;
    uint64_t g_36;
    int64_t *g_53;
    U1 g_61;
    U1 *g_60;
    int32_t g_67[6];
    int32_t *g_66;
    int16_t g_70;
    uint16_t g_88;
    uint32_t g_90;
    int32_t g_92;
    U0 g_94;
    U0 *g_96[3];
    int16_t *g_119;
    int64_t g_155[3][4][5];
    int g_163;
    int8_t g_165;
    uint32_t g_232;
    uint64_t g_245;
    uint8_t g_272;
    int64_t g_277;
    U2 g_299;
    U2 *g_298;
    int32_t *g_319;
    U1 **g_344;
    U1 ***g_343;
    int8_t g_359;
    uint64_t *g_400;
    uint8_t g_455;
    uint8_t g_514;
    uint64_t **g_570;
    uint64_t ***g_569[3];
    int32_t **g_663;
    uint16_t g_664;
    int32_t g_689;
    uint32_t g_728;
    uint8_t g_761[6];
    uint16_t g_838[7];
    int *g_917;
    uint32_t g_918;
    int64_t *g_946;
    int64_t **g_945;
    int16_t g_948;
    U0 g_1138;
    uint32_t *g_1172;
    uint32_t **g_1171;
    uint32_t ***g_1170;
    uint32_t ****g_1169;
    uint32_t ****g_1173;
    U2 g_1189;
    int32_t g_1199;
    int64_t g_1206;
    int8_t g_1432;
    uint64_t g_1434;
    uint32_t *****g_1447;
    U1 g_1452;
    U1 g_1525;
    int32_t *g_1535;
    uint32_t g_1567;
    int32_t ***g_1597[2];
    int32_t ****g_1596;
    int g_1620;
    uint32_t g_1674;
    uint8_t g_1678;
    uint32_t g_1709;
    U0 g_1746;
    U1 g_1751;
    int32_t g_1760;
    uint16_t **g_1877;
    uint16_t ***g_1876;
    uint32_t ****g_1976;
    uint32_t *g_2043;
    uint32_t **g_2042;
    uint64_t ****g_2083;
    uint8_t g_2138;
    uint16_t *g_2161;
    uint32_t g_2317;
    int8_t *g_2340;
    int8_t *g_2342;
    int8_t **g_2341;
    int32_t g_2367;
    int32_t *g_2384;
};
__device__ int8_t  func_13(int64_t  , S4 * );
__device__ uint64_t  func_1(S4 * p_2389)
{
    int64_t *l_31 = &p_2389->g_32;
    *l_31 |= func_13(0, p_2389) ;
    return 0;
}
__device__ int8_t  func_13(int64_t  , S4 * p_2389)
{
    for (p_2389->g_20 = -4; p_2389->g_20 != -1; ++p_2389->g_20)
        if (p_2389->g_4[0][1][1])
            break;
    return p_2389->g_20;
}
__global__ void hipsmith_kernel(uint64_t *results) {
    S4 c_2390;
    S4* p_2389 = &c_2390;
    S4 c_2391 {
        {}, 
        5, 
        9, 
        1, 
        5, 
        1, 
        3, 
        nullptr, 
        2, 
        &p_2389->g_61, 
        5, 0, 5, 0, 5, 0, 
        &p_2389->g_67[4], 
        0, 
        3, 
        7, 
        1, 
        0, 
        &p_2389->g_94, &p_2389->g_94, &p_2389->g_94, 
        &p_2389->g_70, 
        {}, 
        0, 
        0, 
        3, 
        1, 
        3, 
        9, 
        4073709551610, 
        &p_2389->g_299, 
        &p_2389->g_299.f3, 
        nullptr, 
        &p_2389->g_344, 
        {}, 
        &p_2389->g_299.f0, 
        0, 
        1, 
        &p_2389->g_400, 
        &p_2389->g_570, &p_2389->g_570, &p_2389->g_570, 
        &p_2389->g_319, 
        3, 
        0, 
        7, 
        3, 3, 3, 3, 3, 3, 
        9, 5, 9, 5, 9, 5, 9, 
        &p_2389->g_163, 
        0, 
        &p_2389->g_155[2][2][1], 
        &p_2389->g_946, 
        {}, 
        {}, 
        nullptr, 
        &p_2389->g_1172, 
        &p_2389->g_1171, 
        &p_2389->g_1170, 
        &p_2389->g_1170, 
        {}, 
        0, 
        0, 
        3, 
        4073709551614, 
        &p_2389->g_1173, 
        {}, 
        {}, 
        &p_2389->g_61.f3, 
        5, 
        {}, 
        &p_2389->g_1597[1], 
        {}, 
        3, 
        0, 
        3, 
        {}, 
        {}, 
        7, 
        nullptr, 
        &p_2389->g_1877, 
        &p_2389->g_1170, 
        &p_2389->g_918, 
        &p_2389->g_2043, 
        &p_2389->g_569[1], 
        0, 
        &p_2389->g_1746.f4, 
        1, 
        nullptr, 
        &p_2389->g_1432, 
        &p_2389->g_2342, 
        {}, 
        &p_2389->g_19};
    c_2390 = c_2391;
    func_1(p_2389);
    uint64_t crc64_context = 0xFFFFFFFFFFFFFFFFUL;
    transparent_crc(p_2389->g_32, , );
    int tid = threadIdx.x + blockIdx.x * blockDim.x;
    results[tid] = (crc64_context ^ 0xFFFFFFFFFFFFFFFFUL);
}
// ------------------------------------------------------------------
// Host Main
// ------------------------------------------------------------------
int main(int argc, const char* argv[]) {
    // Config
    const unsigned int num_threads = 4;
    const unsigned int block_size = 4;
    // Host Alloc
    std::vector<uint64_t> h_results(num_threads);
    const size_t results_bytes = sizeof(uint64_t) * h_results.size();
    // Device Alloc
    uint64_t *d_results;
    HIP_CHECK(hipMalloc((void**)&d_results, results_bytes));
    HIP_CHECK(hipMemset(d_results, 0, results_bytes));
    // Dimensions
    const dim3 block_dim(block_size);
    const dim3 grid_dim((num_threads + block_size - 1) / block_size);
    // Launch
    hipLaunchKernelGGL(hipsmith_kernel, grid_dim, block_dim, 0, 0, d_results);
    HIP_CHECK(hipGetLastError());
    HIP_CHECK(hipDeviceSynchronize());
    // Copy Back
    HIP_CHECK(hipMemcpy(h_results.data(), d_results, results_bytes, hipMemcpyDeviceToHost));
    // Free
    HIP_CHECK(hipFree(d_results));
    // Output
    for (size_t i = 0; i < h_results.size(); ++i) {
        printf("Thread %zu CRC: %lu\n", i, h_results[i]);
    }
    return 0;
}

