00:00:00 ERROR Prereqs not found for pass UnIfDefPass
00:00:00 ERROR Prereqs not found for pass IfPass
00:00:00 ERROR Prereqs not found for pass UnIfDefPass
00:00:12 INFO ===< 1907717 >===
00:00:12 INFO running 4 interestingness tests in parallel
00:00:12 INFO (0.0%, 124473 bytes, 1325 lines)
00:00:12 INFO INITIAL PASSES (interleaving)
00:00:12 INFO ===<  >===
00:06:29 INFO Exiting now ...
00:00:00 ERROR Prereqs not found for pass UnIfDefPass
00:00:00 ERROR Prereqs not found for pass IfPass
00:00:00 ERROR Prereqs not found for pass UnIfDefPass
00:00:12 INFO ===< 1985929 >===
00:00:12 INFO running 4 interestingness tests in parallel
00:00:12 INFO (0.0%, 124473 bytes, 1325 lines)
00:00:12 INFO INITIAL PASSES (interleaving)
00:00:12 INFO ===<  >===
00:09:54 INFO (84.0%, 19912 bytes, 576 lines, via TreeSitterPass::replace-function-def-with-decl + LinesPass::3 + TreeSitterPass::remove-function + LinesPass::2 + CommentsPass + BalancedPass::curly3 + ClangHintsPass::callexpr-to-value + LinesPass::0 + ClangHintsPass::remove-unused-function + BlankPass)
00:16:36 INFO (85.5%, 17989 bytes, 549 lines, via ClangHintsPass::callexpr-to-value + LinesPass::2 + BalancedPass::curly3 + BalancedPass::curly-inside + BlankPass + CommentsPass)
00:24:54 INFO (89.4%, 13193 bytes, 428 lines, via LinesPass::None + BalancedPass::parens-to-zero + BalancedPass::curly + LinesPass::1 + BalancedPass::curly-inside + LinesPass::0 + BalancedPass::square + BlankPass + ClexHintsPass::rm-toks-1-to-4)
00:30:39 INFO (89.6%, 12925 bytes, 425 lines, via BalancedPass::parens-to-zero + BalancedPass::curly-inside + BlankPass + BalancedPass::square + BalancedPass::curly3 + BalancedPass::parens-only + BalancedPass::curly2)
00:37:12 INFO (91.2%, 11013 bytes, 374 lines, via LinesPass::None + LinesPass::1 + ClexHintsPass::rm-toks-5-to-8 + ClexHintsPass::rm-toks-1-to-4 + BalancedPass::square + BalancedPass::curly + BalancedPass::parens-only + BalancedPass::curly-only + BalancedPass::curly2)
00:44:03 INFO (91.5%, 10603 bytes, 368 lines, via BalancedPass::parens-to-zero + LinesPass::None + BalancedPass::square + ClexHintsPass::rm-toks-1-to-4 + BalancedPass::parens-only + BlankPass + BalancedPass::curly-only + BalancedPass::curly)
00:50:54 INFO (92.4%, 9492 bytes, 334 lines, via LinesPass::1 + BalancedPass::parens-to-zero + LinesPass::None + ClexHintsPass::rm-toks-1-to-4 + BalancedPass::square + BalancedPass::parens-only + BlankPass)
00:56:49 INFO (92.5%, 9275 bytes, 328 lines, via LinesPass::1 + BalancedPass::parens + BalancedPass::parens-to-zero + BalancedPass::square + BalancedPass::parens-only)
01:00:01 INFO (92.6%, 9260 bytes, 328 lines, via BalancedPass::square + ClexHintsPass::rm-toks-1-to-4)
01:05:14 INFO (93.3%, 8368 bytes, 300 lines, via LinesPass::None + LinesPass::1 + ClexHintsPass::rm-toks-1-to-4 + BalancedPass::curly-only)
01:10:47 INFO (93.7%, 7853 bytes, 282 lines, via LinesPass::1 + LinesPass::None)
01:14:37 INFO (93.7%, 7830 bytes, 282 lines, via ClexHintsPass::rm-toks-1-to-4 + BalancedPass::parens-to-zero + BalancedPass::parens-only)
01:18:17 INFO (93.7%, 7815 bytes, 282 lines, via ClexHintsPass::rm-toks-1-to-4 + BalancedPass::parens-only + ClexHintsPass::rm-toks-5-to-8)
01:22:34 INFO (93.8%, 7709 bytes, 278 lines, via LinesPass::None + BalancedPass::square + ClexHintsPass::rm-toks-1-to-4)
01:27:10 INFO (93.9%, 7634 bytes, 276 lines, via LinesPass::None + ClexHintsPass::rm-toks-1-to-4 + ClexHintsPass::rm-toks-5-to-8)
01:31:40 INFO (93.9%, 7545 bytes, 276 lines, via ClexHintsPass::rm-toks-1-to-4)
01:34:35 INFO (94.0%, 7507 bytes, 276 lines, via ClexHintsPass::rm-toks-1-to-4)
01:37:52 INFO (94.0%, 7495 bytes, 276 lines, via ClexHintsPass::rm-toks-1-to-4)
01:40:49 INFO (94.1%, 7389 bytes, 276 lines, via ClexHintsPass::rm-toks-1-to-4)
01:43:29 INFO (94.1%, 7374 bytes, 276 lines, via ClexHintsPass::rm-toks-5-to-8)
01:46:26 INFO (94.1%, 7349 bytes, 276 lines, via ClexHintsPass::rm-toks-1-to-4 + ClexHintsPass::rm-toks-5-to-8)
01:50:45 INFO (94.2%, 7272 bytes, 276 lines, via ClexHintsPass::rm-toks-1-to-4 + BalancedPass::parens-only)
01:54:35 INFO (94.2%, 7230 bytes, 276 lines, via ClexHintsPass::rm-toks-1-to-4)
02:03:15 INFO (94.2%, 7213 bytes, 275 lines, via LinesPass::None)
02:06:53 INFO (94.2%, 7181 bytes, 274 lines, via LinesPass::None)
02:10:43 INFO (94.2%, 7174 bytes, 273 lines, via ClexHintsPass::rm-toks-1-to-4)
02:12:13 INFO (94.3%, 7141 bytes, 273 lines, via ClexHintsPass::rm-toks-1-to-4)
02:23:52 INFO (94.3%, 7107 bytes, 273 lines, via ClexHintsPass::rm-toks-9-to-12)
02:26:04 INFO (94.3%, 7071 bytes, 273 lines, via ClexHintsPass::rm-toks-9-to-12)
02:39:19 INFO (94.3%, 7069 bytes, 273 lines, via ClexHintsPass::rm-toks-1-to-4)
02:41:46 INFO (94.3%, 7049 bytes, 273 lines, via ClexHintsPass::rm-toks-5-to-8)
02:50:42 INFO (94.3%, 7039 bytes, 273 lines, via ClexHintsPass::rm-toks-1-to-4)
02:52:58 INFO (94.4%, 7013 bytes, 273 lines, via ClexHintsPass::rm-toks-1-to-4)
02:55:29 INFO (94.4%, 7004 bytes, 273 lines, via ClexHintsPass::rm-toks-1-to-4)
02:58:26 INFO (94.4%, 6970 bytes, 272 lines, via LinesPass::None)
03:01:44 INFO (94.4%, 6968 bytes, 272 lines, via BalancedPass::parens-only)
03:04:27 INFO (94.4%, 6941 bytes, 272 lines, via ClexHintsPass::rm-toks-13-to-16)
03:18:02 INFO (94.4%, 6931 bytes, 272 lines, via ClexHintsPass::rm-toks-1-to-4)
03:27:50 INFO (94.5%, 6902 bytes, 272 lines, via ClexHintsPass::rm-toks-9-to-12)
03:30:27 INFO (94.5%, 6891 bytes, 271 lines, via LinesPass::None)
03:36:26 INFO (94.5%, 6877 bytes, 270 lines, via LinesPass::None)
04:33:07 INFO INITIAL PASSES
04:33:07 ERROR Skipping pass UnIfDefPass
04:33:07 ERROR Skipping pass IfPass
04:33:07 INFO ===< BalancedPass::angles, BalancedPass::angles-inside, BalancedPass::angles-only, BalancedPass::curly, BalancedPass::curly-inside, BalancedPass::curly-only, BalancedPass::curly2, BalancedPass::curly3, BalancedPass::parens, BalancedPass::parens-inside, BalancedPass::parens-only, BalancedPass::parens-to-zero, BalancedPass::square, BalancedPass::square-inside, BalancedPass::square-only, BlankPass, ClangHintsPass::callexpr-to-value, ClangHintsPass::remove-unused-function, ClangHintsPass::replace-dependent-typedef, ClangHintsPass::replace-function-def-with-decl, ClangIncludeGraphPass, ClangModuleMapPass, ClexHintsPass::rm-toks-1-to-4, ClexHintsPass::rm-toks-13-to-16, ClexHintsPass::rm-toks-5-to-8, ClexHintsPass::rm-toks-9-to-12, CommentsPass, InlineIncludesPass, LineMarkersPass, LinesPass::0, LinesPass::1, LinesPass::10, LinesPass::2, LinesPass::3, LinesPass::4, LinesPass::6, LinesPass::8, LinesPass::None, MakefilePass, RmUnusedFilesPass, TreeSitterPass::erase-namespace, TreeSitterPass::remove-function, TreeSitterPass::replace-function-def-with-decl >===
04:33:09 INFO ===< IncludesPass >===
04:33:10 INFO ===< CommentsPass >===
04:33:10 INFO ===< LineMarkersPass >===
04:33:13 INFO ===< BlankPass >===
04:33:15 INFO ===< ClangHintsPass::replace-function-def-with-decl (30 T) >===
04:33:18 INFO ===< ClangHintsPass::remove-unused-function (30 T) >===
04:33:18 INFO cache hit for HIPProg.hip
04:33:18 INFO ===< ClangHintsPass::replace-function-def-with-decl (30 T) >===
04:33:18 INFO cache hit for HIPProg.hip
04:33:18 INFO ===< ClangHintsPass::remove-unused-function (30 T) >===
04:33:20 INFO ===< ClangHintsPass::replace-function-def-with-decl >===
04:33:21 INFO ===< ClangHintsPass::remove-unused-function >===
04:33:36 INFO ===< LinesPass::0 >===
04:36:05 INFO ===< LinesPass::1 >===
04:36:14 INFO ===< LinesPass::2 >===
04:36:14 INFO ===< LinesPass::3 >===
04:36:14 INFO ===< LinesPass::4 >===
04:36:14 INFO ===< LinesPass::6 >===
04:36:14 INFO ===< LinesPass::8 >===
04:36:14 INFO ===< LinesPass::10 >===
04:36:14 INFO cache hit for HIPProg.hip
04:36:14 INFO ===< ClangHintsPass::replace-function-def-with-decl >===
04:36:14 INFO cache hit for HIPProg.hip
04:36:14 INFO ===< ClangHintsPass::remove-unused-function >===
04:36:14 INFO cache hit for HIPProg.hip
04:36:14 INFO ===< ClangHintsPass::remove-unused-function >===
04:36:43 INFO ===< BalancedPass::curly >===
04:37:18 INFO ===< BalancedPass::curly2 >===
04:37:30 INFO ===< BalancedPass::curly3 >===
04:37:50 INFO ===< BalancedPass::parens-to-zero >===
04:37:52 INFO ===< ClangHintsPass::callexpr-to-value >===
04:37:52 INFO ===< ClangPass::replace-callexpr >===
04:37:54 INFO ===< ClangPass::simplify-callexpr >===
04:37:54 INFO using C++ standard: c++2b with 0 transformation opportunities
04:37:54 INFO ===< ClangBinarySearchPass::remove-unused-enum-member >===
04:37:55 INFO ===< ClangPass::remove-enum-member-value >===
04:37:55 INFO using C++ standard: c++2b with 14 transformation opportunities
04:38:02 INFO ===< ClangBinarySearchPass::remove-unused-var >===
04:38:03 INFO ===< SpecialPass::a >===
04:38:03 INFO ===< SpecialPass::b >===
04:38:03 INFO INTERLEAVING PASSES
04:38:03 INFO ===< SpecialPass::c >===
04:42:11 INFO (94.5%, 6851 bytes, 270 lines, via ClexHintsPass::rm-toks-1-to-4)
04:46:03 INFO (94.5%, 6817 bytes, 270 lines, via ClexHintsPass::rm-toks-1-to-4 + BalancedPass::parens-only)
04:49:47 INFO (94.6%, 6698 bytes, 265 lines, via TreeSitterPass::remove-function + BalancedPass::square)
04:53:44 INFO (94.7%, 6645 bytes, 264 lines, via BlankPass + ClexHintsPass::rm-toks-1-to-4)
04:58:34 INFO (94.7%, 6615 bytes, 264 lines, via ClexHintsPass::rm-toks-1-to-4)
05:19:23 INFO (94.7%, 6614 bytes, 264 lines, via ClexHintsPass::rm-toks-1-to-4)
05:22:24 INFO (94.7%, 6613 bytes, 264 lines, via ClexHintsPass::rm-toks-1-to-4)
05:25:30 INFO (94.7%, 6601 bytes, 264 lines, via ClexHintsPass::rm-toks-1-to-4)
05:29:10 INFO (94.7%, 6575 bytes, 264 lines, via ClexHintsPass::rm-toks-5-to-8 + ClexHintsPass::rm-toks-1-to-4)
05:32:17 INFO (94.8%, 6502 bytes, 263 lines, via BalancedPass::parens-inside + LinesPass::1)
05:36:16 INFO (94.9%, 6376 bytes, 259 lines, via LinesPass::0 + ClexHintsPass::rm-toks-1-to-4)
05:40:11 INFO (94.9%, 6370 bytes, 259 lines, via ClexHintsPass::rm-toks-1-to-4)
05:42:47 INFO (94.9%, 6353 bytes, 259 lines, via ClexHintsPass::rm-toks-1-to-4)
05:45:22 INFO (94.9%, 6346 bytes, 259 lines, via ClexHintsPass::rm-toks-1-to-4)
05:49:52 INFO (95.0%, 6192 bytes, 257 lines, via BalancedPass::parens-inside + ClexHintsPass::rm-toks-1-to-4 + TreeSitterPass::replace-function-def-with-decl)
05:52:09 INFO (95.1%, 6135 bytes, 254 lines, via LinesPass::1)
05:54:15 INFO (95.1%, 6072 bytes, 251 lines, via LinesPass::0)
06:14:38 INFO (95.1%, 6060 bytes, 251 lines, via ClexHintsPass::rm-toks-5-to-8)
06:29:01 INFO (95.1%, 6057 bytes, 251 lines, via ClexHintsPass::rm-toks-1-to-4)
06:33:19 INFO (95.2%, 6022 bytes, 251 lines, via ClexHintsPass::rm-toks-1-to-4)
07:01:51 INFO (95.2%, 6013 bytes, 251 lines, via ClexHintsPass::rm-toks-1-to-4)
07:03:37 INFO (95.2%, 6010 bytes, 251 lines, via ClexHintsPass::rm-toks-1-to-4)
07:11:25 INFO (95.2%, 5986 bytes, 250 lines, via LinesPass::None)
07:22:00 INFO (95.2%, 5947 bytes, 248 lines, via ClexHintsPass::rm-toks-13-to-16)
07:39:02 INFO Termination check: size was 6877; now 5947
07:39:02 INFO ===< BalancedPass::angles, BalancedPass::angles-inside, BalancedPass::angles-only, BalancedPass::curly, BalancedPass::curly-inside, BalancedPass::curly-only, BalancedPass::curly2, BalancedPass::curly3, BalancedPass::parens, BalancedPass::parens-inside, BalancedPass::parens-only, BalancedPass::parens-to-zero, BalancedPass::square, BalancedPass::square-inside, BalancedPass::square-only, BlankPass, ClangHintsPass::callexpr-to-value, ClangHintsPass::remove-unused-function, ClangHintsPass::replace-dependent-typedef, ClangHintsPass::replace-function-def-with-decl, ClangIncludeGraphPass, ClangModuleMapPass, ClexHintsPass::rm-toks-1-to-4, ClexHintsPass::rm-toks-13-to-16, ClexHintsPass::rm-toks-5-to-8, ClexHintsPass::rm-toks-9-to-12, CommentsPass, InlineIncludesPass, LineMarkersPass, LinesPass::0, LinesPass::1, LinesPass::10, LinesPass::2, LinesPass::3, LinesPass::4, LinesPass::6, LinesPass::8, LinesPass::None, MakefilePass, RmUnusedFilesPass, TreeSitterPass::erase-namespace, TreeSitterPass::remove-function, TreeSitterPass::replace-function-def-with-decl >===
07:41:04 INFO (95.2%, 5943 bytes, 248 lines, via BalancedPass::parens-only)
07:43:31 INFO (95.2%, 5939 bytes, 248 lines, via BalancedPass::parens-only)
07:45:39 INFO (95.2%, 5937 bytes, 248 lines, via BalancedPass::parens-only)
08:08:17 INFO (95.2%, 5930 bytes, 248 lines, via ClexHintsPass::rm-toks-1-to-4)
08:10:56 INFO (95.2%, 5928 bytes, 248 lines, via ClexHintsPass::rm-toks-1-to-4)
09:27:41 INFO Termination check: size was 5947; now 5928
09:27:41 INFO ===< BalancedPass::angles, BalancedPass::angles-inside, BalancedPass::angles-only, BalancedPass::curly, BalancedPass::curly-inside, BalancedPass::curly-only, BalancedPass::curly2, BalancedPass::curly3, BalancedPass::parens, BalancedPass::parens-inside, BalancedPass::parens-only, BalancedPass::parens-to-zero, BalancedPass::square, BalancedPass::square-inside, BalancedPass::square-only, BlankPass, ClangHintsPass::callexpr-to-value, ClangHintsPass::remove-unused-function, ClangHintsPass::replace-dependent-typedef, ClangHintsPass::replace-function-def-with-decl, ClangIncludeGraphPass, ClangModuleMapPass, ClexHintsPass::rm-toks-1-to-4, ClexHintsPass::rm-toks-13-to-16, ClexHintsPass::rm-toks-5-to-8, ClexHintsPass::rm-toks-9-to-12, CommentsPass, InlineIncludesPass, LineMarkersPass, LinesPass::0, LinesPass::1, LinesPass::10, LinesPass::2, LinesPass::3, LinesPass::4, LinesPass::6, LinesPass::8, LinesPass::None, MakefilePass, RmUnusedFilesPass, TreeSitterPass::erase-namespace, TreeSitterPass::remove-function, TreeSitterPass::replace-function-def-with-decl >===
11:02:26 INFO Termination check: size was 5928; now 5928
11:02:26 INFO MAIN PASSES
11:02:26 ERROR Skipping pass UnIfDefPass
11:02:26 INFO ===< BalancedPass::angles, BalancedPass::angles-inside, BalancedPass::angles-only, BalancedPass::curly, BalancedPass::curly-inside, BalancedPass::curly-only, BalancedPass::curly2, BalancedPass::curly3, BalancedPass::parens, BalancedPass::parens-inside, BalancedPass::parens-only, BalancedPass::parens-to-zero, BalancedPass::square, BalancedPass::square-inside, BalancedPass::square-only, BlankPass, ClangHintsPass::callexpr-to-value, ClangHintsPass::remove-unused-function, ClangHintsPass::replace-dependent-typedef, ClangHintsPass::replace-function-def-with-decl, ClangIncludeGraphPass, ClangModuleMapPass, ClexHintsPass::rm-toks-1-to-4, ClexHintsPass::rm-toks-13-to-16, ClexHintsPass::rm-toks-5-to-8, ClexHintsPass::rm-toks-9-to-12, CommentsPass, InlineIncludesPass, LineMarkersPass, LinesPass::0, LinesPass::1, LinesPass::10, LinesPass::2, LinesPass::3, LinesPass::4, LinesPass::6, LinesPass::8, LinesPass::None, MakefilePass, RmUnusedFilesPass, TreeSitterPass::erase-namespace, TreeSitterPass::remove-function, TreeSitterPass::replace-function-def-with-decl >===
11:02:26 INFO ===< IncludeIncludesPass >===
11:02:26 INFO ===< TernaryPass::b >===
11:02:26 INFO ===< TernaryPass::c >===
11:02:45 INFO ===< BalancedPass::curly >===
11:03:03 INFO ===< BalancedPass::curly2 >===
11:03:03 INFO ===< BalancedPass::curly3 >===
11:03:13 INFO ===< BalancedPass::parens >===
11:03:14 INFO ===< BalancedPass::angles >===
11:03:40 INFO ===< BalancedPass::square >===
11:03:58 INFO ===< BalancedPass::curly-inside >===
11:04:07 INFO ===< BalancedPass::parens-inside >===
11:04:08 INFO ===< BalancedPass::angles-inside >===
11:04:31 INFO ===< BalancedPass::square-inside >===
11:04:48 INFO ===< BalancedPass::curly-only >===
11:04:49 INFO ===< BalancedPass::angles-only >===
11:05:13 INFO ===< BalancedPass::square-only >===
11:05:13 INFO ===< ClangPass::remove-namespace >===
11:05:31 INFO (95.2%, 5946 bytes, 249 lines)
11:05:44 INFO (95.2%, 5962 bytes, 250 lines)
11:05:53 INFO (95.2%, 5977 bytes, 251 lines)
11:05:53 INFO ===< ClangPass::aggregate-to-scalar >===
11:05:53 INFO ===< ClangPass::param-to-global >===
11:05:54 INFO ===< ClangPass::param-to-local >===
11:05:55 INFO ===< ClangPass::remove-nested-function >===
11:06:04 INFO (95.2%, 5978 bytes, 251 lines)
11:06:04 INFO ===< ClangPass::union-to-struct >===
11:06:05 INFO ===< ClangPass::return-void >===
11:06:05 INFO ===< ClangPass::simple-inliner >===
11:06:22 INFO (95.2%, 5977 bytes, 251 lines)
11:06:35 INFO (95.2%, 5976 bytes, 251 lines)
11:06:40 INFO ===< ClangPass::reduce-pointer-level >===
11:06:40 INFO ===< ClangPass::lift-assignment-expr >===
11:06:40 INFO ===< ClangPass::copy-propagation >===
11:06:41 INFO ===< ClangHintsPass::callexpr-to-value >===
11:06:41 INFO ===< ClangPass::replace-callexpr >===
11:06:43 INFO ===< ClangPass::simplify-callexpr >===
11:06:43 INFO ===< ClangHintsPass::remove-unused-function >===
11:06:43 INFO using C++ standard: c++2b with 0 transformation opportunities
11:06:43 INFO ===< ClangBinarySearchPass::remove-unused-enum-member >===
11:06:43 INFO ===< ClangPass::remove-enum-member-value >===
11:06:43 INFO using C++ standard: c++2b with 10 transformation opportunities
11:06:47 INFO ===< ClangBinarySearchPass::remove-unused-var >===
11:06:47 INFO ===< ClangPass::simplify-if >===
11:06:47 INFO ===< ClangPass::reduce-array-dim >===
11:06:47 INFO ===< ClangPass::reduce-array-size >===
11:06:47 INFO ===< ClangPass::move-definition-to-declaration >===
11:06:47 INFO ===< ClangPass::simplify-comma-expr >===
11:06:47 INFO ===< ClangPass::simplify-dependent-typedef >===
11:06:47 INFO ===< ClangPass::replace-simple-typedef >===
11:06:47 INFO ===< ClangHintsPass::replace-dependent-typedef >===
11:06:47 INFO ===< ClangPass::replace-one-level-typedef-type >===
11:07:08 INFO (95.2%, 5942 bytes, 249 lines)
11:07:27 INFO (95.3%, 5895 bytes, 247 lines)
11:07:43 INFO (95.3%, 5868 bytes, 245 lines)
11:08:02 INFO (95.3%, 5842 bytes, 243 lines)
11:08:24 INFO (95.3%, 5814 bytes, 241 lines)
11:08:43 INFO (95.4%, 5785 bytes, 239 lines)
11:09:02 INFO (95.4%, 5747 bytes, 237 lines)
11:09:24 INFO (95.4%, 5715 bytes, 235 lines)
11:09:43 INFO (95.4%, 5686 bytes, 233 lines)
11:09:59 INFO (95.5%, 5649 bytes, 231 lines)
11:10:16 INFO (95.5%, 5609 bytes, 229 lines)
11:10:37 INFO (95.5%, 5561 bytes, 227 lines)
11:10:52 INFO (95.6%, 5535 bytes, 225 lines)
11:11:09 INFO (95.6%, 5504 bytes, 224 lines)
11:11:23 INFO (95.6%, 5476 bytes, 222 lines)
11:11:44 INFO ===< ClangPass::remove-unused-field >===
11:11:44 INFO ===< ClangPass::instantiate-template-type-param-to-int >===
11:11:44 INFO ===< ClangPass::instantiate-template-param >===
11:11:44 INFO ===< ClangPass::template-arg-to-int >===
11:11:44 INFO ===< ClangPass::template-non-type-arg-to-int >===
11:11:44 INFO ===< ClangPass::reduce-class-template-param >===
11:11:44 INFO ===< ClangPass::remove-trivial-base-template >===
11:11:44 INFO ===< ClangPass::class-template-to-class >===
11:11:45 INFO ===< ClangPass::merge-base-class >===
11:11:45 INFO ===< ClangPass::remove-base-class >===
11:11:45 INFO ===< ClangPass::replace-derived-class >===
11:11:45 INFO ===< ClangPass::remove-unresolved-base >===
11:11:45 INFO ===< ClangPass::remove-ctor-initializer >===
11:11:45 INFO ===< ClangPass::replace-class-with-base-template-spec >===
11:11:45 INFO ===< ClangPass::simplify-nested-class >===
11:11:45 INFO ===< ClangPass::remove-unused-outer-class >===
11:11:46 INFO ===< ClangPass::empty-struct-to-int >===
11:11:46 INFO ===< ClangPass::remove-pointer >===
11:11:46 INFO ===< ClangPass::reduce-pointer-pairs >===
11:11:46 INFO ===< ClangPass::remove-array >===
11:11:46 INFO ===< ClangPass::remove-addr-taken >===
11:11:46 INFO ===< ClangPass::simplify-struct >===
11:11:46 INFO ===< ClangPass::replace-undefined-function >===
11:11:47 INFO ===< ClangPass::replace-array-index-var >===
11:11:47 INFO ===< ClangPass::replace-array-access-with-index >===
11:11:47 INFO ===< ClangPass::replace-dependent-name >===
11:11:47 INFO ===< ClangPass::simplify-recursive-template-instantiation >===
11:11:47 INFO ===< ClangPass::vector-to-array >===
11:11:47 INFO ===< ClangPass::remove-try-catch >===
11:11:47 INFO ===< ClangPass::class-to-struct >===
11:12:21 INFO ===< ClangPass::member-to-global >===
11:12:26 INFO ===< LinesPass::0 >===
11:13:38 INFO ===< LinesPass::1 >===
11:13:51 INFO ===< LinesPass::2 >===
11:13:51 INFO ===< LinesPass::3 >===
11:13:51 INFO ===< LinesPass::4 >===
11:13:51 INFO ===< LinesPass::6 >===
11:13:51 INFO ===< LinesPass::8 >===
11:13:51 INFO ===< LinesPass::10 >===
11:13:51 INFO ===< CommentsPass >===
11:13:51 INFO ===< SpecialPass::b >===
11:13:51 INFO ===< SpecialPass::c >===
11:13:51 INFO ===< IndentPass::regular >===
11:13:59 INFO ===< BalancedPass::parens-to-zero >===
12:43:52 INFO ===< ClexHintsPass::rm-toks-1-to-16 >===
13:30:57 INFO ===< ClexPass::rm-tok-pattern-4 >===
13:31:00 INFO ===< ClangPass::local-to-global >===
13:31:22 INFO ===< PeepPass::c >===
13:31:41 INFO (95.6%, 5475 bytes, 222 lines)
13:32:03 INFO (95.6%, 5474 bytes, 222 lines)
13:32:28 INFO (95.6%, 5473 bytes, 222 lines)
13:32:47 INFO (95.6%, 5472 bytes, 222 lines)
13:33:03 INFO (95.6%, 5471 bytes, 222 lines)
13:33:22 INFO (95.6%, 5470 bytes, 222 lines)
13:33:46 INFO (95.6%, 5469 bytes, 222 lines)
13:34:02 INFO (95.6%, 5468 bytes, 222 lines)
13:34:24 INFO (95.6%, 5467 bytes, 222 lines)
13:34:43 INFO (95.6%, 5466 bytes, 222 lines)
13:35:06 INFO (95.6%, 5465 bytes, 222 lines)
13:35:23 INFO (95.6%, 5464 bytes, 222 lines)
13:35:40 INFO (95.6%, 5463 bytes, 222 lines)
13:35:58 INFO (95.6%, 5462 bytes, 222 lines)
13:36:14 INFO (95.6%, 5461 bytes, 222 lines)
13:36:31 INFO (95.6%, 5460 bytes, 222 lines)
13:36:50 INFO (95.6%, 5459 bytes, 222 lines)
13:37:14 INFO (95.6%, 5458 bytes, 222 lines)
13:37:38 INFO (95.6%, 5457 bytes, 222 lines)
13:37:57 INFO (95.6%, 5456 bytes, 222 lines)
13:38:16 INFO (95.6%, 5455 bytes, 222 lines)
13:38:40 INFO (95.6%, 5454 bytes, 222 lines)
13:38:59 INFO (95.6%, 5453 bytes, 222 lines)
13:39:19 INFO (95.6%, 5452 bytes, 222 lines)
13:39:44 INFO (95.6%, 5451 bytes, 222 lines)
13:40:08 INFO (95.6%, 5450 bytes, 222 lines)
13:40:30 INFO (95.6%, 5449 bytes, 222 lines)
13:40:52 INFO (95.6%, 5448 bytes, 222 lines)
13:41:12 INFO (95.6%, 5447 bytes, 222 lines)
13:41:37 INFO (95.6%, 5446 bytes, 222 lines)
13:41:56 INFO (95.6%, 5445 bytes, 222 lines)
13:42:16 INFO (95.6%, 5444 bytes, 222 lines)
13:42:34 INFO (95.6%, 5443 bytes, 222 lines)
13:42:57 INFO (95.6%, 5442 bytes, 222 lines)
13:43:14 INFO (95.6%, 5441 bytes, 222 lines)
13:43:34 INFO (95.6%, 5440 bytes, 222 lines)
13:43:54 INFO (95.6%, 5439 bytes, 222 lines)
13:44:12 INFO (95.6%, 5438 bytes, 222 lines)
13:44:30 INFO (95.6%, 5437 bytes, 222 lines)
13:44:48 INFO (95.6%, 5436 bytes, 222 lines)
13:45:14 INFO (95.6%, 5435 bytes, 222 lines)
13:45:31 INFO (95.6%, 5434 bytes, 222 lines)
13:45:51 INFO (95.6%, 5433 bytes, 222 lines)
13:46:08 INFO (95.6%, 5432 bytes, 222 lines)
13:46:25 INFO (95.6%, 5431 bytes, 222 lines)
13:46:47 INFO (95.6%, 5430 bytes, 222 lines)
13:47:02 INFO (95.6%, 5429 bytes, 222 lines)
13:47:24 INFO (95.6%, 5428 bytes, 222 lines)
13:47:40 INFO (95.6%, 5427 bytes, 222 lines)
13:48:03 INFO (95.6%, 5426 bytes, 222 lines)
13:48:22 INFO (95.6%, 5425 bytes, 222 lines)
13:48:44 INFO (95.6%, 5424 bytes, 222 lines)
13:49:08 INFO (95.6%, 5423 bytes, 222 lines)
13:49:32 INFO (95.6%, 5422 bytes, 222 lines)
13:49:49 INFO (95.6%, 5421 bytes, 222 lines)
13:50:13 INFO (95.6%, 5420 bytes, 222 lines)
13:50:39 INFO (95.6%, 5419 bytes, 222 lines)
13:50:55 INFO (95.6%, 5418 bytes, 222 lines)
13:51:17 INFO (95.6%, 5417 bytes, 222 lines)
13:51:34 INFO (95.6%, 5416 bytes, 222 lines)
13:51:50 INFO (95.6%, 5415 bytes, 222 lines)
13:52:10 INFO (95.7%, 5414 bytes, 222 lines)
13:52:32 INFO (95.7%, 5413 bytes, 222 lines)
13:52:51 INFO (95.7%, 5412 bytes, 222 lines)
13:53:09 INFO (95.7%, 5411 bytes, 222 lines)
13:53:28 INFO (95.7%, 5410 bytes, 222 lines)
13:53:50 INFO (95.7%, 5409 bytes, 222 lines)
13:54:15 INFO (95.7%, 5408 bytes, 222 lines)
13:54:39 INFO (95.7%, 5407 bytes, 222 lines)
13:55:01 INFO (95.7%, 5406 bytes, 222 lines)
13:55:23 INFO (95.7%, 5405 bytes, 222 lines)
13:55:44 INFO (95.7%, 5404 bytes, 222 lines)
13:56:00 INFO (95.7%, 5403 bytes, 222 lines)
13:56:19 INFO (95.7%, 5402 bytes, 222 lines)
13:56:38 INFO (95.7%, 5401 bytes, 222 lines)
13:56:57 INFO (95.7%, 5400 bytes, 222 lines)
13:57:19 INFO (95.7%, 5399 bytes, 222 lines)
13:57:36 INFO (95.7%, 5398 bytes, 222 lines)
13:57:52 INFO (95.7%, 5397 bytes, 222 lines)
13:58:10 INFO (95.7%, 5396 bytes, 222 lines)
13:58:33 INFO (95.7%, 5395 bytes, 222 lines)
13:58:49 INFO (95.7%, 5394 bytes, 222 lines)
13:59:04 INFO (95.7%, 5393 bytes, 222 lines)
13:59:22 INFO (95.7%, 5392 bytes, 222 lines)
13:59:41 INFO (95.7%, 5391 bytes, 222 lines)
13:59:55 INFO (95.7%, 5390 bytes, 222 lines)
14:00:10 INFO (95.7%, 5389 bytes, 222 lines)
14:00:20 INFO (95.7%, 5388 bytes, 222 lines)
14:00:30 INFO (95.7%, 5387 bytes, 222 lines)
14:00:40 INFO (95.7%, 5386 bytes, 222 lines)
14:00:52 INFO (95.7%, 5385 bytes, 222 lines)
14:01:03 INFO (95.7%, 5384 bytes, 222 lines)
14:01:14 INFO (95.7%, 5383 bytes, 222 lines)
14:01:24 INFO (95.7%, 5382 bytes, 222 lines)
14:01:34 INFO (95.7%, 5381 bytes, 222 lines)
14:01:45 INFO (95.7%, 5380 bytes, 222 lines)
14:01:58 INFO (95.7%, 5379 bytes, 222 lines)
14:02:05 INFO ===< IntsPass::a >===
14:02:22 INFO (95.7%, 5377 bytes, 222 lines)
14:02:41 INFO (95.7%, 5375 bytes, 222 lines)
14:02:59 INFO (95.7%, 5373 bytes, 222 lines)
14:03:19 INFO (95.7%, 5371 bytes, 222 lines)
14:03:36 INFO (95.7%, 5369 bytes, 222 lines)
14:03:47 INFO (95.7%, 5367 bytes, 222 lines)
14:03:50 INFO ===< IntsPass::b >===
14:04:14 INFO (95.7%, 5366 bytes, 222 lines)
14:04:34 INFO (95.7%, 5365 bytes, 222 lines)
14:04:59 INFO (95.7%, 5363 bytes, 222 lines)
14:05:18 INFO (95.7%, 5362 bytes, 222 lines)
14:05:42 INFO (95.7%, 5360 bytes, 222 lines)
14:06:02 INFO (95.7%, 5359 bytes, 222 lines)
14:06:22 INFO (95.7%, 5357 bytes, 222 lines)
14:06:45 INFO (95.7%, 5355 bytes, 222 lines)
14:07:07 INFO (95.7%, 5354 bytes, 222 lines)
14:07:29 INFO (95.7%, 5353 bytes, 222 lines)
14:07:49 INFO (95.7%, 5351 bytes, 222 lines)
14:08:05 INFO (95.7%, 5349 bytes, 222 lines)
14:08:24 INFO (95.7%, 5347 bytes, 222 lines)
14:08:46 INFO (95.7%, 5346 bytes, 222 lines)
14:09:03 INFO (95.7%, 5345 bytes, 222 lines)
14:09:23 INFO (95.7%, 5344 bytes, 222 lines)
14:09:39 INFO (95.7%, 5342 bytes, 222 lines)
14:09:56 INFO (95.7%, 5340 bytes, 222 lines)
14:10:12 INFO (95.7%, 5339 bytes, 222 lines)
14:10:28 INFO (95.7%, 5337 bytes, 222 lines)
14:10:42 INFO (95.7%, 5335 bytes, 222 lines)
14:10:56 INFO (95.7%, 5334 bytes, 222 lines)
14:11:05 INFO (95.7%, 5333 bytes, 222 lines)
14:11:05 INFO ===< IntsPass::c >===
14:11:28 INFO (95.7%, 5332 bytes, 222 lines)
14:11:50 INFO (95.7%, 5331 bytes, 222 lines)
14:12:05 INFO (95.7%, 5330 bytes, 222 lines)
14:12:15 INFO (95.7%, 5329 bytes, 222 lines)
14:12:25 INFO (95.7%, 5328 bytes, 222 lines)
14:12:25 INFO ===< IntsPass::d >===
14:12:25 INFO ===< IntsPass::c >===
14:12:35 INFO ===< BalancedPass::parens-only >===
14:12:37 INFO ===< ClexPass::delete-string >===
14:12:38 INFO Termination check: size was 5928; now 5328
14:12:38 ERROR Skipping pass UnIfDefPass
14:12:38 INFO ===< ClexPass::define >===
14:12:38 INFO ===< IncludeIncludesPass >===
14:12:38 INFO ===< TernaryPass::b >===
14:12:38 INFO ===< TernaryPass::c >===
14:12:55 INFO ===< BalancedPass::curly >===
14:13:10 INFO ===< BalancedPass::curly2 >===
14:13:10 INFO ===< BalancedPass::curly3 >===
14:13:22 INFO ===< BalancedPass::parens >===
14:13:23 INFO ===< BalancedPass::angles >===
14:13:41 INFO ===< BalancedPass::square >===
14:14:01 INFO ===< BalancedPass::curly-inside >===
14:14:09 INFO ===< BalancedPass::parens-inside >===
14:14:10 INFO ===< BalancedPass::angles-inside >===
14:14:28 INFO ===< BalancedPass::square-inside >===
14:14:44 INFO ===< BalancedPass::curly-only >===
14:14:45 INFO ===< BalancedPass::angles-only >===
14:15:03 INFO ===< BalancedPass::square-only >===
14:15:03 INFO ===< ClangPass::remove-namespace >===
14:15:03 INFO ===< ClangPass::aggregate-to-scalar >===
14:15:03 INFO ===< ClangPass::param-to-global >===
14:15:04 INFO ===< ClangPass::param-to-local >===
14:15:04 INFO ===< ClangPass::remove-nested-function >===
14:15:05 INFO ===< ClangPass::union-to-struct >===
14:15:06 INFO ===< ClangPass::return-void >===
14:15:06 INFO ===< ClangPass::simple-inliner >===
14:15:17 INFO ===< ClangPass::reduce-pointer-level >===
14:15:17 INFO ===< ClangPass::lift-assignment-expr >===
14:15:17 INFO ===< ClangPass::copy-propagation >===
14:15:18 INFO ===< ClangHintsPass::callexpr-to-value >===
14:15:19 INFO ===< ClangPass::replace-callexpr >===
14:15:20 INFO ===< ClangPass::simplify-callexpr >===
14:15:21 INFO ===< ClangHintsPass::remove-unused-function >===
14:15:21 INFO using C++ standard: c++2b with 0 transformation opportunities
14:15:21 INFO ===< ClangBinarySearchPass::remove-unused-enum-member >===
14:15:21 INFO ===< ClangPass::remove-enum-member-value >===
14:15:21 INFO using C++ standard: c++2b with 10 transformation opportunities
14:15:26 INFO ===< ClangBinarySearchPass::remove-unused-var >===
14:15:26 INFO ===< ClangPass::simplify-if >===
14:15:26 INFO ===< ClangPass::reduce-array-dim >===
14:15:26 INFO ===< ClangPass::reduce-array-size >===
14:15:26 INFO ===< ClangPass::move-definition-to-declaration >===
14:15:26 INFO ===< ClangPass::simplify-comma-expr >===
14:15:26 INFO ===< ClangPass::simplify-dependent-typedef >===
14:15:26 INFO ===< ClangPass::replace-simple-typedef >===
14:15:27 INFO ===< ClangHintsPass::replace-dependent-typedef >===
14:15:27 INFO ===< ClangPass::replace-one-level-typedef-type >===
14:15:58 INFO ===< ClangPass::remove-unused-field >===
14:15:58 INFO ===< ClangPass::instantiate-template-type-param-to-int >===
14:15:58 INFO ===< ClangPass::instantiate-template-param >===
14:15:59 INFO ===< ClangPass::template-arg-to-int >===
14:15:59 INFO ===< ClangPass::template-non-type-arg-to-int >===
14:15:59 INFO ===< ClangPass::reduce-class-template-param >===
14:15:59 INFO ===< ClangPass::remove-trivial-base-template >===
14:15:59 INFO ===< ClangPass::class-template-to-class >===
14:15:59 INFO ===< ClangPass::merge-base-class >===
14:15:59 INFO ===< ClangPass::remove-base-class >===
14:15:59 INFO ===< ClangPass::replace-derived-class >===
14:15:59 INFO ===< ClangPass::remove-unresolved-base >===
14:15:59 INFO ===< ClangPass::remove-ctor-initializer >===
14:15:59 INFO ===< ClangPass::replace-class-with-base-template-spec >===
14:15:59 INFO ===< ClangPass::simplify-nested-class >===
14:15:59 INFO ===< ClangPass::remove-unused-outer-class >===
14:16:00 INFO ===< ClangPass::empty-struct-to-int >===
14:16:01 INFO ===< ClangPass::remove-pointer >===
14:16:01 INFO ===< ClangPass::reduce-pointer-pairs >===
14:16:01 INFO ===< ClangPass::remove-array >===
14:16:01 INFO ===< ClangPass::remove-addr-taken >===
14:16:01 INFO ===< ClangPass::simplify-struct >===
14:16:01 INFO ===< ClangPass::replace-undefined-function >===
14:16:01 INFO ===< ClangPass::replace-array-index-var >===
14:16:01 INFO ===< ClangPass::replace-array-access-with-index >===
14:16:01 INFO ===< ClangPass::replace-dependent-name >===
14:16:01 INFO ===< ClangPass::simplify-recursive-template-instantiation >===
14:16:01 INFO ===< ClangPass::vector-to-array >===
14:16:01 INFO ===< ClangPass::remove-try-catch >===
14:16:01 INFO ===< ClangPass::class-to-struct >===
14:16:32 INFO ===< ClangPass::member-to-global >===
14:16:37 INFO ===< LinesPass::0 >===
14:17:49 INFO ===< LinesPass::1 >===
14:18:02 INFO ===< LinesPass::2 >===
14:18:02 INFO ===< LinesPass::3 >===
14:18:02 INFO ===< LinesPass::4 >===
14:18:02 INFO ===< LinesPass::6 >===
14:18:02 INFO ===< LinesPass::8 >===
14:18:02 INFO ===< LinesPass::10 >===
14:18:03 INFO ===< CommentsPass >===
14:18:03 INFO ===< SpecialPass::b >===
14:18:03 INFO ===< SpecialPass::c >===
14:18:03 INFO ===< IndentPass::regular >===
14:18:14 INFO ===< BalancedPass::parens-to-zero >===
15:41:52 INFO ===< ClexHintsPass::rm-toks-1-to-16 >===
16:15:03 INFO ===< ClexPass::rm-tok-pattern-4 >===
16:15:05 INFO ===< ClangPass::local-to-global >===
16:15:14 INFO ===< PeepPass::c >===
16:15:29 INFO (95.7%, 5327 bytes, 222 lines)
16:15:43 INFO (95.7%, 5326 bytes, 222 lines)
16:15:57 INFO (95.7%, 5325 bytes, 222 lines)
16:16:09 INFO (95.7%, 5324 bytes, 222 lines)
16:16:17 INFO (95.7%, 5323 bytes, 222 lines)
16:16:22 INFO ===< IntsPass::a >===
16:16:22 INFO ===< IntsPass::b >===
16:16:22 INFO ===< IntsPass::c >===
16:16:22 INFO ===< IntsPass::d >===
16:16:22 INFO cache hit for HIPProg.hip
16:16:22 INFO ===< IntsPass::c >===
16:16:29 INFO ===< BalancedPass::parens-only >===
16:16:30 INFO ===< ClexPass::delete-string >===
16:16:31 INFO Termination check: size was 5328; now 5323
16:16:31 ERROR Skipping pass UnIfDefPass
16:16:31 INFO ===< ClexPass::define >===
16:16:31 INFO ===< IncludeIncludesPass >===
16:16:31 INFO ===< TernaryPass::b >===
16:16:31 INFO ===< TernaryPass::c >===
16:16:44 INFO ===< BalancedPass::curly >===
16:16:58 INFO ===< BalancedPass::curly2 >===
16:16:58 INFO ===< BalancedPass::curly3 >===
16:17:08 INFO ===< BalancedPass::parens >===
16:17:08 INFO ===< BalancedPass::angles >===
16:17:24 INFO ===< BalancedPass::square >===
16:17:44 INFO ===< BalancedPass::curly-inside >===
16:17:51 INFO ===< BalancedPass::parens-inside >===
16:17:51 INFO ===< BalancedPass::angles-inside >===
16:18:07 INFO ===< BalancedPass::square-inside >===
16:18:20 INFO ===< BalancedPass::curly-only >===
16:18:21 INFO ===< BalancedPass::angles-only >===
16:18:36 INFO ===< BalancedPass::square-only >===
16:18:36 INFO ===< ClangPass::remove-namespace >===
16:18:37 INFO ===< ClangPass::aggregate-to-scalar >===
16:18:37 INFO ===< ClangPass::param-to-global >===
16:18:38 INFO ===< ClangPass::param-to-local >===
16:18:38 INFO ===< ClangPass::remove-nested-function >===
16:18:39 INFO ===< ClangPass::union-to-struct >===
16:18:40 INFO ===< ClangPass::return-void >===
16:18:40 INFO ===< ClangPass::simple-inliner >===
16:18:49 INFO ===< ClangPass::reduce-pointer-level >===
16:18:49 INFO ===< ClangPass::lift-assignment-expr >===
16:18:49 INFO ===< ClangPass::copy-propagation >===
16:18:50 INFO ===< ClangHintsPass::callexpr-to-value >===
16:18:50 INFO ===< ClangPass::replace-callexpr >===
16:18:51 INFO ===< ClangPass::simplify-callexpr >===
16:18:51 INFO ===< ClangHintsPass::remove-unused-function >===
16:18:51 INFO using C++ standard: c++2b with 0 transformation opportunities
16:18:52 INFO ===< ClangBinarySearchPass::remove-unused-enum-member >===
16:18:52 INFO ===< ClangPass::remove-enum-member-value >===
16:18:52 INFO using C++ standard: c++2b with 10 transformation opportunities
16:18:55 INFO ===< ClangBinarySearchPass::remove-unused-var >===
16:18:55 INFO ===< ClangPass::simplify-if >===
16:18:55 INFO ===< ClangPass::reduce-array-dim >===
16:18:55 INFO ===< ClangPass::reduce-array-size >===
16:18:55 INFO ===< ClangPass::move-definition-to-declaration >===
16:18:55 INFO ===< ClangPass::simplify-comma-expr >===
16:18:55 INFO ===< ClangPass::simplify-dependent-typedef >===
16:18:55 INFO ===< ClangPass::replace-simple-typedef >===
16:18:55 INFO ===< ClangHintsPass::replace-dependent-typedef >===
16:18:55 INFO ===< ClangPass::replace-one-level-typedef-type >===
16:19:18 INFO ===< ClangPass::remove-unused-field >===
16:19:18 INFO ===< ClangPass::instantiate-template-type-param-to-int >===
16:19:18 INFO ===< ClangPass::instantiate-template-param >===
16:19:18 INFO ===< ClangPass::template-arg-to-int >===
16:19:18 INFO ===< ClangPass::template-non-type-arg-to-int >===
16:19:18 INFO ===< ClangPass::reduce-class-template-param >===
16:19:18 INFO ===< ClangPass::remove-trivial-base-template >===
16:19:18 INFO ===< ClangPass::class-template-to-class >===
16:19:18 INFO ===< ClangPass::merge-base-class >===
16:19:18 INFO ===< ClangPass::remove-base-class >===
16:19:18 INFO ===< ClangPass::replace-derived-class >===
16:19:18 INFO ===< ClangPass::remove-unresolved-base >===
16:19:18 INFO ===< ClangPass::remove-ctor-initializer >===
16:19:18 INFO ===< ClangPass::replace-class-with-base-template-spec >===
16:19:18 INFO ===< ClangPass::simplify-nested-class >===
16:19:18 INFO ===< ClangPass::remove-unused-outer-class >===
16:19:19 INFO ===< ClangPass::empty-struct-to-int >===
16:19:19 INFO ===< ClangPass::remove-pointer >===
16:19:19 INFO ===< ClangPass::reduce-pointer-pairs >===
16:19:19 INFO ===< ClangPass::remove-array >===
16:19:19 INFO ===< ClangPass::remove-addr-taken >===
16:19:19 INFO ===< ClangPass::simplify-struct >===
16:19:19 INFO ===< ClangPass::replace-undefined-function >===
16:19:20 INFO ===< ClangPass::replace-array-index-var >===
16:19:20 INFO ===< ClangPass::replace-array-access-with-index >===
16:19:20 INFO ===< ClangPass::replace-dependent-name >===
16:19:20 INFO ===< ClangPass::simplify-recursive-template-instantiation >===
16:19:20 INFO ===< ClangPass::vector-to-array >===
16:19:20 INFO ===< ClangPass::remove-try-catch >===
16:19:20 INFO ===< ClangPass::class-to-struct >===
16:20:11 INFO ===< ClangPass::member-to-global >===
16:20:16 INFO ===< LinesPass::0 >===
16:21:11 INFO ===< LinesPass::1 >===
16:21:19 INFO ===< LinesPass::2 >===
16:21:19 INFO ===< LinesPass::3 >===
16:21:19 INFO ===< LinesPass::4 >===
16:21:19 INFO ===< LinesPass::6 >===
16:21:19 INFO ===< LinesPass::8 >===
16:21:19 INFO ===< LinesPass::10 >===
16:21:20 INFO ===< CommentsPass >===
16:21:20 INFO ===< SpecialPass::b >===
16:21:20 INFO ===< SpecialPass::c >===
16:21:20 INFO ===< IndentPass::regular >===
16:21:27 INFO ===< BalancedPass::parens-to-zero >===
17:14:26 INFO ===< ClexHintsPass::rm-toks-1-to-16 >===
17:42:48 INFO ===< ClexPass::rm-tok-pattern-4 >===
17:42:51 INFO ===< ClangPass::local-to-global >===
17:42:57 INFO ===< PeepPass::c >===
17:43:04 INFO ===< IntsPass::a >===
17:43:04 INFO cache hit for HIPProg.hip
17:43:04 INFO ===< IntsPass::b >===
17:43:04 INFO cache hit for HIPProg.hip
17:43:04 INFO ===< IntsPass::c >===
17:43:04 INFO cache hit for HIPProg.hip
17:43:04 INFO ===< IntsPass::d >===
17:43:04 INFO cache hit for HIPProg.hip
17:43:04 INFO ===< IntsPass::c >===
17:43:04 INFO cache hit for HIPProg.hip
17:43:04 INFO ===< BalancedPass::parens-only >===
17:43:04 INFO cache hit for HIPProg.hip
17:43:04 INFO ===< ClexPass::delete-string >===
17:43:04 INFO cache hit for HIPProg.hip
17:43:04 INFO Termination check: size was 5323; now 5323
17:43:04 INFO CLEANUP PASSES
17:43:04 INFO ===< ClexPass::define >===
17:43:05 INFO ===< ClangPass::combine-global-var >===
17:43:05 INFO ===< ClangPass::combine-local-var >===
17:43:05 INFO ===< ClangPass::simplify-struct-union-decl >===
17:43:05 INFO ===< ClangPass::move-global-var >===
17:43:05 INFO ===< ClangPass::unify-function-decl >===
17:43:05 INFO cache hit for HIPProg.hip
17:43:05 INFO ===< LinesPass::0 >===
17:43:05 INFO cache hit for HIPProg.hip
17:43:05 INFO ===< ClexPass::delete-string >===
17:43:21 INFO (95.8%, 5238 bytes, 222 lines)
17:43:22 INFO ===< BlankPass >===
17:43:23 INFO ===< BlankPass >===
17:43:23 INFO ===================== done ====================
===< PASS statistics >===
  pass name                                                     bytes reduced time (s) time (%)   worked   failed  total executed
  TreeSitterPass::replace-function-def-with-decl                        54423    64.89     0.10        4      191             195
  LinesPass::3                                                          17908     4.63     0.01        1        0               1
  TreeSitterPass::remove-function                                       12916   139.04     0.22        4      617             621
  LinesPass::2                                                           9775   594.75     0.93       10     1740            1750
  CommentsPass                                                           5001    58.07     0.09        7     1155            1162
  LinesPass::None                                                        4755  2795.08     4.38       38     7649            7687
  BalancedPass::curly3                                                   4347   243.98     0.38       12       75              87
  LinesPass::1                                                           2901  1798.94     2.82       50     4024            4074
  ClangHintsPass::callexpr-to-value                                      1432   146.02     0.23       33      247             280
  BalancedPass::parens-to-zero                                           1134   546.33     0.86       19     2119            2138
  ClexHintsPass::rm-toks-1-to-4                                           826  7092.03    11.12      170    22950           23120
  BalancedPass::curly-inside                                              787   516.07     0.81       16      458             474
  LinesPass::0                                                            612   466.47     0.73        9     1608            1617
  BalancedPass::curly                                                     582   693.44     1.09        6     2052            2058
  ClangPass::remove-unused-field                                          500   259.46     0.41       15      319             334
  BlankPass                                                               307   165.85     0.26       15      320             335
  ClangHintsPass::remove-unused-function                                  207    51.04     0.08        4      136             140
  BalancedPass::parens-inside                                             155   509.80     0.80        4     2560            2564
  BalancedPass::square                                                    131   669.30     1.05       28     1867            1895
  ClexHintsPass::rm-toks-5-to-8                                           112  6310.02     9.89       16    22802           22818
  IntsPass::a                                                             102  1331.97     2.09      102      633             735
  ClexHintsPass::rm-toks-9-to-12                                           99  6071.88     9.52        5    22768           22773
  BalancedPass::parens-only                                                82   452.91     0.71       42     1783            1825
  ClexHintsPass::rm-toks-13-to-16                                          66  6121.08     9.59        2    22674           22676
  BalancedPass::parens                                                     61   408.47     0.64        3     2031            2034
  IntsPass::c                                                              34   289.83     0.45       23      115             138
  IntsPass::b                                                              12    66.11     0.10        6       53              59
  BalancedPass::curly-only                                                  8   715.88     1.12        9     1978            1987
  IntsPass::d                                                               5    42.95     0.07        5       23              28
  BalancedPass::curly2                                                      3   711.44     1.12        9     2050            2059
  ClangPass::reduce-pointer-level                                           2    47.99     0.08        2      148             150
  RmUnusedFilesPass                                                         0     0.01     0.00        0        0               0
  InlineIncludesPass                                                        0     0.01     0.00        0        0               0
  SpecialPass::c                                                            0     0.01     0.00        0        0               0
  IndentPass::final                                                         0     0.02     0.00        0        1               1
  SpecialPass::b                                                            0     0.02     0.00        0        0               0
  ClangPass::move-global-var                                                0     0.03     0.00        0        4               4
  ClangPass::unify-function-decl                                            0     0.03     0.00        0        4               4
  ClangPass::simplify-struct-union-decl                                     0     0.03     0.00        0        4               4
  LinesPass::10                                                             0     0.03     0.00        0        0               0
  LineMarkersPass                                                           0     0.04     0.00        0        0               0
  IncludeIncludesPass                                                       0     0.04     0.00        0       12              12
  TernaryPass::b                                                            0     0.05     0.00        0        0               0
  TernaryPass::c                                                            0     0.06     0.00        0        0               0
  IndentPass::regular                                                       0     0.08     0.00        0        3               3
  TreeSitterPass::erase-namespace                                           0     0.08     0.00        0        0               0
  ClangPass::instantiate-template-type-param-to-int                         0     0.12     0.00        0       12              12
  ClangPass::template-arg-to-int                                            0     0.12     0.00        0       12              12
  ClangPass::class-template-to-class                                        0     0.12     0.00        0       12              12
  ClangModuleMapPass                                                        0     0.12     0.00        0        0               0
  ClangPass::remove-array                                                   0     0.13     0.00        0       12              12
  ClangPass::remove-unused-outer-class                                      0     0.13     0.00        0       12              12
  ClangPass::replace-dependent-name                                         0     0.13     0.00        0       12              12
  ClangPass::instantiate-template-param                                     0     0.13     0.00        0       12              12
  ClangPass::remove-trivial-base-template                                   0     0.13     0.00        0       12              12
  ClangPass::template-non-type-arg-to-int                                   0     0.13     0.00        0       12              12
  ClangPass::remove-unresolved-base                                         0     0.13     0.00        0       12              12
  ClangPass::remove-addr-taken                                              0     0.13     0.00        0       12              12
  ClangPass::reduce-class-template-param                                    0     0.13     0.00        0       12              12
  ClangPass::replace-derived-class                                          0     0.13     0.00        0       12              12
  ClangPass::reduce-pointer-pairs                                           0     0.13     0.00        0       12              12
  ClangPass::merge-base-class                                               0     0.14     0.00        0       12              12
  ClangPass::remove-base-class                                              0     0.14     0.00        0       12              12
  ClangPass::replace-undefined-function                                     0     0.14     0.00        0       12              12
  ClangPass::remove-ctor-initializer                                        0     0.14     0.00        0       12              12
  ClangPass::simplify-nested-class                                          0     0.14     0.00        0       12              12
  ClangPass::remove-try-catch                                               0     0.14     0.00        0       12              12
  ClangPass::class-to-struct                                                0     0.14     0.00        0       12              12
  ClangPass::replace-array-access-with-index                                0     0.14     0.00        0       12              12
  ClangPass::simplify-recursive-template-instantiation                      0     0.14     0.00        0       12              12
  ClangPass::replace-class-with-base-template-spec                          0     0.14     0.00        0       12              12
  ClangPass::remove-namespace                                               0     0.14     0.00        0       12              12
  ClangPass::simple-inliner                                                 0     0.14     0.00        0       12              12
  ClangPass::simplify-struct                                                0     0.15     0.00        0       12              12
  ClangPass::copy-propagation                                               0     0.15     0.00        0       12              12
  ClangPass::replace-array-index-var                                        0     0.15     0.00        0       12              12
  ClangPass::lift-assignment-expr                                           0     0.16     0.00        0       12              12
  MakefilePass                                                              0     0.16     0.00        0        0               0
  ClangPass::vector-to-array                                                0     0.16     0.00        0       12              12
  ClangPass::simplify-if                                                    0     0.17     0.00        0       12              12
  ClangPass::replace-one-level-typedef-type                                 0     0.18     0.00        0       12              12
  ClangPass::remove-pointer                                                 0     0.18     0.00        0       12              12
  ClangPass::simplify-dependent-typedef                                     0     0.18     0.00        0       12              12
  ClangHintsPass::replace-dependent-typedef                                 0     0.19     0.00        0        0               0
  ClangPass::replace-simple-typedef                                         0     0.19     0.00        0       12              12
  ClangPass::reduce-array-dim                                               0     0.19     0.00        0       12              12
  ClangPass::reduce-array-size                                              0     0.19     0.00        0       12              12
  ClangPass::move-definition-to-declaration                                 0     0.19     0.00        0       12              12
  ClangPass::simplify-comma-expr                                            0     0.20     0.00        0       12              12
  ClangPass::replace-callexpr                                               0     0.23     0.00        0       16              16
  ClangPass::remove-enum-member-value                                       0     0.25     0.00        0       16              16
  ClangPass::combine-local-var                                              0     0.25     0.00        0        7               7
  ClangPass::param-to-global                                                0     0.27     0.00        0       12              12
  ClangPass::remove-nested-function                                         0     0.28     0.00        0       12              12
  ClexPass::define                                                          0     0.61     0.00        0        8               8
  ClexPass::delete-string                                                   0     0.65     0.00        0        8               8
  SpecialPass::a                                                            0     0.71     0.00        0        2               2
  ClangPass::combine-global-var                                             0     0.89     0.00        0        7               7
  ClangPass::empty-struct-to-int                                            0     0.90     0.00        0       12              12
  ClangPass::return-void                                                    0     0.93     0.00        0       12              12
  ClangHintsPass::replace-function-def-with-decl (30 T)                     0     0.94     0.00        0        4               4
  ClangPass::param-to-local                                                 0     1.02     0.00        0       12              12
  IncludesPass                                                              0     1.32     0.00        0        4               4
  ClangBinarySearchPass::remove-unused-enum-member                          0     1.35     0.00        0        0               0
  ClangIncludeGraphPass                                                     0     1.49     0.00        0        0               0
  ClangHintsPass::remove-unused-function (30 T)                             0     1.50     0.00        0        4               4
  ClangPass::simplify-callexpr                                              0     2.82     0.00        0       51              51
  LinesPass::4                                                              0     4.60     0.01        1        0               1
  LinesPass::8                                                              0     4.98     0.01        1        0               1
  LinesPass::6                                                              0     5.22     0.01        1        0               1
  ClangPass::local-to-global                                                0     8.15     0.01        0       49              49
  ClangBinarySearchPass::remove-unused-var                                  0    16.61     0.03        0       76              76
  PeepPass::c                                                               0    28.63     0.04        0    16127           16127
  BalancedPass::angles                                                      0    28.67     0.04        0      122             122
  ClangHintsPass::replace-function-def-with-decl                            0    29.09     0.05        2      163             165
  BalancedPass::angles-only                                                 0    29.48     0.05        0      113             113
  BalancedPass::angles-inside                                               0    29.70     0.05        0      117             117
  ClangPass::member-to-global                                               0   114.56     0.18        0      232             232
  BalancedPass::square-inside                                               0   249.85     0.39        0      768             768
  BalancedPass::square-only                                                 0   581.22     0.91       15     1709            1724
  ClexPass::rm-tok-pattern-4                                                0  6507.07    10.20        0    29212           29212
  ClexHintsPass::rm-toks-1-to-16                                            0 13571.35    21.27        0    58056           58056
  ClangPass::union-to-struct                                               -1     3.15     0.00        1       15              16
  ClangPass::aggregate-to-scalar                                          -49    16.07     0.03        3       21              24
  Folding (merging transformations from other passes)                  118086  1552.32     2.43      440       47             487

Runtime: 63803 seconds
Reduced test-cases:

--- HIPProg.hip ---
#include <hip/hip_runtime.h>
#include "HIPSmith.h"
#define transparent_crc(X, Y, Z) transparent_crc_(&crc64_context, X, , )
struct S0 {
   uint16_t  f0;
   int32_t  f1;
   int8_t  f4;
};
union U1 {
   int32_t  f0;
   S0  f3;
};
struct U2 {
   int64_t  f0;
};
struct S3 {
    U2 g_39[3][8];
    S0 g_71;
    int32_t g_73[6][6][5];
    U1 g_95;
    uint8_t g_391;
    uint8_t *g_390[7];
    int32_t ***g_475;
    uint64_t g_515;
    S0 g_556;
    int32_t g_574;
    uint64_t *g_594;
    uint32_t g_633;
    uint16_t g_637;
    uint8_t g_653;
    int64_t g_654;
    int8_t g_655;
    U1 *g_700;
    uint64_t **g_852;
    int8_t g_1140;
    uint32_t g_1145[10][5];
    S0 *g_1150[5];
    S0 **g_1149;
    int64_t g_1220;
    uint32_t g_1246;
    uint32_t g_1291;
    uint32_t *g_1325;
    uint32_t **g_1324;
    uint32_t ***g_1323;
    uint32_t ****g_1322[8][6];
    int32_t g_1342;
    S0 *g_1358;
    int32_t ****g_1478;
    int32_t *****g_1477;
    uint8_t *g_1600;
    int8_t *g_1624;
    int8_t *g_1698;
    uint32_t g_1755;
    int16_t *g_1865;
    int16_t g_1864;
    uint8_t g_2025;
    uint8_t g_2035;
    uint16_t g_2069[2];
    uint32_t *****g_2083;
    U2 ***g_2104;
    uint16_t ****g_2113;
    int8_t g_2136;
    int8_t *g_2173;
    uint64_t g_2178;
    int32_t *g_2314;
    uint8_t **g_2345;
    uint8_t ***g_2344[9][1][5];
    uint8_t ****g_2343;
    int32_t g_2346;
    uint16_t *****g_2446;
    uint32_t g_2583;
    int16_t g_2663;
    uint64_t ***g_2734;
    uint64_t ****g_2733;
    U2 ****g_2765;
    U2 g_2764;
    uint32_t g_2843;
    U2 g_3039;
    uint64_t **g_3068;
    int32_t g_3156;
    uint16_t g_3169;
    int32_t g_3188;
    uint32_t *g_3253;
    int8_t g_3256;
    int16_t g_3350;
    int32_t g_3392;
};
__device__ U1  func_33(int32_t  , S3 * );
__device__ int32_t  func_35(U2  , int16_t  , int32_t  , S3 * );
__device__ uint8_t  func_1(S3 * p_3401)
{ 
    int32_t l_16 = 6;
    int32_t l_2624[4];
    uint16_t l_3400 = 1;
    if (p_3401->g_95 = func_33(func_35(p_3401->g_39[2][6], l_16, p_3401->g_39[2][6].f0, p_3401), p_3401) , l_2624)
    return l_3400;
}
__device__ U1  func_33(int32_t  , S3 * )
{
    U1 l_1758 {};
    return l_1758;
}
__device__ int32_t  func_35(U2  , int16_t  , int32_t  p_38, S3 * )
{ 
    return p_38;
}
__global__ void hipsmith_kernel(uint64_t *results) {
    S3 c_3402;
    S3* p_3401 = &c_3402;
    S0 *p_3401_35_3;
    U2 ***p_3401_58;
    U2 **p_3401_17_1_4;
    S3 c_3403 {
        {}, 
        {}, 
        {}, 
        85194, 
        5, 
        &p_3401->g_391, &p_3401->g_391, &p_3401->g_391, &p_3401->g_391, &p_3401->g_391, &p_3401->g_391, 
        nullptr, 
        nullptr, 
        3, 
        {}, 
        {}, 
        nullptr, 
        2, 
        5, 
        4, 
        0, 
        0, 
        nullptr, 
        &p_3401->g_594, 
        {}, 
        {}, 
        &p_3401->g_71, &p_3401->g_71, &p_3401->g_71, &p_3401->g_71, &p_3401->g_71, 
        &p_3401_35_3, 
        0, 
        1, 
        0, 
        nullptr, 
        &p_3401->g_1325, 
        &p_3401->g_1324, 
        {}, 
        {}, 
        &p_3401->g_556, 
        &p_3401->g_475, 
        &p_3401->g_1478, 
        nullptr, 
        nullptr, 
        nullptr, 
        1, 
        nullptr, 
        {}, 
        4, 
        5, 
        0, 0, 
        &p_3401->g_1322[7][0], 
        &p_3401_17_1_4, 
        nullptr, 
        0, 
        nullptr, 
        2, 
        &p_3401->g_73[5][2][4], 
        &p_3401->g_390[6], 
        {}, 
        &p_3401->g_2344[7][0][2], 
        {}, 
        &p_3401->g_2113, 
        8, 
        {}, 
        &p_3401->g_852, 
        &p_3401->g_2734, 
        &p_3401_58, 
        {}, 
        1, 
        {}, 
        &p_3401->g_594, 
        3, 
        {}, 
        4, 
        &p_3401->g_1145[7][2], 
        1, 
        0, 
        0};
    c_3402 = c_3403;
    func_1(p_3401);
    uint64_t crc64_context = 0xFFFFFFFFFFFFFFFFUL;
    transparent_crc(p_3401->g_95.f0, , );
    int tid = threadIdx.x + blockIdx.x * blockDim.x;
    results[tid] = (crc64_context ^ 0xFFFFFFFFFFFFFFFFUL);
}
// ------------------------------------------------------------------
// Host Main
// ------------------------------------------------------------------
int main(int argc, const char* argv[]) {
    // Config
    const unsigned int num_threads = 4;
    const unsigned int block_size = 4;
    // Host Alloc
    std::vector<uint64_t> h_results(num_threads);
    const size_t results_bytes = sizeof(uint64_t) * h_results.size();
    // Device Alloc
    uint64_t *d_results;
    HIP_CHECK(hipMalloc((void**)&d_results, results_bytes));
    HIP_CHECK(hipMemset(d_results, 0, results_bytes));
    // Dimensions
    const dim3 block_dim(block_size);
    const dim3 grid_dim((num_threads + block_size - 1) / block_size);
    // Launch
    hipLaunchKernelGGL(hipsmith_kernel, grid_dim, block_dim, 0, 0, d_results);
    HIP_CHECK(hipGetLastError());
    HIP_CHECK(hipDeviceSynchronize());
    // Copy Back
    HIP_CHECK(hipMemcpy(h_results.data(), d_results, results_bytes, hipMemcpyDeviceToHost));
    // Free
    HIP_CHECK(hipFree(d_results));
    // Output
    for (size_t i = 0; i < h_results.size(); ++i) {
        printf("Thread %zu CRC: %lu\n", i, h_results[i]);
    }
    return 0;
}

