00:00:01 ERROR Prereqs not found for pass UnIfDefPass
00:00:01 ERROR Prereqs not found for pass IfPass
00:00:01 ERROR Prereqs not found for pass UnIfDefPass
00:00:09 INFO ===< 1599884 >===
00:00:09 INFO running 4 interestingness tests in parallel
00:00:09 INFO (0.0%, 46472 bytes, 485 lines)
00:00:09 INFO INITIAL PASSES (interleaving)
00:00:09 INFO ===<  >===
00:11:48 INFO (59.2%, 18946 bytes, 393 lines, via BalancedPass::curly3 + LinesPass::3 + BalancedPass::curly-inside + LinesPass::2 + CommentsPass + ClangHintsPass::callexpr-to-value + LinesPass::0 + BlankPass + ClexHintsPass::rm-toks-13-to-16 + ClexHintsPass::rm-toks-1-to-4)
00:22:02 INFO (69.9%, 13971 bytes, 350 lines, via LinesPass::1 + BalancedPass::parens-to-zero + LinesPass::2 + BalancedPass::curly3 + ClangHintsPass::callexpr-to-value + BlankPass + LinesPass::0 + CommentsPass)
00:32:39 INFO (79.5%, 9527 bytes, 248 lines, via LinesPass::0 + BalancedPass::curly-inside + LinesPass::2 + BalancedPass::curly2 + BlankPass + ClexHintsPass::rm-toks-1-to-4)
00:43:34 INFO (82.5%, 8114 bytes, 239 lines, via BalancedPass::parens-to-zero + BalancedPass::curly3 + BalancedPass::curly-inside + LinesPass::1 + BalancedPass::curly + BalancedPass::square + BalancedPass::curly2)
00:53:52 INFO (85.3%, 6841 bytes, 219 lines, via BalancedPass::parens-to-zero + LinesPass::1 + BalancedPass::parens-only + BalancedPass::square + BlankPass)
01:03:04 INFO (89.2%, 5036 bytes, 167 lines, via TreeSitterPass::remove-function + BalancedPass::curly2 + LinesPass::1 + BalancedPass::parens-to-zero + BalancedPass::parens-only + ClexHintsPass::rm-toks-1-to-4)
01:13:38 INFO (90.0%, 4624 bytes, 153 lines, via LinesPass::0 + LinesPass::1 + LinesPass::None + BalancedPass::parens-to-zero + BalancedPass::parens-only + ClexHintsPass::rm-toks-1-to-4 + BlankPass)
01:20:06 INFO (90.3%, 4514 bytes, 150 lines, via LinesPass::None + ClexHintsPass::rm-toks-9-to-12 + ClexHintsPass::rm-toks-1-to-4)
01:26:31 INFO (90.5%, 4433 bytes, 148 lines, via LinesPass::None)
01:32:41 INFO (90.8%, 4263 bytes, 147 lines, via ClexHintsPass::rm-toks-1-to-4 + ClexHintsPass::rm-toks-5-to-8 + ClexHintsPass::rm-toks-9-to-12 + BalancedPass::curly-only)
01:37:03 INFO (90.9%, 4220 bytes, 147 lines, via ClexHintsPass::rm-toks-1-to-4 + BalancedPass::parens-only + BlankPass)
01:40:21 INFO (90.9%, 4206 bytes, 147 lines, via ClexHintsPass::rm-toks-1-to-4)
01:41:56 INFO (91.2%, 4079 bytes, 145 lines, via LinesPass::None + ClexHintsPass::rm-toks-1-to-4)
01:43:52 INFO (92.0%, 3733 bytes, 137 lines, via LinesPass::0 + LinesPass::None)
01:48:30 INFO (92.0%, 3714 bytes, 137 lines, via ClexHintsPass::rm-toks-5-to-8)
01:52:37 INFO (92.1%, 3674 bytes, 137 lines, via ClexHintsPass::rm-toks-5-to-8)
01:59:42 INFO (92.1%, 3650 bytes, 137 lines, via ClexHintsPass::rm-toks-1-to-4)
02:02:54 INFO (92.2%, 3643 bytes, 137 lines, via ClexHintsPass::rm-toks-1-to-4)
02:08:22 INFO (92.2%, 3640 bytes, 137 lines, via ClexHintsPass::rm-toks-1-to-4)
02:11:30 INFO (92.3%, 3598 bytes, 136 lines, via LinesPass::None + ClexHintsPass::rm-toks-9-to-12)
02:14:35 INFO (92.3%, 3585 bytes, 136 lines, via ClexHintsPass::rm-toks-1-to-4)
02:16:58 INFO (92.3%, 3574 bytes, 136 lines, via ClexHintsPass::rm-toks-5-to-8)
02:20:50 INFO (92.3%, 3571 bytes, 136 lines, via ClexHintsPass::rm-toks-1-to-4)
02:24:46 INFO (92.4%, 3554 bytes, 136 lines, via ClexHintsPass::rm-toks-1-to-4)
02:32:39 INFO INITIAL PASSES
02:32:39 ERROR Skipping pass UnIfDefPass
02:32:39 ERROR Skipping pass IfPass
02:32:39 INFO ===< BalancedPass::angles, BalancedPass::angles-inside, BalancedPass::angles-only, BalancedPass::curly, BalancedPass::curly-inside, BalancedPass::curly-only, BalancedPass::curly2, BalancedPass::curly3, BalancedPass::parens, BalancedPass::parens-inside, BalancedPass::parens-only, BalancedPass::parens-to-zero, BalancedPass::square, BalancedPass::square-inside, BalancedPass::square-only, BlankPass, ClangHintsPass::callexpr-to-value, ClangHintsPass::remove-unused-function, ClangHintsPass::replace-dependent-typedef, ClangHintsPass::replace-function-def-with-decl, ClangIncludeGraphPass, ClangModuleMapPass, ClexHintsPass::rm-toks-1-to-4, ClexHintsPass::rm-toks-13-to-16, ClexHintsPass::rm-toks-5-to-8, ClexHintsPass::rm-toks-9-to-12, CommentsPass, InlineIncludesPass, LineMarkersPass, LinesPass::0, LinesPass::1, LinesPass::10, LinesPass::2, LinesPass::3, LinesPass::4, LinesPass::6, LinesPass::8, LinesPass::None, MakefilePass, RmUnusedFilesPass, TreeSitterPass::erase-namespace, TreeSitterPass::remove-function, TreeSitterPass::replace-function-def-with-decl >===
02:32:40 INFO ===< IncludesPass >===
02:32:40 INFO ===< CommentsPass >===
02:32:40 INFO ===< LineMarkersPass >===
02:32:43 INFO ===< BlankPass >===
02:32:43 INFO ===< ClangHintsPass::replace-function-def-with-decl (30 T) >===
02:32:43 INFO ===< ClangHintsPass::remove-unused-function (30 T) >===
02:32:43 INFO cache hit for HIPProg.hip
02:32:43 INFO ===< ClangHintsPass::replace-function-def-with-decl (30 T) >===
02:32:43 INFO cache hit for HIPProg.hip
02:32:43 INFO ===< ClangHintsPass::remove-unused-function (30 T) >===
02:32:43 INFO ===< ClangHintsPass::replace-function-def-with-decl >===
02:32:44 INFO ===< ClangHintsPass::remove-unused-function >===
02:32:47 INFO ===< LinesPass::0 >===
02:33:44 INFO (92.4%, 3535 bytes, 135 lines)
02:34:07 INFO (92.4%, 3517 bytes, 134 lines)
02:34:20 INFO ===< LinesPass::1 >===
02:34:24 INFO ===< LinesPass::2 >===
02:34:24 INFO ===< LinesPass::3 >===
02:34:24 INFO ===< LinesPass::4 >===
02:34:24 INFO ===< LinesPass::6 >===
02:34:24 INFO ===< LinesPass::8 >===
02:34:24 INFO ===< LinesPass::10 >===
02:34:24 INFO ===< ClangHintsPass::replace-function-def-with-decl >===
02:34:25 INFO ===< ClangHintsPass::remove-unused-function >===
02:34:25 INFO cache hit for HIPProg.hip
02:34:25 INFO ===< ClangHintsPass::remove-unused-function >===
02:34:33 INFO ===< BalancedPass::curly >===
02:34:40 INFO ===< BalancedPass::curly2 >===
02:34:40 INFO ===< BalancedPass::curly3 >===
02:34:47 INFO ===< BalancedPass::parens-to-zero >===
02:34:47 INFO ===< ClangHintsPass::callexpr-to-value >===
02:34:47 INFO ===< ClangPass::replace-callexpr >===
02:34:47 INFO ===< ClangPass::simplify-callexpr >===
02:34:47 INFO using C++ standard: c++2b with 0 transformation opportunities
02:34:48 INFO ===< ClangBinarySearchPass::remove-unused-enum-member >===
02:34:48 INFO ===< ClangPass::remove-enum-member-value >===
02:34:47 INFO using C++ standard: c++2b with 5 transformation opportunities
02:34:49 INFO ===< ClangBinarySearchPass::remove-unused-var >===
02:34:51 INFO ===< SpecialPass::a >===
02:34:51 INFO ===< SpecialPass::b >===
02:34:51 INFO INTERLEAVING PASSES
02:34:51 INFO ===< SpecialPass::c >===
02:37:29 INFO (92.6%, 3437 bytes, 130 lines, via LinesPass::None)
02:47:16 INFO (92.6%, 3430 bytes, 129 lines, via ClexHintsPass::rm-toks-1-to-4)
03:19:07 INFO Termination check: size was 3517; now 3430
03:19:07 INFO ===< BalancedPass::angles, BalancedPass::angles-inside, BalancedPass::angles-only, BalancedPass::curly, BalancedPass::curly-inside, BalancedPass::curly-only, BalancedPass::curly2, BalancedPass::curly3, BalancedPass::parens, BalancedPass::parens-inside, BalancedPass::parens-only, BalancedPass::parens-to-zero, BalancedPass::square, BalancedPass::square-inside, BalancedPass::square-only, BlankPass, ClangHintsPass::callexpr-to-value, ClangHintsPass::remove-unused-function, ClangHintsPass::replace-dependent-typedef, ClangHintsPass::replace-function-def-with-decl, ClangIncludeGraphPass, ClangModuleMapPass, ClexHintsPass::rm-toks-1-to-4, ClexHintsPass::rm-toks-13-to-16, ClexHintsPass::rm-toks-5-to-8, ClexHintsPass::rm-toks-9-to-12, CommentsPass, InlineIncludesPass, LineMarkersPass, LinesPass::0, LinesPass::1, LinesPass::10, LinesPass::2, LinesPass::3, LinesPass::4, LinesPass::6, LinesPass::8, LinesPass::None, MakefilePass, RmUnusedFilesPass, TreeSitterPass::erase-namespace, TreeSitterPass::remove-function, TreeSitterPass::replace-function-def-with-decl >===
03:57:36 INFO Termination check: size was 3430; now 3430
03:57:36 INFO MAIN PASSES
03:57:36 ERROR Skipping pass UnIfDefPass
03:57:36 INFO ===< BalancedPass::angles, BalancedPass::angles-inside, BalancedPass::angles-only, BalancedPass::curly, BalancedPass::curly-inside, BalancedPass::curly-only, BalancedPass::curly2, BalancedPass::curly3, BalancedPass::parens, BalancedPass::parens-inside, BalancedPass::parens-only, BalancedPass::parens-to-zero, BalancedPass::square, BalancedPass::square-inside, BalancedPass::square-only, BlankPass, ClangHintsPass::callexpr-to-value, ClangHintsPass::remove-unused-function, ClangHintsPass::replace-dependent-typedef, ClangHintsPass::replace-function-def-with-decl, ClangIncludeGraphPass, ClangModuleMapPass, ClexHintsPass::rm-toks-1-to-4, ClexHintsPass::rm-toks-13-to-16, ClexHintsPass::rm-toks-5-to-8, ClexHintsPass::rm-toks-9-to-12, CommentsPass, InlineIncludesPass, LineMarkersPass, LinesPass::0, LinesPass::1, LinesPass::10, LinesPass::2, LinesPass::3, LinesPass::4, LinesPass::6, LinesPass::8, LinesPass::None, MakefilePass, RmUnusedFilesPass, TreeSitterPass::erase-namespace, TreeSitterPass::remove-function, TreeSitterPass::replace-function-def-with-decl >===
03:57:36 INFO ===< IncludeIncludesPass >===
03:57:36 INFO ===< TernaryPass::b >===
03:57:36 INFO ===< TernaryPass::c >===
03:57:44 INFO ===< BalancedPass::curly >===
03:57:51 INFO ===< BalancedPass::curly2 >===
03:57:51 INFO ===< BalancedPass::curly3 >===
03:58:01 INFO ===< BalancedPass::parens >===
03:58:02 INFO ===< BalancedPass::angles >===
03:58:07 INFO ===< BalancedPass::square >===
03:58:20 INFO ===< BalancedPass::curly-inside >===
03:58:24 INFO ===< BalancedPass::parens-inside >===
03:58:25 INFO ===< BalancedPass::angles-inside >===
03:58:26 INFO ===< BalancedPass::square-inside >===
03:58:31 INFO ===< BalancedPass::curly-only >===
03:58:32 INFO ===< BalancedPass::angles-only >===
03:58:37 INFO ===< BalancedPass::square-only >===
03:58:37 INFO ===< ClangPass::remove-namespace >===
03:58:37 INFO ===< ClangPass::aggregate-to-scalar >===
03:58:37 INFO ===< ClangPass::param-to-global >===
03:58:37 INFO ===< ClangPass::param-to-local >===
03:58:37 INFO ===< ClangPass::remove-nested-function >===
03:58:37 INFO ===< ClangPass::union-to-struct >===
03:58:38 INFO ===< ClangPass::return-void >===
03:58:38 INFO ===< ClangPass::simple-inliner >===
03:58:41 INFO ===< ClangPass::reduce-pointer-level >===
03:58:41 INFO ===< ClangPass::lift-assignment-expr >===
03:58:42 INFO ===< ClangPass::copy-propagation >===
03:58:42 INFO ===< ClangHintsPass::callexpr-to-value >===
03:58:42 INFO ===< ClangPass::replace-callexpr >===
03:58:42 INFO ===< ClangPass::simplify-callexpr >===
03:58:42 INFO ===< ClangHintsPass::remove-unused-function >===
03:58:41 INFO using C++ standard: c++2b with 0 transformation opportunities
03:58:42 INFO ===< ClangBinarySearchPass::remove-unused-enum-member >===
03:58:43 INFO ===< ClangPass::remove-enum-member-value >===
03:58:42 INFO using C++ standard: c++2b with 5 transformation opportunities
03:58:44 INFO ===< ClangBinarySearchPass::remove-unused-var >===
03:58:44 INFO ===< ClangPass::simplify-if >===
03:58:44 INFO ===< ClangPass::reduce-array-dim >===
03:58:44 INFO ===< ClangPass::reduce-array-size >===
03:58:44 INFO ===< ClangPass::move-definition-to-declaration >===
03:58:44 INFO ===< ClangPass::simplify-comma-expr >===
03:58:44 INFO ===< ClangPass::simplify-dependent-typedef >===
03:58:45 INFO ===< ClangPass::replace-simple-typedef >===
03:58:45 INFO ===< ClangHintsPass::replace-dependent-typedef >===
03:58:45 INFO ===< ClangPass::replace-one-level-typedef-type >===
03:59:00 INFO ===< ClangPass::remove-unused-field >===
03:59:00 INFO ===< ClangPass::instantiate-template-type-param-to-int >===
03:59:00 INFO ===< ClangPass::instantiate-template-param >===
03:59:00 INFO ===< ClangPass::template-arg-to-int >===
03:59:00 INFO ===< ClangPass::template-non-type-arg-to-int >===
03:59:00 INFO ===< ClangPass::reduce-class-template-param >===
03:59:00 INFO ===< ClangPass::remove-trivial-base-template >===
03:59:01 INFO ===< ClangPass::class-template-to-class >===
03:59:01 INFO ===< ClangPass::merge-base-class >===
03:59:01 INFO ===< ClangPass::remove-base-class >===
03:59:01 INFO ===< ClangPass::replace-derived-class >===
03:59:01 INFO ===< ClangPass::remove-unresolved-base >===
03:59:01 INFO ===< ClangPass::remove-ctor-initializer >===
03:59:01 INFO ===< ClangPass::replace-class-with-base-template-spec >===
03:59:01 INFO ===< ClangPass::simplify-nested-class >===
03:59:02 INFO ===< ClangPass::remove-unused-outer-class >===
03:59:03 INFO ===< ClangPass::empty-struct-to-int >===
03:59:03 INFO ===< ClangPass::remove-pointer >===
03:59:03 INFO ===< ClangPass::reduce-pointer-pairs >===
03:59:03 INFO ===< ClangPass::remove-array >===
03:59:03 INFO ===< ClangPass::remove-addr-taken >===
03:59:03 INFO ===< ClangPass::simplify-struct >===
03:59:03 INFO ===< ClangPass::replace-undefined-function >===
03:59:03 INFO ===< ClangPass::replace-array-index-var >===
03:59:03 INFO ===< ClangPass::replace-array-access-with-index >===
03:59:03 INFO ===< ClangPass::replace-dependent-name >===
03:59:03 INFO ===< ClangPass::simplify-recursive-template-instantiation >===
03:59:03 INFO ===< ClangPass::vector-to-array >===
03:59:03 INFO ===< ClangPass::remove-try-catch >===
03:59:03 INFO ===< ClangPass::class-to-struct >===
03:59:19 INFO ===< ClangPass::member-to-global >===
03:59:23 INFO ===< LinesPass::0 >===
04:00:12 INFO ===< LinesPass::1 >===
04:00:16 INFO ===< LinesPass::2 >===
04:00:16 INFO ===< LinesPass::3 >===
04:00:16 INFO ===< LinesPass::4 >===
04:00:16 INFO ===< LinesPass::6 >===
04:00:16 INFO ===< LinesPass::8 >===
04:00:16 INFO ===< LinesPass::10 >===
04:00:16 INFO ===< CommentsPass >===
04:00:17 INFO ===< SpecialPass::b >===
04:00:17 INFO ===< SpecialPass::c >===
04:00:17 INFO ===< IndentPass::regular >===
04:00:22 INFO ===< BalancedPass::parens-to-zero >===
04:34:55 INFO ===< ClexHintsPass::rm-toks-1-to-16 >===
04:52:03 INFO ===< ClexPass::rm-tok-pattern-4 >===
04:52:03 INFO ===< ClangPass::local-to-global >===
04:52:15 INFO ===< PeepPass::c >===
04:52:31 INFO (92.6%, 3429 bytes, 129 lines)
04:52:50 INFO (92.6%, 3428 bytes, 129 lines)
04:53:06 INFO (92.6%, 3427 bytes, 129 lines)
04:53:26 INFO (92.6%, 3426 bytes, 129 lines)
04:53:45 INFO (92.6%, 3425 bytes, 129 lines)
04:54:07 INFO (92.6%, 3424 bytes, 129 lines)
04:54:27 INFO (92.6%, 3423 bytes, 129 lines)
04:54:43 INFO (92.6%, 3422 bytes, 129 lines)
04:55:00 INFO (92.6%, 3421 bytes, 129 lines)
04:55:22 INFO (92.6%, 3420 bytes, 129 lines)
04:55:41 INFO (92.6%, 3419 bytes, 129 lines)
04:56:01 INFO (92.6%, 3418 bytes, 129 lines)
04:56:18 INFO (92.6%, 3417 bytes, 129 lines)
04:56:40 INFO (92.6%, 3416 bytes, 129 lines)
04:57:03 INFO (92.7%, 3415 bytes, 129 lines)
04:57:23 INFO (92.7%, 3414 bytes, 129 lines)
04:57:45 INFO (92.7%, 3413 bytes, 129 lines)
04:58:04 INFO (92.7%, 3412 bytes, 129 lines)
04:58:27 INFO (92.7%, 3411 bytes, 129 lines)
04:58:50 INFO (92.7%, 3410 bytes, 129 lines)
04:59:13 INFO (92.7%, 3409 bytes, 129 lines)
04:59:33 INFO (92.7%, 3408 bytes, 129 lines)
04:59:50 INFO (92.7%, 3407 bytes, 129 lines)
05:00:08 INFO (92.7%, 3406 bytes, 129 lines)
05:00:25 INFO (92.7%, 3405 bytes, 129 lines)
05:00:48 INFO (92.7%, 3404 bytes, 129 lines)
05:01:12 INFO (92.7%, 3403 bytes, 129 lines)
05:01:34 INFO (92.7%, 3402 bytes, 129 lines)
05:01:50 INFO (92.7%, 3401 bytes, 129 lines)
05:02:11 INFO (92.7%, 3400 bytes, 129 lines)
05:02:30 INFO (92.7%, 3399 bytes, 129 lines)
05:02:53 INFO (92.7%, 3398 bytes, 129 lines)
05:03:16 INFO (92.7%, 3397 bytes, 129 lines)
05:03:38 INFO (92.7%, 3396 bytes, 129 lines)
05:04:01 INFO (92.7%, 3395 bytes, 129 lines)
05:04:23 INFO (92.7%, 3394 bytes, 129 lines)
05:04:46 INFO (92.7%, 3393 bytes, 129 lines)
05:05:03 INFO (92.7%, 3392 bytes, 129 lines)
05:05:19 INFO (92.7%, 3391 bytes, 129 lines)
05:05:42 INFO (92.7%, 3390 bytes, 129 lines)
05:05:59 INFO (92.7%, 3389 bytes, 129 lines)
05:06:19 INFO (92.7%, 3388 bytes, 129 lines)
05:06:35 INFO (92.7%, 3387 bytes, 129 lines)
05:06:51 INFO (92.7%, 3386 bytes, 129 lines)
05:07:07 INFO (92.7%, 3385 bytes, 129 lines)
05:07:30 INFO (92.7%, 3384 bytes, 129 lines)
05:07:53 INFO (92.7%, 3383 bytes, 129 lines)
05:08:10 INFO (92.7%, 3382 bytes, 129 lines)
05:08:30 INFO (92.7%, 3381 bytes, 129 lines)
05:08:53 INFO (92.7%, 3380 bytes, 129 lines)
05:09:10 INFO (92.7%, 3379 bytes, 129 lines)
05:09:28 INFO (92.7%, 3378 bytes, 129 lines)
05:09:44 INFO (92.7%, 3377 bytes, 129 lines)
05:10:07 INFO (92.7%, 3376 bytes, 129 lines)
05:10:24 INFO (92.7%, 3375 bytes, 129 lines)
05:10:47 INFO (92.7%, 3374 bytes, 129 lines)
05:11:10 INFO (92.7%, 3373 bytes, 129 lines)
05:11:30 INFO (92.7%, 3372 bytes, 129 lines)
05:11:53 INFO (92.7%, 3371 bytes, 129 lines)
05:12:17 INFO (92.7%, 3370 bytes, 129 lines)
05:12:34 INFO (92.8%, 3369 bytes, 129 lines)
05:12:57 INFO (92.8%, 3368 bytes, 129 lines)
05:13:17 INFO (92.8%, 3367 bytes, 129 lines)
05:13:35 INFO (92.8%, 3366 bytes, 129 lines)
05:13:55 INFO (92.8%, 3365 bytes, 129 lines)
05:14:18 INFO (92.8%, 3364 bytes, 129 lines)
05:14:34 INFO (92.8%, 3363 bytes, 129 lines)
05:14:57 INFO (92.8%, 3362 bytes, 129 lines)
05:15:19 INFO (92.8%, 3361 bytes, 129 lines)
05:15:36 INFO (92.8%, 3360 bytes, 129 lines)
05:15:53 INFO (92.8%, 3359 bytes, 129 lines)
05:16:11 INFO (92.8%, 3358 bytes, 129 lines)
05:16:31 INFO (92.8%, 3357 bytes, 129 lines)
05:16:48 INFO (92.8%, 3356 bytes, 129 lines)
05:17:04 INFO (92.8%, 3355 bytes, 129 lines)
05:17:20 INFO (92.8%, 3354 bytes, 129 lines)
05:17:37 INFO (92.8%, 3353 bytes, 129 lines)
05:17:56 INFO (92.8%, 3352 bytes, 129 lines)
05:18:19 INFO (92.8%, 3351 bytes, 129 lines)
05:18:43 INFO (92.8%, 3350 bytes, 129 lines)
05:19:06 INFO (92.8%, 3349 bytes, 129 lines)
05:19:29 INFO (92.8%, 3348 bytes, 129 lines)
05:19:49 INFO (92.8%, 3347 bytes, 129 lines)
05:20:12 INFO (92.8%, 3346 bytes, 129 lines)
05:20:29 INFO (92.8%, 3345 bytes, 129 lines)
05:20:45 INFO (92.8%, 3344 bytes, 129 lines)
05:21:02 INFO (92.8%, 3343 bytes, 129 lines)
05:21:21 INFO (92.8%, 3342 bytes, 129 lines)
05:21:37 INFO (92.8%, 3341 bytes, 129 lines)
05:22:00 INFO (92.8%, 3340 bytes, 129 lines)
05:22:20 INFO (92.8%, 3339 bytes, 129 lines)
05:22:40 INFO (92.8%, 3338 bytes, 129 lines)
05:22:57 INFO (92.8%, 3337 bytes, 129 lines)
05:23:14 INFO (92.8%, 3336 bytes, 129 lines)
05:23:31 INFO (92.8%, 3335 bytes, 129 lines)
05:23:48 INFO (92.8%, 3334 bytes, 129 lines)
05:24:05 INFO (92.8%, 3333 bytes, 129 lines)
05:24:28 INFO (92.8%, 3332 bytes, 129 lines)
05:24:47 INFO (92.8%, 3331 bytes, 129 lines)
05:25:04 INFO (92.8%, 3330 bytes, 129 lines)
05:25:24 INFO (92.8%, 3329 bytes, 129 lines)
05:25:44 INFO (92.8%, 3328 bytes, 129 lines)
05:26:00 INFO (92.8%, 3327 bytes, 129 lines)
05:26:16 INFO (92.8%, 3326 bytes, 129 lines)
05:26:36 INFO (92.8%, 3325 bytes, 129 lines)
05:26:56 INFO (92.8%, 3324 bytes, 129 lines)
05:27:13 INFO (92.8%, 3323 bytes, 129 lines)
05:27:32 INFO (92.9%, 3322 bytes, 129 lines)
05:27:55 INFO (92.9%, 3321 bytes, 129 lines)
05:28:18 INFO (92.9%, 3320 bytes, 129 lines)
05:28:42 INFO (92.9%, 3319 bytes, 129 lines)
05:28:59 INFO (92.9%, 3318 bytes, 129 lines)
05:29:16 INFO (92.9%, 3317 bytes, 129 lines)
05:29:32 INFO (92.9%, 3316 bytes, 129 lines)
05:29:49 INFO (92.9%, 3315 bytes, 129 lines)
05:30:05 INFO (92.9%, 3314 bytes, 129 lines)
05:30:25 INFO (92.9%, 3313 bytes, 129 lines)
05:30:48 INFO (92.9%, 3312 bytes, 129 lines)
05:31:10 INFO (92.9%, 3311 bytes, 129 lines)
05:31:27 INFO (92.9%, 3310 bytes, 129 lines)
05:31:43 INFO (92.9%, 3309 bytes, 129 lines)
05:32:06 INFO (92.9%, 3308 bytes, 129 lines)
05:32:29 INFO (92.9%, 3307 bytes, 129 lines)
05:32:52 INFO (92.9%, 3306 bytes, 129 lines)
05:33:14 INFO (92.9%, 3305 bytes, 129 lines)
05:33:31 INFO (92.9%, 3304 bytes, 129 lines)
05:33:51 INFO (92.9%, 3303 bytes, 129 lines)
05:34:13 INFO (92.9%, 3302 bytes, 129 lines)
05:34:37 INFO (92.9%, 3301 bytes, 129 lines)
05:34:54 INFO (92.9%, 3300 bytes, 129 lines)
05:35:11 INFO (92.9%, 3299 bytes, 129 lines)
05:35:34 INFO (92.9%, 3298 bytes, 129 lines)
05:35:56 INFO (92.9%, 3297 bytes, 129 lines)
05:36:11 INFO (92.9%, 3296 bytes, 129 lines)
05:36:29 INFO (92.9%, 3295 bytes, 129 lines)
05:36:39 INFO (92.9%, 3294 bytes, 129 lines)
05:36:48 INFO (92.9%, 3293 bytes, 129 lines)
05:36:58 INFO (92.9%, 3292 bytes, 129 lines)
05:37:07 INFO (92.9%, 3291 bytes, 129 lines)
05:37:16 INFO (92.9%, 3290 bytes, 129 lines)
05:37:25 INFO (92.9%, 3289 bytes, 129 lines)
05:37:25 INFO ===< IntsPass::a >===
05:37:48 INFO (92.9%, 3287 bytes, 129 lines)
05:38:07 INFO (92.9%, 3285 bytes, 129 lines)
05:38:26 INFO (92.9%, 3283 bytes, 129 lines)
05:38:45 INFO (92.9%, 3281 bytes, 129 lines)
05:39:07 INFO (92.9%, 3279 bytes, 129 lines)
05:39:26 INFO (92.9%, 3277 bytes, 129 lines)
05:39:45 INFO (93.0%, 3275 bytes, 129 lines)
05:40:00 INFO (93.0%, 3273 bytes, 129 lines)
05:40:09 INFO (93.0%, 3271 bytes, 129 lines)
05:40:12 INFO ===< IntsPass::b >===
05:40:32 INFO (93.0%, 3269 bytes, 129 lines)
05:40:48 INFO (93.0%, 3267 bytes, 129 lines)
05:41:08 INFO (93.0%, 3265 bytes, 129 lines)
05:41:31 INFO (93.0%, 3264 bytes, 129 lines)
05:41:54 INFO (93.0%, 3263 bytes, 129 lines)
05:42:11 INFO (93.0%, 3262 bytes, 129 lines)
05:42:30 INFO (93.0%, 3261 bytes, 129 lines)
05:42:53 INFO (93.0%, 3259 bytes, 129 lines)
05:43:15 INFO (93.0%, 3258 bytes, 129 lines)
05:43:34 INFO (93.0%, 3256 bytes, 129 lines)
05:43:50 INFO (93.0%, 3255 bytes, 129 lines)
05:44:07 INFO (93.0%, 3254 bytes, 129 lines)
05:44:30 INFO (93.0%, 3253 bytes, 129 lines)
05:44:50 INFO (93.0%, 3251 bytes, 129 lines)
05:45:07 INFO (93.0%, 3249 bytes, 129 lines)
05:45:27 INFO (93.0%, 3248 bytes, 129 lines)
05:45:45 INFO (93.0%, 3247 bytes, 129 lines)
05:46:05 INFO (93.0%, 3246 bytes, 129 lines)
05:46:27 INFO (93.0%, 3244 bytes, 129 lines)
05:46:42 INFO (93.0%, 3242 bytes, 129 lines)
05:46:56 INFO (93.0%, 3241 bytes, 129 lines)
05:47:05 INFO (93.0%, 3240 bytes, 129 lines)
05:47:10 INFO ===< IntsPass::c >===
05:47:33 INFO (93.0%, 3239 bytes, 129 lines)
05:47:56 INFO (93.0%, 3238 bytes, 129 lines)
05:48:13 INFO (93.0%, 3237 bytes, 129 lines)
05:48:31 INFO (93.0%, 3236 bytes, 129 lines)
05:48:44 INFO (93.0%, 3235 bytes, 129 lines)
05:48:54 INFO (93.0%, 3234 bytes, 129 lines)
05:48:54 INFO ===< IntsPass::d >===
05:48:58 INFO ===< IntsPass::c >===
05:49:04 INFO ===< BalancedPass::parens-only >===
05:49:06 INFO ===< ClexPass::delete-string >===
05:49:07 INFO Termination check: size was 3430; now 3234
05:49:07 ERROR Skipping pass UnIfDefPass
05:49:07 INFO ===< ClexPass::define >===
05:49:07 INFO ===< IncludeIncludesPass >===
05:49:07 INFO ===< TernaryPass::b >===
05:49:07 INFO ===< TernaryPass::c >===
05:49:13 INFO ===< BalancedPass::curly >===
05:49:20 INFO ===< BalancedPass::curly2 >===
05:49:20 INFO ===< BalancedPass::curly3 >===
05:49:29 INFO ===< BalancedPass::parens >===
05:49:30 INFO ===< BalancedPass::angles >===
05:49:35 INFO ===< BalancedPass::square >===
05:49:47 INFO ===< BalancedPass::curly-inside >===
05:49:52 INFO ===< BalancedPass::parens-inside >===
05:49:53 INFO ===< BalancedPass::angles-inside >===
05:49:54 INFO ===< BalancedPass::square-inside >===
05:49:59 INFO ===< BalancedPass::curly-only >===
05:50:00 INFO ===< BalancedPass::angles-only >===
05:50:05 INFO ===< BalancedPass::square-only >===
05:50:05 INFO ===< ClangPass::remove-namespace >===
05:50:05 INFO ===< ClangPass::aggregate-to-scalar >===
05:50:05 INFO ===< ClangPass::param-to-global >===
05:50:05 INFO ===< ClangPass::param-to-local >===
05:50:05 INFO ===< ClangPass::remove-nested-function >===
05:50:05 INFO ===< ClangPass::union-to-struct >===
05:50:05 INFO ===< ClangPass::return-void >===
05:50:06 INFO ===< ClangPass::simple-inliner >===
05:50:09 INFO ===< ClangPass::reduce-pointer-level >===
05:50:09 INFO ===< ClangPass::lift-assignment-expr >===
05:50:09 INFO ===< ClangPass::copy-propagation >===
05:50:10 INFO ===< ClangHintsPass::callexpr-to-value >===
05:50:10 INFO ===< ClangPass::replace-callexpr >===
05:50:10 INFO ===< ClangPass::simplify-callexpr >===
05:50:10 INFO ===< ClangHintsPass::remove-unused-function >===
05:50:09 INFO using C++ standard: c++2b with 0 transformation opportunities
05:50:10 INFO ===< ClangBinarySearchPass::remove-unused-enum-member >===
05:50:10 INFO ===< ClangPass::remove-enum-member-value >===
05:50:10 INFO using C++ standard: c++2b with 5 transformation opportunities
05:50:12 INFO ===< ClangBinarySearchPass::remove-unused-var >===
05:50:12 INFO ===< ClangPass::simplify-if >===
05:50:12 INFO ===< ClangPass::reduce-array-dim >===
05:50:12 INFO ===< ClangPass::reduce-array-size >===
05:50:12 INFO ===< ClangPass::move-definition-to-declaration >===
05:50:12 INFO ===< ClangPass::simplify-comma-expr >===
05:50:12 INFO ===< ClangPass::simplify-dependent-typedef >===
05:50:12 INFO ===< ClangPass::replace-simple-typedef >===
05:50:12 INFO ===< ClangHintsPass::replace-dependent-typedef >===
05:50:13 INFO ===< ClangPass::replace-one-level-typedef-type >===
05:50:26 INFO ===< ClangPass::remove-unused-field >===
05:50:26 INFO ===< ClangPass::instantiate-template-type-param-to-int >===
05:50:26 INFO ===< ClangPass::instantiate-template-param >===
05:50:26 INFO ===< ClangPass::template-arg-to-int >===
05:50:26 INFO ===< ClangPass::template-non-type-arg-to-int >===
05:50:26 INFO ===< ClangPass::reduce-class-template-param >===
05:50:26 INFO ===< ClangPass::remove-trivial-base-template >===
05:50:26 INFO ===< ClangPass::class-template-to-class >===
05:50:26 INFO ===< ClangPass::merge-base-class >===
05:50:26 INFO ===< ClangPass::remove-base-class >===
05:50:26 INFO ===< ClangPass::replace-derived-class >===
05:50:26 INFO ===< ClangPass::remove-unresolved-base >===
05:50:26 INFO ===< ClangPass::remove-ctor-initializer >===
05:50:26 INFO ===< ClangPass::replace-class-with-base-template-spec >===
05:50:27 INFO ===< ClangPass::simplify-nested-class >===
05:50:28 INFO ===< ClangPass::remove-unused-outer-class >===
05:50:28 INFO ===< ClangPass::empty-struct-to-int >===
05:50:28 INFO ===< ClangPass::remove-pointer >===
05:50:28 INFO ===< ClangPass::reduce-pointer-pairs >===
05:50:28 INFO ===< ClangPass::remove-array >===
05:50:28 INFO ===< ClangPass::remove-addr-taken >===
05:50:28 INFO ===< ClangPass::simplify-struct >===
05:50:28 INFO ===< ClangPass::replace-undefined-function >===
05:50:28 INFO ===< ClangPass::replace-array-index-var >===
05:50:28 INFO ===< ClangPass::replace-array-access-with-index >===
05:50:28 INFO ===< ClangPass::replace-dependent-name >===
05:50:28 INFO ===< ClangPass::simplify-recursive-template-instantiation >===
05:50:29 INFO ===< ClangPass::vector-to-array >===
05:50:29 INFO ===< ClangPass::remove-try-catch >===
05:50:29 INFO ===< ClangPass::class-to-struct >===
05:50:42 INFO ===< ClangPass::member-to-global >===
05:50:45 INFO ===< LinesPass::0 >===
05:51:29 INFO ===< LinesPass::1 >===
05:51:32 INFO ===< LinesPass::2 >===
05:51:32 INFO ===< LinesPass::3 >===
05:51:32 INFO ===< LinesPass::4 >===
05:51:32 INFO ===< LinesPass::6 >===
05:51:32 INFO ===< LinesPass::8 >===
05:51:32 INFO ===< LinesPass::10 >===
05:51:32 INFO ===< CommentsPass >===
05:51:33 INFO ===< SpecialPass::b >===
05:51:33 INFO ===< SpecialPass::c >===
05:51:33 INFO ===< IndentPass::regular >===
05:51:39 INFO ===< BalancedPass::parens-to-zero >===
06:25:31 INFO ===< ClexHintsPass::rm-toks-1-to-16 >===
06:42:52 INFO ===< ClexPass::rm-tok-pattern-4 >===
06:42:52 INFO ===< ClangPass::local-to-global >===
06:43:05 INFO ===< PeepPass::c >===
06:43:29 INFO (93.0%, 3233 bytes, 129 lines)
06:43:46 INFO (93.0%, 3232 bytes, 129 lines)
06:44:04 INFO (93.0%, 3231 bytes, 129 lines)
06:44:23 INFO (93.0%, 3230 bytes, 129 lines)
06:44:38 INFO (93.1%, 3229 bytes, 129 lines)
06:44:47 INFO (93.1%, 3228 bytes, 129 lines)
06:44:48 INFO ===< IntsPass::a >===
06:44:48 INFO ===< IntsPass::b >===
06:44:54 INFO ===< IntsPass::c >===
06:44:54 INFO ===< IntsPass::d >===
06:44:54 INFO cache hit for HIPProg.hip
06:44:54 INFO ===< IntsPass::c >===
06:45:00 INFO ===< BalancedPass::parens-only >===
06:45:01 INFO ===< ClexPass::delete-string >===
06:45:03 INFO Termination check: size was 3234; now 3228
06:45:03 ERROR Skipping pass UnIfDefPass
06:45:03 INFO ===< ClexPass::define >===
06:45:03 INFO ===< IncludeIncludesPass >===
06:45:03 INFO ===< TernaryPass::b >===
06:45:03 INFO ===< TernaryPass::c >===
06:45:10 INFO ===< BalancedPass::curly >===
06:45:17 INFO ===< BalancedPass::curly2 >===
06:45:17 INFO ===< BalancedPass::curly3 >===
06:45:26 INFO ===< BalancedPass::parens >===
06:45:27 INFO ===< BalancedPass::angles >===
06:45:32 INFO ===< BalancedPass::square >===
06:45:45 INFO ===< BalancedPass::curly-inside >===
06:45:49 INFO ===< BalancedPass::parens-inside >===
06:45:50 INFO ===< BalancedPass::angles-inside >===
06:45:51 INFO ===< BalancedPass::square-inside >===
06:45:56 INFO ===< BalancedPass::curly-only >===
06:45:57 INFO ===< BalancedPass::angles-only >===
06:46:02 INFO ===< BalancedPass::square-only >===
06:46:02 INFO ===< ClangPass::remove-namespace >===
06:46:02 INFO ===< ClangPass::aggregate-to-scalar >===
06:46:02 INFO ===< ClangPass::param-to-global >===
06:46:02 INFO ===< ClangPass::param-to-local >===
06:46:03 INFO ===< ClangPass::remove-nested-function >===
06:46:03 INFO ===< ClangPass::union-to-struct >===
06:46:03 INFO ===< ClangPass::return-void >===
06:46:03 INFO ===< ClangPass::simple-inliner >===
06:46:06 INFO ===< ClangPass::reduce-pointer-level >===
06:46:06 INFO ===< ClangPass::lift-assignment-expr >===
06:46:07 INFO ===< ClangPass::copy-propagation >===
06:46:07 INFO ===< ClangHintsPass::callexpr-to-value >===
06:46:07 INFO ===< ClangPass::replace-callexpr >===
06:46:07 INFO ===< ClangPass::simplify-callexpr >===
06:46:07 INFO ===< ClangHintsPass::remove-unused-function >===
06:46:06 INFO using C++ standard: c++2b with 0 transformation opportunities
06:46:07 INFO ===< ClangBinarySearchPass::remove-unused-enum-member >===
06:46:07 INFO ===< ClangPass::remove-enum-member-value >===
06:46:06 INFO using C++ standard: c++2b with 5 transformation opportunities
06:46:09 INFO ===< ClangBinarySearchPass::remove-unused-var >===
06:46:09 INFO ===< ClangPass::simplify-if >===
06:46:09 INFO ===< ClangPass::reduce-array-dim >===
06:46:09 INFO ===< ClangPass::reduce-array-size >===
06:46:09 INFO ===< ClangPass::move-definition-to-declaration >===
06:46:09 INFO ===< ClangPass::simplify-comma-expr >===
06:46:09 INFO ===< ClangPass::simplify-dependent-typedef >===
06:46:09 INFO ===< ClangPass::replace-simple-typedef >===
06:46:09 INFO ===< ClangHintsPass::replace-dependent-typedef >===
06:46:09 INFO ===< ClangPass::replace-one-level-typedef-type >===
06:46:21 INFO ===< ClangPass::remove-unused-field >===
06:46:21 INFO ===< ClangPass::instantiate-template-type-param-to-int >===
06:46:22 INFO ===< ClangPass::instantiate-template-param >===
06:46:22 INFO ===< ClangPass::template-arg-to-int >===
06:46:22 INFO ===< ClangPass::template-non-type-arg-to-int >===
06:46:22 INFO ===< ClangPass::reduce-class-template-param >===
06:46:22 INFO ===< ClangPass::remove-trivial-base-template >===
06:46:22 INFO ===< ClangPass::class-template-to-class >===
06:46:22 INFO ===< ClangPass::merge-base-class >===
06:46:22 INFO ===< ClangPass::remove-base-class >===
06:46:22 INFO ===< ClangPass::replace-derived-class >===
06:46:22 INFO ===< ClangPass::remove-unresolved-base >===
06:46:22 INFO ===< ClangPass::remove-ctor-initializer >===
06:46:22 INFO ===< ClangPass::replace-class-with-base-template-spec >===
06:46:22 INFO ===< ClangPass::simplify-nested-class >===
06:46:24 INFO ===< ClangPass::remove-unused-outer-class >===
06:46:24 INFO ===< ClangPass::empty-struct-to-int >===
06:46:24 INFO ===< ClangPass::remove-pointer >===
06:46:24 INFO ===< ClangPass::reduce-pointer-pairs >===
06:46:24 INFO ===< ClangPass::remove-array >===
06:46:24 INFO ===< ClangPass::remove-addr-taken >===
06:46:24 INFO ===< ClangPass::simplify-struct >===
06:46:24 INFO ===< ClangPass::replace-undefined-function >===
06:46:24 INFO ===< ClangPass::replace-array-index-var >===
06:46:24 INFO ===< ClangPass::replace-array-access-with-index >===
06:46:24 INFO ===< ClangPass::replace-dependent-name >===
06:46:24 INFO ===< ClangPass::simplify-recursive-template-instantiation >===
06:46:24 INFO ===< ClangPass::vector-to-array >===
06:46:24 INFO ===< ClangPass::remove-try-catch >===
06:46:25 INFO ===< ClangPass::class-to-struct >===
06:46:38 INFO ===< ClangPass::member-to-global >===
06:46:41 INFO ===< LinesPass::0 >===
06:47:26 INFO ===< LinesPass::1 >===
06:47:28 INFO ===< LinesPass::2 >===
06:47:28 INFO ===< LinesPass::3 >===
06:47:28 INFO ===< LinesPass::4 >===
06:47:28 INFO ===< LinesPass::6 >===
06:47:28 INFO ===< LinesPass::8 >===
06:47:28 INFO ===< LinesPass::10 >===
06:47:29 INFO ===< CommentsPass >===
06:47:29 INFO ===< SpecialPass::b >===
06:47:29 INFO ===< SpecialPass::c >===
06:47:29 INFO ===< IndentPass::regular >===
06:47:35 INFO ===< BalancedPass::parens-to-zero >===
07:21:25 INFO ===< ClexHintsPass::rm-toks-1-to-16 >===
07:38:42 INFO ===< ClexPass::rm-tok-pattern-4 >===
07:38:42 INFO ===< ClangPass::local-to-global >===
07:38:52 INFO ===< PeepPass::c >===
07:38:52 INFO ===< IntsPass::a >===
07:38:52 INFO cache hit for HIPProg.hip
07:38:52 INFO ===< IntsPass::b >===
07:38:52 INFO cache hit for HIPProg.hip
07:38:52 INFO ===< IntsPass::c >===
07:38:52 INFO cache hit for HIPProg.hip
07:38:52 INFO ===< IntsPass::d >===
07:38:52 INFO cache hit for HIPProg.hip
07:38:52 INFO ===< IntsPass::c >===
07:38:52 INFO cache hit for HIPProg.hip
07:38:52 INFO ===< BalancedPass::parens-only >===
07:38:52 INFO cache hit for HIPProg.hip
07:38:52 INFO ===< ClexPass::delete-string >===
07:38:52 INFO cache hit for HIPProg.hip
07:38:52 INFO Termination check: size was 3228; now 3228
07:38:52 INFO CLEANUP PASSES
07:38:52 INFO ===< ClexPass::define >===
07:38:54 INFO ===< ClangPass::combine-global-var >===
07:38:54 INFO ===< ClangPass::combine-local-var >===
07:38:54 INFO ===< ClangPass::simplify-struct-union-decl >===
07:38:54 INFO ===< ClangPass::move-global-var >===
07:38:54 INFO ===< ClangPass::unify-function-decl >===
07:38:54 INFO cache hit for HIPProg.hip
07:38:54 INFO ===< LinesPass::0 >===
07:38:54 INFO cache hit for HIPProg.hip
07:38:54 INFO ===< ClexPass::delete-string >===
07:38:56 INFO ===< BlankPass >===
07:38:56 INFO cache hit for HIPProg.hip
07:38:56 INFO ===< BlankPass >===
07:38:57 INFO ===================== done ====================
===< PASS statistics >===
  pass name                                                     bytes reduced time (s) time (%)   worked   failed  total executed
  BalancedPass::curly3                                                   7092   201.74     0.73       12       33              45
  LinesPass::3                                                           6163     3.86     0.01        1        0               1
  BalancedPass::curly-inside                                             5278   323.91     1.18       15      230             245
  LinesPass::2                                                           5187   137.94     0.50       13      129             142
  LinesPass::0                                                           4811   208.50     0.76       14      423             437
  CommentsPass                                                           4312    54.45     0.20        7      526             533
  LinesPass::1                                                           3589   577.33     2.10       23     1170            1193
  BalancedPass::parens-to-zero                                           3141   348.05     1.26       21      750             771
  TreeSitterPass::remove-function                                        1176    37.19     0.14        3      170             173
  ClangHintsPass::callexpr-to-value                                       620   104.89     0.38       17      109             126
  LinesPass::None                                                         468   870.70     3.16       18     1988            2006
  BalancedPass::curly2                                                    381   158.47     0.58       11      251             262
  ClexHintsPass::rm-toks-1-to-4                                           283  2283.22     8.29       45     8586            8631
  BlankPass                                                               159   142.27     0.52       13      178             191
  IntsPass::a                                                             147  1898.93     6.90      147      716             863
  ClexHintsPass::rm-toks-5-to-8                                           100  2078.96     7.55       28     8512            8540
  ClexHintsPass::rm-toks-9-to-12                                           83  1929.54     7.01        6     8429            8435
  BalancedPass::parens-only                                                68   318.16     1.16       25     1076            1101
  BalancedPass::square                                                     49   144.92     0.53       14      147             161
  ClexHintsPass::rm-toks-13-to-16                                          42  1897.26     6.89        2     8384            8386
  BalancedPass::curly                                                      38   122.49     0.44        3      259             262
  IntsPass::c                                                              31   280.96     1.02       22      118             140
  IntsPass::b                                                              18    99.95     0.36        9       87              96
  IntsPass::d                                                               6    57.31     0.21        6       28              34
  BalancedPass::curly-only                                                  2   184.78     0.67        6      405             411
  InlineIncludesPass                                                        0     0.00     0.00        0        0               0
  RmUnusedFilesPass                                                         0     0.00     0.00        0        0               0
  SpecialPass::c                                                            0     0.02     0.00        0        0               0
  SpecialPass::b                                                            0     0.03     0.00        0        0               0
  IndentPass::final                                                         0     0.03     0.00        0        1               1
  TernaryPass::c                                                            0     0.03     0.00        0        0               0
  TernaryPass::b                                                            0     0.03     0.00        0        0               0
  LinesPass::10                                                             0     0.04     0.00        0        0               0
  LineMarkersPass                                                           0     0.04     0.00        0        0               0
  LinesPass::6                                                              0     0.04     0.00        0        0               0
  LinesPass::8                                                              0     0.04     0.00        0        0               0
  IncludeIncludesPass                                                       0     0.04     0.00        0       12              12
  ClangPass::move-global-var                                                0     0.05     0.00        0        4               4
  ClangPass::unify-function-decl                                            0     0.05     0.00        0        4               4
  ClangPass::simplify-struct-union-decl                                     0     0.06     0.00        0        4               4
  TreeSitterPass::erase-namespace                                           0     0.08     0.00        0        0               0
  ClangModuleMapPass                                                        0     0.08     0.00        0        0               0
  IndentPass::regular                                                       0     0.09     0.00        0        3               3
  MakefilePass                                                              0     0.10     0.00        0        0               0
  ClangPass::combine-local-var                                              0     0.11     0.00        0        4               4
  ClangPass::reduce-array-size                                              0     0.14     0.00        0       12              12
  ClangPass::remove-pointer                                                 0     0.14     0.00        0       12              12
  ClangPass::simplify-dependent-typedef                                     0     0.15     0.00        0       12              12
  ClangPass::copy-propagation                                               0     0.15     0.00        0       12              12
  ClangPass::move-definition-to-declaration                                 0     0.15     0.00        0       12              12
  ClangPass::remove-array                                                   0     0.15     0.00        0       12              12
  ClangPass::union-to-struct                                                0     0.15     0.00        0       12              12
  ClangPass::reduce-pointer-pairs                                           0     0.15     0.00        0       12              12
  ClangPass::replace-one-level-typedef-type                                 0     0.15     0.00        0       12              12
  ClangPass::lift-assignment-expr                                           0     0.15     0.00        0       12              12
  ClangPass::replace-simple-typedef                                         0     0.15     0.00        0       12              12
  ClangPass::simplify-comma-expr                                            0     0.16     0.00        0       12              12
  ClangPass::simplify-struct                                                0     0.16     0.00        0       12              12
  ClangPass::reduce-array-dim                                               0     0.16     0.00        0       12              12
  ClangPass::empty-struct-to-int                                            0     0.16     0.00        0       12              12
  ClangPass::replace-array-access-with-index                                0     0.16     0.00        0       12              12
  ClangPass::simplify-if                                                    0     0.17     0.00        0       12              12
  ClangPass::remove-namespace                                               0     0.17     0.00        0       12              12
  ClangPass::replace-array-index-var                                        0     0.17     0.00        0       12              12
  ClangPass::remove-addr-taken                                              0     0.17     0.00        0       12              12
  ClangHintsPass::replace-dependent-typedef                                 0     0.17     0.00        0        0               0
  ClangPass::aggregate-to-scalar                                            0     0.17     0.00        0       12              12
  ClangPass::simple-inliner                                                 0     0.17     0.00        0       12              12
  ClangPass::replace-dependent-name                                         0     0.17     0.00        0       12              12
  ClangPass::remove-unresolved-base                                         0     0.17     0.00        0       12              12
  ClangPass::class-to-struct                                                0     0.18     0.00        0       12              12
  ClangPass::remove-ctor-initializer                                        0     0.18     0.00        0       12              12
  ClangPass::simplify-recursive-template-instantiation                      0     0.18     0.00        0       12              12
  ClangPass::remove-base-class                                              0     0.18     0.00        0       12              12
  ClangPass::replace-class-with-base-template-spec                          0     0.19     0.00        0       12              12
  ClangPass::replace-undefined-function                                     0     0.19     0.00        0       12              12
  ClangPass::vector-to-array                                                0     0.19     0.00        0       12              12
  ClangPass::merge-base-class                                               0     0.19     0.00        0       12              12
  ClangHintsPass::remove-unused-function (30 T)                             0     0.19     0.00        0        0               0
  ClangPass::remove-try-catch                                               0     0.19     0.00        0       12              12
  ClangPass::replace-derived-class                                          0     0.19     0.00        0       12              12
  ClangPass::remove-trivial-base-template                                   0     0.19     0.00        0       12              12
  ClangPass::simplify-nested-class                                          0     0.19     0.00        0       12              12
  ClangPass::instantiate-template-type-param-to-int                         0     0.20     0.00        0       12              12
  ClangPass::return-void                                                    0     0.20     0.00        0       12              12
  ClangPass::remove-enum-member-value                                       0     0.21     0.00        0       16              16
  ClangPass::template-non-type-arg-to-int                                   0     0.21     0.00        0       12              12
  ClangPass::remove-nested-function                                         0     0.21     0.00        0       12              12
  ClangPass::reduce-class-template-param                                    0     0.21     0.00        0       12              12
  ClangPass::template-arg-to-int                                            0     0.21     0.00        0       12              12
  ClangHintsPass::replace-function-def-with-decl (30 T)                     0     0.21     0.00        0        1               1
  ClangPass::class-template-to-class                                        0     0.22     0.00        0       12              12
  ClangPass::replace-callexpr                                               0     0.23     0.00        0       16              16
  ClangPass::instantiate-template-param                                     0     0.24     0.00        0       12              12
  ClangPass::param-to-local                                                 0     0.27     0.00        0       12              12
  ClangPass::param-to-global                                                0     0.27     0.00        0       12              12
  ClangPass::combine-global-var                                             0     0.34     0.00        0        4               4
  ClexPass::define                                                          0     0.62     0.00        0        8               8
  ClangPass::simplify-callexpr                                              0     0.64     0.00        0       32              32
  ClangPass::local-to-global                                                0     0.71     0.00        0       24              24
  SpecialPass::a                                                            0     0.73     0.00        0        2               2
  ClangIncludeGraphPass                                                     0     0.81     0.00        0        0               0
  IncludesPass                                                              0     0.92     0.00        0        4               4
  ClangBinarySearchPass::remove-unused-enum-member                          0     0.97     0.00        0        0               0
  ClangPass::remove-unused-outer-class                                      0     1.03     0.00        0       12              12
  ClexPass::delete-string                                                   0     1.25     0.00        0        8               8
  ClangHintsPass::remove-unused-function                                    0     2.07     0.01        0        4               4
  ClangBinarySearchPass::remove-unused-var                                  0     3.04     0.01        0       36              36
  ClangHintsPass::replace-function-def-with-decl                            0     3.42     0.01        0       31              31
  LinesPass::4                                                              0     4.03     0.01        1        0               1
  ClangPass::reduce-pointer-level                                           0     8.96     0.03        0       31              31
  TreeSitterPass::replace-function-def-with-decl                            0    25.09     0.09        1       86              87
  PeepPass::c                                                               0    26.48     0.10        0     9892            9892
  BalancedPass::angles-only                                                 0    32.10     0.12        0       74              74
  BalancedPass::angles-inside                                               0    34.35     0.12        0       75              75
  BalancedPass::angles                                                      0    34.81     0.13        0       75              75
  ClangPass::remove-unused-field                                            0    37.56     0.14        0      116             116
  ClangPass::member-to-global                                               0    40.01     0.15        0      115             115
  BalancedPass::square-inside                                               0    69.44     0.25        0      140             140
  BalancedPass::square-only                                                 0   117.04     0.43        8      150             158
  BalancedPass::parens-inside                                               0   210.81     0.77        4      923             927
  BalancedPass::parens                                                      0   245.37     0.89        2     1252            1254
  ClexPass::rm-tok-pattern-4                                                0  3099.71    11.26        0    16516           16516
  ClexHintsPass::rm-toks-1-to-16                                            0  6120.93    22.23        0    32664           32664
  Folding (merging transformations from other passes)                   42820  1418.28     5.15      267       43             310

Runtime: 27536 seconds
Reduced test-cases:

--- HIPProg.hip ---
#include <hip/hip_runtime.h>
#include "HIPSmith.h"
#include "safe_math_macros.h"
#define transparent_crc(X, Y, Z) transparent_crc_(&crc64_context, X, , )
struct S0 {
    int32_t g_22;
    int32_t *g_21;
    int32_t g_40;
    int16_t g_41[8];
    uint64_t g_67;
    int64_t g_76;
    uint32_t g_83;
    uint32_t g_113;
    uint32_t *g_112;
    int64_t g_162;
    int8_t g_167;
    int32_t g_178;
    uint32_t g_184;
    uint16_t g_189;
    int16_t g_224;
    int16_t g_227;
    int32_t g_265;
    int32_t g_267;
    int64_t g_268;
    uint32_t g_269;
    uint64_t *g_307;
    uint64_t g_306;
    uint32_t g_328;
    int32_t *g_333;
    uint8_t g_345;
    uint8_t *g_344;
    uint32_t g_394;
    uint16_t *g_407;
    uint16_t g_477;
    int8_t *g_499;
    int8_t **g_498;
    int64_t g_520;
    uint8_t g_537;
    int64_t g_575;
    int32_t g_576;
    uint32_t *g_582;
    uint8_t g_587;
};__device__ int64_t  func_1(S0 * p_698)
{
        int16_t l_688 = 8;
        uint32_t l_689 = 5;
        int64_t *l_693 = &p_698->g_162;
        *l_693 |= safe_sub_func_uint8_t_u_u(safe_mul_func_int64_t_s_s(*p_698->g_582, l_688), l_689) ^ -6L ;
        return l_688;
    }
__global__ void hipsmith_kernel(uint64_t *results) {
    S0 c_699;
    S0* p_698 = &c_699;
    S0 c_700 {
        1, 
        &p_698->g_22, 
        5, 
        {}, 
        2, 
        0, 
        {}, 
        1, 
        &p_698->g_113, 
        2, 
        1, 
        4, 
        5, 
        {}, 
        5, 
        9, 
        0, 
        0, 
        0, 
        0, 
        nullptr, 
        {}, 
        5, 
        nullptr, 
        4, 
        &p_698->g_345, 
        9, 
        nullptr, 
        5, 
        &p_698->g_167, 
        &p_698->g_499, 
        {}, 
        {}, 
        4, 
        0, 
        &p_698->g_394, 
        9};
    c_699 = c_700;
    func_1(p_698);
    uint64_t crc64_context = 0xFFFFFFFFFFFFFFFFUL;
    transparent_crc(p_698->g_162, , );
    int tid = threadIdx.x + blockIdx.x * blockDim.x;
    results[tid] = (crc64_context ^ 0xFFFFFFFFFFFFFFFFUL);
}
// ------------------------------------------------------------------
// Host Main
// ------------------------------------------------------------------
int main(int argc, const char* argv[]) {
    // Config
    const unsigned int num_threads = 4;
    const unsigned int block_size = 4;
    // Host Alloc
    std::vector<uint64_t> h_results(num_threads);
    const size_t results_bytes = sizeof(uint64_t) * h_results.size();
    // Device Alloc
    uint64_t *d_results;
    HIP_CHECK(hipMalloc((void**)&d_results, results_bytes));
    HIP_CHECK(hipMemset(d_results, 0, results_bytes));
    // Dimensions
    const dim3 block_dim(block_size);
    const dim3 grid_dim((num_threads + block_size - 1) / block_size);
    // Launch
    hipLaunchKernelGGL(hipsmith_kernel, grid_dim, block_dim, 0, 0, d_results);
    HIP_CHECK(hipGetLastError());
    HIP_CHECK(hipDeviceSynchronize());
    // Copy Back
    HIP_CHECK(hipMemcpy(h_results.data(), d_results, results_bytes, hipMemcpyDeviceToHost));
    // Free
    HIP_CHECK(hipFree(d_results));
    // Output
    for (size_t i = 0; i < h_results.size(); ++i) {
        printf("Thread %zu CRC: %lu\n", i, h_results[i]);
    }
    return 0;
}

