00:00:01 ERROR Prereqs not found for pass UnIfDefPass
00:00:01 ERROR Prereqs not found for pass IfPass
00:00:01 ERROR Prereqs not found for pass UnIfDefPass
00:00:17 INFO ===< 2652140 >===
00:00:17 INFO running 4 interestingness tests in parallel
00:00:17 INFO (0.0%, 169421 bytes, 1518 lines)
00:00:17 INFO INITIAL PASSES (interleaving)
00:00:17 INFO ===<  >===
00:12:36 INFO (78.3%, 36843 bytes, 471 lines, via BalancedPass::curly-inside + TreeSitterPass::remove-function + LinesPass::4 + CommentsPass + ClangHintsPass::callexpr-to-value + LinesPass::0 + LinesPass::3 + BlankPass)
00:22:54 INFO (93.8%, 10524 bytes, 316 lines, via LinesPass::0 + LinesPass::1 + BalancedPass::curly-inside + LinesPass::3 + BalancedPass::curly3 + BalancedPass::parens-to-zero + LinesPass::2 + ClangHintsPass::callexpr-to-value + CommentsPass + BlankPass)
00:31:23 INFO (95.4%, 7786 bytes, 296 lines, via BalancedPass::curly-inside + LinesPass::1 + ClangHintsPass::callexpr-to-value + LinesPass::3 + LinesPass::0 + BlankPass + BalancedPass::curly3 + ClexHintsPass::rm-toks-1-to-4)
00:39:37 INFO (95.9%, 6975 bytes, 262 lines, via BalancedPass::curly2 + BalancedPass::curly-inside + LinesPass::1 + LinesPass::2 + BalancedPass::square + ClexHintsPass::rm-toks-5-to-8 + BalancedPass::parens-only + ClexHintsPass::rm-toks-1-to-4)
00:44:41 INFO (96.0%, 6731 bytes, 249 lines, via LinesPass::1 + BalancedPass::parens-only + BalancedPass::square + ClexHintsPass::rm-toks-1-to-4 + BalancedPass::curly)
00:54:45 INFO (96.5%, 5934 bytes, 226 lines, via LinesPass::None + LinesPass::1 + BalancedPass::parens-to-zero + BalancedPass::parens-only + ClexHintsPass::rm-toks-5-to-8 + BlankPass + BalancedPass::curly)
00:59:06 INFO (96.7%, 5653 bytes, 218 lines, via LinesPass::None + LinesPass::2 + ClexHintsPass::rm-toks-1-to-4 + BalancedPass::square)
01:05:23 INFO (96.9%, 5228 bytes, 206 lines, via LinesPass::1 + LinesPass::None + ClexHintsPass::rm-toks-1-to-4 + BlankPass)
01:10:06 INFO (97.1%, 4912 bytes, 202 lines, via LinesPass::None + ClexHintsPass::rm-toks-1-to-4 + BalancedPass::curly-inside)
01:14:30 INFO (97.1%, 4867 bytes, 201 lines, via ClexHintsPass::rm-toks-1-to-4 + LinesPass::None)
01:17:43 INFO (97.1%, 4848 bytes, 201 lines, via ClexHintsPass::rm-toks-1-to-4 + BalancedPass::parens-only)
01:22:05 INFO (97.2%, 4700 bytes, 198 lines, via ClexHintsPass::rm-toks-5-to-8 + LinesPass::1 + ClexHintsPass::rm-toks-1-to-4)
01:26:23 INFO (97.3%, 4649 bytes, 195 lines, via ClexHintsPass::rm-toks-1-to-4 + ClexHintsPass::rm-toks-5-to-8 + LinesPass::1 + BalancedPass::curly-inside)
01:29:33 INFO (97.3%, 4617 bytes, 193 lines, via BlankPass + BalancedPass::curly-only)
01:32:17 INFO (97.3%, 4616 bytes, 193 lines, via ClexHintsPass::rm-toks-1-to-4)
01:36:18 INFO (97.3%, 4610 bytes, 193 lines, via BalancedPass::parens-only)
01:39:22 INFO (97.3%, 4499 bytes, 190 lines, via LinesPass::None + ClexHintsPass::rm-toks-1-to-4)
01:42:14 INFO (97.3%, 4497 bytes, 190 lines, via BalancedPass::square-only)
01:43:02 INFO (97.3%, 4495 bytes, 190 lines, via BalancedPass::square-only)
02:02:47 INFO (97.3%, 4493 bytes, 190 lines, via ClexHintsPass::rm-toks-1-to-4)
02:06:18 INFO (97.4%, 4474 bytes, 190 lines, via ClexHintsPass::rm-toks-5-to-8)
02:10:11 INFO (97.4%, 4456 bytes, 188 lines, via BalancedPass::curly-inside)
02:13:23 INFO (97.4%, 4443 bytes, 187 lines, via ClexHintsPass::rm-toks-1-to-4)
02:15:55 INFO (97.4%, 4437 bytes, 187 lines, via ClexHintsPass::rm-toks-1-to-4)
02:57:35 INFO INITIAL PASSES
02:57:35 ERROR Skipping pass UnIfDefPass
02:57:35 ERROR Skipping pass IfPass
02:57:35 INFO ===< BalancedPass::angles, BalancedPass::angles-inside, BalancedPass::angles-only, BalancedPass::curly, BalancedPass::curly-inside, BalancedPass::curly-only, BalancedPass::curly2, BalancedPass::curly3, BalancedPass::parens, BalancedPass::parens-inside, BalancedPass::parens-only, BalancedPass::parens-to-zero, BalancedPass::square, BalancedPass::square-inside, BalancedPass::square-only, BlankPass, ClangHintsPass::callexpr-to-value, ClangHintsPass::remove-unused-function, ClangHintsPass::replace-dependent-typedef, ClangHintsPass::replace-function-def-with-decl, ClangIncludeGraphPass, ClangModuleMapPass, ClexHintsPass::rm-toks-1-to-4, ClexHintsPass::rm-toks-13-to-16, ClexHintsPass::rm-toks-5-to-8, ClexHintsPass::rm-toks-9-to-12, CommentsPass, InlineIncludesPass, LineMarkersPass, LinesPass::0, LinesPass::1, LinesPass::10, LinesPass::2, LinesPass::3, LinesPass::4, LinesPass::6, LinesPass::8, LinesPass::None, MakefilePass, RmUnusedFilesPass, TreeSitterPass::erase-namespace, TreeSitterPass::remove-function, TreeSitterPass::replace-function-def-with-decl >===
02:57:36 INFO ===< IncludesPass >===
02:57:37 INFO ===< CommentsPass >===
02:57:37 INFO ===< LineMarkersPass >===
02:57:38 INFO ===< BlankPass >===
02:57:39 INFO ===< ClangHintsPass::replace-function-def-with-decl (30 T) >===
02:57:39 INFO ===< ClangHintsPass::remove-unused-function (30 T) >===
02:57:39 INFO cache hit for HIPProg.hip
02:57:39 INFO ===< ClangHintsPass::replace-function-def-with-decl (30 T) >===
02:57:39 INFO cache hit for HIPProg.hip
02:57:39 INFO ===< ClangHintsPass::remove-unused-function (30 T) >===
02:57:40 INFO ===< ClangHintsPass::replace-function-def-with-decl >===
02:57:40 INFO ===< ClangHintsPass::remove-unused-function >===
02:57:47 INFO ===< LinesPass::0 >===
02:58:47 INFO ===< LinesPass::1 >===
02:59:01 INFO ===< LinesPass::2 >===
02:59:01 INFO ===< LinesPass::3 >===
02:59:01 INFO ===< LinesPass::4 >===
02:59:01 INFO ===< LinesPass::6 >===
02:59:01 INFO ===< LinesPass::8 >===
02:59:01 INFO ===< LinesPass::10 >===
02:59:01 INFO cache hit for HIPProg.hip
02:59:01 INFO ===< ClangHintsPass::replace-function-def-with-decl >===
02:59:01 INFO cache hit for HIPProg.hip
02:59:01 INFO ===< ClangHintsPass::remove-unused-function >===
02:59:01 INFO cache hit for HIPProg.hip
02:59:01 INFO ===< ClangHintsPass::remove-unused-function >===
02:59:29 INFO ===< BalancedPass::curly >===
03:00:01 INFO ===< BalancedPass::curly2 >===
03:00:01 INFO ===< BalancedPass::curly3 >===
03:00:13 INFO ===< BalancedPass::parens-to-zero >===
03:00:15 INFO ===< ClangHintsPass::callexpr-to-value >===
03:00:15 INFO ===< ClangPass::replace-callexpr >===
03:00:16 INFO ===< ClangPass::simplify-callexpr >===
03:00:16 INFO using C++ standard: c++2b with 0 transformation opportunities
03:00:17 INFO ===< ClangBinarySearchPass::remove-unused-enum-member >===
03:00:17 INFO ===< ClangPass::remove-enum-member-value >===
03:00:16 INFO using C++ standard: c++2b with 5 transformation opportunities
03:00:18 INFO ===< ClangBinarySearchPass::remove-unused-var >===
03:00:19 INFO ===< SpecialPass::a >===
03:00:19 INFO ===< SpecialPass::b >===
03:00:19 INFO INTERLEAVING PASSES
03:00:19 INFO ===< SpecialPass::c >===
03:05:29 INFO (97.4%, 4430 bytes, 187 lines, via ClexHintsPass::rm-toks-1-to-4)
03:07:58 INFO (97.4%, 4429 bytes, 187 lines, via ClexHintsPass::rm-toks-1-to-4)
03:18:41 INFO (97.4%, 4413 bytes, 187 lines, via ClexHintsPass::rm-toks-1-to-4)
03:32:26 INFO (97.4%, 4412 bytes, 187 lines, via ClexHintsPass::rm-toks-1-to-4)
03:37:27 INFO (97.4%, 4405 bytes, 187 lines, via ClexHintsPass::rm-toks-1-to-4)
03:40:34 INFO (97.4%, 4372 bytes, 187 lines, via ClexHintsPass::rm-toks-1-to-4)
04:39:36 INFO Termination check: size was 4437; now 4372
04:39:36 INFO ===< BalancedPass::angles, BalancedPass::angles-inside, BalancedPass::angles-only, BalancedPass::curly, BalancedPass::curly-inside, BalancedPass::curly-only, BalancedPass::curly2, BalancedPass::curly3, BalancedPass::parens, BalancedPass::parens-inside, BalancedPass::parens-only, BalancedPass::parens-to-zero, BalancedPass::square, BalancedPass::square-inside, BalancedPass::square-only, BlankPass, ClangHintsPass::callexpr-to-value, ClangHintsPass::remove-unused-function, ClangHintsPass::replace-dependent-typedef, ClangHintsPass::replace-function-def-with-decl, ClangIncludeGraphPass, ClangModuleMapPass, ClexHintsPass::rm-toks-1-to-4, ClexHintsPass::rm-toks-13-to-16, ClexHintsPass::rm-toks-5-to-8, ClexHintsPass::rm-toks-9-to-12, CommentsPass, InlineIncludesPass, LineMarkersPass, LinesPass::0, LinesPass::1, LinesPass::10, LinesPass::2, LinesPass::3, LinesPass::4, LinesPass::6, LinesPass::8, LinesPass::None, MakefilePass, RmUnusedFilesPass, TreeSitterPass::erase-namespace, TreeSitterPass::remove-function, TreeSitterPass::replace-function-def-with-decl >===
06:14:24 INFO Termination check: size was 4372; now 4372
06:14:24 INFO MAIN PASSES
06:14:24 ERROR Skipping pass UnIfDefPass
06:14:24 INFO ===< BalancedPass::angles, BalancedPass::angles-inside, BalancedPass::angles-only, BalancedPass::curly, BalancedPass::curly-inside, BalancedPass::curly-only, BalancedPass::curly2, BalancedPass::curly3, BalancedPass::parens, BalancedPass::parens-inside, BalancedPass::parens-only, BalancedPass::parens-to-zero, BalancedPass::square, BalancedPass::square-inside, BalancedPass::square-only, BlankPass, ClangHintsPass::callexpr-to-value, ClangHintsPass::remove-unused-function, ClangHintsPass::replace-dependent-typedef, ClangHintsPass::replace-function-def-with-decl, ClangIncludeGraphPass, ClangModuleMapPass, ClexHintsPass::rm-toks-1-to-4, ClexHintsPass::rm-toks-13-to-16, ClexHintsPass::rm-toks-5-to-8, ClexHintsPass::rm-toks-9-to-12, CommentsPass, InlineIncludesPass, LineMarkersPass, LinesPass::0, LinesPass::1, LinesPass::10, LinesPass::2, LinesPass::3, LinesPass::4, LinesPass::6, LinesPass::8, LinesPass::None, MakefilePass, RmUnusedFilesPass, TreeSitterPass::erase-namespace, TreeSitterPass::remove-function, TreeSitterPass::replace-function-def-with-decl >===
06:14:24 INFO ===< IncludeIncludesPass >===
06:14:24 INFO ===< TernaryPass::b >===
06:14:24 INFO ===< TernaryPass::c >===
06:14:54 INFO ===< BalancedPass::curly >===
06:15:24 INFO ===< BalancedPass::curly2 >===
06:15:24 INFO ===< BalancedPass::curly3 >===
06:15:36 INFO ===< BalancedPass::parens >===
06:15:37 INFO ===< BalancedPass::angles >===
06:15:50 INFO ===< BalancedPass::square >===
06:16:07 INFO ===< BalancedPass::curly-inside >===
06:16:13 INFO ===< BalancedPass::parens-inside >===
06:16:15 INFO ===< BalancedPass::angles-inside >===
06:16:31 INFO ===< BalancedPass::square-inside >===
06:17:00 INFO ===< BalancedPass::curly-only >===
06:17:01 INFO ===< BalancedPass::angles-only >===
06:17:16 INFO ===< BalancedPass::square-only >===
06:17:16 INFO ===< ClangPass::remove-namespace >===
06:17:40 INFO (97.4%, 4387 bytes, 188 lines)
06:18:02 INFO (97.4%, 4402 bytes, 189 lines)
06:18:20 INFO (97.4%, 4417 bytes, 190 lines)
06:18:42 INFO (97.4%, 4432 bytes, 191 lines)
06:18:55 INFO (97.4%, 4446 bytes, 192 lines)
06:19:05 INFO (97.4%, 4462 bytes, 193 lines)
06:19:05 INFO ===< ClangPass::aggregate-to-scalar >===
06:19:06 INFO ===< ClangPass::param-to-global >===
06:19:07 INFO ===< ClangPass::param-to-local >===
06:19:07 INFO ===< ClangPass::remove-nested-function >===
06:19:23 INFO (97.4%, 4463 bytes, 193 lines)
06:19:35 INFO (97.4%, 4464 bytes, 193 lines)
06:19:35 INFO ===< ClangPass::union-to-struct >===
06:19:36 INFO ===< ClangPass::return-void >===
06:19:37 INFO ===< ClangPass::simple-inliner >===
06:19:54 INFO (97.4%, 4463 bytes, 193 lines)
06:20:03 INFO ===< ClangPass::reduce-pointer-level >===
06:20:03 INFO ===< ClangPass::lift-assignment-expr >===
06:20:03 INFO ===< ClangPass::copy-propagation >===
06:20:05 INFO ===< ClangHintsPass::callexpr-to-value >===
06:20:05 INFO ===< ClangPass::replace-callexpr >===
06:20:06 INFO ===< ClangPass::simplify-callexpr >===
06:20:06 INFO ===< ClangHintsPass::remove-unused-function >===
06:20:05 INFO using C++ standard: c++2b with 0 transformation opportunities
06:20:06 INFO ===< ClangBinarySearchPass::remove-unused-enum-member >===
06:20:06 INFO ===< ClangPass::remove-enum-member-value >===
06:20:06 INFO using C++ standard: c++2b with 5 transformation opportunities
06:20:07 INFO ===< ClangBinarySearchPass::remove-unused-var >===
06:20:07 INFO ===< ClangPass::simplify-if >===
06:20:07 INFO ===< ClangPass::reduce-array-dim >===
06:20:07 INFO ===< ClangPass::reduce-array-size >===
06:20:07 INFO ===< ClangPass::move-definition-to-declaration >===
06:20:07 INFO ===< ClangPass::simplify-comma-expr >===
06:20:08 INFO ===< ClangPass::simplify-dependent-typedef >===
06:20:08 INFO ===< ClangPass::replace-simple-typedef >===
06:20:08 INFO ===< ClangHintsPass::replace-dependent-typedef >===
06:20:08 INFO ===< ClangPass::replace-one-level-typedef-type >===
06:20:28 INFO (97.4%, 4446 bytes, 191 lines)
06:20:49 INFO (97.4%, 4420 bytes, 189 lines)
06:21:10 INFO (97.4%, 4395 bytes, 187 lines)
06:21:30 INFO (97.4%, 4368 bytes, 185 lines)
06:21:52 INFO (97.4%, 4340 bytes, 183 lines)
06:22:18 INFO (97.5%, 4308 bytes, 181 lines)
06:22:41 INFO (97.5%, 4281 bytes, 179 lines)
06:23:08 INFO (97.5%, 4234 bytes, 177 lines)
06:23:34 INFO (97.5%, 4206 bytes, 175 lines)
06:23:59 INFO (97.5%, 4184 bytes, 173 lines)
06:24:18 INFO (97.5%, 4152 bytes, 171 lines)
06:24:43 INFO (97.6%, 4124 bytes, 169 lines)
06:25:03 INFO (97.6%, 4096 bytes, 167 lines)
06:25:22 INFO (97.6%, 4074 bytes, 165 lines)
06:25:40 INFO (97.6%, 4034 bytes, 163 lines)
06:26:02 INFO (97.6%, 4000 bytes, 161 lines)
06:26:20 INFO (97.7%, 3956 bytes, 159 lines)
06:26:46 INFO (97.7%, 3923 bytes, 157 lines)
06:27:05 INFO (97.7%, 3895 bytes, 155 lines)
06:27:23 INFO (97.7%, 3863 bytes, 153 lines)
06:27:46 INFO (97.7%, 3835 bytes, 151 lines)
06:28:07 INFO (97.7%, 3813 bytes, 149 lines)
06:28:28 INFO (97.8%, 3781 bytes, 147 lines)
06:28:50 INFO (97.8%, 3759 bytes, 145 lines)
06:29:13 INFO (97.8%, 3715 bytes, 143 lines)
06:29:33 INFO (97.8%, 3688 bytes, 141 lines)
06:29:54 INFO (97.8%, 3661 bytes, 139 lines)
06:30:12 INFO (97.9%, 3634 bytes, 137 lines)
06:30:32 INFO (97.9%, 3593 bytes, 135 lines)
06:30:50 INFO (97.9%, 3565 bytes, 133 lines)
06:31:08 INFO (97.9%, 3537 bytes, 131 lines)
06:31:27 INFO (97.9%, 3503 bytes, 129 lines)
06:31:53 INFO (98.0%, 3465 bytes, 127 lines)
06:32:13 INFO (98.0%, 3421 bytes, 125 lines)
06:32:38 INFO (98.0%, 3398 bytes, 123 lines)
06:32:59 INFO (98.0%, 3359 bytes, 121 lines)
06:33:26 INFO (98.0%, 3336 bytes, 119 lines)
06:33:47 INFO (98.0%, 3307 bytes, 117 lines)
06:34:09 INFO (98.1%, 3279 bytes, 115 lines)
06:34:42 INFO (98.1%, 3245 bytes, 113 lines)
06:35:06 INFO (98.1%, 3199 bytes, 111 lines)
06:35:31 INFO (98.1%, 3172 bytes, 109 lines)
06:35:51 INFO (98.1%, 3138 bytes, 107 lines)
06:36:06 INFO (98.2%, 3100 bytes, 105 lines)
06:36:18 INFO (98.2%, 3067 bytes, 103 lines)
06:36:18 INFO ===< ClangPass::remove-unused-field >===
06:36:18 INFO ===< ClangPass::instantiate-template-type-param-to-int >===
06:36:18 INFO ===< ClangPass::instantiate-template-param >===
06:36:18 INFO ===< ClangPass::template-arg-to-int >===
06:36:18 INFO ===< ClangPass::template-non-type-arg-to-int >===
06:36:19 INFO ===< ClangPass::reduce-class-template-param >===
06:36:19 INFO ===< ClangPass::remove-trivial-base-template >===
06:36:19 INFO ===< ClangPass::class-template-to-class >===
06:36:19 INFO ===< ClangPass::merge-base-class >===
06:36:19 INFO ===< ClangPass::remove-base-class >===
06:36:19 INFO ===< ClangPass::replace-derived-class >===
06:36:19 INFO ===< ClangPass::remove-unresolved-base >===
06:36:19 INFO ===< ClangPass::remove-ctor-initializer >===
06:36:20 INFO ===< ClangPass::replace-class-with-base-template-spec >===
06:36:20 INFO ===< ClangPass::simplify-nested-class >===
06:36:36 INFO (98.2%, 3054 bytes, 102 lines)
06:36:47 INFO (98.2%, 3041 bytes, 101 lines)
06:36:47 INFO ===< ClangPass::remove-unused-outer-class >===
06:37:02 INFO (98.2%, 3031 bytes, 100 lines)
06:37:14 INFO (98.2%, 3019 bytes, 99 lines)
06:37:14 INFO ===< ClangPass::empty-struct-to-int >===
06:37:33 INFO (98.2%, 3018 bytes, 99 lines)
06:37:55 INFO (98.2%, 3017 bytes, 99 lines)
06:38:22 INFO (98.2%, 3016 bytes, 99 lines)
06:38:44 INFO (98.2%, 3015 bytes, 99 lines)
06:39:05 INFO (98.2%, 3014 bytes, 99 lines)
06:39:20 INFO (98.2%, 3013 bytes, 99 lines)
06:39:30 INFO (98.2%, 3012 bytes, 99 lines)
06:39:43 INFO (98.2%, 3011 bytes, 99 lines)
06:39:43 INFO ===< ClangPass::remove-pointer >===
06:39:43 INFO ===< ClangPass::reduce-pointer-pairs >===
06:39:43 INFO ===< ClangPass::remove-array >===
06:39:43 INFO ===< ClangPass::remove-addr-taken >===
06:39:43 INFO ===< ClangPass::simplify-struct >===
06:39:44 INFO ===< ClangPass::replace-undefined-function >===
06:39:44 INFO ===< ClangPass::replace-array-index-var >===
06:39:44 INFO ===< ClangPass::replace-array-access-with-index >===
06:39:44 INFO ===< ClangPass::replace-dependent-name >===
06:39:44 INFO ===< ClangPass::simplify-recursive-template-instantiation >===
06:39:44 INFO ===< ClangPass::vector-to-array >===
06:39:44 INFO ===< ClangPass::remove-try-catch >===
06:39:44 INFO ===< ClangPass::class-to-struct >===
06:39:53 INFO ===< ClangPass::member-to-global >===
06:39:59 INFO ===< LinesPass::0 >===
06:40:31 INFO (98.3%, 2955 bytes, 96 lines)
06:40:48 INFO (98.3%, 2900 bytes, 93 lines)
06:41:14 INFO ===< LinesPass::1 >===
06:41:17 INFO ===< LinesPass::2 >===
06:41:17 INFO ===< LinesPass::3 >===
06:41:17 INFO ===< LinesPass::4 >===
06:41:17 INFO ===< LinesPass::6 >===
06:41:17 INFO ===< LinesPass::8 >===
06:41:17 INFO ===< LinesPass::10 >===
06:41:18 INFO ===< CommentsPass >===
06:41:18 INFO ===< SpecialPass::b >===
06:41:18 INFO ===< SpecialPass::c >===
06:41:18 INFO ===< IndentPass::regular >===
06:41:29 INFO ===< BalancedPass::parens-to-zero >===
06:42:14 INFO (98.3%, 2899 bytes, 93 lines)
06:42:30 INFO (98.3%, 2898 bytes, 93 lines)
06:43:05 INFO (98.3%, 2897 bytes, 93 lines)
06:43:19 INFO (98.3%, 2896 bytes, 93 lines)
06:48:21 INFO (98.3%, 2893 bytes, 93 lines)
06:48:44 INFO (98.3%, 2890 bytes, 93 lines)
06:49:13 INFO (98.3%, 2887 bytes, 93 lines)
07:19:27 INFO ===< ClexHintsPass::rm-toks-1-to-16 >===
07:40:54 INFO ===< ClexPass::rm-tok-pattern-4 >===
07:40:56 INFO ===< ClangPass::local-to-global >===
07:41:08 INFO ===< PeepPass::c >===
07:41:31 INFO (98.3%, 2886 bytes, 93 lines)
07:41:50 INFO (98.3%, 2885 bytes, 93 lines)
07:42:11 INFO (98.3%, 2884 bytes, 93 lines)
07:42:35 INFO (98.3%, 2883 bytes, 93 lines)
07:42:59 INFO (98.3%, 2882 bytes, 93 lines)
07:43:20 INFO (98.3%, 2881 bytes, 93 lines)
07:43:41 INFO (98.3%, 2880 bytes, 93 lines)
07:44:05 INFO (98.3%, 2879 bytes, 93 lines)
07:44:29 INFO (98.3%, 2878 bytes, 93 lines)
07:44:52 INFO (98.3%, 2877 bytes, 93 lines)
07:45:14 INFO (98.3%, 2876 bytes, 93 lines)
07:45:32 INFO (98.3%, 2875 bytes, 93 lines)
07:45:50 INFO (98.3%, 2874 bytes, 93 lines)
07:46:07 INFO (98.3%, 2873 bytes, 93 lines)
07:46:28 INFO (98.3%, 2872 bytes, 93 lines)
07:46:51 INFO (98.3%, 2871 bytes, 93 lines)
07:47:12 INFO (98.3%, 2870 bytes, 93 lines)
07:47:30 INFO (98.3%, 2869 bytes, 93 lines)
07:47:48 INFO (98.3%, 2868 bytes, 93 lines)
07:48:57 INFO ===< IntsPass::a >===
07:49:30 INFO ===< IntsPass::b >===
07:50:30 INFO (98.3%, 2867 bytes, 93 lines)
07:51:30 INFO (98.3%, 2866 bytes, 93 lines)
07:52:01 INFO ===< IntsPass::c >===
07:52:43 INFO (98.3%, 2865 bytes, 93 lines)
07:53:03 INFO (98.3%, 2865 bytes, 93 lines)
07:53:16 INFO (98.3%, 2864 bytes, 93 lines)
07:54:00 INFO (98.3%, 2864 bytes, 93 lines)
07:54:00 INFO ===< IntsPass::d >===
07:54:21 INFO (98.3%, 2862 bytes, 93 lines)
07:54:39 INFO (98.3%, 2861 bytes, 93 lines)
07:54:56 INFO (98.3%, 2860 bytes, 93 lines)
07:55:08 INFO (98.3%, 2859 bytes, 93 lines)
07:55:08 INFO ===< IntsPass::c >===
07:55:21 INFO ===< BalancedPass::parens-only >===
07:55:23 INFO ===< ClexPass::delete-string >===
07:55:24 INFO Termination check: size was 4372; now 2859
07:55:24 ERROR Skipping pass UnIfDefPass
07:55:24 INFO ===< ClexPass::define >===
07:55:24 INFO ===< IncludeIncludesPass >===
07:55:24 INFO ===< TernaryPass::b >===
07:55:24 INFO ===< TernaryPass::c >===
07:55:42 INFO ===< BalancedPass::curly >===
07:55:59 INFO ===< BalancedPass::curly2 >===
07:55:59 INFO ===< BalancedPass::curly3 >===
07:56:12 INFO ===< BalancedPass::parens >===
07:56:13 INFO ===< BalancedPass::angles >===
07:56:24 INFO ===< BalancedPass::square >===
07:56:41 INFO ===< BalancedPass::curly-inside >===
07:56:48 INFO ===< BalancedPass::parens-inside >===
07:56:50 INFO ===< BalancedPass::angles-inside >===
07:56:58 INFO ===< BalancedPass::square-inside >===
07:57:07 INFO ===< BalancedPass::curly-only >===
07:57:08 INFO ===< BalancedPass::angles-only >===
07:57:19 INFO ===< BalancedPass::square-only >===
07:57:19 INFO ===< ClangPass::remove-namespace >===
07:57:19 INFO ===< ClangPass::aggregate-to-scalar >===
07:57:20 INFO ===< ClangPass::param-to-global >===
07:57:21 INFO ===< ClangPass::param-to-local >===
07:57:22 INFO ===< ClangPass::remove-nested-function >===
07:57:22 INFO ===< ClangPass::union-to-struct >===
07:57:23 INFO ===< ClangPass::return-void >===
07:57:24 INFO ===< ClangPass::simple-inliner >===
07:57:27 INFO ===< ClangPass::reduce-pointer-level >===
07:57:27 INFO ===< ClangPass::lift-assignment-expr >===
07:57:27 INFO ===< ClangPass::copy-propagation >===
07:57:29 INFO ===< ClangHintsPass::callexpr-to-value >===
07:57:29 INFO ===< ClangPass::replace-callexpr >===
07:57:31 INFO ===< ClangPass::simplify-callexpr >===
07:57:31 INFO ===< ClangHintsPass::remove-unused-function >===
07:57:31 INFO using C++ standard: c++2b with 0 transformation opportunities
07:57:32 INFO ===< ClangBinarySearchPass::remove-unused-enum-member >===
07:57:32 INFO ===< ClangPass::remove-enum-member-value >===
07:57:32 INFO using C++ standard: c++2b with 4 transformation opportunities
07:57:33 INFO ===< ClangBinarySearchPass::remove-unused-var >===
07:57:33 INFO ===< ClangPass::simplify-if >===
07:57:33 INFO ===< ClangPass::reduce-array-dim >===
07:57:33 INFO ===< ClangPass::reduce-array-size >===
07:57:34 INFO ===< ClangPass::move-definition-to-declaration >===
07:57:34 INFO ===< ClangPass::simplify-comma-expr >===
07:57:34 INFO ===< ClangPass::simplify-dependent-typedef >===
07:57:34 INFO ===< ClangPass::replace-simple-typedef >===
07:57:34 INFO ===< ClangHintsPass::replace-dependent-typedef >===
07:57:34 INFO ===< ClangPass::replace-one-level-typedef-type >===
07:57:58 INFO (98.3%, 2837 bytes, 91 lines)
07:58:24 INFO (98.3%, 2811 bytes, 89 lines)
07:58:49 INFO (98.4%, 2774 bytes, 87 lines)
07:59:12 INFO (98.4%, 2746 bytes, 85 lines)
07:59:29 INFO (98.4%, 2698 bytes, 83 lines)
07:59:42 INFO (98.4%, 2667 bytes, 81 lines)
07:59:43 INFO ===< ClangPass::remove-unused-field >===
07:59:43 INFO ===< ClangPass::instantiate-template-type-param-to-int >===
07:59:43 INFO ===< ClangPass::instantiate-template-param >===
07:59:44 INFO ===< ClangPass::template-arg-to-int >===
07:59:44 INFO ===< ClangPass::template-non-type-arg-to-int >===
07:59:44 INFO ===< ClangPass::reduce-class-template-param >===
07:59:44 INFO ===< ClangPass::remove-trivial-base-template >===
07:59:44 INFO ===< ClangPass::class-template-to-class >===
07:59:44 INFO ===< ClangPass::merge-base-class >===
07:59:44 INFO ===< ClangPass::remove-base-class >===
07:59:45 INFO ===< ClangPass::replace-derived-class >===
07:59:45 INFO ===< ClangPass::remove-unresolved-base >===
07:59:45 INFO ===< ClangPass::remove-ctor-initializer >===
07:59:45 INFO ===< ClangPass::replace-class-with-base-template-spec >===
07:59:45 INFO ===< ClangPass::simplify-nested-class >===
07:59:45 INFO ===< ClangPass::remove-unused-outer-class >===
07:59:47 INFO ===< ClangPass::empty-struct-to-int >===
07:59:47 INFO ===< ClangPass::remove-pointer >===
07:59:47 INFO ===< ClangPass::reduce-pointer-pairs >===
07:59:48 INFO ===< ClangPass::remove-array >===
07:59:48 INFO ===< ClangPass::remove-addr-taken >===
07:59:48 INFO ===< ClangPass::simplify-struct >===
07:59:48 INFO ===< ClangPass::replace-undefined-function >===
07:59:48 INFO ===< ClangPass::replace-array-index-var >===
07:59:48 INFO ===< ClangPass::replace-array-access-with-index >===
07:59:48 INFO ===< ClangPass::replace-dependent-name >===
07:59:48 INFO ===< ClangPass::simplify-recursive-template-instantiation >===
07:59:48 INFO ===< ClangPass::vector-to-array >===
07:59:49 INFO ===< ClangPass::remove-try-catch >===
07:59:49 INFO ===< ClangPass::class-to-struct >===
07:59:54 INFO ===< ClangPass::member-to-global >===
08:00:00 INFO ===< LinesPass::0 >===
08:00:31 INFO ===< LinesPass::1 >===
08:00:33 INFO ===< LinesPass::2 >===
08:00:33 INFO ===< LinesPass::3 >===
08:00:33 INFO ===< LinesPass::4 >===
08:00:33 INFO ===< LinesPass::6 >===
08:00:33 INFO ===< LinesPass::8 >===
08:00:33 INFO ===< LinesPass::10 >===
08:00:34 INFO ===< CommentsPass >===
08:00:34 INFO ===< SpecialPass::b >===
08:00:34 INFO ===< SpecialPass::c >===
08:00:34 INFO ===< IndentPass::regular >===
08:00:46 INFO ===< BalancedPass::parens-to-zero >===
08:01:41 INFO (98.4%, 2666 bytes, 81 lines)
08:04:17 INFO (98.4%, 2664 bytes, 81 lines)
08:07:04 INFO (98.4%, 2660 bytes, 81 lines)
08:34:35 INFO ===< ClexHintsPass::rm-toks-1-to-16 >===
08:50:01 INFO ===< ClexPass::rm-tok-pattern-4 >===
08:50:03 INFO ===< ClangPass::local-to-global >===
08:50:16 INFO ===< PeepPass::c >===
08:50:32 INFO (98.4%, 2659 bytes, 81 lines)
08:50:48 INFO (98.4%, 2658 bytes, 81 lines)
08:51:04 INFO (98.4%, 2657 bytes, 81 lines)
08:51:15 INFO (98.4%, 2656 bytes, 81 lines)
08:51:26 INFO (98.4%, 2655 bytes, 81 lines)
08:51:37 INFO (98.4%, 2654 bytes, 81 lines)
08:51:49 INFO (98.4%, 2653 bytes, 81 lines)
08:52:00 INFO (98.4%, 2652 bytes, 81 lines)
08:52:11 INFO (98.4%, 2651 bytes, 81 lines)
08:52:17 INFO ===< IntsPass::a >===
08:52:17 INFO ===< IntsPass::b >===
08:52:17 INFO ===< IntsPass::c >===
08:52:17 INFO ===< IntsPass::d >===
08:52:17 INFO cache hit for HIPProg.hip
08:52:17 INFO ===< IntsPass::c >===
08:52:28 INFO ===< BalancedPass::parens-only >===
08:52:29 INFO ===< ClexPass::delete-string >===
08:52:30 INFO Termination check: size was 2859; now 2651
08:52:30 ERROR Skipping pass UnIfDefPass
08:52:30 INFO ===< ClexPass::define >===
08:52:31 INFO ===< IncludeIncludesPass >===
08:52:31 INFO ===< TernaryPass::b >===
08:52:31 INFO ===< TernaryPass::c >===
08:52:47 INFO ===< BalancedPass::curly >===
08:53:03 INFO ===< BalancedPass::curly2 >===
08:53:03 INFO ===< BalancedPass::curly3 >===
08:53:14 INFO ===< BalancedPass::parens >===
08:53:15 INFO ===< BalancedPass::angles >===
08:53:28 INFO (98.4%, 2642 bytes, 81 lines)
08:53:30 INFO ===< BalancedPass::square >===
08:53:46 INFO ===< BalancedPass::curly-inside >===
08:53:51 INFO ===< BalancedPass::parens-inside >===
08:53:53 INFO ===< BalancedPass::angles-inside >===
08:53:57 INFO ===< BalancedPass::square-inside >===
08:54:03 INFO ===< BalancedPass::curly-only >===
08:54:04 INFO ===< BalancedPass::angles-only >===
08:54:09 INFO ===< BalancedPass::square-only >===
08:54:09 INFO ===< ClangPass::remove-namespace >===
08:54:09 INFO ===< ClangPass::aggregate-to-scalar >===
08:54:09 INFO ===< ClangPass::param-to-global >===
08:54:11 INFO ===< ClangPass::param-to-local >===
08:54:11 INFO ===< ClangPass::remove-nested-function >===
08:54:11 INFO ===< ClangPass::union-to-struct >===
08:54:12 INFO ===< ClangPass::return-void >===
08:54:13 INFO ===< ClangPass::simple-inliner >===
08:54:14 INFO ===< ClangPass::reduce-pointer-level >===
08:54:14 INFO ===< ClangPass::lift-assignment-expr >===
08:54:14 INFO ===< ClangPass::copy-propagation >===
08:54:16 INFO ===< ClangHintsPass::callexpr-to-value >===
08:54:16 INFO ===< ClangPass::replace-callexpr >===
08:54:18 INFO ===< ClangPass::simplify-callexpr >===
08:54:18 INFO ===< ClangHintsPass::remove-unused-function >===
08:54:17 INFO using C++ standard: c++2b with 0 transformation opportunities
08:54:18 INFO ===< ClangBinarySearchPass::remove-unused-enum-member >===
08:54:18 INFO ===< ClangPass::remove-enum-member-value >===
08:54:18 INFO using C++ standard: c++2b with 4 transformation opportunities
08:54:19 INFO ===< ClangBinarySearchPass::remove-unused-var >===
08:54:19 INFO ===< ClangPass::simplify-if >===
08:54:20 INFO ===< ClangPass::reduce-array-dim >===
08:54:20 INFO ===< ClangPass::reduce-array-size >===
08:54:20 INFO ===< ClangPass::move-definition-to-declaration >===
08:54:20 INFO ===< ClangPass::simplify-comma-expr >===
08:54:20 INFO ===< ClangPass::simplify-dependent-typedef >===
08:54:20 INFO ===< ClangPass::replace-simple-typedef >===
08:54:20 INFO ===< ClangHintsPass::replace-dependent-typedef >===
08:54:20 INFO ===< ClangPass::replace-one-level-typedef-type >===
08:54:36 INFO (98.4%, 2628 bytes, 79 lines)
08:54:47 INFO (98.5%, 2600 bytes, 77 lines)
08:54:49 INFO ===< ClangPass::remove-unused-field >===
08:54:49 INFO ===< ClangPass::instantiate-template-type-param-to-int >===
08:54:49 INFO ===< ClangPass::instantiate-template-param >===
08:54:49 INFO ===< ClangPass::template-arg-to-int >===
08:54:49 INFO ===< ClangPass::template-non-type-arg-to-int >===
08:54:49 INFO ===< ClangPass::reduce-class-template-param >===
08:54:50 INFO ===< ClangPass::remove-trivial-base-template >===
08:54:50 INFO ===< ClangPass::class-template-to-class >===
08:54:50 INFO ===< ClangPass::merge-base-class >===
08:54:50 INFO ===< ClangPass::remove-base-class >===
08:54:50 INFO ===< ClangPass::replace-derived-class >===
08:54:50 INFO ===< ClangPass::remove-unresolved-base >===
08:54:50 INFO ===< ClangPass::remove-ctor-initializer >===
08:54:50 INFO ===< ClangPass::replace-class-with-base-template-spec >===
08:54:50 INFO ===< ClangPass::simplify-nested-class >===
08:54:50 INFO ===< ClangPass::remove-unused-outer-class >===
08:54:52 INFO ===< ClangPass::empty-struct-to-int >===
08:54:52 INFO ===< ClangPass::remove-pointer >===
08:54:53 INFO ===< ClangPass::reduce-pointer-pairs >===
08:54:53 INFO ===< ClangPass::remove-array >===
08:54:53 INFO ===< ClangPass::remove-addr-taken >===
08:54:53 INFO ===< ClangPass::simplify-struct >===
08:54:53 INFO ===< ClangPass::replace-undefined-function >===
08:54:53 INFO ===< ClangPass::replace-array-index-var >===
08:54:53 INFO ===< ClangPass::replace-array-access-with-index >===
08:54:54 INFO ===< ClangPass::replace-dependent-name >===
08:54:54 INFO ===< ClangPass::simplify-recursive-template-instantiation >===
08:54:54 INFO ===< ClangPass::vector-to-array >===
08:54:54 INFO ===< ClangPass::remove-try-catch >===
08:54:54 INFO ===< ClangPass::class-to-struct >===
08:54:57 INFO ===< ClangPass::member-to-global >===
08:55:02 INFO ===< LinesPass::0 >===
08:55:29 INFO ===< LinesPass::1 >===
08:55:31 INFO ===< LinesPass::2 >===
08:55:31 INFO ===< LinesPass::3 >===
08:55:31 INFO ===< LinesPass::4 >===
08:55:31 INFO ===< LinesPass::6 >===
08:55:31 INFO ===< LinesPass::8 >===
08:55:31 INFO ===< LinesPass::10 >===
08:55:31 INFO ===< CommentsPass >===
08:55:31 INFO ===< SpecialPass::b >===
08:55:31 INFO ===< SpecialPass::c >===
08:55:31 INFO ===< IndentPass::regular >===
08:55:42 INFO ===< BalancedPass::parens-to-zero >===
09:17:52 INFO (98.5%, 2564 bytes, 76 lines)
09:22:25 INFO ===< ClexHintsPass::rm-toks-1-to-16 >===
09:29:29 INFO (98.5%, 2559 bytes, 76 lines)
09:35:42 INFO ===< ClexPass::rm-tok-pattern-4 >===
09:35:44 INFO ===< ClangPass::local-to-global >===
09:35:57 INFO ===< PeepPass::c >===
09:36:02 INFO ===< IntsPass::a >===
09:36:03 INFO ===< IntsPass::b >===
09:36:03 INFO ===< IntsPass::c >===
09:36:03 INFO ===< IntsPass::d >===
09:36:03 INFO cache hit for HIPProg.hip
09:36:03 INFO ===< IntsPass::c >===
09:36:11 INFO ===< BalancedPass::parens-only >===
09:36:13 INFO ===< ClexPass::delete-string >===
09:36:14 INFO Termination check: size was 2651; now 2559
09:36:14 ERROR Skipping pass UnIfDefPass
09:36:14 INFO ===< ClexPass::define >===
09:36:14 INFO ===< IncludeIncludesPass >===
09:36:14 INFO ===< TernaryPass::b >===
09:36:14 INFO ===< TernaryPass::c >===
09:36:31 INFO ===< BalancedPass::curly >===
09:36:48 INFO ===< BalancedPass::curly2 >===
09:36:48 INFO ===< BalancedPass::curly3 >===
09:36:57 INFO ===< BalancedPass::parens >===
09:36:59 INFO ===< BalancedPass::angles >===
09:37:03 INFO ===< BalancedPass::square >===
09:37:19 INFO ===< BalancedPass::curly-inside >===
09:37:24 INFO ===< BalancedPass::parens-inside >===
09:37:25 INFO ===< BalancedPass::angles-inside >===
09:37:29 INFO ===< BalancedPass::square-inside >===
09:37:36 INFO ===< BalancedPass::curly-only >===
09:37:37 INFO ===< BalancedPass::angles-only >===
09:37:41 INFO ===< BalancedPass::square-only >===
09:37:42 INFO ===< ClangPass::remove-namespace >===
09:37:42 INFO ===< ClangPass::aggregate-to-scalar >===
09:37:42 INFO ===< ClangPass::param-to-global >===
09:37:43 INFO ===< ClangPass::param-to-local >===
09:37:44 INFO ===< ClangPass::remove-nested-function >===
09:37:44 INFO ===< ClangPass::union-to-struct >===
09:37:45 INFO ===< ClangPass::return-void >===
09:37:45 INFO ===< ClangPass::simple-inliner >===
09:37:47 INFO ===< ClangPass::reduce-pointer-level >===
09:37:47 INFO ===< ClangPass::lift-assignment-expr >===
09:37:47 INFO ===< ClangPass::copy-propagation >===
09:37:49 INFO ===< ClangHintsPass::callexpr-to-value >===
09:37:49 INFO ===< ClangPass::replace-callexpr >===
09:37:50 INFO ===< ClangPass::simplify-callexpr >===
09:37:51 INFO ===< ClangHintsPass::remove-unused-function >===
09:37:50 INFO using C++ standard: c++2b with 0 transformation opportunities
09:37:51 INFO ===< ClangBinarySearchPass::remove-unused-enum-member >===
09:37:51 INFO ===< ClangPass::remove-enum-member-value >===
09:37:51 INFO using C++ standard: c++2b with 4 transformation opportunities
09:37:52 INFO ===< ClangBinarySearchPass::remove-unused-var >===
09:37:52 INFO ===< ClangPass::simplify-if >===
09:37:52 INFO ===< ClangPass::reduce-array-dim >===
09:37:52 INFO ===< ClangPass::reduce-array-size >===
09:37:52 INFO ===< ClangPass::move-definition-to-declaration >===
09:37:53 INFO ===< ClangPass::simplify-comma-expr >===
09:37:53 INFO ===< ClangPass::simplify-dependent-typedef >===
09:37:53 INFO ===< ClangPass::replace-simple-typedef >===
09:37:53 INFO ===< ClangHintsPass::replace-dependent-typedef >===
09:37:53 INFO ===< ClangPass::replace-one-level-typedef-type >===
09:37:56 INFO ===< ClangPass::remove-unused-field >===
09:37:56 INFO ===< ClangPass::instantiate-template-type-param-to-int >===
09:37:56 INFO ===< ClangPass::instantiate-template-param >===
09:37:56 INFO ===< ClangPass::template-arg-to-int >===
09:37:56 INFO ===< ClangPass::template-non-type-arg-to-int >===
09:37:57 INFO ===< ClangPass::reduce-class-template-param >===
09:37:57 INFO ===< ClangPass::remove-trivial-base-template >===
09:37:57 INFO ===< ClangPass::class-template-to-class >===
09:37:57 INFO ===< ClangPass::merge-base-class >===
09:37:57 INFO ===< ClangPass::remove-base-class >===
09:37:57 INFO ===< ClangPass::replace-derived-class >===
09:37:58 INFO ===< ClangPass::remove-unresolved-base >===
09:37:58 INFO ===< ClangPass::remove-ctor-initializer >===
09:37:58 INFO ===< ClangPass::replace-class-with-base-template-spec >===
09:37:58 INFO ===< ClangPass::simplify-nested-class >===
09:37:58 INFO ===< ClangPass::remove-unused-outer-class >===
09:38:00 INFO ===< ClangPass::empty-struct-to-int >===
09:38:00 INFO ===< ClangPass::remove-pointer >===
09:38:00 INFO ===< ClangPass::reduce-pointer-pairs >===
09:38:00 INFO ===< ClangPass::remove-array >===
09:38:00 INFO ===< ClangPass::remove-addr-taken >===
09:38:00 INFO ===< ClangPass::simplify-struct >===
09:38:00 INFO ===< ClangPass::replace-undefined-function >===
09:38:00 INFO ===< ClangPass::replace-array-index-var >===
09:38:00 INFO ===< ClangPass::replace-array-access-with-index >===
09:38:01 INFO ===< ClangPass::replace-dependent-name >===
09:38:01 INFO ===< ClangPass::simplify-recursive-template-instantiation >===
09:38:01 INFO ===< ClangPass::vector-to-array >===
09:38:01 INFO ===< ClangPass::remove-try-catch >===
09:38:01 INFO ===< ClangPass::class-to-struct >===
09:38:04 INFO ===< ClangPass::member-to-global >===
09:38:10 INFO ===< LinesPass::0 >===
09:38:38 INFO ===< LinesPass::1 >===
09:38:40 INFO ===< LinesPass::2 >===
09:38:40 INFO ===< LinesPass::3 >===
09:38:40 INFO ===< LinesPass::4 >===
09:38:40 INFO ===< LinesPass::6 >===
09:38:40 INFO ===< LinesPass::8 >===
09:38:40 INFO ===< LinesPass::10 >===
09:38:40 INFO ===< CommentsPass >===
09:38:40 INFO ===< SpecialPass::b >===
09:38:40 INFO ===< SpecialPass::c >===
09:38:40 INFO ===< IndentPass::regular >===
09:38:49 INFO ===< BalancedPass::parens-to-zero >===
10:03:21 INFO ===< ClexHintsPass::rm-toks-1-to-16 >===
10:16:32 INFO ===< ClexPass::rm-tok-pattern-4 >===
10:16:32 INFO cache hit for HIPProg.hip
10:16:32 INFO ===< ClangPass::local-to-global >===
10:16:32 INFO cache hit for HIPProg.hip
10:16:32 INFO ===< PeepPass::c >===
10:16:32 INFO cache hit for HIPProg.hip
10:16:32 INFO ===< IntsPass::a >===
10:16:32 INFO cache hit for HIPProg.hip
10:16:32 INFO ===< IntsPass::b >===
10:16:32 INFO cache hit for HIPProg.hip
10:16:32 INFO ===< IntsPass::c >===
10:16:32 INFO cache hit for HIPProg.hip
10:16:32 INFO ===< IntsPass::d >===
10:16:32 INFO cache hit for HIPProg.hip
10:16:32 INFO ===< IntsPass::c >===
10:16:32 INFO cache hit for HIPProg.hip
10:16:32 INFO ===< BalancedPass::parens-only >===
10:16:32 INFO cache hit for HIPProg.hip
10:16:32 INFO ===< ClexPass::delete-string >===
10:16:32 INFO cache hit for HIPProg.hip
10:16:32 INFO Termination check: size was 2559; now 2559
10:16:32 INFO CLEANUP PASSES
10:16:32 INFO ===< ClexPass::define >===
10:16:32 INFO ===< ClangPass::combine-global-var >===
10:16:34 INFO ===< ClangPass::combine-local-var >===
10:16:34 INFO ===< ClangPass::simplify-struct-union-decl >===
10:16:34 INFO ===< ClangPass::move-global-var >===
10:16:34 INFO ===< ClangPass::unify-function-decl >===
10:16:34 INFO cache hit for HIPProg.hip
10:16:34 INFO ===< LinesPass::0 >===
10:16:34 INFO cache hit for HIPProg.hip
10:16:34 INFO ===< ClexPass::delete-string >===
10:16:53 INFO (98.7%, 2270 bytes, 76 lines)
10:16:55 INFO ===< BlankPass >===
10:16:56 INFO ===< BlankPass >===
10:16:56 INFO ===================== done ====================
===< PASS statistics >===
  pass name                                                     bytes reduced time (s) time (%)   worked   failed  total executed
  BalancedPass::curly-inside                                            74597   298.84     0.81       22      366             388
  TreeSitterPass::remove-function                                       42059    38.56     0.10        4      156             160
  LinesPass::0                                                          16199   196.77     0.53        8      513             521
  LinesPass::4                                                          12610    36.16     0.10        4       25              29
  CommentsPass                                                           6736    53.01     0.14        9      273             282
  LinesPass::1                                                           5442  1064.66     2.88       33     2558            2591
  LinesPass::3                                                           1998    75.35     0.20       13       35              48
  ClangHintsPass::callexpr-to-value                                      1656   214.73     0.58       45      125             170
  ClangPass::remove-unused-field                                         1630   781.06     2.11       53      270             323
  LinesPass::None                                                        1062  1114.22     3.01       21     2820            2841
  BalancedPass::curly3                                                    970   145.99     0.39       11       22              33
  BalancedPass::parens-to-zero                                            565   305.39     0.83        8     1244            1252
  BlankPass                                                               442   103.32     0.28        9      138             147
  LinesPass::2                                                            335   346.90     0.94       10      807             817
  ClexHintsPass::rm-toks-1-to-4                                           296  3951.83    10.68       65    12295           12360
  BalancedPass::curly2                                                    235   474.42     1.28        3     1059            1062
  ClexHintsPass::rm-toks-5-to-8                                           147  3711.59    10.03       16    12183           12199
  ClexHintsPass::rm-toks-1-to-16                                           56  7303.16    19.73       11    37664           37675
  BalancedPass::parens-only                                                50   299.55     0.81       30     1012            1042
  BalancedPass::square                                                     49   188.58     0.51        9      473             482
  IntsPass::a                                                              28   403.16     1.09       28      211             239
  ClangPass::remove-unused-outer-class                                     26     9.57     0.03        2       22              24
  ClangPass::empty-struct-to-int                                           22    14.94     0.04        2       25              27
  ClangPass::remove-pointer                                                 8    91.30     0.25        8       41              49
  IntsPass::c                                                               7   165.89     0.45        6       39              45
  ClexPass::rm-tok-pattern-4                                                5  3781.79    10.22        1    18731           18732
  BalancedPass::square-only                                                 4   275.30     0.74        9      735             744
  BalancedPass::curly                                                       4   465.16     1.26        2     1062            1064
  IntsPass::d                                                               2    80.58     0.22        4       20              24
  BalancedPass::curly-only                                                  2   389.01     1.05       10      982             992
  ClangPass::reduce-pointer-level                                           1    28.33     0.08        1       67              68
  InlineIncludesPass                                                        0     0.00     0.00        0        0               0
  RmUnusedFilesPass                                                         0     0.00     0.00        0        0               0
  SpecialPass::c                                                            0     0.03     0.00        0        0               0
  IndentPass::final                                                         0     0.03     0.00        0        1               1
  SpecialPass::b                                                            0     0.04     0.00        0        0               0
  LineMarkersPass                                                           0     0.05     0.00        0        0               0
  ClangPass::combine-global-var                                             0     0.06     0.00        0        4               4
  LinesPass::10                                                             0     0.06     0.00        0        0               0
  ClangPass::unify-function-decl                                            0     0.08     0.00        0        4               4
  ClangPass::simplify-struct-union-decl                                     0     0.09     0.00        0        4               4
  ClangPass::move-global-var                                                0     0.09     0.00        0        4               4
  TernaryPass::b                                                            0     0.09     0.00        0        0               0
  TernaryPass::c                                                            0     0.09     0.00        0        0               0
  ClangModuleMapPass                                                        0     0.10     0.00        0        0               0
  IncludeIncludesPass                                                       0     0.10     0.00        0       16              16
  TreeSitterPass::erase-namespace                                           0     0.11     0.00        0        0               0
  MakefilePass                                                              0     0.11     0.00        0        0               0
  IndentPass::regular                                                       0     0.13     0.00        0        4               4
  ClangPass::move-definition-to-declaration                                 0     0.27     0.00        0       16              16
  ClangPass::remove-base-class                                              0     0.27     0.00        0       16              16
  ClangPass::replace-dependent-name                                         0     0.28     0.00        0       16              16
  ClangPass::simplify-dependent-typedef                                     0     0.28     0.00        0       16              16
  ClangPass::replace-array-index-var                                        0     0.28     0.00        0       16              16
  ClangPass::remove-array                                                   0     0.28     0.00        0       16              16
  ClangPass::class-template-to-class                                        0     0.28     0.00        0       16              16
  ClangPass::replace-class-with-base-template-spec                          0     0.29     0.00        0       16              16
  ClangPass::instantiate-template-type-param-to-int                         0     0.29     0.00        0       16              16
  ClangPass::vector-to-array                                                0     0.29     0.00        0       16              16
  ClangPass::remove-namespace                                               0     0.29     0.00        0       16              16
  ClangPass::class-to-struct                                                0     0.29     0.00        0       16              16
  ClangPass::reduce-class-template-param                                    0     0.30     0.00        0       16              16
  ClangPass::merge-base-class                                               0     0.30     0.00        0       16              16
  ClangPass::simplify-nested-class                                          0     0.30     0.00        0       16              16
  ClangPass::template-non-type-arg-to-int                                   0     0.30     0.00        0       16              16
  ClangPass::simplify-comma-expr                                            0     0.30     0.00        0       16              16
  ClangPass::replace-one-level-typedef-type                                 0     0.30     0.00        0       16              16
  ClangPass::remove-unresolved-base                                         0     0.30     0.00        0       16              16
  ClangPass::remove-trivial-base-template                                   0     0.30     0.00        0       16              16
  ClangPass::replace-simple-typedef                                         0     0.30     0.00        0       16              16
  ClangPass::simplify-recursive-template-instantiation                      0     0.30     0.00        0       16              16
  ClangPass::remove-try-catch                                               0     0.31     0.00        0       16              16
  ClangPass::copy-propagation                                               0     0.31     0.00        0       16              16
  ClangPass::reduce-pointer-pairs                                           0     0.31     0.00        0       16              16
  ClangPass::replace-derived-class                                          0     0.31     0.00        0       16              16
  ClangPass::reduce-array-size                                              0     0.31     0.00        0       16              16
  ClangPass::replace-undefined-function                                     0     0.31     0.00        0       16              16
  ClangPass::simplify-struct                                                0     0.31     0.00        0       16              16
  ClangPass::simple-inliner                                                 0     0.31     0.00        0       16              16
  ClangPass::replace-array-access-with-index                                0     0.31     0.00        0       16              16
  ClangPass::lift-assignment-expr                                           0     0.31     0.00        0       16              16
  ClangPass::reduce-array-dim                                               0     0.32     0.00        0       16              16
  ClangPass::remove-addr-taken                                              0     0.32     0.00        0       16              16
  ClangPass::remove-enum-member-value                                       0     0.33     0.00        0       20              20
  ClangHintsPass::remove-unused-function (30 T)                             0     0.34     0.00        0        1               1
  ClangHintsPass::replace-function-def-with-decl (30 T)                     0     0.34     0.00        0        3               3
  ClangPass::remove-ctor-initializer                                        0     0.36     0.00        0       16              16
  ClangPass::template-arg-to-int                                            0     0.44     0.00        0       16              16
  ClangPass::simplify-if                                                    0     0.44     0.00        0       16              16
  ClangPass::replace-callexpr                                               0     0.46     0.00        0       20              20
  ClangHintsPass::replace-dependent-typedef                                 0     0.47     0.00        0        0               0
  ClangPass::instantiate-template-param                                     0     0.51     0.00        0       16              16
  ClangPass::param-to-global                                                0     0.55     0.00        0       16              16
  ClangPass::combine-local-var                                              0     0.55     0.00        0        7               7
  IncludesPass                                                              0     0.62     0.00        0        4               4
  SpecialPass::a                                                            0     0.71     0.00        0        2               2
  ClangIncludeGraphPass                                                     0     0.89     0.00        0        0               0
  ClangPass::remove-nested-function                                         0     0.94     0.00        0       28              28
  ClexPass::delete-string                                                   0     1.19     0.00        0       12              12
  ClexPass::define                                                          0     1.19     0.00        0       12              12
  ClangBinarySearchPass::remove-unused-enum-member                          0     1.75     0.00        0        0               0
  ClangPass::return-void                                                    0     1.77     0.00        0       16              16
  ClangPass::param-to-local                                                 0     1.86     0.01        0       16              16
  ClangBinarySearchPass::remove-unused-var                                  0     3.50     0.01        0       39              39
  ClangPass::simplify-callexpr                                              0     4.38     0.01        0       75              75
  ClangPass::local-to-global                                                0     5.14     0.01        0       41              41
  LinesPass::8                                                              0     5.58     0.02        1        0               1
  IntsPass::b                                                               0     9.60     0.03        0       10              10
  LinesPass::6                                                              0    17.95     0.05        2       11              13
  ClangPass::member-to-global                                               0    19.78     0.05        0       49              49
  ClangHintsPass::remove-unused-function                                    0    26.73     0.07        2       23              25
  TreeSitterPass::replace-function-def-with-decl                            0    29.45     0.08        2       35              37
  PeepPass::c                                                               0    29.98     0.08        0     8106            8106
  ClangHintsPass::replace-function-def-with-decl                            0    30.51     0.08        4       68              72
  BalancedPass::angles-only                                                 0    33.50     0.09        0      114             114
  BalancedPass::angles-inside                                               0    34.04     0.09        0      118             118
  BalancedPass::angles                                                      0    35.03     0.09        0      124             124
  BalancedPass::parens-inside                                               0   150.57     0.41        0      889             889
  BalancedPass::parens                                                      0   215.51     0.58        0     1193            1193
  BalancedPass::square-inside                                               0   234.13     0.63        0      682             682
  ClexHintsPass::rm-toks-13-to-16                                           0  3507.74     9.48        0    12100           12100
  ClexHintsPass::rm-toks-9-to-12                                            0  3521.22     9.51        2    12144           12146
  ClangPass::union-to-struct                                               -2     9.50     0.03        2       22              24
  ClangPass::aggregate-to-scalar                                          -90    66.39     0.18        6       34              40
  Folding (merging transformations from other passes)                  164954  1236.71     3.34      302       42             344

Runtime: 37015 seconds
Reduced test-cases:

--- HIPProg.hip ---
#include <hip/hip_runtime.h>
#include "HIPSmith.h"
#define transparent_crc(X, Y, Z) transparent_crc_(&crc64_context, X, , )
struct S0 {
   int64_t  f3;
};
struct S2 {
   int32_t  f0;
};
struct S3 {
   int64_t  f1;
};
struct S7 {
    S0 g_95;
    S3 g_194;
    S2 g_363[9][3][9];
    uint64_t g_380;
    int64_t *g_1940;
};
__device__ int32_t  func_1(S7 * p_2202)
{
    int32_t *l_1953 = &p_2202->g_363[0][2][6].f0;
        int32_t l_2183 = 5;
        int32_t l_2192;
        uint64_t *l_2193 = &p_2202->g_380
         ;
        l_2192 = 2794583322, *l_2193 = (l_2192 |= *l_1953 != 0 ^ l_2183) | *p_2202->g_1940 ;
    return p_2202->g_95.f3;
}
__global__ void hipsmith_kernel(uint64_t *results) {
    S7 c_2203;
    S7* p_2202 = &c_2203;
    S7 c_2204 {
        2, 
        {}, 
        {}, 
        4073709551615, 
        &p_2202->g_194.f1};
    c_2203 = c_2204;
    func_1(p_2202);
    uint64_t crc64_context = 0xFFFFFFFFFFFFFFFFUL;
    transparent_crc(p_2202->g_380, , );
    int tid = threadIdx.x + blockIdx.x * blockDim.x;
    results[tid] = (crc64_context ^ 0xFFFFFFFFFFFFFFFFUL);
}
// ------------------------------------------------------------------
// Host Main
// ------------------------------------------------------------------
int main(int argc, const char* argv[]) {
    // Config
    const unsigned int num_threads = 4;
    const unsigned int block_size = 4;
    // Host Alloc
    std::vector<uint64_t> h_results(num_threads);
    const size_t results_bytes = sizeof(uint64_t) * h_results.size();
    // Device Alloc
    uint64_t *d_results;
    HIP_CHECK(hipMalloc((void**)&d_results, results_bytes));
    HIP_CHECK(hipMemset(d_results, 0, results_bytes));
    // Dimensions
    const dim3 block_dim(block_size);
    const dim3 grid_dim((num_threads + block_size - 1) / block_size);
    // Launch
    hipLaunchKernelGGL(hipsmith_kernel, grid_dim, block_dim, 0, 0, d_results);
    HIP_CHECK(hipGetLastError());
    HIP_CHECK(hipDeviceSynchronize());
    // Copy Back
    HIP_CHECK(hipMemcpy(h_results.data(), d_results, results_bytes, hipMemcpyDeviceToHost));
    // Free
    HIP_CHECK(hipFree(d_results));
    // Output
    for (size_t i = 0; i < h_results.size(); ++i) {
        printf("Thread %zu CRC: %lu\n", i, h_results[i]);
    }
    return 0;
}

