00:00:01 ERROR Prereqs not found for pass UnIfDefPass
00:00:01 ERROR Prereqs not found for pass IfPass
00:00:01 ERROR Prereqs not found for pass UnIfDefPass
00:00:16 INFO ===< 1125515 >===
00:00:16 INFO running 4 interestingness tests in parallel
00:00:16 INFO (0.0%, 232710 bytes, 2411 lines)
00:00:16 INFO INITIAL PASSES (interleaving)
00:00:16 INFO ===<  >===
00:10:01 INFO (61.7%, 89039 bytes, 1497 lines, via LinesPass::3 + LinesPass::2 + LinesPass::6 + CommentsPass + BalancedPass::curly3 + LinesPass::0 + LinesPass::4 + BlankPass + ClexHintsPass::rm-toks-1-to-4)
00:20:26 INFO (72.4%, 64139 bytes, 1381 lines, via BalancedPass::curly-inside + BalancedPass::curly3 + LinesPass::2 + ClangHintsPass::callexpr-to-value + LinesPass::3 + CommentsPass + BlankPass)
00:29:16 INFO (80.5%, 45479 bytes, 1098 lines, via BalancedPass::curly2 + LinesPass::1 + BalancedPass::curly3 + LinesPass::4 + BalancedPass::parens-to-zero + LinesPass::3 + LinesPass::0 + BlankPass)
00:37:55 INFO (85.0%, 34906 bytes, 969 lines, via LinesPass::3 + LinesPass::None + LinesPass::2 + BalancedPass::parens-to-zero + LinesPass::4 + LinesPass::1 + BalancedPass::curly-inside + BalancedPass::square + BalancedPass::curly-only + ClexHintsPass::rm-toks-1-to-4)
00:45:32 INFO (86.8%, 30655 bytes, 931 lines, via LinesPass::4 + LinesPass::2 + ClangHintsPass::callexpr-to-value + BalancedPass::parens-to-zero + BalancedPass::curly-inside + LinesPass::3 + BalancedPass::square + BalancedPass::curly-only + ClexHintsPass::rm-toks-1-to-4)
00:54:58 INFO (89.1%, 25368 bytes, 812 lines, via BalancedPass::curly2 + BalancedPass::curly-inside + LinesPass::None + ClangHintsPass::callexpr-to-value + BalancedPass::parens-to-zero + LinesPass::1 + LinesPass::2 + LinesPass::3 + ClexHintsPass::rm-toks-1-to-4)
01:02:33 INFO (90.8%, 21371 bytes, 687 lines, via BalancedPass::curly-inside + LinesPass::None + BalancedPass::curly2 + LinesPass::3 + BalancedPass::square + BalancedPass::curly-only + BalancedPass::curly)
01:09:13 INFO (91.1%, 20788 bytes, 684 lines, via BalancedPass::parens-to-zero + BlankPass + BalancedPass::curly + BalancedPass::curly2)
01:15:30 INFO (91.2%, 20447 bytes, 676 lines, via LinesPass::1 + BalancedPass::parens-to-zero + BalancedPass::square + ClexHintsPass::rm-toks-1-to-4 + BalancedPass::curly-only)
01:22:29 INFO (91.7%, 19217 bytes, 642 lines, via LinesPass::1 + BalancedPass::parens-to-zero + BalancedPass::parens-only + BlankPass + BalancedPass::square + ClexHintsPass::rm-toks-1-to-4 + BalancedPass::curly-only)
01:27:27 INFO (91.9%, 18842 bytes, 631 lines, via LinesPass::1 + LinesPass::2 + BalancedPass::parens-to-zero + BalancedPass::parens-only)
01:34:28 INFO (92.0%, 18514 bytes, 624 lines, via LinesPass::None + BalancedPass::parens-to-zero + BalancedPass::curly-inside + LinesPass::2 + BalancedPass::parens-only + BlankPass)
01:43:27 INFO (92.3%, 17832 bytes, 600 lines, via LinesPass::None + BalancedPass::parens-to-zero + BalancedPass::parens-only + ClexHintsPass::rm-toks-1-to-4)
01:50:17 INFO (92.6%, 17327 bytes, 590 lines, via LinesPass::1 + BalancedPass::parens-to-zero + BalancedPass::parens-only + BalancedPass::curly-only + BalancedPass::curly2)
01:56:00 INFO (92.9%, 16532 bytes, 561 lines, via LinesPass::1 + LinesPass::None + ClexHintsPass::rm-toks-1-to-4 + BalancedPass::parens-only)
02:00:10 INFO (92.9%, 16447 bytes, 555 lines, via LinesPass::1 + BalancedPass::square + ClexHintsPass::rm-toks-1-to-4)
02:03:22 INFO (92.9%, 16437 bytes, 555 lines, via BalancedPass::square)
02:07:15 INFO (93.1%, 16085 bytes, 543 lines, via LinesPass::None + ClexHintsPass::rm-toks-1-to-4 + BalancedPass::square-only)
02:11:17 INFO (93.3%, 15594 bytes, 527 lines, via LinesPass::None)
02:15:59 INFO (93.3%, 15558 bytes, 527 lines, via BalancedPass::parens-to-zero + ClexHintsPass::rm-toks-1-to-4)
02:22:16 INFO (93.5%, 15080 bytes, 511 lines, via LinesPass::1 + BalancedPass::parens-to-zero + ClexHintsPass::rm-toks-1-to-4)
02:31:01 INFO (93.7%, 14732 bytes, 502 lines, via LinesPass::1 + BalancedPass::parens-to-zero + ClexHintsPass::rm-toks-1-to-4 + BalancedPass::square + BalancedPass::parens-only)
02:34:21 INFO (93.7%, 14711 bytes, 501 lines, via BalancedPass::parens-only + LinesPass::1)
02:38:10 INFO (93.7%, 14699 bytes, 501 lines, via ClexHintsPass::rm-toks-1-to-4)
02:41:43 INFO (93.7%, 14694 bytes, 499 lines, via ClexHintsPass::rm-toks-1-to-4 + BalancedPass::curly-only)
02:44:51 INFO (93.7%, 14689 bytes, 499 lines, via ClexHintsPass::rm-toks-5-to-8)
02:49:56 INFO (93.8%, 14397 bytes, 489 lines, via LinesPass::1 + LinesPass::None + BlankPass + ClexHintsPass::rm-toks-1-to-4)
02:55:11 INFO (94.0%, 13948 bytes, 474 lines, via LinesPass::3 + LinesPass::None + ClexHintsPass::rm-toks-1-to-4)
03:00:09 INFO (94.1%, 13776 bytes, 471 lines, via LinesPass::None + ClexHintsPass::rm-toks-1-to-4 + BalancedPass::square)
03:04:08 INFO (94.1%, 13723 bytes, 471 lines, via ClexHintsPass::rm-toks-1-to-4 + BalancedPass::parens-only)
03:07:57 INFO (94.2%, 13594 bytes, 469 lines, via LinesPass::3 + ClexHintsPass::rm-toks-1-to-4)
03:11:48 INFO (94.2%, 13531 bytes, 468 lines, via ClexHintsPass::rm-toks-1-to-4 + LinesPass::1)
03:16:39 INFO (94.3%, 13289 bytes, 460 lines, via LinesPass::1 + LinesPass::None)
03:20:09 INFO (94.3%, 13283 bytes, 460 lines, via ClexHintsPass::rm-toks-1-to-4)
03:24:04 INFO (94.3%, 13243 bytes, 460 lines, via ClexHintsPass::rm-toks-1-to-4 + ClexHintsPass::rm-toks-5-to-8)
03:28:45 INFO (94.3%, 13208 bytes, 460 lines, via ClexHintsPass::rm-toks-1-to-4)
03:32:07 INFO (94.3%, 13187 bytes, 460 lines, via ClexHintsPass::rm-toks-1-to-4)
03:34:58 INFO (94.4%, 13133 bytes, 460 lines, via ClexHintsPass::rm-toks-1-to-4)
03:38:50 INFO (94.4%, 13093 bytes, 460 lines, via ClexHintsPass::rm-toks-9-to-12)
03:45:26 INFO (94.4%, 13078 bytes, 460 lines, via ClexHintsPass::rm-toks-1-to-4)
03:49:15 INFO (94.4%, 12966 bytes, 457 lines, via ClexHintsPass::rm-toks-1-to-4 + LinesPass::None)
03:53:35 INFO (94.4%, 12939 bytes, 457 lines, via ClexHintsPass::rm-toks-1-to-4 + BalancedPass::parens-only)
03:57:27 INFO (94.5%, 12905 bytes, 457 lines, via ClexHintsPass::rm-toks-1-to-4 + BalancedPass::parens-only)
04:00:54 INFO (94.5%, 12725 bytes, 455 lines, via ClexHintsPass::rm-toks-9-to-12 + ClexHintsPass::rm-toks-13-to-16 + LinesPass::1 + ClexHintsPass::rm-toks-1-to-4)
04:04:04 INFO (94.6%, 12607 bytes, 454 lines, via ClexHintsPass::rm-toks-9-to-12 + ClexHintsPass::rm-toks-5-to-8 + ClexHintsPass::rm-toks-1-to-4)
04:08:35 INFO (94.6%, 12578 bytes, 454 lines, via ClexHintsPass::rm-toks-1-to-4)
04:13:18 INFO (94.7%, 12320 bytes, 453 lines, via ClexHintsPass::rm-toks-1-to-4 + LinesPass::None + ClexHintsPass::rm-toks-5-to-8)
04:17:01 INFO (94.8%, 12183 bytes, 450 lines, via LinesPass::None + BalancedPass::parens-only + ClexHintsPass::rm-toks-5-to-8)
04:21:19 INFO (94.8%, 12169 bytes, 450 lines, via BalancedPass::parens-only + ClexHintsPass::rm-toks-1-to-4)
04:24:19 INFO (94.8%, 12166 bytes, 450 lines, via BalancedPass::square)
04:27:36 INFO (94.8%, 12164 bytes, 448 lines, via BalancedPass::curly-only)
04:31:24 INFO (94.8%, 12153 bytes, 448 lines, via BlankPass)
04:34:46 INFO (94.8%, 12132 bytes, 447 lines, via LinesPass::1)
04:40:33 INFO (94.8%, 12131 bytes, 447 lines, via ClexHintsPass::rm-toks-1-to-4)
04:51:55 INFO (94.8%, 12124 bytes, 446 lines, via ClexHintsPass::rm-toks-1-to-4)
04:53:47 INFO (94.8%, 12094 bytes, 446 lines, via ClexHintsPass::rm-toks-1-to-4)
04:56:24 INFO (94.8%, 12078 bytes, 445 lines, via LinesPass::1)
05:09:52 INFO (94.8%, 12044 bytes, 445 lines, via ClexHintsPass::rm-toks-13-to-16)
05:30:37 INFO (94.8%, 11997 bytes, 445 lines, via ClexHintsPass::rm-toks-13-to-16)
05:34:08 INFO (94.8%, 11995 bytes, 445 lines, via ClexHintsPass::rm-toks-1-to-4)
05:37:21 INFO (94.9%, 11974 bytes, 445 lines, via ClexHintsPass::rm-toks-9-to-12)
05:44:29 INFO (94.9%, 11949 bytes, 445 lines, via ClexHintsPass::rm-toks-5-to-8)
05:47:37 INFO (94.9%, 11947 bytes, 445 lines, via BalancedPass::parens-only)
05:51:37 INFO (94.9%, 11920 bytes, 444 lines, via LinesPass::1)
05:55:26 INFO (94.9%, 11902 bytes, 444 lines, via ClexHintsPass::rm-toks-5-to-8)
05:58:37 INFO (94.9%, 11891 bytes, 444 lines, via ClexHintsPass::rm-toks-1-to-4)
06:06:43 INFO (94.9%, 11779 bytes, 444 lines, via ClexHintsPass::rm-toks-9-to-12)
06:10:35 INFO (94.9%, 11772 bytes, 444 lines, via ClexHintsPass::rm-toks-1-to-4)
06:13:25 INFO (94.9%, 11762 bytes, 444 lines, via ClexHintsPass::rm-toks-1-to-4 + BalancedPass::parens-only)
06:16:49 INFO (95.0%, 11712 bytes, 444 lines, via ClexHintsPass::rm-toks-9-to-12 + ClexHintsPass::rm-toks-5-to-8)
06:22:10 INFO (95.0%, 11614 bytes, 442 lines, via LinesPass::1 + ClexHintsPass::rm-toks-5-to-8 + ClexHintsPass::rm-toks-1-to-4)
06:25:36 INFO (95.1%, 11498 bytes, 439 lines, via LinesPass::2 + LinesPass::1)
06:28:37 INFO (95.1%, 11494 bytes, 439 lines, via ClexHintsPass::rm-toks-1-to-4)
06:33:59 INFO (95.1%, 11491 bytes, 439 lines, via BalancedPass::square)
06:46:55 INFO (95.1%, 11472 bytes, 438 lines, via LinesPass::1)
06:53:36 INFO (95.1%, 11469 bytes, 438 lines, via BalancedPass::square)
06:56:30 INFO (95.1%, 11463 bytes, 438 lines, via BalancedPass::square)
07:03:12 INFO (95.1%, 11460 bytes, 438 lines, via BalancedPass::square)
07:06:02 INFO (95.1%, 11456 bytes, 438 lines, via BalancedPass::square)
07:37:51 INFO (95.1%, 11406 bytes, 438 lines, via ClexHintsPass::rm-toks-13-to-16)
08:22:36 INFO (95.1%, 11390 bytes, 438 lines, via ClexHintsPass::rm-toks-1-to-4)
09:10:08 INFO INITIAL PASSES
09:10:08 ERROR Skipping pass UnIfDefPass
09:10:08 ERROR Skipping pass IfPass
09:10:08 INFO ===< BalancedPass::angles, BalancedPass::angles-inside, BalancedPass::angles-only, BalancedPass::curly, BalancedPass::curly-inside, BalancedPass::curly-only, BalancedPass::curly2, BalancedPass::curly3, BalancedPass::parens, BalancedPass::parens-inside, BalancedPass::parens-only, BalancedPass::parens-to-zero, BalancedPass::square, BalancedPass::square-inside, BalancedPass::square-only, BlankPass, ClangHintsPass::callexpr-to-value, ClangHintsPass::remove-unused-function, ClangHintsPass::replace-dependent-typedef, ClangHintsPass::replace-function-def-with-decl, ClangIncludeGraphPass, ClangModuleMapPass, ClexHintsPass::rm-toks-1-to-4, ClexHintsPass::rm-toks-13-to-16, ClexHintsPass::rm-toks-5-to-8, ClexHintsPass::rm-toks-9-to-12, CommentsPass, InlineIncludesPass, LineMarkersPass, LinesPass::0, LinesPass::1, LinesPass::10, LinesPass::2, LinesPass::3, LinesPass::4, LinesPass::6, LinesPass::8, LinesPass::None, MakefilePass, RmUnusedFilesPass, TreeSitterPass::erase-namespace, TreeSitterPass::remove-function, TreeSitterPass::replace-function-def-with-decl >===
09:10:09 INFO ===< IncludesPass >===
09:10:10 INFO ===< CommentsPass >===
09:10:10 INFO ===< LineMarkersPass >===
09:10:12 INFO ===< BlankPass >===
09:10:13 INFO ===< ClangHintsPass::replace-function-def-with-decl (30 T) >===
09:10:15 INFO ===< ClangHintsPass::remove-unused-function (30 T) >===
09:10:15 INFO cache hit for HIPProg.hip
09:10:15 INFO ===< ClangHintsPass::replace-function-def-with-decl (30 T) >===
09:10:15 INFO cache hit for HIPProg.hip
09:10:15 INFO ===< ClangHintsPass::remove-unused-function (30 T) >===
09:10:16 INFO ===< ClangHintsPass::replace-function-def-with-decl >===
09:10:18 INFO ===< ClangHintsPass::remove-unused-function >===
09:10:31 INFO ===< LinesPass::0 >===
09:13:14 INFO ===< LinesPass::1 >===
09:13:29 INFO ===< LinesPass::2 >===
09:13:29 INFO ===< LinesPass::3 >===
09:13:29 INFO ===< LinesPass::4 >===
09:13:29 INFO ===< LinesPass::6 >===
09:13:29 INFO ===< LinesPass::8 >===
09:13:29 INFO ===< LinesPass::10 >===
09:13:29 INFO cache hit for HIPProg.hip
09:13:29 INFO ===< ClangHintsPass::replace-function-def-with-decl >===
09:13:29 INFO cache hit for HIPProg.hip
09:13:29 INFO ===< ClangHintsPass::remove-unused-function >===
09:13:29 INFO cache hit for HIPProg.hip
09:13:29 INFO ===< ClangHintsPass::remove-unused-function >===
09:13:56 INFO ===< BalancedPass::curly >===
09:14:23 INFO ===< BalancedPass::curly2 >===
09:14:36 INFO ===< BalancedPass::curly3 >===
09:15:00 INFO ===< BalancedPass::parens-to-zero >===
09:15:01 INFO ===< ClangHintsPass::callexpr-to-value >===
09:15:01 INFO ===< ClangPass::replace-callexpr >===
09:15:03 INFO ===< ClangPass::simplify-callexpr >===
09:15:02 INFO using C++ standard: c++2b with 0 transformation opportunities
09:15:03 INFO ===< ClangBinarySearchPass::remove-unused-enum-member >===
09:15:03 INFO ===< ClangPass::remove-enum-member-value >===
09:15:02 INFO using C++ standard: c++2b with 23 transformation opportunities
09:15:13 INFO ===< ClangBinarySearchPass::remove-unused-var >===
09:15:15 INFO ===< SpecialPass::a >===
09:15:15 INFO ===< SpecialPass::b >===
09:15:15 INFO INTERLEAVING PASSES
09:15:15 INFO ===< SpecialPass::c >===
09:47:00 INFO (95.1%, 11384 bytes, 438 lines, via ClexHintsPass::rm-toks-1-to-4)
10:07:09 INFO (95.1%, 11378 bytes, 438 lines, via ClexHintsPass::rm-toks-1-to-4)
10:10:25 INFO (95.1%, 11360 bytes, 438 lines, via ClexHintsPass::rm-toks-1-to-4)
10:14:36 INFO (95.1%, 11332 bytes, 438 lines, via ClexHintsPass::rm-toks-1-to-4)
10:17:28 INFO (95.1%, 11325 bytes, 438 lines, via ClexHintsPass::rm-toks-1-to-4)
10:21:03 INFO (95.2%, 11274 bytes, 435 lines, via BalancedPass::curly-inside)
10:24:37 INFO (95.2%, 11229 bytes, 435 lines, via BalancedPass::parens-inside + ClexHintsPass::rm-toks-1-to-4)
10:28:05 INFO (95.2%, 11168 bytes, 432 lines, via LinesPass::0 + ClexHintsPass::rm-toks-1-to-4 + BalancedPass::parens-only)
10:31:43 INFO (95.2%, 11161 bytes, 432 lines, via ClexHintsPass::rm-toks-1-to-4)
10:35:01 INFO (95.2%, 11096 bytes, 430 lines, via BalancedPass::parens-to-zero + BalancedPass::curly2)
10:38:26 INFO Exiting now ...
00:00:00 ERROR Prereqs not found for pass UnIfDefPass
00:00:00 ERROR Prereqs not found for pass IfPass
00:00:00 ERROR Prereqs not found for pass UnIfDefPass
00:00:07 INFO ===< 1255792 >===
00:00:07 INFO running 4 interestingness tests in parallel
00:00:07 INFO (0.0%, 11096 bytes, 430 lines)
00:00:07 INFO INITIAL PASSES (interleaving)
00:00:07 INFO ===<  >===
00:03:00 INFO (0.7%, 11013 bytes, 428 lines, via TreeSitterPass::remove-function)
00:07:02 INFO (1.0%, 10981 bytes, 427 lines, via LinesPass::0 + BlankPass)
00:11:12 INFO (1.1%, 10977 bytes, 427 lines, via BalancedPass::parens-only)
00:14:30 INFO (1.3%, 10954 bytes, 427 lines, via ClexHintsPass::rm-toks-1-to-4)
01:01:44 INFO (1.3%, 10948 bytes, 427 lines, via ClexHintsPass::rm-toks-1-to-4)
01:04:55 INFO (1.4%, 10942 bytes, 427 lines, via ClexHintsPass::rm-toks-1-to-4)
01:08:49 INFO (1.9%, 10889 bytes, 425 lines, via TreeSitterPass::replace-function-def-with-decl + ClexHintsPass::rm-toks-1-to-4)
01:13:02 INFO (3.2%, 10746 bytes, 422 lines, via ClexHintsPass::rm-toks-9-to-12 + BalancedPass::curly2 + ClexHintsPass::rm-toks-1-to-4)
01:16:17 INFO (3.6%, 10700 bytes, 422 lines, via BalancedPass::parens-to-zero + BalancedPass::square)
01:19:08 INFO (4.4%, 10603 bytes, 419 lines, via LinesPass::None)
01:22:33 INFO (4.7%, 10572 bytes, 417 lines, via LinesPass::0 + BalancedPass::parens-only)
01:25:32 INFO (4.8%, 10564 bytes, 417 lines, via ClexHintsPass::rm-toks-1-to-4)
01:42:30 INFO (4.8%, 10561 bytes, 417 lines, via ClexHintsPass::rm-toks-1-to-4)
01:46:37 INFO (5.3%, 10509 bytes, 417 lines, via ClexHintsPass::rm-toks-1-to-4)
01:49:30 INFO (5.4%, 10500 bytes, 417 lines, via ClexHintsPass::rm-toks-1-to-4)
01:54:43 INFO (5.5%, 10491 bytes, 417 lines, via ClexHintsPass::rm-toks-1-to-4)
01:57:42 INFO (5.6%, 10478 bytes, 417 lines, via ClexHintsPass::rm-toks-1-to-4)
02:01:18 INFO (6.3%, 10398 bytes, 414 lines, via LinesPass::1)
02:06:22 INFO (6.4%, 10390 bytes, 414 lines, via ClexHintsPass::rm-toks-1-to-4)
02:12:44 INFO (6.6%, 10366 bytes, 413 lines, via LinesPass::None)
03:28:34 INFO (6.7%, 10350 bytes, 413 lines, via ClexHintsPass::rm-toks-1-to-4)
04:26:54 INFO INITIAL PASSES
04:26:54 ERROR Skipping pass UnIfDefPass
04:26:54 ERROR Skipping pass IfPass
04:26:54 INFO ===< BalancedPass::angles, BalancedPass::angles-inside, BalancedPass::angles-only, BalancedPass::curly, BalancedPass::curly-inside, BalancedPass::curly-only, BalancedPass::curly2, BalancedPass::curly3, BalancedPass::parens, BalancedPass::parens-inside, BalancedPass::parens-only, BalancedPass::parens-to-zero, BalancedPass::square, BalancedPass::square-inside, BalancedPass::square-only, BlankPass, ClangHintsPass::callexpr-to-value, ClangHintsPass::remove-unused-function, ClangHintsPass::replace-dependent-typedef, ClangHintsPass::replace-function-def-with-decl, ClangIncludeGraphPass, ClangModuleMapPass, ClexHintsPass::rm-toks-1-to-4, ClexHintsPass::rm-toks-13-to-16, ClexHintsPass::rm-toks-5-to-8, ClexHintsPass::rm-toks-9-to-12, CommentsPass, InlineIncludesPass, LineMarkersPass, LinesPass::0, LinesPass::1, LinesPass::10, LinesPass::2, LinesPass::3, LinesPass::4, LinesPass::6, LinesPass::8, LinesPass::None, MakefilePass, RmUnusedFilesPass, TreeSitterPass::erase-namespace, TreeSitterPass::remove-function, TreeSitterPass::replace-function-def-with-decl >===
04:26:55 INFO ===< IncludesPass >===
04:26:56 INFO ===< CommentsPass >===
04:26:56 INFO ===< LineMarkersPass >===
04:27:05 INFO ===< BlankPass >===
04:27:08 INFO ===< ClangHintsPass::replace-function-def-with-decl (30 T) >===
04:27:11 INFO ===< ClangHintsPass::remove-unused-function (30 T) >===
04:27:11 INFO cache hit for HIPProg.hip
04:27:11 INFO ===< ClangHintsPass::replace-function-def-with-decl (30 T) >===
04:27:11 INFO cache hit for HIPProg.hip
04:27:11 INFO ===< ClangHintsPass::remove-unused-function (30 T) >===
04:27:19 INFO ===< ClangHintsPass::replace-function-def-with-decl >===
04:27:21 INFO ===< ClangHintsPass::remove-unused-function >===
04:28:26 INFO ===< LinesPass::0 >===
04:30:49 INFO ===< LinesPass::1 >===
04:32:16 INFO ===< LinesPass::2 >===
04:32:16 INFO ===< LinesPass::3 >===
04:32:16 INFO ===< LinesPass::4 >===
04:32:16 INFO ===< LinesPass::6 >===
04:32:16 INFO ===< LinesPass::8 >===
04:32:16 INFO ===< LinesPass::10 >===
04:32:16 INFO cache hit for HIPProg.hip
04:32:16 INFO ===< ClangHintsPass::replace-function-def-with-decl >===
04:32:16 INFO cache hit for HIPProg.hip
04:32:16 INFO ===< ClangHintsPass::remove-unused-function >===
04:32:16 INFO cache hit for HIPProg.hip
04:32:16 INFO ===< ClangHintsPass::remove-unused-function >===
04:32:52 INFO ===< BalancedPass::curly >===
04:33:25 INFO ===< BalancedPass::curly2 >===
04:33:25 INFO ===< BalancedPass::curly3 >===
04:33:42 INFO ===< BalancedPass::parens-to-zero >===
04:33:43 INFO ===< ClangHintsPass::callexpr-to-value >===
04:33:43 INFO ===< ClangPass::replace-callexpr >===
04:33:44 INFO ===< ClangPass::simplify-callexpr >===
04:33:44 INFO using C++ standard: c++2b with 0 transformation opportunities
04:33:45 INFO ===< ClangBinarySearchPass::remove-unused-enum-member >===
04:33:45 INFO ===< ClangPass::remove-enum-member-value >===
04:33:45 INFO using C++ standard: c++2b with 16 transformation opportunities
04:33:55 INFO ===< ClangBinarySearchPass::remove-unused-var >===
04:33:56 INFO ===< SpecialPass::a >===
04:33:56 INFO ===< SpecialPass::b >===
04:33:56 INFO INTERLEAVING PASSES
04:33:56 INFO ===< SpecialPass::c >===
05:01:08 INFO (6.8%, 10346 bytes, 413 lines, via ClexHintsPass::rm-toks-1-to-4)
05:12:00 INFO (6.8%, 10342 bytes, 413 lines, via ClexHintsPass::rm-toks-1-to-4)
08:02:59 INFO Termination check: size was 10350; now 10342
08:02:59 INFO ===< BalancedPass::angles, BalancedPass::angles-inside, BalancedPass::angles-only, BalancedPass::curly, BalancedPass::curly-inside, BalancedPass::curly-only, BalancedPass::curly2, BalancedPass::curly3, BalancedPass::parens, BalancedPass::parens-inside, BalancedPass::parens-only, BalancedPass::parens-to-zero, BalancedPass::square, BalancedPass::square-inside, BalancedPass::square-only, BlankPass, ClangHintsPass::callexpr-to-value, ClangHintsPass::remove-unused-function, ClangHintsPass::replace-dependent-typedef, ClangHintsPass::replace-function-def-with-decl, ClangIncludeGraphPass, ClangModuleMapPass, ClexHintsPass::rm-toks-1-to-4, ClexHintsPass::rm-toks-13-to-16, ClexHintsPass::rm-toks-5-to-8, ClexHintsPass::rm-toks-9-to-12, CommentsPass, InlineIncludesPass, LineMarkersPass, LinesPass::0, LinesPass::1, LinesPass::10, LinesPass::2, LinesPass::3, LinesPass::4, LinesPass::6, LinesPass::8, LinesPass::None, MakefilePass, RmUnusedFilesPass, TreeSitterPass::erase-namespace, TreeSitterPass::remove-function, TreeSitterPass::replace-function-def-with-decl >===
11:18:28 INFO Termination check: size was 10342; now 10342
11:18:28 INFO MAIN PASSES
11:18:28 ERROR Skipping pass UnIfDefPass
11:18:28 INFO ===< BalancedPass::angles, BalancedPass::angles-inside, BalancedPass::angles-only, BalancedPass::curly, BalancedPass::curly-inside, BalancedPass::curly-only, BalancedPass::curly2, BalancedPass::curly3, BalancedPass::parens, BalancedPass::parens-inside, BalancedPass::parens-only, BalancedPass::parens-to-zero, BalancedPass::square, BalancedPass::square-inside, BalancedPass::square-only, BlankPass, ClangHintsPass::callexpr-to-value, ClangHintsPass::remove-unused-function, ClangHintsPass::replace-dependent-typedef, ClangHintsPass::replace-function-def-with-decl, ClangIncludeGraphPass, ClangModuleMapPass, ClexHintsPass::rm-toks-1-to-4, ClexHintsPass::rm-toks-13-to-16, ClexHintsPass::rm-toks-5-to-8, ClexHintsPass::rm-toks-9-to-12, CommentsPass, InlineIncludesPass, LineMarkersPass, LinesPass::0, LinesPass::1, LinesPass::10, LinesPass::2, LinesPass::3, LinesPass::4, LinesPass::6, LinesPass::8, LinesPass::None, MakefilePass, RmUnusedFilesPass, TreeSitterPass::erase-namespace, TreeSitterPass::remove-function, TreeSitterPass::replace-function-def-with-decl >===
11:18:28 INFO ===< IncludeIncludesPass >===
11:18:28 INFO ===< TernaryPass::b >===
11:18:28 INFO ===< TernaryPass::c >===
11:19:02 INFO ===< BalancedPass::curly >===
11:19:38 INFO ===< BalancedPass::curly2 >===
11:19:38 INFO ===< BalancedPass::curly3 >===
11:19:59 INFO ===< BalancedPass::parens >===
11:20:00 INFO ===< BalancedPass::angles >===
11:20:23 INFO ===< BalancedPass::square >===
11:21:04 INFO ===< BalancedPass::curly-inside >===
11:21:22 INFO ===< BalancedPass::parens-inside >===
11:21:22 INFO ===< BalancedPass::angles-inside >===
11:21:46 INFO ===< BalancedPass::square-inside >===
11:22:14 INFO ===< BalancedPass::curly-only >===
11:22:16 INFO ===< BalancedPass::angles-only >===
11:22:42 INFO ===< BalancedPass::square-only >===
11:22:43 INFO ===< ClangPass::remove-namespace >===
11:23:06 INFO (6.6%, 10361 bytes, 414 lines)
11:23:23 INFO (6.5%, 10376 bytes, 415 lines)
11:23:40 INFO (6.4%, 10385 bytes, 416 lines)
11:23:53 INFO (6.3%, 10401 bytes, 417 lines)
11:23:54 INFO ===< ClangPass::aggregate-to-scalar >===
11:23:54 INFO ===< ClangPass::param-to-global >===
11:23:55 INFO ===< ClangPass::param-to-local >===
11:23:55 INFO ===< ClangPass::remove-nested-function >===
11:24:03 INFO (6.3%, 10402 bytes, 417 lines)
11:24:04 INFO ===< ClangPass::union-to-struct >===
11:24:06 INFO ===< ClangPass::return-void >===
11:24:06 INFO ===< ClangPass::simple-inliner >===
11:24:37 INFO (6.3%, 10401 bytes, 417 lines)
11:24:39 INFO ===< ClangPass::reduce-pointer-level >===
11:24:39 INFO ===< ClangPass::lift-assignment-expr >===
11:24:39 INFO ===< ClangPass::copy-propagation >===
11:24:41 INFO ===< ClangHintsPass::callexpr-to-value >===
11:24:41 INFO ===< ClangPass::replace-callexpr >===
11:24:42 INFO ===< ClangPass::simplify-callexpr >===
11:24:43 INFO ===< ClangHintsPass::remove-unused-function >===
11:24:43 INFO using C++ standard: c++2b with 0 transformation opportunities
11:24:44 INFO ===< ClangBinarySearchPass::remove-unused-enum-member >===
11:24:44 INFO ===< ClangPass::remove-enum-member-value >===
11:24:44 INFO using C++ standard: c++2b with 16 transformation opportunities
11:24:53 INFO ===< ClangBinarySearchPass::remove-unused-var >===
11:24:53 INFO ===< ClangPass::simplify-if >===
11:24:53 INFO ===< ClangPass::reduce-array-dim >===
11:24:53 INFO ===< ClangPass::reduce-array-size >===
11:24:53 INFO ===< ClangPass::move-definition-to-declaration >===
11:24:53 INFO ===< ClangPass::simplify-comma-expr >===
11:24:53 INFO ===< ClangPass::simplify-dependent-typedef >===
11:24:53 INFO ===< ClangPass::replace-simple-typedef >===
11:24:53 INFO ===< ClangHintsPass::replace-dependent-typedef >===
11:24:53 INFO ===< ClangPass::replace-one-level-typedef-type >===
11:25:15 INFO (6.5%, 10373 bytes, 415 lines)
11:25:29 INFO (6.8%, 10345 bytes, 413 lines)
11:25:54 INFO (7.1%, 10310 bytes, 411 lines)
11:26:11 INFO (7.3%, 10283 bytes, 410 lines)
11:27:08 INFO ===< ClangPass::remove-unused-field >===
11:27:08 INFO ===< ClangPass::instantiate-template-type-param-to-int >===
11:27:08 INFO ===< ClangPass::instantiate-template-param >===
11:27:08 INFO ===< ClangPass::template-arg-to-int >===
11:27:08 INFO ===< ClangPass::template-non-type-arg-to-int >===
11:27:08 INFO ===< ClangPass::reduce-class-template-param >===
11:27:08 INFO ===< ClangPass::remove-trivial-base-template >===
11:27:09 INFO ===< ClangPass::class-template-to-class >===
11:27:09 INFO ===< ClangPass::merge-base-class >===
11:27:09 INFO ===< ClangPass::remove-base-class >===
11:27:09 INFO ===< ClangPass::replace-derived-class >===
11:27:09 INFO ===< ClangPass::remove-unresolved-base >===
11:27:09 INFO ===< ClangPass::remove-ctor-initializer >===
11:27:09 INFO ===< ClangPass::replace-class-with-base-template-spec >===
11:27:09 INFO ===< ClangPass::simplify-nested-class >===
11:27:09 INFO ===< ClangPass::remove-unused-outer-class >===
11:27:10 INFO ===< ClangPass::empty-struct-to-int >===
11:27:10 INFO ===< ClangPass::remove-pointer >===
11:27:10 INFO ===< ClangPass::reduce-pointer-pairs >===
11:27:10 INFO ===< ClangPass::remove-array >===
11:27:11 INFO ===< ClangPass::remove-addr-taken >===
11:27:11 INFO ===< ClangPass::simplify-struct >===
11:27:11 INFO ===< ClangPass::replace-undefined-function >===
11:27:11 INFO ===< ClangPass::replace-array-index-var >===
11:27:11 INFO ===< ClangPass::replace-array-access-with-index >===
11:27:11 INFO ===< ClangPass::replace-dependent-name >===
11:27:11 INFO ===< ClangPass::simplify-recursive-template-instantiation >===
11:27:11 INFO ===< ClangPass::vector-to-array >===
11:27:11 INFO ===< ClangPass::remove-try-catch >===
11:27:11 INFO ===< ClangPass::class-to-struct >===
11:28:10 INFO ===< ClangPass::member-to-global >===
11:28:23 INFO ===< LinesPass::0 >===
11:31:01 INFO ===< LinesPass::1 >===
11:31:22 INFO ===< LinesPass::2 >===
11:31:22 INFO ===< LinesPass::3 >===
11:31:22 INFO ===< LinesPass::4 >===
11:31:22 INFO ===< LinesPass::6 >===
11:31:22 INFO ===< LinesPass::8 >===
11:31:22 INFO ===< LinesPass::10 >===
11:31:22 INFO ===< CommentsPass >===
11:31:22 INFO ===< SpecialPass::b >===
11:31:22 INFO ===< SpecialPass::c >===
11:31:23 INFO ===< IndentPass::regular >===
11:31:34 INFO ===< BalancedPass::parens-to-zero >===
11:53:33 INFO (7.3%, 10281 bytes, 410 lines)
11:53:50 INFO (7.4%, 10279 bytes, 410 lines)
11:55:59 INFO (7.4%, 10274 bytes, 410 lines)
14:44:34 INFO ===< ClexHintsPass::rm-toks-1-to-16 >===
16:03:04 INFO ===< ClexPass::rm-tok-pattern-4 >===
16:03:06 INFO ===< ClangPass::local-to-global >===
16:03:36 INFO ===< PeepPass::c >===
16:03:53 INFO (7.4%, 10273 bytes, 410 lines)
16:04:11 INFO (7.4%, 10272 bytes, 410 lines)
16:04:28 INFO (7.4%, 10271 bytes, 410 lines)
16:04:51 INFO (7.4%, 10270 bytes, 410 lines)
16:05:08 INFO (7.5%, 10269 bytes, 410 lines)
16:05:28 INFO (7.5%, 10268 bytes, 410 lines)
16:05:45 INFO (7.5%, 10267 bytes, 410 lines)
16:06:05 INFO (7.5%, 10266 bytes, 410 lines)
16:06:30 INFO (7.5%, 10265 bytes, 410 lines)
16:06:48 INFO (7.5%, 10264 bytes, 410 lines)
16:07:04 INFO (7.5%, 10263 bytes, 410 lines)
16:07:29 INFO (7.5%, 10262 bytes, 410 lines)
16:07:46 INFO (7.5%, 10261 bytes, 410 lines)
16:08:04 INFO (7.5%, 10260 bytes, 410 lines)
16:08:23 INFO (7.5%, 10259 bytes, 410 lines)
16:08:40 INFO (7.6%, 10258 bytes, 410 lines)
16:09:00 INFO (7.6%, 10257 bytes, 410 lines)
16:09:16 INFO (7.6%, 10256 bytes, 410 lines)
16:09:32 INFO (7.6%, 10255 bytes, 410 lines)
16:09:52 INFO (7.6%, 10254 bytes, 410 lines)
16:10:09 INFO (7.6%, 10253 bytes, 410 lines)
16:10:29 INFO (7.6%, 10252 bytes, 410 lines)
16:10:51 INFO (7.6%, 10251 bytes, 410 lines)
16:11:12 INFO (7.6%, 10250 bytes, 410 lines)
16:11:35 INFO (7.6%, 10249 bytes, 410 lines)
16:11:55 INFO (7.6%, 10248 bytes, 410 lines)
16:12:12 INFO (7.7%, 10247 bytes, 410 lines)
16:12:29 INFO (7.7%, 10246 bytes, 410 lines)
16:12:50 INFO (7.7%, 10245 bytes, 410 lines)
16:13:07 INFO (7.7%, 10244 bytes, 410 lines)
16:13:26 INFO (7.7%, 10243 bytes, 410 lines)
16:13:43 INFO (7.7%, 10242 bytes, 410 lines)
16:14:00 INFO (7.7%, 10241 bytes, 410 lines)
16:14:23 INFO (7.7%, 10240 bytes, 410 lines)
16:14:43 INFO (7.7%, 10239 bytes, 410 lines)
16:15:06 INFO (7.7%, 10238 bytes, 410 lines)
16:15:22 INFO (7.7%, 10237 bytes, 410 lines)
16:15:39 INFO (7.8%, 10236 bytes, 410 lines)
16:15:56 INFO (7.8%, 10235 bytes, 410 lines)
16:16:12 INFO (7.8%, 10234 bytes, 410 lines)
16:16:34 INFO (7.8%, 10233 bytes, 410 lines)
16:16:53 INFO (7.8%, 10232 bytes, 410 lines)
16:17:13 INFO (7.8%, 10231 bytes, 410 lines)
16:17:36 INFO (7.8%, 10230 bytes, 410 lines)
16:17:54 INFO (7.8%, 10229 bytes, 410 lines)
16:18:17 INFO (7.8%, 10228 bytes, 410 lines)
16:18:37 INFO (7.8%, 10227 bytes, 410 lines)
16:18:57 INFO (7.8%, 10226 bytes, 410 lines)
16:19:23 INFO (7.8%, 10225 bytes, 410 lines)
16:19:48 INFO (7.9%, 10224 bytes, 410 lines)
16:20:14 INFO (7.9%, 10223 bytes, 410 lines)
16:20:39 INFO (7.9%, 10222 bytes, 410 lines)
16:20:56 INFO (7.9%, 10221 bytes, 410 lines)
16:21:21 INFO (7.9%, 10220 bytes, 410 lines)
16:21:44 INFO (7.9%, 10219 bytes, 410 lines)
16:22:05 INFO (7.9%, 10218 bytes, 410 lines)
16:22:27 INFO (7.9%, 10217 bytes, 410 lines)
16:22:44 INFO (7.9%, 10216 bytes, 410 lines)
16:23:01 INFO (7.9%, 10215 bytes, 410 lines)
16:23:21 INFO (7.9%, 10214 bytes, 410 lines)
16:23:41 INFO (8.0%, 10213 bytes, 410 lines)
16:24:00 INFO (8.0%, 10212 bytes, 410 lines)
16:24:27 INFO (8.0%, 10211 bytes, 410 lines)
16:24:46 INFO (8.0%, 10210 bytes, 410 lines)
16:25:13 INFO (8.0%, 10209 bytes, 410 lines)
16:25:37 INFO (8.0%, 10208 bytes, 410 lines)
16:26:00 INFO (8.0%, 10207 bytes, 410 lines)
16:26:24 INFO (8.0%, 10206 bytes, 410 lines)
16:26:43 INFO (8.0%, 10205 bytes, 410 lines)
16:27:03 INFO (8.0%, 10204 bytes, 410 lines)
16:27:19 INFO (8.0%, 10203 bytes, 410 lines)
16:27:35 INFO (8.1%, 10202 bytes, 410 lines)
16:27:56 INFO (8.1%, 10201 bytes, 410 lines)
16:28:13 INFO (8.1%, 10200 bytes, 410 lines)
16:28:38 INFO (8.1%, 10199 bytes, 410 lines)
16:28:57 INFO (8.1%, 10198 bytes, 410 lines)
16:29:16 INFO (8.1%, 10197 bytes, 410 lines)
16:29:42 INFO (8.1%, 10196 bytes, 410 lines)
16:30:05 INFO (8.1%, 10195 bytes, 410 lines)
16:30:28 INFO (8.1%, 10194 bytes, 410 lines)
16:30:44 INFO (8.1%, 10193 bytes, 410 lines)
16:31:00 INFO (8.1%, 10192 bytes, 410 lines)
16:31:18 INFO (8.2%, 10191 bytes, 410 lines)
16:31:41 INFO (8.2%, 10190 bytes, 410 lines)
16:31:57 INFO (8.2%, 10189 bytes, 410 lines)
16:32:14 INFO (8.2%, 10188 bytes, 410 lines)
16:32:30 INFO (8.2%, 10187 bytes, 410 lines)
16:32:46 INFO (8.2%, 10186 bytes, 410 lines)
16:33:06 INFO (8.2%, 10185 bytes, 410 lines)
16:33:22 INFO (8.2%, 10184 bytes, 410 lines)
16:33:38 INFO (8.2%, 10183 bytes, 410 lines)
16:33:58 INFO (8.2%, 10182 bytes, 410 lines)
16:34:17 INFO (8.2%, 10181 bytes, 410 lines)
16:34:33 INFO (8.3%, 10180 bytes, 410 lines)
16:34:56 INFO (8.3%, 10179 bytes, 410 lines)
16:35:15 INFO (8.3%, 10178 bytes, 410 lines)
16:35:32 INFO (8.3%, 10177 bytes, 410 lines)
16:35:51 INFO (8.3%, 10176 bytes, 410 lines)
16:36:11 INFO (8.3%, 10175 bytes, 410 lines)
16:36:31 INFO (8.3%, 10174 bytes, 410 lines)
16:36:47 INFO (8.3%, 10173 bytes, 410 lines)
16:37:05 INFO (8.3%, 10172 bytes, 410 lines)
16:37:28 INFO (8.3%, 10171 bytes, 410 lines)
16:37:49 INFO (8.3%, 10170 bytes, 410 lines)
16:38:05 INFO (8.4%, 10169 bytes, 410 lines)
16:38:30 INFO (8.4%, 10168 bytes, 410 lines)
16:38:53 INFO (8.4%, 10167 bytes, 410 lines)
16:39:09 INFO (8.4%, 10166 bytes, 410 lines)
16:39:32 INFO (8.4%, 10165 bytes, 410 lines)
16:39:48 INFO (8.4%, 10164 bytes, 410 lines)
16:40:10 INFO (8.4%, 10163 bytes, 410 lines)
16:40:30 INFO (8.4%, 10162 bytes, 410 lines)
16:40:47 INFO (8.4%, 10161 bytes, 410 lines)
16:41:04 INFO (8.4%, 10160 bytes, 410 lines)
16:41:27 INFO (8.4%, 10159 bytes, 410 lines)
16:41:50 INFO (8.5%, 10158 bytes, 410 lines)
16:42:09 INFO (8.5%, 10157 bytes, 410 lines)
16:42:24 INFO (8.5%, 10156 bytes, 410 lines)
16:42:43 INFO (8.5%, 10155 bytes, 410 lines)
16:43:06 INFO (8.5%, 10154 bytes, 410 lines)
16:43:22 INFO (8.5%, 10153 bytes, 410 lines)
16:43:42 INFO (8.5%, 10152 bytes, 410 lines)
16:44:00 INFO (8.5%, 10151 bytes, 410 lines)
16:44:23 INFO (8.5%, 10150 bytes, 410 lines)
16:44:46 INFO (8.5%, 10149 bytes, 410 lines)
16:45:03 INFO (8.5%, 10148 bytes, 410 lines)
16:45:23 INFO (8.6%, 10147 bytes, 410 lines)
16:45:40 INFO (8.6%, 10146 bytes, 410 lines)
16:45:56 INFO (8.6%, 10145 bytes, 410 lines)
16:46:19 INFO (8.6%, 10144 bytes, 410 lines)
16:46:38 INFO (8.6%, 10143 bytes, 410 lines)
16:47:01 INFO (8.6%, 10142 bytes, 410 lines)
16:47:21 INFO (8.6%, 10141 bytes, 410 lines)
16:47:44 INFO (8.6%, 10140 bytes, 410 lines)
16:48:06 INFO (8.6%, 10139 bytes, 410 lines)
16:48:26 INFO (8.6%, 10138 bytes, 410 lines)
16:48:47 INFO (8.6%, 10137 bytes, 410 lines)
16:49:06 INFO (8.7%, 10136 bytes, 410 lines)
16:49:30 INFO (8.7%, 10135 bytes, 410 lines)
16:49:52 INFO (8.7%, 10134 bytes, 410 lines)
16:50:15 INFO (8.7%, 10133 bytes, 410 lines)
16:50:35 INFO (8.7%, 10132 bytes, 410 lines)
16:50:51 INFO (8.7%, 10131 bytes, 410 lines)
16:51:14 INFO (8.7%, 10130 bytes, 410 lines)
16:51:30 INFO (8.7%, 10129 bytes, 410 lines)
16:51:50 INFO (8.7%, 10128 bytes, 410 lines)
16:52:06 INFO (8.7%, 10127 bytes, 410 lines)
16:52:26 INFO (8.7%, 10126 bytes, 410 lines)
16:52:44 INFO (8.8%, 10125 bytes, 410 lines)
16:53:06 INFO (8.8%, 10124 bytes, 410 lines)
16:53:27 INFO (8.8%, 10123 bytes, 410 lines)
16:53:51 INFO (8.8%, 10122 bytes, 410 lines)
16:54:11 INFO (8.8%, 10121 bytes, 410 lines)
16:54:34 INFO (8.8%, 10120 bytes, 410 lines)
16:54:51 INFO (8.8%, 10119 bytes, 410 lines)
16:55:07 INFO (8.8%, 10118 bytes, 410 lines)
16:55:27 INFO (8.8%, 10117 bytes, 410 lines)
16:55:44 INFO (8.8%, 10116 bytes, 410 lines)
16:56:01 INFO (8.8%, 10115 bytes, 410 lines)
16:56:21 INFO (8.9%, 10114 bytes, 410 lines)
16:56:39 INFO (8.9%, 10113 bytes, 410 lines)
16:56:56 INFO (8.9%, 10112 bytes, 410 lines)
16:57:13 INFO (8.9%, 10111 bytes, 410 lines)
16:57:30 INFO (8.9%, 10110 bytes, 410 lines)
16:57:49 INFO (8.9%, 10109 bytes, 410 lines)
16:58:07 INFO (8.9%, 10108 bytes, 410 lines)
16:58:29 INFO (8.9%, 10107 bytes, 410 lines)
16:58:52 INFO (8.9%, 10106 bytes, 410 lines)
16:59:08 INFO (8.9%, 10105 bytes, 410 lines)
16:59:31 INFO (8.9%, 10104 bytes, 410 lines)
16:59:51 INFO (8.9%, 10103 bytes, 410 lines)
17:00:14 INFO (9.0%, 10102 bytes, 410 lines)
17:00:30 INFO (9.0%, 10101 bytes, 410 lines)
17:00:50 INFO (9.0%, 10100 bytes, 410 lines)
17:01:07 INFO (9.0%, 10099 bytes, 410 lines)
17:01:27 INFO (9.0%, 10098 bytes, 410 lines)
17:01:43 INFO (9.0%, 10097 bytes, 410 lines)
17:02:06 INFO (9.0%, 10096 bytes, 410 lines)
17:02:29 INFO (9.0%, 10095 bytes, 410 lines)
17:02:45 INFO (9.0%, 10094 bytes, 410 lines)
17:03:08 INFO (9.0%, 10093 bytes, 410 lines)
17:03:25 INFO (9.0%, 10092 bytes, 410 lines)
17:03:47 INFO (9.1%, 10091 bytes, 410 lines)
17:04:05 INFO (9.1%, 10090 bytes, 410 lines)
17:04:21 INFO (9.1%, 10089 bytes, 410 lines)
17:04:38 INFO (9.1%, 10088 bytes, 410 lines)
17:04:55 INFO (9.1%, 10087 bytes, 410 lines)
17:05:15 INFO (9.1%, 10086 bytes, 410 lines)
17:05:37 INFO (9.1%, 10085 bytes, 410 lines)
17:05:57 INFO (9.1%, 10084 bytes, 410 lines)
17:06:16 INFO (9.1%, 10083 bytes, 410 lines)
17:06:32 INFO (9.1%, 10082 bytes, 410 lines)
17:06:52 INFO (9.1%, 10081 bytes, 410 lines)
17:07:08 INFO (9.2%, 10080 bytes, 410 lines)
17:07:30 INFO (9.2%, 10079 bytes, 410 lines)
17:07:47 INFO (9.2%, 10078 bytes, 410 lines)
17:08:06 INFO (9.2%, 10077 bytes, 410 lines)
17:08:28 INFO (9.2%, 10076 bytes, 410 lines)
17:08:44 INFO (9.2%, 10075 bytes, 410 lines)
17:09:01 INFO (9.2%, 10074 bytes, 410 lines)
17:09:17 INFO (9.2%, 10073 bytes, 410 lines)
17:09:34 INFO (9.2%, 10072 bytes, 410 lines)
17:09:50 INFO (9.2%, 10071 bytes, 410 lines)
17:10:10 INFO (9.2%, 10070 bytes, 410 lines)
17:10:32 INFO (9.3%, 10069 bytes, 410 lines)
17:10:53 INFO (9.3%, 10068 bytes, 410 lines)
17:11:09 INFO (9.3%, 10067 bytes, 410 lines)
17:11:26 INFO (9.3%, 10066 bytes, 410 lines)
17:11:43 INFO (9.3%, 10065 bytes, 410 lines)
17:12:00 INFO (9.3%, 10064 bytes, 410 lines)
17:12:23 INFO (9.3%, 10063 bytes, 410 lines)
17:12:40 INFO (9.3%, 10062 bytes, 410 lines)
17:12:57 INFO (9.3%, 10061 bytes, 410 lines)
17:13:13 INFO (9.3%, 10060 bytes, 410 lines)
17:13:35 INFO (9.3%, 10059 bytes, 410 lines)
17:13:51 INFO (9.4%, 10058 bytes, 410 lines)
17:14:07 INFO (9.4%, 10057 bytes, 410 lines)
17:14:31 INFO (9.4%, 10056 bytes, 410 lines)
17:14:51 INFO (9.4%, 10055 bytes, 410 lines)
17:15:06 INFO (9.4%, 10054 bytes, 410 lines)
17:15:23 INFO (9.4%, 10053 bytes, 410 lines)
17:15:40 INFO (9.4%, 10052 bytes, 410 lines)
17:16:02 INFO (9.4%, 10051 bytes, 410 lines)
17:16:18 INFO (9.4%, 10050 bytes, 410 lines)
17:16:35 INFO (9.4%, 10049 bytes, 410 lines)
17:16:58 INFO (9.4%, 10048 bytes, 410 lines)
17:17:21 INFO (9.5%, 10047 bytes, 410 lines)
17:17:41 INFO (9.5%, 10046 bytes, 410 lines)
17:17:58 INFO (9.5%, 10045 bytes, 410 lines)
17:18:15 INFO (9.5%, 10044 bytes, 410 lines)
17:18:37 INFO (9.5%, 10043 bytes, 410 lines)
17:18:54 INFO (9.5%, 10042 bytes, 410 lines)
17:19:17 INFO (9.5%, 10041 bytes, 410 lines)
17:19:40 INFO (9.5%, 10040 bytes, 410 lines)
17:19:57 INFO (9.5%, 10039 bytes, 410 lines)
17:20:20 INFO (9.5%, 10038 bytes, 410 lines)
17:20:40 INFO (9.5%, 10037 bytes, 410 lines)
17:21:03 INFO (9.6%, 10036 bytes, 410 lines)
17:21:19 INFO (9.6%, 10035 bytes, 410 lines)
17:21:41 INFO (9.6%, 10034 bytes, 410 lines)
17:22:04 INFO (9.6%, 10033 bytes, 410 lines)
17:22:26 INFO (9.6%, 10032 bytes, 410 lines)
17:22:49 INFO (9.6%, 10031 bytes, 410 lines)
17:23:08 INFO (9.6%, 10030 bytes, 410 lines)
17:23:31 INFO (9.6%, 10029 bytes, 410 lines)
17:23:48 INFO (9.6%, 10028 bytes, 410 lines)
17:24:05 INFO (9.6%, 10027 bytes, 410 lines)
17:24:21 INFO (9.6%, 10026 bytes, 410 lines)
17:24:40 INFO (9.7%, 10025 bytes, 410 lines)
17:25:00 INFO (9.7%, 10024 bytes, 410 lines)
17:25:18 INFO (9.7%, 10023 bytes, 410 lines)
17:25:34 INFO (9.7%, 10022 bytes, 410 lines)
17:25:50 INFO (9.7%, 10021 bytes, 410 lines)
17:26:13 INFO (9.7%, 10020 bytes, 410 lines)
17:26:35 INFO (9.7%, 10019 bytes, 410 lines)
17:26:58 INFO (9.7%, 10018 bytes, 410 lines)
17:27:15 INFO (9.7%, 10017 bytes, 410 lines)
17:27:38 INFO (9.7%, 10016 bytes, 410 lines)
17:27:57 INFO (9.7%, 10015 bytes, 410 lines)
17:28:20 INFO (9.8%, 10014 bytes, 410 lines)
17:28:40 INFO (9.8%, 10013 bytes, 410 lines)
17:28:56 INFO (9.8%, 10012 bytes, 410 lines)
17:29:13 INFO (9.8%, 10011 bytes, 410 lines)
17:29:30 INFO (9.8%, 10010 bytes, 410 lines)
17:29:48 INFO (9.8%, 10009 bytes, 410 lines)
17:30:11 INFO (9.8%, 10008 bytes, 410 lines)
17:30:34 INFO (9.8%, 10007 bytes, 410 lines)
17:30:51 INFO (9.8%, 10006 bytes, 410 lines)
17:31:10 INFO (9.8%, 10005 bytes, 410 lines)
17:31:33 INFO (9.8%, 10004 bytes, 410 lines)
17:31:56 INFO (9.9%, 10003 bytes, 410 lines)
17:32:16 INFO (9.9%, 10002 bytes, 410 lines)
17:32:39 INFO (9.9%, 10001 bytes, 410 lines)
17:32:59 INFO (9.9%, 10000 bytes, 410 lines)
17:33:22 INFO (9.9%, 9999 bytes, 410 lines)
17:33:39 INFO (9.9%, 9998 bytes, 410 lines)
17:33:55 INFO (9.9%, 9997 bytes, 410 lines)
17:34:12 INFO (9.9%, 9996 bytes, 410 lines)
17:34:29 INFO (9.9%, 9995 bytes, 410 lines)
17:34:47 INFO (9.9%, 9994 bytes, 410 lines)
17:35:04 INFO (9.9%, 9993 bytes, 410 lines)
17:35:27 INFO (9.9%, 9992 bytes, 410 lines)
17:35:55 INFO (10.0%, 9991 bytes, 410 lines)
17:36:13 INFO (10.0%, 9990 bytes, 410 lines)
17:36:33 INFO (10.0%, 9989 bytes, 410 lines)
17:36:51 INFO (10.0%, 9988 bytes, 410 lines)
17:37:15 INFO (10.0%, 9987 bytes, 410 lines)
17:37:36 INFO (10.0%, 9986 bytes, 410 lines)
17:37:53 INFO (10.0%, 9985 bytes, 410 lines)
17:38:14 INFO (10.0%, 9984 bytes, 410 lines)
17:38:35 INFO (10.0%, 9983 bytes, 410 lines)
17:38:53 INFO (10.0%, 9982 bytes, 410 lines)
17:39:13 INFO (10.0%, 9981 bytes, 410 lines)
17:39:32 INFO (10.1%, 9980 bytes, 410 lines)
17:39:52 INFO (10.1%, 9979 bytes, 410 lines)
17:40:16 INFO (10.1%, 9978 bytes, 410 lines)
17:40:34 INFO (10.1%, 9977 bytes, 410 lines)
17:40:53 INFO (10.1%, 9976 bytes, 410 lines)
17:41:14 INFO (10.1%, 9975 bytes, 410 lines)
17:41:35 INFO (10.1%, 9974 bytes, 410 lines)
17:41:53 INFO (10.1%, 9973 bytes, 410 lines)
17:42:11 INFO (10.1%, 9972 bytes, 410 lines)
17:42:29 INFO (10.1%, 9971 bytes, 410 lines)
17:42:46 INFO (10.1%, 9970 bytes, 410 lines)
17:43:07 INFO (10.2%, 9969 bytes, 410 lines)
17:43:31 INFO (10.2%, 9968 bytes, 410 lines)
17:43:52 INFO (10.2%, 9967 bytes, 410 lines)
17:44:16 INFO (10.2%, 9966 bytes, 410 lines)
17:44:40 INFO (10.2%, 9965 bytes, 410 lines)
17:44:58 INFO (10.2%, 9964 bytes, 410 lines)
17:45:16 INFO (10.2%, 9963 bytes, 410 lines)
17:45:34 INFO (10.2%, 9962 bytes, 410 lines)
17:45:54 INFO (10.2%, 9961 bytes, 410 lines)
17:46:18 INFO (10.2%, 9960 bytes, 410 lines)
17:46:39 INFO (10.2%, 9959 bytes, 410 lines)
17:46:56 INFO (10.3%, 9958 bytes, 410 lines)
17:47:20 INFO (10.3%, 9957 bytes, 410 lines)
17:47:38 INFO (10.3%, 9956 bytes, 410 lines)
17:47:57 INFO (10.3%, 9955 bytes, 410 lines)
17:48:15 INFO (10.3%, 9954 bytes, 410 lines)
17:48:35 INFO (10.3%, 9953 bytes, 410 lines)
17:48:56 INFO (10.3%, 9952 bytes, 410 lines)
17:49:15 INFO (10.3%, 9951 bytes, 410 lines)
17:49:38 INFO (10.3%, 9950 bytes, 410 lines)
17:49:59 INFO (10.3%, 9949 bytes, 410 lines)
17:50:17 INFO (10.3%, 9948 bytes, 410 lines)
17:50:34 INFO (10.4%, 9947 bytes, 410 lines)
17:50:58 INFO (10.4%, 9946 bytes, 410 lines)
17:51:16 INFO (10.4%, 9945 bytes, 410 lines)
17:51:34 INFO (10.4%, 9944 bytes, 410 lines)
17:51:52 INFO (10.4%, 9943 bytes, 410 lines)
17:52:10 INFO (10.4%, 9942 bytes, 410 lines)
17:52:27 INFO (10.4%, 9941 bytes, 410 lines)
17:52:51 INFO (10.4%, 9940 bytes, 410 lines)
17:53:09 INFO (10.4%, 9939 bytes, 410 lines)
17:53:30 INFO (10.4%, 9938 bytes, 410 lines)
17:53:48 INFO (10.4%, 9937 bytes, 410 lines)
17:54:06 INFO (10.5%, 9936 bytes, 410 lines)
17:54:24 INFO (10.5%, 9935 bytes, 410 lines)
17:54:42 INFO (10.5%, 9934 bytes, 410 lines)
17:55:05 INFO (10.5%, 9933 bytes, 410 lines)
17:55:27 INFO (10.5%, 9932 bytes, 410 lines)
17:55:48 INFO (10.5%, 9931 bytes, 410 lines)
17:56:12 INFO (10.5%, 9930 bytes, 410 lines)
17:56:36 INFO (10.5%, 9929 bytes, 410 lines)
17:56:54 INFO (10.5%, 9928 bytes, 410 lines)
17:57:12 INFO (10.5%, 9927 bytes, 410 lines)
17:57:33 INFO (10.5%, 9926 bytes, 410 lines)
17:57:51 INFO (10.6%, 9925 bytes, 410 lines)
17:58:09 INFO (10.6%, 9924 bytes, 410 lines)
17:58:33 INFO (10.6%, 9923 bytes, 410 lines)
17:58:54 INFO (10.6%, 9922 bytes, 410 lines)
17:59:16 INFO (10.6%, 9921 bytes, 410 lines)
17:59:34 INFO (10.6%, 9920 bytes, 410 lines)
17:59:52 INFO (10.6%, 9919 bytes, 410 lines)
18:00:16 INFO (10.6%, 9918 bytes, 410 lines)
18:00:40 INFO (10.6%, 9917 bytes, 410 lines)
18:01:03 INFO (10.6%, 9916 bytes, 410 lines)
18:01:26 INFO (10.6%, 9915 bytes, 410 lines)
18:01:46 INFO (10.7%, 9914 bytes, 410 lines)
18:02:09 INFO (10.7%, 9913 bytes, 410 lines)
18:02:29 INFO (10.7%, 9912 bytes, 410 lines)
18:02:49 INFO (10.7%, 9911 bytes, 410 lines)
18:03:10 INFO (10.7%, 9910 bytes, 410 lines)
18:03:32 INFO (10.7%, 9909 bytes, 410 lines)
18:03:55 INFO (10.7%, 9908 bytes, 410 lines)
18:04:18 INFO (10.7%, 9907 bytes, 410 lines)
18:04:41 INFO (10.7%, 9906 bytes, 410 lines)
18:05:04 INFO (10.7%, 9905 bytes, 410 lines)
18:05:24 INFO (10.7%, 9904 bytes, 410 lines)
18:05:44 INFO (10.8%, 9903 bytes, 410 lines)
18:06:04 INFO (10.8%, 9902 bytes, 410 lines)
18:06:24 INFO (10.8%, 9901 bytes, 410 lines)
18:06:44 INFO (10.8%, 9900 bytes, 410 lines)
18:07:07 INFO (10.8%, 9899 bytes, 410 lines)
18:07:31 INFO (10.8%, 9898 bytes, 410 lines)
18:07:54 INFO (10.8%, 9897 bytes, 410 lines)
18:08:14 INFO (10.8%, 9896 bytes, 410 lines)
18:08:38 INFO (10.8%, 9895 bytes, 410 lines)
18:08:58 INFO (10.8%, 9894 bytes, 410 lines)
18:09:21 INFO (10.8%, 9893 bytes, 410 lines)
18:09:42 INFO (10.9%, 9892 bytes, 410 lines)
18:10:05 INFO (10.9%, 9891 bytes, 410 lines)
18:10:25 INFO (10.9%, 9890 bytes, 410 lines)
18:10:48 INFO (10.9%, 9889 bytes, 410 lines)
18:11:11 INFO (10.9%, 9888 bytes, 410 lines)
18:11:32 INFO (10.9%, 9887 bytes, 410 lines)
18:11:55 INFO (10.9%, 9886 bytes, 410 lines)
18:12:18 INFO (10.9%, 9885 bytes, 410 lines)
18:12:41 INFO (10.9%, 9884 bytes, 410 lines)
18:13:04 INFO (10.9%, 9883 bytes, 410 lines)
18:13:27 INFO (10.9%, 9882 bytes, 410 lines)
18:13:47 INFO (10.9%, 9881 bytes, 410 lines)
18:14:06 INFO (11.0%, 9880 bytes, 410 lines)
18:14:27 INFO (11.0%, 9879 bytes, 410 lines)
18:14:50 INFO (11.0%, 9878 bytes, 410 lines)
18:15:13 INFO (11.0%, 9877 bytes, 410 lines)
18:15:36 INFO (11.0%, 9876 bytes, 410 lines)
18:15:56 INFO (11.0%, 9875 bytes, 410 lines)
18:16:16 INFO (11.0%, 9874 bytes, 410 lines)
18:16:39 INFO (11.0%, 9873 bytes, 410 lines)
18:16:59 INFO (11.0%, 9872 bytes, 410 lines)
18:17:23 INFO (11.0%, 9871 bytes, 410 lines)
18:17:47 INFO (11.0%, 9870 bytes, 410 lines)
18:18:07 INFO (11.1%, 9869 bytes, 410 lines)
18:18:30 INFO (11.1%, 9868 bytes, 410 lines)
18:18:50 INFO (11.1%, 9867 bytes, 410 lines)
18:19:14 INFO (11.1%, 9866 bytes, 410 lines)
18:19:34 INFO (11.1%, 9865 bytes, 410 lines)
18:19:57 INFO (11.1%, 9864 bytes, 410 lines)
18:20:20 INFO (11.1%, 9863 bytes, 410 lines)
18:20:43 INFO (11.1%, 9862 bytes, 410 lines)
18:21:06 INFO (11.1%, 9861 bytes, 410 lines)
18:21:29 INFO (11.1%, 9860 bytes, 410 lines)
18:21:52 INFO (11.1%, 9859 bytes, 410 lines)
18:22:15 INFO (11.2%, 9858 bytes, 410 lines)
18:22:38 INFO (11.2%, 9857 bytes, 410 lines)
18:23:01 INFO (11.2%, 9856 bytes, 410 lines)
18:23:22 INFO (11.2%, 9855 bytes, 410 lines)
18:23:45 INFO (11.2%, 9854 bytes, 410 lines)
18:24:06 INFO (11.2%, 9853 bytes, 410 lines)
18:24:29 INFO (11.2%, 9852 bytes, 410 lines)
18:24:49 INFO (11.2%, 9851 bytes, 410 lines)
18:25:12 INFO (11.2%, 9850 bytes, 410 lines)
18:25:34 INFO (11.2%, 9849 bytes, 410 lines)
18:25:56 INFO (11.2%, 9848 bytes, 410 lines)
18:26:16 INFO (11.3%, 9847 bytes, 410 lines)
18:26:38 INFO (11.3%, 9846 bytes, 410 lines)
18:26:58 INFO (11.3%, 9845 bytes, 410 lines)
18:27:21 INFO (11.3%, 9844 bytes, 410 lines)
18:27:43 INFO (11.3%, 9843 bytes, 410 lines)
18:28:06 INFO (11.3%, 9842 bytes, 410 lines)
18:28:25 INFO (11.3%, 9841 bytes, 410 lines)
18:28:45 INFO (11.3%, 9840 bytes, 410 lines)
18:29:05 INFO (11.3%, 9839 bytes, 410 lines)
18:29:25 INFO (11.3%, 9838 bytes, 410 lines)
18:29:48 INFO (11.3%, 9837 bytes, 410 lines)
18:30:10 INFO (11.4%, 9836 bytes, 410 lines)
18:30:32 INFO (11.4%, 9835 bytes, 410 lines)
18:30:51 INFO (11.4%, 9834 bytes, 410 lines)
18:31:14 INFO (11.4%, 9833 bytes, 410 lines)
18:31:36 INFO (11.4%, 9832 bytes, 410 lines)
18:32:00 INFO (11.4%, 9831 bytes, 410 lines)
18:32:20 INFO (11.4%, 9830 bytes, 410 lines)
18:32:43 INFO (11.4%, 9829 bytes, 410 lines)
18:33:03 INFO (11.4%, 9828 bytes, 410 lines)
18:33:24 INFO (11.4%, 9827 bytes, 410 lines)
18:33:43 INFO (11.4%, 9826 bytes, 410 lines)
18:34:06 INFO (11.5%, 9825 bytes, 410 lines)
18:34:32 INFO (11.5%, 9824 bytes, 410 lines)
18:34:56 INFO (11.5%, 9823 bytes, 410 lines)
18:35:16 INFO (11.5%, 9822 bytes, 410 lines)
18:35:38 INFO (11.5%, 9821 bytes, 410 lines)
18:36:00 INFO (11.5%, 9820 bytes, 410 lines)
18:36:21 INFO (11.5%, 9819 bytes, 410 lines)
18:36:40 INFO (11.5%, 9818 bytes, 410 lines)
18:37:03 INFO (11.5%, 9817 bytes, 410 lines)
18:37:26 INFO (11.5%, 9816 bytes, 410 lines)
18:37:46 INFO (11.5%, 9815 bytes, 410 lines)
18:38:06 INFO (11.6%, 9814 bytes, 410 lines)
18:38:26 INFO (11.6%, 9813 bytes, 410 lines)
18:38:46 INFO (11.6%, 9812 bytes, 410 lines)
18:39:09 INFO (11.6%, 9811 bytes, 410 lines)
18:39:30 INFO (11.6%, 9810 bytes, 410 lines)
18:39:50 INFO (11.6%, 9809 bytes, 410 lines)
18:40:14 INFO (11.6%, 9808 bytes, 410 lines)
18:40:37 INFO (11.6%, 9807 bytes, 410 lines)
18:41:00 INFO (11.6%, 9806 bytes, 410 lines)
18:41:20 INFO (11.6%, 9805 bytes, 410 lines)
18:41:43 INFO (11.6%, 9804 bytes, 410 lines)
18:42:03 INFO (11.7%, 9803 bytes, 410 lines)
18:42:26 INFO (11.7%, 9802 bytes, 410 lines)
18:42:47 INFO (11.7%, 9801 bytes, 410 lines)
18:43:07 INFO (11.7%, 9800 bytes, 410 lines)
18:43:31 INFO (11.7%, 9799 bytes, 410 lines)
18:43:50 INFO (11.7%, 9798 bytes, 410 lines)
18:44:10 INFO (11.7%, 9797 bytes, 410 lines)
18:44:30 INFO (11.7%, 9796 bytes, 410 lines)
18:44:53 INFO (11.7%, 9795 bytes, 410 lines)
18:45:13 INFO (11.7%, 9794 bytes, 410 lines)
18:45:33 INFO (11.7%, 9793 bytes, 410 lines)
18:45:54 INFO (11.8%, 9792 bytes, 410 lines)
18:46:14 INFO (11.8%, 9791 bytes, 410 lines)
18:46:34 INFO (11.8%, 9790 bytes, 410 lines)
18:46:52 INFO (11.8%, 9789 bytes, 410 lines)
18:47:11 INFO (11.8%, 9788 bytes, 410 lines)
18:47:28 INFO (11.8%, 9787 bytes, 410 lines)
18:47:45 INFO (11.8%, 9786 bytes, 410 lines)
18:48:05 INFO (11.8%, 9785 bytes, 410 lines)
18:48:21 INFO (11.8%, 9784 bytes, 410 lines)
18:48:41 INFO (11.8%, 9783 bytes, 410 lines)
18:49:01 INFO (11.8%, 9782 bytes, 410 lines)
18:49:21 INFO (11.9%, 9781 bytes, 410 lines)
18:49:41 INFO (11.9%, 9780 bytes, 410 lines)
18:50:00 INFO (11.9%, 9779 bytes, 410 lines)
18:50:20 INFO (11.9%, 9778 bytes, 410 lines)
18:50:40 INFO (11.9%, 9777 bytes, 410 lines)
18:50:55 INFO (11.9%, 9776 bytes, 410 lines)
18:51:06 INFO (11.9%, 9775 bytes, 410 lines)
18:51:17 INFO (11.9%, 9774 bytes, 410 lines)
18:51:27 INFO (11.9%, 9773 bytes, 410 lines)
18:51:33 INFO ===< IntsPass::a >===
18:51:52 INFO (11.9%, 9771 bytes, 410 lines)
18:52:10 INFO (12.0%, 9769 bytes, 410 lines)
18:52:34 INFO (12.0%, 9767 bytes, 410 lines)
18:52:56 INFO (12.0%, 9765 bytes, 410 lines)
18:53:19 INFO (12.0%, 9763 bytes, 410 lines)
18:53:40 INFO (12.0%, 9761 bytes, 410 lines)
18:54:02 INFO (12.0%, 9759 bytes, 410 lines)
18:54:26 INFO (12.1%, 9757 bytes, 410 lines)
18:54:50 INFO (12.1%, 9755 bytes, 410 lines)
18:55:12 INFO (12.1%, 9753 bytes, 410 lines)
18:55:32 INFO (12.1%, 9751 bytes, 410 lines)
18:55:52 INFO (12.1%, 9749 bytes, 410 lines)
18:56:11 INFO (12.2%, 9747 bytes, 410 lines)
18:56:30 INFO (12.2%, 9745 bytes, 410 lines)
18:56:58 INFO (12.2%, 9743 bytes, 410 lines)
18:57:22 INFO (12.2%, 9741 bytes, 410 lines)
18:57:39 INFO (12.2%, 9739 bytes, 410 lines)
18:57:59 INFO (12.2%, 9737 bytes, 410 lines)
18:58:26 INFO (12.3%, 9735 bytes, 410 lines)
18:58:48 INFO (12.3%, 9733 bytes, 410 lines)
18:59:07 INFO (12.3%, 9731 bytes, 410 lines)
18:59:29 INFO (12.3%, 9729 bytes, 410 lines)
18:59:53 INFO (12.3%, 9727 bytes, 410 lines)
19:00:19 INFO (12.4%, 9725 bytes, 410 lines)
19:00:43 INFO (12.4%, 9723 bytes, 410 lines)
19:01:08 INFO (12.4%, 9721 bytes, 410 lines)
19:01:29 INFO (12.4%, 9719 bytes, 410 lines)
19:01:56 INFO (12.4%, 9717 bytes, 410 lines)
19:02:27 INFO (12.4%, 9715 bytes, 410 lines)
19:02:55 INFO (12.5%, 9713 bytes, 410 lines)
19:03:22 INFO (12.5%, 9711 bytes, 410 lines)
19:03:45 INFO (12.5%, 9709 bytes, 410 lines)
19:04:12 INFO (12.5%, 9707 bytes, 410 lines)
19:04:41 INFO (12.5%, 9705 bytes, 410 lines)
19:05:09 INFO (12.6%, 9703 bytes, 410 lines)
19:05:35 INFO (12.6%, 9701 bytes, 410 lines)
19:05:58 INFO (12.6%, 9699 bytes, 410 lines)
19:06:21 INFO (12.6%, 9697 bytes, 410 lines)
19:06:45 INFO (12.6%, 9695 bytes, 410 lines)
19:07:07 INFO (12.6%, 9693 bytes, 410 lines)
19:07:30 INFO (12.7%, 9691 bytes, 410 lines)
19:07:56 INFO (12.7%, 9689 bytes, 410 lines)
19:08:22 INFO (12.7%, 9687 bytes, 410 lines)
19:08:44 INFO (12.7%, 9685 bytes, 410 lines)
19:09:11 INFO (12.7%, 9683 bytes, 410 lines)
19:09:35 INFO (12.8%, 9681 bytes, 410 lines)
19:09:56 INFO (12.8%, 9679 bytes, 410 lines)
19:10:22 INFO (12.8%, 9677 bytes, 410 lines)
19:10:42 INFO (12.8%, 9675 bytes, 410 lines)
19:11:10 INFO (12.8%, 9673 bytes, 410 lines)
19:11:34 INFO (12.8%, 9671 bytes, 410 lines)
19:11:59 INFO (12.9%, 9669 bytes, 410 lines)
19:12:21 INFO (12.9%, 9667 bytes, 410 lines)
19:12:40 INFO (12.9%, 9665 bytes, 410 lines)
19:12:56 INFO (12.9%, 9663 bytes, 410 lines)
19:13:04 INFO ===< IntsPass::b >===
19:13:24 INFO (12.9%, 9662 bytes, 410 lines)
19:13:41 INFO (12.9%, 9660 bytes, 410 lines)
19:13:58 INFO (13.0%, 9659 bytes, 410 lines)
19:14:14 INFO (13.0%, 9658 bytes, 410 lines)
19:14:36 INFO (13.0%, 9656 bytes, 410 lines)
19:14:55 INFO (13.0%, 9655 bytes, 410 lines)
19:15:12 INFO (13.0%, 9653 bytes, 410 lines)
19:15:34 INFO (13.0%, 9651 bytes, 410 lines)
19:15:51 INFO (13.0%, 9649 bytes, 410 lines)
19:16:08 INFO (13.1%, 9647 bytes, 410 lines)
19:16:26 INFO (13.1%, 9645 bytes, 410 lines)
19:16:42 INFO (13.1%, 9643 bytes, 410 lines)
19:17:05 INFO (13.1%, 9642 bytes, 410 lines)
19:17:25 INFO (13.1%, 9640 bytes, 410 lines)
19:17:49 INFO (13.1%, 9639 bytes, 410 lines)
19:18:09 INFO (13.1%, 9637 bytes, 410 lines)
19:18:31 INFO (13.2%, 9636 bytes, 410 lines)
19:18:54 INFO (13.2%, 9635 bytes, 410 lines)
19:19:16 INFO (13.2%, 9633 bytes, 410 lines)
19:19:33 INFO (13.2%, 9632 bytes, 410 lines)
19:19:57 INFO (13.2%, 9631 bytes, 410 lines)
19:20:17 INFO (13.2%, 9630 bytes, 410 lines)
19:20:32 INFO (13.2%, 9629 bytes, 410 lines)
19:20:50 INFO (13.2%, 9627 bytes, 410 lines)
19:21:06 INFO (13.2%, 9626 bytes, 410 lines)
19:21:23 INFO (13.3%, 9625 bytes, 410 lines)
19:21:46 INFO (13.3%, 9623 bytes, 410 lines)
19:22:03 INFO (13.3%, 9622 bytes, 410 lines)
19:22:22 INFO (13.3%, 9620 bytes, 410 lines)
19:22:45 INFO (13.3%, 9619 bytes, 410 lines)
19:23:08 INFO (13.3%, 9618 bytes, 410 lines)
19:23:28 INFO (13.3%, 9616 bytes, 410 lines)
19:23:51 INFO (13.3%, 9615 bytes, 410 lines)
19:24:08 INFO (13.4%, 9614 bytes, 410 lines)
19:24:30 INFO (13.4%, 9612 bytes, 410 lines)
19:24:46 INFO (13.4%, 9610 bytes, 410 lines)
19:25:03 INFO (13.4%, 9609 bytes, 410 lines)
19:25:26 INFO (13.4%, 9607 bytes, 410 lines)
19:25:43 INFO (13.4%, 9605 bytes, 410 lines)
19:26:00 INFO (13.5%, 9603 bytes, 410 lines)
19:26:17 INFO (13.5%, 9602 bytes, 410 lines)
19:26:34 INFO (13.5%, 9601 bytes, 410 lines)
19:26:57 INFO (13.5%, 9599 bytes, 410 lines)
19:27:19 INFO (13.5%, 9598 bytes, 410 lines)
19:27:42 INFO (13.5%, 9596 bytes, 410 lines)
19:27:58 INFO (13.5%, 9595 bytes, 410 lines)
19:28:15 INFO (13.5%, 9594 bytes, 410 lines)
19:28:39 INFO (13.5%, 9593 bytes, 410 lines)
19:28:57 INFO (13.6%, 9591 bytes, 410 lines)
19:29:14 INFO (13.6%, 9590 bytes, 410 lines)
19:29:31 INFO (13.6%, 9589 bytes, 410 lines)
19:29:53 INFO (13.6%, 9588 bytes, 410 lines)
19:30:13 INFO (13.6%, 9587 bytes, 410 lines)
19:30:33 INFO (13.6%, 9586 bytes, 410 lines)
19:30:53 INFO (13.6%, 9584 bytes, 410 lines)
19:31:10 INFO (13.6%, 9582 bytes, 410 lines)
19:31:27 INFO (13.7%, 9580 bytes, 410 lines)
19:31:50 INFO (13.7%, 9579 bytes, 410 lines)
19:32:13 INFO (13.7%, 9577 bytes, 410 lines)
19:32:30 INFO (13.7%, 9575 bytes, 410 lines)
19:32:52 INFO (13.7%, 9573 bytes, 410 lines)
19:33:09 INFO (13.7%, 9572 bytes, 410 lines)
19:33:29 INFO (13.7%, 9571 bytes, 410 lines)
19:33:52 INFO (13.8%, 9569 bytes, 410 lines)
19:34:09 INFO (13.8%, 9568 bytes, 410 lines)
19:34:26 INFO (13.8%, 9567 bytes, 410 lines)
19:34:45 INFO (13.8%, 9566 bytes, 410 lines)
19:35:02 INFO (13.8%, 9565 bytes, 410 lines)
19:35:22 INFO (13.8%, 9564 bytes, 410 lines)
19:35:39 INFO (13.8%, 9563 bytes, 410 lines)
19:36:01 INFO (13.8%, 9562 bytes, 410 lines)
19:36:24 INFO (13.8%, 9561 bytes, 410 lines)
19:36:41 INFO (13.8%, 9560 bytes, 410 lines)
19:37:01 INFO (13.9%, 9559 bytes, 410 lines)
19:37:17 INFO (13.9%, 9558 bytes, 410 lines)
19:37:37 INFO (13.9%, 9557 bytes, 410 lines)
19:37:54 INFO (13.9%, 9556 bytes, 410 lines)
19:38:11 INFO (13.9%, 9555 bytes, 410 lines)
19:38:28 INFO (13.9%, 9554 bytes, 410 lines)
19:38:45 INFO (13.9%, 9553 bytes, 410 lines)
19:39:01 INFO (13.9%, 9552 bytes, 410 lines)
19:39:21 INFO (13.9%, 9551 bytes, 410 lines)
19:39:44 INFO (13.9%, 9550 bytes, 410 lines)
19:40:01 INFO (13.9%, 9549 bytes, 410 lines)
19:40:17 INFO (14.0%, 9548 bytes, 410 lines)
19:40:37 INFO (14.0%, 9547 bytes, 410 lines)
19:40:57 INFO (14.0%, 9545 bytes, 410 lines)
19:41:19 INFO (14.0%, 9544 bytes, 410 lines)
19:41:42 INFO (14.0%, 9542 bytes, 410 lines)
19:42:02 INFO (14.0%, 9541 bytes, 410 lines)
19:42:19 INFO (14.0%, 9540 bytes, 410 lines)
19:42:39 INFO (14.0%, 9539 bytes, 410 lines)
19:43:01 INFO (14.0%, 9538 bytes, 410 lines)
19:43:24 INFO (14.1%, 9537 bytes, 410 lines)
19:43:41 INFO (14.1%, 9536 bytes, 410 lines)
19:43:58 INFO (14.1%, 9535 bytes, 410 lines)
19:44:14 INFO (14.1%, 9534 bytes, 410 lines)
19:44:31 INFO (14.1%, 9533 bytes, 410 lines)
19:44:47 INFO (14.1%, 9532 bytes, 410 lines)
19:45:07 INFO (14.1%, 9531 bytes, 410 lines)
19:45:29 INFO (14.1%, 9530 bytes, 410 lines)
19:45:46 INFO (14.1%, 9529 bytes, 410 lines)
19:46:09 INFO (14.1%, 9527 bytes, 410 lines)
19:46:31 INFO (14.2%, 9525 bytes, 410 lines)
19:46:54 INFO (14.2%, 9523 bytes, 410 lines)
19:47:11 INFO (14.2%, 9522 bytes, 410 lines)
19:47:27 INFO (14.2%, 9520 bytes, 410 lines)
19:47:45 INFO (14.2%, 9519 bytes, 410 lines)
19:48:08 INFO (14.2%, 9517 bytes, 410 lines)
19:48:25 INFO (14.2%, 9515 bytes, 410 lines)
19:48:45 INFO (14.3%, 9513 bytes, 410 lines)
19:49:07 INFO (14.3%, 9511 bytes, 410 lines)
19:49:24 INFO (14.3%, 9510 bytes, 410 lines)
19:49:46 INFO (14.3%, 9508 bytes, 410 lines)
19:50:02 INFO (14.3%, 9506 bytes, 410 lines)
19:50:16 INFO (14.3%, 9504 bytes, 410 lines)
19:50:25 INFO (14.4%, 9502 bytes, 410 lines)
19:50:25 INFO ===< IntsPass::c >===
19:50:43 INFO (14.4%, 9501 bytes, 410 lines)
19:50:59 INFO (14.4%, 9500 bytes, 410 lines)
19:51:16 INFO (14.4%, 9499 bytes, 410 lines)
19:51:33 INFO (14.4%, 9498 bytes, 410 lines)
19:51:52 INFO (14.4%, 9497 bytes, 410 lines)
19:52:12 INFO (14.4%, 9496 bytes, 410 lines)
19:52:28 INFO (14.4%, 9495 bytes, 410 lines)
19:52:45 INFO (14.4%, 9494 bytes, 410 lines)
19:53:06 INFO (14.4%, 9493 bytes, 410 lines)
19:53:23 INFO (14.5%, 9492 bytes, 410 lines)
19:53:40 INFO (14.5%, 9491 bytes, 410 lines)
19:54:03 INFO (14.5%, 9490 bytes, 410 lines)
19:54:23 INFO (14.5%, 9489 bytes, 410 lines)
19:54:43 INFO (14.5%, 9488 bytes, 410 lines)
19:54:59 INFO (14.5%, 9487 bytes, 410 lines)
19:55:19 INFO (14.5%, 9486 bytes, 410 lines)
19:55:39 INFO (14.5%, 9485 bytes, 410 lines)
19:55:56 INFO (14.5%, 9484 bytes, 410 lines)
19:56:19 INFO (14.5%, 9483 bytes, 410 lines)
19:56:34 INFO (14.5%, 9482 bytes, 410 lines)
19:56:48 INFO (14.6%, 9481 bytes, 410 lines)
19:56:58 INFO (14.6%, 9480 bytes, 410 lines)
19:56:58 INFO ===< IntsPass::d >===
19:56:58 INFO ===< IntsPass::c >===
19:57:11 INFO ===< BalancedPass::parens-only >===
19:57:12 INFO ===< ClexPass::delete-string >===
19:57:13 INFO Termination check: size was 10342; now 9480
19:57:13 ERROR Skipping pass UnIfDefPass
19:57:13 INFO ===< ClexPass::define >===
19:57:13 INFO ===< IncludeIncludesPass >===
19:57:13 INFO ===< TernaryPass::b >===
19:57:14 INFO ===< TernaryPass::c >===
19:57:42 INFO ===< BalancedPass::curly >===
19:58:10 INFO ===< BalancedPass::curly2 >===
19:58:10 INFO ===< BalancedPass::curly3 >===
19:58:29 INFO ===< BalancedPass::parens >===
19:58:30 INFO ===< BalancedPass::angles >===
19:58:48 INFO ===< BalancedPass::square >===
19:59:27 INFO ===< BalancedPass::curly-inside >===
19:59:42 INFO ===< BalancedPass::parens-inside >===
19:59:43 INFO ===< BalancedPass::angles-inside >===
19:59:57 INFO ===< BalancedPass::square-inside >===
20:00:23 INFO ===< BalancedPass::curly-only >===
20:00:24 INFO ===< BalancedPass::angles-only >===
20:00:42 INFO ===< BalancedPass::square-only >===
20:00:43 INFO ===< ClangPass::remove-namespace >===
20:00:43 INFO ===< ClangPass::aggregate-to-scalar >===
20:00:43 INFO ===< ClangPass::param-to-global >===
20:00:44 INFO ===< ClangPass::param-to-local >===
20:00:44 INFO ===< ClangPass::remove-nested-function >===
20:00:45 INFO ===< ClangPass::union-to-struct >===
20:00:46 INFO ===< ClangPass::return-void >===
20:00:46 INFO ===< ClangPass::simple-inliner >===
20:01:03 INFO ===< ClangPass::reduce-pointer-level >===
20:01:03 INFO ===< ClangPass::lift-assignment-expr >===
20:01:03 INFO ===< ClangPass::copy-propagation >===
20:01:05 INFO ===< ClangHintsPass::callexpr-to-value >===
20:01:05 INFO ===< ClangPass::replace-callexpr >===
20:01:06 INFO ===< ClangPass::simplify-callexpr >===
20:01:06 INFO ===< ClangHintsPass::remove-unused-function >===
20:01:06 INFO using C++ standard: c++2b with 0 transformation opportunities
20:01:07 INFO ===< ClangBinarySearchPass::remove-unused-enum-member >===
20:01:07 INFO ===< ClangPass::remove-enum-member-value >===
20:01:07 INFO using C++ standard: c++2b with 16 transformation opportunities
20:01:14 INFO ===< ClangBinarySearchPass::remove-unused-var >===
20:01:14 INFO ===< ClangPass::simplify-if >===
20:01:14 INFO ===< ClangPass::reduce-array-dim >===
20:01:14 INFO ===< ClangPass::reduce-array-size >===
20:01:14 INFO ===< ClangPass::move-definition-to-declaration >===
20:01:14 INFO ===< ClangPass::simplify-comma-expr >===
20:01:14 INFO ===< ClangPass::simplify-dependent-typedef >===
20:01:14 INFO ===< ClangPass::replace-simple-typedef >===
20:01:14 INFO ===< ClangHintsPass::replace-dependent-typedef >===
20:01:14 INFO ===< ClangPass::replace-one-level-typedef-type >===
20:02:06 INFO ===< ClangPass::remove-unused-field >===
20:02:07 INFO ===< ClangPass::instantiate-template-type-param-to-int >===
20:02:07 INFO ===< ClangPass::instantiate-template-param >===
20:02:07 INFO ===< ClangPass::template-arg-to-int >===
20:02:07 INFO ===< ClangPass::template-non-type-arg-to-int >===
20:02:07 INFO ===< ClangPass::reduce-class-template-param >===
20:02:07 INFO ===< ClangPass::remove-trivial-base-template >===
20:02:07 INFO ===< ClangPass::class-template-to-class >===
20:02:07 INFO ===< ClangPass::merge-base-class >===
20:02:07 INFO ===< ClangPass::remove-base-class >===
20:02:07 INFO ===< ClangPass::replace-derived-class >===
20:02:07 INFO ===< ClangPass::remove-unresolved-base >===
20:02:07 INFO ===< ClangPass::remove-ctor-initializer >===
20:02:07 INFO ===< ClangPass::replace-class-with-base-template-spec >===
20:02:07 INFO ===< ClangPass::simplify-nested-class >===
20:02:08 INFO ===< ClangPass::remove-unused-outer-class >===
20:02:09 INFO ===< ClangPass::empty-struct-to-int >===
20:02:09 INFO ===< ClangPass::remove-pointer >===
20:02:09 INFO ===< ClangPass::reduce-pointer-pairs >===
20:02:09 INFO ===< ClangPass::remove-array >===
20:02:09 INFO ===< ClangPass::remove-addr-taken >===
20:02:09 INFO ===< ClangPass::simplify-struct >===
20:02:09 INFO ===< ClangPass::replace-undefined-function >===
20:02:09 INFO ===< ClangPass::replace-array-index-var >===
20:02:09 INFO ===< ClangPass::replace-array-access-with-index >===
20:02:09 INFO ===< ClangPass::replace-dependent-name >===
20:02:09 INFO ===< ClangPass::simplify-recursive-template-instantiation >===
20:02:10 INFO ===< ClangPass::vector-to-array >===
20:02:10 INFO ===< ClangPass::remove-try-catch >===
20:02:10 INFO ===< ClangPass::class-to-struct >===
20:03:01 INFO ===< ClangPass::member-to-global >===
20:03:11 INFO ===< LinesPass::0 >===
20:05:30 INFO ===< LinesPass::1 >===
20:05:45 INFO ===< LinesPass::2 >===
20:05:45 INFO ===< LinesPass::3 >===
20:05:45 INFO ===< LinesPass::4 >===
20:05:45 INFO ===< LinesPass::6 >===
20:05:45 INFO ===< LinesPass::8 >===
20:05:45 INFO ===< LinesPass::10 >===
20:05:45 INFO ===< CommentsPass >===
20:05:45 INFO ===< SpecialPass::b >===
20:05:45 INFO ===< SpecialPass::c >===
20:05:45 INFO ===< IndentPass::regular >===
20:05:59 INFO ===< BalancedPass::parens-to-zero >===
22:57:40 INFO ===< ClexHintsPass::rm-toks-1-to-16 >===
1 day, 0:36:09 INFO ===< ClexPass::rm-tok-pattern-4 >===
1 day, 0:36:13 INFO ===< ClangPass::local-to-global >===
1 day, 0:36:50 INFO ===< PeepPass::c >===
1 day, 0:37:18 INFO (14.6%, 9479 bytes, 410 lines)
1 day, 0:37:42 INFO (14.6%, 9478 bytes, 410 lines)
1 day, 0:38:10 INFO (14.6%, 9477 bytes, 410 lines)
1 day, 0:38:35 INFO (14.6%, 9476 bytes, 410 lines)
1 day, 0:39:04 INFO (14.6%, 9475 bytes, 410 lines)
1 day, 0:39:26 INFO (14.6%, 9474 bytes, 410 lines)
1 day, 0:39:46 INFO (14.6%, 9473 bytes, 410 lines)
1 day, 0:40:10 INFO (14.6%, 9472 bytes, 410 lines)
1 day, 0:40:37 INFO (14.6%, 9471 bytes, 410 lines)
1 day, 0:41:05 INFO (14.7%, 9470 bytes, 410 lines)
1 day, 0:41:30 INFO (14.7%, 9469 bytes, 410 lines)
1 day, 0:41:57 INFO (14.7%, 9468 bytes, 410 lines)
1 day, 0:42:19 INFO (14.7%, 9467 bytes, 410 lines)
1 day, 0:42:45 INFO (14.7%, 9466 bytes, 410 lines)
1 day, 0:43:08 INFO (14.7%, 9465 bytes, 410 lines)
1 day, 0:43:33 INFO (14.7%, 9464 bytes, 410 lines)
1 day, 0:43:58 INFO (14.7%, 9463 bytes, 410 lines)
1 day, 0:44:27 INFO (14.7%, 9462 bytes, 410 lines)
1 day, 0:44:52 INFO (14.7%, 9461 bytes, 410 lines)
1 day, 0:45:13 INFO (14.7%, 9460 bytes, 410 lines)
1 day, 0:45:34 INFO (14.8%, 9459 bytes, 410 lines)
1 day, 0:45:50 INFO (14.8%, 9458 bytes, 410 lines)
1 day, 0:45:56 INFO ===< IntsPass::a >===
1 day, 0:45:56 INFO ===< IntsPass::b >===
1 day, 0:45:56 INFO ===< IntsPass::c >===
1 day, 0:45:56 INFO ===< IntsPass::d >===
1 day, 0:45:56 INFO cache hit for HIPProg.hip
1 day, 0:45:56 INFO ===< IntsPass::c >===
1 day, 0:46:16 INFO ===< BalancedPass::parens-only >===
1 day, 0:46:18 INFO ===< ClexPass::delete-string >===
1 day, 0:46:20 INFO Termination check: size was 9480; now 9458
1 day, 0:46:20 ERROR Skipping pass UnIfDefPass
1 day, 0:46:20 INFO ===< ClexPass::define >===
1 day, 0:46:20 INFO ===< IncludeIncludesPass >===
1 day, 0:46:20 INFO ===< TernaryPass::b >===
1 day, 0:46:20 INFO ===< TernaryPass::c >===
1 day, 0:47:03 INFO ===< BalancedPass::curly >===
1 day, 0:47:45 INFO ===< BalancedPass::curly2 >===
1 day, 0:47:45 INFO ===< BalancedPass::curly3 >===
1 day, 0:48:11 INFO ===< BalancedPass::parens >===
1 day, 0:48:12 INFO ===< BalancedPass::angles >===
1 day, 0:48:34 INFO ===< BalancedPass::square >===
1 day, 0:49:15 INFO ===< BalancedPass::curly-inside >===
1 day, 0:49:33 INFO ===< BalancedPass::parens-inside >===
1 day, 0:49:34 INFO ===< BalancedPass::angles-inside >===
1 day, 0:49:55 INFO ===< BalancedPass::square-inside >===
1 day, 0:50:28 INFO ===< BalancedPass::curly-only >===
1 day, 0:50:28 INFO ===< BalancedPass::angles-only >===
1 day, 0:50:53 INFO ===< BalancedPass::square-only >===
1 day, 0:50:53 INFO ===< ClangPass::remove-namespace >===
1 day, 0:50:53 INFO ===< ClangPass::aggregate-to-scalar >===
1 day, 0:50:54 INFO ===< ClangPass::param-to-global >===
1 day, 0:50:57 INFO ===< ClangPass::param-to-local >===
1 day, 0:50:57 INFO ===< ClangPass::remove-nested-function >===
1 day, 0:50:59 INFO ===< ClangPass::union-to-struct >===
1 day, 0:51:01 INFO ===< ClangPass::return-void >===
1 day, 0:51:01 INFO ===< ClangPass::simple-inliner >===
1 day, 0:51:25 INFO ===< ClangPass::reduce-pointer-level >===
1 day, 0:51:25 INFO ===< ClangPass::lift-assignment-expr >===
1 day, 0:51:25 INFO ===< ClangPass::copy-propagation >===
1 day, 0:51:26 INFO ===< ClangHintsPass::callexpr-to-value >===
1 day, 0:51:26 INFO ===< ClangPass::replace-callexpr >===
1 day, 0:51:27 INFO ===< ClangPass::simplify-callexpr >===
1 day, 0:51:28 INFO ===< ClangHintsPass::remove-unused-function >===
1 day, 0:51:28 INFO using C++ standard: c++2b with 0 transformation opportunities
1 day, 0:51:28 INFO ===< ClangBinarySearchPass::remove-unused-enum-member >===
1 day, 0:51:28 INFO ===< ClangPass::remove-enum-member-value >===
1 day, 0:51:28 INFO using C++ standard: c++2b with 16 transformation opportunities
1 day, 0:51:39 INFO ===< ClangBinarySearchPass::remove-unused-var >===
1 day, 0:51:40 INFO ===< ClangPass::simplify-if >===
1 day, 0:51:40 INFO ===< ClangPass::reduce-array-dim >===
1 day, 0:51:40 INFO ===< ClangPass::reduce-array-size >===
1 day, 0:51:40 INFO ===< ClangPass::move-definition-to-declaration >===
1 day, 0:51:40 INFO ===< ClangPass::simplify-comma-expr >===
1 day, 0:51:40 INFO ===< ClangPass::simplify-dependent-typedef >===
1 day, 0:51:40 INFO ===< ClangPass::replace-simple-typedef >===
1 day, 0:51:40 INFO ===< ClangHintsPass::replace-dependent-typedef >===
1 day, 0:51:40 INFO ===< ClangPass::replace-one-level-typedef-type >===
1 day, 0:52:58 INFO ===< ClangPass::remove-unused-field >===
1 day, 0:52:58 INFO ===< ClangPass::instantiate-template-type-param-to-int >===
1 day, 0:52:58 INFO ===< ClangPass::instantiate-template-param >===
1 day, 0:52:58 INFO ===< ClangPass::template-arg-to-int >===
1 day, 0:52:58 INFO ===< ClangPass::template-non-type-arg-to-int >===
1 day, 0:52:58 INFO ===< ClangPass::reduce-class-template-param >===
1 day, 0:52:58 INFO ===< ClangPass::remove-trivial-base-template >===
1 day, 0:52:58 INFO ===< ClangPass::class-template-to-class >===
1 day, 0:52:58 INFO ===< ClangPass::merge-base-class >===
1 day, 0:52:58 INFO ===< ClangPass::remove-base-class >===
1 day, 0:52:58 INFO ===< ClangPass::replace-derived-class >===
1 day, 0:52:58 INFO ===< ClangPass::remove-unresolved-base >===
1 day, 0:52:58 INFO ===< ClangPass::remove-ctor-initializer >===
1 day, 0:52:59 INFO ===< ClangPass::replace-class-with-base-template-spec >===
1 day, 0:52:59 INFO ===< ClangPass::simplify-nested-class >===
1 day, 0:52:59 INFO ===< ClangPass::remove-unused-outer-class >===
1 day, 0:53:00 INFO ===< ClangPass::empty-struct-to-int >===
1 day, 0:53:00 INFO ===< ClangPass::remove-pointer >===
1 day, 0:53:00 INFO ===< ClangPass::reduce-pointer-pairs >===
1 day, 0:53:00 INFO ===< ClangPass::remove-array >===
1 day, 0:53:00 INFO ===< ClangPass::remove-addr-taken >===
1 day, 0:53:01 INFO ===< ClangPass::simplify-struct >===
1 day, 0:53:01 INFO ===< ClangPass::replace-undefined-function >===
1 day, 0:53:01 INFO ===< ClangPass::replace-array-index-var >===
1 day, 0:53:01 INFO ===< ClangPass::replace-array-access-with-index >===
1 day, 0:53:01 INFO ===< ClangPass::replace-dependent-name >===
1 day, 0:53:01 INFO ===< ClangPass::simplify-recursive-template-instantiation >===
1 day, 0:53:01 INFO ===< ClangPass::vector-to-array >===
1 day, 0:53:01 INFO ===< ClangPass::remove-try-catch >===
1 day, 0:53:01 INFO ===< ClangPass::class-to-struct >===
1 day, 0:54:13 INFO ===< ClangPass::member-to-global >===
1 day, 0:54:29 INFO ===< LinesPass::0 >===
1 day, 0:57:38 INFO ===< LinesPass::1 >===
1 day, 0:57:57 INFO ===< LinesPass::2 >===
1 day, 0:57:57 INFO ===< LinesPass::3 >===
1 day, 0:57:57 INFO ===< LinesPass::4 >===
1 day, 0:57:57 INFO ===< LinesPass::6 >===
1 day, 0:57:57 INFO ===< LinesPass::8 >===
1 day, 0:57:57 INFO ===< LinesPass::10 >===
1 day, 0:57:58 INFO ===< CommentsPass >===
1 day, 0:57:58 INFO ===< SpecialPass::b >===
1 day, 0:57:58 INFO ===< SpecialPass::c >===
1 day, 0:57:58 INFO ===< IndentPass::regular >===
1 day, 0:58:14 INFO ===< BalancedPass::parens-to-zero >===
1 day, 3:58:50 INFO ===< ClexHintsPass::rm-toks-1-to-16 >===
1 day, 5:24:40 INFO ===< ClexPass::rm-tok-pattern-4 >===
1 day, 5:24:43 INFO ===< ClangPass::local-to-global >===
1 day, 5:25:28 INFO ===< PeepPass::c >===
1 day, 5:25:36 INFO ===< IntsPass::a >===
1 day, 5:25:36 INFO cache hit for HIPProg.hip
1 day, 5:25:36 INFO ===< IntsPass::b >===
1 day, 5:25:36 INFO cache hit for HIPProg.hip
1 day, 5:25:36 INFO ===< IntsPass::c >===
1 day, 5:25:36 INFO cache hit for HIPProg.hip
1 day, 5:25:36 INFO ===< IntsPass::d >===
1 day, 5:25:36 INFO cache hit for HIPProg.hip
1 day, 5:25:36 INFO ===< IntsPass::c >===
1 day, 5:25:36 INFO cache hit for HIPProg.hip
1 day, 5:25:36 INFO ===< BalancedPass::parens-only >===
1 day, 5:25:36 INFO cache hit for HIPProg.hip
1 day, 5:25:36 INFO ===< ClexPass::delete-string >===
1 day, 5:25:36 INFO cache hit for HIPProg.hip
1 day, 5:25:36 INFO Termination check: size was 9458; now 9458
1 day, 5:25:36 INFO CLEANUP PASSES
1 day, 5:25:36 INFO ===< ClexPass::define >===
1 day, 5:25:40 INFO ===< ClangPass::combine-global-var >===
1 day, 5:25:41 INFO ===< ClangPass::combine-local-var >===
1 day, 5:25:41 INFO ===< ClangPass::simplify-struct-union-decl >===
1 day, 5:25:41 INFO ===< ClangPass::move-global-var >===
1 day, 5:25:41 INFO ===< ClangPass::unify-function-decl >===
1 day, 5:25:41 INFO cache hit for HIPProg.hip
1 day, 5:25:41 INFO ===< LinesPass::0 >===
1 day, 5:25:41 INFO cache hit for HIPProg.hip
1 day, 5:25:41 INFO ===< ClexPass::delete-string >===
1 day, 5:26:06 INFO (14.9%, 9438 bytes, 410 lines)
1 day, 5:26:10 INFO ===< BlankPass >===
1 day, 5:26:13 INFO ===< BlankPass >===
1 day, 5:26:13 INFO ===================== done ====================
===< PASS statistics >===
  pass name                                                     bytes reduced time (s) time (%)   worked   failed  total executed
  IntsPass::a                                                             523  7292.66     6.88      525     4084            4609
  ClexHintsPass::rm-toks-1-to-4                                           192  8671.97     8.18       43    25198           25241
  IntsPass::c                                                             161  1562.04     1.47      119      583             702
  LinesPass::None                                                         121  1866.39     1.76        2     4864            4866
  ClexHintsPass::rm-toks-9-to-12                                          121  8126.38     7.67        6    25009           25015
  ClangPass::remove-unused-field                                          118   237.72     0.22        4      523             527
  IntsPass::b                                                             110   892.04     0.84       55      838             893
  TreeSitterPass::remove-function                                          83    35.08     0.03        2      166             168
  LinesPass::1                                                             80  1967.34     1.86        3     4432            4435
  LinesPass::0                                                             58   293.21     0.28        3      715             718
  BalancedPass::parens-to-zero                                             34   269.63     0.25        3     1363            1366
  TreeSitterPass::replace-function-def-with-decl                           28    31.51     0.03        1      133             134
  IntsPass::d                                                              22   276.28     0.26       22      108             130
  BlankPass                                                                21    71.25     0.07        2      139             141
  BalancedPass::curly2                                                     16   529.54     0.50        1     1249            1250
  BalancedPass::square                                                     12   358.82     0.34        2     1111            1113
  ClexHintsPass::rm-toks-1-to-16                                            9 32663.14    30.82        3    98073           98076
  BalancedPass::parens-only                                                 8   154.76     0.15        5      685             690
  ClangPass::reduce-pointer-level                                           1    65.23     0.06        1      164             165
  RmUnusedFilesPass                                                         0     0.00     0.00        0        0               0
  InlineIncludesPass                                                        0     0.00     0.00        0        0               0
  SpecialPass::c                                                            0     0.02     0.00        0        0               0
  SpecialPass::b                                                            0     0.03     0.00        0        0               0
  LineMarkersPass                                                           0     0.04     0.00        0        0               0
  LinesPass::10                                                             0     0.04     0.00        0        0               0
  LinesPass::6                                                              0     0.04     0.00        0        0               0
  IndentPass::final                                                         0     0.04     0.00        0        1               1
  LinesPass::4                                                              0     0.04     0.00        0        0               0
  LinesPass::8                                                              0     0.05     0.00        0        0               0
  IncludeIncludesPass                                                       0     0.05     0.00        0       12              12
  ClangPass::unify-function-decl                                            0     0.05     0.00        0        4               4
  ClangPass::move-global-var                                                0     0.05     0.00        0        4               4
  TreeSitterPass::erase-namespace                                           0     0.05     0.00        0        0               0
  ClangPass::simplify-struct-union-decl                                     0     0.06     0.00        0        4               4
  ClangModuleMapPass                                                        0     0.06     0.00        0        0               0
  MakefilePass                                                              0     0.08     0.00        0        0               0
  TernaryPass::c                                                            0     0.08     0.00        0        0               0
  LinesPass::3                                                              0     0.09     0.00        0        0               0
  TernaryPass::b                                                            0     0.09     0.00        0        0               0
  IndentPass::regular                                                       0     0.13     0.00        0        3               3
  ClangPass::template-non-type-arg-to-int                                   0     0.13     0.00        0       12              12
  ClangPass::copy-propagation                                               0     0.14     0.00        0       12              12
  ClangPass::instantiate-template-type-param-to-int                         0     0.14     0.00        0       12              12
  ClangPass::remove-trivial-base-template                                   0     0.15     0.00        0       12              12
  ClangPass::instantiate-template-param                                     0     0.15     0.00        0       12              12
  ClangPass::reduce-class-template-param                                    0     0.15     0.00        0       12              12
  ClangPass::remove-unused-outer-class                                      0     0.15     0.00        0       12              12
  ClangPass::template-arg-to-int                                            0     0.15     0.00        0       12              12
  ClangPass::remove-unresolved-base                                         0     0.16     0.00        0       12              12
  ClangPass::class-template-to-class                                        0     0.17     0.00        0       12              12
  ClangPass::replace-class-with-base-template-spec                          0     0.17     0.00        0       12              12
  ClangPass::remove-base-class                                              0     0.17     0.00        0       12              12
  ClangPass::lift-assignment-expr                                           0     0.17     0.00        0       12              12
  ClangPass::replace-derived-class                                          0     0.17     0.00        0       12              12
  ClangPass::simplify-nested-class                                          0     0.17     0.00        0       12              12
  ClangPass::remove-ctor-initializer                                        0     0.18     0.00        0       12              12
  ClangPass::replace-dependent-name                                         0     0.18     0.00        0       12              12
  ClangPass::merge-base-class                                               0     0.18     0.00        0       12              12
  ClangPass::remove-try-catch                                               0     0.19     0.00        0       12              12
  ClangPass::replace-simple-typedef                                         0     0.19     0.00        0       12              12
  ClangPass::move-definition-to-declaration                                 0     0.19     0.00        0       12              12
  ClangPass::remove-addr-taken                                              0     0.19     0.00        0       12              12
  ClangHintsPass::replace-dependent-typedef                                 0     0.19     0.00        0        0               0
  ClangPass::class-to-struct                                                0     0.19     0.00        0       12              12
  ClangPass::reduce-pointer-pairs                                           0     0.19     0.00        0       12              12
  ClangPass::simplify-struct                                                0     0.20     0.00        0       12              12
  ClangPass::reduce-array-size                                              0     0.20     0.00        0       12              12
  ClangPass::simplify-comma-expr                                            0     0.20     0.00        0       12              12
  ClangPass::replace-array-index-var                                        0     0.20     0.00        0       12              12
  ClangPass::replace-one-level-typedef-type                                 0     0.20     0.00        0       12              12
  ClangPass::simplify-dependent-typedef                                     0     0.20     0.00        0       12              12
  ClangPass::remove-array                                                   0     0.21     0.00        0       12              12
  ClangPass::vector-to-array                                                0     0.21     0.00        0       12              12
  ClangPass::simplify-recursive-template-instantiation                      0     0.21     0.00        0       12              12
  ClangPass::replace-undefined-function                                     0     0.21     0.00        0       12              12
  ClangPass::reduce-array-dim                                               0     0.21     0.00        0       12              12
  ClangPass::replace-array-access-with-index                                0     0.23     0.00        0       12              12
  ClangPass::replace-callexpr                                               0     0.23     0.00        0       16              16
  ClangPass::simple-inliner                                                 0     0.23     0.00        0       12              12
  ClangPass::remove-pointer                                                 0     0.23     0.00        0       12              12
  ClangPass::simplify-if                                                    0     0.24     0.00        0       12              12
  ClangPass::remove-enum-member-value                                       0     0.29     0.00        0       16              16
  ClangPass::remove-nested-function                                         0     0.41     0.00        0       12              12
  ClangPass::remove-namespace                                               0     0.44     0.00        0       12              12
  ClangPass::combine-local-var                                              0     0.47     0.00        0        7               7
  ClangPass::param-to-global                                                0     0.50     0.00        0       12              12
  SpecialPass::a                                                            0     0.51     0.00        0        2               2
  ClangIncludeGraphPass                                                     0     0.52     0.00        0        0               0
  ClexPass::define                                                          0     0.73     0.00        0        8               8
  ClangHintsPass::remove-unused-function (30 T)                             0     0.93     0.00        0        1               1
  ClangPass::empty-struct-to-int                                            0     1.03     0.00        0       12              12
  IncludesPass                                                              0     1.07     0.00        0        4               4
  ClangPass::return-void                                                    0     1.21     0.00        0       12              12
  ClexPass::delete-string                                                   0     1.47     0.00        0        8               8
  ClangBinarySearchPass::remove-unused-enum-member                          0     1.48     0.00        0        0               0
  ClangPass::param-to-local                                                 0     1.70     0.00        0       12              12
  ClangHintsPass::replace-function-def-with-decl (30 T)                     0     1.99     0.00        0        3               3
  ClangPass::simplify-callexpr                                              0     2.71     0.00        0       52              52
  ClangHintsPass::remove-unused-function                                    0     3.09     0.00        0       20              20
  ClangPass::combine-global-var                                             0     3.37     0.00        0       11              11
  BalancedPass::angles-only                                                 0     4.70     0.00        0       45              45
  BalancedPass::angles-inside                                               0     4.84     0.00        0       48              48
  BalancedPass::angles                                                      0     5.40     0.01        0       51              51
  BalancedPass::curly3                                                      0     6.43     0.01        0        2               2
  ClangHintsPass::replace-function-def-with-decl                            0     8.31     0.01        0       51              51
  ClangPass::local-to-global                                                0     9.48     0.01        0       51              51
  CommentsPass                                                              0    10.39     0.01        0      420             420
  ClangHintsPass::callexpr-to-value                                         0    10.49     0.01        0      180             180
  ClangBinarySearchPass::remove-unused-var                                  0    35.67     0.03        0      124             124
  PeepPass::c                                                               0    86.67     0.08        0    29212           29212
  ClangPass::member-to-global                                               0   180.27     0.17        0      471             471
  BalancedPass::parens-inside                                               0   263.25     0.25        1     1285            1286
  BalancedPass::parens                                                      0   296.65     0.28        0     1280            1280
  BalancedPass::square-inside                                               0   314.48     0.30        0      950             950
  BalancedPass::square-only                                                 0   327.78     0.31        0      962             962
  BalancedPass::curly-only                                                  0   377.36     0.36        0     1020            1020
  LinesPass::2                                                              0   399.15     0.38        0      855             855
  BalancedPass::curly                                                       0   518.16     0.49        0     1249            1249
  BalancedPass::curly-inside                                                0   567.02     0.54        0      383             383
  ClexHintsPass::rm-toks-13-to-16                                           0  7974.54     7.53        0    25010           25010
  ClexHintsPass::rm-toks-5-to-8                                             0  8227.12     7.76        0    25106           25106
  ClexPass::rm-tok-pattern-4                                                0 15746.94    14.86        0    49181           49181
  ClangPass::union-to-struct                                               -1     3.58     0.00        1       15              16
  ClangPass::aggregate-to-scalar                                          -59    38.03     0.04        4       24              28
  Folding (merging transformations from other passes)                     582   146.10     0.14       43       20              63

Runtime: 105973 seconds
Reduced test-cases:

--- HIPProg.hip ---
#include <hip/hip_runtime.h>
#include "HIPSmith.h"
#include "safe_math_macros.h"
#define transparent_crc(X, Y, Z) transparent_crc_(&crc64_context, X, , )
struct U0 {};
union U1 {
   int8_t  f0;
   uint8_t  f1;
};
struct S2 {
    uint8_t g_9[4][6];
    int32_t g_16;
    int32_t *g_17;
    U1 g_24;
    int16_t g_46;
    uint64_t g_97;
    uint16_t g_99;
    int32_t g_112;
    uint32_t g_114[5];
    int8_t *g_126;
    uint16_t *g_133[6];
    uint8_t g_142;
    int16_t g_155;
    int8_t *g_191;
    int32_t *g_206;
    int8_t g_232[9];
    uint8_t g_284[6];
    uint64_t g_293;
    uint16_t **g_295[2];
    uint16_t ***g_294;
    U0 g_307;
    uint16_t *g_320;
    int64_t g_322;
    int32_t g_330;
    uint8_t g_332;
    int8_t g_336;
    uint32_t *g_372[3][2];
    uint32_t **g_371;
    uint8_t g_390;
    int32_t **g_418;
    uint64_t g_434;
    int32_t ***g_459;
    int32_t g_606;
    int64_t g_609;
    uint16_t g_610;
    U1 g_636;
    uint16_t g_692;
    int8_t *g_726;
    uint32_t g_742;
    int64_t g_763;
    uint16_t g_768;
    int32_t ****g_849;
    int32_t *****g_848;
    int64_t g_886;
    int16_t g_888;
    uint32_t g_890;
    uint32_t g_931;
    U0 *g_1001;
    U0 **g_1000;
    uint32_t *g_1104;
    uint32_t *g_1105;
    uint16_t g_1153;
    int32_t g_1193;
    int16_t g_1194;
    uint8_t g_1197;
    uint32_t ***g_1276;
    uint32_t ****g_1275;
    int32_t g_1441;
    uint16_t g_1473;
    uint32_t g_1528;
    int64_t g_1531;
    int32_t g_1532;
    int32_t g_1533;
    int32_t g_1534;
    uint32_t g_1535;
    U0 ***g_1540;
    U0 ****g_1539;
    uint8_t *g_1605;
    uint32_t g_1700;
    int32_t g_1714;
    int8_t **g_1857;
    int8_t **g_1858;
    int16_t g_1887;
    int16_t g_1910;
    int64_t g_1939;
    int64_t g_1940;
    int64_t g_1942;
    int64_t g_1943;
    uint8_t g_1946;
    uint32_t g_1968;
    int32_t g_1978;
    int32_t g_2026;
    int64_t *g_2057;
    uint64_t *g_2083;
    uint64_t g_2082;
    uint64_t *g_2149;
    int64_t g_2157;
    uint64_t g_2159;
    U0 *g_2194;
    uint32_t g_2202;
    int32_t g_2217;
    uint16_t g_2218;
    uint64_t g_2221;
    int64_t g_2258;
    int16_t **g_2418;
    uint32_t g_2426;
    uint8_t **g_2452;
    uint8_t ***g_2451;
    U0 **g_2482;
    U1 g_2492;
    uint8_t g_2520;
    uint32_t g_2534;
    uint8_t g_2627;
    int32_t g_2684[2][9];
    uint16_t ****g_2698;
    uint32_t g_2717;
    uint8_t g_2723;
    int32_t g_2747;
    int16_t g_2763;
    int32_t g_2764;
    int32_t g_2765;
    int64_t g_2766;
    uint8_t g_2767;
    U0 *g_2821;
    uint32_t g_2853;
    int32_t *g_2864;
    int32_t **g_2863;
    U1 **g_2909;
    uint32_t g_2927;
    uint64_t g_2984;
    int32_t g_3065;
    int8_t g_3077;
    uint8_t g_3080;
    uint64_t g_3113;
    int16_t *g_3124;
    int16_t g_3132;
    int16_t g_3200;
    int64_t g_3240;
    uint16_t g_3276;
    uint64_t g_3339;
    uint64_t g_3374;
    uint8_t ****g_3396;
    uint8_t *****g_3395;
    int64_t g_3413;
    int16_t g_3414;
    uint32_t g_3416;
    uint32_t g_3475;
    int16_t ***g_3498;
    int16_t ****g_3497;
    int16_t *****g_3496;
    uint32_t **g_3596;
    uint32_t ***g_3595;
    int32_t g_3604;
    int8_t g_3607;
    uint64_t g_3610;
    U1 *g_3615;
    U1 g_3614;
    int32_t g_3663;
    U1 g_3671;
    int64_t g_3769;
    int8_t g_3783;
    uint16_t g_3833;
    uint32_t g_3868;
    uint64_t g_3892;
};
__device__ int32_t * func_18(int32_t  , int32_t  , U1  , S2 * );
__device__ U0  func_29(int32_t ** , U1  , int16_t  , U1  , S2 * );
__device__ int32_t ** func_34(int64_t  , int32_t * , int32_t  , int32_t ** , S2 * );
__device__ int32_t * func_39(int16_t  , uint64_t  , int32_t ** , int32_t * , S2 * );
__device__ int16_t  func_51(int64_t  , int32_t * , int16_t  , int16_t  , S2 * );
__device__ U0  func_1(S2 * p_3898)
{
    uint16_t l_23 = 1;
    func_18(0, l_23, p_3898->g_24, p_3898);
    return *p_3898->g_1001;
}
__device__ int32_t * func_18(int32_t  p_19, int32_t  , U1  p_21, S2 * p_3898)
{
    int16_t *l_45 = &p_3898->g_46;
    int32_t *l_59 = &p_3898->g_16;
    U1 l_635 {};
    if (func_29(func_34(p_19, func_39(*l_45 , func_51(0, l_59, p_3898->g_9[1][4], p_21.f0, p_3898) , &p_3898->g_206, &p_3898->g_112, p_3898), p_3898->g_24.f0, &l_59, p_3898), l_635, l_635.f0, p_3898->g_636, p_3898) , p_3898) 
    return &p_3898->g_1532;
}
__device__ U0  func_29(int32_t ** , U1  , int16_t  , U1  , S2 * p_3898)
{
    ***p_3898->g_294 = 5;
    return p_3898->g_307;
}
__device__ int32_t ** func_34(int64_t  , int32_t * , int32_t  , int32_t ** , S2 * p_3898)
{
    int32_t **l_427 = &p_3898->g_206;
    return l_427;
}
__device__ int32_t * func_39(int16_t  , uint64_t  , int32_t ** , int32_t * , S2 * )
{ 
    return 0;
}
__device__ int16_t  func_51(int64_t  , int32_t * , int16_t  p_54, int16_t  , S2 * p_3898)
{
        uint64_t l_95[][8][5] {4073709551609, 3, 4, 3, 0, 4073709551609, 3, 4, 3, 0, 18446744073709551609};
        for (p_3898->g_16 = 5; p_3898->g_16 ; p_3898->g_16 -= 1)
        {
                uint64_t *l_96 = &p_3898->g_97;
                uint64_t *l_103 = &l_95[0][2][0];
                *l_103 = safe_mod_func_uint64_t_u_u(*l_96 |= l_95[0][2][0], p_54 );
        }
    return p_3898->g_155;
}
__global__ void hipsmith_kernel(uint64_t *results) {
    S2 c_3899;
    S2* p_3898 = &c_3899;
    U0 ***p_3898_69;
    U0 *p_3898_51;
    U0 **p_3898_52;
    U1 *p_3898_103_0_7_0;
    S2 c_3900 {
        {9, 9, 5, 6, 1, 6, 9, 9, 5, 6, 1}, 
        5, 
        nullptr, 
        1, 
        3, 
        8, 
        5, 
        1, 
        4, 4, 1, 4, 
        3, 
        &p_3898->g_24.f0, 
        &p_3898->g_99, &p_3898->g_99, &p_3898->g_99, &p_3898->g_99, &p_3898->g_99, &p_3898->g_99, 
        4, 
        0, 
        nullptr, 
        &p_3898->g_112, 
        3, 3, 3, 3, 3, 3, 3, 3, 3, 
        3, 3, 3, 3, 3, 3, 
        0, 
        &p_3898->g_133[3], &p_3898->g_133[3], 
        &p_3898->g_295[0], 
        {}, 
        &p_3898->g_99, 
        0, 
        0, 
        0, 
        4, 
        {}, 
        &p_3898->g_372[2][0], 
        {}, 
        &p_3898->g_17, 
        4073709551615, 
        nullptr, 
        1, 
        9, 
        5, 
        {}, 
        3, 
        nullptr, 
        4073709551615, 
        1, 
        6, 
        &p_3898->g_459, 
        &p_3898->g_849, 
        0, 
        1, 
        2, 
        0, 
        &p_3898->g_307, 
        &p_3898_51, 
        nullptr, 
        nullptr, 
        2, 
        0, 
        0, 
        0, 
        &p_3898->g_371, 
        &p_3898->g_1276, 
        4, 
        4, 
        4073709551606, 
        0, 
        9, 
        1, 
        3, 
        3, 
        &p_3898_52, 
        &p_3898_69, 
        &p_3898->g_636.f1, 
        0, 
        2, 
        &p_3898->g_126, 
        &p_3898->g_191, 
        1, 
        {}, 
        0, 
        {}, 
        0, 
        0, 
        1, 
        4073709551615, 
        2, 
        7, 
        nullptr, 
        nullptr, 
        {}, 
        nullptr, 
        {}, 
        1, 
        nullptr, 
        0, 
        1, 
        3, 
        1, 
        {}, 
        nullptr, 
        {}, 
        nullptr, 
        &p_3898->g_2452, 
        &p_3898_51, 
        {}, 
        5, 
        0, 
        0, 
        {}, 
        &p_3898->g_294, 
        1, 
        {}, 
        8, 
        {}, 
        1, 
        8, 
        7, 
        3, 
        &p_3898->g_307, 
        1, 
        &p_3898->g_2684[1][6], 
        &p_3898->g_2864, 
        &p_3898_103_0_7_0, 
        {}, 
        7, 
        7, 
        2, 
        {}, 
        4, 
        &p_3898->g_155, 
        9, 
        7, 
        3, 
        0, 
        0, 
        0, 
        &p_3898->g_2451, 
        &p_3898->g_3396, 
        4, 
        9, 
        {}, 
        3, 
        &p_3898->g_2418, 
        &p_3898->g_3498, 
        &p_3898->g_3497, 
        &p_3898->g_1104, 
        &p_3898->g_3596, 
        {}, 
        1, 
        2, 
        nullptr, 
        {}, 
        {}, 
        {}, 
        1, 
        {}, 
        7, 
        9, 
        8};
    c_3899 = c_3900;
    func_1(p_3898);
    uint64_t crc64_context = 0xFFFFFFFFFFFFFFFFUL;
    transparent_crc(p_3898->g_97, , );
    int tid = threadIdx.x + blockIdx.x * blockDim.x;
    results[tid] = (crc64_context ^ 0xFFFFFFFFFFFFFFFFUL);
}
// ------------------------------------------------------------------
// Host Main
// ------------------------------------------------------------------
int main(int argc, const char* argv[]) {
    // Config
    const unsigned int num_threads = 4;
    const unsigned int block_size = 4;
    // Host Alloc
    std::vector<uint64_t> h_results(num_threads);
    const size_t results_bytes = sizeof(uint64_t) * h_results.size();
    // Device Alloc
    uint64_t *d_results;
    HIP_CHECK(hipMalloc((void**)&d_results, results_bytes));
    HIP_CHECK(hipMemset(d_results, 0, results_bytes));
    // Dimensions
    const dim3 block_dim(block_size);
    const dim3 grid_dim((num_threads + block_size - 1) / block_size);
    // Launch
    hipLaunchKernelGGL(hipsmith_kernel, grid_dim, block_dim, 0, 0, d_results);
    HIP_CHECK(hipGetLastError());
    HIP_CHECK(hipDeviceSynchronize());
    // Copy Back
    HIP_CHECK(hipMemcpy(h_results.data(), d_results, results_bytes, hipMemcpyDeviceToHost));
    // Free
    HIP_CHECK(hipFree(d_results));
    // Output
    for (size_t i = 0; i < h_results.size(); ++i) {
        printf("Thread %zu CRC: %lu\n", i, h_results[i]);
    }
    return 0;
}

