00:00:00 ERROR Prereqs not found for pass UnIfDefPass
00:00:00 ERROR Prereqs not found for pass IfPass
00:00:00 ERROR Prereqs not found for pass UnIfDefPass
00:00:12 INFO ===< 3566715 >===
00:00:12 INFO running 4 interestingness tests in parallel
00:00:12 INFO (0.0%, 121609 bytes, 1315 lines)
00:00:12 INFO INITIAL PASSES (interleaving)
00:00:12 INFO ===<  >===
00:07:45 INFO (80.2%, 24025 bytes, 536 lines, via BalancedPass::curly-inside + LinesPass::3 + TreeSitterPass::remove-function + LinesPass::4 + CommentsPass + ClangHintsPass::callexpr-to-value + BalancedPass::curly3 + LinesPass::0 + BlankPass + ClexHintsPass::rm-toks-1-to-4)
00:14:18 INFO (85.8%, 17230 bytes, 478 lines, via BalancedPass::curly3 + LinesPass::2 + BalancedPass::curly-inside + LinesPass::3 + ClangHintsPass::callexpr-to-value + BalancedPass::parens-to-zero + BlankPass + CommentsPass)
00:20:42 INFO (88.4%, 14131 bytes, 441 lines, via LinesPass::2 + LinesPass::1 + BalancedPass::curly-inside + ClangHintsPass::callexpr-to-value + LinesPass::0 + LinesPass::3 + BalancedPass::parens-to-zero + BalancedPass::curly3 + BlankPass + ClexHintsPass::rm-toks-1-to-4)
00:27:42 INFO (90.2%, 11945 bytes, 380 lines, via LinesPass::2 + BalancedPass::parens-to-zero + BalancedPass::curly-inside + LinesPass::1 + BalancedPass::curly + BalancedPass::square + BalancedPass::curly2)
00:34:57 INFO (92.1%, 9655 bytes, 320 lines, via LinesPass::None + LinesPass::1 + LinesPass::2 + BalancedPass::parens-to-zero + BalancedPass::curly-inside + BalancedPass::curly2 + BalancedPass::square + BalancedPass::parens-only + ClexHintsPass::rm-toks-1-to-4)
00:40:11 INFO (92.5%, 9101 bytes, 299 lines, via LinesPass::None + LinesPass::3 + BalancedPass::parens-to-zero + LinesPass::1 + BalancedPass::parens-only + BlankPass + BalancedPass::square + BalancedPass::curly)
00:46:51 INFO (93.3%, 8092 bytes, 268 lines, via LinesPass::1 + LinesPass::None + BalancedPass::parens-to-zero + ClexHintsPass::rm-toks-1-to-4 + BalancedPass::parens-only + BalancedPass::curly3)
00:54:30 INFO (93.5%, 7860 bytes, 264 lines, via BalancedPass::parens-to-zero + LinesPass::3 + LinesPass::1 + ClexHintsPass::rm-toks-1-to-4 + BalancedPass::parens-only)
00:58:38 INFO (93.8%, 7536 bytes, 254 lines, via LinesPass::None + LinesPass::1 + ClexHintsPass::rm-toks-1-to-4)
01:06:18 INFO (94.0%, 7319 bytes, 243 lines, via LinesPass::1 + LinesPass::None + ClexHintsPass::rm-toks-1-to-4 + BalancedPass::curly3 + BalancedPass::curly-only)
01:11:26 INFO (94.1%, 7235 bytes, 241 lines, via LinesPass::None + ClexHintsPass::rm-toks-1-to-4 + BlankPass + BalancedPass::square)
01:18:35 INFO (94.3%, 6958 bytes, 235 lines, via LinesPass::None + ClexHintsPass::rm-toks-1-to-4)
01:23:16 INFO (94.3%, 6898 bytes, 234 lines, via ClexHintsPass::rm-toks-1-to-4 + LinesPass::None)
01:26:33 INFO (94.3%, 6873 bytes, 233 lines, via BalancedPass::parens-to-zero + LinesPass::None + ClexHintsPass::rm-toks-1-to-4 + BalancedPass::parens-only)
01:31:20 INFO (94.4%, 6840 bytes, 233 lines, via ClexHintsPass::rm-toks-1-to-4 + BalancedPass::parens-only + BalancedPass::parens-to-zero)
01:38:56 INFO (94.5%, 6696 bytes, 231 lines, via ClexHintsPass::rm-toks-5-to-8 + ClexHintsPass::rm-toks-9-to-12 + LinesPass::1 + ClexHintsPass::rm-toks-1-to-4 + BalancedPass::square)
01:44:40 INFO (94.6%, 6529 bytes, 228 lines, via ClexHintsPass::rm-toks-9-to-12 + ClexHintsPass::rm-toks-1-to-4 + TreeSitterPass::replace-function-def-with-decl + ClexHintsPass::rm-toks-5-to-8 + ClexHintsPass::rm-toks-13-to-16)
01:48:39 INFO (94.8%, 6373 bytes, 222 lines, via TreeSitterPass::remove-function + LinesPass::None + ClexHintsPass::rm-toks-1-to-4)
01:53:15 INFO (94.9%, 6162 bytes, 220 lines, via ClexHintsPass::rm-toks-1-to-4 + LinesPass::0 + ClexHintsPass::rm-toks-5-to-8 + LinesPass::None)
01:57:54 INFO (95.0%, 6131 bytes, 218 lines, via LinesPass::None + BalancedPass::parens-to-zero)
02:02:35 INFO (95.0%, 6030 bytes, 216 lines, via LinesPass::None + ClexHintsPass::rm-toks-1-to-4 + BalancedPass::parens-only)
02:05:35 INFO (95.0%, 6026 bytes, 216 lines, via BalancedPass::parens-only)
02:09:10 INFO (95.1%, 6002 bytes, 215 lines, via LinesPass::1)
02:12:37 INFO (95.1%, 5965 bytes, 214 lines, via ClexHintsPass::rm-toks-1-to-4)
02:15:21 INFO (95.1%, 5963 bytes, 214 lines, via BalancedPass::parens-only)
02:25:57 INFO (95.1%, 5959 bytes, 214 lines, via ClexHintsPass::rm-toks-1-to-4)
02:28:32 INFO (95.1%, 5956 bytes, 214 lines, via ClexHintsPass::rm-toks-1-to-4)
02:31:56 INFO (95.1%, 5925 bytes, 214 lines, via ClexHintsPass::rm-toks-9-to-12)
02:35:16 INFO (95.2%, 5878 bytes, 212 lines, via BalancedPass::curly-inside + BalancedPass::parens-to-zero + ClexHintsPass::rm-toks-1-to-4)
02:38:08 INFO (95.2%, 5812 bytes, 212 lines, via ClexHintsPass::rm-toks-9-to-12 + BalancedPass::parens-inside)
02:41:44 INFO (95.3%, 5728 bytes, 208 lines, via LinesPass::0 + ClexHintsPass::rm-toks-5-to-8)
02:44:55 INFO (95.3%, 5670 bytes, 208 lines, via ClexHintsPass::rm-toks-9-to-12)
02:49:39 INFO (95.4%, 5641 bytes, 208 lines, via ClexHintsPass::rm-toks-1-to-4)
02:54:40 INFO (95.4%, 5540 bytes, 204 lines, via LinesPass::None + ClexHintsPass::rm-toks-1-to-4)
03:00:04 INFO (95.4%, 5536 bytes, 204 lines, via ClexHintsPass::rm-toks-1-to-4)
03:04:35 INFO (95.5%, 5474 bytes, 204 lines, via ClexHintsPass::rm-toks-1-to-4 + BalancedPass::parens-only)
03:07:56 INFO (95.5%, 5434 bytes, 203 lines, via ClexHintsPass::rm-toks-5-to-8)
03:10:16 INFO (95.5%, 5419 bytes, 202 lines, via LinesPass::1)
03:19:08 INFO (95.5%, 5417 bytes, 202 lines, via BalancedPass::parens-only)
03:20:59 INFO (95.5%, 5415 bytes, 202 lines, via BalancedPass::parens-only)
03:23:14 INFO (95.6%, 5383 bytes, 202 lines, via ClexHintsPass::rm-toks-9-to-12)
03:26:43 INFO (95.6%, 5364 bytes, 200 lines, via BalancedPass::curly-inside + BalancedPass::square)
03:29:20 INFO (95.6%, 5339 bytes, 199 lines, via LinesPass::1)
03:35:19 INFO (95.6%, 5337 bytes, 199 lines, via BalancedPass::parens-only)
03:53:55 INFO (95.6%, 5328 bytes, 199 lines, via ClexHintsPass::rm-toks-1-to-4)
03:59:58 INFO (95.7%, 5289 bytes, 198 lines, via LinesPass::1)
04:34:57 INFO INITIAL PASSES
04:34:57 ERROR Skipping pass UnIfDefPass
04:34:57 ERROR Skipping pass IfPass
04:34:57 INFO ===< BalancedPass::angles, BalancedPass::angles-inside, BalancedPass::angles-only, BalancedPass::curly, BalancedPass::curly-inside, BalancedPass::curly-only, BalancedPass::curly2, BalancedPass::curly3, BalancedPass::parens, BalancedPass::parens-inside, BalancedPass::parens-only, BalancedPass::parens-to-zero, BalancedPass::square, BalancedPass::square-inside, BalancedPass::square-only, BlankPass, ClangHintsPass::callexpr-to-value, ClangHintsPass::remove-unused-function, ClangHintsPass::replace-dependent-typedef, ClangHintsPass::replace-function-def-with-decl, ClangIncludeGraphPass, ClangModuleMapPass, ClexHintsPass::rm-toks-1-to-4, ClexHintsPass::rm-toks-13-to-16, ClexHintsPass::rm-toks-5-to-8, ClexHintsPass::rm-toks-9-to-12, CommentsPass, InlineIncludesPass, LineMarkersPass, LinesPass::0, LinesPass::1, LinesPass::10, LinesPass::2, LinesPass::3, LinesPass::4, LinesPass::6, LinesPass::8, LinesPass::None, MakefilePass, RmUnusedFilesPass, TreeSitterPass::erase-namespace, TreeSitterPass::remove-function, TreeSitterPass::replace-function-def-with-decl >===
04:35:00 INFO ===< IncludesPass >===
04:35:01 INFO ===< CommentsPass >===
04:35:01 INFO ===< LineMarkersPass >===
04:35:04 INFO ===< BlankPass >===
04:35:05 INFO ===< ClangHintsPass::replace-function-def-with-decl (30 T) >===
04:35:05 INFO ===< ClangHintsPass::remove-unused-function (30 T) >===
04:35:05 INFO cache hit for HIPProg.hip
04:35:05 INFO ===< ClangHintsPass::replace-function-def-with-decl (30 T) >===
04:35:05 INFO cache hit for HIPProg.hip
04:35:05 INFO ===< ClangHintsPass::remove-unused-function (30 T) >===
04:35:05 INFO ===< ClangHintsPass::replace-function-def-with-decl >===
04:35:05 INFO ===< ClangHintsPass::remove-unused-function >===
04:35:17 INFO ===< LinesPass::0 >===
04:36:45 INFO ===< LinesPass::1 >===
04:37:04 INFO ===< LinesPass::2 >===
04:37:04 INFO ===< LinesPass::3 >===
04:37:04 INFO ===< LinesPass::4 >===
04:37:04 INFO ===< LinesPass::6 >===
04:37:04 INFO ===< LinesPass::8 >===
04:37:04 INFO ===< LinesPass::10 >===
04:37:04 INFO cache hit for HIPProg.hip
04:37:04 INFO ===< ClangHintsPass::replace-function-def-with-decl >===
04:37:04 INFO cache hit for HIPProg.hip
04:37:04 INFO ===< ClangHintsPass::remove-unused-function >===
04:37:04 INFO cache hit for HIPProg.hip
04:37:04 INFO ===< ClangHintsPass::remove-unused-function >===
04:37:24 INFO ===< BalancedPass::curly >===
04:37:40 INFO ===< BalancedPass::curly2 >===
04:37:54 INFO ===< BalancedPass::curly3 >===
04:38:08 INFO ===< BalancedPass::parens-to-zero >===
04:38:10 INFO ===< ClangHintsPass::callexpr-to-value >===
04:38:10 INFO ===< ClangPass::replace-callexpr >===
04:38:18 INFO ===< ClangPass::simplify-callexpr >===
04:38:17 INFO using C++ standard: c++2b with 0 transformation opportunities
04:38:18 INFO ===< ClangBinarySearchPass::remove-unused-enum-member >===
04:38:18 INFO ===< ClangPass::remove-enum-member-value >===
04:38:18 INFO using C++ standard: c++2b with 14 transformation opportunities
04:38:30 INFO ===< ClangBinarySearchPass::remove-unused-var >===
04:38:31 INFO ===< SpecialPass::a >===
04:38:31 INFO ===< SpecialPass::b >===
04:38:31 INFO INTERLEAVING PASSES
04:38:31 INFO ===< SpecialPass::c >===
04:50:58 INFO (95.7%, 5288 bytes, 198 lines, via ClexHintsPass::rm-toks-1-to-4)
05:02:09 INFO (95.7%, 5287 bytes, 198 lines, via ClexHintsPass::rm-toks-1-to-4)
05:06:06 INFO (95.7%, 5266 bytes, 198 lines, via ClexHintsPass::rm-toks-1-to-4)
05:10:17 INFO (95.7%, 5243 bytes, 198 lines, via ClexHintsPass::rm-toks-1-to-4)
05:14:26 INFO (95.7%, 5227 bytes, 198 lines, via ClexHintsPass::rm-toks-1-to-4)
05:18:00 INFO (95.7%, 5216 bytes, 198 lines, via ClexHintsPass::rm-toks-1-to-4)
05:20:56 INFO (95.7%, 5206 bytes, 198 lines, via ClexHintsPass::rm-toks-1-to-4)
05:24:42 INFO (95.7%, 5204 bytes, 198 lines, via ClexHintsPass::rm-toks-1-to-4)
06:42:28 INFO Termination check: size was 5289; now 5204
06:42:28 INFO ===< BalancedPass::angles, BalancedPass::angles-inside, BalancedPass::angles-only, BalancedPass::curly, BalancedPass::curly-inside, BalancedPass::curly-only, BalancedPass::curly2, BalancedPass::curly3, BalancedPass::parens, BalancedPass::parens-inside, BalancedPass::parens-only, BalancedPass::parens-to-zero, BalancedPass::square, BalancedPass::square-inside, BalancedPass::square-only, BlankPass, ClangHintsPass::callexpr-to-value, ClangHintsPass::remove-unused-function, ClangHintsPass::replace-dependent-typedef, ClangHintsPass::replace-function-def-with-decl, ClangIncludeGraphPass, ClangModuleMapPass, ClexHintsPass::rm-toks-1-to-4, ClexHintsPass::rm-toks-13-to-16, ClexHintsPass::rm-toks-5-to-8, ClexHintsPass::rm-toks-9-to-12, CommentsPass, InlineIncludesPass, LineMarkersPass, LinesPass::0, LinesPass::1, LinesPass::10, LinesPass::2, LinesPass::3, LinesPass::4, LinesPass::6, LinesPass::8, LinesPass::None, MakefilePass, RmUnusedFilesPass, TreeSitterPass::erase-namespace, TreeSitterPass::remove-function, TreeSitterPass::replace-function-def-with-decl >===
06:56:05 INFO (95.7%, 5197 bytes, 198 lines, via ClexHintsPass::rm-toks-1-to-4)
07:06:31 INFO (95.7%, 5191 bytes, 198 lines, via ClexHintsPass::rm-toks-1-to-4)
07:11:23 INFO (95.7%, 5184 bytes, 198 lines, via ClexHintsPass::rm-toks-1-to-4)
07:18:05 INFO (95.7%, 5180 bytes, 198 lines, via ClexHintsPass::rm-toks-1-to-4)
08:38:53 INFO Termination check: size was 5204; now 5180
08:38:53 INFO ===< BalancedPass::angles, BalancedPass::angles-inside, BalancedPass::angles-only, BalancedPass::curly, BalancedPass::curly-inside, BalancedPass::curly-only, BalancedPass::curly2, BalancedPass::curly3, BalancedPass::parens, BalancedPass::parens-inside, BalancedPass::parens-only, BalancedPass::parens-to-zero, BalancedPass::square, BalancedPass::square-inside, BalancedPass::square-only, BlankPass, ClangHintsPass::callexpr-to-value, ClangHintsPass::remove-unused-function, ClangHintsPass::replace-dependent-typedef, ClangHintsPass::replace-function-def-with-decl, ClangIncludeGraphPass, ClangModuleMapPass, ClexHintsPass::rm-toks-1-to-4, ClexHintsPass::rm-toks-13-to-16, ClexHintsPass::rm-toks-5-to-8, ClexHintsPass::rm-toks-9-to-12, CommentsPass, InlineIncludesPass, LineMarkersPass, LinesPass::0, LinesPass::1, LinesPass::10, LinesPass::2, LinesPass::3, LinesPass::4, LinesPass::6, LinesPass::8, LinesPass::None, MakefilePass, RmUnusedFilesPass, TreeSitterPass::erase-namespace, TreeSitterPass::remove-function, TreeSitterPass::replace-function-def-with-decl >===
10:09:56 INFO Termination check: size was 5180; now 5180
10:09:56 INFO MAIN PASSES
10:09:56 ERROR Skipping pass UnIfDefPass
10:09:56 INFO ===< BalancedPass::angles, BalancedPass::angles-inside, BalancedPass::angles-only, BalancedPass::curly, BalancedPass::curly-inside, BalancedPass::curly-only, BalancedPass::curly2, BalancedPass::curly3, BalancedPass::parens, BalancedPass::parens-inside, BalancedPass::parens-only, BalancedPass::parens-to-zero, BalancedPass::square, BalancedPass::square-inside, BalancedPass::square-only, BlankPass, ClangHintsPass::callexpr-to-value, ClangHintsPass::remove-unused-function, ClangHintsPass::replace-dependent-typedef, ClangHintsPass::replace-function-def-with-decl, ClangIncludeGraphPass, ClangModuleMapPass, ClexHintsPass::rm-toks-1-to-4, ClexHintsPass::rm-toks-13-to-16, ClexHintsPass::rm-toks-5-to-8, ClexHintsPass::rm-toks-9-to-12, CommentsPass, InlineIncludesPass, LineMarkersPass, LinesPass::0, LinesPass::1, LinesPass::10, LinesPass::2, LinesPass::3, LinesPass::4, LinesPass::6, LinesPass::8, LinesPass::None, MakefilePass, RmUnusedFilesPass, TreeSitterPass::erase-namespace, TreeSitterPass::remove-function, TreeSitterPass::replace-function-def-with-decl >===
10:09:56 INFO ===< IncludeIncludesPass >===
10:09:56 INFO ===< TernaryPass::b >===
10:09:56 INFO ===< TernaryPass::c >===
10:10:15 INFO ===< BalancedPass::curly >===
10:10:36 INFO ===< BalancedPass::curly2 >===
10:10:36 INFO ===< BalancedPass::curly3 >===
10:10:55 INFO ===< BalancedPass::parens >===
10:10:55 INFO ===< BalancedPass::angles >===
10:11:10 INFO ===< BalancedPass::square >===
10:11:38 INFO ===< BalancedPass::curly-inside >===
10:11:54 INFO ===< BalancedPass::parens-inside >===
10:11:55 INFO ===< BalancedPass::angles-inside >===
10:12:07 INFO ===< BalancedPass::square-inside >===
10:12:24 INFO ===< BalancedPass::curly-only >===
10:12:25 INFO ===< BalancedPass::angles-only >===
10:12:37 INFO ===< BalancedPass::square-only >===
10:12:37 INFO ===< ClangPass::remove-namespace >===
10:12:51 INFO (95.7%, 5196 bytes, 199 lines)
10:13:03 INFO (95.7%, 5214 bytes, 200 lines)
10:13:03 INFO ===< ClangPass::aggregate-to-scalar >===
10:13:03 INFO ===< ClangPass::param-to-global >===
10:13:04 INFO ===< ClangPass::param-to-local >===
10:13:04 INFO ===< ClangPass::remove-nested-function >===
10:13:14 INFO (95.7%, 5215 bytes, 200 lines)
10:13:14 INFO ===< ClangPass::union-to-struct >===
10:13:15 INFO ===< ClangPass::return-void >===
10:13:15 INFO ===< ClangPass::simple-inliner >===
10:13:33 INFO (95.7%, 5214 bytes, 200 lines)
10:13:36 INFO ===< ClangPass::reduce-pointer-level >===
10:13:36 INFO ===< ClangPass::lift-assignment-expr >===
10:13:36 INFO ===< ClangPass::copy-propagation >===
10:13:37 INFO ===< ClangHintsPass::callexpr-to-value >===
10:13:37 INFO ===< ClangPass::replace-callexpr >===
10:13:38 INFO ===< ClangPass::simplify-callexpr >===
10:13:38 INFO ===< ClangHintsPass::remove-unused-function >===
10:13:38 INFO using C++ standard: c++2b with 0 transformation opportunities
10:13:39 INFO ===< ClangBinarySearchPass::remove-unused-enum-member >===
10:13:39 INFO ===< ClangPass::remove-enum-member-value >===
10:13:38 INFO using C++ standard: c++2b with 14 transformation opportunities
10:13:44 INFO ===< ClangBinarySearchPass::remove-unused-var >===
10:13:44 INFO ===< ClangPass::simplify-if >===
10:13:44 INFO ===< ClangPass::reduce-array-dim >===
10:13:44 INFO ===< ClangPass::reduce-array-size >===
10:13:45 INFO ===< ClangPass::move-definition-to-declaration >===
10:13:45 INFO ===< ClangPass::simplify-comma-expr >===
10:13:45 INFO ===< ClangPass::simplify-dependent-typedef >===
10:13:45 INFO ===< ClangPass::replace-simple-typedef >===
10:13:45 INFO ===< ClangHintsPass::replace-dependent-typedef >===
10:13:45 INFO ===< ClangPass::replace-one-level-typedef-type >===
10:14:06 INFO (95.7%, 5189 bytes, 198 lines)
10:14:29 INFO (95.8%, 5167 bytes, 196 lines)
10:14:47 INFO (95.8%, 5145 bytes, 194 lines)
10:15:11 INFO (95.8%, 5113 bytes, 192 lines)
10:15:34 INFO (95.8%, 5072 bytes, 190 lines)
10:15:51 INFO (95.8%, 5050 bytes, 188 lines)
10:16:08 INFO (95.9%, 5019 bytes, 186 lines)
10:16:34 INFO (95.9%, 4997 bytes, 184 lines)
10:16:54 INFO (95.9%, 4957 bytes, 182 lines)
10:17:12 INFO (96.0%, 4911 bytes, 180 lines)
10:17:27 INFO (96.0%, 4885 bytes, 178 lines)
10:17:50 INFO (96.0%, 4839 bytes, 176 lines)
10:18:05 INFO (96.0%, 4807 bytes, 174 lines)
10:18:22 INFO (96.1%, 4781 bytes, 172 lines)
10:18:45 INFO (96.1%, 4735 bytes, 170 lines)
10:19:04 INFO (96.1%, 4697 bytes, 168 lines)
10:19:27 INFO (96.2%, 4656 bytes, 166 lines)
10:19:44 INFO (96.2%, 4618 bytes, 164 lines)
10:20:05 INFO (96.2%, 4592 bytes, 162 lines)
10:20:21 INFO (96.2%, 4564 bytes, 160 lines)
10:20:47 INFO (96.3%, 4537 bytes, 158 lines)
10:21:07 INFO (96.3%, 4507 bytes, 156 lines)
10:21:31 INFO (96.3%, 4473 bytes, 154 lines)
10:21:53 INFO (96.4%, 4428 bytes, 152 lines)
10:22:15 INFO (96.4%, 4405 bytes, 150 lines)
10:22:37 INFO (96.4%, 4360 bytes, 148 lines)
10:23:00 INFO (96.4%, 4325 bytes, 146 lines)
10:23:21 INFO (96.5%, 4289 bytes, 144 lines)
10:23:39 INFO (96.5%, 4246 bytes, 142 lines)
10:23:58 INFO (96.5%, 4208 bytes, 140 lines)
10:24:16 INFO (96.6%, 4165 bytes, 138 lines)
10:24:39 INFO (96.6%, 4134 bytes, 136 lines)
10:25:01 INFO (96.6%, 4101 bytes, 134 lines)
10:25:24 INFO (96.7%, 4057 bytes, 132 lines)
10:25:40 INFO (96.7%, 4029 bytes, 130 lines)
10:25:57 INFO (96.7%, 4000 bytes, 128 lines)
10:26:19 INFO (96.7%, 3953 bytes, 126 lines)
10:26:39 INFO (96.8%, 3911 bytes, 124 lines)
10:26:57 INFO (96.8%, 3864 bytes, 122 lines)
10:27:12 INFO (96.8%, 3841 bytes, 120 lines)
10:27:23 INFO (96.9%, 3806 bytes, 118 lines)
10:27:23 INFO ===< ClangPass::remove-unused-field >===
10:27:23 INFO ===< ClangPass::instantiate-template-type-param-to-int >===
10:27:24 INFO ===< ClangPass::instantiate-template-param >===
10:27:24 INFO ===< ClangPass::template-arg-to-int >===
10:27:24 INFO ===< ClangPass::template-non-type-arg-to-int >===
10:27:24 INFO ===< ClangPass::reduce-class-template-param >===
10:27:24 INFO ===< ClangPass::remove-trivial-base-template >===
10:27:24 INFO ===< ClangPass::class-template-to-class >===
10:27:24 INFO ===< ClangPass::merge-base-class >===
10:27:24 INFO ===< ClangPass::remove-base-class >===
10:27:24 INFO ===< ClangPass::replace-derived-class >===
10:27:24 INFO ===< ClangPass::remove-unresolved-base >===
10:27:24 INFO ===< ClangPass::remove-ctor-initializer >===
10:27:24 INFO ===< ClangPass::replace-class-with-base-template-spec >===
10:27:25 INFO ===< ClangPass::simplify-nested-class >===
10:27:25 INFO ===< ClangPass::remove-unused-outer-class >===
10:27:26 INFO ===< ClangPass::empty-struct-to-int >===
10:27:43 INFO (96.9%, 3805 bytes, 118 lines)
10:27:57 INFO (96.9%, 3804 bytes, 118 lines)
10:28:06 INFO (96.9%, 3803 bytes, 118 lines)
10:28:06 INFO ===< ClangPass::remove-pointer >===
10:28:06 INFO ===< ClangPass::reduce-pointer-pairs >===
10:28:07 INFO ===< ClangPass::remove-array >===
10:28:07 INFO ===< ClangPass::remove-addr-taken >===
10:28:07 INFO ===< ClangPass::simplify-struct >===
10:28:07 INFO ===< ClangPass::replace-undefined-function >===
10:28:07 INFO ===< ClangPass::replace-array-index-var >===
10:28:07 INFO ===< ClangPass::replace-array-access-with-index >===
10:28:07 INFO ===< ClangPass::replace-dependent-name >===
10:28:07 INFO ===< ClangPass::simplify-recursive-template-instantiation >===
10:28:07 INFO ===< ClangPass::vector-to-array >===
10:28:07 INFO ===< ClangPass::remove-try-catch >===
10:28:07 INFO ===< ClangPass::class-to-struct >===
10:28:22 INFO (96.9%, 3804 bytes, 118 lines)
10:28:26 INFO ===< ClangPass::member-to-global >===
10:28:42 INFO ===< LinesPass::0 >===
10:29:47 INFO (96.9%, 3780 bytes, 117 lines)
10:30:02 INFO (96.9%, 3762 bytes, 116 lines)
10:30:16 INFO ===< LinesPass::1 >===
10:30:21 INFO ===< LinesPass::2 >===
10:30:21 INFO ===< LinesPass::3 >===
10:30:21 INFO ===< LinesPass::4 >===
10:30:21 INFO ===< LinesPass::6 >===
10:30:21 INFO ===< LinesPass::8 >===
10:30:21 INFO ===< LinesPass::10 >===
10:30:21 INFO ===< CommentsPass >===
10:30:21 INFO ===< SpecialPass::b >===
10:30:21 INFO ===< SpecialPass::c >===
10:30:21 INFO ===< IndentPass::regular >===
10:30:33 INFO ===< BalancedPass::parens-to-zero >===
10:31:13 INFO (96.9%, 3760 bytes, 116 lines)
10:31:52 INFO (96.9%, 3759 bytes, 116 lines)
10:38:25 INFO (96.9%, 3747 bytes, 115 lines)
11:27:42 INFO ===< ClexHintsPass::rm-toks-1-to-16 >===
12:02:45 INFO ===< ClexPass::rm-tok-pattern-4 >===
12:02:46 INFO ===< ClangPass::local-to-global >===
12:03:00 INFO ===< PeepPass::c >===
12:03:15 INFO (96.9%, 3746 bytes, 115 lines)
12:03:29 INFO ===< IntsPass::a >===
12:03:43 INFO (96.9%, 3744 bytes, 115 lines)
12:03:43 INFO ===< IntsPass::b >===
12:04:06 INFO (96.9%, 3743 bytes, 115 lines)
12:04:26 INFO (96.9%, 3741 bytes, 115 lines)
12:04:51 INFO (96.9%, 3739 bytes, 115 lines)
12:05:12 INFO (96.9%, 3738 bytes, 115 lines)
12:05:27 INFO (96.9%, 3737 bytes, 115 lines)
12:05:40 INFO (96.9%, 3736 bytes, 115 lines)
12:05:40 INFO ===< IntsPass::c >===
12:05:40 INFO ===< IntsPass::d >===
12:05:40 INFO ===< IntsPass::c >===
12:06:03 INFO ===< BalancedPass::parens-only >===
12:06:22 INFO ===< ClexPass::delete-string >===
12:06:25 INFO Termination check: size was 5180; now 3736
12:06:25 ERROR Skipping pass UnIfDefPass
12:06:25 INFO ===< ClexPass::define >===
12:06:25 INFO ===< IncludeIncludesPass >===
12:06:25 INFO ===< TernaryPass::b >===
12:06:25 INFO ===< TernaryPass::c >===
12:07:01 INFO ===< BalancedPass::curly >===
12:07:34 INFO ===< BalancedPass::curly2 >===
12:07:34 INFO ===< BalancedPass::curly3 >===
12:07:57 INFO ===< BalancedPass::parens >===
12:07:58 INFO ===< BalancedPass::angles >===
12:08:10 INFO ===< BalancedPass::square >===
12:08:34 INFO (96.9%, 3731 bytes, 114 lines)
12:09:05 INFO ===< BalancedPass::curly-inside >===
12:09:25 INFO ===< BalancedPass::parens-inside >===
12:09:27 INFO ===< BalancedPass::angles-inside >===
12:09:38 INFO ===< BalancedPass::square-inside >===
12:09:48 INFO ===< BalancedPass::curly-only >===
12:09:49 INFO ===< BalancedPass::angles-only >===
12:09:59 INFO ===< BalancedPass::square-only >===
12:09:59 INFO ===< ClangPass::remove-namespace >===
12:10:00 INFO ===< ClangPass::aggregate-to-scalar >===
12:10:00 INFO ===< ClangPass::param-to-global >===
12:10:02 INFO ===< ClangPass::param-to-local >===
12:10:02 INFO ===< ClangPass::remove-nested-function >===
12:10:02 INFO ===< ClangPass::union-to-struct >===
12:10:03 INFO ===< ClangPass::return-void >===
12:10:04 INFO ===< ClangPass::simple-inliner >===
12:10:06 INFO ===< ClangPass::reduce-pointer-level >===
12:10:06 INFO ===< ClangPass::lift-assignment-expr >===
12:10:07 INFO ===< ClangPass::copy-propagation >===
12:10:10 INFO ===< ClangHintsPass::callexpr-to-value >===
12:10:10 INFO ===< ClangPass::replace-callexpr >===
12:10:12 INFO ===< ClangPass::simplify-callexpr >===
12:10:13 INFO ===< ClangHintsPass::remove-unused-function >===
12:10:13 INFO using C++ standard: c++2b with 0 transformation opportunities
12:10:14 INFO ===< ClangBinarySearchPass::remove-unused-enum-member >===
12:10:14 INFO ===< ClangPass::remove-enum-member-value >===
12:10:14 INFO using C++ standard: c++2b with 12 transformation opportunities
12:10:19 INFO ===< ClangBinarySearchPass::remove-unused-var >===
12:10:19 INFO ===< ClangPass::simplify-if >===
12:10:19 INFO ===< ClangPass::reduce-array-dim >===
12:10:19 INFO ===< ClangPass::reduce-array-size >===
12:10:19 INFO ===< ClangPass::move-definition-to-declaration >===
12:10:19 INFO ===< ClangPass::simplify-comma-expr >===
12:10:19 INFO ===< ClangPass::simplify-dependent-typedef >===
12:10:20 INFO ===< ClangPass::replace-simple-typedef >===
12:10:20 INFO ===< ClangHintsPass::replace-dependent-typedef >===
12:10:20 INFO ===< ClangPass::replace-one-level-typedef-type >===
12:10:43 INFO (97.0%, 3707 bytes, 112 lines)
12:11:08 INFO (97.0%, 3685 bytes, 110 lines)
12:11:26 INFO (97.0%, 3645 bytes, 108 lines)
12:11:41 INFO (97.0%, 3611 bytes, 106 lines)
12:11:55 INFO (97.1%, 3559 bytes, 104 lines)
12:11:55 INFO ===< ClangPass::remove-unused-field >===
12:11:55 INFO ===< ClangPass::instantiate-template-type-param-to-int >===
12:11:55 INFO ===< ClangPass::instantiate-template-param >===
12:11:56 INFO ===< ClangPass::template-arg-to-int >===
12:11:56 INFO ===< ClangPass::template-non-type-arg-to-int >===
12:11:56 INFO ===< ClangPass::reduce-class-template-param >===
12:11:56 INFO ===< ClangPass::remove-trivial-base-template >===
12:11:56 INFO ===< ClangPass::class-template-to-class >===
12:11:56 INFO ===< ClangPass::merge-base-class >===
12:11:56 INFO ===< ClangPass::remove-base-class >===
12:11:57 INFO ===< ClangPass::replace-derived-class >===
12:11:57 INFO ===< ClangPass::remove-unresolved-base >===
12:11:57 INFO ===< ClangPass::remove-ctor-initializer >===
12:11:57 INFO ===< ClangPass::replace-class-with-base-template-spec >===
12:11:57 INFO ===< ClangPass::simplify-nested-class >===
12:12:00 INFO ===< ClangPass::remove-unused-outer-class >===
12:12:01 INFO ===< ClangPass::empty-struct-to-int >===
12:12:01 INFO ===< ClangPass::remove-pointer >===
12:12:01 INFO ===< ClangPass::reduce-pointer-pairs >===
12:12:01 INFO ===< ClangPass::remove-array >===
12:12:01 INFO ===< ClangPass::remove-addr-taken >===
12:12:01 INFO ===< ClangPass::simplify-struct >===
12:12:01 INFO ===< ClangPass::replace-undefined-function >===
12:12:01 INFO ===< ClangPass::replace-array-index-var >===
12:12:02 INFO ===< ClangPass::replace-array-access-with-index >===
12:12:02 INFO ===< ClangPass::replace-dependent-name >===
12:12:02 INFO ===< ClangPass::simplify-recursive-template-instantiation >===
12:12:02 INFO ===< ClangPass::vector-to-array >===
12:12:02 INFO ===< ClangPass::remove-try-catch >===
12:12:02 INFO ===< ClangPass::class-to-struct >===
12:12:04 INFO ===< ClangPass::member-to-global >===
12:12:16 INFO ===< LinesPass::0 >===
12:13:16 INFO ===< LinesPass::1 >===
12:13:20 INFO ===< LinesPass::2 >===
12:13:20 INFO ===< LinesPass::3 >===
12:13:21 INFO ===< LinesPass::4 >===
12:13:21 INFO ===< LinesPass::6 >===
12:13:21 INFO ===< LinesPass::8 >===
12:13:21 INFO ===< LinesPass::10 >===
12:13:21 INFO ===< CommentsPass >===
12:13:21 INFO ===< SpecialPass::b >===
12:13:21 INFO ===< SpecialPass::c >===
12:13:21 INFO ===< IndentPass::regular >===
12:13:36 INFO ===< BalancedPass::parens-to-zero >===
12:15:17 INFO (97.1%, 3558 bytes, 104 lines)
12:15:40 INFO (97.1%, 3557 bytes, 104 lines)
12:15:57 INFO (97.1%, 3556 bytes, 104 lines)
12:20:41 INFO (97.1%, 3543 bytes, 104 lines)
12:21:00 INFO (97.1%, 3541 bytes, 104 lines)
12:24:36 INFO (97.1%, 3528 bytes, 103 lines)
12:25:44 INFO (97.1%, 3524 bytes, 103 lines)
13:11:49 INFO ===< ClexHintsPass::rm-toks-1-to-16 >===
13:15:19 INFO (97.1%, 3523 bytes, 103 lines)
13:39:06 INFO ===< ClexPass::rm-tok-pattern-4 >===
13:39:07 INFO ===< ClangPass::local-to-global >===
13:39:21 INFO ===< PeepPass::c >===
13:39:33 INFO ===< IntsPass::a >===
13:39:33 INFO ===< IntsPass::b >===
13:39:33 INFO ===< IntsPass::c >===
13:39:34 INFO ===< IntsPass::d >===
13:39:34 INFO cache hit for HIPProg.hip
13:39:34 INFO ===< IntsPass::c >===
13:39:46 INFO ===< BalancedPass::parens-only >===
13:39:48 INFO ===< ClexPass::delete-string >===
13:39:49 INFO Termination check: size was 3736; now 3523
13:39:49 ERROR Skipping pass UnIfDefPass
13:39:49 INFO ===< ClexPass::define >===
13:39:49 INFO ===< IncludeIncludesPass >===
13:39:49 INFO ===< TernaryPass::b >===
13:39:49 INFO ===< TernaryPass::c >===
13:40:10 INFO ===< BalancedPass::curly >===
13:40:26 INFO ===< BalancedPass::curly2 >===
13:40:26 INFO ===< BalancedPass::curly3 >===
13:40:49 INFO ===< BalancedPass::parens >===
13:40:50 INFO ===< BalancedPass::angles >===
13:40:55 INFO ===< BalancedPass::square >===
13:41:34 INFO ===< BalancedPass::curly-inside >===
13:41:48 INFO ===< BalancedPass::parens-inside >===
13:41:49 INFO ===< BalancedPass::angles-inside >===
13:41:54 INFO ===< BalancedPass::square-inside >===
13:42:05 INFO ===< BalancedPass::curly-only >===
13:42:05 INFO ===< BalancedPass::angles-only >===
13:42:10 INFO ===< BalancedPass::square-only >===
13:42:10 INFO ===< ClangPass::remove-namespace >===
13:42:10 INFO ===< ClangPass::aggregate-to-scalar >===
13:42:11 INFO ===< ClangPass::param-to-global >===
13:42:12 INFO ===< ClangPass::param-to-local >===
13:42:12 INFO ===< ClangPass::remove-nested-function >===
13:42:12 INFO ===< ClangPass::union-to-struct >===
13:42:14 INFO ===< ClangPass::return-void >===
13:42:14 INFO ===< ClangPass::simple-inliner >===
13:42:16 INFO ===< ClangPass::reduce-pointer-level >===
13:42:16 INFO ===< ClangPass::lift-assignment-expr >===
13:42:16 INFO ===< ClangPass::copy-propagation >===
13:42:17 INFO ===< ClangHintsPass::callexpr-to-value >===
13:42:17 INFO ===< ClangPass::replace-callexpr >===
13:42:19 INFO ===< ClangPass::simplify-callexpr >===
13:42:19 INFO ===< ClangHintsPass::remove-unused-function >===
13:42:19 INFO using C++ standard: c++2b with 0 transformation opportunities
13:42:19 INFO ===< ClangBinarySearchPass::remove-unused-enum-member >===
13:42:19 INFO ===< ClangPass::remove-enum-member-value >===
13:42:19 INFO using C++ standard: c++2b with 12 transformation opportunities
13:42:24 INFO ===< ClangBinarySearchPass::remove-unused-var >===
13:42:24 INFO ===< ClangPass::simplify-if >===
13:42:24 INFO ===< ClangPass::reduce-array-dim >===
13:42:24 INFO ===< ClangPass::reduce-array-size >===
13:42:24 INFO ===< ClangPass::move-definition-to-declaration >===
13:42:24 INFO ===< ClangPass::simplify-comma-expr >===
13:42:24 INFO ===< ClangPass::simplify-dependent-typedef >===
13:42:25 INFO ===< ClangPass::replace-simple-typedef >===
13:42:25 INFO ===< ClangHintsPass::replace-dependent-typedef >===
13:42:25 INFO ===< ClangPass::replace-one-level-typedef-type >===
13:42:37 INFO (97.1%, 3495 bytes, 101 lines)
13:42:37 INFO ===< ClangPass::remove-unused-field >===
13:42:37 INFO ===< ClangPass::instantiate-template-type-param-to-int >===
13:42:37 INFO ===< ClangPass::instantiate-template-param >===
13:42:38 INFO ===< ClangPass::template-arg-to-int >===
13:42:38 INFO ===< ClangPass::template-non-type-arg-to-int >===
13:42:38 INFO ===< ClangPass::reduce-class-template-param >===
13:42:38 INFO ===< ClangPass::remove-trivial-base-template >===
13:42:38 INFO ===< ClangPass::class-template-to-class >===
13:42:38 INFO ===< ClangPass::merge-base-class >===
13:42:38 INFO ===< ClangPass::remove-base-class >===
13:42:39 INFO ===< ClangPass::replace-derived-class >===
13:42:39 INFO ===< ClangPass::remove-unresolved-base >===
13:42:39 INFO ===< ClangPass::remove-ctor-initializer >===
13:42:39 INFO ===< ClangPass::replace-class-with-base-template-spec >===
13:42:39 INFO ===< ClangPass::simplify-nested-class >===
13:42:42 INFO ===< ClangPass::remove-unused-outer-class >===
13:42:43 INFO ===< ClangPass::empty-struct-to-int >===
13:42:43 INFO ===< ClangPass::remove-pointer >===
13:42:43 INFO ===< ClangPass::reduce-pointer-pairs >===
13:42:43 INFO ===< ClangPass::remove-array >===
13:42:43 INFO ===< ClangPass::remove-addr-taken >===
13:42:43 INFO ===< ClangPass::simplify-struct >===
13:42:43 INFO ===< ClangPass::replace-undefined-function >===
13:42:43 INFO ===< ClangPass::replace-array-index-var >===
13:42:44 INFO ===< ClangPass::replace-array-access-with-index >===
13:42:44 INFO ===< ClangPass::replace-dependent-name >===
13:42:44 INFO ===< ClangPass::simplify-recursive-template-instantiation >===
13:42:44 INFO ===< ClangPass::vector-to-array >===
13:42:44 INFO ===< ClangPass::remove-try-catch >===
13:42:44 INFO ===< ClangPass::class-to-struct >===
13:42:46 INFO ===< ClangPass::member-to-global >===
13:42:55 INFO ===< LinesPass::0 >===
13:43:42 INFO ===< LinesPass::1 >===
13:43:47 INFO ===< LinesPass::2 >===
13:43:47 INFO ===< LinesPass::3 >===
13:43:47 INFO ===< LinesPass::4 >===
13:43:47 INFO ===< LinesPass::6 >===
13:43:47 INFO ===< LinesPass::8 >===
13:43:47 INFO ===< LinesPass::10 >===
13:43:48 INFO ===< CommentsPass >===
13:43:48 INFO ===< SpecialPass::b >===
13:43:48 INFO ===< SpecialPass::c >===
13:43:48 INFO ===< IndentPass::regular >===
13:44:00 INFO ===< BalancedPass::parens-to-zero >===
14:38:56 INFO ===< ClexHintsPass::rm-toks-1-to-16 >===
15:08:13 INFO ===< ClexPass::rm-tok-pattern-4 >===
15:08:14 INFO ===< ClangPass::local-to-global >===
15:08:29 INFO ===< PeepPass::c >===
15:08:41 INFO ===< IntsPass::a >===
15:08:41 INFO ===< IntsPass::b >===
15:08:41 INFO ===< IntsPass::c >===
15:08:41 INFO ===< IntsPass::d >===
15:08:41 INFO cache hit for HIPProg.hip
15:08:41 INFO ===< IntsPass::c >===
15:08:53 INFO ===< BalancedPass::parens-only >===
15:08:54 INFO ===< ClexPass::delete-string >===
15:08:56 INFO Termination check: size was 3523; now 3495
15:08:56 ERROR Skipping pass UnIfDefPass
15:08:56 INFO ===< ClexPass::define >===
15:08:56 INFO ===< IncludeIncludesPass >===
15:08:56 INFO ===< TernaryPass::b >===
15:08:56 INFO ===< TernaryPass::c >===
15:09:13 INFO ===< BalancedPass::curly >===
15:09:30 INFO ===< BalancedPass::curly2 >===
15:09:30 INFO ===< BalancedPass::curly3 >===
15:09:54 INFO ===< BalancedPass::parens >===
15:09:55 INFO ===< BalancedPass::angles >===
15:10:00 INFO ===< BalancedPass::square >===
15:10:35 INFO ===< BalancedPass::curly-inside >===
15:10:52 INFO ===< BalancedPass::parens-inside >===
15:10:53 INFO ===< BalancedPass::angles-inside >===
15:10:59 INFO ===< BalancedPass::square-inside >===
15:11:05 INFO ===< BalancedPass::curly-only >===
15:11:06 INFO ===< BalancedPass::angles-only >===
15:11:12 INFO ===< BalancedPass::square-only >===
15:11:12 INFO ===< ClangPass::remove-namespace >===
15:11:12 INFO ===< ClangPass::aggregate-to-scalar >===
15:11:12 INFO ===< ClangPass::param-to-global >===
15:11:13 INFO ===< ClangPass::param-to-local >===
15:11:13 INFO ===< ClangPass::remove-nested-function >===
15:11:13 INFO ===< ClangPass::union-to-struct >===
15:11:15 INFO ===< ClangPass::return-void >===
15:11:15 INFO ===< ClangPass::simple-inliner >===
15:11:16 INFO ===< ClangPass::reduce-pointer-level >===
15:11:16 INFO ===< ClangPass::lift-assignment-expr >===
15:11:16 INFO ===< ClangPass::copy-propagation >===
15:11:18 INFO ===< ClangHintsPass::callexpr-to-value >===
15:11:18 INFO ===< ClangPass::replace-callexpr >===
15:11:20 INFO ===< ClangPass::simplify-callexpr >===
15:11:21 INFO ===< ClangHintsPass::remove-unused-function >===
15:11:21 INFO using C++ standard: c++2b with 0 transformation opportunities
15:11:22 INFO ===< ClangBinarySearchPass::remove-unused-enum-member >===
15:11:22 INFO ===< ClangPass::remove-enum-member-value >===
15:11:21 INFO using C++ standard: c++2b with 12 transformation opportunities
15:11:28 INFO ===< ClangBinarySearchPass::remove-unused-var >===
15:11:28 INFO ===< ClangPass::simplify-if >===
15:11:28 INFO ===< ClangPass::reduce-array-dim >===
15:11:28 INFO ===< ClangPass::reduce-array-size >===
15:11:28 INFO ===< ClangPass::move-definition-to-declaration >===
15:11:28 INFO ===< ClangPass::simplify-comma-expr >===
15:11:28 INFO ===< ClangPass::simplify-dependent-typedef >===
15:11:28 INFO ===< ClangPass::replace-simple-typedef >===
15:11:28 INFO ===< ClangHintsPass::replace-dependent-typedef >===
15:11:28 INFO ===< ClangPass::replace-one-level-typedef-type >===
15:11:30 INFO ===< ClangPass::remove-unused-field >===
15:11:30 INFO cache hit for HIPProg.hip
15:11:30 INFO ===< ClangPass::instantiate-template-type-param-to-int >===
15:11:30 INFO cache hit for HIPProg.hip
15:11:30 INFO ===< ClangPass::instantiate-template-param >===
15:11:30 INFO cache hit for HIPProg.hip
15:11:30 INFO ===< ClangPass::template-arg-to-int >===
15:11:30 INFO cache hit for HIPProg.hip
15:11:30 INFO ===< ClangPass::template-non-type-arg-to-int >===
15:11:30 INFO cache hit for HIPProg.hip
15:11:31 INFO ===< ClangPass::reduce-class-template-param >===
15:11:31 INFO cache hit for HIPProg.hip
15:11:31 INFO ===< ClangPass::remove-trivial-base-template >===
15:11:31 INFO cache hit for HIPProg.hip
15:11:31 INFO ===< ClangPass::class-template-to-class >===
15:11:31 INFO cache hit for HIPProg.hip
15:11:31 INFO ===< ClangPass::merge-base-class >===
15:11:31 INFO cache hit for HIPProg.hip
15:11:31 INFO ===< ClangPass::remove-base-class >===
15:11:31 INFO cache hit for HIPProg.hip
15:11:31 INFO ===< ClangPass::replace-derived-class >===
15:11:31 INFO cache hit for HIPProg.hip
15:11:31 INFO ===< ClangPass::remove-unresolved-base >===
15:11:31 INFO cache hit for HIPProg.hip
15:11:31 INFO ===< ClangPass::remove-ctor-initializer >===
15:11:31 INFO cache hit for HIPProg.hip
15:11:31 INFO ===< ClangPass::replace-class-with-base-template-spec >===
15:11:31 INFO cache hit for HIPProg.hip
15:11:31 INFO ===< ClangPass::simplify-nested-class >===
15:11:31 INFO cache hit for HIPProg.hip
15:11:31 INFO ===< ClangPass::remove-unused-outer-class >===
15:11:31 INFO cache hit for HIPProg.hip
15:11:31 INFO ===< ClangPass::empty-struct-to-int >===
15:11:31 INFO cache hit for HIPProg.hip
15:11:31 INFO ===< ClangPass::remove-pointer >===
15:11:31 INFO cache hit for HIPProg.hip
15:11:31 INFO ===< ClangPass::reduce-pointer-pairs >===
15:11:31 INFO cache hit for HIPProg.hip
15:11:31 INFO ===< ClangPass::remove-array >===
15:11:31 INFO cache hit for HIPProg.hip
15:11:31 INFO ===< ClangPass::remove-addr-taken >===
15:11:31 INFO cache hit for HIPProg.hip
15:11:31 INFO ===< ClangPass::simplify-struct >===
15:11:31 INFO cache hit for HIPProg.hip
15:11:31 INFO ===< ClangPass::replace-undefined-function >===
15:11:31 INFO cache hit for HIPProg.hip
15:11:31 INFO ===< ClangPass::replace-array-index-var >===
15:11:31 INFO cache hit for HIPProg.hip
15:11:31 INFO ===< ClangPass::replace-array-access-with-index >===
15:11:31 INFO cache hit for HIPProg.hip
15:11:31 INFO ===< ClangPass::replace-dependent-name >===
15:11:31 INFO cache hit for HIPProg.hip
15:11:31 INFO ===< ClangPass::simplify-recursive-template-instantiation >===
15:11:31 INFO cache hit for HIPProg.hip
15:11:31 INFO ===< ClangPass::vector-to-array >===
15:11:31 INFO cache hit for HIPProg.hip
15:11:31 INFO ===< ClangPass::remove-try-catch >===
15:11:31 INFO cache hit for HIPProg.hip
15:11:31 INFO ===< ClangPass::class-to-struct >===
15:11:31 INFO cache hit for HIPProg.hip
15:11:31 INFO ===< ClangPass::member-to-global >===
15:11:31 INFO cache hit for HIPProg.hip
15:11:31 INFO ===< LinesPass::0 >===
15:11:31 INFO cache hit for HIPProg.hip
15:11:31 INFO ===< LinesPass::1 >===
15:11:31 INFO cache hit for HIPProg.hip
15:11:31 INFO ===< LinesPass::2 >===
15:11:31 INFO cache hit for HIPProg.hip
15:11:31 INFO ===< LinesPass::3 >===
15:11:31 INFO cache hit for HIPProg.hip
15:11:31 INFO ===< LinesPass::4 >===
15:11:31 INFO cache hit for HIPProg.hip
15:11:31 INFO ===< LinesPass::6 >===
15:11:31 INFO cache hit for HIPProg.hip
15:11:31 INFO ===< LinesPass::8 >===
15:11:31 INFO cache hit for HIPProg.hip
15:11:31 INFO ===< LinesPass::10 >===
15:11:31 INFO cache hit for HIPProg.hip
15:11:31 INFO ===< CommentsPass >===
15:11:31 INFO cache hit for HIPProg.hip
15:11:31 INFO ===< SpecialPass::b >===
15:11:31 INFO cache hit for HIPProg.hip
15:11:31 INFO ===< SpecialPass::c >===
15:11:31 INFO cache hit for HIPProg.hip
15:11:31 INFO ===< IndentPass::regular >===
15:11:31 INFO cache hit for HIPProg.hip
15:11:31 INFO ===< BalancedPass::parens-to-zero >===
15:11:31 INFO cache hit for HIPProg.hip
15:11:31 INFO ===< ClexHintsPass::rm-toks-1-to-16 >===
15:11:31 INFO cache hit for HIPProg.hip
15:11:31 INFO ===< ClexPass::rm-tok-pattern-4 >===
15:11:31 INFO cache hit for HIPProg.hip
15:11:31 INFO ===< ClangPass::local-to-global >===
15:11:31 INFO cache hit for HIPProg.hip
15:11:31 INFO ===< PeepPass::c >===
15:11:31 INFO cache hit for HIPProg.hip
15:11:31 INFO ===< IntsPass::a >===
15:11:31 INFO cache hit for HIPProg.hip
15:11:31 INFO ===< IntsPass::b >===
15:11:31 INFO cache hit for HIPProg.hip
15:11:31 INFO ===< IntsPass::c >===
15:11:31 INFO cache hit for HIPProg.hip
15:11:31 INFO ===< IntsPass::d >===
15:11:31 INFO cache hit for HIPProg.hip
15:11:31 INFO ===< IntsPass::c >===
15:11:31 INFO cache hit for HIPProg.hip
15:11:31 INFO ===< BalancedPass::parens-only >===
15:11:31 INFO cache hit for HIPProg.hip
15:11:31 INFO ===< ClexPass::delete-string >===
15:11:31 INFO cache hit for HIPProg.hip
15:11:31 INFO Termination check: size was 3495; now 3495
15:11:31 INFO CLEANUP PASSES
15:11:31 INFO ===< ClexPass::define >===
15:11:33 INFO ===< ClangPass::combine-global-var >===
15:11:34 INFO ===< ClangPass::combine-local-var >===
15:11:34 INFO ===< ClangPass::simplify-struct-union-decl >===
15:11:34 INFO ===< ClangPass::move-global-var >===
15:11:34 INFO ===< ClangPass::unify-function-decl >===
15:11:34 INFO cache hit for HIPProg.hip
15:11:34 INFO ===< LinesPass::0 >===
15:11:34 INFO cache hit for HIPProg.hip
15:11:34 INFO ===< ClexPass::delete-string >===
15:11:56 INFO (97.2%, 3375 bytes, 101 lines)
15:12:22 INFO (97.3%, 3250 bytes, 101 lines)
15:12:25 INFO ===< BlankPass >===
15:12:27 INFO ===< BlankPass >===
15:12:27 INFO ===================== done ====================
===< PASS statistics >===
  pass name                                                     bytes reduced time (s) time (%)   worked   failed  total executed
  BalancedPass::curly-inside                                            43822  1003.64     1.83       18      618             636
  LinesPass::3                                                          21319    93.63     0.17       18       62              80
  TreeSitterPass::remove-function                                       14794    75.78     0.14        2      370             372
  LinesPass::4                                                          13225     3.45     0.01        1        0               1
  CommentsPass                                                           6927    38.03     0.07        7      319             326
  LinesPass::2                                                           2989   244.83     0.45       19      485             504
  LinesPass::1                                                           2823  2079.19     3.80       47     3849            3896
  LinesPass::None                                                        2578  2127.08     3.89       42     4870            4912
  BalancedPass::curly3                                                   2247   235.77     0.43       16       59              75
  ClangHintsPass::callexpr-to-value                                      1914   138.97     0.25       30      345             375
  ClangPass::remove-unused-field                                         1608   603.75     1.10       47      233             280
  BalancedPass::parens-to-zero                                           1476   656.84     1.20       25     2212            2237
  ClexHintsPass::rm-toks-1-to-4                                           739  6524.06    11.92      144    19605           19749
  LinesPass::0                                                            608   382.89     0.70        7     1101            1108
  BlankPass                                                               409   150.73     0.28       11      260             271
  ClexHintsPass::rm-toks-9-to-12                                          256  5719.01    10.45       19    19418           19437
  ClexHintsPass::rm-toks-5-to-8                                           178  5710.81    10.43       17    19488           19505
  BalancedPass::curly                                                     148   539.41     0.99        6     1431            1437
  BalancedPass::parens-only                                                96   597.90     1.09       57     1865            1922
  BalancedPass::square                                                     72   447.64     0.82       15     1272            1287
  ClexHintsPass::rm-toks-1-to-16                                           50 10135.49    18.51       10    39135           39145
  BalancedPass::curly2                                                     35   546.14     1.00       15     1378            1393
  TreeSitterPass::replace-function-def-with-decl                           28    69.91     0.13        2      268             270
  BalancedPass::parens-inside                                              21   511.76     0.93        1     2026            2027
  ClexHintsPass::rm-toks-13-to-16                                          15  5560.23    10.16        2    19389           19391
  IntsPass::c                                                               8    69.18     0.13        6       32              38
  ClangPass::remove-pointer                                                 3    14.72     0.03        3       21              24
  IntsPass::b                                                               2     3.86     0.01        1        8               9
  BalancedPass::curly-only                                                  2   438.66     0.80        7     1147            1154
  ClangPass::reduce-pointer-level                                           1    18.14     0.03        1       56              57
  IntsPass::a                                                               1    21.35     0.04        1       16              17
  ClexPass::rm-tok-pattern-4                                                1  5483.72    10.02        1    19654           19655
  InlineIncludesPass                                                        0     0.00     0.00        0        0               0
  RmUnusedFilesPass                                                         0     0.01     0.00        0        0               0
  SpecialPass::c                                                            0     0.01     0.00        0        0               0
  SpecialPass::b                                                            0     0.02     0.00        0        0               0
  IndentPass::final                                                         0     0.03     0.00        0        1               1
  ClangPass::move-global-var                                                0     0.04     0.00        0        4               4
  ClangPass::unify-function-decl                                            0     0.04     0.00        0        4               4
  ClangPass::simplify-struct-union-decl                                     0     0.04     0.00        0        4               4
  LinesPass::10                                                             0     0.04     0.00        0        0               0
  IncludeIncludesPass                                                       0     0.05     0.00        0       16              16
  LineMarkersPass                                                           0     0.05     0.00        0        0               0
  TernaryPass::b                                                            0     0.05     0.00        0        0               0
  TernaryPass::c                                                            0     0.06     0.00        0        0               0
  IndentPass::regular                                                       0     0.08     0.00        0        3               3
  TreeSitterPass::erase-namespace                                           0     0.10     0.00        0        0               0
  ClangModuleMapPass                                                        0     0.13     0.00        0        0               0
  ClangPass::vector-to-array                                                0     0.13     0.00        0       12              12
  ClangPass::simplify-recursive-template-instantiation                      0     0.14     0.00        0       12              12
  ClangPass::class-to-struct                                                0     0.14     0.00        0       12              12
  ClangPass::remove-try-catch                                               0     0.15     0.00        0       12              12
  ClangPass::replace-dependent-name                                         0     0.15     0.00        0       12              12
  ClangPass::simplify-struct                                                0     0.15     0.00        0       12              12
  ClangPass::replace-array-access-with-index                                0     0.16     0.00        0       12              12
  ClangPass::remove-addr-taken                                              0     0.16     0.00        0       12              12
  ClangPass::replace-undefined-function                                     0     0.16     0.00        0       12              12
  MakefilePass                                                              0     0.16     0.00        0        0               0
  ClangPass::reduce-pointer-pairs                                           0     0.16     0.00        0       12              12
  ClangPass::replace-array-index-var                                        0     0.17     0.00        0       12              12
  ClangPass::remove-array                                                   0     0.17     0.00        0       12              12
  IntsPass::d                                                               0     0.17     0.00        0        6               6
  ClangPass::replace-one-level-typedef-type                                 0     0.18     0.00        0       16              16
  ClangPass::replace-simple-typedef                                         0     0.19     0.00        0       16              16
  ClangPass::reduce-array-dim                                               0     0.20     0.00        0       16              16
  ClangPass::reduce-array-size                                              0     0.20     0.00        0       16              16
  ClangPass::simplify-if                                                    0     0.20     0.00        0       16              16
  ClangPass::simplify-dependent-typedef                                     0     0.21     0.00        0       16              16
  ClangPass::simplify-comma-expr                                            0     0.21     0.00        0       16              16
  ClangPass::move-definition-to-declaration                                 0     0.22     0.00        0       16              16
  ClangHintsPass::remove-unused-function (30 T)                             0     0.23     0.00        0        1               1
  ClangHintsPass::replace-dependent-typedef                                 0     0.24     0.00        0        0               0
  ClangPass::simple-inliner                                                 0     0.27     0.00        0       16              16
  ClangPass::lift-assignment-expr                                           0     0.27     0.00        0       16              16
  ClangPass::remove-unresolved-base                                         0     0.28     0.00        0       12              12
  ClangPass::template-non-type-arg-to-int                                   0     0.29     0.00        0       12              12
  ClangPass::simplify-nested-class                                          0     0.29     0.00        0       12              12
  ClangPass::replace-class-with-base-template-spec                          0     0.30     0.00        0       12              12
  ClangPass::merge-base-class                                               0     0.30     0.00        0       12              12
  ClangPass::remove-ctor-initializer                                        0     0.31     0.00        0       12              12
  ClangPass::remove-trivial-base-template                                   0     0.31     0.00        0       12              12
  ClangPass::class-template-to-class                                        0     0.31     0.00        0       12              12
  ClangPass::remove-base-class                                              0     0.31     0.00        0       12              12
  ClangPass::copy-propagation                                               0     0.32     0.00        0       16              16
  ClangPass::reduce-class-template-param                                    0     0.33     0.00        0       12              12
  ClangHintsPass::replace-function-def-with-decl (30 T)                     0     0.33     0.00        0        3               3
  ClangPass::instantiate-template-param                                     0     0.34     0.00        0       12              12
  ClangPass::replace-derived-class                                          0     0.34     0.00        0       12              12
  ClangPass::instantiate-template-type-param-to-int                         0     0.34     0.00        0       12              12
  ClangPass::template-arg-to-int                                            0     0.35     0.00        0       12              12
  ClangPass::replace-callexpr                                               0     0.37     0.00        0       20              20
  ClangPass::combine-local-var                                              0     0.38     0.00        0        7               7
  ClangPass::remove-namespace                                               0     0.39     0.00        0       16              16
  ClangPass::remove-enum-member-value                                       0     0.42     0.00        0       20              20
  ClangPass::param-to-global                                                0     0.45     0.00        0       16              16
  SpecialPass::a                                                            0     0.83     0.00        0        2               2
  ClangPass::remove-nested-function                                         0     0.84     0.00        0       28              28
  ClexPass::define                                                          0     1.26     0.00        0       12              12
  ClangIncludeGraphPass                                                     0     1.41     0.00        0        0               0
  ClangPass::return-void                                                    0     1.59     0.00        0       16              16
  ClangPass::param-to-local                                                 0     1.77     0.00        0       16              16
  ClangBinarySearchPass::remove-unused-enum-member                          0     1.84     0.00        0        0               0
  IncludesPass                                                              0     1.89     0.00        0        4               4
  ClangPass::empty-struct-to-int                                            0     2.07     0.00        0       12              12
  ClangPass::combine-global-var                                             0     2.25     0.00        0        9               9
  ClangPass::remove-unused-outer-class                                      0     2.61     0.00        0       12              12
  ClangPass::local-to-global                                                0     3.99     0.01        0       39              39
  LinesPass::6                                                              0     4.12     0.01        1        0               1
  LinesPass::8                                                              0     4.14     0.01        1        0               1
  ClangHintsPass::remove-unused-function                                    0     5.42     0.01        0       37              37
  ClangHintsPass::replace-function-def-with-decl                            0     7.76     0.01        0      100             100
  ClexPass::delete-string                                                   0    10.96     0.02        0       12              12
  ClangPass::simplify-callexpr                                              0    11.47     0.02        0       73              73
  ClangBinarySearchPass::remove-unused-var                                  0    30.95     0.06        0      101             101
  PeepPass::c                                                               0    33.06     0.06        0    10765           10765
  BalancedPass::angles-only                                                 0    41.45     0.08        0      182             182
  BalancedPass::angles-inside                                               0    42.78     0.08        0      188             188
  BalancedPass::angles                                                      0    47.05     0.09        0      200             200
  BalancedPass::square-only                                                 0   383.87     0.70        9     1083            1092
  BalancedPass::square-inside                                               0   450.16     0.82        0     1186            1186
  BalancedPass::parens                                                      0   568.56     1.04        0     2214            2214
  ClangPass::union-to-struct                                               -1     2.64     0.00        1       19              20
  ClangPass::member-to-global                                              -1    16.96     0.03        1       48              49
  ClangPass::aggregate-to-scalar                                          -34     8.68     0.02        2       22              24
  Folding (merging transformations from other passes)                  116167  1559.08     2.85      443       61             504

Runtime: 54747 seconds
Reduced test-cases:

--- HIPProg.hip ---
#include <hip/hip_runtime.h>
#include "HIPSmith.h"
#include "safe_math_macros.h"
#define transparent_crc(X, Y, Z) transparent_crc_(&crc64_context, X, , )
struct S0 {};
struct U1 {};
struct S2 {
    int32_t g_13[6];
    uint64_t g_54;
    int64_t g_68;
    int32_t *g_107;
    int32_t **g_106;
    uint32_t g_121
    ;
};
__device__ int32_t * func_23(int32_t ** , int8_t  , S2 * );
__device__ int32_t  func_33(int64_t  , int32_t ** , uint32_t  , S2 * );
__device__ S0  func_40(int32_t ** , uint32_t  , int32_t * , int32_t * , S2 * );
__device__ int32_t ** func_45(uint8_t  , U1  , int16_t  , S2 * );
__device__ U1  func_1(S2 * p_1867)
{ 
    int32_t l_2[4] ;
    int32_t *l_4 = &l_2[2];
    U1 l_1866 ;
    if (func_23(&l_4, 0, p_1867) )
    return l_1866;
}
__device__ int32_t * func_23(int32_t ** p_24, int8_t  , S2 * p_1867)
{ 
    func_33(p_1867->g_13[5], p_24, 0, p_1867);
    return *p_24;
}
__device__ int32_t  func_33(int64_t  , int32_t ** , uint32_t  , S2 * p_1867)
{ 
    int16_t l_49 = 9;
    U1 l_50[2][4] ;
    func_40(func_45(l_49, l_50[0][2], 0, p_1867), p_1867->g_13[5], 0, 0, p_1867);
    return 0;
}
__device__ S0  func_40(int32_t ** p_41, uint32_t  , int32_t * , int32_t * , S2 * p_1867)
{
    S0 l_269 ;
        for (p_1867->g_121 = 0; p_1867->g_121 != 12; p_1867->g_121 = safe_add_func_uint16_t_u_u(p_1867->g_121, 4))
        {
            int64_t *l_200 = &p_1867->g_68;
            **p_41 = *l_200 |= safe_add_func_int32_t_s_s(p_1867->g_54 > 0, 4294967291) ;
        }
    return l_269;
}
__device__ int32_t ** func_45(uint8_t  , U1  , int16_t  , S2 * p_1867)
{
    return p_1867->g_106;
}
__global__ void hipsmith_kernel(uint64_t *results) {
    S2 c_1868;
    S2* p_1867 = &c_1868;
    S2 c_1869 {
        {}, 
        {}, 
        1, 
        &p_1867->g_13[1], 
        &p_1867->g_107, 
        3};
    c_1868 = c_1869;
    func_1(p_1867);
    uint64_t crc64_context = 0xFFFFFFFFFFFFFFFFUL;
    transparent_crc(p_1867->g_68, , );
    int tid = threadIdx.x + blockIdx.x * blockDim.x;
    results[tid] = (crc64_context ^ 0xFFFFFFFFFFFFFFFFUL);
}
// ------------------------------------------------------------------
// Host Main
// ------------------------------------------------------------------
int main(int argc, const char* argv[]) {
    // Config
    const unsigned int num_threads = 4;
    const unsigned int block_size = 4;
    // Host Alloc
    std::vector<uint64_t> h_results(num_threads);
    const size_t results_bytes = sizeof(uint64_t) * h_results.size();
    // Device Alloc
    uint64_t *d_results;
    HIP_CHECK(hipMalloc((void**)&d_results, results_bytes));
    HIP_CHECK(hipMemset(d_results, 0, results_bytes));
    // Dimensions
    const dim3 block_dim(block_size);
    const dim3 grid_dim((num_threads + block_size - 1) / block_size);
    // Launch
    hipLaunchKernelGGL(hipsmith_kernel, grid_dim, block_dim, 0, 0, d_results);
    HIP_CHECK(hipGetLastError());
    HIP_CHECK(hipDeviceSynchronize());
    // Copy Back
    HIP_CHECK(hipMemcpy(h_results.data(), d_results, results_bytes, hipMemcpyDeviceToHost));
    // Free
    HIP_CHECK(hipFree(d_results));
    // Output
    for (size_t i = 0; i < h_results.size(); ++i) {
        printf("Thread %zu CRC: %lu\n", i, h_results[i]);
    }
    return 0;
}

