00:00:00 ERROR Prereqs not found for pass UnIfDefPass
00:00:00 ERROR Prereqs not found for pass IfPass
00:00:00 ERROR Prereqs not found for pass UnIfDefPass
00:00:15 INFO ===< 1600628 >===
00:00:15 INFO running 4 interestingness tests in parallel
00:00:15 INFO (0.0%, 79968 bytes, 1023 lines)
00:00:15 INFO INITIAL PASSES (interleaving)
00:00:15 INFO ===<  >===
00:10:51 INFO (65.5%, 27597 bytes, 584 lines, via TreeSitterPass::replace-function-def-with-decl + BalancedPass::curly3 + CommentsPass + LinesPass::4 + LinesPass::2 + ClangHintsPass::remove-unused-function + LinesPass::0 + BlankPass)
00:20:05 INFO (82.1%, 14311 bytes, 401 lines, via BalancedPass::curly-inside + LinesPass::0 + LinesPass::1 + LinesPass::3 + LinesPass::2 + BalancedPass::curly3 + BlankPass)
00:30:59 INFO (87.2%, 10272 bytes, 306 lines, via LinesPass::None + LinesPass::0 + LinesPass::3 + LinesPass::2 + BalancedPass::parens + BalancedPass::curly-inside + LinesPass::1 + BalancedPass::curly + ClexHintsPass::rm-toks-1-to-4)
00:42:03 INFO (88.8%, 8933 bytes, 279 lines, via BalancedPass::parens-to-zero + LinesPass::2 + BalancedPass::curly-inside + LinesPass::3 + BalancedPass::curly + BalancedPass::parens-only + BalancedPass::square + BalancedPass::curly-only)
00:54:17 INFO (91.6%, 6745 bytes, 237 lines, via LinesPass::None + TreeSitterPass::remove-function + BalancedPass::parens-to-zero + LinesPass::1 + BalancedPass::square + ClexHintsPass::rm-toks-5-to-8 + ClexHintsPass::rm-toks-1-to-4 + BalancedPass::curly-only + BalancedPass::curly)
01:01:53 INFO (92.1%, 6321 bytes, 226 lines, via LinesPass::None + BalancedPass::parens-to-zero + ClexHintsPass::rm-toks-5-to-8 + BalancedPass::parens-only + ClexHintsPass::rm-toks-1-to-4 + BalancedPass::curly-only)
01:11:36 INFO (92.8%, 5753 bytes, 216 lines, via LinesPass::1 + BalancedPass::parens-to-zero + BlankPass + LinesPass::2 + BalancedPass::parens-only + BalancedPass::square)
01:17:17 INFO (93.0%, 5628 bytes, 210 lines, via LinesPass::None + LinesPass::1 + ClexHintsPass::rm-toks-5-to-8)
01:23:37 INFO (93.1%, 5553 bytes, 208 lines, via LinesPass::1 + ClexHintsPass::rm-toks-1-to-4)
01:31:05 INFO (93.2%, 5443 bytes, 206 lines, via LinesPass::None + ClexHintsPass::rm-toks-1-to-4 + BalancedPass::square)
01:35:52 INFO (93.3%, 5330 bytes, 203 lines, via ClexHintsPass::rm-toks-13-to-16 + ClexHintsPass::rm-toks-1-to-4 + LinesPass::None)
01:39:41 INFO (93.3%, 5319 bytes, 203 lines, via ClexHintsPass::rm-toks-1-to-4 + BalancedPass::curly3)
01:43:32 INFO (93.4%, 5275 bytes, 202 lines, via ClexHintsPass::rm-toks-5-to-8 + ClexHintsPass::rm-toks-1-to-4 + BalancedPass::parens-only)
01:48:16 INFO (93.5%, 5175 bytes, 199 lines, via ClexHintsPass::rm-toks-1-to-4 + ClexHintsPass::rm-toks-5-to-8 + LinesPass::1 + ClexHintsPass::rm-toks-9-to-12 + BalancedPass::curly-only)
01:52:32 INFO (93.6%, 5134 bytes, 197 lines, via LinesPass::1 + ClexHintsPass::rm-toks-5-to-8 + ClexHintsPass::rm-toks-1-to-4)
01:56:41 INFO (93.6%, 5128 bytes, 197 lines, via BlankPass)
02:01:27 INFO (93.6%, 5103 bytes, 196 lines, via LinesPass::None + BlankPass)
02:04:13 INFO (93.7%, 5055 bytes, 195 lines, via ClexHintsPass::rm-toks-1-to-4 + LinesPass::None)
02:06:13 INFO (93.7%, 5032 bytes, 194 lines, via LinesPass::None)
02:08:31 INFO (93.8%, 4979 bytes, 191 lines, via LinesPass::1)
02:10:15 INFO (93.8%, 4957 bytes, 190 lines, via LinesPass::1)
02:18:30 INFO (93.8%, 4943 bytes, 189 lines, via LinesPass::None)
02:21:30 INFO (93.8%, 4924 bytes, 188 lines, via LinesPass::1)
02:25:17 INFO (93.9%, 4891 bytes, 188 lines, via ClexHintsPass::rm-toks-9-to-12)
02:28:40 INFO (93.9%, 4869 bytes, 188 lines, via ClexHintsPass::rm-toks-5-to-8)
02:31:58 INFO (94.0%, 4824 bytes, 187 lines, via ClexHintsPass::rm-toks-13-to-16 + LinesPass::2 + BalancedPass::parens-only)
02:35:05 INFO (94.0%, 4805 bytes, 186 lines, via LinesPass::1)
02:38:03 INFO (94.0%, 4771 bytes, 185 lines, via LinesPass::1)
02:42:28 INFO (94.1%, 4747 bytes, 185 lines, via ClexHintsPass::rm-toks-1-to-4)
02:45:30 INFO (94.1%, 4697 bytes, 184 lines, via ClexHintsPass::rm-toks-1-to-4 + LinesPass::None)
02:47:23 INFO (94.2%, 4676 bytes, 184 lines, via ClexHintsPass::rm-toks-1-to-4)
02:50:02 INFO (94.2%, 4662 bytes, 183 lines, via LinesPass::1)
02:52:33 INFO (94.3%, 4567 bytes, 180 lines, via LinesPass::1)
02:58:08 INFO (94.3%, 4554 bytes, 179 lines, via LinesPass::2)
03:00:31 INFO (94.3%, 4534 bytes, 178 lines, via LinesPass::None)
03:02:52 INFO (94.3%, 4521 bytes, 177 lines, via ClexHintsPass::rm-toks-1-to-4)
03:05:30 INFO (94.4%, 4502 bytes, 176 lines, via LinesPass::1)
03:13:29 INFO (94.4%, 4489 bytes, 175 lines, via LinesPass::None)
03:15:57 INFO (94.4%, 4472 bytes, 175 lines, via ClexHintsPass::rm-toks-5-to-8)
03:18:48 INFO (94.5%, 4387 bytes, 170 lines, via ClexHintsPass::rm-toks-13-to-16)
03:21:29 INFO (94.5%, 4362 bytes, 168 lines, via BalancedPass::curly2 + BalancedPass::square)
03:25:32 INFO (94.5%, 4361 bytes, 168 lines, via LinesPass::0)
03:30:01 INFO (94.6%, 4329 bytes, 168 lines, via ClexHintsPass::rm-toks-1-to-4)
03:35:09 INFO (94.6%, 4313 bytes, 167 lines, via LinesPass::None)
03:37:57 INFO (94.6%, 4311 bytes, 167 lines, via BalancedPass::parens-only)
03:40:55 INFO (94.6%, 4291 bytes, 167 lines, via ClexHintsPass::rm-toks-5-to-8)
03:44:36 INFO (94.7%, 4244 bytes, 165 lines, via ClexHintsPass::rm-toks-1-to-4)
03:46:26 INFO (94.7%, 4235 bytes, 165 lines, via BalancedPass::square)
03:50:06 INFO (94.7%, 4217 bytes, 164 lines, via LinesPass::1)
03:59:10 INFO INITIAL PASSES
03:59:10 ERROR Skipping pass UnIfDefPass
03:59:10 ERROR Skipping pass IfPass
03:59:10 INFO ===< BalancedPass::angles, BalancedPass::angles-inside, BalancedPass::angles-only, BalancedPass::curly, BalancedPass::curly-inside, BalancedPass::curly-only, BalancedPass::curly2, BalancedPass::curly3, BalancedPass::parens, BalancedPass::parens-inside, BalancedPass::parens-only, BalancedPass::parens-to-zero, BalancedPass::square, BalancedPass::square-inside, BalancedPass::square-only, BlankPass, ClangHintsPass::callexpr-to-value, ClangHintsPass::remove-unused-function, ClangHintsPass::replace-dependent-typedef, ClangHintsPass::replace-function-def-with-decl, ClangIncludeGraphPass, ClangModuleMapPass, ClexHintsPass::rm-toks-1-to-4, ClexHintsPass::rm-toks-13-to-16, ClexHintsPass::rm-toks-5-to-8, ClexHintsPass::rm-toks-9-to-12, CommentsPass, InlineIncludesPass, LineMarkersPass, LinesPass::0, LinesPass::1, LinesPass::10, LinesPass::2, LinesPass::3, LinesPass::4, LinesPass::6, LinesPass::8, LinesPass::None, MakefilePass, RmUnusedFilesPass, TreeSitterPass::erase-namespace, TreeSitterPass::remove-function, TreeSitterPass::replace-function-def-with-decl >===
03:59:11 INFO ===< IncludesPass >===
03:59:12 INFO ===< CommentsPass >===
03:59:12 INFO ===< LineMarkersPass >===
03:59:14 INFO ===< BlankPass >===
03:59:15 INFO ===< ClangHintsPass::replace-function-def-with-decl (30 T) >===
03:59:15 INFO ===< ClangHintsPass::remove-unused-function (30 T) >===
03:59:15 INFO cache hit for HIPProg.hip
03:59:15 INFO ===< ClangHintsPass::replace-function-def-with-decl (30 T) >===
03:59:15 INFO cache hit for HIPProg.hip
03:59:15 INFO ===< ClangHintsPass::remove-unused-function (30 T) >===
03:59:15 INFO ===< ClangHintsPass::replace-function-def-with-decl >===
03:59:15 INFO ===< ClangHintsPass::remove-unused-function >===
03:59:22 INFO ===< LinesPass::0 >===
04:00:15 INFO ===< LinesPass::1 >===
04:00:29 INFO ===< LinesPass::2 >===
04:00:29 INFO ===< LinesPass::3 >===
04:00:29 INFO ===< LinesPass::4 >===
04:00:29 INFO ===< LinesPass::6 >===
04:00:29 INFO ===< LinesPass::8 >===
04:00:29 INFO ===< LinesPass::10 >===
04:00:29 INFO cache hit for HIPProg.hip
04:00:29 INFO ===< ClangHintsPass::replace-function-def-with-decl >===
04:00:29 INFO cache hit for HIPProg.hip
04:00:29 INFO ===< ClangHintsPass::remove-unused-function >===
04:00:29 INFO cache hit for HIPProg.hip
04:00:29 INFO ===< ClangHintsPass::remove-unused-function >===
04:00:40 INFO ===< BalancedPass::curly >===
04:00:51 INFO ===< BalancedPass::curly2 >===
04:00:54 INFO ===< BalancedPass::curly3 >===
04:01:03 INFO ===< BalancedPass::parens-to-zero >===
04:01:03 INFO ===< ClangHintsPass::callexpr-to-value >===
04:01:03 INFO ===< ClangPass::replace-callexpr >===
04:01:03 INFO ===< ClangPass::simplify-callexpr >===
04:01:03 INFO using C++ standard: c++2b with 0 transformation opportunities
04:01:03 INFO ===< ClangBinarySearchPass::remove-unused-enum-member >===
04:01:03 INFO ===< ClangPass::remove-enum-member-value >===
04:01:03 INFO using C++ standard: c++2b with 7 transformation opportunities
04:01:05 INFO ===< ClangBinarySearchPass::remove-unused-var >===
04:01:07 INFO ===< SpecialPass::a >===
04:01:07 INFO ===< SpecialPass::b >===
04:01:07 INFO INTERLEAVING PASSES
04:01:07 INFO ===< SpecialPass::c >===
04:07:55 INFO (94.8%, 4192 bytes, 164 lines, via ClexHintsPass::rm-toks-1-to-4)
04:10:43 INFO (94.8%, 4183 bytes, 164 lines, via ClexHintsPass::rm-toks-1-to-4)
04:16:10 INFO (94.8%, 4176 bytes, 163 lines, via ClexHintsPass::rm-toks-1-to-4)
04:18:51 INFO (94.8%, 4174 bytes, 163 lines, via BalancedPass::parens-only)
04:28:22 INFO (94.8%, 4173 bytes, 163 lines, via ClexHintsPass::rm-toks-1-to-4)
04:31:55 INFO (94.8%, 4172 bytes, 163 lines, via ClexHintsPass::rm-toks-1-to-4)
04:33:40 INFO (94.8%, 4167 bytes, 163 lines, via ClexHintsPass::rm-toks-1-to-4)
04:35:20 INFO (94.8%, 4161 bytes, 163 lines, via ClexHintsPass::rm-toks-1-to-4)
05:23:44 INFO Termination check: size was 4217; now 4161
05:23:44 INFO ===< BalancedPass::angles, BalancedPass::angles-inside, BalancedPass::angles-only, BalancedPass::curly, BalancedPass::curly-inside, BalancedPass::curly-only, BalancedPass::curly2, BalancedPass::curly3, BalancedPass::parens, BalancedPass::parens-inside, BalancedPass::parens-only, BalancedPass::parens-to-zero, BalancedPass::square, BalancedPass::square-inside, BalancedPass::square-only, BlankPass, ClangHintsPass::callexpr-to-value, ClangHintsPass::remove-unused-function, ClangHintsPass::replace-dependent-typedef, ClangHintsPass::replace-function-def-with-decl, ClangIncludeGraphPass, ClangModuleMapPass, ClexHintsPass::rm-toks-1-to-4, ClexHintsPass::rm-toks-13-to-16, ClexHintsPass::rm-toks-5-to-8, ClexHintsPass::rm-toks-9-to-12, CommentsPass, InlineIncludesPass, LineMarkersPass, LinesPass::0, LinesPass::1, LinesPass::10, LinesPass::2, LinesPass::3, LinesPass::4, LinesPass::6, LinesPass::8, LinesPass::None, MakefilePass, RmUnusedFilesPass, TreeSitterPass::erase-namespace, TreeSitterPass::remove-function, TreeSitterPass::replace-function-def-with-decl >===
06:26:47 INFO Termination check: size was 4161; now 4161
06:26:47 INFO MAIN PASSES
06:26:47 ERROR Skipping pass UnIfDefPass
06:26:47 INFO ===< BalancedPass::angles, BalancedPass::angles-inside, BalancedPass::angles-only, BalancedPass::curly, BalancedPass::curly-inside, BalancedPass::curly-only, BalancedPass::curly2, BalancedPass::curly3, BalancedPass::parens, BalancedPass::parens-inside, BalancedPass::parens-only, BalancedPass::parens-to-zero, BalancedPass::square, BalancedPass::square-inside, BalancedPass::square-only, BlankPass, ClangHintsPass::callexpr-to-value, ClangHintsPass::remove-unused-function, ClangHintsPass::replace-dependent-typedef, ClangHintsPass::replace-function-def-with-decl, ClangIncludeGraphPass, ClangModuleMapPass, ClexHintsPass::rm-toks-1-to-4, ClexHintsPass::rm-toks-13-to-16, ClexHintsPass::rm-toks-5-to-8, ClexHintsPass::rm-toks-9-to-12, CommentsPass, InlineIncludesPass, LineMarkersPass, LinesPass::0, LinesPass::1, LinesPass::10, LinesPass::2, LinesPass::3, LinesPass::4, LinesPass::6, LinesPass::8, LinesPass::None, MakefilePass, RmUnusedFilesPass, TreeSitterPass::erase-namespace, TreeSitterPass::remove-function, TreeSitterPass::replace-function-def-with-decl >===
06:26:47 INFO ===< IncludeIncludesPass >===
06:26:47 INFO ===< TernaryPass::b >===
06:26:47 INFO ===< TernaryPass::c >===
06:26:59 INFO ===< BalancedPass::curly >===
06:27:11 INFO ===< BalancedPass::curly2 >===
06:27:11 INFO ===< BalancedPass::curly3 >===
06:27:24 INFO ===< BalancedPass::parens >===
06:27:25 INFO ===< BalancedPass::angles >===
06:27:39 INFO ===< BalancedPass::square >===
06:27:59 INFO ===< BalancedPass::curly-inside >===
06:28:07 INFO ===< BalancedPass::parens-inside >===
06:28:08 INFO ===< BalancedPass::angles-inside >===
06:28:22 INFO ===< BalancedPass::square-inside >===
06:28:34 INFO ===< BalancedPass::curly-only >===
06:28:35 INFO ===< BalancedPass::angles-only >===
06:28:48 INFO ===< BalancedPass::square-only >===
06:28:49 INFO ===< ClangPass::remove-namespace >===
06:28:49 INFO ===< ClangPass::aggregate-to-scalar >===
06:28:49 INFO ===< ClangPass::param-to-global >===
06:28:49 INFO ===< ClangPass::param-to-local >===
06:28:49 INFO ===< ClangPass::remove-nested-function >===
06:28:49 INFO ===< ClangPass::union-to-struct >===
06:28:49 INFO ===< ClangPass::return-void >===
06:28:49 INFO ===< ClangPass::simple-inliner >===
06:28:56 INFO ===< ClangPass::reduce-pointer-level >===
06:28:56 INFO ===< ClangPass::lift-assignment-expr >===
06:28:56 INFO ===< ClangPass::copy-propagation >===
06:28:56 INFO ===< ClangHintsPass::callexpr-to-value >===
06:28:56 INFO ===< ClangPass::replace-callexpr >===
06:28:56 INFO ===< ClangPass::simplify-callexpr >===
06:28:57 INFO ===< ClangHintsPass::remove-unused-function >===
06:28:56 INFO using C++ standard: c++2b with 0 transformation opportunities
06:28:57 INFO ===< ClangBinarySearchPass::remove-unused-enum-member >===
06:28:57 INFO ===< ClangPass::remove-enum-member-value >===
06:28:57 INFO using C++ standard: c++2b with 7 transformation opportunities
06:28:59 INFO ===< ClangBinarySearchPass::remove-unused-var >===
06:28:59 INFO ===< ClangPass::simplify-if >===
06:28:59 INFO ===< ClangPass::reduce-array-dim >===
06:28:59 INFO ===< ClangPass::reduce-array-size >===
06:28:59 INFO ===< ClangPass::move-definition-to-declaration >===
06:28:59 INFO ===< ClangPass::simplify-comma-expr >===
06:28:59 INFO ===< ClangPass::simplify-dependent-typedef >===
06:28:59 INFO ===< ClangPass::replace-simple-typedef >===
06:28:59 INFO ===< ClangHintsPass::replace-dependent-typedef >===
06:28:59 INFO ===< ClangPass::replace-one-level-typedef-type >===
06:29:16 INFO ===< ClangPass::remove-unused-field >===
06:29:16 INFO ===< ClangPass::instantiate-template-type-param-to-int >===
06:29:16 INFO ===< ClangPass::instantiate-template-param >===
06:29:17 INFO ===< ClangPass::template-arg-to-int >===
06:29:17 INFO ===< ClangPass::template-non-type-arg-to-int >===
06:29:17 INFO ===< ClangPass::reduce-class-template-param >===
06:29:17 INFO ===< ClangPass::remove-trivial-base-template >===
06:29:17 INFO ===< ClangPass::class-template-to-class >===
06:29:17 INFO ===< ClangPass::merge-base-class >===
06:29:17 INFO ===< ClangPass::remove-base-class >===
06:29:17 INFO ===< ClangPass::replace-derived-class >===
06:29:17 INFO ===< ClangPass::remove-unresolved-base >===
06:29:17 INFO ===< ClangPass::remove-ctor-initializer >===
06:29:17 INFO ===< ClangPass::replace-class-with-base-template-spec >===
06:29:17 INFO ===< ClangPass::simplify-nested-class >===
06:29:18 INFO ===< ClangPass::remove-unused-outer-class >===
06:29:28 INFO (94.8%, 4152 bytes, 162 lines)
06:29:28 INFO ===< ClangPass::empty-struct-to-int >===
06:29:29 INFO ===< ClangPass::remove-pointer >===
06:29:29 INFO ===< ClangPass::reduce-pointer-pairs >===
06:29:29 INFO ===< ClangPass::remove-array >===
06:29:29 INFO ===< ClangPass::remove-addr-taken >===
06:29:29 INFO ===< ClangPass::simplify-struct >===
06:29:29 INFO ===< ClangPass::replace-undefined-function >===
06:29:29 INFO ===< ClangPass::replace-array-index-var >===
06:29:29 INFO ===< ClangPass::replace-array-access-with-index >===
06:29:29 INFO ===< ClangPass::replace-dependent-name >===
06:29:29 INFO ===< ClangPass::simplify-recursive-template-instantiation >===
06:29:29 INFO ===< ClangPass::vector-to-array >===
06:29:29 INFO ===< ClangPass::remove-try-catch >===
06:29:29 INFO ===< ClangPass::class-to-struct >===
06:29:46 INFO ===< ClangPass::member-to-global >===
06:29:51 INFO ===< LinesPass::0 >===
06:30:42 INFO ===< LinesPass::1 >===
06:30:54 INFO ===< LinesPass::2 >===
06:30:54 INFO ===< LinesPass::3 >===
06:30:54 INFO ===< LinesPass::4 >===
06:30:54 INFO ===< LinesPass::6 >===
06:30:54 INFO ===< LinesPass::8 >===
06:30:54 INFO ===< LinesPass::10 >===
06:30:54 INFO ===< CommentsPass >===
06:30:54 INFO ===< SpecialPass::b >===
06:30:54 INFO ===< SpecialPass::c >===
06:30:55 INFO ===< IndentPass::regular >===
06:31:02 INFO ===< BalancedPass::parens-to-zero >===
07:26:54 INFO ===< ClexHintsPass::rm-toks-1-to-16 >===
07:58:57 INFO ===< ClexPass::rm-tok-pattern-4 >===
07:58:58 INFO ===< ClangPass::local-to-global >===
07:59:13 INFO ===< PeepPass::c >===
07:59:39 INFO (94.8%, 4151 bytes, 162 lines)
07:59:59 INFO (94.8%, 4150 bytes, 162 lines)
08:00:18 INFO (94.8%, 4149 bytes, 162 lines)
08:00:44 INFO (94.8%, 4148 bytes, 162 lines)
08:01:09 INFO (94.8%, 4147 bytes, 162 lines)
08:01:26 INFO (94.8%, 4146 bytes, 162 lines)
08:01:46 INFO (94.8%, 4145 bytes, 162 lines)
08:02:13 INFO (94.8%, 4144 bytes, 162 lines)
08:02:32 INFO (94.8%, 4143 bytes, 162 lines)
08:02:59 INFO (94.8%, 4142 bytes, 162 lines)
08:03:23 INFO (94.8%, 4141 bytes, 162 lines)
08:03:49 INFO (94.8%, 4140 bytes, 162 lines)
08:04:14 INFO (94.8%, 4139 bytes, 162 lines)
08:04:33 INFO (94.8%, 4138 bytes, 162 lines)
08:04:57 INFO (94.8%, 4137 bytes, 162 lines)
08:05:16 INFO (94.8%, 4136 bytes, 162 lines)
08:05:36 INFO (94.8%, 4135 bytes, 162 lines)
08:06:01 INFO (94.8%, 4134 bytes, 162 lines)
08:06:27 INFO (94.8%, 4133 bytes, 162 lines)
08:06:46 INFO (94.8%, 4132 bytes, 162 lines)
08:07:10 INFO (94.8%, 4131 bytes, 162 lines)
08:07:30 INFO (94.8%, 4130 bytes, 162 lines)
08:07:54 INFO (94.8%, 4129 bytes, 162 lines)
08:08:14 INFO (94.8%, 4128 bytes, 162 lines)
08:08:35 INFO (94.8%, 4127 bytes, 162 lines)
08:08:55 INFO (94.8%, 4126 bytes, 162 lines)
08:09:21 INFO (94.8%, 4125 bytes, 162 lines)
08:09:40 INFO (94.8%, 4124 bytes, 162 lines)
08:10:04 INFO (94.8%, 4123 bytes, 162 lines)
08:10:24 INFO (94.8%, 4122 bytes, 162 lines)
08:10:43 INFO (94.8%, 4121 bytes, 162 lines)
08:11:05 INFO (94.8%, 4120 bytes, 162 lines)
08:11:28 INFO (94.8%, 4119 bytes, 162 lines)
08:11:51 INFO (94.9%, 4118 bytes, 162 lines)
08:12:11 INFO (94.9%, 4117 bytes, 162 lines)
08:12:28 INFO (94.9%, 4116 bytes, 162 lines)
08:12:52 INFO (94.9%, 4115 bytes, 162 lines)
08:13:16 INFO (94.9%, 4114 bytes, 162 lines)
08:13:36 INFO (94.9%, 4113 bytes, 162 lines)
08:14:00 INFO (94.9%, 4112 bytes, 162 lines)
08:14:26 INFO (94.9%, 4111 bytes, 162 lines)
08:14:47 INFO (94.9%, 4110 bytes, 162 lines)
08:15:10 INFO (94.9%, 4109 bytes, 162 lines)
08:15:33 INFO (94.9%, 4108 bytes, 162 lines)
08:15:51 INFO (94.9%, 4107 bytes, 162 lines)
08:16:14 INFO (94.9%, 4106 bytes, 162 lines)
08:16:33 INFO (94.9%, 4105 bytes, 162 lines)
08:16:52 INFO (94.9%, 4104 bytes, 162 lines)
08:17:16 INFO (94.9%, 4103 bytes, 162 lines)
08:17:35 INFO (94.9%, 4102 bytes, 162 lines)
08:17:58 INFO (94.9%, 4101 bytes, 162 lines)
08:18:15 INFO (94.9%, 4100 bytes, 162 lines)
08:18:40 INFO (94.9%, 4099 bytes, 162 lines)
08:19:10 INFO (94.9%, 4098 bytes, 162 lines)
08:19:38 INFO (94.9%, 4097 bytes, 162 lines)
08:20:03 INFO (94.9%, 4096 bytes, 162 lines)
08:20:23 INFO (94.9%, 4095 bytes, 162 lines)
08:20:46 INFO (94.9%, 4094 bytes, 162 lines)
08:21:01 INFO (94.9%, 4093 bytes, 162 lines)
08:21:14 INFO (94.9%, 4092 bytes, 162 lines)
08:21:16 INFO ===< IntsPass::a >===
08:21:40 INFO (94.9%, 4090 bytes, 162 lines)
08:22:05 INFO (94.9%, 4088 bytes, 162 lines)
08:22:20 INFO (94.9%, 4086 bytes, 162 lines)
08:22:41 INFO (94.9%, 4084 bytes, 162 lines)
08:22:58 INFO (94.9%, 4082 bytes, 162 lines)
08:23:02 INFO ===< IntsPass::b >===
08:23:31 INFO (94.9%, 4081 bytes, 162 lines)
08:24:00 INFO (94.9%, 4080 bytes, 162 lines)
08:24:29 INFO (94.9%, 4079 bytes, 162 lines)
08:24:49 INFO (94.9%, 4077 bytes, 162 lines)
08:25:15 INFO (94.9%, 4075 bytes, 162 lines)
08:25:40 INFO (94.9%, 4073 bytes, 162 lines)
08:26:06 INFO (94.9%, 4071 bytes, 162 lines)
08:26:25 INFO (94.9%, 4070 bytes, 162 lines)
08:26:51 INFO (94.9%, 4069 bytes, 162 lines)
08:27:17 INFO (94.9%, 4068 bytes, 162 lines)
08:27:39 INFO (94.9%, 4066 bytes, 162 lines)
08:28:06 INFO (94.9%, 4065 bytes, 162 lines)
08:28:28 INFO (94.9%, 4063 bytes, 162 lines)
08:28:52 INFO (94.9%, 4062 bytes, 162 lines)
08:29:15 INFO (94.9%, 4061 bytes, 162 lines)
08:29:37 INFO (94.9%, 4059 bytes, 162 lines)
08:30:01 INFO (94.9%, 4058 bytes, 162 lines)
08:30:28 INFO (94.9%, 4056 bytes, 162 lines)
08:30:50 INFO (94.9%, 4055 bytes, 162 lines)
08:31:13 INFO (94.9%, 4054 bytes, 162 lines)
08:31:32 INFO (94.9%, 4052 bytes, 162 lines)
08:31:57 INFO (94.9%, 4051 bytes, 162 lines)
08:32:16 INFO (94.9%, 4049 bytes, 162 lines)
08:32:39 INFO (94.9%, 4047 bytes, 162 lines)
08:33:04 INFO (94.9%, 4045 bytes, 162 lines)
08:33:27 INFO (94.9%, 4044 bytes, 162 lines)
08:33:45 INFO (94.9%, 4043 bytes, 162 lines)
08:34:05 INFO (94.9%, 4042 bytes, 162 lines)
08:34:23 INFO (94.9%, 4041 bytes, 162 lines)
08:34:35 INFO (94.9%, 4039 bytes, 162 lines)
08:34:35 INFO ===< IntsPass::c >===
08:35:02 INFO (95.0%, 4038 bytes, 162 lines)
08:35:27 INFO (95.0%, 4037 bytes, 162 lines)
08:35:50 INFO (95.0%, 4036 bytes, 162 lines)
08:36:10 INFO (95.0%, 4035 bytes, 162 lines)
08:36:26 INFO (95.0%, 4034 bytes, 162 lines)
08:36:26 INFO ===< IntsPass::d >===
08:36:26 INFO ===< IntsPass::c >===
08:36:35 INFO ===< BalancedPass::parens-only >===
08:36:39 INFO ===< ClexPass::delete-string >===
08:36:42 INFO Termination check: size was 4161; now 4034
08:36:42 ERROR Skipping pass UnIfDefPass
08:36:42 INFO ===< ClexPass::define >===
08:36:42 INFO ===< IncludeIncludesPass >===
08:36:42 INFO ===< TernaryPass::b >===
08:36:42 INFO ===< TernaryPass::c >===
08:36:58 INFO ===< BalancedPass::curly >===
08:37:14 INFO ===< BalancedPass::curly2 >===
08:37:14 INFO ===< BalancedPass::curly3 >===
08:37:30 INFO ===< BalancedPass::parens >===
08:37:33 INFO ===< BalancedPass::angles >===
08:37:49 INFO ===< BalancedPass::square >===
08:38:15 INFO ===< BalancedPass::curly-inside >===
08:38:25 INFO ===< BalancedPass::parens-inside >===
08:38:27 INFO ===< BalancedPass::angles-inside >===
08:38:48 INFO ===< BalancedPass::square-inside >===
08:39:05 INFO ===< BalancedPass::curly-only >===
08:39:06 INFO ===< BalancedPass::angles-only >===
08:39:25 INFO ===< BalancedPass::square-only >===
08:39:25 INFO ===< ClangPass::remove-namespace >===
08:39:26 INFO ===< ClangPass::aggregate-to-scalar >===
08:39:26 INFO ===< ClangPass::param-to-global >===
08:39:26 INFO ===< ClangPass::param-to-local >===
08:39:26 INFO ===< ClangPass::remove-nested-function >===
08:39:26 INFO ===< ClangPass::union-to-struct >===
08:39:26 INFO ===< ClangPass::return-void >===
08:39:26 INFO ===< ClangPass::simple-inliner >===
08:39:32 INFO ===< ClangPass::reduce-pointer-level >===
08:39:32 INFO ===< ClangPass::lift-assignment-expr >===
08:39:32 INFO ===< ClangPass::copy-propagation >===
08:39:33 INFO ===< ClangHintsPass::callexpr-to-value >===
08:39:33 INFO ===< ClangPass::replace-callexpr >===
08:39:33 INFO ===< ClangPass::simplify-callexpr >===
08:39:33 INFO ===< ClangHintsPass::remove-unused-function >===
08:39:33 INFO using C++ standard: c++2b with 0 transformation opportunities
08:39:33 INFO ===< ClangBinarySearchPass::remove-unused-enum-member >===
08:39:33 INFO ===< ClangPass::remove-enum-member-value >===
08:39:33 INFO using C++ standard: c++2b with 7 transformation opportunities
08:39:35 INFO ===< ClangBinarySearchPass::remove-unused-var >===
08:39:35 INFO ===< ClangPass::simplify-if >===
08:39:35 INFO ===< ClangPass::reduce-array-dim >===
08:39:35 INFO ===< ClangPass::reduce-array-size >===
08:39:36 INFO ===< ClangPass::move-definition-to-declaration >===
08:39:36 INFO ===< ClangPass::simplify-comma-expr >===
08:39:36 INFO ===< ClangPass::simplify-dependent-typedef >===
08:39:36 INFO ===< ClangPass::replace-simple-typedef >===
08:39:36 INFO ===< ClangHintsPass::replace-dependent-typedef >===
08:39:36 INFO ===< ClangPass::replace-one-level-typedef-type >===
08:39:53 INFO ===< ClangPass::remove-unused-field >===
08:39:54 INFO ===< ClangPass::instantiate-template-type-param-to-int >===
08:39:54 INFO ===< ClangPass::instantiate-template-param >===
08:39:54 INFO ===< ClangPass::template-arg-to-int >===
08:39:54 INFO ===< ClangPass::template-non-type-arg-to-int >===
08:39:54 INFO ===< ClangPass::reduce-class-template-param >===
08:39:54 INFO ===< ClangPass::remove-trivial-base-template >===
08:39:54 INFO ===< ClangPass::class-template-to-class >===
08:39:54 INFO ===< ClangPass::merge-base-class >===
08:39:54 INFO ===< ClangPass::remove-base-class >===
08:39:54 INFO ===< ClangPass::replace-derived-class >===
08:39:54 INFO ===< ClangPass::remove-unresolved-base >===
08:39:54 INFO ===< ClangPass::remove-ctor-initializer >===
08:39:54 INFO ===< ClangPass::replace-class-with-base-template-spec >===
08:39:55 INFO ===< ClangPass::simplify-nested-class >===
08:39:56 INFO ===< ClangPass::remove-unused-outer-class >===
08:39:57 INFO ===< ClangPass::empty-struct-to-int >===
08:39:57 INFO ===< ClangPass::remove-pointer >===
08:39:57 INFO ===< ClangPass::reduce-pointer-pairs >===
08:39:57 INFO ===< ClangPass::remove-array >===
08:39:57 INFO ===< ClangPass::remove-addr-taken >===
08:39:57 INFO ===< ClangPass::simplify-struct >===
08:39:57 INFO ===< ClangPass::replace-undefined-function >===
08:39:57 INFO ===< ClangPass::replace-array-index-var >===
08:39:58 INFO ===< ClangPass::replace-array-access-with-index >===
08:39:58 INFO ===< ClangPass::replace-dependent-name >===
08:39:58 INFO ===< ClangPass::simplify-recursive-template-instantiation >===
08:39:58 INFO ===< ClangPass::vector-to-array >===
08:39:58 INFO ===< ClangPass::remove-try-catch >===
08:39:58 INFO ===< ClangPass::class-to-struct >===
08:40:22 INFO ===< ClangPass::member-to-global >===
08:40:29 INFO ===< LinesPass::0 >===
08:41:43 INFO ===< LinesPass::1 >===
08:41:58 INFO ===< LinesPass::2 >===
08:41:58 INFO ===< LinesPass::3 >===
08:41:58 INFO ===< LinesPass::4 >===
08:41:58 INFO ===< LinesPass::6 >===
08:41:58 INFO ===< LinesPass::8 >===
08:41:58 INFO ===< LinesPass::10 >===
08:41:59 INFO ===< CommentsPass >===
08:41:59 INFO ===< SpecialPass::b >===
08:41:59 INFO ===< SpecialPass::c >===
08:41:59 INFO ===< IndentPass::regular >===
08:42:12 INFO ===< BalancedPass::parens-to-zero >===
09:50:11 INFO ===< ClexHintsPass::rm-toks-1-to-16 >===
10:19:36 INFO ===< ClexPass::rm-tok-pattern-4 >===
10:19:36 INFO ===< ClangPass::local-to-global >===
10:19:48 INFO ===< PeepPass::c >===
10:20:03 INFO (95.0%, 4033 bytes, 162 lines)
10:20:25 INFO (95.0%, 4032 bytes, 162 lines)
10:20:41 INFO (95.0%, 4031 bytes, 162 lines)
10:20:56 INFO (95.0%, 4030 bytes, 162 lines)
10:21:05 INFO (95.0%, 4029 bytes, 162 lines)
10:21:07 INFO ===< IntsPass::a >===
10:21:07 INFO ===< IntsPass::b >===
10:21:07 INFO ===< IntsPass::c >===
10:21:07 INFO ===< IntsPass::d >===
10:21:07 INFO cache hit for HIPProg.hip
10:21:07 INFO ===< IntsPass::c >===
10:21:15 INFO ===< BalancedPass::parens-only >===
10:21:17 INFO ===< ClexPass::delete-string >===
10:21:18 INFO Termination check: size was 4034; now 4029
10:21:18 ERROR Skipping pass UnIfDefPass
10:21:18 INFO ===< ClexPass::define >===
10:21:18 INFO ===< IncludeIncludesPass >===
10:21:18 INFO ===< TernaryPass::b >===
10:21:18 INFO ===< TernaryPass::c >===
10:21:30 INFO ===< BalancedPass::curly >===
10:21:41 INFO ===< BalancedPass::curly2 >===
10:21:41 INFO ===< BalancedPass::curly3 >===
10:21:53 INFO ===< BalancedPass::parens >===
10:21:55 INFO ===< BalancedPass::angles >===
10:22:08 INFO ===< BalancedPass::square >===
10:22:28 INFO ===< BalancedPass::curly-inside >===
10:22:37 INFO ===< BalancedPass::parens-inside >===
10:22:38 INFO ===< BalancedPass::angles-inside >===
10:22:51 INFO ===< BalancedPass::square-inside >===
10:23:02 INFO ===< BalancedPass::curly-only >===
10:23:04 INFO ===< BalancedPass::angles-only >===
10:23:18 INFO ===< BalancedPass::square-only >===
10:23:18 INFO ===< ClangPass::remove-namespace >===
10:23:18 INFO ===< ClangPass::aggregate-to-scalar >===
10:23:18 INFO ===< ClangPass::param-to-global >===
10:23:18 INFO ===< ClangPass::param-to-local >===
10:23:18 INFO ===< ClangPass::remove-nested-function >===
10:23:18 INFO ===< ClangPass::union-to-struct >===
10:23:19 INFO ===< ClangPass::return-void >===
10:23:19 INFO ===< ClangPass::simple-inliner >===
10:23:23 INFO ===< ClangPass::reduce-pointer-level >===
10:23:23 INFO ===< ClangPass::lift-assignment-expr >===
10:23:23 INFO ===< ClangPass::copy-propagation >===
10:23:23 INFO ===< ClangHintsPass::callexpr-to-value >===
10:23:23 INFO ===< ClangPass::replace-callexpr >===
10:23:24 INFO ===< ClangPass::simplify-callexpr >===
10:23:24 INFO ===< ClangHintsPass::remove-unused-function >===
10:23:24 INFO using C++ standard: c++2b with 0 transformation opportunities
10:23:24 INFO ===< ClangBinarySearchPass::remove-unused-enum-member >===
10:23:24 INFO ===< ClangPass::remove-enum-member-value >===
10:23:24 INFO using C++ standard: c++2b with 7 transformation opportunities
10:23:26 INFO ===< ClangBinarySearchPass::remove-unused-var >===
10:23:26 INFO ===< ClangPass::simplify-if >===
10:23:26 INFO ===< ClangPass::reduce-array-dim >===
10:23:26 INFO ===< ClangPass::reduce-array-size >===
10:23:26 INFO ===< ClangPass::move-definition-to-declaration >===
10:23:26 INFO ===< ClangPass::simplify-comma-expr >===
10:23:26 INFO ===< ClangPass::simplify-dependent-typedef >===
10:23:26 INFO ===< ClangPass::replace-simple-typedef >===
10:23:26 INFO ===< ClangHintsPass::replace-dependent-typedef >===
10:23:26 INFO ===< ClangPass::replace-one-level-typedef-type >===
10:23:42 INFO ===< ClangPass::remove-unused-field >===
10:23:42 INFO ===< ClangPass::instantiate-template-type-param-to-int >===
10:23:42 INFO ===< ClangPass::instantiate-template-param >===
10:23:42 INFO ===< ClangPass::template-arg-to-int >===
10:23:42 INFO ===< ClangPass::template-non-type-arg-to-int >===
10:23:42 INFO ===< ClangPass::reduce-class-template-param >===
10:23:42 INFO ===< ClangPass::remove-trivial-base-template >===
10:23:42 INFO ===< ClangPass::class-template-to-class >===
10:23:42 INFO ===< ClangPass::merge-base-class >===
10:23:42 INFO ===< ClangPass::remove-base-class >===
10:23:42 INFO ===< ClangPass::replace-derived-class >===
10:23:43 INFO ===< ClangPass::remove-unresolved-base >===
10:23:43 INFO ===< ClangPass::remove-ctor-initializer >===
10:23:43 INFO ===< ClangPass::replace-class-with-base-template-spec >===
10:23:43 INFO ===< ClangPass::simplify-nested-class >===
10:23:44 INFO ===< ClangPass::remove-unused-outer-class >===
10:23:44 INFO ===< ClangPass::empty-struct-to-int >===
10:23:44 INFO ===< ClangPass::remove-pointer >===
10:23:44 INFO ===< ClangPass::reduce-pointer-pairs >===
10:23:44 INFO ===< ClangPass::remove-array >===
10:23:44 INFO ===< ClangPass::remove-addr-taken >===
10:23:44 INFO ===< ClangPass::simplify-struct >===
10:23:44 INFO ===< ClangPass::replace-undefined-function >===
10:23:45 INFO ===< ClangPass::replace-array-index-var >===
10:23:45 INFO ===< ClangPass::replace-array-access-with-index >===
10:23:45 INFO ===< ClangPass::replace-dependent-name >===
10:23:45 INFO ===< ClangPass::simplify-recursive-template-instantiation >===
10:23:45 INFO ===< ClangPass::vector-to-array >===
10:23:45 INFO ===< ClangPass::remove-try-catch >===
10:23:45 INFO ===< ClangPass::class-to-struct >===
10:24:02 INFO ===< ClangPass::member-to-global >===
10:24:06 INFO ===< LinesPass::0 >===
10:24:56 INFO ===< LinesPass::1 >===
10:25:09 INFO ===< LinesPass::2 >===
10:25:09 INFO ===< LinesPass::3 >===
10:25:09 INFO ===< LinesPass::4 >===
10:25:09 INFO ===< LinesPass::6 >===
10:25:09 INFO ===< LinesPass::8 >===
10:25:09 INFO ===< LinesPass::10 >===
10:25:09 INFO ===< CommentsPass >===
10:25:09 INFO ===< SpecialPass::b >===
10:25:09 INFO ===< SpecialPass::c >===
10:25:09 INFO ===< IndentPass::regular >===
10:25:18 INFO ===< BalancedPass::parens-to-zero >===
11:19:21 INFO ===< ClexHintsPass::rm-toks-1-to-16 >===
11:47:07 INFO ===< ClexPass::rm-tok-pattern-4 >===
11:47:07 INFO ===< ClangPass::local-to-global >===
11:47:19 INFO ===< PeepPass::c >===
11:47:21 INFO ===< IntsPass::a >===
11:47:21 INFO cache hit for HIPProg.hip
11:47:21 INFO ===< IntsPass::b >===
11:47:21 INFO cache hit for HIPProg.hip
11:47:21 INFO ===< IntsPass::c >===
11:47:21 INFO cache hit for HIPProg.hip
11:47:21 INFO ===< IntsPass::d >===
11:47:21 INFO cache hit for HIPProg.hip
11:47:21 INFO ===< IntsPass::c >===
11:47:21 INFO cache hit for HIPProg.hip
11:47:21 INFO ===< BalancedPass::parens-only >===
11:47:21 INFO cache hit for HIPProg.hip
11:47:21 INFO ===< ClexPass::delete-string >===
11:47:21 INFO cache hit for HIPProg.hip
11:47:21 INFO Termination check: size was 4029; now 4029
11:47:21 INFO CLEANUP PASSES
11:47:21 INFO ===< ClexPass::define >===
11:47:22 INFO ===< ClangPass::combine-global-var >===
11:47:22 INFO ===< ClangPass::combine-local-var >===
11:47:22 INFO ===< ClangPass::simplify-struct-union-decl >===
11:47:22 INFO ===< ClangPass::move-global-var >===
11:47:22 INFO ===< ClangPass::unify-function-decl >===
11:47:22 INFO cache hit for HIPProg.hip
11:47:22 INFO ===< LinesPass::0 >===
11:47:22 INFO cache hit for HIPProg.hip
11:47:22 INFO ===< ClexPass::delete-string >===
11:47:32 INFO (95.0%, 4028 bytes, 162 lines)
11:47:34 INFO ===< BlankPass >===
11:47:36 INFO ===< BlankPass >===
11:47:37 INFO ===================== done ====================
===< PASS statistics >===
  pass name                                                     bytes reduced time (s) time (%)   worked   failed  total executed
  TreeSitterPass::replace-function-def-with-decl                        28080    68.18     0.16        4      189             193
  BalancedPass::curly3                                                  14313   132.09     0.31        9       37              46
  BalancedPass::curly-inside                                             7023   347.51     0.82       22      186             208
  CommentsPass                                                           5382    35.26     0.08        5      223             228
  LinesPass::0                                                           4928   233.52     0.55       10      653             663
  LinesPass::None                                                        3259  1638.19     3.86       41     4128            4169
  LinesPass::4                                                           3039    57.51     0.14        7       27              34
  LinesPass::1                                                           2644  1388.18     3.27       37     3408            3445
  LinesPass::2                                                           1908   592.84     1.40       25     1095            1120
  LinesPass::3                                                           1631   135.69     0.32       13       57              70
  BalancedPass::parens-to-zero                                            821   415.76     0.98       11     1862            1873
  ClangHintsPass::remove-unused-function                                  557     6.75     0.02        1        0               1
  TreeSitterPass::remove-function                                         495    71.52     0.17        6      247             253
  ClexHintsPass::rm-toks-1-to-4                                           417  3453.53     8.13       81    11675           11756
  BalancedPass::parens                                                    302   363.43     0.86        1     1794            1795
  BalancedPass::curly                                                     275   425.31     1.00        4     1157            1161
  BlankPass                                                               179   162.17     0.38       13      243             256
  ClexHintsPass::rm-toks-13-to-16                                         173  2954.93     6.96       13    11475           11488
  ClexHintsPass::rm-toks-5-to-8                                           170  3044.11     7.17       23    11519           11542
  BalancedPass::square                                                     83   619.00     1.46       23     1506            1529
  IntsPass::a                                                              65   978.42     2.30       66      357             423
  BalancedPass::parens-only                                                52   353.44     0.83       23     1430            1453
  ClexHintsPass::rm-toks-9-to-12                                           49  3001.82     7.07        4    11486           11490
  IntsPass::c                                                              43   458.11     1.08       30      150             180
  BalancedPass::curly2                                                     18   443.51     1.04        6     1157            1163
  IntsPass::b                                                              10    61.40     0.14        5       46              51
  BalancedPass::curly-only                                                 10   425.77     1.00       16      968             984
  ClangPass::empty-struct-to-int                                            9     2.74     0.01        1       15              16
  IntsPass::d                                                               5    61.27     0.14        5       23              28
  RmUnusedFilesPass                                                         0     0.01     0.00        0        0               0
  InlineIncludesPass                                                        0     0.01     0.00        0        0               0
  SpecialPass::c                                                            0     0.01     0.00        0        0               0
  IndentPass::final                                                         0     0.02     0.00        0        1               1
  SpecialPass::b                                                            0     0.04     0.00        0        0               0
  LinesPass::10                                                             0     0.04     0.00        0        0               0
  ClangPass::unify-function-decl                                            0     0.05     0.00        0        4               4
  TernaryPass::c                                                            0     0.05     0.00        0        0               0
  TernaryPass::b                                                            0     0.05     0.00        0        0               0
  LineMarkersPass                                                           0     0.05     0.00        0        0               0
  ClangPass::simplify-struct-union-decl                                     0     0.06     0.00        0        4               4
  IncludeIncludesPass                                                       0     0.06     0.00        0       12              12
  ClangPass::move-global-var                                                0     0.06     0.00        0        4               4
  TreeSitterPass::erase-namespace                                           0     0.10     0.00        0        0               0
  ClangPass::combine-local-var                                              0     0.10     0.00        0        4               4
  IndentPass::regular                                                       0     0.11     0.00        0        3               3
  ClangModuleMapPass                                                        0     0.13     0.00        0        0               0
  ClangPass::replace-one-level-typedef-type                                 0     0.14     0.00        0       12              12
  ClangPass::move-definition-to-declaration                                 0     0.14     0.00        0       12              12
  ClangPass::simplify-if                                                    0     0.14     0.00        0       12              12
  ClangPass::remove-unresolved-base                                         0     0.15     0.00        0       12              12
  ClangPass::remove-base-class                                              0     0.15     0.00        0       12              12
  ClangPass::lift-assignment-expr                                           0     0.15     0.00        0       12              12
  ClangPass::reduce-array-size                                              0     0.15     0.00        0       12              12
  ClangPass::simplify-dependent-typedef                                     0     0.16     0.00        0       12              12
  ClangPass::replace-simple-typedef                                         0     0.16     0.00        0       12              12
  ClangHintsPass::replace-dependent-typedef                                 0     0.16     0.00        0        0               0
  ClangPass::reduce-array-dim                                               0     0.16     0.00        0       12              12
  ClangPass::merge-base-class                                               0     0.16     0.00        0       12              12
  ClangPass::instantiate-template-param                                     0     0.16     0.00        0       12              12
  ClangPass::copy-propagation                                               0     0.17     0.00        0       12              12
  ClangPass::simplify-comma-expr                                            0     0.17     0.00        0       12              12
  ClangPass::replace-derived-class                                          0     0.17     0.00        0       12              12
  ClangPass::class-template-to-class                                        0     0.17     0.00        0       12              12
  ClangPass::remove-ctor-initializer                                        0     0.17     0.00        0       12              12
  ClangPass::aggregate-to-scalar                                            0     0.17     0.00        0       12              12
  ClangPass::simplify-nested-class                                          0     0.18     0.00        0       12              12
  ClangPass::instantiate-template-type-param-to-int                         0     0.18     0.00        0       12              12
  ClangPass::remove-trivial-base-template                                   0     0.18     0.00        0       12              12
  MakefilePass                                                              0     0.18     0.00        0        0               0
  ClangPass::reduce-class-template-param                                    0     0.18     0.00        0       12              12
  ClangPass::replace-class-with-base-template-spec                          0     0.18     0.00        0       12              12
  ClangPass::vector-to-array                                                0     0.19     0.00        0       12              12
  ClangPass::template-arg-to-int                                            0     0.19     0.00        0       12              12
  ClangPass::template-non-type-arg-to-int                                   0     0.19     0.00        0       12              12
  ClangPass::remove-namespace                                               0     0.19     0.00        0       12              12
  ClangPass::remove-try-catch                                               0     0.20     0.00        0       12              12
  ClangPass::remove-nested-function                                         0     0.20     0.00        0       12              12
  ClangPass::replace-array-access-with-index                                0     0.20     0.00        0       12              12
  ClangPass::remove-enum-member-value                                       0     0.20     0.00        0       16              16
  ClangPass::remove-array                                                   0     0.21     0.00        0       12              12
  ClangPass::replace-dependent-name                                         0     0.21     0.00        0       12              12
  ClangPass::remove-pointer                                                 0     0.21     0.00        0       12              12
  ClangPass::simple-inliner                                                 0     0.21     0.00        0       12              12
  ClangPass::class-to-struct                                                0     0.21     0.00        0       12              12
  ClangPass::replace-callexpr                                               0     0.21     0.00        0       16              16
  ClangHintsPass::remove-unused-function (30 T)                             0     0.21     0.00        0        0               0
  ClangPass::replace-undefined-function                                     0     0.22     0.00        0       12              12
  ClangPass::simplify-recursive-template-instantiation                      0     0.22     0.00        0       12              12
  ClangPass::remove-addr-taken                                              0     0.22     0.00        0       12              12
  ClangPass::simplify-struct                                                0     0.23     0.00        0       12              12
  ClangPass::reduce-pointer-pairs                                           0     0.23     0.00        0       12              12
  ClangPass::union-to-struct                                                0     0.24     0.00        0       12              12
  ClangPass::replace-array-index-var                                        0     0.24     0.00        0       12              12
  ClangHintsPass::replace-function-def-with-decl (30 T)                     0     0.25     0.00        0        1               1
  ClangPass::return-void                                                    0     0.28     0.00        0       12              12
  ClangPass::param-to-global                                                0     0.32     0.00        0       12              12
  ClangPass::param-to-local                                                 0     0.32     0.00        0       12              12
  ClangPass::simplify-callexpr                                              0     0.35     0.00        0       16              16
  SpecialPass::a                                                            0     0.64     0.00        0        2               2
  ClangPass::local-to-global                                                0     0.77     0.00        0       24              24
  IncludesPass                                                              0     0.84     0.00        0        4               4
  ClangPass::combine-global-var                                             0     0.98     0.00        0        4               4
  ClangBinarySearchPass::remove-unused-enum-member                          0     1.00     0.00        0        0               0
  ClexPass::define                                                          0     1.13     0.00        0        8               8
  ClangPass::remove-unused-outer-class                                      0     1.17     0.00        0       12              12
  ClangIncludeGraphPass                                                     0     1.56     0.00        0        0               0
  ClexPass::delete-string                                                   0     2.27     0.01        0        8               8
  LinesPass::8                                                              0     7.01     0.02        1        0               1
  LinesPass::6                                                              0     7.07     0.02        1        0               1
  ClangBinarySearchPass::remove-unused-var                                  0     7.10     0.02        0       44              44
  ClangHintsPass::callexpr-to-value                                         0     9.07     0.02        1       60              61
  ClangHintsPass::replace-function-def-with-decl                            0    10.69     0.03        1       29              30
  ClangPass::reduce-pointer-level                                           0    15.85     0.04        0       48              48
  PeepPass::c                                                               0    30.46     0.07        0    12215           12215
  ClangPass::remove-unused-field                                            0    49.68     0.12        0      148             148
  ClangPass::member-to-global                                               0    57.07     0.13        0      148             148
  BalancedPass::angles-only                                                 0    81.32     0.19        0      255             255
  BalancedPass::angles-inside                                               0    86.35     0.20        0      271             271
  BalancedPass::angles                                                      0    88.06     0.21        0      271             271
  BalancedPass::parens-inside                                               0   300.29     0.71        0     1649            1649
  BalancedPass::square-inside                                               0   456.43     1.08        1     1228            1229
  BalancedPass::square-only                                                 0   503.58     1.19        8     1262            1270
  ClexPass::rm-tok-pattern-4                                                0  5344.18    12.59        0    22228           22228
  ClexHintsPass::rm-toks-1-to-16                                            0 10654.35    25.09        0    44088           44088
  Folding (merging transformations from other passes)                   75319  1488.72     3.51      278      133             411

Runtime: 42457 seconds
Reduced test-cases:

--- HIPProg.hip ---
#include <hip/hip_runtime.h>
#include "HIPSmith.h"
#include "safe_math_macros.h"
#define transparent_crc(X, Y, Z) transparent_crc_(&crc64_context, X, , )
struct S1 {
    int64_t g_101;
    uint16_t g_103[4][3];
    uint32_t g_159;
    int64_t g_221[2];
    int8_t g_223;
    int16_t g_224;
    int32_t g_227;
    int16_t g_228;
    int8_t g_231;
    uint32_t g_232;
    uint32_t g_240;
    uint8_t g_281;
    uint32_t g_316;
    uint8_t g_403;
    uint64_t g_425;
    uint64_t *g_424;
    uint32_t g_439;
    int32_t ***g_475[5];
    uint8_t g_493;
    int64_t *g_502;
    int64_t **g_501;
    uint16_t g_618;
    uint64_t g_636;
    int8_t g_668;
    int32_t ****g_770;
    int32_t g_769;
    int64_t g_795;
    uint32_t g_915;
    uint16_t *g_918;
    int64_t g_1065;
    int *g_1105;
    int **g_1104;
    int64_t g_1250;
    int32_t *g_1270[8][2];
    int32_t **g_1269;
    uint16_t *g_1336;
    uint32_t *g_1353;
    uint32_t **g_1352[5][2][4];
    uint32_t ***g_1351;
    int8_t g_1411;
    int8_t g_1594;
    int64_t g_1664;
    int32_t g_1667;
    int64_t g_1751;
    uint64_t g_1769;
    int8_t g_1815;
    uint8_t g_1865;
    uint32_t *g_1899;
};
__device__ uint64_t  func_9(uint32_t  , S1 * );
__device__ uint32_t  func_1(S1 * p_1919)
{ 
    uint16_t l_2[10][7][3] ;
    func_9(*p_1919->g_1336 , p_1919) ;
    return l_2[8][3][1];
}
__device__ uint64_t  func_9(uint32_t  p_10, S1 * p_1919)
{
        for (p_1919->g_281 = 0; p_1919->g_281 <= 1; p_1919->g_281 += 1)
        { 
            int64_t l_1688 = 9;
            p_1919->g_221[p_1919->g_281] |= safe_sub_func_int32_t_s_s(0 || p_10, l_1688) ;
        }
    return 0;
}
__global__ void hipsmith_kernel(uint64_t *results) {
    S1 c_1920;
    S1* p_1919 = &c_1920;
    S1 c_1921 {
        6, 
        0, 
        0, 0, 0, 0, 0, 0, 0, 0, {}, 
        0, 
        {}, 
        9, 
        0, 
        1, 
        0, 
        {}, 
        4073709551610, 
        3, 
        8, 
        {}, 
        7, 
        4073709551612, 
        &p_1919->g_425, 
        0, 
        {}, 
        5, 
        &p_1919->g_221[1], 
        &p_1919->g_502, 
        {}, 
        {}, 
        0, 
        &p_1919->g_475[3], 
        {}, 
        2, 
        7, 
        nullptr, 
        {}, 
        nullptr, 
        &p_1919->g_1105, 
        {}, 
        {}, 
        &p_1919->g_1270[3][0], 
        &p_1919->g_103[1][2], 
        &p_1919->g_159, 
        {}, 
        &p_1919->g_1352[4][0][3], 
        1, 
        {}, 
        {}, 
        5, 
        {}, 
        {}, 
        6, 
        9, 
        nullptr};
    c_1920 = c_1921;
    func_1(p_1919);
    uint64_t crc64_context = 0xFFFFFFFFFFFFFFFFUL;
    for (int i = 0; i < 2; i++)
        transparent_crc(p_1919->g_221[i], , );
    int tid = threadIdx.x + blockIdx.x * blockDim.x;
    results[tid] = (crc64_context ^ 0xFFFFFFFFFFFFFFFFUL);
}
// ------------------------------------------------------------------
// Host Main
// ------------------------------------------------------------------
int main(int argc, const char* argv[]) {
    // Config
    const unsigned int num_threads = 4;
    const unsigned int block_size = 4;
    // Host Alloc
    std::vector<uint64_t> h_results(num_threads);
    const size_t results_bytes = sizeof(uint64_t) * h_results.size();
    // Device Alloc
    uint64_t *d_results;
    HIP_CHECK(hipMalloc((void**)&d_results, results_bytes));
    HIP_CHECK(hipMemset(d_results, 0, results_bytes));
    // Dimensions
    const dim3 block_dim(block_size);
    const dim3 grid_dim((num_threads + block_size - 1) / block_size);
    // Launch
    hipLaunchKernelGGL(hipsmith_kernel, grid_dim, block_dim, 0, 0, d_results);
    HIP_CHECK(hipGetLastError());
    HIP_CHECK(hipDeviceSynchronize());
    // Copy Back
    HIP_CHECK(hipMemcpy(h_results.data(), d_results, results_bytes, hipMemcpyDeviceToHost));
    // Free
    HIP_CHECK(hipFree(d_results));
    // Output
    for (size_t i = 0; i < h_results.size(); ++i) {
        printf("Thread %zu CRC: %lu\n", i, h_results[i]);
    }
    return 0;
}

