
=========================================
[!] FATAL PYTHON EXCEPTION IN REDUCTION:
Traceback (most recent call last):
  File "/homes/eb522/imperial/fyp/hipfuzz/find_and_reduce.py", line 237, in run_reduction_task
    generate_interestingness_test(abs_work_dir, good_flag, bad_flag)
  File "/homes/eb522/imperial/fyp/hipfuzz/find_and_reduce.py", line 183, in generate_interestingness_test
    content = template_content.format(
              ^^^^^^^^^^^^^^^^^^^^^^^^
KeyError: '\n    "asan"'
=========================================

=========================================
[!] FATAL PYTHON EXCEPTION IN REDUCTION:
Traceback (most recent call last):
  File "/homes/eb522/imperial/fyp/hipfuzz/find_and_reduce.py", line 237, in run_reduction_task
    generate_interestingness_test(abs_work_dir, good_flag, bad_flag)
  File "/homes/eb522/imperial/fyp/hipfuzz/find_and_reduce.py", line 183, in generate_interestingness_test
    content = template_content.format(
              ^^^^^^^^^^^^^^^^^^^^^^^^
KeyError: 'bin_path'
=========================================
00:00:00 ERROR Prereqs not found for pass UnIfDefPass
00:00:00 ERROR Prereqs not found for pass IfPass
00:00:00 ERROR Prereqs not found for pass UnIfDefPass
00:00:06 INFO ===< 2423441 >===
00:00:06 INFO running 4 interestingness tests in parallel
00:00:06 INFO (0.0%, 2197 bytes, 65 lines)
00:00:06 INFO INITIAL PASSES (interleaving)
00:00:06 INFO ===<  >===
00:01:19 INFO (0.0%, 2196 bytes, 65 lines, via BlankPass)
00:18:37 INFO INITIAL PASSES
00:18:37 ERROR Skipping pass UnIfDefPass
00:18:37 ERROR Skipping pass IfPass
00:18:37 INFO ===< BalancedPass::angles, BalancedPass::angles-inside, BalancedPass::angles-only, BalancedPass::curly, BalancedPass::curly-inside, BalancedPass::curly-only, BalancedPass::curly2, BalancedPass::curly3, BalancedPass::parens, BalancedPass::parens-inside, BalancedPass::parens-only, BalancedPass::parens-to-zero, BalancedPass::square, BalancedPass::square-inside, BalancedPass::square-only, BlankPass, ClangHintsPass::callexpr-to-value, ClangHintsPass::remove-unused-function, ClangHintsPass::replace-dependent-typedef, ClangHintsPass::replace-function-def-with-decl, ClangIncludeGraphPass, ClangModuleMapPass, ClexHintsPass::rm-toks-1-to-4, ClexHintsPass::rm-toks-13-to-16, ClexHintsPass::rm-toks-5-to-8, ClexHintsPass::rm-toks-9-to-12, CommentsPass, InlineIncludesPass, LineMarkersPass, LinesPass::0, LinesPass::1, LinesPass::10, LinesPass::2, LinesPass::3, LinesPass::4, LinesPass::6, LinesPass::8, LinesPass::None, MakefilePass, RmUnusedFilesPass, TreeSitterPass::erase-namespace, TreeSitterPass::remove-function, TreeSitterPass::replace-function-def-with-decl >===
00:18:38 INFO ===< IncludesPass >===
00:18:38 INFO ===< CommentsPass >===
00:18:38 INFO ===< LineMarkersPass >===
00:18:40 INFO ===< BlankPass >===
00:18:40 INFO ===< ClangHintsPass::replace-function-def-with-decl (30 T) >===
00:18:40 INFO ===< ClangHintsPass::remove-unused-function (30 T) >===
00:18:40 INFO cache hit for HIPProg.hip
00:18:40 INFO ===< ClangHintsPass::replace-function-def-with-decl (30 T) >===
00:18:40 INFO cache hit for HIPProg.hip
00:18:40 INFO ===< ClangHintsPass::remove-unused-function (30 T) >===
00:18:40 INFO ===< ClangHintsPass::replace-function-def-with-decl >===
00:18:41 INFO ===< ClangHintsPass::remove-unused-function >===
00:18:44 INFO ===< LinesPass::0 >===
00:19:09 INFO ===< LinesPass::1 >===
00:19:09 INFO ===< LinesPass::2 >===
00:19:09 INFO ===< LinesPass::3 >===
00:19:09 INFO ===< LinesPass::4 >===
00:19:09 INFO ===< LinesPass::6 >===
00:19:09 INFO ===< LinesPass::8 >===
00:19:09 INFO ===< LinesPass::10 >===
00:19:09 INFO cache hit for HIPProg.hip
00:19:09 INFO ===< ClangHintsPass::replace-function-def-with-decl >===
00:19:09 INFO cache hit for HIPProg.hip
00:19:09 INFO ===< ClangHintsPass::remove-unused-function >===
00:19:09 INFO cache hit for HIPProg.hip
00:19:09 INFO ===< ClangHintsPass::remove-unused-function >===
00:19:22 INFO ===< BalancedPass::curly >===
00:19:35 INFO ===< BalancedPass::curly2 >===
00:19:35 INFO ===< BalancedPass::curly3 >===
00:19:40 INFO ===< BalancedPass::parens-to-zero >===
00:19:40 INFO ===< ClangHintsPass::callexpr-to-value >===
00:19:40 INFO ===< ClangPass::replace-callexpr >===
00:19:41 INFO ===< ClangPass::simplify-callexpr >===
00:19:41 INFO using C++ standard: c++2b with 0 transformation opportunities
00:19:41 INFO ===< ClangBinarySearchPass::remove-unused-enum-member >===
00:19:41 INFO ===< ClangPass::remove-enum-member-value >===
00:19:41 INFO using C++ standard: c++2b with 4 transformation opportunities
00:19:42 INFO ===< ClangBinarySearchPass::remove-unused-var >===
00:19:43 INFO ===< SpecialPass::a >===
00:19:43 INFO ===< SpecialPass::b >===
00:19:43 INFO INTERLEAVING PASSES
00:19:43 INFO ===< SpecialPass::c >===
00:46:29 INFO Termination check: size was 2196; now 2196
00:46:29 INFO MAIN PASSES
00:46:29 ERROR Skipping pass UnIfDefPass
00:46:29 INFO ===< BalancedPass::angles, BalancedPass::angles-inside, BalancedPass::angles-only, BalancedPass::curly, BalancedPass::curly-inside, BalancedPass::curly-only, BalancedPass::curly2, BalancedPass::curly3, BalancedPass::parens, BalancedPass::parens-inside, BalancedPass::parens-only, BalancedPass::parens-to-zero, BalancedPass::square, BalancedPass::square-inside, BalancedPass::square-only, BlankPass, ClangHintsPass::callexpr-to-value, ClangHintsPass::remove-unused-function, ClangHintsPass::replace-dependent-typedef, ClangHintsPass::replace-function-def-with-decl, ClangIncludeGraphPass, ClangModuleMapPass, ClexHintsPass::rm-toks-1-to-4, ClexHintsPass::rm-toks-13-to-16, ClexHintsPass::rm-toks-5-to-8, ClexHintsPass::rm-toks-9-to-12, CommentsPass, InlineIncludesPass, LineMarkersPass, LinesPass::0, LinesPass::1, LinesPass::10, LinesPass::2, LinesPass::3, LinesPass::4, LinesPass::6, LinesPass::8, LinesPass::None, MakefilePass, RmUnusedFilesPass, TreeSitterPass::erase-namespace, TreeSitterPass::remove-function, TreeSitterPass::replace-function-def-with-decl >===
00:46:29 INFO ===< IncludeIncludesPass >===
00:46:29 INFO ===< TernaryPass::b >===
00:46:29 INFO ===< TernaryPass::c >===
00:46:29 INFO cache hit for HIPProg.hip
00:46:29 INFO ===< BalancedPass::curly >===
00:46:29 INFO cache hit for HIPProg.hip
00:46:29 INFO ===< BalancedPass::curly2 >===
00:46:29 INFO cache hit for HIPProg.hip
00:46:29 INFO ===< BalancedPass::curly3 >===
00:46:41 INFO ===< BalancedPass::parens >===
00:46:42 INFO ===< BalancedPass::angles >===
00:46:50 INFO ===< BalancedPass::square >===
00:47:04 INFO ===< BalancedPass::curly-inside >===
00:47:13 INFO ===< BalancedPass::parens-inside >===
00:47:14 INFO ===< BalancedPass::angles-inside >===
00:47:20 INFO ===< BalancedPass::square-inside >===
00:47:25 INFO ===< BalancedPass::curly-only >===
00:47:26 INFO ===< BalancedPass::angles-only >===
00:47:35 INFO ===< BalancedPass::square-only >===
00:47:35 INFO ===< ClangPass::remove-namespace >===
00:47:35 INFO ===< ClangPass::aggregate-to-scalar >===
00:47:35 INFO ===< ClangPass::param-to-global >===
00:47:36 INFO ===< ClangPass::param-to-local >===
00:47:36 INFO ===< ClangPass::remove-nested-function >===
00:47:36 INFO ===< ClangPass::union-to-struct >===
00:47:38 INFO ===< ClangPass::return-void >===
00:47:38 INFO ===< ClangPass::simple-inliner >===
00:47:39 INFO ===< ClangPass::reduce-pointer-level >===
00:47:39 INFO ===< ClangPass::lift-assignment-expr >===
00:47:39 INFO ===< ClangPass::copy-propagation >===
00:47:39 INFO cache hit for HIPProg.hip
00:47:39 INFO ===< ClangHintsPass::callexpr-to-value >===
00:47:39 INFO cache hit for HIPProg.hip
00:47:39 INFO ===< ClangPass::replace-callexpr >===
00:47:39 INFO cache hit for HIPProg.hip
00:47:39 INFO ===< ClangPass::simplify-callexpr >===
00:47:39 INFO cache hit for HIPProg.hip
00:47:39 INFO ===< ClangHintsPass::remove-unused-function >===
00:47:39 INFO cache hit for HIPProg.hip
00:47:39 INFO ===< ClangBinarySearchPass::remove-unused-enum-member >===
00:47:39 INFO cache hit for HIPProg.hip
00:47:39 INFO ===< ClangPass::remove-enum-member-value >===
00:47:39 INFO cache hit for HIPProg.hip
00:47:39 INFO ===< ClangBinarySearchPass::remove-unused-var >===
00:47:39 INFO ===< ClangPass::simplify-if >===
00:47:39 INFO ===< ClangPass::reduce-array-dim >===
00:47:39 INFO ===< ClangPass::reduce-array-size >===
00:47:39 INFO ===< ClangPass::move-definition-to-declaration >===
00:47:39 INFO ===< ClangPass::simplify-comma-expr >===
00:47:40 INFO ===< ClangPass::simplify-dependent-typedef >===
00:47:40 INFO ===< ClangPass::replace-simple-typedef >===
00:47:40 INFO ===< ClangHintsPass::replace-dependent-typedef >===
00:47:40 INFO ===< ClangPass::replace-one-level-typedef-type >===
00:47:47 INFO ===< ClangPass::remove-unused-field >===
00:47:47 INFO ===< ClangPass::instantiate-template-type-param-to-int >===
00:47:47 INFO ===< ClangPass::instantiate-template-param >===
00:47:47 INFO ===< ClangPass::template-arg-to-int >===
00:47:47 INFO ===< ClangPass::template-non-type-arg-to-int >===
00:47:47 INFO ===< ClangPass::reduce-class-template-param >===
00:47:47 INFO ===< ClangPass::remove-trivial-base-template >===
00:47:47 INFO ===< ClangPass::class-template-to-class >===
00:47:47 INFO ===< ClangPass::merge-base-class >===
00:47:47 INFO ===< ClangPass::remove-base-class >===
00:47:47 INFO ===< ClangPass::replace-derived-class >===
00:47:47 INFO ===< ClangPass::remove-unresolved-base >===
00:47:47 INFO ===< ClangPass::remove-ctor-initializer >===
00:47:47 INFO ===< ClangPass::replace-class-with-base-template-spec >===
00:47:48 INFO ===< ClangPass::simplify-nested-class >===
00:47:48 INFO ===< ClangPass::remove-unused-outer-class >===
00:47:48 INFO ===< ClangPass::empty-struct-to-int >===
00:47:49 INFO ===< ClangPass::remove-pointer >===
00:47:49 INFO ===< ClangPass::reduce-pointer-pairs >===
00:47:49 INFO ===< ClangPass::remove-array >===
00:47:49 INFO ===< ClangPass::remove-addr-taken >===
00:47:49 INFO ===< ClangPass::simplify-struct >===
00:47:49 INFO ===< ClangPass::replace-undefined-function >===
00:47:49 INFO ===< ClangPass::replace-array-index-var >===
00:47:49 INFO ===< ClangPass::replace-array-access-with-index >===
00:47:49 INFO ===< ClangPass::replace-dependent-name >===
00:47:49 INFO ===< ClangPass::simplify-recursive-template-instantiation >===
00:47:49 INFO ===< ClangPass::vector-to-array >===
00:47:50 INFO ===< ClangPass::remove-try-catch >===
00:47:50 INFO ===< ClangPass::class-to-struct >===
00:47:53 INFO ===< ClangPass::member-to-global >===
00:47:53 INFO cache hit for HIPProg.hip
00:47:53 INFO ===< LinesPass::0 >===
00:47:53 INFO cache hit for HIPProg.hip
00:47:53 INFO ===< LinesPass::1 >===
00:47:53 INFO cache hit for HIPProg.hip
00:47:53 INFO ===< LinesPass::2 >===
00:47:53 INFO cache hit for HIPProg.hip
00:47:53 INFO ===< LinesPass::3 >===
00:47:53 INFO cache hit for HIPProg.hip
00:47:53 INFO ===< LinesPass::4 >===
00:47:53 INFO cache hit for HIPProg.hip
00:47:53 INFO ===< LinesPass::6 >===
00:47:53 INFO cache hit for HIPProg.hip
00:47:53 INFO ===< LinesPass::8 >===
00:47:53 INFO cache hit for HIPProg.hip
00:47:53 INFO ===< LinesPass::10 >===
00:47:53 INFO cache hit for HIPProg.hip
00:47:53 INFO ===< CommentsPass >===
00:47:53 INFO cache hit for HIPProg.hip
00:47:53 INFO ===< SpecialPass::b >===
00:47:53 INFO cache hit for HIPProg.hip
00:47:53 INFO ===< SpecialPass::c >===
00:47:53 INFO ===< IndentPass::regular >===
00:47:53 INFO cache hit for HIPProg.hip
00:47:53 INFO ===< BalancedPass::parens-to-zero >===
01:16:13 INFO ===< ClexHintsPass::rm-toks-1-to-16 >===
01:31:10 INFO ===< ClexPass::rm-tok-pattern-4 >===
01:31:12 INFO ===< ClangPass::local-to-global >===
01:31:20 INFO ===< PeepPass::c >===
01:31:21 INFO ===< IntsPass::a >===
01:31:21 INFO ===< IntsPass::b >===
01:31:21 INFO ===< IntsPass::c >===
01:31:21 INFO ===< IntsPass::d >===
01:31:21 INFO cache hit for HIPProg.hip
01:31:21 INFO ===< IntsPass::c >===
01:31:29 INFO ===< BalancedPass::parens-only >===
01:31:31 INFO ===< ClexPass::delete-string >===
01:31:32 INFO Termination check: size was 2196; now 2196
01:31:32 INFO CLEANUP PASSES
01:31:32 INFO ===< ClexPass::define >===
01:31:34 INFO ===< ClangPass::combine-global-var >===
01:31:36 INFO ===< ClangPass::combine-local-var >===
01:31:36 INFO ===< ClangPass::simplify-struct-union-decl >===
01:31:36 INFO ===< ClangPass::move-global-var >===
01:31:36 INFO ===< ClangPass::unify-function-decl >===
01:31:36 INFO cache hit for HIPProg.hip
01:31:36 INFO ===< LinesPass::0 >===
01:31:36 INFO cache hit for HIPProg.hip
01:31:36 INFO ===< ClexPass::delete-string >===
01:31:36 INFO cache hit for HIPProg.hip
01:31:36 INFO ===< BlankPass >===
01:31:36 INFO cache hit for HIPProg.hip
01:31:36 INFO ===< BlankPass >===
01:31:36 INFO ===================== done ====================
===< PASS statistics >===
  pass name                                                     bytes reduced time (s) time (%)   worked   failed  total executed
  BlankPass                                                                 1     7.11     0.13        1       28              29
  InlineIncludesPass                                                        0     0.00     0.00        0        0               0
  RmUnusedFilesPass                                                         0     0.00     0.00        0        0               0
  SpecialPass::c                                                            0     0.00     0.00        0        0               0
  SpecialPass::b                                                            0     0.00     0.00        0        0               0
  BalancedPass::curly3                                                      0     0.00     0.00        0        0               0
  TernaryPass::b                                                            0     0.00     0.00        0        0               0
  TernaryPass::c                                                            0     0.00     0.00        0        0               0
  IncludeIncludesPass                                                       0     0.01     0.00        0        4               4
  LinesPass::6                                                              0     0.01     0.00        0        0               0
  LinesPass::8                                                              0     0.01     0.00        0        0               0
  LinesPass::4                                                              0     0.01     0.00        0        0               0
  LinesPass::10                                                             0     0.01     0.00        0        0               0
  LinesPass::3                                                              0     0.01     0.00        0        0               0
  ClangIncludeGraphPass                                                     0     0.01     0.00        0        0               0
  IndentPass::final                                                         0     0.01     0.00        0        1               1
  ClangModuleMapPass                                                        0     0.02     0.00        0        0               0
  IndentPass::regular                                                       0     0.02     0.00        0        1               1
  MakefilePass                                                              0     0.02     0.00        0        0               0
  LineMarkersPass                                                           0     0.02     0.00        0        0               0
  TreeSitterPass::erase-namespace                                           0     0.02     0.00        0        0               0
  IntsPass::c                                                               0     0.02     0.00        0        2               2
  IntsPass::d                                                               0     0.02     0.00        0        2               2
  IntsPass::b                                                               0     0.03     0.00        0        2               2
  ClangPass::move-global-var                                                0     0.03     0.00        0        4               4
  ClangPass::reduce-pointer-pairs                                           0     0.03     0.00        0        4               4
  ClangPass::replace-undefined-function                                     0     0.03     0.00        0        4               4
  ClangPass::replace-array-access-with-index                                0     0.03     0.00        0        4               4
  ClangPass::simplify-struct                                                0     0.03     0.00        0        4               4
  ClangPass::class-template-to-class                                        0     0.03     0.00        0        4               4
  ClangPass::simplify-dependent-typedef                                     0     0.03     0.00        0        4               4
  ClangPass::copy-propagation                                               0     0.03     0.00        0        4               4
  ClangPass::remove-enum-member-value                                       0     0.03     0.00        0        4               4
  ClangPass::union-to-struct                                                0     0.03     0.00        0        4               4
  ClangPass::remove-base-class                                              0     0.03     0.00        0        4               4
  ClangPass::replace-dependent-name                                         0     0.03     0.00        0        4               4
  ClangPass::replace-simple-typedef                                         0     0.03     0.00        0        4               4
  ClangPass::template-arg-to-int                                            0     0.03     0.00        0        4               4
  ClangPass::remove-array                                                   0     0.03     0.00        0        4               4
  ClangPass::vector-to-array                                                0     0.03     0.00        0        4               4
  ClangPass::remove-trivial-base-template                                   0     0.03     0.00        0        4               4
  ClangPass::move-definition-to-declaration                                 0     0.03     0.00        0        4               4
  ClangPass::reduce-array-dim                                               0     0.03     0.00        0        4               4
  ClangPass::unify-function-decl                                            0     0.03     0.00        0        4               4
  ClangPass::reduce-array-size                                              0     0.03     0.00        0        4               4
  ClangPass::simplify-comma-expr                                            0     0.03     0.00        0        4               4
  ClangPass::aggregate-to-scalar                                            0     0.03     0.00        0        4               4
  ClangPass::simplify-if                                                    0     0.03     0.00        0        4               4
  ClangPass::reduce-class-template-param                                    0     0.03     0.00        0        4               4
  ClangPass::remove-unresolved-base                                         0     0.03     0.00        0        4               4
  ClangPass::empty-struct-to-int                                            0     0.03     0.00        0        4               4
  ClangPass::replace-callexpr                                               0     0.03     0.00        0        4               4
  ClangPass::template-non-type-arg-to-int                                   0     0.03     0.00        0        4               4
  ClangPass::instantiate-template-param                                     0     0.03     0.00        0        4               4
  ClangPass::lift-assignment-expr                                           0     0.03     0.00        0        4               4
  ClangPass::replace-class-with-base-template-spec                          0     0.03     0.00        0        4               4
  ClangPass::remove-addr-taken                                              0     0.03     0.00        0        4               4
  ClangPass::replace-array-index-var                                        0     0.03     0.00        0        4               4
  ClangPass::replace-derived-class                                          0     0.03     0.00        0        4               4
  ClangPass::remove-ctor-initializer                                        0     0.03     0.00        0        4               4
  ClangPass::simplify-recursive-template-instantiation                      0     0.03     0.00        0        4               4
  ClangPass::replace-one-level-typedef-type                                 0     0.03     0.00        0        4               4
  ClangPass::merge-base-class                                               0     0.03     0.00        0        4               4
  ClangPass::simple-inliner                                                 0     0.04     0.00        0        4               4
  ClangPass::remove-namespace                                               0     0.04     0.00        0        4               4
  ClangPass::simplify-struct-union-decl                                     0     0.04     0.00        0        4               4
  ClangPass::remove-unused-outer-class                                      0     0.04     0.00        0        4               4
  ClangPass::remove-pointer                                                 0     0.04     0.00        0        4               4
  ClangPass::instantiate-template-type-param-to-int                         0     0.04     0.00        0        4               4
  ClangPass::class-to-struct                                                0     0.04     0.00        0        4               4
  ClangHintsPass::replace-dependent-typedef                                 0     0.04     0.00        0        0               0
  ClangPass::param-to-global                                                0     0.06     0.00        0        4               4
  ClangPass::remove-try-catch                                               0     0.06     0.00        0        4               4
  ClangPass::remove-nested-function                                         0     0.10     0.00        0        8               8
  ClangHintsPass::remove-unused-function (30 T)                             0     0.17     0.00        0        1               1
  ClangHintsPass::replace-function-def-with-decl (30 T)                     0     0.18     0.00        0        3               3
  ClangBinarySearchPass::remove-unused-enum-member                          0     0.18     0.00        0        0               0
  ClangHintsPass::remove-unused-function                                    0     0.33     0.01        0        4               4
  ClangPass::param-to-local                                                 0     0.37     0.01        0        4               4
  ClangPass::return-void                                                    0     0.37     0.01        0        4               4
  ClexPass::define                                                          0     0.38     0.01        0        4               4
  SpecialPass::a                                                            0     0.39     0.01        0        2               2
  IntsPass::a                                                               0     0.41     0.01        0        3               3
  ClangPass::simplify-callexpr                                              0     0.44     0.01        0       16              16
  ClangPass::combine-local-var                                              0     0.47     0.01        0        7               7
  ClangHintsPass::replace-function-def-with-decl                            0     0.47     0.01        0       12              12
  ClangBinarySearchPass::remove-unused-var                                  0     0.48     0.01        0        7               7
  IncludesPass                                                              0     0.55     0.01        0        4               4
  ClexPass::delete-string                                                   0     0.67     0.01        0        4               4
  ClangPass::combine-global-var                                             0     0.83     0.02        0        4               4
  CommentsPass                                                              0     0.98     0.02        0       84              84
  ClangPass::simplify-nested-class                                          0     1.03     0.02        0        4               4
  ClangPass::reduce-pointer-level                                           0     1.17     0.02        0        5               5
  ClangPass::local-to-global                                                0     1.46     0.03        0       14              14
  TreeSitterPass::remove-function                                           0     1.62     0.03        0       27              27
  ClangHintsPass::callexpr-to-value                                         0     1.70     0.03        0       52              52
  BalancedPass::angles                                                      0     1.87     0.03        0       16              16
  BalancedPass::angles-only                                                 0     1.89     0.03        0       16              16
  ClangPass::member-to-global                                               0     1.95     0.04        0        8               8
  TreeSitterPass::replace-function-def-with-decl                            0     2.17     0.04        0       21              21
  BalancedPass::angles-inside                                               0     2.25     0.04        0       16              16
  LinesPass::2                                                              0     2.54     0.05        0       12              12
  ClangPass::remove-unused-field                                            0     3.13     0.06        0        7               7
  PeepPass::c                                                               0     6.04     0.11        0     2196            2196
  LinesPass::0                                                              0    10.90     0.20        0       72              72
  BalancedPass::curly-only                                                  0    11.95     0.22        0       60              60
  BalancedPass::parens-to-zero                                              0    14.73     0.27        0      225             225
  BalancedPass::square-inside                                               0    16.38     0.30        0       88              88
  BalancedPass::parens-inside                                               0    17.65     0.32        0      189             189
  BalancedPass::parens-only                                                 0    18.07     0.33        0      225             225
  BalancedPass::square-only                                                 0    19.60     0.36        0       88              88
  BalancedPass::square                                                      0    19.82     0.36        0       88              88
  BalancedPass::parens                                                      0    20.57     0.37        0      225             225
  BalancedPass::curly                                                       0    29.26     0.53        0       60              60
  BalancedPass::curly2                                                      0    29.41     0.54        0       60              60
  BalancedPass::curly-inside                                                0    38.27     0.70        0       36              36
  LinesPass::None                                                           0    64.40     1.17        0      266             266
  LinesPass::1                                                              0    67.89     1.24        0      232             232
  ClexHintsPass::rm-toks-13-to-16                                           0   561.06    10.21        0     4468            4468
  ClexHintsPass::rm-toks-9-to-12                                            0   574.90    10.46        0     4500            4500
  ClexHintsPass::rm-toks-5-to-8                                             0   614.53    11.18        0     4532            4532
  ClexHintsPass::rm-toks-1-to-4                                             0   666.64    12.13        0     4564            4564
  ClexPass::rm-tok-pattern-4                                                0   896.75    16.32        0     4577            4577
  ClexHintsPass::rm-toks-1-to-16                                            0  1698.16    30.90        0     9032            9032

Runtime: 5496 seconds
Reduced test-cases:

--- HIPProg.hip ---
#include "safe_math_macros.h"
#include <hip/hip_runtime.h>
#include "HIPSmith.h"
#define transparent_crc(X, Y, Z) transparent_crc_(&crc64_context, X, , )
struct S0 {
  uint8_t g_80[6];
  uint8_t *g_223;
  uint32_t g_605[7];
  uint64_t g_915;
  uint64_t *g_1051;
};
__device__ uint8_t func_9(int32_t, int8_t, S0 *);
__device__ uint32_t func_1(S0 *p_1245) {
  uint64_t l_6[1][9];
  int i, j;
  for (i = j = 0; j < 9; j++)
    l_6[i][j] = 4017972498;
  *p_1245->g_1051 |=
      safe_mul_func_int32_t_s_s(l_6[0][4] ^ func_9(0, 0, p_1245), l_6[0][6]);
  return 0;
}
__device__ uint8_t func_9(int32_t, int8_t, S0 *p_1245) {
  return *p_1245->g_223;
}
__global__ void hipsmith_kernel(uint64_t *results) {
  S0 c_1246;
  S0 *p_1245 = &c_1246;
  S0 c_1247{{}, &p_1245->g_80[4], {}, 0, &p_1245->g_915};
  c_1246 = c_1247;
  func_1(p_1245);
  uint64_t crc64_context = 0xFFFFFFFFFFFFFFFFUL;
  transparent_crc(p_1245->g_915, , );
  int tid = threadIdx.x + blockIdx.x * blockDim.x;
  results[tid] = (crc64_context ^ 0xFFFFFFFFFFFFFFFFUL);
}
// ------------------------------------------------------------------
// Host Main
// ------------------------------------------------------------------
int main(int argc, const char* argv[]) {
    // Config
    const unsigned int num_threads = 4;
    const unsigned int block_size = 4;
    // Host Alloc
    std::vector<uint64_t> h_results(num_threads);
    const size_t results_bytes = sizeof(uint64_t) * h_results.size();
    // Device Alloc
    uint64_t *d_results;
    HIP_CHECK(hipMalloc((void**)&d_results, results_bytes));
    HIP_CHECK(hipMemset(d_results, 0, results_bytes));
    // Dimensions
    const dim3 block_dim(block_size);
    const dim3 grid_dim((num_threads + block_size - 1) / block_size);
    // Launch
    hipLaunchKernelGGL(hipsmith_kernel, grid_dim, block_dim, 0, 0, d_results);
    HIP_CHECK(hipGetLastError());
    HIP_CHECK(hipDeviceSynchronize());
    // Copy Back
    HIP_CHECK(hipMemcpy(h_results.data(), d_results, results_bytes, hipMemcpyDeviceToHost));
    // Free
    HIP_CHECK(hipFree(d_results));
    // Output
    for (size_t i = 0; i < h_results.size(); ++i)
    printf("Thread %zu CRC: %lu\n", i, h_results[i]);
    return 0;
}

