ngness tests in parallel
00:00:11 INFO (0.0%, 219251 bytes, 2358 lines)
00:00:11 INFO INITIAL PASSES (interleaving)
00:00:11 INFO ===<  >===
00:08:33 INFO (82.4%, 38628 bytes, 1053 lines, via LinesPass::3 + BalancedPass::curly-inside + LinesPass::2 + BalancedPass::curly3 + CommentsPass + ClangHintsPass::callexpr-to-value + LinesPass::0 + ClangHintsPass::remove-unused-function + BlankPass)
00:14:47 INFO (86.3%, 30117 bytes, 917 lines, via LinesPass::0 + BalancedPass::curly3 + LinesPass::2 + BalancedPass::curly-inside + ClangHintsPass::callexpr-to-value + CommentsPass + TreeSitterPass::remove-function + BlankPass)
00:22:06 INFO (88.4%, 25411 bytes, 808 lines, via LinesPass::None + ClangHintsPass::callexpr-to-value + LinesPass::2 + BalancedPass::curly3 + BalancedPass::curly + BalancedPass::parens-to-zero + BalancedPass::curly-inside + LinesPass::0 + BlankPass)
00:28:05 INFO (90.5%, 20886 bytes, 704 lines, via LinesPass::None + LinesPass::2 + BalancedPass::curly-inside + BalancedPass::parens-to-zero + BlankPass + ClexHintsPass::rm-toks-5-to-8 + BalancedPass::square + ClexHintsPass::rm-toks-1-to-4 + BalancedPass::curly2 + BalancedPass::curly)
00:33:55 INFO (91.5%, 18602 bytes, 653 lines, via BalancedPass::curly2 + LinesPass::None + BalancedPass::curly-inside + LinesPass::2 + BalancedPass::parens-to-zero + ClangHintsPass::callexpr-to-value + BalancedPass::square + BlankPass)
00:39:34 INFO (92.6%, 16171 bytes, 594 lines, via LinesPass::1 + LinesPass::None + BalancedPass::parens-to-zero + BalancedPass::curly-inside + BalancedPass::square + BalancedPass::parens-only + ClexHintsPass::rm-toks-1-to-4)
00:46:06 INFO (92.8%, 15709 bytes, 574 lines, via LinesPass::None + LinesPass::1 + ClexHintsPass::rm-toks-13-to-16 + BalancedPass::parens-to-zero + BalancedPass::square + BalancedPass::curly + BalancedPass::parens-only + ClexHintsPass::rm-toks-1-to-4 + ClexHintsPass::rm-toks-5-to-8)
00:50:51 INFO (92.9%, 15611 bytes, 574 lines, via BalancedPass::parens-to-zero + BalancedPass::square + BalancedPass::parens-only)
00:56:14 INFO (93.4%, 14509 bytes, 532 lines, via LinesPass::1 + LinesPass::None + BalancedPass::square + BalancedPass::parens-to-zero + BlankPass + ClexHintsPass::rm-toks-1-to-4 + BalancedPass::curly-only)
01:00:38 INFO (93.8%, 13703 bytes, 515 lines, via LinesPass::1 + BalancedPass::parens-to-zero + LinesPass::2 + BalancedPass::square + ClexHintsPass::rm-toks-1-to-4 + BalancedPass::parens-only + BalancedPass::square-only + BalancedPass::curly)
01:06:19 INFO (94.7%, 11584 bytes, 439 lines, via BalancedPass::curly-inside + ClangHintsPass::remove-unused-function + LinesPass::None + BalancedPass::parens-to-zero + BalancedPass::parens + ClexHintsPass::rm-toks-1-to-4 + BalancedPass::parens-only)
01:09:57 INFO (95.0%, 11063 bytes, 426 lines, via TreeSitterPass::remove-function + LinesPass::0 + LinesPass::None + ClexHintsPass::rm-toks-1-to-4 + BlankPass)
01:13:00 INFO (95.1%, 10642 bytes, 414 lines, via LinesPass::1 + ClexHintsPass::rm-toks-1-to-4 + BlankPass)
01:15:57 INFO (95.2%, 10545 bytes, 409 lines, via LinesPass::2 + LinesPass::1)
01:19:17 INFO (95.3%, 10354 bytes, 403 lines, via LinesPass::None + ClexHintsPass::rm-toks-1-to-4 + BalancedPass::square)
01:21:23 INFO (95.3%, 10342 bytes, 403 lines, via BalancedPass::square)
01:24:06 INFO (95.3%, 10286 bytes, 402 lines, via LinesPass::1 + BalancedPass::parens-to-zero + BalancedPass::square + BalancedPass::parens-only)
01:27:16 INFO (95.5%, 9975 bytes, 392 lines, via LinesPass::1 + ClexHintsPass::rm-toks-1-to-4 + BalancedPass::square)
01:30:18 INFO (95.5%, 9932 bytes, 391 lines, via LinesPass::2 + ClexHintsPass::rm-toks-1-to-4)
01:33:28 INFO (95.5%, 9912 bytes, 391 lines, via ClexHintsPass::rm-toks-1-to-4 + ClexHintsPass::rm-toks-5-to-8)
01:36:28 INFO (95.5%, 9842 bytes, 390 lines, via LinesPass::None + ClexHintsPass::rm-toks-1-to-4)
01:39:23 INFO (95.6%, 9656 bytes, 388 lines, via LinesPass::None + ClexHintsPass::rm-toks-1-to-4 + ClexHintsPass::rm-toks-5-to-8)
01:42:11 INFO (95.6%, 9584 bytes, 386 lines, via LinesPass::1 + ClexHintsPass::rm-toks-1-to-4 + ClexHintsPass::rm-toks-5-to-8)
01:45:24 INFO (95.7%, 9528 bytes, 385 lines, via ClexHintsPass::rm-toks-1-to-4 + LinesPass::1 + BalancedPass::square)
01:48:31 INFO (95.7%, 9465 bytes, 385 lines, via ClexHintsPass::rm-toks-1-to-4)
01:51:20 INFO (95.8%, 9247 bytes, 379 lines, via LinesPass::None + ClexHintsPass::rm-toks-1-to-4 + BalancedPass::curly-only)
01:54:17 INFO (95.8%, 9180 bytes, 377 lines, via LinesPass::1 + ClexHintsPass::rm-toks-1-to-4 + BlankPass)
01:57:05 INFO (95.8%, 9134 bytes, 377 lines, via ClexHintsPass::rm-toks-9-to-12 + ClexHintsPass::rm-toks-1-to-4)
02:01:48 INFO (96.0%, 8874 bytes, 371 lines, via BalancedPass::curly2 + ClexHintsPass::rm-toks-13-to-16 + ClexHintsPass::rm-toks-5-to-8 + ClexHintsPass::rm-toks-1-to-4 + ClexHintsPass::rm-toks-9-to-12 + BalancedPass::square + BalancedPass::curly)
02:04:47 INFO (96.1%, 8518 bytes, 364 lines, via TreeSitterPass::remove-function + ClexHintsPass::rm-toks-5-to-8 + ClexHintsPass::rm-toks-1-to-4)
02:06:48 INFO (96.1%, 8491 bytes, 364 lines, via ClexHintsPass::rm-toks-1-to-4 + BalancedPass::square-only)
02:09:15 INFO (97.3%, 5839 bytes, 227 lines, via BalancedPass::curly-inside + BalancedPass::parens-only + BalancedPass::square-only)
02:12:59 INFO (97.8%, 4736 bytes, 172 lines, via LinesPass::1 + BlankPass)
02:19:27 INFO (98.3%, 3746 bytes, 127 lines, via LinesPass::1 + ClexHintsPass::rm-toks-13-to-16 + BalancedPass::square + ClexHintsPass::rm-toks-5-to-8)
02:21:27 INFO (98.3%, 3726 bytes, 125 lines, via ClexHintsPass::rm-toks-1-to-4)
02:26:42 INFO (98.5%, 3370 bytes, 108 lines, via ClexHintsPass::rm-toks-9-to-12 + ClexHintsPass::rm-toks-1-to-4)
02:28:33 INFO (98.5%, 3340 bytes, 107 lines, via ClexHintsPass::rm-toks-5-to-8 + BalancedPass::parens-only + BalancedPass::square-inside)
02:32:47 INFO (98.6%, 3143 bytes, 102 lines, via ClexHintsPass::rm-toks-5-to-8 + ClexHintsPass::rm-toks-1-to-4 + ClexHintsPass::rm-toks-9-to-12)
02:35:29 INFO (98.6%, 3091 bytes, 100 lines, via ClexHintsPass::rm-toks-1-to-4 + BalancedPass::curly-inside)
02:36:50 INFO (98.6%, 3023 bytes, 96 lines, via ClexHintsPass::rm-toks-13-to-16)
02:38:32 INFO (98.6%, 2970 bytes, 96 lines, via ClexHintsPass::rm-toks-13-to-16)
02:39:42 INFO (98.7%, 2950 bytes, 96 lines, via ClexHintsPass::rm-toks-1-to-4)
02:41:38 INFO (98.7%, 2930 bytes, 96 lines, via ClexHintsPass::rm-toks-5-to-8)
02:42:57 INFO (98.7%, 2918 bytes, 96 lines, via BalancedPass::square)
02:44:02 INFO (98.7%, 2836 bytes, 91 lines, via ClexHintsPass::rm-toks-13-to-16)
02:44:50 INFO (98.7%, 2834 bytes, 91 lines, via BalancedPass::curly)
02:46:51 INFO (98.7%, 2802 bytes, 89 lines, via ClexHintsPass::rm-toks-1-to-4)
02:48:45 INFO (98.7%, 2774 bytes, 88 lines, via ClexHintsPass::rm-toks-1-to-4)
02:50:28 INFO (98.7%, 2764 bytes, 88 lines, via ClexHintsPass::rm-toks-1-to-4)
02:52:11 INFO (98.7%, 2762 bytes, 88 lines, via BalancedPass::curly)
02:53:55 INFO (98.7%, 2748 bytes, 88 lines, via ClexHintsPass::rm-toks-1-to-4)
02:55:14 INFO (98.8%, 2709 bytes, 86 lines, via ClexHintsPass::rm-toks-13-to-16)
02:56:53 INFO (98.8%, 2670 bytes, 84 lines, via ClexHintsPass::rm-toks-5-to-8 + ClexHintsPass::rm-toks-1-to-4)
03:00:12 INFO (98.8%, 2656 bytes, 83 lines, via ClexHintsPass::rm-toks-1-to-4)
03:00:23 INFO (98.8%, 2638 bytes, 83 lines, via ClexHintsPass::rm-toks-1-to-4)
03:00:31 INFO (98.8%, 2628 bytes, 83 lines, via ClexHintsPass::rm-toks-1-to-4)
03:00:36 INFO INITIAL PASSES
03:00:36 ERROR Skipping pass UnIfDefPass
03:00:36 ERROR Skipping pass IfPass
03:00:36 INFO ===< BalancedPass::angles, BalancedPass::angles-inside, BalancedPass::angles-only, BalancedPass::curly, BalancedPass::curly-inside, BalancedPass::curly-only, BalancedPass::curly2, BalancedPass::curly3, BalancedPass::parens, BalancedPass::parens-inside, BalancedPass::parens-only, BalancedPass::parens-to-zero, BalancedPass::square, BalancedPass::square-inside, BalancedPass::square-only, BlankPass, ClangHintsPass::callexpr-to-value, ClangHintsPass::remove-unused-function, ClangHintsPass::replace-dependent-typedef, ClangHintsPass::replace-function-def-with-decl, ClangIncludeGraphPass, ClangModuleMapPass, ClexHintsPass::rm-toks-1-to-4, ClexHintsPass::rm-toks-13-to-16, ClexHintsPass::rm-toks-5-to-8, ClexHintsPass::rm-toks-9-to-12, CommentsPass, InlineIncludesPass, LineMarkersPass, LinesPass::0, LinesPass::1, LinesPass::10, LinesPass::2, LinesPass::3, LinesPass::4, LinesPass::6, LinesPass::8, LinesPass::None, MakefilePass, RmUnusedFilesPass, TreeSitterPass::erase-namespace, TreeSitterPass::remove-function, TreeSitterPass::replace-function-def-with-decl >===
03:00:37 INFO ===< IncludesPass >===
03:00:37 INFO ===< CommentsPass >===
03:00:37 INFO ===< LineMarkersPass >===
03:00:38 INFO ===< BlankPass >===
03:00:39 INFO ===< ClangHintsPass::replace-function-def-with-decl (30 T) >===
03:00:40 INFO ===< ClangHintsPass::remove-unused-function (30 T) >===
03:00:40 INFO cache hit for HIPProg.hip
03:00:40 INFO ===< ClangHintsPass::replace-function-def-with-decl (30 T) >===
03:00:40 INFO cache hit for HIPProg.hip
03:00:40 INFO ===< ClangHintsPass::remove-unused-function (30 T) >===
03:00:41 INFO ===< ClangHintsPass::replace-function-def-with-decl >===
03:00:42 INFO ===< ClangHintsPass::remove-unused-function >===
03:00:46 INFO ===< LinesPass::0 >===
03:01:05 INFO (98.8%, 2612 bytes, 82 lines)
03:01:18 INFO (98.8%, 2595 bytes, 81 lines)
03:01:35 INFO (98.8%, 2589 bytes, 80 lines)
03:01:49 INFO (98.8%, 2580 bytes, 79 lines)
03:02:03 INFO (98.8%, 2574 bytes, 78 lines)
03:02:15 INFO (98.8%, 2561 bytes, 77 lines)
03:02:28 INFO (98.8%, 2546 bytes, 76 lines)
03:02:42 INFO ===< LinesPass::1 >===
03:02:42 INFO ===< LinesPass::2 >===
03:02:42 INFO ===< LinesPass::3 >===
03:02:42 INFO ===< LinesPass::4 >===
03:02:42 INFO ===< LinesPass::6 >===
03:02:42 INFO ===< LinesPass::8 >===
03:02:42 INFO ===< LinesPass::10 >===
03:02:43 INFO ===< ClangHintsPass::replace-function-def-with-decl >===
03:02:44 INFO ===< ClangHintsPass::remove-unused-function >===
03:02:44 INFO cache hit for HIPProg.hip
03:02:44 INFO ===< ClangHintsPass::remove-unused-function >===
03:02:53 INFO ===< BalancedPass::curly >===
03:03:01 INFO ===< BalancedPass::curly2 >===
03:03:01 INFO ===< BalancedPass::curly3 >===
03:03:13 INFO ===< BalancedPass::parens-to-zero >===
03:03:16 INFO ===< ClangHintsPass::callexpr-to-value >===
03:03:16 INFO ===< ClangPass::replace-callexpr >===
03:03:20 INFO ===< ClangPass::simplify-callexpr >===
03:03:19 INFO using C++ standard: c++2b with 0 transformation opportunities
03:03:20 INFO ===< ClangBinarySearchPass::remove-unused-enum-member >===
03:03:20 INFO ===< ClangPass::remove-enum-member-value >===
03:03:20 INFO using C++ standard: c++2b with 6 transformation opportunities
03:03:21 INFO ===< ClangBinarySearchPass::remove-unused-var >===
03:03:22 INFO ===< SpecialPass::a >===
03:03:22 INFO ===< SpecialPass::b >===
03:03:22 INFO INTERLEAVING PASSES
03:03:22 INFO ===< SpecialPass::c >===
03:04:47 INFO (98.8%, 2530 bytes, 74 lines, via LinesPass::0 + BalancedPass::parens-only + BalancedPass::curly-inside)
03:06:05 INFO (98.8%, 2526 bytes, 74 lines, via BalancedPass::parens-only)
03:08:27 INFO (98.8%, 2522 bytes, 74 lines, via ClexHintsPass::rm-toks-1-to-4)
03:10:33 INFO (98.9%, 2480 bytes, 74 lines, via ClexHintsPass::rm-toks-1-to-4)
03:12:31 INFO (98.9%, 2454 bytes, 74 lines, via ClexHintsPass::rm-toks-1-to-4)
03:14:28 INFO (98.9%, 2436 bytes, 74 lines, via ClexHintsPass::rm-toks-1-to-4)
03:15:10 INFO (98.9%, 2420 bytes, 74 lines, via ClexHintsPass::rm-toks-1-to-4)
03:15:48 INFO (98.9%, 2418 bytes, 74 lines, via BalancedPass::parens-only)
03:16:43 INFO (98.9%, 2415 bytes, 74 lines, via BalancedPass::square)
03:19:46 INFO (98.9%, 2409 bytes, 74 lines, via ClexHintsPass::rm-toks-1-to-4)
03:22:03 INFO (98.9%, 2400 bytes, 74 lines, via ClexHintsPass::rm-toks-1-to-4)
03:23:02 INFO (98.9%, 2398 bytes, 74 lines, via BalancedPass::square-only)
03:34:07 INFO Termination check: size was 2546; now 2398
03:34:07 INFO ===< BalancedPass::angles, BalancedPass::angles-inside, BalancedPass::angles-only, BalancedPass::curly, BalancedPass::curly-inside, BalancedPass::curly-only, BalancedPass::curly2, BalancedPass::curly3, BalancedPass::parens, BalancedPass::parens-inside, BalancedPass::parens-only, BalancedPass::parens-to-zero, BalancedPass::square, BalancedPass::square-inside, BalancedPass::square-only, BlankPass, ClangHintsPass::callexpr-to-value, ClangHintsPass::remove-unused-function, ClangHintsPass::replace-dependent-typedef, ClangHintsPass::replace-function-def-with-decl, ClangIncludeGraphPass, ClangModuleMapPass, ClexHintsPass::rm-toks-1-to-4, ClexHintsPass::rm-toks-13-to-16, ClexHintsPass::rm-toks-5-to-8, ClexHintsPass::rm-toks-9-to-12, CommentsPass, InlineIncludesPass, LineMarkersPass, LinesPass::0, LinesPass::1, LinesPass::10, LinesPass::2, LinesPass::3, LinesPass::4, LinesPass::6, LinesPass::8, LinesPass::None, MakefilePass, RmUnusedFilesPass, TreeSitterPass::erase-namespace, TreeSitterPass::remove-function, TreeSitterPass::replace-function-def-with-decl >===
03:41:14 INFO (98.9%, 2388 bytes, 74 lines, via ClexHintsPass::rm-toks-1-to-4)
03:56:12 INFO Termination check: size was 2398; now 2388
03:56:12 INFO ===< BalancedPass::angles, BalancedPass::angles-inside, BalancedPass::angles-only, BalancedPass::curly, BalancedPass::curly-inside, BalancedPass::curly-only, BalancedPass::curly2, BalancedPass::curly3, BalancedPass::parens, BalancedPass::parens-inside, BalancedPass::parens-only, BalancedPass::parens-to-zero, BalancedPass::square, BalancedPass::square-inside, BalancedPass::square-only, BlankPass, ClangHintsPass::callexpr-to-value, ClangHintsPass::remove-unused-function, ClangHintsPass::replace-dependent-typedef, ClangHintsPass::replace-function-def-with-decl, ClangIncludeGraphPass, ClangModuleMapPass, ClexHintsPass::rm-toks-1-to-4, ClexHintsPass::rm-toks-13-to-16, ClexHintsPass::rm-toks-5-to-8, ClexHintsPass::rm-toks-9-to-12, CommentsPass, InlineIncludesPass, LineMarkersPass, LinesPass::0, LinesPass::1, LinesPass::10, LinesPass::2, LinesPass::3, LinesPass::4, LinesPass::6, LinesPass::8, LinesPass::None, MakefilePass, RmUnusedFilesPass, TreeSitterPass::erase-namespace, TreeSitterPass::remove-function, TreeSitterPass::replace-function-def-with-decl >===
04:16:27 INFO Termination check: size was 2388; now 2388
04:16:27 INFO MAIN PASSES
04:16:27 ERROR Skipping pass UnIfDefPass
04:16:27 INFO ===< BalancedPass::angles, BalancedPass::angles-inside, BalancedPass::angles-only, BalancedPass::curly, BalancedPass::curly-inside, BalancedPass::curly-only, BalancedPass::curly2, BalancedPass::curly3, BalancedPass::parens, BalancedPass::parens-inside, BalancedPass::parens-only, BalancedPass::parens-to-zero, BalancedPass::square, BalancedPass::square-inside, BalancedPass::square-only, BlankPass, ClangHintsPass::callexpr-to-value, ClangHintsPass::remove-unused-function, ClangHintsPass::replace-dependent-typedef, ClangHintsPass::replace-function-def-with-decl, ClangIncludeGraphPass, ClangModuleMapPass, ClexHintsPass::rm-toks-1-to-4, ClexHintsPass::rm-toks-13-to-16, ClexHintsPass::rm-toks-5-to-8, ClexHintsPass::rm-toks-9-to-12, CommentsPass, InlineIncludesPass, LineMarkersPass, LinesPass::0, LinesPass::1, LinesPass::10, LinesPass::2, LinesPass::3, LinesPass::4, LinesPass::6, LinesPass::8, LinesPass::None, MakefilePass, RmUnusedFilesPass, TreeSitterPass::erase-namespace, TreeSitterPass::remove-function, TreeSitterPass::replace-function-def-with-decl >===
04:16:27 INFO ===< IncludeIncludesPass >===
04:16:27 INFO ===< TernaryPass::b >===
04:16:27 INFO ===< TernaryPass::c >===
04:16:36 INFO ===< BalancedPass::curly >===
04:16:44 INFO ===< BalancedPass::curly2 >===
04:16:44 INFO ===< BalancedPass::curly3 >===
04:16:52 INFO ===< BalancedPass::parens >===
04:16:52 INFO ===< BalancedPass::angles >===
04:16:57 INFO ===< BalancedPass::square >===
04:17:10 INFO ===< BalancedPass::curly-inside >===
04:17:14 INFO ===< BalancedPass::parens-inside >===
04:17:15 INFO ===< BalancedPass::angles-inside >===
04:17:19 INFO ===< BalancedPass::square-inside >===
04:17:27 INFO ===< BalancedPass::curly-only >===
04:17:28 INFO ===< BalancedPass::angles-only >===
04:17:33 INFO ===< BalancedPass::square-only >===
04:17:33 INFO ===< ClangPass::remove-namespace >===
04:17:33 INFO ===< ClangPass::aggregate-to-scalar >===
04:17:33 INFO ===< ClangPass::param-to-global >===
04:17:34 INFO ===< ClangPass::param-to-local >===
04:17:34 INFO ===< ClangPass::remove-nested-function >===
04:17:46 INFO (98.9%, 2389 bytes, 74 lines)
04:17:56 INFO (98.9%, 2390 bytes, 74 lines)
04:18:03 INFO (98.9%, 2391 bytes, 74 lines)
04:18:03 INFO ===< ClangPass::union-to-struct >===
04:18:03 INFO ===< ClangPass::return-void >===
04:18:03 INFO ===< ClangPass::simple-inliner >===
04:18:04 INFO ===< ClangPass::reduce-pointer-level >===
04:18:04 INFO ===< ClangPass::lift-assignment-expr >===
04:18:04 INFO ===< ClangPass::copy-propagation >===
04:18:05 INFO ===< ClangHintsPass::callexpr-to-value >===
04:18:05 INFO ===< ClangPass::replace-callexpr >===
04:18:06 INFO ===< ClangPass::simplify-callexpr >===
04:18:06 INFO ===< ClangHintsPass::remove-unused-function >===
04:18:06 INFO using C++ standard: c++2b with 0 transformation opportunities
04:18:06 INFO ===< ClangBinarySearchPass::remove-unused-enum-member >===
04:18:06 INFO ===< ClangPass::remove-enum-member-value >===
04:18:06 INFO using C++ standard: c++2b with 6 transformation opportunities
04:18:08 INFO ===< ClangBinarySearchPass::remove-unused-var >===
04:18:08 INFO ===< ClangPass::simplify-if >===
04:18:08 INFO ===< ClangPass::reduce-array-dim >===
04:18:08 INFO ===< ClangPass::reduce-array-size >===
04:18:08 INFO ===< ClangPass::move-definition-to-declaration >===
04:18:08 INFO ===< ClangPass::simplify-comma-expr >===
04:18:08 INFO ===< ClangPass::simplify-dependent-typedef >===
04:18:08 INFO ===< ClangPass::replace-simple-typedef >===
04:18:08 INFO ===< ClangHintsPass::replace-dependent-typedef >===
04:18:08 INFO ===< ClangPass::replace-one-level-typedef-type >===
04:18:11 INFO ===< ClangPass::remove-unused-field >===
04:18:11 INFO ===< ClangPass::instantiate-template-type-param-to-int >===
04:18:11 INFO ===< ClangPass::instantiate-template-param >===
04:18:11 INFO ===< ClangPass::template-arg-to-int >===
04:18:11 INFO ===< ClangPass::template-non-type-arg-to-int >===
04:18:11 INFO ===< ClangPass::reduce-class-template-param >===
04:18:11 INFO ===< ClangPass::remove-trivial-base-template >===
04:18:11 INFO ===< ClangPass::class-template-to-class >===
04:18:11 INFO ===< ClangPass::merge-base-class >===
04:18:11 INFO ===< ClangPass::remove-base-class >===
04:18:11 INFO ===< ClangPass::replace-derived-class >===
04:18:12 INFO ===< ClangPass::remove-unresolved-base >===
04:18:12 INFO ===< ClangPass::remove-ctor-initializer >===
04:18:12 INFO ===< ClangPass::replace-class-with-base-template-spec >===
04:18:12 INFO ===< ClangPass::simplify-nested-class >===
04:18:12 INFO ===< ClangPass::remove-unused-outer-class >===
04:18:13 INFO ===< ClangPass::empty-struct-to-int >===
04:18:13 INFO ===< ClangPass::remove-pointer >===
04:18:13 INFO ===< ClangPass::reduce-pointer-pairs >===
04:18:13 INFO ===< ClangPass::remove-array >===
04:18:13 INFO ===< ClangPass::remove-addr-taken >===
04:18:13 INFO ===< ClangPass::simplify-struct >===
04:18:13 INFO ===< ClangPass::replace-undefined-function >===
04:18:13 INFO ===< ClangPass::replace-array-index-var >===
04:18:13 INFO ===< ClangPass::replace-array-access-with-index >===
04:18:13 INFO ===< ClangPass::replace-dependent-name >===
04:18:13 INFO ===< ClangPass::simplify-recursive-template-instantiation >===
04:18:13 INFO ===< ClangPass::vector-to-array >===
04:18:13 INFO ===< ClangPass::remove-try-catch >===
04:18:13 INFO ===< ClangPass::class-to-struct >===
04:18:16 INFO ===< ClangPass::member-to-global >===
04:18:19 INFO ===< LinesPass::0 >===
04:18:47 INFO ===< LinesPass::1 >===
04:18:47 INFO ===< LinesPass::2 >===
04:18:47 INFO ===< LinesPass::3 >===
04:18:47 INFO ===< LinesPass::4 >===
04:18:47 INFO ===< LinesPass::6 >===
04:18:47 INFO ===< LinesPass::8 >===
04:18:47 INFO ===< LinesPass::10 >===
04:18:47 INFO ===< CommentsPass >===
04:18:47 INFO ===< SpecialPass::b >===
04:18:47 INFO ===< SpecialPass::c >===
04:18:47 INFO ===< IndentPass::regular >===
04:18:52 INFO ===< BalancedPass::parens-to-zero >===
04:36:49 INFO ===< ClexHintsPass::rm-toks-1-to-16 >===
04:45:58 INFO ===< ClexPass::rm-tok-pattern-4 >===
04:45:59 INFO ===< ClangPass::local-to-global >===
04:46:02 INFO ===< PeepPass::c >===
04:46:09 INFO (98.9%, 2390 bytes, 74 lines)
04:46:20 INFO (98.9%, 2389 bytes, 74 lines)
04:46:30 INFO (98.9%, 2388 bytes, 74 lines)
04:46:38 INFO (98.9%, 2387 bytes, 74 lines)
04:46:44 INFO (98.9%, 2386 bytes, 74 lines)
04:46:50 INFO (98.9%, 2385 bytes, 74 lines)
04:46:56 INFO (98.9%, 2384 bytes, 74 lines)
04:47:04 INFO (98.9%, 2383 bytes, 74 lines)
04:47:12 INFO (98.9%, 2382 bytes, 74 lines)
04:47:19 INFO (98.9%, 2381 bytes, 74 lines)
04:47:20 INFO ===< IntsPass::a >===
04:47:30 INFO (98.9%, 2379 bytes, 74 lines)
04:47:36 INFO (98.9%, 2377 bytes, 74 lines)
04:47:36 INFO ===< IntsPass::b >===
04:47:47 INFO (98.9%, 2376 bytes, 74 lines)
04:47:53 INFO (98.9%, 2375 bytes, 74 lines)
04:47:53 INFO ===< IntsPass::c >===
04:47:53 INFO ===< IntsPass::d >===
04:47:53 INFO ===< IntsPass::c >===
04:47:58 INFO ===< BalancedPass::parens-only >===
04:47:59 INFO ===< ClexPass::delete-string >===
04:48:00 INFO Termination check: size was 2388; now 2375
04:48:00 ERROR Skipping pass UnIfDefPass
04:48:00 INFO ===< ClexPass::define >===
04:48:00 INFO ===< IncludeIncludesPass >===
04:48:00 INFO ===< TernaryPass::b >===
04:48:00 INFO ===< TernaryPass::c >===
04:48:09 INFO ===< BalancedPass::curly >===
04:48:17 INFO ===< BalancedPass::curly2 >===
04:48:17 INFO ===< BalancedPass::curly3 >===
04:48:25 INFO ===< BalancedPass::parens >===
04:48:26 INFO ===< BalancedPass::angles >===
04:48:32 INFO ===< BalancedPass::square >===
04:48:44 INFO ===< BalancedPass::curly-inside >===
04:48:49 INFO ===< BalancedPass::parens-inside >===
04:48:50 INFO ===< BalancedPass::angles-inside >===
04:48:53 INFO ===< BalancedPass::square-inside >===
04:49:02 INFO ===< BalancedPass::curly-only >===
04:49:03 INFO ===< BalancedPass::angles-only >===
04:49:07 INFO ===< BalancedPass::square-only >===
04:49:07 INFO ===< ClangPass::remove-namespace >===
04:49:07 INFO ===< ClangPass::aggregate-to-scalar >===
04:49:07 INFO ===< ClangPass::param-to-global >===
04:49:08 INFO ===< ClangPass::param-to-local >===
04:49:08 INFO ===< ClangPass::remove-nested-function >===
04:49:08 INFO ===< ClangPass::union-to-struct >===
04:49:09 INFO ===< ClangPass::return-void >===
04:49:09 INFO ===< ClangPass::simple-inliner >===
04:49:10 INFO ===< ClangPass::reduce-pointer-level >===
04:49:10 INFO ===< ClangPass::lift-assignment-expr >===
04:49:10 INFO ===< ClangPass::copy-propagation >===
04:49:11 INFO ===< ClangHintsPass::callexpr-to-value >===
04:49:11 INFO ===< ClangPass::replace-callexpr >===
04:49:12 INFO ===< ClangPass::simplify-callexpr >===
04:49:12 INFO ===< ClangHintsPass::remove-unused-function >===
04:49:12 INFO using C++ standard: c++2b with 0 transformation opportunities
04:49:12 INFO ===< ClangBinarySearchPass::remove-unused-enum-member >===
04:49:12 INFO ===< ClangPass::remove-enum-member-value >===
04:49:12 INFO using C++ standard: c++2b with 6 transformation opportunities
04:49:13 INFO ===< ClangBinarySearchPass::remove-unused-var >===
04:49:13 INFO ===< ClangPass::simplify-if >===
04:49:13 INFO ===< ClangPass::reduce-array-dim >===
04:49:13 INFO ===< ClangPass::reduce-array-size >===
04:49:13 INFO ===< ClangPass::move-definition-to-declaration >===
04:49:14 INFO ===< ClangPass::simplify-comma-expr >===
04:49:14 INFO ===< ClangPass::simplify-dependent-typedef >===
04:49:14 INFO ===< ClangPass::replace-simple-typedef >===
04:49:14 INFO ===< ClangHintsPass::replace-dependent-typedef >===
04:49:14 INFO ===< ClangPass::replace-one-level-typedef-type >===
04:49:17 INFO ===< ClangPass::remove-unused-field >===
04:49:17 INFO ===< ClangPass::instantiate-template-type-param-to-int >===
04:49:17 INFO ===< ClangPass::instantiate-template-param >===
04:49:17 INFO ===< ClangPass::template-arg-to-int >===
04:49:17 INFO ===< ClangPass::template-non-type-arg-to-int >===
04:49:17 INFO ===< ClangPass::reduce-class-template-param >===
04:49:17 INFO ===< ClangPass::remove-trivial-base-template >===
04:49:17 INFO ===< ClangPass::class-template-to-class >===
04:49:17 INFO ===< ClangPass::merge-base-class >===
04:49:17 INFO ===< ClangPass::remove-base-class >===
04:49:17 INFO ===< ClangPass::replace-derived-class >===
04:49:18 INFO ===< ClangPass::remove-unresolved-base >===
04:49:18 INFO ===< ClangPass::remove-ctor-initializer >===
04:49:18 INFO ===< ClangPass::replace-class-with-base-template-spec >===
04:49:18 INFO ===< ClangPass::simplify-nested-class >===
04:49:18 INFO ===< ClangPass::remove-unused-outer-class >===
04:49:19 INFO ===< ClangPass::empty-struct-to-int >===
04:49:19 INFO ===< ClangPass::remove-pointer >===
04:49:19 INFO ===< ClangPass::reduce-pointer-pairs >===
04:49:19 INFO ===< ClangPass::remove-array >===
04:49:19 INFO ===< ClangPass::remove-addr-taken >===
04:49:19 INFO ===< ClangPass::simplify-struct >===
04:49:19 INFO ===< ClangPass::replace-undefined-function >===
04:49:19 INFO ===< ClangPass::replace-array-index-var >===
04:49:19 INFO ===< ClangPass::replace-array-access-with-index >===
04:49:19 INFO ===< ClangPass::replace-dependent-name >===
04:49:19 INFO ===< ClangPass::simplify-recursive-template-instantiation >===
04:49:19 INFO ===< ClangPass::vector-to-array >===
04:49:19 INFO ===< ClangPass::remove-try-catch >===
04:49:19 INFO ===< ClangPass::class-to-struct >===
04:49:22 INFO ===< ClangPass::member-to-global >===
04:49:26 INFO ===< LinesPass::0 >===
04:49:53 INFO ===< LinesPass::1 >===
04:49:53 INFO ===< LinesPass::2 >===
04:49:53 INFO ===< LinesPass::3 >===
04:49:53 INFO ===< LinesPass::4 >===
04:49:53 INFO ===< LinesPass::6 >===
04:49:53 INFO ===< LinesPass::8 >===
04:49:53 INFO ===< LinesPass::10 >===
04:49:53 INFO ===< CommentsPass >===
04:49:53 INFO ===< SpecialPass::b >===
04:49:53 INFO ===< SpecialPass::c >===
04:49:53 INFO ===< IndentPass::regular >===
04:49:58 INFO ===< BalancedPass::parens-to-zero >===
05:08:01 INFO ===< ClexHintsPass::rm-toks-1-to-16 >===
05:17:18 INFO ===< ClexPass::rm-tok-pattern-4 >===
05:17:18 INFO ===< ClangPass::local-to-global >===
05:17:22 INFO ===< PeepPass::c >===
05:17:22 INFO ===< IntsPass::a >===
05:17:23 INFO ===< IntsPass::b >===
05:17:23 INFO cache hit for HIPProg.hip
05:17:23 INFO ===< IntsPass::c >===
05:17:23 INFO cache hit for HIPProg.hip
05:17:23 INFO ===< IntsPass::d >===
05:17:23 INFO cache hit for HIPProg.hip
05:17:23 INFO ===< IntsPass::c >===
05:17:23 INFO cache hit for HIPProg.hip
05:17:23 INFO ===< BalancedPass::parens-only >===
05:17:23 INFO cache hit for HIPProg.hip
05:17:23 INFO ===< ClexPass::delete-string >===
05:17:23 INFO cache hit for HIPProg.hip
05:17:23 INFO Termination check: size was 2375; now 2375
05:17:23 INFO CLEANUP PASSES
05:17:23 INFO ===< ClexPass::define >===
05:17:24 INFO ===< ClangPass::combine-global-var >===
05:17:31 INFO (98.9%, 2374 bytes, 73 lines)
05:17:31 INFO ===< ClangPass::combine-local-var >===
05:17:31 INFO ===< ClangPass::simplify-struct-union-decl >===
05:17:31 INFO ===< ClangPass::move-global-var >===
05:17:31 INFO ===< ClangPass::unify-function-decl >===
05:17:36 INFO ===< LinesPass::0 >===
05:17:37 INFO ===< ClexPass::delete-string >===
05:17:44 INFO (98.9%, 2369 bytes, 73 lines)
05:17:46 INFO ===< BlankPass >===
05:17:48 INFO ===< BlankPass >===
05:17:48 INFO ===================== done ====================
===< PASS statistics >===
  pass name                                                     bytes reduced time (s) time (%)   worked   failed  total executed
  LinesPass::3                                                          82230     3.52     0.02        1        0               1
  BalancedPass::curly-inside                                            47090   526.58     2.76       31      441             472
  LinesPass::2                                                          37156   264.64     1.39       29      551             580
  BalancedPass::curly3                                                  15123   156.59     0.82       19       29              48
  CommentsPass                                                          10518    46.07     0.24        9      298             307
  LinesPass::None                                                        6540   598.53     3.14       23     1861            1884
  LinesPass::1                                                           5180   925.84     4.86      134     1902            2036
  LinesPass::0                                                           4054   125.86     0.66        7      445             452
  ClangHintsPass::callexpr-to-value                                      2145   267.40     1.40       42      458             500
  BalancedPass::parens-to-zero                                           1787   416.67     2.19       29     1972            2001
  ClexHintsPass::rm-toks-1-to-4                                           880  2096.99    11.00      215    10824           11039
  BalancedPass::curly2                                                    730   279.01     1.46       16      859             875
  TreeSitterPass::remove-function                                         612    65.75     0.34        7      346             353
  ClangHintsPass::remove-unused-function                                  606    73.39     0.38        5      222             227
  BalancedPass::curly                                                     537   271.99     1.43        9      896             905
  ClexHintsPass::rm-toks-13-to-16                                         439  1502.67     7.88       32    10478           10510
  ClexHintsPass::rm-toks-9-to-12                                          331  1555.45     8.16       49    10399           10448
  ClexHintsPass::rm-toks-5-to-8                                           323  1581.47     8.29       49    10603           10652
  BalancedPass::square                                                    255   414.49     2.17       51     1113            1164
  BlankPass                                                               224   133.78     0.70       21      292             313
  BalancedPass::parens-only                                                70   252.88     1.33       37     1200            1237
  BalancedPass::parens                                                     23   274.99     1.44        1     1792            1793
  IntsPass::a                                                              10    27.78     0.15       10       40              50
  BalancedPass::square-only                                                10   289.56     1.52       17     1048            1065
  IntsPass::b                                                               4     5.38     0.03        2        9              11
  BalancedPass::curly-only                                                  4   236.70     1.24       10      727             737
  IntsPass::c                                                               2     5.25     0.03        2        9              11
  ClangPass::combine-local-var                                              1     2.05     0.01        1       14              15
  BalancedPass::square-inside                                               1   242.33     1.27        1     1007            1008
  RmUnusedFilesPass                                                         0     0.00     0.00        0        0               0
  InlineIncludesPass                                                        0     0.00     0.00        0        0               0
  SpecialPass::c                                                            0     0.01     0.00        0        0               0
  SpecialPass::b                                                            0     0.01     0.00        0        0               0
  TernaryPass::c                                                            0     0.01     0.00        0        0               0
  TernaryPass::b                                                            0     0.01     0.00        0        0               0
  IncludeIncludesPass                                                       0     0.01     0.00        0        8               8
  LinesPass::10                                                             0     0.01     0.00        0        0               0
  IndentPass::final                                                         0     0.02     0.00        0        1               1
  LineMarkersPass                                                           0     0.03     0.00        0        0               0
  IntsPass::d                                                               0     0.03     0.00        0        2               2
  IndentPass::regular                                                       0     0.03     0.00        0        2               2
  ClangPass::unify-function-decl                                            0     0.04     0.00        0        4               4
  ClangPass::move-global-var                                                0     0.05     0.00        0        4               4
  ClangPass::remove-try-catch                                               0     0.06     0.00        0        8               8
  ClangPass::vector-to-array                                                0     0.06     0.00        0        8               8
  ClangPass::reduce-class-template-param                                    0     0.06     0.00        0        8               8
  ClangPass::simplify-recursive-template-instantiation                      0     0.06     0.00        0        8               8
  ClangPass::replace-undefined-function                                     0     0.06     0.00        0        8               8
  ClangPass::replace-simple-typedef                                         0     0.06     0.00        0        8               8
  ClangPass::reduce-pointer-pairs                                           0     0.06     0.00        0        8               8
  ClangPass::remove-array                                                   0     0.06     0.00        0        8               8
  ClangPass::instantiate-template-param                                     0     0.06     0.00        0        8               8
  ClangPass::replace-one-level-typedef-type                                 0     0.06     0.00        0        8               8
  ClangPass::simplify-struct-union-decl                                     0     0.06     0.00        0        4               4
  ClangPass::replace-derived-class                                          0     0.06     0.00        0        8               8
  ClangPass::remove-addr-taken                                              0     0.06     0.00        0        8               8
  ClangPass::replace-dependent-name                                         0     0.06     0.00        0        8               8
  ClangPass::replace-array-index-var                                        0     0.06     0.00        0        8               8
  ClangPass::simplify-comma-expr                                            0     0.06     0.00        0        8               8
  ClangPass::replace-array-access-with-index                                0     0.06     0.00        0        8               8
  ClangPass::reduce-array-dim                                               0     0.06     0.00        0        8               8
  ClangPass::simplify-struct                                                0     0.06     0.00        0        8               8
  ClangPass::class-to-struct                                                0     0.06     0.00        0        8               8
  ClangPass::aggregate-to-scalar                                            0     0.06     0.00        0        8               8
  ClangPass::remove-trivial-base-template                                   0     0.06     0.00        0        8               8
  ClangPass::remove-unresolved-base                                         0     0.06     0.00        0        8               8
  ClangPass::template-non-type-arg-to-int                                   0     0.06     0.00        0        8               8
  ClangPass::template-arg-to-int                                            0     0.06     0.00        0        8               8
  ClangPass::simplify-dependent-typedef                                     0     0.06     0.00        0        8               8
  ClangPass::reduce-array-size                                              0     0.06     0.00        0        8               8
  ClangPass::remove-ctor-initializer                                        0     0.06     0.00        0        8               8
  ClangPass::remove-namespace                                               0     0.06     0.00        0        8               8
  ClangPass::simplify-nested-class                                          0     0.06     0.00        0        8               8
  ClangPass::copy-propagation                                               0     0.06     0.00        0        8               8
  ClangPass::lift-assignment-expr                                           0     0.06     0.00        0        8               8
  ClangPass::instantiate-template-type-param-to-int                         0     0.06     0.00        0        8               8
  ClangPass::move-definition-to-declaration                                 0     0.06     0.00        0        8               8
  ClangPass::class-template-to-class                                        0     0.06     0.00        0        8               8
  ClangPass::simple-inliner                                                 0     0.06     0.00        0        8               8
  ClangPass::remove-base-class                                              0     0.06     0.00        0        8               8
  ClangPass::replace-class-with-base-template-spec                          0     0.06     0.00        0        8               8
  ClangPass::merge-base-class                                               0     0.06     0.00        0        8               8
  ClangModuleMapPass                                                        0     0.07     0.00        0        0               0
  ClangPass::remove-unused-outer-class                                      0     0.07     0.00        0        8               8
  ClangPass::simplify-if                                                    0     0.07     0.00        0        8               8
  MakefilePass                                                              0     0.08     0.00        0        0               0
  ClangPass::remove-pointer                                                 0     0.08     0.00        0        8               8
  TreeSitterPass::erase-namespace                                           0     0.09     0.00        0        0               0
  ClangPass::replace-callexpr                                               0     0.09     0.00        0       12              12
  ClangPass::remove-enum-member-value                                       0     0.09     0.00        0       12              12
  ClangHintsPass::replace-dependent-typedef                                 0     0.10     0.00        0        0               0
  ClangPass::param-to-global                                                0     0.13     0.00        0        8               8
  ClexPass::define                                                          0     0.21     0.00        0        4               4
  ClangPass::remove-nested-function                                         0     0.22     0.00        0       16              16
  ClangHintsPass::remove-unused-function (30 T)                             0     0.38     0.00        0        3               3
  ClangHintsPass::replace-function-def-with-decl (30 T)                     0     0.39     0.00        0        4               4
  SpecialPass::a                                                            0     0.45     0.00        0        2               2
  ClangPass::reduce-pointer-level                                           0     0.46     0.00        0        8               8
  ClangPass::return-void                                                    0     0.46     0.00        0        8               8
  ClangPass::param-to-local                                                 0     0.51     0.00        0        8               8
  ClangIncludeGraphPass                                                     0     0.53     0.00        0        0               0
  IncludesPass                                                              0     0.56     0.00        0        4               4
  ClangBinarySearchPass::remove-unused-enum-member                          0     0.57     0.00        0        0               0
  ClangPass::combine-global-var                                             0     0.58     0.00        0        4               4
  ClexPass::delete-string                                                   0     0.96     0.01        0        8               8
  ClangPass::empty-struct-to-int                                            0     1.27     0.01        0        8               8
  ClangPass::local-to-global                                                0     1.70     0.01        0       24              24
  ClangPass::simplify-callexpr                                              0     2.23     0.01        0       48              48
  ClangPass::remove-unused-field                                            0     3.09     0.02        0       12              12
  ClangPass::member-to-global                                               0     3.39     0.02        0       14              14
  ClangBinarySearchPass::remove-unused-var                                  0     3.62     0.02        0       27              27
  LinesPass::4                                                              0     3.66     0.02        1        0               1
  PeepPass::c                                                               0     4.28     0.02        0     4766            4766
  LinesPass::8                                                              0     5.11     0.03        1        0               1
  LinesPass::6                                                              0     5.43     0.03        1        0               1
  ClangHintsPass::replace-function-def-with-decl                            0    59.63     0.31        1      268             269
  TreeSitterPass::replace-function-def-with-decl                            0    70.67     0.37        5      279             284
  BalancedPass::angles-only                                                 0    73.69     0.39        0      328             328
  BalancedPass::angles-inside                                               0    78.15     0.41        0      332             332
  BalancedPass::angles                                                      0    80.19     0.42        0      341             341
  BalancedPass::parens-inside                                               0   227.27     1.19        4     1618            1622
  ClexPass::rm-tok-pattern-4                                                0  1103.50     5.79        0     9507            9507
  ClexHintsPass::rm-toks-1-to-16                                            0  2157.72    11.32        0    18768           18768
  ClangPass::union-to-struct                                               -3    11.46     0.06        3       17              20
  Folding (merging transformations from other passes)                  216335  1945.66    10.20      739       92             831

Runtime: 19068 seconds
Reduced test-cases:

--- HIPProg.hip ---
#include <hip/hip_runtime.h>
#include "HIPSmith.h"
#include "safe_math_macros.h"
#define transparent_crc(X, Y, Z) transparent_crc_(&crc64_context, X, , )
struct U0 {
   uint64_t  f0;
};
struct U1 {};
struct S8 {
    U1 g_271;
    U0 g_374;
    struct U6 *g_2919[];
};
__device__ U1  func_16(uint32_t  , int32_t  , uint8_t  , S8 * );
__device__ U0  func_1(S8 * p_4410)
{ 
    int16_t l_3066 = 5;
    int64_t l_3067 = 0;
    U0 l_4409 ;
    func_16(0, l_3066, l_3067, p_4410);
    return l_4409;
}
__device__ U1  func_16(uint32_t  , int32_t  , uint8_t  , S8 * p_4410)
{
    U1 l_3239[1][4][8] ;
    int i;
        U6 **l_3090[7];
        uint64_t *l_3091 = &p_4410->g_374.f0;
        for (i = 0; i < 4; i++)
            l_3090[i] = &p_4410->g_2919[0];
        *l_3091 |= safe_sub_func_int32_t_s_s(0 == l_3090[0], 2);
    return l_3239[0][0][4];
}
__global__ void hipsmith_kernel(uint64_t *results) {
    S8 c_4411,  c_4412 {};
    S8* p_4410 = &c_4411;
    c_4411 = c_4412;
    func_1(p_4410);
    uint64_t crc64_context = 0xFFFFFFFFFFFFFFFFUL;
    transparent_crc(p_4410->g_374.f0, , );
    int tid = threadIdx.x + blockIdx.x * blockDim.x;
    results[tid] = (crc64_context ^ 0xFFFFFFFFFFFFFFFFUL);
}
// ------------------------------------------------------------------
// Host Main
// ------------------------------------------------------------------
int main(int argc, const char* argv[]) {
    // Config
    const unsigned int num_threads = 4;
    const unsigned int block_size = 4;
    // Host Alloc
    std::vector<uint64_t> h_results(num_threads);
    const size_t results_bytes = sizeof(uint64_t) * h_results.size();
    // Device Alloc
    uint64_t *d_results;
    HIP_CHECK(hipMalloc((void**)&d_results, results_bytes));
    HIP_CHECK(hipMemset(d_results, 0, results_bytes));
    // Dimensions
    const dim3 block_dim(block_size);
    const dim3 grid_dim((num_threads + block_size - 1) / block_size);
    // Launch
    hipLaunchKernelGGL(hipsmith_kernel, grid_dim, block_dim, 0, 0, d_results);
    HIP_CHECK(hipGetLastError());
    HIP_CHECK(hipDeviceSynchronize());
    // Copy Back
    HIP_CHECK(hipMemcpy(h_results.data(), d_results, results_bytes, hipMemcpyDeviceToHost));
    // Free
    HIP_CHECK(hipFree(d_results));
    // Output
    for (size_t i = 0; i < h_results.size(); ++i)
    printf("Thread %zu CRC: %lu\n", i, h_results[i]);
    return 0;
}

