00:00:01 ERROR Prereqs not found for pass UnIfDefPass
00:00:01 ERROR Prereqs not found for pass IfPass
00:00:01 ERROR Prereqs not found for pass UnIfDefPass
00:00:16 INFO ===< 3197057 >===
00:00:16 INFO running 4 interestingness tests in parallel
00:00:16 INFO (0.0%, 230353 bytes, 2472 lines)
00:00:16 INFO INITIAL PASSES (interleaving)
00:00:16 INFO ===<  >===
00:08:14 INFO (82.2%, 40902 bytes, 836 lines, via LinesPass::2 + LinesPass::3 + BalancedPass::curly-inside + TreeSitterPass::replace-function-def-with-decl + TreeSitterPass::remove-function + BalancedPass::curly3 + CommentsPass + LinesPass::6 + LinesPass::0 + BlankPass)
00:14:52 INFO (87.6%, 28573 bytes, 701 lines, via LinesPass::1 + BalancedPass::curly3 + LinesPass::6 + LinesPass::3 + BalancedPass::curly-inside + LinesPass::4 + CommentsPass + BlankPass)
00:22:27 INFO (89.7%, 23764 bytes, 623 lines, via BalancedPass::curly-inside + LinesPass::4 + LinesPass::3 + BalancedPass::curly3 + LinesPass::2 + LinesPass::0 + BlankPass)
00:30:20 INFO (92.0%, 18438 bytes, 516 lines, via BalancedPass::curly-inside + LinesPass::1 + LinesPass::4 + BalancedPass::parens-to-zero + LinesPass::2 + LinesPass::3 + LinesPass::0 + BalancedPass::square + ClexHintsPass::rm-toks-1-to-4)
00:38:52 INFO (95.8%, 9652 bytes, 316 lines, via BalancedPass::curly2 + LinesPass::0 + LinesPass::None + ClangHintsPass::remove-unused-function + BalancedPass::parens-to-zero + BalancedPass::curly-inside + BalancedPass::parens-only + BalancedPass::square)
00:45:14 INFO (96.5%, 7974 bytes, 289 lines, via LinesPass::None + LinesPass::0 + LinesPass::1 + BalancedPass::square + ClexHintsPass::rm-toks-5-to-8 + BalancedPass::parens-only + BalancedPass::parens-to-zero + BalancedPass::curly)
00:52:13 INFO (96.9%, 7067 bytes, 267 lines, via LinesPass::1 + LinesPass::None + BalancedPass::parens-to-zero + BalancedPass::parens-only + ClexHintsPass::rm-toks-1-to-4 + BlankPass + BalancedPass::curly3 + BalancedPass::square)
00:54:46 INFO (96.9%, 7051 bytes, 266 lines, via LinesPass::1 + ClexHintsPass::rm-toks-1-to-4)
01:00:51 INFO (97.2%, 6484 bytes, 247 lines, via LinesPass::1 + LinesPass::None + ClexHintsPass::rm-toks-1-to-4)
01:04:03 INFO (97.2%, 6453 bytes, 246 lines, via ClexHintsPass::rm-toks-1-to-4 + LinesPass::None)
01:07:53 INFO (97.2%, 6426 bytes, 246 lines, via ClexHintsPass::rm-toks-1-to-4 + BalancedPass::parens-to-zero)
01:12:24 INFO (97.2%, 6353 bytes, 244 lines, via LinesPass::None + ClexHintsPass::rm-toks-1-to-4 + ClexHintsPass::rm-toks-5-to-8)
01:16:32 INFO (97.3%, 6303 bytes, 244 lines, via ClexHintsPass::rm-toks-1-to-4 + ClexHintsPass::rm-toks-5-to-8 + BalancedPass::parens-only)
01:19:43 INFO (97.3%, 6290 bytes, 244 lines, via ClexHintsPass::rm-toks-1-to-4)
01:24:13 INFO (97.3%, 6287 bytes, 244 lines, via ClexHintsPass::rm-toks-1-to-4)
01:28:44 INFO (97.3%, 6241 bytes, 244 lines, via ClexHintsPass::rm-toks-1-to-4 + LinesPass::1)
01:32:42 INFO (97.3%, 6150 bytes, 244 lines, via ClexHintsPass::rm-toks-1-to-4 + ClexHintsPass::rm-toks-5-to-8)
01:36:36 INFO (97.3%, 6127 bytes, 244 lines, via ClexHintsPass::rm-toks-1-to-4)
01:44:31 INFO (97.3%, 6123 bytes, 244 lines, via BalancedPass::parens-only)
01:47:55 INFO (97.3%, 6121 bytes, 244 lines, via BalancedPass::parens-only)
01:52:02 INFO (97.3%, 6114 bytes, 243 lines, via ClexHintsPass::rm-toks-1-to-4)
01:54:19 INFO (97.4%, 6082 bytes, 243 lines, via ClexHintsPass::rm-toks-1-to-4)
02:01:34 INFO (97.4%, 6080 bytes, 243 lines, via ClexHintsPass::rm-toks-1-to-4)
02:06:35 INFO (97.4%, 6076 bytes, 243 lines, via ClexHintsPass::rm-toks-1-to-4)
02:10:06 INFO (97.4%, 6026 bytes, 242 lines, via ClexHintsPass::rm-toks-13-to-16)
02:17:59 INFO (97.4%, 6017 bytes, 242 lines, via ClexHintsPass::rm-toks-1-to-4)
02:22:12 INFO (97.4%, 5993 bytes, 242 lines, via ClexHintsPass::rm-toks-1-to-4)
02:41:23 INFO (97.4%, 5989 bytes, 242 lines, via ClexHintsPass::rm-toks-1-to-4)
02:44:49 INFO (97.4%, 5969 bytes, 242 lines, via ClexHintsPass::rm-toks-9-to-12)
02:49:38 INFO (97.4%, 5963 bytes, 242 lines, via BalancedPass::square)
02:53:35 INFO (97.4%, 5961 bytes, 242 lines, via BalancedPass::parens-only)
03:39:11 INFO (97.4%, 5949 bytes, 242 lines, via ClexHintsPass::rm-toks-1-to-4)
03:59:05 INFO INITIAL PASSES
03:59:05 ERROR Skipping pass UnIfDefPass
03:59:05 ERROR Skipping pass IfPass
03:59:05 INFO ===< BalancedPass::angles, BalancedPass::angles-inside, BalancedPass::angles-only, BalancedPass::curly, BalancedPass::curly-inside, BalancedPass::curly-only, BalancedPass::curly2, BalancedPass::curly3, BalancedPass::parens, BalancedPass::parens-inside, BalancedPass::parens-only, BalancedPass::parens-to-zero, BalancedPass::square, BalancedPass::square-inside, BalancedPass::square-only, BlankPass, ClangHintsPass::callexpr-to-value, ClangHintsPass::remove-unused-function, ClangHintsPass::replace-dependent-typedef, ClangHintsPass::replace-function-def-with-decl, ClangIncludeGraphPass, ClangModuleMapPass, ClexHintsPass::rm-toks-1-to-4, ClexHintsPass::rm-toks-13-to-16, ClexHintsPass::rm-toks-5-to-8, ClexHintsPass::rm-toks-9-to-12, CommentsPass, InlineIncludesPass, LineMarkersPass, LinesPass::0, LinesPass::1, LinesPass::10, LinesPass::2, LinesPass::3, LinesPass::4, LinesPass::6, LinesPass::8, LinesPass::None, MakefilePass, RmUnusedFilesPass, TreeSitterPass::erase-namespace, TreeSitterPass::remove-function, TreeSitterPass::replace-function-def-with-decl >===
03:59:06 INFO ===< IncludesPass >===
03:59:07 INFO ===< CommentsPass >===
03:59:07 INFO ===< LineMarkersPass >===
03:59:09 INFO ===< BlankPass >===
03:59:09 INFO ===< ClangHintsPass::replace-function-def-with-decl (30 T) >===
03:59:09 INFO ===< ClangHintsPass::remove-unused-function (30 T) >===
03:59:09 INFO cache hit for HIPProg.hip
03:59:09 INFO ===< ClangHintsPass::replace-function-def-with-decl (30 T) >===
03:59:09 INFO cache hit for HIPProg.hip
03:59:09 INFO ===< ClangHintsPass::remove-unused-function (30 T) >===
03:59:09 INFO ===< ClangHintsPass::replace-function-def-with-decl >===
03:59:10 INFO ===< ClangHintsPass::remove-unused-function >===
03:59:15 INFO ===< LinesPass::0 >===
04:00:33 INFO ===< LinesPass::1 >===
04:00:42 INFO ===< LinesPass::2 >===
04:00:42 INFO ===< LinesPass::3 >===
04:00:42 INFO ===< LinesPass::4 >===
04:00:42 INFO ===< LinesPass::6 >===
04:00:42 INFO ===< LinesPass::8 >===
04:00:42 INFO ===< LinesPass::10 >===
04:00:42 INFO cache hit for HIPProg.hip
04:00:42 INFO ===< ClangHintsPass::replace-function-def-with-decl >===
04:00:42 INFO cache hit for HIPProg.hip
04:00:42 INFO ===< ClangHintsPass::remove-unused-function >===
04:00:42 INFO cache hit for HIPProg.hip
04:00:42 INFO ===< ClangHintsPass::remove-unused-function >===
04:01:07 INFO ===< BalancedPass::curly >===
04:01:33 INFO ===< BalancedPass::curly2 >===
04:01:33 INFO ===< BalancedPass::curly3 >===
04:01:46 INFO ===< BalancedPass::parens-to-zero >===
04:01:46 INFO ===< ClangHintsPass::callexpr-to-value >===
04:01:46 INFO ===< ClangPass::replace-callexpr >===
04:01:47 INFO ===< ClangPass::simplify-callexpr >===
04:01:46 INFO using C++ standard: c++2b with 0 transformation opportunities
04:01:47 INFO ===< ClangBinarySearchPass::remove-unused-enum-member >===
04:01:47 INFO ===< ClangPass::remove-enum-member-value >===
04:01:46 INFO using C++ standard: c++2b with 9 transformation opportunities
04:01:50 INFO ===< ClangBinarySearchPass::remove-unused-var >===
04:01:52 INFO ===< SpecialPass::a >===
04:01:52 INFO ===< SpecialPass::b >===
04:01:52 INFO INTERLEAVING PASSES
04:01:52 INFO ===< SpecialPass::c >===
04:11:11 INFO (97.4%, 5942 bytes, 242 lines, via ClexHintsPass::rm-toks-1-to-4)
04:19:11 INFO (97.4%, 5935 bytes, 242 lines, via ClexHintsPass::rm-toks-1-to-4)
04:26:03 INFO (97.4%, 5931 bytes, 242 lines, via ClexHintsPass::rm-toks-1-to-4)
04:29:38 INFO (97.4%, 5911 bytes, 242 lines, via ClexHintsPass::rm-toks-1-to-4)
04:32:43 INFO (97.5%, 5868 bytes, 242 lines, via ClexHintsPass::rm-toks-1-to-4 + ClexHintsPass::rm-toks-5-to-8)
04:36:21 INFO (97.5%, 5834 bytes, 241 lines, via BlankPass + ClexHintsPass::rm-toks-1-to-4)
04:42:50 INFO (97.5%, 5832 bytes, 241 lines, via BalancedPass::parens-only)
05:04:06 INFO (97.5%, 5824 bytes, 241 lines, via ClexHintsPass::rm-toks-1-to-4)
06:07:44 INFO Termination check: size was 5949; now 5824
06:07:44 INFO ===< BalancedPass::angles, BalancedPass::angles-inside, BalancedPass::angles-only, BalancedPass::curly, BalancedPass::curly-inside, BalancedPass::curly-only, BalancedPass::curly2, BalancedPass::curly3, BalancedPass::parens, BalancedPass::parens-inside, BalancedPass::parens-only, BalancedPass::parens-to-zero, BalancedPass::square, BalancedPass::square-inside, BalancedPass::square-only, BlankPass, ClangHintsPass::callexpr-to-value, ClangHintsPass::remove-unused-function, ClangHintsPass::replace-dependent-typedef, ClangHintsPass::replace-function-def-with-decl, ClangIncludeGraphPass, ClangModuleMapPass, ClexHintsPass::rm-toks-1-to-4, ClexHintsPass::rm-toks-13-to-16, ClexHintsPass::rm-toks-5-to-8, ClexHintsPass::rm-toks-9-to-12, CommentsPass, InlineIncludesPass, LineMarkersPass, LinesPass::0, LinesPass::1, LinesPass::10, LinesPass::2, LinesPass::3, LinesPass::4, LinesPass::6, LinesPass::8, LinesPass::None, MakefilePass, RmUnusedFilesPass, TreeSitterPass::erase-namespace, TreeSitterPass::remove-function, TreeSitterPass::replace-function-def-with-decl >===
08:08:19 INFO Termination check: size was 5824; now 5824
08:08:19 INFO MAIN PASSES
08:08:19 ERROR Skipping pass UnIfDefPass
08:08:19 INFO ===< BalancedPass::angles, BalancedPass::angles-inside, BalancedPass::angles-only, BalancedPass::curly, BalancedPass::curly-inside, BalancedPass::curly-only, BalancedPass::curly2, BalancedPass::curly3, BalancedPass::parens, BalancedPass::parens-inside, BalancedPass::parens-only, BalancedPass::parens-to-zero, BalancedPass::square, BalancedPass::square-inside, BalancedPass::square-only, BlankPass, ClangHintsPass::callexpr-to-value, ClangHintsPass::remove-unused-function, ClangHintsPass::replace-dependent-typedef, ClangHintsPass::replace-function-def-with-decl, ClangIncludeGraphPass, ClangModuleMapPass, ClexHintsPass::rm-toks-1-to-4, ClexHintsPass::rm-toks-13-to-16, ClexHintsPass::rm-toks-5-to-8, ClexHintsPass::rm-toks-9-to-12, CommentsPass, InlineIncludesPass, LineMarkersPass, LinesPass::0, LinesPass::1, LinesPass::10, LinesPass::2, LinesPass::3, LinesPass::4, LinesPass::6, LinesPass::8, LinesPass::None, MakefilePass, RmUnusedFilesPass, TreeSitterPass::erase-namespace, TreeSitterPass::remove-function, TreeSitterPass::replace-function-def-with-decl >===
08:08:19 INFO ===< IncludeIncludesPass >===
08:08:19 INFO ===< TernaryPass::b >===
08:08:19 INFO ===< TernaryPass::c >===
08:08:51 INFO ===< BalancedPass::curly >===
08:09:25 INFO ===< BalancedPass::curly2 >===
08:09:25 INFO ===< BalancedPass::curly3 >===
08:09:42 INFO ===< BalancedPass::parens >===
08:09:44 INFO ===< BalancedPass::angles >===
08:10:05 INFO ===< BalancedPass::square >===
08:10:26 INFO ===< BalancedPass::curly-inside >===
08:10:38 INFO ===< BalancedPass::parens-inside >===
08:10:39 INFO ===< BalancedPass::angles-inside >===
08:10:57 INFO ===< BalancedPass::square-inside >===
08:11:24 INFO ===< BalancedPass::curly-only >===
08:11:26 INFO ===< BalancedPass::angles-only >===
08:11:47 INFO ===< BalancedPass::square-only >===
08:11:47 INFO ===< ClangPass::remove-namespace >===
08:11:48 INFO ===< ClangPass::aggregate-to-scalar >===
08:11:48 INFO ===< ClangPass::param-to-global >===
08:11:48 INFO ===< ClangPass::param-to-local >===
08:11:48 INFO ===< ClangPass::remove-nested-function >===
08:11:48 INFO ===< ClangPass::union-to-struct >===
08:11:48 INFO ===< ClangPass::return-void >===
08:11:48 INFO ===< ClangPass::simple-inliner >===
08:12:05 INFO ===< ClangPass::reduce-pointer-level >===
08:12:05 INFO ===< ClangPass::lift-assignment-expr >===
08:12:06 INFO ===< ClangPass::copy-propagation >===
08:12:06 INFO ===< ClangHintsPass::callexpr-to-value >===
08:12:06 INFO ===< ClangPass::replace-callexpr >===
08:12:06 INFO ===< ClangPass::simplify-callexpr >===
08:12:06 INFO ===< ClangHintsPass::remove-unused-function >===
08:12:06 INFO using C++ standard: c++2b with 0 transformation opportunities
08:12:07 INFO ===< ClangBinarySearchPass::remove-unused-enum-member >===
08:12:07 INFO ===< ClangPass::remove-enum-member-value >===
08:12:06 INFO using C++ standard: c++2b with 9 transformation opportunities
08:12:11 INFO ===< ClangBinarySearchPass::remove-unused-var >===
08:12:11 INFO ===< ClangPass::simplify-if >===
08:12:12 INFO ===< ClangPass::reduce-array-dim >===
08:12:12 INFO ===< ClangPass::reduce-array-size >===
08:12:12 INFO ===< ClangPass::move-definition-to-declaration >===
08:12:12 INFO ===< ClangPass::simplify-comma-expr >===
08:12:12 INFO ===< ClangPass::simplify-dependent-typedef >===
08:12:12 INFO ===< ClangPass::replace-simple-typedef >===
08:12:12 INFO ===< ClangHintsPass::replace-dependent-typedef >===
08:12:12 INFO ===< ClangPass::replace-one-level-typedef-type >===
08:12:50 INFO ===< ClangPass::remove-unused-field >===
08:12:50 INFO ===< ClangPass::instantiate-template-type-param-to-int >===
08:12:51 INFO ===< ClangPass::instantiate-template-param >===
08:12:51 INFO ===< ClangPass::template-arg-to-int >===
08:12:51 INFO ===< ClangPass::template-non-type-arg-to-int >===
08:12:51 INFO ===< ClangPass::reduce-class-template-param >===
08:12:51 INFO ===< ClangPass::remove-trivial-base-template >===
08:12:51 INFO ===< ClangPass::class-template-to-class >===
08:12:51 INFO ===< ClangPass::merge-base-class >===
08:12:51 INFO ===< ClangPass::remove-base-class >===
08:12:51 INFO ===< ClangPass::replace-derived-class >===
08:12:51 INFO ===< ClangPass::remove-unresolved-base >===
08:12:52 INFO ===< ClangPass::remove-ctor-initializer >===
08:12:52 INFO ===< ClangPass::replace-class-with-base-template-spec >===
08:12:52 INFO ===< ClangPass::simplify-nested-class >===
08:12:53 INFO ===< ClangPass::remove-unused-outer-class >===
08:12:54 INFO ===< ClangPass::empty-struct-to-int >===
08:12:54 INFO ===< ClangPass::remove-pointer >===
08:12:55 INFO ===< ClangPass::reduce-pointer-pairs >===
08:12:55 INFO ===< ClangPass::remove-array >===
08:12:55 INFO ===< ClangPass::remove-addr-taken >===
08:12:55 INFO ===< ClangPass::simplify-struct >===
08:12:55 INFO ===< ClangPass::replace-undefined-function >===
08:12:55 INFO ===< ClangPass::replace-array-index-var >===
08:12:55 INFO ===< ClangPass::replace-array-access-with-index >===
08:12:55 INFO ===< ClangPass::replace-dependent-name >===
08:12:55 INFO ===< ClangPass::simplify-recursive-template-instantiation >===
08:12:55 INFO ===< ClangPass::vector-to-array >===
08:12:55 INFO ===< ClangPass::remove-try-catch >===
08:12:55 INFO ===< ClangPass::class-to-struct >===
08:13:37 INFO ===< ClangPass::member-to-global >===
08:13:42 INFO ===< LinesPass::0 >===
08:15:16 INFO ===< LinesPass::1 >===
08:15:28 INFO ===< LinesPass::2 >===
08:15:28 INFO ===< LinesPass::3 >===
08:15:28 INFO ===< LinesPass::4 >===
08:15:28 INFO ===< LinesPass::6 >===
08:15:28 INFO ===< LinesPass::8 >===
08:15:28 INFO ===< LinesPass::10 >===
08:15:29 INFO ===< CommentsPass >===
08:15:29 INFO ===< SpecialPass::b >===
08:15:29 INFO ===< SpecialPass::c >===
08:15:29 INFO ===< IndentPass::regular >===
08:15:45 INFO ===< BalancedPass::parens-to-zero >===
10:39:20 INFO ===< ClexHintsPass::rm-toks-1-to-16 >===
11:29:08 INFO ===< ClexPass::rm-tok-pattern-4 >===
11:29:08 INFO ===< ClangPass::local-to-global >===
11:29:26 INFO ===< PeepPass::c >===
11:29:50 INFO (97.5%, 5823 bytes, 241 lines)
11:30:07 INFO (97.5%, 5822 bytes, 241 lines)
11:30:27 INFO (97.5%, 5821 bytes, 241 lines)
11:30:50 INFO (97.5%, 5820 bytes, 241 lines)
11:31:10 INFO (97.5%, 5819 bytes, 241 lines)
11:31:27 INFO (97.5%, 5818 bytes, 241 lines)
11:31:47 INFO (97.5%, 5817 bytes, 241 lines)
11:32:04 INFO (97.5%, 5816 bytes, 241 lines)
11:32:21 INFO (97.5%, 5815 bytes, 241 lines)
11:32:38 INFO (97.5%, 5814 bytes, 241 lines)
11:32:55 INFO (97.5%, 5813 bytes, 241 lines)
11:33:16 INFO (97.5%, 5812 bytes, 241 lines)
11:33:37 INFO (97.5%, 5811 bytes, 241 lines)
11:33:57 INFO (97.5%, 5810 bytes, 241 lines)
11:34:17 INFO (97.5%, 5809 bytes, 241 lines)
11:34:34 INFO (97.5%, 5808 bytes, 241 lines)
11:34:55 INFO (97.5%, 5807 bytes, 241 lines)
11:35:15 INFO (97.5%, 5806 bytes, 241 lines)
11:35:31 INFO (97.5%, 5805 bytes, 241 lines)
11:35:48 INFO (97.5%, 5804 bytes, 241 lines)
11:36:05 INFO (97.5%, 5803 bytes, 241 lines)
11:36:22 INFO (97.5%, 5802 bytes, 241 lines)
11:36:39 INFO (97.5%, 5801 bytes, 241 lines)
11:36:56 INFO (97.5%, 5800 bytes, 241 lines)
11:37:19 INFO (97.5%, 5799 bytes, 241 lines)
11:37:36 INFO (97.5%, 5798 bytes, 241 lines)
11:37:52 INFO (97.5%, 5797 bytes, 241 lines)
11:38:09 INFO (97.5%, 5796 bytes, 241 lines)
11:38:29 INFO (97.5%, 5795 bytes, 241 lines)
11:38:48 INFO (97.5%, 5794 bytes, 241 lines)
11:39:08 INFO (97.5%, 5793 bytes, 241 lines)
11:39:31 INFO (97.5%, 5792 bytes, 241 lines)
11:39:48 INFO (97.5%, 5791 bytes, 241 lines)
11:40:07 INFO (97.5%, 5790 bytes, 241 lines)
11:40:24 INFO (97.5%, 5789 bytes, 241 lines)
11:40:44 INFO (97.5%, 5788 bytes, 241 lines)
11:41:01 INFO (97.5%, 5787 bytes, 241 lines)
11:41:24 INFO (97.5%, 5786 bytes, 241 lines)
11:41:45 INFO (97.5%, 5785 bytes, 241 lines)
11:42:05 INFO (97.5%, 5784 bytes, 241 lines)
11:42:32 INFO (97.5%, 5783 bytes, 241 lines)
11:42:52 INFO (97.5%, 5782 bytes, 241 lines)
11:43:09 INFO (97.5%, 5781 bytes, 241 lines)
11:43:29 INFO (97.5%, 5780 bytes, 241 lines)
11:43:46 INFO (97.5%, 5779 bytes, 241 lines)
11:44:09 INFO (97.5%, 5778 bytes, 241 lines)
11:44:29 INFO (97.5%, 5777 bytes, 241 lines)
11:44:45 INFO (97.5%, 5776 bytes, 241 lines)
11:45:06 INFO (97.5%, 5775 bytes, 241 lines)
11:45:24 INFO (97.5%, 5774 bytes, 241 lines)
11:45:41 INFO (97.5%, 5773 bytes, 241 lines)
11:45:58 INFO (97.5%, 5772 bytes, 241 lines)
11:46:21 INFO (97.5%, 5771 bytes, 241 lines)
11:46:44 INFO (97.5%, 5770 bytes, 241 lines)
11:47:02 INFO (97.5%, 5769 bytes, 241 lines)
11:47:25 INFO (97.5%, 5768 bytes, 241 lines)
11:47:42 INFO (97.5%, 5767 bytes, 241 lines)
11:48:03 INFO (97.5%, 5766 bytes, 241 lines)
11:48:29 INFO (97.5%, 5765 bytes, 241 lines)
11:48:47 INFO (97.5%, 5764 bytes, 241 lines)
11:49:05 INFO (97.5%, 5763 bytes, 241 lines)
11:49:22 INFO (97.5%, 5762 bytes, 241 lines)
11:49:45 INFO (97.5%, 5761 bytes, 241 lines)
11:50:04 INFO (97.5%, 5760 bytes, 241 lines)
11:50:24 INFO (97.5%, 5759 bytes, 241 lines)
11:50:47 INFO (97.5%, 5758 bytes, 241 lines)
11:51:02 INFO (97.5%, 5757 bytes, 241 lines)
11:51:19 INFO (97.5%, 5756 bytes, 241 lines)
11:51:36 INFO (97.5%, 5755 bytes, 241 lines)
11:51:58 INFO (97.5%, 5754 bytes, 241 lines)
11:52:22 INFO (97.5%, 5753 bytes, 241 lines)
11:52:46 INFO (97.5%, 5752 bytes, 241 lines)
11:53:03 INFO (97.5%, 5751 bytes, 241 lines)
11:53:23 INFO (97.5%, 5750 bytes, 241 lines)
11:53:46 INFO (97.5%, 5749 bytes, 241 lines)
11:54:06 INFO (97.5%, 5748 bytes, 241 lines)
11:54:29 INFO (97.5%, 5747 bytes, 241 lines)
11:54:45 INFO (97.5%, 5746 bytes, 241 lines)
11:55:03 INFO (97.5%, 5745 bytes, 241 lines)
11:55:21 INFO (97.5%, 5744 bytes, 241 lines)
11:55:38 INFO (97.5%, 5743 bytes, 241 lines)
11:56:00 INFO (97.5%, 5742 bytes, 241 lines)
11:56:23 INFO (97.5%, 5741 bytes, 241 lines)
11:56:44 INFO (97.5%, 5740 bytes, 241 lines)
11:57:07 INFO (97.5%, 5739 bytes, 241 lines)
11:57:26 INFO (97.5%, 5738 bytes, 241 lines)
11:57:50 INFO (97.5%, 5737 bytes, 241 lines)
11:58:17 INFO (97.5%, 5736 bytes, 241 lines)
11:58:42 INFO (97.5%, 5735 bytes, 241 lines)
11:58:59 INFO (97.5%, 5734 bytes, 241 lines)
11:59:19 INFO (97.5%, 5733 bytes, 241 lines)
11:59:36 INFO (97.5%, 5732 bytes, 241 lines)
11:59:56 INFO (97.5%, 5731 bytes, 241 lines)
12:00:18 INFO (97.5%, 5730 bytes, 241 lines)
12:00:37 INFO (97.5%, 5729 bytes, 241 lines)
12:01:00 INFO (97.5%, 5728 bytes, 241 lines)
12:01:19 INFO (97.5%, 5727 bytes, 241 lines)
12:01:42 INFO (97.5%, 5726 bytes, 241 lines)
12:02:03 INFO (97.5%, 5725 bytes, 241 lines)
12:02:27 INFO (97.5%, 5724 bytes, 241 lines)
12:02:50 INFO (97.5%, 5723 bytes, 241 lines)
12:03:11 INFO (97.5%, 5722 bytes, 241 lines)
12:03:30 INFO (97.5%, 5721 bytes, 241 lines)
12:03:54 INFO (97.5%, 5720 bytes, 241 lines)
12:04:17 INFO (97.5%, 5719 bytes, 241 lines)
12:04:40 INFO (97.5%, 5718 bytes, 241 lines)
12:05:02 INFO (97.5%, 5717 bytes, 241 lines)
12:05:27 INFO (97.5%, 5716 bytes, 241 lines)
12:05:50 INFO (97.5%, 5715 bytes, 241 lines)
12:06:09 INFO (97.5%, 5714 bytes, 241 lines)
12:06:26 INFO (97.5%, 5713 bytes, 241 lines)
12:06:43 INFO (97.5%, 5712 bytes, 241 lines)
12:07:07 INFO (97.5%, 5711 bytes, 241 lines)
12:07:27 INFO (97.5%, 5710 bytes, 241 lines)
12:07:43 INFO (97.5%, 5709 bytes, 241 lines)
12:07:59 INFO (97.5%, 5708 bytes, 241 lines)
12:08:15 INFO (97.5%, 5707 bytes, 241 lines)
12:08:32 INFO (97.5%, 5706 bytes, 241 lines)
12:08:49 INFO (97.5%, 5705 bytes, 241 lines)
12:09:09 INFO (97.5%, 5704 bytes, 241 lines)
12:09:28 INFO (97.5%, 5703 bytes, 241 lines)
12:09:42 INFO (97.5%, 5702 bytes, 241 lines)
12:09:56 INFO (97.5%, 5701 bytes, 241 lines)
12:10:11 INFO (97.5%, 5700 bytes, 241 lines)
12:10:26 INFO (97.5%, 5699 bytes, 241 lines)
12:10:41 INFO (97.5%, 5698 bytes, 241 lines)
12:10:54 INFO (97.5%, 5697 bytes, 241 lines)
12:11:09 INFO (97.5%, 5696 bytes, 241 lines)
12:11:24 INFO (97.5%, 5695 bytes, 241 lines)
12:11:38 INFO (97.5%, 5694 bytes, 241 lines)
12:11:53 INFO (97.5%, 5693 bytes, 241 lines)
12:12:08 INFO (97.5%, 5692 bytes, 241 lines)
12:12:18 INFO (97.5%, 5691 bytes, 241 lines)
12:12:27 INFO (97.5%, 5690 bytes, 241 lines)
12:12:37 INFO (97.5%, 5689 bytes, 241 lines)
12:12:40 INFO ===< IntsPass::a >===
12:13:02 INFO (97.5%, 5687 bytes, 241 lines)
12:13:24 INFO (97.5%, 5685 bytes, 241 lines)
12:13:44 INFO (97.5%, 5683 bytes, 241 lines)
12:14:03 INFO (97.5%, 5681 bytes, 241 lines)
12:14:27 INFO (97.5%, 5679 bytes, 241 lines)
12:14:45 INFO (97.5%, 5677 bytes, 241 lines)
12:15:06 INFO (97.5%, 5675 bytes, 241 lines)
12:15:26 INFO (97.5%, 5673 bytes, 241 lines)
12:15:42 INFO (97.5%, 5671 bytes, 241 lines)
12:15:53 INFO (97.5%, 5669 bytes, 241 lines)
12:15:55 INFO ===< IntsPass::b >===
12:16:19 INFO (97.5%, 5667 bytes, 241 lines)
12:16:39 INFO (97.5%, 5665 bytes, 241 lines)
12:16:57 INFO (97.5%, 5664 bytes, 241 lines)
12:17:14 INFO (97.5%, 5663 bytes, 241 lines)
12:17:38 INFO (97.5%, 5662 bytes, 241 lines)
12:17:55 INFO (97.5%, 5660 bytes, 241 lines)
12:18:12 INFO (97.5%, 5658 bytes, 241 lines)
12:18:29 INFO (97.5%, 5657 bytes, 241 lines)
12:18:54 INFO (97.5%, 5656 bytes, 241 lines)
12:19:31 INFO (97.5%, 5655 bytes, 241 lines)
12:20:08 INFO (97.5%, 5654 bytes, 241 lines)
12:20:41 INFO (97.5%, 5653 bytes, 241 lines)
12:21:04 INFO (97.5%, 5651 bytes, 241 lines)
12:21:27 INFO (97.5%, 5650 bytes, 241 lines)
12:21:44 INFO (97.5%, 5649 bytes, 241 lines)
12:22:00 INFO (97.5%, 5648 bytes, 241 lines)
12:23:10 INFO (97.5%, 5647 bytes, 241 lines)
12:23:34 INFO (97.5%, 5646 bytes, 241 lines)
12:24:24 INFO (97.5%, 5644 bytes, 241 lines)
12:25:21 INFO (97.6%, 5643 bytes, 241 lines)
12:26:13 INFO (97.6%, 5642 bytes, 241 lines)
12:26:38 INFO (97.6%, 5640 bytes, 241 lines)
12:26:55 INFO (97.6%, 5639 bytes, 241 lines)
12:27:18 INFO (97.6%, 5638 bytes, 241 lines)
12:27:35 INFO (97.6%, 5637 bytes, 241 lines)
12:27:58 INFO (97.6%, 5636 bytes, 241 lines)
12:28:21 INFO (97.6%, 5635 bytes, 241 lines)
12:28:40 INFO (97.6%, 5633 bytes, 241 lines)
12:28:56 INFO (97.6%, 5631 bytes, 241 lines)
12:29:09 INFO (97.6%, 5629 bytes, 241 lines)
12:29:19 INFO (97.6%, 5628 bytes, 241 lines)
12:29:19 INFO ===< IntsPass::c >===
12:29:35 INFO (97.6%, 5627 bytes, 241 lines)
12:29:55 INFO (97.6%, 5626 bytes, 241 lines)
12:30:12 INFO (97.6%, 5625 bytes, 241 lines)
12:30:25 INFO (97.6%, 5624 bytes, 241 lines)
12:30:52 INFO ===< IntsPass::d >===
12:30:54 INFO ===< IntsPass::c >===
12:31:22 INFO ===< BalancedPass::parens-only >===
12:31:23 INFO ===< ClexPass::delete-string >===
12:31:24 INFO Termination check: size was 5824; now 5624
12:31:24 ERROR Skipping pass UnIfDefPass
12:31:24 INFO ===< ClexPass::define >===
12:31:24 INFO ===< IncludeIncludesPass >===
12:31:24 INFO ===< TernaryPass::b >===
12:31:24 INFO ===< TernaryPass::c >===
12:31:48 INFO ===< BalancedPass::curly >===
12:32:13 INFO ===< BalancedPass::curly2 >===
12:32:13 INFO ===< BalancedPass::curly3 >===
12:32:25 INFO ===< BalancedPass::parens >===
12:32:26 INFO ===< BalancedPass::angles >===
12:32:42 INFO ===< BalancedPass::square >===
12:33:00 INFO ===< BalancedPass::curly-inside >===
12:33:09 INFO ===< BalancedPass::parens-inside >===
12:33:10 INFO ===< BalancedPass::angles-inside >===
12:33:25 INFO ===< BalancedPass::square-inside >===
12:33:45 INFO ===< BalancedPass::curly-only >===
12:33:46 INFO ===< BalancedPass::angles-only >===
12:34:02 INFO ===< BalancedPass::square-only >===
12:34:03 INFO ===< ClangPass::remove-namespace >===
12:34:03 INFO ===< ClangPass::aggregate-to-scalar >===
12:34:03 INFO ===< ClangPass::param-to-global >===
12:34:03 INFO ===< ClangPass::param-to-local >===
12:34:03 INFO ===< ClangPass::remove-nested-function >===
12:34:03 INFO ===< ClangPass::union-to-struct >===
12:34:03 INFO ===< ClangPass::return-void >===
12:34:03 INFO ===< ClangPass::simple-inliner >===
12:34:16 INFO ===< ClangPass::reduce-pointer-level >===
12:34:17 INFO ===< ClangPass::lift-assignment-expr >===
12:34:17 INFO ===< ClangPass::copy-propagation >===
12:34:17 INFO ===< ClangHintsPass::callexpr-to-value >===
12:34:17 INFO ===< ClangPass::replace-callexpr >===
12:34:17 INFO ===< ClangPass::simplify-callexpr >===
12:34:17 INFO ===< ClangHintsPass::remove-unused-function >===
12:34:17 INFO using C++ standard: c++2b with 0 transformation opportunities
12:34:18 INFO ===< ClangBinarySearchPass::remove-unused-enum-member >===
12:34:18 INFO ===< ClangPass::remove-enum-member-value >===
12:34:17 INFO using C++ standard: c++2b with 9 transformation opportunities
12:34:21 INFO ===< ClangBinarySearchPass::remove-unused-var >===
12:34:21 INFO ===< ClangPass::simplify-if >===
12:34:21 INFO ===< ClangPass::reduce-array-dim >===
12:34:22 INFO ===< ClangPass::reduce-array-size >===
12:34:22 INFO ===< ClangPass::move-definition-to-declaration >===
12:34:22 INFO ===< ClangPass::simplify-comma-expr >===
12:34:22 INFO ===< ClangPass::simplify-dependent-typedef >===
12:34:22 INFO ===< ClangPass::replace-simple-typedef >===
12:34:22 INFO ===< ClangHintsPass::replace-dependent-typedef >===
12:34:22 INFO ===< ClangPass::replace-one-level-typedef-type >===
12:34:54 INFO ===< ClangPass::remove-unused-field >===
12:34:54 INFO ===< ClangPass::instantiate-template-type-param-to-int >===
12:34:54 INFO ===< ClangPass::instantiate-template-param >===
12:34:54 INFO ===< ClangPass::template-arg-to-int >===
12:34:55 INFO ===< ClangPass::template-non-type-arg-to-int >===
12:34:55 INFO ===< ClangPass::reduce-class-template-param >===
12:34:55 INFO ===< ClangPass::remove-trivial-base-template >===
12:34:55 INFO ===< ClangPass::class-template-to-class >===
12:34:55 INFO ===< ClangPass::merge-base-class >===
12:34:55 INFO ===< ClangPass::remove-base-class >===
12:34:55 INFO ===< ClangPass::replace-derived-class >===
12:34:55 INFO ===< ClangPass::remove-unresolved-base >===
12:34:55 INFO ===< ClangPass::remove-ctor-initializer >===
12:34:55 INFO ===< ClangPass::replace-class-with-base-template-spec >===
12:34:55 INFO ===< ClangPass::simplify-nested-class >===
12:34:56 INFO ===< ClangPass::remove-unused-outer-class >===
12:34:58 INFO ===< ClangPass::empty-struct-to-int >===
12:34:58 INFO ===< ClangPass::remove-pointer >===
12:34:58 INFO ===< ClangPass::reduce-pointer-pairs >===
12:34:58 INFO ===< ClangPass::remove-array >===
12:34:58 INFO ===< ClangPass::remove-addr-taken >===
12:34:58 INFO ===< ClangPass::simplify-struct >===
12:34:58 INFO ===< ClangPass::replace-undefined-function >===
12:34:58 INFO ===< ClangPass::replace-array-index-var >===
12:34:58 INFO ===< ClangPass::replace-array-access-with-index >===
12:34:58 INFO ===< ClangPass::replace-dependent-name >===
12:34:58 INFO ===< ClangPass::simplify-recursive-template-instantiation >===
12:34:59 INFO ===< ClangPass::vector-to-array >===
12:34:59 INFO ===< ClangPass::remove-try-catch >===
12:34:59 INFO ===< ClangPass::class-to-struct >===
12:35:32 INFO ===< ClangPass::member-to-global >===
12:35:38 INFO ===< LinesPass::0 >===
12:37:33 INFO ===< LinesPass::1 >===
12:37:46 INFO ===< LinesPass::2 >===
12:37:46 INFO ===< LinesPass::3 >===
12:37:46 INFO ===< LinesPass::4 >===
12:37:46 INFO ===< LinesPass::6 >===
12:37:46 INFO ===< LinesPass::8 >===
12:37:46 INFO ===< LinesPass::10 >===
12:37:47 INFO ===< CommentsPass >===
12:37:47 INFO ===< SpecialPass::b >===
12:37:47 INFO ===< SpecialPass::c >===
12:37:47 INFO ===< IndentPass::regular >===
12:38:02 INFO ===< BalancedPass::parens-to-zero >===
14:08:10 INFO ===< ClexHintsPass::rm-toks-1-to-16 >===
14:54:41 INFO ===< ClexPass::rm-tok-pattern-4 >===
14:54:41 INFO ===< ClangPass::local-to-global >===
14:54:57 INFO ===< PeepPass::c >===
14:55:20 INFO (97.6%, 5623 bytes, 241 lines)
14:55:39 INFO (97.6%, 5622 bytes, 241 lines)
14:55:53 INFO (97.6%, 5621 bytes, 241 lines)
14:56:03 INFO (97.6%, 5620 bytes, 241 lines)
14:56:05 INFO ===< IntsPass::a >===
14:56:06 INFO ===< IntsPass::b >===
14:56:06 INFO ===< IntsPass::c >===
14:56:26 INFO (97.6%, 5619 bytes, 241 lines)
14:56:44 INFO (97.6%, 5618 bytes, 241 lines)
14:56:58 INFO (97.6%, 5617 bytes, 241 lines)
14:57:07 INFO (97.6%, 5616 bytes, 241 lines)
14:57:07 INFO ===< IntsPass::d >===
14:57:07 INFO ===< IntsPass::c >===
14:57:16 INFO ===< BalancedPass::parens-only >===
14:57:17 INFO ===< ClexPass::delete-string >===
14:57:18 INFO Termination check: size was 5624; now 5616
14:57:18 ERROR Skipping pass UnIfDefPass
14:57:18 INFO ===< ClexPass::define >===
14:57:18 INFO ===< IncludeIncludesPass >===
14:57:18 INFO ===< TernaryPass::b >===
14:57:18 INFO ===< TernaryPass::c >===
14:57:43 INFO ===< BalancedPass::curly >===
14:58:07 INFO ===< BalancedPass::curly2 >===
14:58:07 INFO ===< BalancedPass::curly3 >===
14:58:20 INFO ===< BalancedPass::parens >===
14:58:21 INFO ===< BalancedPass::angles >===
14:58:37 INFO ===< BalancedPass::square >===
14:58:55 INFO ===< BalancedPass::curly-inside >===
14:59:05 INFO ===< BalancedPass::parens-inside >===
14:59:06 INFO ===< BalancedPass::angles-inside >===
14:59:22 INFO ===< BalancedPass::square-inside >===
14:59:41 INFO ===< BalancedPass::curly-only >===
14:59:42 INFO ===< BalancedPass::angles-only >===
14:59:57 INFO ===< BalancedPass::square-only >===
14:59:58 INFO ===< ClangPass::remove-namespace >===
14:59:58 INFO ===< ClangPass::aggregate-to-scalar >===
14:59:58 INFO ===< ClangPass::param-to-global >===
14:59:58 INFO ===< ClangPass::param-to-local >===
14:59:58 INFO ===< ClangPass::remove-nested-function >===
14:59:58 INFO ===< ClangPass::union-to-struct >===
14:59:58 INFO ===< ClangPass::return-void >===
14:59:58 INFO ===< ClangPass::simple-inliner >===
15:00:12 INFO ===< ClangPass::reduce-pointer-level >===
15:00:12 INFO ===< ClangPass::lift-assignment-expr >===
15:00:12 INFO ===< ClangPass::copy-propagation >===
15:00:12 INFO ===< ClangHintsPass::callexpr-to-value >===
15:00:12 INFO ===< ClangPass::replace-callexpr >===
15:00:12 INFO ===< ClangPass::simplify-callexpr >===
15:00:12 INFO ===< ClangHintsPass::remove-unused-function >===
15:00:12 INFO using C++ standard: c++2b with 0 transformation opportunities
15:00:13 INFO ===< ClangBinarySearchPass::remove-unused-enum-member >===
15:00:13 INFO ===< ClangPass::remove-enum-member-value >===
15:00:12 INFO using C++ standard: c++2b with 9 transformation opportunities
15:00:16 INFO ===< ClangBinarySearchPass::remove-unused-var >===
15:00:16 INFO ===< ClangPass::simplify-if >===
15:00:16 INFO ===< ClangPass::reduce-array-dim >===
15:00:16 INFO ===< ClangPass::reduce-array-size >===
15:00:17 INFO ===< ClangPass::move-definition-to-declaration >===
15:00:17 INFO ===< ClangPass::simplify-comma-expr >===
15:00:17 INFO ===< ClangPass::simplify-dependent-typedef >===
15:00:17 INFO ===< ClangPass::replace-simple-typedef >===
15:00:17 INFO ===< ClangHintsPass::replace-dependent-typedef >===
15:00:17 INFO ===< ClangPass::replace-one-level-typedef-type >===
15:00:48 INFO ===< ClangPass::remove-unused-field >===
15:00:48 INFO ===< ClangPass::instantiate-template-type-param-to-int >===
15:00:48 INFO ===< ClangPass::instantiate-template-param >===
15:00:48 INFO ===< ClangPass::template-arg-to-int >===
15:00:48 INFO ===< ClangPass::template-non-type-arg-to-int >===
15:00:48 INFO ===< ClangPass::reduce-class-template-param >===
15:00:48 INFO ===< ClangPass::remove-trivial-base-template >===
15:00:48 INFO ===< ClangPass::class-template-to-class >===
15:00:48 INFO ===< ClangPass::merge-base-class >===
15:00:48 INFO ===< ClangPass::remove-base-class >===
15:00:49 INFO ===< ClangPass::replace-derived-class >===
15:00:49 INFO ===< ClangPass::remove-unresolved-base >===
15:00:49 INFO ===< ClangPass::remove-ctor-initializer >===
15:00:49 INFO ===< ClangPass::replace-class-with-base-template-spec >===
15:00:49 INFO ===< ClangPass::simplify-nested-class >===
15:00:50 INFO ===< ClangPass::remove-unused-outer-class >===
15:00:51 INFO ===< ClangPass::empty-struct-to-int >===
15:00:51 INFO ===< ClangPass::remove-pointer >===
15:00:51 INFO ===< ClangPass::reduce-pointer-pairs >===
15:00:51 INFO ===< ClangPass::remove-array >===
15:00:51 INFO ===< ClangPass::remove-addr-taken >===
15:00:52 INFO ===< ClangPass::simplify-struct >===
15:00:52 INFO ===< ClangPass::replace-undefined-function >===
15:00:52 INFO ===< ClangPass::replace-array-index-var >===
15:00:52 INFO ===< ClangPass::replace-array-access-with-index >===
15:00:52 INFO ===< ClangPass::replace-dependent-name >===
15:00:52 INFO ===< ClangPass::simplify-recursive-template-instantiation >===
15:00:52 INFO ===< ClangPass::vector-to-array >===
15:00:52 INFO ===< ClangPass::remove-try-catch >===
15:00:52 INFO ===< ClangPass::class-to-struct >===
15:01:23 INFO ===< ClangPass::member-to-global >===
15:01:29 INFO ===< LinesPass::0 >===
15:03:51 INFO ===< LinesPass::1 >===
15:04:01 INFO ===< LinesPass::2 >===
15:04:01 INFO ===< LinesPass::3 >===
15:04:01 INFO ===< LinesPass::4 >===
15:04:01 INFO ===< LinesPass::6 >===
15:04:01 INFO ===< LinesPass::8 >===
15:04:01 INFO ===< LinesPass::10 >===
15:04:02 INFO ===< CommentsPass >===
15:04:02 INFO ===< SpecialPass::b >===
15:04:02 INFO ===< SpecialPass::c >===
15:04:02 INFO ===< IndentPass::regular >===
15:04:14 INFO ===< BalancedPass::parens-to-zero >===
16:21:11 INFO ===< ClexHintsPass::rm-toks-1-to-16 >===
16:58:49 INFO ===< ClexPass::rm-tok-pattern-4 >===
16:58:49 INFO ===< ClangPass::local-to-global >===
16:58:58 INFO ===< PeepPass::c >===
16:59:13 INFO (97.6%, 5615 bytes, 241 lines)
16:59:26 INFO (97.6%, 5614 bytes, 241 lines)
16:59:38 INFO (97.6%, 5613 bytes, 241 lines)
16:59:47 INFO (97.6%, 5612 bytes, 241 lines)
16:59:49 INFO ===< IntsPass::a >===
16:59:49 INFO ===< IntsPass::b >===
16:59:49 INFO ===< IntsPass::c >===
16:59:49 INFO ===< IntsPass::d >===
16:59:49 INFO cache hit for HIPProg.hip
16:59:49 INFO ===< IntsPass::c >===
16:59:56 INFO ===< BalancedPass::parens-only >===
16:59:57 INFO ===< ClexPass::delete-string >===
16:59:58 INFO Termination check: size was 5616; now 5612
16:59:58 ERROR Skipping pass UnIfDefPass
16:59:58 INFO ===< ClexPass::define >===
16:59:58 INFO ===< IncludeIncludesPass >===
16:59:58 INFO ===< TernaryPass::b >===
16:59:58 INFO ===< TernaryPass::c >===
17:00:18 INFO ===< BalancedPass::curly >===
17:00:39 INFO ===< BalancedPass::curly2 >===
17:00:39 INFO ===< BalancedPass::curly3 >===
17:00:49 INFO ===< BalancedPass::parens >===
17:00:50 INFO ===< BalancedPass::angles >===
17:01:03 INFO ===< BalancedPass::square >===
17:01:19 INFO ===< BalancedPass::curly-inside >===
17:01:27 INFO ===< BalancedPass::parens-inside >===
17:01:28 INFO ===< BalancedPass::angles-inside >===
17:01:39 INFO ===< BalancedPass::square-inside >===
17:01:56 INFO ===< BalancedPass::curly-only >===
17:01:57 INFO ===< BalancedPass::angles-only >===
17:02:09 INFO ===< BalancedPass::square-only >===
17:02:09 INFO ===< ClangPass::remove-namespace >===
17:02:09 INFO ===< ClangPass::aggregate-to-scalar >===
17:02:09 INFO ===< ClangPass::param-to-global >===
17:02:10 INFO ===< ClangPass::param-to-local >===
17:02:10 INFO ===< ClangPass::remove-nested-function >===
17:02:10 INFO ===< ClangPass::union-to-struct >===
17:02:10 INFO ===< ClangPass::return-void >===
17:02:10 INFO ===< ClangPass::simple-inliner >===
17:02:20 INFO ===< ClangPass::reduce-pointer-level >===
17:02:20 INFO ===< ClangPass::lift-assignment-expr >===
17:02:20 INFO ===< ClangPass::copy-propagation >===
17:02:20 INFO ===< ClangHintsPass::callexpr-to-value >===
17:02:20 INFO ===< ClangPass::replace-callexpr >===
17:02:20 INFO ===< ClangPass::simplify-callexpr >===
17:02:20 INFO ===< ClangHintsPass::remove-unused-function >===
17:02:19 INFO using C++ standard: c++2b with 0 transformation opportunities
17:02:20 INFO ===< ClangBinarySearchPass::remove-unused-enum-member >===
17:02:20 INFO ===< ClangPass::remove-enum-member-value >===
17:02:20 INFO using C++ standard: c++2b with 9 transformation opportunities
17:02:23 INFO ===< ClangBinarySearchPass::remove-unused-var >===
17:02:23 INFO ===< ClangPass::simplify-if >===
17:02:23 INFO ===< ClangPass::reduce-array-dim >===
17:02:23 INFO ===< ClangPass::reduce-array-size >===
17:02:23 INFO ===< ClangPass::move-definition-to-declaration >===
17:02:23 INFO ===< ClangPass::simplify-comma-expr >===
17:02:23 INFO ===< ClangPass::simplify-dependent-typedef >===
17:02:23 INFO ===< ClangPass::replace-simple-typedef >===
17:02:23 INFO ===< ClangHintsPass::replace-dependent-typedef >===
17:02:24 INFO ===< ClangPass::replace-one-level-typedef-type >===
17:02:48 INFO ===< ClangPass::remove-unused-field >===
17:02:48 INFO ===< ClangPass::instantiate-template-type-param-to-int >===
17:02:48 INFO ===< ClangPass::instantiate-template-param >===
17:02:48 INFO ===< ClangPass::template-arg-to-int >===
17:02:48 INFO ===< ClangPass::template-non-type-arg-to-int >===
17:02:48 INFO ===< ClangPass::reduce-class-template-param >===
17:02:48 INFO ===< ClangPass::remove-trivial-base-template >===
17:02:48 INFO ===< ClangPass::class-template-to-class >===
17:02:49 INFO ===< ClangPass::merge-base-class >===
17:02:49 INFO ===< ClangPass::remove-base-class >===
17:02:49 INFO ===< ClangPass::replace-derived-class >===
17:02:49 INFO ===< ClangPass::remove-unresolved-base >===
17:02:49 INFO ===< ClangPass::remove-ctor-initializer >===
17:02:49 INFO ===< ClangPass::replace-class-with-base-template-spec >===
17:02:49 INFO ===< ClangPass::simplify-nested-class >===
17:02:50 INFO ===< ClangPass::remove-unused-outer-class >===
17:02:51 INFO ===< ClangPass::empty-struct-to-int >===
17:02:51 INFO ===< ClangPass::remove-pointer >===
17:02:51 INFO ===< ClangPass::reduce-pointer-pairs >===
17:02:51 INFO ===< ClangPass::remove-array >===
17:02:51 INFO ===< ClangPass::remove-addr-taken >===
17:02:51 INFO ===< ClangPass::simplify-struct >===
17:02:51 INFO ===< ClangPass::replace-undefined-function >===
17:02:51 INFO ===< ClangPass::replace-array-index-var >===
17:02:51 INFO ===< ClangPass::replace-array-access-with-index >===
17:02:51 INFO ===< ClangPass::replace-dependent-name >===
17:02:51 INFO ===< ClangPass::simplify-recursive-template-instantiation >===
17:02:51 INFO ===< ClangPass::vector-to-array >===
17:02:51 INFO ===< ClangPass::remove-try-catch >===
17:02:51 INFO ===< ClangPass::class-to-struct >===
17:03:16 INFO ===< ClangPass::member-to-global >===
17:03:20 INFO ===< LinesPass::0 >===
17:04:27 INFO ===< LinesPass::1 >===
17:04:35 INFO ===< LinesPass::2 >===
17:04:35 INFO ===< LinesPass::3 >===
17:04:35 INFO ===< LinesPass::4 >===
17:04:35 INFO ===< LinesPass::6 >===
17:04:35 INFO ===< LinesPass::8 >===
17:04:35 INFO ===< LinesPass::10 >===
17:04:35 INFO ===< CommentsPass >===
17:04:35 INFO ===< SpecialPass::b >===
17:04:35 INFO ===< SpecialPass::c >===
17:04:35 INFO ===< IndentPass::regular >===
17:04:46 INFO ===< BalancedPass::parens-to-zero >===
18:16:29 INFO ===< ClexHintsPass::rm-toks-1-to-16 >===
18:54:29 INFO ===< ClexPass::rm-tok-pattern-4 >===
18:54:29 INFO ===< ClangPass::local-to-global >===
18:54:42 INFO ===< PeepPass::c >===
18:54:44 INFO ===< IntsPass::a >===
18:54:44 INFO cache hit for HIPProg.hip
18:54:44 INFO ===< IntsPass::b >===
18:54:44 INFO cache hit for HIPProg.hip
18:54:44 INFO ===< IntsPass::c >===
18:54:44 INFO cache hit for HIPProg.hip
18:54:44 INFO ===< IntsPass::d >===
18:54:44 INFO cache hit for HIPProg.hip
18:54:44 INFO ===< IntsPass::c >===
18:54:44 INFO cache hit for HIPProg.hip
18:54:44 INFO ===< BalancedPass::parens-only >===
18:54:44 INFO cache hit for HIPProg.hip
18:54:44 INFO ===< ClexPass::delete-string >===
18:54:44 INFO cache hit for HIPProg.hip
18:54:44 INFO Termination check: size was 5612; now 5612
18:54:44 INFO CLEANUP PASSES
18:54:44 INFO ===< ClexPass::define >===
18:54:46 INFO ===< ClangPass::combine-global-var >===
18:54:46 INFO ===< ClangPass::combine-local-var >===
18:54:47 INFO ===< ClangPass::simplify-struct-union-decl >===
18:54:47 INFO ===< ClangPass::move-global-var >===
18:54:47 INFO ===< ClangPass::unify-function-decl >===
18:54:47 INFO cache hit for HIPProg.hip
18:54:47 INFO ===< LinesPass::0 >===
18:54:47 INFO cache hit for HIPProg.hip
18:54:47 INFO ===< ClexPass::delete-string >===
18:54:49 INFO ===< BlankPass >===
18:54:49 INFO cache hit for HIPProg.hip
18:54:49 INFO ===< BlankPass >===
18:54:49 INFO ===================== done ====================
===< PASS statistics >===
  pass name                                                     bytes reduced time (s) time (%)   worked   failed  total executed
  LinesPass::2                                                          41072   377.03     0.55       17      998            1015
  BalancedPass::curly-inside                                            40302   346.88     0.51       26      241             267
  LinesPass::3                                                          39961   125.68     0.18       27       41              68
  TreeSitterPass::replace-function-def-with-decl                        34019    20.36     0.03        1       68              69
  BalancedPass::curly3                                                  16018   214.71     0.32       16       54              70
  TreeSitterPass::remove-function                                       15570    49.73     0.07        2      245             247
  CommentsPass                                                          10283    54.13     0.08        9      672             681
  LinesPass::6                                                           7220    83.67     0.12       11       20              31
  LinesPass::1                                                           5828  1857.10     2.73       30     4174            4204
  BalancedPass::curly2                                                   4142   655.94     0.96       12     1170            1182
  LinesPass::0                                                           2894   213.11     0.31       10      652             662
  LinesPass::None                                                        2811  1516.14     2.23       14     4074            4088
  LinesPass::4                                                           1501    86.54     0.13       17       36              53
  ClangHintsPass::remove-unused-function                                 1051     8.64     0.01        1        9              10
  BalancedPass::parens-to-zero                                            954   413.73     0.61       17     1725            1742
  ClexHintsPass::rm-toks-1-to-4                                           466  5275.15     7.75      105    15470           15575
  BlankPass                                                               183   102.47     0.15        9      193             202
  IntsPass::a                                                             143  1882.95     2.77      144      896            1040
  BalancedPass::square                                                     71   505.19     0.74       15     1313            1328
  BalancedPass::parens-only                                                56   353.79     0.52       28     1494            1522
  ClexHintsPass::rm-toks-5-to-8                                            55  4736.18     6.96        7    15485           15492
  ClexHintsPass::rm-toks-13-to-16                                          50  4613.50     6.78        1    15380           15381
  IntsPass::c                                                              41   629.17     0.92       31      171             202
  IntsPass::b                                                              20   122.20     0.18       10      118             128
  ClexHintsPass::rm-toks-9-to-12                                           20  4666.50     6.85        2    15437           15439
  IntsPass::d                                                               8   106.62     0.16        8       44              52
  BalancedPass::curly                                                       2   649.22     0.95        4     1243            1247
  RmUnusedFilesPass                                                         0     0.00     0.00        0        0               0
  InlineIncludesPass                                                        0     0.01     0.00        0        0               0
  SpecialPass::c                                                            0     0.02     0.00        0        0               0
  LineMarkersPass                                                           0     0.03     0.00        0        0               0
  SpecialPass::b                                                            0     0.04     0.00        0        0               0
  LinesPass::10                                                             0     0.04     0.00        0        0               0
  IndentPass::final                                                         0     0.05     0.00        0        1               1
  IncludeIncludesPass                                                       0     0.06     0.00        0       16              16
  ClangModuleMapPass                                                        0     0.08     0.00        0        0               0
  TernaryPass::c                                                            0     0.08     0.00        0        0               0
  ClangPass::unify-function-decl                                            0     0.08     0.00        0        4               4
  ClangPass::simplify-struct-union-decl                                     0     0.09     0.00        0        4               4
  MakefilePass                                                              0     0.09     0.00        0        0               0
  TreeSitterPass::erase-namespace                                           0     0.10     0.00        0        0               0
  TernaryPass::b                                                            0     0.10     0.00        0        0               0
  ClangPass::move-global-var                                                0     0.13     0.00        0        4               4
  IndentPass::regular                                                       0     0.14     0.00        0        4               4
  ClangPass::combine-local-var                                              0     0.17     0.00        0        4               4
  ClangPass::remove-addr-taken                                              0     0.18     0.00        0       16              16
  ClangPass::remove-try-catch                                               0     0.20     0.00        0       16              16
  ClangPass::vector-to-array                                                0     0.20     0.00        0       16              16
  ClangPass::simplify-recursive-template-instantiation                      0     0.20     0.00        0       16              16
  ClangPass::class-to-struct                                                0     0.21     0.00        0       16              16
  ClangPass::reduce-pointer-pairs                                           0     0.21     0.00        0       16              16
  ClangHintsPass::remove-unused-function (30 T)                             0     0.21     0.00        0        0               0
  ClangPass::aggregate-to-scalar                                            0     0.21     0.00        0       16              16
  ClangPass::simplify-struct                                                0     0.21     0.00        0       16              16
  ClangPass::replace-array-access-with-index                                0     0.21     0.00        0       16              16
  ClangPass::simple-inliner                                                 0     0.21     0.00        0       16              16
  ClangPass::replace-dependent-name                                         0     0.21     0.00        0       16              16
  ClangPass::union-to-struct                                                0     0.22     0.00        0       16              16
  ClangPass::remove-unresolved-base                                         0     0.22     0.00        0       16              16
  ClangPass::remove-base-class                                              0     0.22     0.00        0       16              16
  ClangPass::replace-undefined-function                                     0     0.22     0.00        0       16              16
  ClangPass::remove-pointer                                                 0     0.22     0.00        0       16              16
  ClangPass::simplify-dependent-typedef                                     0     0.22     0.00        0       16              16
  ClangPass::remove-trivial-base-template                                   0     0.22     0.00        0       16              16
  ClangHintsPass::replace-function-def-with-decl (30 T)                     0     0.22     0.00        0        1               1
  ClangPass::reduce-class-template-param                                    0     0.22     0.00        0       16              16
  ClangPass::copy-propagation                                               0     0.22     0.00        0       16              16
  ClangPass::remove-array                                                   0     0.22     0.00        0       16              16
  ClangPass::replace-derived-class                                          0     0.22     0.00        0       16              16
  ClangHintsPass::replace-dependent-typedef                                 0     0.23     0.00        0        0               0
  ClangPass::remove-ctor-initializer                                        0     0.23     0.00        0       16              16
  ClangPass::merge-base-class                                               0     0.23     0.00        0       16              16
  ClangPass::class-template-to-class                                        0     0.23     0.00        0       16              16
  ClangPass::replace-class-with-base-template-spec                          0     0.23     0.00        0       16              16
  ClangPass::simplify-comma-expr                                            0     0.23     0.00        0       16              16
  ClangPass::template-non-type-arg-to-int                                   0     0.23     0.00        0       16              16
  ClangPass::simplify-nested-class                                          0     0.23     0.00        0       16              16
  ClangPass::replace-array-index-var                                        0     0.23     0.00        0       16              16
  ClangPass::move-definition-to-declaration                                 0     0.24     0.00        0       16              16
  ClangPass::simplify-if                                                    0     0.24     0.00        0       16              16
  ClangPass::instantiate-template-type-param-to-int                         0     0.24     0.00        0       16              16
  ClangPass::instantiate-template-param                                     0     0.24     0.00        0       16              16
  ClangPass::remove-nested-function                                         0     0.24     0.00        0       16              16
  ClangPass::remove-namespace                                               0     0.24     0.00        0       16              16
  ClangPass::reduce-array-dim                                               0     0.24     0.00        0       16              16
  ClangPass::template-arg-to-int                                            0     0.25     0.00        0       16              16
  ClangPass::lift-assignment-expr                                           0     0.26     0.00        0       16              16
  ClangPass::reduce-array-size                                              0     0.26     0.00        0       16              16
  ClangPass::replace-simple-typedef                                         0     0.26     0.00        0       16              16
  ClangPass::remove-enum-member-value                                       0     0.27     0.00        0       20              20
  ClangPass::replace-one-level-typedef-type                                 0     0.27     0.00        0       16              16
  ClangPass::return-void                                                    0     0.29     0.00        0       16              16
  ClangPass::replace-callexpr                                               0     0.32     0.00        0       20              20
  ClangPass::param-to-global                                                0     0.37     0.00        0       16              16
  ClangPass::param-to-local                                                 0     0.37     0.00        0       16              16
  ClangPass::simplify-callexpr                                              0     0.47     0.00        0       20              20
  SpecialPass::a                                                            0     0.55     0.00        0        2               2
  ClangPass::local-to-global                                                0     0.74     0.00        0       32              32
  ClexPass::define                                                          0     0.82     0.00        0       12              12
  ClangIncludeGraphPass                                                     0     0.83     0.00        0        0               0
  IncludesPass                                                              0     0.88     0.00        0        4               4
  ClexPass::delete-string                                                   0     0.91     0.00        0       12              12
  ClangPass::empty-struct-to-int                                            0     1.33     0.00        0       16              16
  ClangPass::remove-unused-outer-class                                      0     1.38     0.00        0       16              16
  ClangBinarySearchPass::remove-unused-enum-member                          0     1.39     0.00        0        0               0
  ClangPass::combine-global-var                                             0     1.42     0.00        0        7               7
  ClangHintsPass::callexpr-to-value                                         0     1.79     0.00        0       56              56
  LinesPass::8                                                              0     4.87     0.01        1        0               1
  ClangHintsPass::replace-function-def-with-decl                            0     4.88     0.01        0       34              34
  ClangBinarySearchPass::remove-unused-var                                  0    17.05     0.03        0       90              90
  BalancedPass::angles-only                                                 0    29.20     0.04        0      105             105
  BalancedPass::angles                                                      0    30.61     0.04        0      106             106
  BalancedPass::angles-inside                                               0    33.09     0.05        0      105             105
  PeepPass::c                                                               0    42.52     0.06        0    22676           22676
  ClangPass::reduce-pointer-level                                           0    51.51     0.08        0      144             144
  ClangPass::remove-unused-field                                            0   124.58     0.18        0      344             344
  ClangPass::member-to-global                                               0   129.76     0.19        0      344             344
  BalancedPass::parens-inside                                               0   281.48     0.41        0     1465            1465
  BalancedPass::parens                                                      0   314.87     0.46        1     1660            1661
  BalancedPass::square-inside                                               0   400.75     0.59        0     1157            1157
  BalancedPass::square-only                                                 0   445.05     0.65        8     1212            1220
  BalancedPass::curly-only                                                  0   483.02     0.71        5     1086            1091
  ClexPass::rm-tok-pattern-4                                                0 10304.21    15.13        0    40872           40872
  ClexHintsPass::rm-toks-1-to-16                                            0 22902.04    33.64        0    81248           81248
  Folding (merging transformations from other passes)                  224376  1174.67     1.73      342       29             371

Runtime: 68089 seconds
Reduced test-cases:

--- HIPProg.hip ---
#include <hip/hip_runtime.h>
#include "HIPSmith.h"
#define transparent_crc(X, Y, Z) transparent_crc_(&crc64_context, X, , )
struct S0 {
   unsigned f2 ;
};
struct S1 {
   uint16_t  f1;
   int32_t  f6;
   int8_t  f7;
};
struct S2 {
    int16_t g_17;
    int8_t g_24;
    int8_t *g_32;
    S1 g_57;
    int16_t g_60;
    uint16_t g_66;
    S0 g_68[2];
    int8_t g_152;
    int8_t g_164;
    uint32_t g_168;
    int32_t *g_171;
    int16_t g_174;
    uint16_t g_176;
    uint8_t *g_180;
    uint8_t **g_179;
    int32_t g_188;
    uint16_t g_189;
    int64_t g_238;
    uint32_t g_268;
    int64_t g_304;
    int32_t g_305;
    int32_t g_306;
    uint32_t g_307;
    uint32_t g_340;
    int32_t g_385;
    int64_t g_386;
    uint8_t g_390;
    int32_t g_393;
    uint32_t g_425;
    int64_t *g_476;
    int64_t **g_475;
    uint8_t ***g_489;
    uint8_t ****g_488;
    uint8_t *****g_487;
    int8_t *g_558;
    int8_t g_568[4];
    S1 *g_589;
    S1 **g_588[7][2][6];
    uint8_t *g_613;
    S1 ***g_626;
    int64_t *g_684;
    S1 ****g_925;
    int32_t *g_998;
    int32_t **g_997;
    int32_t *g_1091;
    uint16_t *g_1097;
    uint16_t **g_1096;
    int32_t g_1242;
    S0 *g_1269;
    S0 **g_1268[1][10];
    int32_t g_1288;
    uint64_t g_1340;
    S1 g_1376;
    uint32_t *g_1433;
    uint8_t g_1480;
    int64_t ***g_1558;
    int64_t ****g_1557;
    int32_t g_1611;
    uint32_t g_1624;
    S0 ***g_1662;
    S0 ****g_1661;
    uint16_t *g_1772;
    uint8_t ***g_1835;
    int32_t g_1910;
    int64_t g_1936;
    int8_t **g_1956;
    int8_t g_1955;
    int16_t g_2080;
    uint64_t g_2082;
    int64_t *g_2145;
    int8_t g_2175;
    int8_t g_2174;
    int32_t g_2194;
    int32_t g_2196;
    S1 ****g_2245;
    uint64_t g_2535;
    S1 g_2592;
    uint32_t *g_2651[6][5][4];
    uint32_t **g_2650;
    uint8_t g_2670;
    int8_t g_2716;
};
__device__ uint8_t  func_4(uint16_t  , S0  , uint32_t  , int32_t  , int64_t  , S2 * );
__device__ uint64_t  func_10(uint16_t  , uint8_t  , int32_t  , S2 * );
__device__ int64_t  func_1(S2 * p_2846)
{ 
    int32_t l_14 = 0;
    S0 l_1678 {};
    uint32_t l_2601[2];
    int32_t l_2835[9][2][10] {};
    int i;
    for (i = 0; i < 2; i++)
        l_2601[i] = 9;
    if (func_4(func_10(l_14, 0, l_2601[1], p_2846) , l_1678, p_2846->g_305, l_2835[7][1][2], p_2846->g_568[1], p_2846)^ 1)
    return 0;
}
__device__ uint8_t  func_4(uint16_t  , S0  p_6, uint32_t  , int32_t  , int64_t  , S2 * )
{ 
    return p_6.f2;
}
__device__ uint64_t  func_10(uint16_t  p_11, uint8_t  , int32_t  p_13, S2 * p_2846)
{ 
    uint64_t *l_2604 = &p_2846->g_1340;    uint64_t *l_2617 = &p_2846->g_2082;
    *l_2617 |= *l_2604 = p_13 == 0 ^ -4;
    return p_11;
}
__global__ void hipsmith_kernel(uint64_t *results) {
    S2 c_2847;
    S2* p_2846 = &c_2847;
    S2 c_2848 {
        0, 
        2, 
        nullptr, 
        {}, 
        {}, 
        1, 
        {}, 
        0, 
        0, 
        0, 
        &p_2846->g_57.f6, 
        {}, 
        5, 
        nullptr, 
        &p_2846->g_180, 
        {}, 
        0, 
        0, 
        0, 
        7, 
        8, 
        4, 
        9, 
        5, 
        0, 
        0, 
        8, 
        {}, 
        2, 
        nullptr, 
        &p_2846->g_476, 
        &p_2846->g_179, 
        &p_2846->g_489, 
        &p_2846->g_488, 
        &p_2846->g_57.f7, 
        {}, 
        &p_2846->g_57, 
        {}, 
        nullptr, 
        &p_2846->g_588[1][1][0], 
        &p_2846->g_304, 
        &p_2846->g_626, 
        nullptr, 
        &p_2846->g_998, 
        nullptr, 
        &p_2846->g_57.f1, 
        &p_2846->g_1097, 
        0, 
        nullptr, 
        {}, 
        1, 
        4073709551615, 
        {}, 
        &p_2846->g_307, 
        3, 
        &p_2846->g_475, 
        &p_2846->g_1558, 
        7, 
        4, 
        &p_2846->g_1268[0][6], 
        &p_2846->g_1662, 
        nullptr, 
        &p_2846->g_179, 
        0, 
        0, 
        &p_2846->g_558, 
        {}, 
        0, 
        5, 
        nullptr, 
        {}, 
        {}, 
        {}, 
        2, 
        &p_2846->g_626, 
        9, 
        {}, 
        {}, 
        &p_2846->g_2651[5][0][0], 
        {}, 
        1};
    c_2847 = c_2848;
    func_1(p_2846);
    uint64_t crc64_context = 0xFFFFFFFFFFFFFFFFUL;
    transparent_crc(p_2846->g_2082, , );
    int tid = threadIdx.x + blockIdx.x * blockDim.x;
    results[tid] = (crc64_context ^ 0xFFFFFFFFFFFFFFFFUL);
}
// ------------------------------------------------------------------
// Host Main
// ------------------------------------------------------------------
int main(int argc, const char* argv[]) {
    // Config
    const unsigned int num_threads = 4;
    const unsigned int block_size = 4;
    // Host Alloc
    std::vector<uint64_t> h_results(num_threads);
    const size_t results_bytes = sizeof(uint64_t) * h_results.size();
    // Device Alloc
    uint64_t *d_results;
    HIP_CHECK(hipMalloc((void**)&d_results, results_bytes));
    HIP_CHECK(hipMemset(d_results, 0, results_bytes));
    // Dimensions
    const dim3 block_dim(block_size);
    const dim3 grid_dim((num_threads + block_size - 1) / block_size);
    // Launch
    hipLaunchKernelGGL(hipsmith_kernel, grid_dim, block_dim, 0, 0, d_results);
    HIP_CHECK(hipGetLastError());
    HIP_CHECK(hipDeviceSynchronize());
    // Copy Back
    HIP_CHECK(hipMemcpy(h_results.data(), d_results, results_bytes, hipMemcpyDeviceToHost));
    // Free
    HIP_CHECK(hipFree(d_results));
    // Output
    for (size_t i = 0; i < h_results.size(); ++i) {
        printf("Thread %zu CRC: %lu\n", i, h_results[i]);
    }
    return 0;
}

