
=========================================
[!] FATAL PYTHON EXCEPTION IN REDUCTION:
Traceback (most recent call last):
  File "/homes/eb522/imperial/fyp/hipfuzz/find_and_reduce.py", line 228, in run_reduction_task
    generate_interestingness_test(abs_work_dir, good_flag, bad_flag)
  File "/homes/eb522/imperial/fyp/hipfuzz/find_and_reduce.py", line 183, in generate_interestingness_test
    with open(template_path, "r", encoding="utf-8") as f:
         ^^^^^^^^^^^^^^^^^^^^^^^^^^^^^^^^^^^^^^^^^^
FileNotFoundError: [Errno 2] No such file or directory: '/homes/eb522/imperial/fyp/hipfuzz/reductions/job_66510_1771416172929_mismatch_66510/interestingness/template_interesting.py'
=========================================
Traceback (most recent call last):
  File "/homes/eb522/.local/bin/cvise", line 28, in <module>
    from cvise.cvise import CVise  # noqa: E402
    ^^^^^^^^^^^^^^^^^^^^^^^^^^^^^
  File "/homes/eb522/.local/share/cvise/cvise.py", line 7, in <module>
    from cvise.passes.abstract import AbstractPass
  File "/homes/eb522/.local/share/cvise/passes/abstract.py", line 12, in <module>
    from cvise.utils.process import ProcessEventNotifier
  File "/homes/eb522/.local/share/cvise/utils/process.py", line 21, in <module>
    import pebble
ModuleNotFoundError: No module named 'pebble'
00:00:02 ERROR Prereqs not found for pass UnIfDefPass
00:00:02 ERROR Prereqs not found for pass IfPass
00:00:02 ERROR Prereqs not found for pass UnIfDefPass
00:00:11 INFO ===< 3298071 >===
00:00:11 INFO running 4 interestingness tests in parallel
00:00:11 INFO (0.0%, 7138 bytes, 244 lines)
00:00:11 INFO INITIAL PASSES (interleaving)
00:00:11 INFO ===<  >===
00:09:47 INFO Exiting now ...
00:00:01 ERROR Prereqs not found for pass UnIfDefPass
00:00:01 ERROR Prereqs not found for pass IfPass
00:00:01 ERROR Prereqs not found for pass UnIfDefPass
00:00:10 INFO ===< 3400730 >===
00:00:10 INFO running 4 interestingness tests in parallel
00:00:10 INFO (0.0%, 7138 bytes, 244 lines)
00:00:10 INFO INITIAL PASSES (interleaving)
00:00:10 INFO ===<  >===
00:00:45 INFO Exiting now ...
00:00:02 ERROR Prereqs not found for pass UnIfDefPass
00:00:02 ERROR Prereqs not found for pass IfPass
00:00:02 ERROR Prereqs not found for pass UnIfDefPass
C-Vise cannot run because the interestingness test does not return
zero.
===< STDOUT >===
[*] Created temporary sandbox: /tmp/cvise-978uelsw/sanity/overridetmpgpz_z0ps/tmpxmbrdwhe
[*] PHASE 0: Checking strict line-by-line driver integrity...
[*] PHASE 1: Fast GPU Syntax & Run Check
[*]   -> Testing Bug (-O1)...

===< STDERR >===
Traceback (most recent call last):
  File "/homes/eb522/imperial/fyp/hipfuzz/reductions/job_66510_1771416172929_mismatch_66510/interestingness/interesting.py", line 288, in <module>
    main()
  File "/homes/eb522/imperial/fyp/hipfuzz/reductions/job_66510_1771416172929_mismatch_66510/interestingness/interesting.py", line 197, in main
    success, reason, r_bug = compile_and_run(f"Bug {BUG_FLAG}", CMD_BASE + [BUG_FLAG, "-o", TEST_BIN_BUG], TEST_BIN_BUG)
                             ^^^^^^^^^^^^^^^^^^^^^^^^^^^^^^^^^^^^^^^^^^^^^^^^^^^^^^^^^^^^^^^^^^^^^^^^^^^^^^^^^^^^^^^^^^^
  File "/homes/eb522/imperial/fyp/hipfuzz/reductions/job_66510_1771416172929_mismatch_66510/interestingness/interesting.py", line 90, in compile_and_run
    c_res = run_cmd(compile_cmd, timeout=COMPILE_TIMEOUT)
            ^^^^^^^^^^^^^^^^^^^^^^^^^^^^^^^^^^^^^^^^^^^^^
  File "/homes/eb522/imperial/fyp/hipfuzz/reductions/job_66510_1771416172929_mismatch_66510/interestingness/interesting.py", line 86, in run_cmd
    return subprocess.run(cmd, capture_output=True, text=True, timeout=timeout, env=env)
           ^^^^^^^^^^^^^^^^^^^^^^^^^^^^^^^^^^^^^^^^^^^^^^^^^^^^^^^^^^^^^^^^^^^^^^^^^^^^^
  File "/usr/lib/python3.12/subprocess.py", line 550, in run
    stdout, stderr = process.communicate(input, timeout=timeout)
                     ^^^^^^^^^^^^^^^^^^^^^^^^^^^^^^^^^^^^^^^^^^^
  File "/usr/lib/python3.12/subprocess.py", line 1209, in communicate
    stdout, stderr = self._communicate(input, endtime, timeout)
                     ^^^^^^^^^^^^^^^^^^^^^^^^^^^^^^^^^^^^^^^^^^
  File "/usr/lib/python3.12/subprocess.py", line 2115, in _communicate
    ready = selector.select(timeout)
            ^^^^^^^^^^^^^^^^^^^^^^^^
  File "/usr/lib/python3.12/selectors.py", line 415, in select
    fd_event_list = self._selector.poll(timeout)
                    ^^^^^^^^^^^^^^^^^^^^^^^^^^^^
KeyboardInterrupt


Please ensure that the interestingness test works from an arbitrary temporary
directory containing only the files that are being reduced. In other
words, running these commands:

  DIR=`mktemp -d`
  cp HIPProg.hip $DIR
  cd $DIR
  /homes/eb522/imperial/fyp/hipfuzz/reductions/job_66510_1771416172929_mismatch_66510/interestingness/interesting.py
  echo $?

should result in '0' being echoed to the terminal.
Please ensure that the test script takes no arguments; it should be hard-coded to refer
to the same file that is passed as an argument to C-Vise.

See 'cvise-cli.py --help' for more information.
00:00:01 ERROR Prereqs not found for pass UnIfDefPass
00:00:01 ERROR Prereqs not found for pass IfPass
00:00:01 ERROR Prereqs not found for pass UnIfDefPass
00:00:09 INFO ===< 3411128 >===
00:00:09 INFO running 4 interestingness tests in parallel
00:00:09 INFO (0.0%, 7138 bytes, 244 lines)
00:00:09 INFO INITIAL PASSES (interleaving)
00:00:09 INFO ===<  >===
00:00:30 INFO Exiting now ...
00:00:01 ERROR Prereqs not found for pass UnIfDefPass
00:00:01 ERROR Prereqs not found for pass IfPass
00:00:01 ERROR Prereqs not found for pass UnIfDefPass
C-Vise cannot run because the interestingness test does not return
zero.
===< STDOUT >===
[*] Created temporary sandbox: /tmp/cvise-wufz8e0b/sanity/overridetmpj3qszvns/tmp_iniqwqc
[*] PHASE 0: Checking strict line-by-line driver integrity...
[*] PHASE 1: Fast GPU Syntax & Run Check
[*]   -> Testing Bug (-O1)...
[*]   -> Testing Ref (-O0)...

===< STDERR >===
Traceback (most recent call last):
  File "/homes/eb522/imperial/fyp/hipfuzz/reductions/job_66510_1771416172929_mismatch_66510/interestingness/interesting.py", line 288, in <module>
    main()
  File "/homes/eb522/imperial/fyp/hipfuzz/reductions/job_66510_1771416172929_mismatch_66510/interestingness/interesting.py", line 204, in main
    success, reason, r_ref = compile_and_run(f"Ref {REF_FLAG}", CMD_BASE + [REF_FLAG, "-o", TEST_BIN_REF], TEST_BIN_REF)
                             ^^^^^^^^^^^^^^^^^^^^^^^^^^^^^^^^^^^^^^^^^^^^^^^^^^^^^^^^^^^^^^^^^^^^^^^^^^^^^^^^^^^^^^^^^^^
  File "/homes/eb522/imperial/fyp/hipfuzz/reductions/job_66510_1771416172929_mismatch_66510/interestingness/interesting.py", line 90, in compile_and_run
    c_res = run_cmd(compile_cmd, timeout=COMPILE_TIMEOUT)
            ^^^^^^^^^^^^^^^^^^^^^^^^^^^^^^^^^^^^^^^^^^^^^
  File "/homes/eb522/imperial/fyp/hipfuzz/reductions/job_66510_1771416172929_mismatch_66510/interestingness/interesting.py", line 86, in run_cmd
    return subprocess.run(cmd, capture_output=True, text=True, timeout=timeout, env=env)
           ^^^^^^^^^^^^^^^^^^^^^^^^^^^^^^^^^^^^^^^^^^^^^^^^^^^^^^^^^^^^^^^^^^^^^^^^^^^^^
  File "/usr/lib/python3.12/subprocess.py", line 550, in run
    stdout, stderr = process.communicate(input, timeout=timeout)
                     ^^^^^^^^^^^^^^^^^^^^^^^^^^^^^^^^^^^^^^^^^^^
  File "/usr/lib/python3.12/subprocess.py", line 1209, in communicate
    stdout, stderr = self._communicate(input, endtime, timeout)
                     ^^^^^^^^^^^^^^^^^^^^^^^^^^^^^^^^^^^^^^^^^^
  File "/usr/lib/python3.12/subprocess.py", line 2115, in _communicate
    ready = selector.select(timeout)
            ^^^^^^^^^^^^^^^^^^^^^^^^
  File "/usr/lib/python3.12/selectors.py", line 415, in select
    fd_event_list = self._selector.poll(timeout)
                    ^^^^^^^^^^^^^^^^^^^^^^^^^^^^
KeyboardInterrupt


Please ensure that the interestingness test works from an arbitrary temporary
directory containing only the files that are being reduced. In other
words, running these commands:

  DIR=`mktemp -d`
  cp HIPProg.hip $DIR
  cd $DIR
  /homes/eb522/imperial/fyp/hipfuzz/reductions/job_66510_1771416172929_mismatch_66510/interestingness/interesting.py
  echo $?

should result in '0' being echoed to the terminal.
Please ensure that the test script takes no arguments; it should be hard-coded to refer
to the same file that is passed as an argument to C-Vise.

See 'cvise-cli.py --help' for more information.
00:00:01 ERROR Prereqs not found for pass UnIfDefPass
00:00:01 ERROR Prereqs not found for pass IfPass
00:00:01 ERROR Prereqs not found for pass UnIfDefPass
00:00:10 INFO ===< 3416237 >===
00:00:10 INFO running 4 interestingness tests in parallel
00:00:10 INFO (0.0%, 7138 bytes, 244 lines)
00:00:10 INFO INITIAL PASSES (interleaving)
00:00:10 INFO ===<  >===
00:00:18 INFO Exiting now ...
00:00:01 ERROR Prereqs not found for pass UnIfDefPass
00:00:01 ERROR Prereqs not found for pass IfPass
00:00:01 ERROR Prereqs not found for pass UnIfDefPass
C-Vise cannot run because the interestingness test does not return
zero.
===< STDOUT >===
[*] Created temporary sandbox: /tmp/cvise-whjur4pu/sanity/overridetmpkvi9ma3z/tmp2k_xjh_e
[*] PHASE 0: Checking strict line-by-line driver integrity...
[*] PHASE 1: Fast GPU Syntax & Run Check
[*]   -> Testing Bug (-O1)...
[*]   -> Testing Ref (-O0)...

===< STDERR >===
Traceback (most recent call last):
  File "/homes/eb522/imperial/fyp/hipfuzz/reductions/job_66510_1771416172929_mismatch_66510/interestingness/interesting.py", line 288, in <module>
    main()
  File "/homes/eb522/imperial/fyp/hipfuzz/reductions/job_66510_1771416172929_mismatch_66510/interestingness/interesting.py", line 204, in main
    success, reason, r_ref = compile_and_run(f"Ref {REF_FLAG}", CMD_BASE + [REF_FLAG, "-o", TEST_BIN_REF], TEST_BIN_REF)
                             ^^^^^^^^^^^^^^^^^^^^^^^^^^^^^^^^^^^^^^^^^^^^^^^^^^^^^^^^^^^^^^^^^^^^^^^^^^^^^^^^^^^^^^^^^^^
  File "/homes/eb522/imperial/fyp/hipfuzz/reductions/job_66510_1771416172929_mismatch_66510/interestingness/interesting.py", line 90, in compile_and_run
    c_res = run_cmd(compile_cmd, timeout=COMPILE_TIMEOUT)
            ^^^^^^^^^^^^^^^^^^^^^^^^^^^^^^^^^^^^^^^^^^^^^
  File "/homes/eb522/imperial/fyp/hipfuzz/reductions/job_66510_1771416172929_mismatch_66510/interestingness/interesting.py", line 86, in run_cmd
    return subprocess.run(cmd, capture_output=True, text=True, timeout=timeout, env=env)
           ^^^^^^^^^^^^^^^^^^^^^^^^^^^^^^^^^^^^^^^^^^^^^^^^^^^^^^^^^^^^^^^^^^^^^^^^^^^^^
  File "/usr/lib/python3.12/subprocess.py", line 550, in run
    stdout, stderr = process.communicate(input, timeout=timeout)
                     ^^^^^^^^^^^^^^^^^^^^^^^^^^^^^^^^^^^^^^^^^^^
  File "/usr/lib/python3.12/subprocess.py", line 1209, in communicate
    stdout, stderr = self._communicate(input, endtime, timeout)
                     ^^^^^^^^^^^^^^^^^^^^^^^^^^^^^^^^^^^^^^^^^^
  File "/usr/lib/python3.12/subprocess.py", line 2115, in _communicate
    ready = selector.select(timeout)
            ^^^^^^^^^^^^^^^^^^^^^^^^
  File "/usr/lib/python3.12/selectors.py", line 415, in select
    fd_event_list = self._selector.poll(timeout)
                    ^^^^^^^^^^^^^^^^^^^^^^^^^^^^
KeyboardInterrupt


Please ensure that the interestingness test works from an arbitrary temporary
directory containing only the files that are being reduced. In other
words, running these commands:

  DIR=`mktemp -d`
  cp HIPProg.hip $DIR
  cd $DIR
  /homes/eb522/imperial/fyp/hipfuzz/reductions/job_66510_1771416172929_mismatch_66510/interestingness/interesting.py
  echo $?

should result in '0' being echoed to the terminal.
Please ensure that the test script takes no arguments; it should be hard-coded to refer
to the same file that is passed as an argument to C-Vise.

See 'cvise-cli.py --help' for more information.
00:00:01 ERROR Prereqs not found for pass UnIfDefPass
00:00:01 ERROR Prereqs not found for pass IfPass
00:00:01 ERROR Prereqs not found for pass UnIfDefPass
00:00:10 INFO ===< 3431564 >===
00:00:10 INFO running 4 interestingness tests in parallel
00:00:10 INFO (0.0%, 7138 bytes, 244 lines)
00:00:10 INFO INITIAL PASSES (interleaving)
00:00:10 INFO ===<  >===
00:09:01 INFO Exiting now ...

=========================================
[!] FATAL PYTHON EXCEPTION IN REDUCTION:
Traceback (most recent call last):
  File "/homes/eb522/imperial/fyp/hipfuzz/find_and_reduce.py", line 237, in run_reduction_task
    generate_interestingness_test(abs_work_dir, good_flag, bad_flag)
  File "/homes/eb522/imperial/fyp/hipfuzz/find_and_reduce.py", line 183, in generate_interestingness_test
    content = template_content.format(
              ^^^^^^^^^^^^^^^^^^^^^^^^
KeyError: '\n    "asan"'
=========================================

=========================================
[!] FATAL PYTHON EXCEPTION IN REDUCTION:
Traceback (most recent call last):
  File "/homes/eb522/imperial/fyp/hipfuzz/find_and_reduce.py", line 237, in run_reduction_task
    generate_interestingness_test(abs_work_dir, good_flag, bad_flag)
  File "/homes/eb522/imperial/fyp/hipfuzz/find_and_reduce.py", line 183, in generate_interestingness_test
    content = template_content.format(
              ^^^^^^^^^^^^^^^^^^^^^^^^
KeyError: 'bin_path'
=========================================
00:00:02 ERROR Prereqs not found for pass UnIfDefPass
00:00:02 ERROR Prereqs not found for pass IfPass
00:00:02 ERROR Prereqs not found for pass UnIfDefPass
00:00:12 INFO ===< 2811482 >===
00:00:12 INFO running 4 interestingness tests in parallel
00:00:12 INFO (0.0%, 7138 bytes, 244 lines)
00:00:12 INFO INITIAL PASSES (interleaving)
00:00:12 INFO ===<  >===
00:02:33 INFO (0.0%, 7137 bytes, 244 lines, via BlankPass)
02:33:42 INFO INITIAL PASSES
02:33:42 ERROR Skipping pass UnIfDefPass
02:33:42 ERROR Skipping pass IfPass
02:33:42 INFO ===< BalancedPass::angles, BalancedPass::angles-inside, BalancedPass::angles-only, BalancedPass::curly, BalancedPass::curly-inside, BalancedPass::curly-only, BalancedPass::curly2, BalancedPass::curly3, BalancedPass::parens, BalancedPass::parens-inside, BalancedPass::parens-only, BalancedPass::parens-to-zero, BalancedPass::square, BalancedPass::square-inside, BalancedPass::square-only, BlankPass, ClangHintsPass::callexpr-to-value, ClangHintsPass::remove-unused-function, ClangHintsPass::replace-dependent-typedef, ClangHintsPass::replace-function-def-with-decl, ClangIncludeGraphPass, ClangModuleMapPass, ClexHintsPass::rm-toks-1-to-4, ClexHintsPass::rm-toks-13-to-16, ClexHintsPass::rm-toks-5-to-8, ClexHintsPass::rm-toks-9-to-12, CommentsPass, InlineIncludesPass, LineMarkersPass, LinesPass::0, LinesPass::1, LinesPass::10, LinesPass::2, LinesPass::3, LinesPass::4, LinesPass::6, LinesPass::8, LinesPass::None, MakefilePass, RmUnusedFilesPass, TreeSitterPass::erase-namespace, TreeSitterPass::remove-function, TreeSitterPass::replace-function-def-with-decl >===
02:33:44 INFO ===< IncludesPass >===
02:33:44 INFO ===< CommentsPass >===
02:33:44 INFO ===< LineMarkersPass >===
02:33:47 INFO ===< BlankPass >===
02:33:47 INFO ===< ClangHintsPass::replace-function-def-with-decl (30 T) >===
02:33:49 INFO ===< ClangHintsPass::remove-unused-function (30 T) >===
02:33:49 INFO cache hit for HIPProg.hip
02:33:49 INFO ===< ClangHintsPass::replace-function-def-with-decl (30 T) >===
02:33:49 INFO cache hit for HIPProg.hip
02:33:49 INFO ===< ClangHintsPass::remove-unused-function (30 T) >===
02:33:49 INFO ===< ClangHintsPass::replace-function-def-with-decl >===
02:33:50 INFO ===< ClangHintsPass::remove-unused-function >===
02:34:01 INFO ===< LinesPass::0 >===
02:35:24 INFO ===< LinesPass::1 >===
02:35:29 INFO ===< LinesPass::2 >===
02:35:29 INFO ===< LinesPass::3 >===
02:35:29 INFO ===< LinesPass::4 >===
02:35:29 INFO ===< LinesPass::6 >===
02:35:29 INFO ===< LinesPass::8 >===
02:35:29 INFO ===< LinesPass::10 >===
02:35:29 INFO cache hit for HIPProg.hip
02:35:29 INFO ===< ClangHintsPass::replace-function-def-with-decl >===
02:35:29 INFO cache hit for HIPProg.hip
02:35:29 INFO ===< ClangHintsPass::remove-unused-function >===
02:35:29 INFO cache hit for HIPProg.hip
02:35:29 INFO ===< ClangHintsPass::remove-unused-function >===
02:35:40 INFO ===< BalancedPass::curly >===
02:35:53 INFO ===< BalancedPass::curly2 >===
02:35:53 INFO ===< BalancedPass::curly3 >===
02:36:07 INFO ===< BalancedPass::parens-to-zero >===
02:36:09 INFO ===< ClangHintsPass::callexpr-to-value >===
02:36:09 INFO ===< ClangPass::replace-callexpr >===
02:36:10 INFO ===< ClangPass::simplify-callexpr >===
02:36:09 INFO using C++ standard: c++2b with 0 transformation opportunities
02:36:10 INFO ===< ClangBinarySearchPass::remove-unused-enum-member >===
02:36:10 INFO ===< ClangPass::remove-enum-member-value >===
02:36:09 INFO using C++ standard: c++2b with 8 transformation opportunities
02:36:15 INFO ===< ClangBinarySearchPass::remove-unused-var >===
02:36:16 INFO ===< SpecialPass::a >===
02:36:16 INFO ===< SpecialPass::b >===
02:36:16 INFO INTERLEAVING PASSES
02:36:16 INFO ===< SpecialPass::c >===
05:09:06 INFO Termination check: size was 7137; now 7137
05:09:06 INFO MAIN PASSES
05:09:06 ERROR Skipping pass UnIfDefPass
05:09:06 INFO ===< BalancedPass::angles, BalancedPass::angles-inside, BalancedPass::angles-only, BalancedPass::curly, BalancedPass::curly-inside, BalancedPass::curly-only, BalancedPass::curly2, BalancedPass::curly3, BalancedPass::parens, BalancedPass::parens-inside, BalancedPass::parens-only, BalancedPass::parens-to-zero, BalancedPass::square, BalancedPass::square-inside, BalancedPass::square-only, BlankPass, ClangHintsPass::callexpr-to-value, ClangHintsPass::remove-unused-function, ClangHintsPass::replace-dependent-typedef, ClangHintsPass::replace-function-def-with-decl, ClangIncludeGraphPass, ClangModuleMapPass, ClexHintsPass::rm-toks-1-to-4, ClexHintsPass::rm-toks-13-to-16, ClexHintsPass::rm-toks-5-to-8, ClexHintsPass::rm-toks-9-to-12, CommentsPass, InlineIncludesPass, LineMarkersPass, LinesPass::0, LinesPass::1, LinesPass::10, LinesPass::2, LinesPass::3, LinesPass::4, LinesPass::6, LinesPass::8, LinesPass::None, MakefilePass, RmUnusedFilesPass, TreeSitterPass::erase-namespace, TreeSitterPass::remove-function, TreeSitterPass::replace-function-def-with-decl >===
05:09:06 INFO ===< IncludeIncludesPass >===
05:09:06 INFO ===< TernaryPass::b >===
05:09:06 INFO ===< TernaryPass::c >===
05:09:06 INFO cache hit for HIPProg.hip
05:09:06 INFO ===< BalancedPass::curly >===
05:09:06 INFO cache hit for HIPProg.hip
05:09:06 INFO ===< BalancedPass::curly2 >===
05:09:06 INFO cache hit for HIPProg.hip
05:09:06 INFO ===< BalancedPass::curly3 >===
05:09:24 INFO ===< BalancedPass::parens >===
05:09:25 INFO ===< BalancedPass::angles >===
05:09:54 INFO ===< BalancedPass::square >===
05:10:14 INFO ===< BalancedPass::curly-inside >===
05:10:26 INFO ===< BalancedPass::parens-inside >===
05:10:27 INFO ===< BalancedPass::angles-inside >===
05:10:55 INFO ===< BalancedPass::square-inside >===
05:11:08 INFO ===< BalancedPass::curly-only >===
05:11:10 INFO ===< BalancedPass::angles-only >===
05:11:39 INFO ===< BalancedPass::square-only >===
05:11:39 INFO ===< ClangPass::remove-namespace >===
05:11:39 INFO ===< ClangPass::aggregate-to-scalar >===
05:11:39 INFO ===< ClangPass::param-to-global >===
05:11:40 INFO ===< ClangPass::param-to-local >===
05:11:40 INFO ===< ClangPass::remove-nested-function >===
05:11:42 INFO ===< ClangPass::union-to-struct >===
05:11:43 INFO ===< ClangPass::return-void >===
05:11:43 INFO ===< ClangPass::simple-inliner >===
05:12:02 INFO ===< ClangPass::reduce-pointer-level >===
05:12:02 INFO ===< ClangPass::lift-assignment-expr >===
05:12:02 INFO ===< ClangPass::copy-propagation >===
05:12:02 INFO cache hit for HIPProg.hip
05:12:02 INFO ===< ClangHintsPass::callexpr-to-value >===
05:12:02 INFO cache hit for HIPProg.hip
05:12:02 INFO ===< ClangPass::replace-callexpr >===
05:12:02 INFO cache hit for HIPProg.hip
05:12:02 INFO ===< ClangPass::simplify-callexpr >===
05:12:02 INFO cache hit for HIPProg.hip
05:12:02 INFO ===< ClangHintsPass::remove-unused-function >===
05:12:02 INFO cache hit for HIPProg.hip
05:12:02 INFO ===< ClangBinarySearchPass::remove-unused-enum-member >===
05:12:02 INFO cache hit for HIPProg.hip
05:12:02 INFO ===< ClangPass::remove-enum-member-value >===
05:12:02 INFO cache hit for HIPProg.hip
05:12:02 INFO ===< ClangBinarySearchPass::remove-unused-var >===
05:12:02 INFO ===< ClangPass::simplify-if >===
05:12:03 INFO ===< ClangPass::reduce-array-dim >===
05:12:03 INFO ===< ClangPass::reduce-array-size >===
05:12:03 INFO ===< ClangPass::move-definition-to-declaration >===
05:12:03 INFO ===< ClangPass::simplify-comma-expr >===
05:12:03 INFO ===< ClangPass::simplify-dependent-typedef >===
05:12:03 INFO ===< ClangPass::replace-simple-typedef >===
05:12:03 INFO ===< ClangHintsPass::replace-dependent-typedef >===
05:12:03 INFO ===< ClangPass::replace-one-level-typedef-type >===
05:12:33 INFO ===< ClangPass::remove-unused-field >===
05:12:33 INFO ===< ClangPass::instantiate-template-type-param-to-int >===
05:12:33 INFO ===< ClangPass::instantiate-template-param >===
05:12:33 INFO ===< ClangPass::template-arg-to-int >===
05:12:33 INFO ===< ClangPass::template-non-type-arg-to-int >===
05:12:33 INFO ===< ClangPass::reduce-class-template-param >===
05:12:33 INFO ===< ClangPass::remove-trivial-base-template >===
05:12:33 INFO ===< ClangPass::class-template-to-class >===
05:12:33 INFO ===< ClangPass::merge-base-class >===
05:12:33 INFO ===< ClangPass::remove-base-class >===
05:12:33 INFO ===< ClangPass::replace-derived-class >===
05:12:33 INFO ===< ClangPass::remove-unresolved-base >===
05:12:33 INFO ===< ClangPass::remove-ctor-initializer >===
05:12:33 INFO ===< ClangPass::replace-class-with-base-template-spec >===
05:12:34 INFO ===< ClangPass::simplify-nested-class >===
05:12:34 INFO ===< ClangPass::remove-unused-outer-class >===
05:12:36 INFO ===< ClangPass::empty-struct-to-int >===
05:12:37 INFO ===< ClangPass::remove-pointer >===
05:12:37 INFO ===< ClangPass::reduce-pointer-pairs >===
05:12:37 INFO ===< ClangPass::remove-array >===
05:12:37 INFO ===< ClangPass::remove-addr-taken >===
05:12:37 INFO ===< ClangPass::simplify-struct >===
05:12:37 INFO ===< ClangPass::replace-undefined-function >===
05:12:37 INFO ===< ClangPass::replace-array-index-var >===
05:12:38 INFO ===< ClangPass::replace-array-access-with-index >===
05:12:38 INFO ===< ClangPass::replace-dependent-name >===
05:12:38 INFO ===< ClangPass::simplify-recursive-template-instantiation >===
05:12:38 INFO ===< ClangPass::vector-to-array >===
05:12:38 INFO ===< ClangPass::remove-try-catch >===
05:12:38 INFO ===< ClangPass::class-to-struct >===
05:13:12 INFO ===< ClangPass::member-to-global >===
05:13:12 INFO cache hit for HIPProg.hip
05:13:12 INFO ===< LinesPass::0 >===
05:13:12 INFO cache hit for HIPProg.hip
05:13:12 INFO ===< LinesPass::1 >===
05:13:12 INFO cache hit for HIPProg.hip
05:13:12 INFO ===< LinesPass::2 >===
05:13:12 INFO cache hit for HIPProg.hip
05:13:12 INFO ===< LinesPass::3 >===
05:13:12 INFO cache hit for HIPProg.hip
05:13:12 INFO ===< LinesPass::4 >===
05:13:12 INFO cache hit for HIPProg.hip
05:13:12 INFO ===< LinesPass::6 >===
05:13:12 INFO cache hit for HIPProg.hip
05:13:12 INFO ===< LinesPass::8 >===
05:13:12 INFO cache hit for HIPProg.hip
05:13:12 INFO ===< LinesPass::10 >===
05:13:12 INFO cache hit for HIPProg.hip
05:13:12 INFO ===< CommentsPass >===
05:13:12 INFO cache hit for HIPProg.hip
05:13:12 INFO ===< SpecialPass::b >===
05:13:12 INFO cache hit for HIPProg.hip
05:13:12 INFO ===< SpecialPass::c >===
05:13:12 INFO ===< IndentPass::regular >===
05:13:12 INFO cache hit for HIPProg.hip
05:13:12 INFO ===< BalancedPass::parens-to-zero >===
07:40:55 INFO ===< ClexHintsPass::rm-toks-1-to-16 >===
08:55:40 INFO ===< ClexPass::rm-tok-pattern-4 >===
08:55:44 INFO ===< ClangPass::local-to-global >===
08:56:16 INFO ===< PeepPass::c >===
08:56:33 INFO (0.0%, 7136 bytes, 244 lines)
08:56:51 INFO (0.0%, 7135 bytes, 244 lines)
08:57:08 INFO (0.1%, 7134 bytes, 244 lines)
08:57:25 INFO (0.1%, 7133 bytes, 244 lines)
08:57:43 INFO (0.1%, 7132 bytes, 244 lines)
08:58:00 INFO (0.1%, 7131 bytes, 244 lines)
08:58:18 INFO (0.1%, 7130 bytes, 244 lines)
08:58:32 INFO (0.1%, 7129 bytes, 244 lines)
08:58:50 INFO (0.1%, 7128 bytes, 244 lines)
08:59:07 INFO (0.2%, 7127 bytes, 244 lines)
08:59:25 INFO (0.2%, 7126 bytes, 244 lines)
08:59:43 INFO (0.2%, 7125 bytes, 244 lines)
09:00:00 INFO (0.2%, 7124 bytes, 244 lines)
09:00:14 INFO (0.2%, 7123 bytes, 244 lines)
09:00:29 INFO (0.2%, 7122 bytes, 244 lines)
09:00:47 INFO (0.2%, 7121 bytes, 244 lines)
09:01:04 INFO (0.3%, 7120 bytes, 244 lines)
09:01:23 INFO (0.3%, 7119 bytes, 244 lines)
09:01:41 INFO (0.3%, 7118 bytes, 244 lines)
09:01:57 INFO (0.3%, 7117 bytes, 244 lines)
09:02:15 INFO (0.3%, 7116 bytes, 244 lines)
09:02:32 INFO (0.3%, 7115 bytes, 244 lines)
09:02:50 INFO (0.3%, 7114 bytes, 244 lines)
09:03:09 INFO (0.4%, 7113 bytes, 244 lines)
09:03:23 INFO (0.4%, 7112 bytes, 244 lines)
09:03:41 INFO (0.4%, 7111 bytes, 244 lines)
09:03:58 INFO (0.4%, 7110 bytes, 244 lines)
09:04:16 INFO (0.4%, 7109 bytes, 244 lines)
09:04:34 INFO (0.4%, 7108 bytes, 244 lines)
09:04:50 INFO (0.4%, 7107 bytes, 244 lines)
09:05:07 INFO (0.4%, 7106 bytes, 244 lines)
09:05:22 INFO (0.5%, 7105 bytes, 244 lines)
09:05:39 INFO (0.5%, 7104 bytes, 244 lines)
09:05:57 INFO (0.5%, 7103 bytes, 244 lines)
09:06:15 INFO (0.5%, 7102 bytes, 244 lines)
09:06:32 INFO (0.5%, 7101 bytes, 244 lines)
09:06:48 INFO (0.5%, 7100 bytes, 244 lines)
09:07:06 INFO (0.5%, 7099 bytes, 244 lines)
09:07:20 INFO (0.6%, 7098 bytes, 244 lines)
09:07:37 INFO (0.6%, 7097 bytes, 244 lines)
09:07:54 INFO (0.6%, 7096 bytes, 244 lines)
09:08:12 INFO (0.6%, 7095 bytes, 244 lines)
09:08:27 INFO (0.6%, 7094 bytes, 244 lines)
09:08:41 INFO (0.6%, 7093 bytes, 244 lines)
09:08:59 INFO (0.6%, 7092 bytes, 244 lines)
09:09:16 INFO (0.7%, 7091 bytes, 244 lines)
09:09:34 INFO (0.7%, 7090 bytes, 244 lines)
09:09:50 INFO (0.7%, 7089 bytes, 244 lines)
09:10:06 INFO (0.7%, 7088 bytes, 244 lines)
09:10:24 INFO (0.7%, 7087 bytes, 244 lines)
09:10:41 INFO (0.7%, 7086 bytes, 244 lines)
09:10:59 INFO (0.7%, 7085 bytes, 244 lines)
09:11:16 INFO (0.8%, 7084 bytes, 244 lines)
09:11:33 INFO (0.8%, 7083 bytes, 244 lines)
09:11:51 INFO (0.8%, 7082 bytes, 244 lines)
09:12:09 INFO (0.8%, 7081 bytes, 244 lines)
09:12:26 INFO (0.8%, 7080 bytes, 244 lines)
09:12:41 INFO (0.8%, 7079 bytes, 244 lines)
09:12:59 INFO (0.8%, 7078 bytes, 244 lines)
09:13:17 INFO (0.9%, 7077 bytes, 244 lines)
09:13:35 INFO (0.9%, 7076 bytes, 244 lines)
09:13:54 INFO (0.9%, 7075 bytes, 244 lines)
09:14:12 INFO (0.9%, 7074 bytes, 244 lines)
09:14:32 INFO (0.9%, 7073 bytes, 244 lines)
09:14:50 INFO (0.9%, 7072 bytes, 244 lines)
09:15:09 INFO (0.9%, 7071 bytes, 244 lines)
09:15:27 INFO (1.0%, 7070 bytes, 244 lines)
09:15:43 INFO (1.0%, 7069 bytes, 244 lines)
09:16:00 INFO (1.0%, 7068 bytes, 244 lines)
09:16:18 INFO (1.0%, 7067 bytes, 244 lines)
09:16:36 INFO (1.0%, 7066 bytes, 244 lines)
09:16:53 INFO (1.0%, 7065 bytes, 244 lines)
09:17:09 INFO (1.0%, 7064 bytes, 244 lines)
09:17:27 INFO (1.1%, 7063 bytes, 244 lines)
09:17:43 INFO (1.1%, 7062 bytes, 244 lines)
09:18:01 INFO (1.1%, 7061 bytes, 244 lines)
09:18:18 INFO (1.1%, 7060 bytes, 244 lines)
09:18:39 INFO (1.1%, 7059 bytes, 244 lines)
09:18:57 INFO (1.1%, 7058 bytes, 244 lines)
09:19:14 INFO (1.1%, 7057 bytes, 244 lines)
09:19:28 INFO (1.1%, 7056 bytes, 244 lines)
09:19:44 INFO (1.2%, 7055 bytes, 244 lines)
09:19:59 INFO (1.2%, 7054 bytes, 244 lines)
09:20:16 INFO (1.2%, 7053 bytes, 244 lines)
09:20:34 INFO (1.2%, 7052 bytes, 244 lines)
09:20:52 INFO (1.2%, 7051 bytes, 244 lines)
09:21:09 INFO (1.2%, 7050 bytes, 244 lines)
09:21:25 INFO (1.2%, 7049 bytes, 244 lines)
09:21:42 INFO (1.3%, 7048 bytes, 244 lines)
09:22:00 INFO (1.3%, 7047 bytes, 244 lines)
09:22:19 INFO (1.3%, 7046 bytes, 244 lines)
09:22:34 INFO (1.3%, 7045 bytes, 244 lines)
09:22:51 INFO (1.3%, 7044 bytes, 244 lines)
09:23:09 INFO (1.3%, 7043 bytes, 244 lines)
09:23:26 INFO (1.3%, 7042 bytes, 244 lines)
09:23:44 INFO (1.4%, 7041 bytes, 244 lines)
09:24:02 INFO (1.4%, 7040 bytes, 244 lines)
09:24:16 INFO (1.4%, 7039 bytes, 244 lines)
09:24:34 INFO (1.4%, 7038 bytes, 244 lines)
09:24:51 INFO (1.4%, 7037 bytes, 244 lines)
09:25:09 INFO (1.4%, 7036 bytes, 244 lines)
09:25:27 INFO (1.4%, 7035 bytes, 244 lines)
09:25:44 INFO (1.5%, 7034 bytes, 244 lines)
09:26:01 INFO (1.5%, 7033 bytes, 244 lines)
09:26:19 INFO (1.5%, 7032 bytes, 244 lines)
09:26:36 INFO (1.5%, 7031 bytes, 244 lines)
09:26:54 INFO (1.5%, 7030 bytes, 244 lines)
09:27:12 INFO (1.5%, 7029 bytes, 244 lines)
09:27:32 INFO (1.5%, 7028 bytes, 244 lines)
09:27:50 INFO (1.6%, 7027 bytes, 244 lines)
09:28:04 INFO (1.6%, 7026 bytes, 244 lines)
09:28:19 INFO (1.6%, 7025 bytes, 244 lines)
09:28:35 INFO (1.6%, 7024 bytes, 244 lines)
09:28:53 INFO (1.6%, 7023 bytes, 244 lines)
09:29:10 INFO (1.6%, 7022 bytes, 244 lines)
09:29:27 INFO (1.6%, 7021 bytes, 244 lines)
09:29:44 INFO (1.7%, 7020 bytes, 244 lines)
09:30:00 INFO (1.7%, 7019 bytes, 244 lines)
09:30:18 INFO (1.7%, 7018 bytes, 244 lines)
09:30:38 INFO (1.7%, 7017 bytes, 244 lines)
09:30:56 INFO (1.7%, 7016 bytes, 244 lines)
09:31:12 INFO (1.7%, 7015 bytes, 244 lines)
09:31:30 INFO (1.7%, 7014 bytes, 244 lines)
09:31:48 INFO (1.8%, 7013 bytes, 244 lines)
09:32:04 INFO (1.8%, 7012 bytes, 244 lines)
09:32:21 INFO (1.8%, 7011 bytes, 244 lines)
09:32:35 INFO (1.8%, 7010 bytes, 244 lines)
09:32:53 INFO (1.8%, 7009 bytes, 244 lines)
09:33:11 INFO (1.8%, 7008 bytes, 244 lines)
09:33:27 INFO (1.8%, 7007 bytes, 244 lines)
09:33:43 INFO (1.8%, 7006 bytes, 244 lines)
09:33:57 INFO (1.9%, 7005 bytes, 244 lines)
09:34:14 INFO (1.9%, 7004 bytes, 244 lines)
09:34:31 INFO (1.9%, 7003 bytes, 244 lines)
09:34:49 INFO (1.9%, 7002 bytes, 244 lines)
09:35:05 INFO (1.9%, 7001 bytes, 244 lines)
09:35:23 INFO (1.9%, 7000 bytes, 244 lines)
09:35:41 INFO (1.9%, 6999 bytes, 244 lines)
09:35:55 INFO (2.0%, 6998 bytes, 244 lines)
09:36:13 INFO (2.0%, 6997 bytes, 244 lines)
09:36:27 INFO (2.0%, 6996 bytes, 244 lines)
09:36:45 INFO (2.0%, 6995 bytes, 244 lines)
09:37:03 INFO (2.0%, 6994 bytes, 244 lines)
09:37:20 INFO (2.0%, 6993 bytes, 244 lines)
09:37:39 INFO (2.0%, 6992 bytes, 244 lines)
09:37:59 INFO (2.1%, 6991 bytes, 244 lines)
09:38:19 INFO (2.1%, 6990 bytes, 244 lines)
09:38:36 INFO (2.1%, 6989 bytes, 244 lines)
09:38:52 INFO (2.1%, 6988 bytes, 244 lines)
09:39:06 INFO (2.1%, 6987 bytes, 244 lines)
09:39:21 INFO (2.1%, 6986 bytes, 244 lines)
09:39:36 INFO (2.1%, 6985 bytes, 244 lines)
09:39:50 INFO (2.2%, 6984 bytes, 244 lines)
09:40:05 INFO (2.2%, 6983 bytes, 244 lines)
09:40:15 INFO (2.2%, 6982 bytes, 244 lines)
09:40:21 INFO ===< IntsPass::a >===
09:40:39 INFO (2.2%, 6980 bytes, 244 lines)
09:40:58 INFO (2.2%, 6978 bytes, 244 lines)
09:41:18 INFO (2.3%, 6976 bytes, 244 lines)
09:41:40 INFO (2.3%, 6974 bytes, 244 lines)
09:42:01 INFO (2.3%, 6972 bytes, 244 lines)
09:42:22 INFO (2.4%, 6970 bytes, 244 lines)
09:42:41 INFO (2.4%, 6968 bytes, 244 lines)
09:43:03 INFO (2.4%, 6966 bytes, 244 lines)
09:43:25 INFO (2.4%, 6964 bytes, 244 lines)
09:43:49 INFO (2.5%, 6962 bytes, 244 lines)
09:44:15 INFO (2.5%, 6960 bytes, 244 lines)
09:44:40 INFO (2.5%, 6958 bytes, 244 lines)
09:45:06 INFO (2.5%, 6956 bytes, 244 lines)
09:45:30 INFO (2.6%, 6954 bytes, 244 lines)
09:45:54 INFO (2.6%, 6952 bytes, 244 lines)
09:46:17 INFO (2.6%, 6950 bytes, 244 lines)
09:46:41 INFO (2.7%, 6948 bytes, 244 lines)
09:47:05 INFO (2.7%, 6946 bytes, 244 lines)
09:47:29 INFO (2.7%, 6944 bytes, 244 lines)
09:47:55 INFO (2.7%, 6942 bytes, 244 lines)
09:48:19 INFO (2.8%, 6940 bytes, 244 lines)
09:48:42 INFO (2.8%, 6938 bytes, 244 lines)
09:49:06 INFO (2.8%, 6936 bytes, 244 lines)
09:49:29 INFO (2.9%, 6934 bytes, 244 lines)
09:49:46 INFO (2.9%, 6932 bytes, 244 lines)
09:49:56 INFO ===< IntsPass::b >===
09:50:14 INFO (2.9%, 6931 bytes, 244 lines)
09:50:28 INFO (2.9%, 6930 bytes, 244 lines)
09:50:44 INFO (2.9%, 6928 bytes, 244 lines)
09:51:02 INFO (3.0%, 6927 bytes, 244 lines)
09:51:19 INFO (3.0%, 6926 bytes, 244 lines)
09:51:34 INFO (3.0%, 6925 bytes, 244 lines)
09:51:52 INFO (3.0%, 6924 bytes, 244 lines)
09:52:09 INFO (3.0%, 6923 bytes, 244 lines)
09:52:27 INFO (3.0%, 6922 bytes, 244 lines)
09:52:44 INFO (3.0%, 6921 bytes, 244 lines)
09:53:00 INFO (3.1%, 6920 bytes, 244 lines)
09:53:18 INFO (3.1%, 6918 bytes, 244 lines)
09:53:36 INFO (3.1%, 6916 bytes, 244 lines)
09:53:51 INFO (3.1%, 6915 bytes, 244 lines)
09:54:09 INFO (3.1%, 6914 bytes, 244 lines)
09:54:26 INFO (3.2%, 6912 bytes, 244 lines)
09:54:40 INFO (3.2%, 6911 bytes, 244 lines)
09:54:58 INFO (3.2%, 6910 bytes, 244 lines)
09:55:14 INFO (3.2%, 6909 bytes, 244 lines)
09:55:32 INFO (3.2%, 6907 bytes, 244 lines)
09:55:49 INFO (3.3%, 6906 bytes, 244 lines)
09:56:07 INFO (3.3%, 6905 bytes, 244 lines)
09:56:25 INFO (3.3%, 6904 bytes, 244 lines)
09:56:44 INFO (3.3%, 6903 bytes, 244 lines)
09:57:02 INFO (3.3%, 6901 bytes, 244 lines)
09:57:20 INFO (3.3%, 6899 bytes, 244 lines)
09:57:37 INFO (3.4%, 6898 bytes, 244 lines)
09:57:58 INFO (3.4%, 6896 bytes, 244 lines)
09:58:16 INFO (3.4%, 6894 bytes, 244 lines)
09:58:33 INFO (3.4%, 6893 bytes, 244 lines)
09:58:50 INFO (3.4%, 6892 bytes, 244 lines)
09:59:08 INFO (3.5%, 6891 bytes, 244 lines)
09:59:28 INFO (3.5%, 6890 bytes, 244 lines)
09:59:46 INFO (3.5%, 6889 bytes, 244 lines)
10:00:00 INFO (3.5%, 6888 bytes, 244 lines)
10:00:18 INFO (3.5%, 6886 bytes, 244 lines)
10:00:35 INFO (3.6%, 6884 bytes, 244 lines)
10:00:52 INFO (3.6%, 6883 bytes, 244 lines)
10:01:07 INFO (3.6%, 6882 bytes, 244 lines)
10:01:24 INFO (3.6%, 6881 bytes, 244 lines)
10:01:41 INFO (3.6%, 6879 bytes, 244 lines)
10:01:56 INFO (3.7%, 6877 bytes, 244 lines)
10:02:13 INFO (3.7%, 6876 bytes, 244 lines)
10:02:27 INFO (3.7%, 6875 bytes, 244 lines)
10:02:45 INFO (3.7%, 6873 bytes, 244 lines)
10:03:02 INFO (3.7%, 6872 bytes, 244 lines)
10:03:20 INFO (3.7%, 6871 bytes, 244 lines)
10:03:39 INFO (3.8%, 6869 bytes, 244 lines)
10:03:56 INFO (3.8%, 6868 bytes, 244 lines)
10:04:14 INFO (3.8%, 6867 bytes, 244 lines)
10:04:28 INFO (3.8%, 6866 bytes, 244 lines)
10:04:42 INFO (3.8%, 6865 bytes, 244 lines)
10:05:00 INFO (3.8%, 6864 bytes, 244 lines)
10:05:17 INFO (3.9%, 6862 bytes, 244 lines)
10:05:34 INFO (3.9%, 6861 bytes, 244 lines)
10:05:50 INFO (3.9%, 6860 bytes, 244 lines)
10:06:08 INFO (3.9%, 6858 bytes, 244 lines)
10:06:26 INFO (3.9%, 6857 bytes, 244 lines)
10:06:43 INFO (4.0%, 6856 bytes, 244 lines)
10:07:00 INFO (4.0%, 6855 bytes, 244 lines)
10:07:18 INFO (4.0%, 6854 bytes, 244 lines)
10:07:35 INFO (4.0%, 6853 bytes, 244 lines)
10:07:53 INFO (4.0%, 6852 bytes, 244 lines)
10:08:11 INFO (4.0%, 6851 bytes, 244 lines)
10:08:28 INFO (4.0%, 6850 bytes, 244 lines)
10:08:46 INFO (4.0%, 6849 bytes, 244 lines)
10:09:03 INFO (4.1%, 6847 bytes, 244 lines)
10:09:21 INFO (4.1%, 6846 bytes, 244 lines)
10:09:39 INFO (4.1%, 6845 bytes, 244 lines)
10:09:56 INFO (4.1%, 6844 bytes, 244 lines)
10:10:14 INFO (4.1%, 6843 bytes, 244 lines)
10:10:32 INFO (4.1%, 6842 bytes, 244 lines)
10:10:50 INFO (4.2%, 6841 bytes, 244 lines)
10:11:07 INFO (4.2%, 6840 bytes, 244 lines)
10:11:25 INFO (4.2%, 6838 bytes, 244 lines)
10:11:43 INFO (4.2%, 6837 bytes, 244 lines)
10:11:57 INFO (4.2%, 6836 bytes, 244 lines)
10:12:15 INFO (4.3%, 6834 bytes, 244 lines)
10:12:33 INFO (4.3%, 6833 bytes, 244 lines)
10:12:52 INFO (4.3%, 6832 bytes, 244 lines)
10:13:06 INFO (4.3%, 6831 bytes, 244 lines)
10:13:16 INFO (4.3%, 6830 bytes, 244 lines)
10:13:16 INFO ===< IntsPass::c >===
10:13:33 INFO (4.3%, 6829 bytes, 244 lines)
10:13:51 INFO (4.3%, 6828 bytes, 244 lines)
10:14:09 INFO (4.4%, 6827 bytes, 244 lines)
10:14:28 INFO (4.4%, 6826 bytes, 244 lines)
10:14:46 INFO (4.4%, 6825 bytes, 244 lines)
10:15:04 INFO (4.4%, 6824 bytes, 244 lines)
10:15:18 INFO (4.4%, 6823 bytes, 244 lines)
10:15:35 INFO (4.4%, 6822 bytes, 244 lines)
10:15:53 INFO (4.4%, 6821 bytes, 244 lines)
10:16:08 INFO (4.5%, 6820 bytes, 244 lines)
10:16:25 INFO (4.5%, 6819 bytes, 244 lines)
10:16:41 INFO (4.5%, 6818 bytes, 244 lines)
10:16:59 INFO (4.5%, 6817 bytes, 244 lines)
10:17:16 INFO (4.5%, 6816 bytes, 244 lines)
10:17:34 INFO (4.5%, 6815 bytes, 244 lines)
10:17:52 INFO (4.5%, 6814 bytes, 244 lines)
10:18:08 INFO (4.6%, 6813 bytes, 244 lines)
10:18:25 INFO (4.6%, 6812 bytes, 244 lines)
10:18:40 INFO (4.6%, 6811 bytes, 244 lines)
10:18:54 INFO (4.6%, 6810 bytes, 244 lines)
10:19:04 INFO (4.6%, 6809 bytes, 244 lines)
10:19:04 INFO ===< IntsPass::d >===
10:19:05 INFO ===< IntsPass::c >===
10:19:19 INFO ===< BalancedPass::parens-only >===
10:19:21 INFO ===< ClexPass::delete-string >===
10:19:22 INFO Termination check: size was 7137; now 6809
10:19:22 ERROR Skipping pass UnIfDefPass
10:19:22 INFO ===< ClexPass::define >===
10:19:22 INFO ===< IncludeIncludesPass >===
10:19:22 INFO ===< TernaryPass::b >===
10:19:22 INFO ===< TernaryPass::c >===
10:19:34 INFO ===< BalancedPass::curly >===
10:19:48 INFO ===< BalancedPass::curly2 >===
10:19:48 INFO ===< BalancedPass::curly3 >===
10:20:06 INFO ===< BalancedPass::parens >===
10:20:07 INFO ===< BalancedPass::angles >===
10:20:36 INFO ===< BalancedPass::square >===
10:20:55 INFO ===< BalancedPass::curly-inside >===
10:21:06 INFO ===< BalancedPass::parens-inside >===
10:21:08 INFO ===< BalancedPass::angles-inside >===
10:21:36 INFO ===< BalancedPass::square-inside >===
10:21:49 INFO ===< BalancedPass::curly-only >===
10:21:50 INFO ===< BalancedPass::angles-only >===
10:22:19 INFO ===< BalancedPass::square-only >===
10:22:19 INFO ===< ClangPass::remove-namespace >===
10:22:19 INFO ===< ClangPass::aggregate-to-scalar >===
10:22:19 INFO ===< ClangPass::param-to-global >===
10:22:21 INFO ===< ClangPass::param-to-local >===
10:22:21 INFO ===< ClangPass::remove-nested-function >===
10:22:22 INFO ===< ClangPass::union-to-struct >===
10:22:24 INFO ===< ClangPass::return-void >===
10:22:24 INFO ===< ClangPass::simple-inliner >===
10:22:43 INFO ===< ClangPass::reduce-pointer-level >===
10:22:43 INFO ===< ClangPass::lift-assignment-expr >===
10:22:43 INFO ===< ClangPass::copy-propagation >===
10:22:44 INFO ===< ClangHintsPass::callexpr-to-value >===
10:22:44 INFO ===< ClangPass::replace-callexpr >===
10:22:46 INFO ===< ClangPass::simplify-callexpr >===
10:22:46 INFO ===< ClangHintsPass::remove-unused-function >===
10:22:45 INFO using C++ standard: c++2b with 0 transformation opportunities
10:22:46 INFO ===< ClangBinarySearchPass::remove-unused-enum-member >===
10:22:46 INFO ===< ClangPass::remove-enum-member-value >===
10:22:46 INFO using C++ standard: c++2b with 8 transformation opportunities
10:22:51 INFO ===< ClangBinarySearchPass::remove-unused-var >===
10:22:51 INFO ===< ClangPass::simplify-if >===
10:22:51 INFO ===< ClangPass::reduce-array-dim >===
10:22:51 INFO ===< ClangPass::reduce-array-size >===
10:22:51 INFO ===< ClangPass::move-definition-to-declaration >===
10:22:51 INFO ===< ClangPass::simplify-comma-expr >===
10:22:51 INFO ===< ClangPass::simplify-dependent-typedef >===
10:22:51 INFO ===< ClangPass::replace-simple-typedef >===
10:22:51 INFO ===< ClangHintsPass::replace-dependent-typedef >===
10:22:51 INFO ===< ClangPass::replace-one-level-typedef-type >===
10:23:21 INFO ===< ClangPass::remove-unused-field >===
10:23:21 INFO ===< ClangPass::instantiate-template-type-param-to-int >===
10:23:21 INFO ===< ClangPass::instantiate-template-param >===
10:23:21 INFO ===< ClangPass::template-arg-to-int >===
10:23:21 INFO ===< ClangPass::template-non-type-arg-to-int >===
10:23:21 INFO ===< ClangPass::reduce-class-template-param >===
10:23:21 INFO ===< ClangPass::remove-trivial-base-template >===
10:23:21 INFO ===< ClangPass::class-template-to-class >===
10:23:21 INFO ===< ClangPass::merge-base-class >===
10:23:21 INFO ===< ClangPass::remove-base-class >===
10:23:21 INFO ===< ClangPass::replace-derived-class >===
10:23:21 INFO ===< ClangPass::remove-unresolved-base >===
10:23:21 INFO ===< ClangPass::remove-ctor-initializer >===
10:23:22 INFO ===< ClangPass::replace-class-with-base-template-spec >===
10:23:22 INFO ===< ClangPass::simplify-nested-class >===
10:23:22 INFO ===< ClangPass::remove-unused-outer-class >===
10:23:24 INFO ===< ClangPass::empty-struct-to-int >===
10:23:26 INFO ===< ClangPass::remove-pointer >===
10:23:26 INFO ===< ClangPass::reduce-pointer-pairs >===
10:23:26 INFO ===< ClangPass::remove-array >===
10:23:26 INFO ===< ClangPass::remove-addr-taken >===
10:23:26 INFO ===< ClangPass::simplify-struct >===
10:23:26 INFO ===< ClangPass::replace-undefined-function >===
10:23:26 INFO ===< ClangPass::replace-array-index-var >===
10:23:26 INFO ===< ClangPass::replace-array-access-with-index >===
10:23:26 INFO ===< ClangPass::replace-dependent-name >===
10:23:26 INFO ===< ClangPass::simplify-recursive-template-instantiation >===
10:23:26 INFO ===< ClangPass::vector-to-array >===
10:23:26 INFO ===< ClangPass::remove-try-catch >===
10:23:26 INFO ===< ClangPass::class-to-struct >===
10:24:00 INFO ===< ClangPass::member-to-global >===
10:24:11 INFO ===< LinesPass::0 >===
10:25:37 INFO ===< LinesPass::1 >===
10:25:42 INFO ===< LinesPass::2 >===
10:25:42 INFO ===< LinesPass::3 >===
10:25:42 INFO ===< LinesPass::4 >===
10:25:42 INFO ===< LinesPass::6 >===
10:25:42 INFO ===< LinesPass::8 >===
10:25:42 INFO ===< LinesPass::10 >===
10:25:42 INFO ===< CommentsPass >===
10:25:42 INFO ===< SpecialPass::b >===
10:25:42 INFO ===< SpecialPass::c >===
10:25:43 INFO ===< IndentPass::regular >===
10:25:55 INFO ===< BalancedPass::parens-to-zero >===
12:54:51 INFO ===< ClexHintsPass::rm-toks-1-to-16 >===
14:09:31 INFO ===< ClexPass::rm-tok-pattern-4 >===
14:09:34 INFO ===< ClangPass::local-to-global >===
14:09:59 INFO ===< PeepPass::c >===
14:10:16 INFO (4.6%, 6808 bytes, 244 lines)
14:10:34 INFO (4.6%, 6807 bytes, 244 lines)
14:10:51 INFO (4.7%, 6806 bytes, 244 lines)
14:11:06 INFO (4.7%, 6805 bytes, 244 lines)
14:11:23 INFO (4.7%, 6804 bytes, 244 lines)
14:11:41 INFO (4.7%, 6803 bytes, 244 lines)
14:11:59 INFO (4.7%, 6802 bytes, 244 lines)
14:12:16 INFO (4.7%, 6801 bytes, 244 lines)
14:12:34 INFO (4.7%, 6800 bytes, 244 lines)
14:12:52 INFO (4.7%, 6799 bytes, 244 lines)
14:13:09 INFO (4.8%, 6798 bytes, 244 lines)
14:13:27 INFO (4.8%, 6797 bytes, 244 lines)
14:13:46 INFO (4.8%, 6796 bytes, 244 lines)
14:14:02 INFO (4.8%, 6795 bytes, 244 lines)
14:14:17 INFO (4.8%, 6794 bytes, 244 lines)
14:14:34 INFO (4.8%, 6793 bytes, 244 lines)
14:14:52 INFO (4.8%, 6792 bytes, 244 lines)
14:15:08 INFO (4.9%, 6791 bytes, 244 lines)
14:15:24 INFO (4.9%, 6790 bytes, 244 lines)
14:15:39 INFO (4.9%, 6789 bytes, 244 lines)
14:15:50 INFO (4.9%, 6788 bytes, 244 lines)
14:15:55 INFO ===< IntsPass::a >===
14:15:55 INFO ===< IntsPass::b >===
14:15:55 INFO ===< IntsPass::c >===
14:15:56 INFO ===< IntsPass::d >===
14:15:56 INFO cache hit for HIPProg.hip
14:15:56 INFO ===< IntsPass::c >===
14:16:11 INFO ===< BalancedPass::parens-only >===
14:16:12 INFO ===< ClexPass::delete-string >===
14:16:14 INFO Termination check: size was 6809; now 6788
14:16:14 ERROR Skipping pass UnIfDefPass
14:16:14 INFO ===< ClexPass::define >===
14:16:14 INFO ===< IncludeIncludesPass >===
14:16:14 INFO ===< TernaryPass::b >===
14:16:14 INFO ===< TernaryPass::c >===
14:16:27 INFO ===< BalancedPass::curly >===
14:16:40 INFO ===< BalancedPass::curly2 >===
14:16:40 INFO ===< BalancedPass::curly3 >===
14:16:57 INFO ===< BalancedPass::parens >===
14:16:58 INFO ===< BalancedPass::angles >===
14:17:26 INFO ===< BalancedPass::square >===
14:17:46 INFO ===< BalancedPass::curly-inside >===
14:17:58 INFO ===< BalancedPass::parens-inside >===
14:17:59 INFO ===< BalancedPass::angles-inside >===
14:18:28 INFO ===< BalancedPass::square-inside >===
14:18:40 INFO ===< BalancedPass::curly-only >===
14:18:42 INFO ===< BalancedPass::angles-only >===
14:19:11 INFO ===< BalancedPass::square-only >===
14:19:11 INFO ===< ClangPass::remove-namespace >===
14:19:11 INFO ===< ClangPass::aggregate-to-scalar >===
14:19:11 INFO ===< ClangPass::param-to-global >===
14:19:12 INFO ===< ClangPass::param-to-local >===
14:19:12 INFO ===< ClangPass::remove-nested-function >===
14:19:14 INFO ===< ClangPass::union-to-struct >===
14:19:15 INFO ===< ClangPass::return-void >===
14:19:15 INFO ===< ClangPass::simple-inliner >===
14:19:34 INFO ===< ClangPass::reduce-pointer-level >===
14:19:34 INFO ===< ClangPass::lift-assignment-expr >===
14:19:34 INFO ===< ClangPass::copy-propagation >===
14:19:36 INFO ===< ClangHintsPass::callexpr-to-value >===
14:19:36 INFO ===< ClangPass::replace-callexpr >===
14:19:37 INFO ===< ClangPass::simplify-callexpr >===
14:19:38 INFO ===< ClangHintsPass::remove-unused-function >===
14:19:36 INFO using C++ standard: c++2b with 0 transformation opportunities
14:19:38 INFO ===< ClangBinarySearchPass::remove-unused-enum-member >===
14:19:38 INFO ===< ClangPass::remove-enum-member-value >===
14:19:38 INFO using C++ standard: c++2b with 8 transformation opportunities
14:19:42 INFO ===< ClangBinarySearchPass::remove-unused-var >===
14:19:42 INFO ===< ClangPass::simplify-if >===
14:19:42 INFO ===< ClangPass::reduce-array-dim >===
14:19:42 INFO ===< ClangPass::reduce-array-size >===
14:19:42 INFO ===< ClangPass::move-definition-to-declaration >===
14:19:42 INFO ===< ClangPass::simplify-comma-expr >===
14:19:43 INFO ===< ClangPass::simplify-dependent-typedef >===
14:19:44 INFO ===< ClangPass::replace-simple-typedef >===
14:19:44 INFO ===< ClangHintsPass::replace-dependent-typedef >===
14:19:44 INFO ===< ClangPass::replace-one-level-typedef-type >===
14:20:14 INFO ===< ClangPass::remove-unused-field >===
14:20:14 INFO ===< ClangPass::instantiate-template-type-param-to-int >===
14:20:14 INFO ===< ClangPass::instantiate-template-param >===
14:20:14 INFO ===< ClangPass::template-arg-to-int >===
14:20:14 INFO ===< ClangPass::template-non-type-arg-to-int >===
14:20:14 INFO ===< ClangPass::reduce-class-template-param >===
14:20:14 INFO ===< ClangPass::remove-trivial-base-template >===
14:20:14 INFO ===< ClangPass::class-template-to-class >===
14:20:14 INFO ===< ClangPass::merge-base-class >===
14:20:14 INFO ===< ClangPass::remove-base-class >===
14:20:14 INFO ===< ClangPass::replace-derived-class >===
14:20:14 INFO ===< ClangPass::remove-unresolved-base >===
14:20:14 INFO ===< ClangPass::remove-ctor-initializer >===
14:20:14 INFO ===< ClangPass::replace-class-with-base-template-spec >===
14:20:15 INFO ===< ClangPass::simplify-nested-class >===
14:20:15 INFO ===< ClangPass::remove-unused-outer-class >===
14:20:17 INFO ===< ClangPass::empty-struct-to-int >===
14:20:18 INFO ===< ClangPass::remove-pointer >===
14:20:19 INFO ===< ClangPass::reduce-pointer-pairs >===
14:20:19 INFO ===< ClangPass::remove-array >===
14:20:19 INFO ===< ClangPass::remove-addr-taken >===
14:20:19 INFO ===< ClangPass::simplify-struct >===
14:20:19 INFO ===< ClangPass::replace-undefined-function >===
14:20:19 INFO ===< ClangPass::replace-array-index-var >===
14:20:19 INFO ===< ClangPass::replace-array-access-with-index >===
14:20:19 INFO ===< ClangPass::replace-dependent-name >===
14:20:19 INFO ===< ClangPass::simplify-recursive-template-instantiation >===
14:20:19 INFO ===< ClangPass::vector-to-array >===
14:20:19 INFO ===< ClangPass::remove-try-catch >===
14:20:19 INFO ===< ClangPass::class-to-struct >===
14:20:55 INFO ===< ClangPass::member-to-global >===
14:21:04 INFO ===< LinesPass::0 >===
14:22:30 INFO ===< LinesPass::1 >===
14:22:35 INFO ===< LinesPass::2 >===
14:22:35 INFO ===< LinesPass::3 >===
14:22:35 INFO ===< LinesPass::4 >===
14:22:35 INFO ===< LinesPass::6 >===
14:22:35 INFO ===< LinesPass::8 >===
14:22:35 INFO ===< LinesPass::10 >===
14:22:35 INFO ===< CommentsPass >===
14:22:35 INFO ===< SpecialPass::b >===
14:22:35 INFO ===< SpecialPass::c >===
14:22:35 INFO ===< IndentPass::regular >===
14:22:49 INFO ===< BalancedPass::parens-to-zero >===
16:50:25 INFO ===< ClexHintsPass::rm-toks-1-to-16 >===
18:05:11 INFO ===< ClexPass::rm-tok-pattern-4 >===
18:05:14 INFO ===< ClangPass::local-to-global >===
18:05:39 INFO ===< PeepPass::c >===
18:05:44 INFO ===< IntsPass::a >===
18:05:44 INFO cache hit for HIPProg.hip
18:05:44 INFO ===< IntsPass::b >===
18:05:44 INFO cache hit for HIPProg.hip
18:05:44 INFO ===< IntsPass::c >===
18:05:44 INFO cache hit for HIPProg.hip
18:05:44 INFO ===< IntsPass::d >===
18:05:44 INFO cache hit for HIPProg.hip
18:05:44 INFO ===< IntsPass::c >===
18:05:44 INFO cache hit for HIPProg.hip
18:05:44 INFO ===< BalancedPass::parens-only >===
18:05:44 INFO cache hit for HIPProg.hip
18:05:44 INFO ===< ClexPass::delete-string >===
18:05:44 INFO cache hit for HIPProg.hip
18:05:44 INFO Termination check: size was 6788; now 6788
18:05:44 INFO CLEANUP PASSES
18:05:44 INFO ===< ClexPass::define >===
18:05:46 INFO ===< ClangPass::combine-global-var >===
18:05:47 INFO ===< ClangPass::combine-local-var >===
18:05:48 INFO ===< ClangPass::simplify-struct-union-decl >===
18:05:48 INFO ===< ClangPass::move-global-var >===
18:05:48 INFO ===< ClangPass::unify-function-decl >===
18:05:48 INFO cache hit for HIPProg.hip
18:05:48 INFO ===< LinesPass::0 >===
18:05:48 INFO cache hit for HIPProg.hip
18:05:48 INFO ===< ClexPass::delete-string >===
18:05:51 INFO ===< BlankPass >===
18:05:51 INFO cache hit for HIPProg.hip
18:05:51 INFO ===< BlankPass >===
18:05:51 INFO ===================== done ====================
===< PASS statistics >===
  pass name                                                     bytes reduced time (s) time (%)   worked   failed  total executed
  IntsPass::a                                                             176  2414.65     3.71      176      949            1125
  IntsPass::c                                                             102  1126.79     1.73       82      410             492
  IntsPass::b                                                              50   422.03     0.65       25      541             566
  IntsPass::d                                                              21   269.86     0.41       21      103             124
  BlankPass                                                                 1    15.22     0.02        1       35              36
  InlineIncludesPass                                                        0     0.00     0.00        0        0               0
  RmUnusedFilesPass                                                         0     0.00     0.00        0        0               0
  SpecialPass::c                                                            0     0.01     0.00        0        0               0
  SpecialPass::b                                                            0     0.01     0.00        0        0               0
  ClangIncludeGraphPass                                                     0     0.01     0.00        0        0               0
  BalancedPass::curly3                                                      0     0.01     0.00        0        0               0
  LinesPass::10                                                             0     0.01     0.00        0        0               0
  LinesPass::6                                                              0     0.01     0.00        0        0               0
  LinesPass::4                                                              0     0.01     0.00        0        0               0
  ClangModuleMapPass                                                        0     0.01     0.00        0        0               0
  MakefilePass                                                              0     0.02     0.00        0        0               0
  LinesPass::8                                                              0     0.02     0.00        0        0               0
  LinesPass::3                                                              0     0.02     0.00        0        0               0
  IndentPass::final                                                         0     0.02     0.00        0        1               1
  TreeSitterPass::erase-namespace                                           0     0.02     0.00        0        0               0
  IncludeIncludesPass                                                       0     0.02     0.00        0       12              12
  LineMarkersPass                                                           0     0.02     0.00        0        0               0
  ClangPass::move-global-var                                                0     0.03     0.00        0        4               4
  ClangPass::unify-function-decl                                            0     0.03     0.00        0        4               4
  TernaryPass::c                                                            0     0.03     0.00        0        0               0
  TernaryPass::b                                                            0     0.03     0.00        0        0               0
  ClangPass::simplify-struct-union-decl                                     0     0.04     0.00        0        4               4
  IndentPass::regular                                                       0     0.05     0.00        0        3               3
  ClangPass::reduce-class-template-param                                    0     0.08     0.00        0       12              12
  ClangPass::replace-undefined-function                                     0     0.08     0.00        0       12              12
  ClangPass::remove-array                                                   0     0.08     0.00        0       12              12
  ClangPass::simplify-struct                                                0     0.08     0.00        0       12              12
  ClangPass::remove-base-class                                              0     0.08     0.00        0       12              12
  ClangPass::template-non-type-arg-to-int                                   0     0.08     0.00        0       12              12
  ClangPass::move-definition-to-declaration                                 0     0.08     0.00        0       12              12
  ClangPass::instantiate-template-param                                     0     0.09     0.00        0       12              12
  ClangPass::reduce-array-size                                              0     0.09     0.00        0       12              12
  ClangPass::reduce-array-dim                                               0     0.09     0.00        0       12              12
  ClangPass::aggregate-to-scalar                                            0     0.09     0.00        0       12              12
  ClangPass::vector-to-array                                                0     0.09     0.00        0       12              12
  ClangPass::remove-addr-taken                                              0     0.09     0.00        0       12              12
  ClangPass::replace-array-index-var                                        0     0.09     0.00        0       12              12
  ClangPass::copy-propagation                                               0     0.09     0.00        0       12              12
  ClangPass::template-arg-to-int                                            0     0.09     0.00        0       12              12
  ClangPass::simplify-recursive-template-instantiation                      0     0.09     0.00        0       12              12
  ClangPass::replace-derived-class                                          0     0.09     0.00        0       12              12
  ClangPass::remove-unused-outer-class                                      0     0.09     0.00        0       12              12
  ClangPass::class-template-to-class                                        0     0.09     0.00        0       12              12
  ClangPass::simplify-comma-expr                                            0     0.09     0.00        0       12              12
  ClangPass::simplify-dependent-typedef                                     0     0.09     0.00        0       12              12
  ClangPass::replace-dependent-name                                         0     0.09     0.00        0       12              12
  ClangPass::remove-unresolved-base                                         0     0.09     0.00        0       12              12
  ClangPass::simplify-if                                                    0     0.09     0.00        0       12              12
  ClangPass::remove-enum-member-value                                       0     0.09     0.00        0       12              12
  ClangHintsPass::replace-dependent-typedef                                 0     0.09     0.00        0        0               0
  ClangPass::instantiate-template-type-param-to-int                         0     0.09     0.00        0       12              12
  ClangPass::remove-ctor-initializer                                        0     0.09     0.00        0       12              12
  ClangPass::remove-try-catch                                               0     0.09     0.00        0       12              12
  ClangPass::remove-trivial-base-template                                   0     0.09     0.00        0       12              12
  ClangPass::reduce-pointer-pairs                                           0     0.09     0.00        0       12              12
  ClangPass::replace-one-level-typedef-type                                 0     0.09     0.00        0       12              12
  ClangPass::class-to-struct                                                0     0.09     0.00        0       12              12
  ClangPass::merge-base-class                                               0     0.10     0.00        0       12              12
  ClangPass::replace-array-access-with-index                                0     0.10     0.00        0       12              12
  ClangPass::replace-simple-typedef                                         0     0.10     0.00        0       12              12
  ClangPass::replace-class-with-base-template-spec                          0     0.10     0.00        0       12              12
  ClangPass::lift-assignment-expr                                           0     0.10     0.00        0       12              12
  ClangPass::replace-callexpr                                               0     0.11     0.00        0       12              12
  ClangPass::simple-inliner                                                 0     0.12     0.00        0       12              12
  ClangPass::remove-namespace                                               0     0.12     0.00        0       12              12
  ClangPass::param-to-global                                                0     0.18     0.00        0       12              12
  ClangPass::remove-nested-function                                         0     0.25     0.00        0       12              12
  ClangHintsPass::replace-function-def-with-decl (30 T)                     0     0.26     0.00        0        3               3
  ClangPass::simplify-nested-class                                          0     0.39     0.00        0       12              12
  ClangPass::combine-local-var                                              0     0.46     0.00        0        7               7
  ClangHintsPass::replace-function-def-with-decl                            0     0.56     0.00        0       12              12
  ClangBinarySearchPass::remove-unused-enum-member                          0     0.56     0.00        0        0               0
  ClangHintsPass::remove-unused-function (30 T)                             0     0.64     0.00        0        1               1
  SpecialPass::a                                                            0     0.76     0.00        0        2               2
  ClangHintsPass::remove-unused-function                                    0     0.77     0.00        0        6               6
  ClexPass::define                                                          0     0.81     0.00        0        8               8
  IncludesPass                                                              0     1.16     0.00        0        4               4
  ClangPass::union-to-struct                                                0     1.17     0.00        0       12              12
  ClangPass::param-to-local                                                 0     1.23     0.00        0       12              12
  ClangPass::return-void                                                    0     1.30     0.00        0       12              12
  ClangPass::combine-global-var                                             0     1.53     0.00        0        8               8
  ClexPass::delete-string                                                   0     1.60     0.00        0        8               8
  ClangPass::simplify-callexpr                                              0     1.66     0.00        0       39              39
  CommentsPass                                                              0     1.74     0.00        0      126             126
  BalancedPass::angles                                                      0     2.14     0.00        0       18              18
  BalancedPass::angles-inside                                               0     2.45     0.00        0       18              18
  BalancedPass::angles-only                                                 0     2.52     0.00        0       18              18
  ClangHintsPass::callexpr-to-value                                         0     2.93     0.00        0       60              60
  ClangPass::empty-struct-to-int                                            0     3.43     0.01        0       12              12
  ClangPass::remove-pointer                                                 0     3.62     0.01        0       15              15
  TreeSitterPass::replace-function-def-with-decl                            0     5.07     0.01        0       27              27
  TreeSitterPass::remove-function                                           0     5.11     0.01        0       33              33
  ClangPass::local-to-global                                                0     8.81     0.01        0       48              48
  ClangBinarySearchPass::remove-unused-var                                  0    11.49     0.02        0       45              45
  LinesPass::2                                                              0    26.13     0.04        0       66              66
  LinesPass::0                                                              0    48.25     0.07        0      155             155
  BalancedPass::parens-only                                                 0    49.59     0.08        0      321             321
  ClangPass::reduce-pointer-level                                           0    54.25     0.08        0      144             144
  BalancedPass::parens-inside                                               0    54.91     0.08        0      350             350
  BalancedPass::curly                                                       0    56.96     0.09        0      175             175
  BalancedPass::curly2                                                      0    58.39     0.09        0      175             175
  BalancedPass::curly-only                                                  0    59.45     0.09        0      175             175
  PeepPass::c                                                               0    59.75     0.09        0    20734           20734
  BalancedPass::parens-to-zero                                              0    60.90     0.09        0      400             400
  BalancedPass::parens                                                      0    74.07     0.11        0      400             400
  ClangPass::remove-unused-field                                            0    89.56     0.14        0      237             237
  ClangPass::member-to-global                                               0   101.77     0.16        0      262             262
  BalancedPass::curly-inside                                                0   106.92     0.16        0      126             126
  BalancedPass::square                                                      0   135.31     0.21        0      400             400
  BalancedPass::square-inside                                               0   135.33     0.21        0      400             400
  BalancedPass::square-only                                                 0   136.69     0.21        0      400             400
  LinesPass::None                                                           0   291.46     0.45        0      790             790
  LinesPass::1                                                              0   417.85     0.64        0     1000            1000
  ClexHintsPass::rm-toks-13-to-16                                           0  4312.50     6.62        0    13500           13500
  ClexHintsPass::rm-toks-9-to-12                                            0  4322.27     6.63        0    13533           13533
  ClexHintsPass::rm-toks-5-to-8                                             0  4372.67     6.71        0    13565           13565
  ClexHintsPass::rm-toks-1-to-4                                             0  4452.98     6.84        0    13596           13596
  ClexPass::rm-tok-pattern-4                                                0 13444.47    20.64        0    40827           40827
  ClexHintsPass::rm-toks-1-to-16                                            0 26639.11    40.89        0    81288           81288

Runtime: 65149 seconds
Reduced test-cases:

--- HIPProg.hip ---
#include <hip/hip_runtime.h>
#include "HIPSmith.h"
#include "safe_math_macros.h"
#define transparent_crc(X, Y, Z) transparent_crc_(&crc64_context, X, , )
struct U0 {
   signed f0 ;
};
struct U2 {
   int16_t  f0;
};
struct U3 {
   int8_t  f0;
};
union U4 {
   uint32_t  f3;
   uint16_t  f4;
};
struct S5 {
    uint32_t g_4[7][4][1];
    int32_t g_17;
    int32_t g_19;
    uint32_t g_21;
    int g_26;
    uint32_t g_72;
    uint16_t g_79;
    int32_t g_132;
    uint8_t g_134;
    uint32_t *g_161;
    int64_t g_167;
    int32_t *g_177[5];
    int32_t **g_176;
    U3 g_207;
    uint32_t g_265;
    U3 g_291;
    uint64_t *g_303[4];
    int8_t *g_323;
    U4 g_351;
    U0 g_402[8];
    uint32_t *g_477;
    U2 g_511;
    uint32_t *g_534;
    uint32_t *g_535[9][3];
    int16_t *g_662;
    int16_t g_779;
    uint64_t **g_931[4];
    int *g_975;
    int **g_974[5];
    int ***g_973;
    uint32_t **g_1020;
    uint32_t ***g_1019;
    uint32_t ****g_1018;
    U2 *g_1100;
    uint16_t *g_1120;
    int32_t g_1208;
    uint8_t g_1292;
    uint8_t *g_1291;
    int32_t g_1321;
    uint64_t g_1382;
    int32_t g_1403;
    uint8_t g_1483[5][8];
    int8_t *g_1495;
    uint16_t g_1548;
    U3 *g_1563[8];
    U3 **g_1562;
    int32_t g_1599;
    U4 *g_1659[7][5][2];
    int32_t *g_1667;
    int32_t g_1702;
    uint16_t **g_1737[6][5];
    uint16_t ***g_1736[9][4];
    uint16_t ****g_1735[3];
    uint16_t *****g_1734;
    U4 g_1748;
    uint8_t g_1801;
    int32_t g_1832;
    uint64_t g_1846;
    int32_t *g_2095;
    int8_t g_2127;
    uint16_t *g_2181;
    int16_t g_2183;
    U0 *g_2216[7];
    U0 **g_2215;
    uint8_t g_2270;
    uint32_t g_2313;
    int32_t ***g_2454;
    int32_t ****g_2453;
    uint32_t g_2709;
    U4 **g_2902;
    U4 ***g_2901;
    U2 *g_2938;
    U2 ***g_2937;
    U2 ****g_2936;
    U3 g_3064;
    int8_t *g_3065;
    U0 ***g_3084;
    U0 ****g_3083;
    int32_t g_3085;
    int32_t g_3086;
};
__device__ U2  func_8(U2  , uint16_t  , int32_t  , U0  , U3  , S5 * );
__device__ U2  func_14(uint16_t  , S5 * );
__device__ uint16_t  func_1(S5 * p_3152)
{ 
    int8_t l_2 = 9;
    U0 l_2713 ;
    U3 l_2714 ;
    func_8(func_14(p_3152->g_4[5][1][0], p_3152), 0, l_2, l_2713, l_2714, p_3152);
    return l_2713.f0;
}
__device__ U2  func_8(U2  , uint16_t  , int32_t  , U0  , U3  , S5 * p_3152)
{
                if (safe_div_func_uint8_t_u_u(p_3152->g_167 |= (p_3152|| p_3152) -10 , 0))
    return *p_3152->g_1100;
}
__device__ U2  func_14(uint16_t  , S5 * )
{
    U2 l_2104 ;
    return l_2104;
}
__global__ void hipsmith_kernel(uint64_t *results) {
    S5 c_3153;
    S5* p_3152 = &c_3153;
    U2 **p_3152_71;
    int *p_3152_27;
    int **p_3152_28_4;
    U3 *p_3152_44_1;
    S5 c_3154 {
        {}, 
        1, 
        6, 
        9, 
        0, 
        0, 
        8, 
        1, 
        0, 
        &p_3152->g_72, 
        1, 
        &p_3152->g_132, nullptr, &p_3152->g_132, nullptr, &p_3152->g_132, 
        &p_3152->g_177[2], 
        3, 
        0, 
        0, 
        nullptr, nullptr, nullptr, nullptr, 
        nullptr, 
        1, 
        6, 6, 6, 6, 6, 6, 6, 6, 
        nullptr, 
        9, 
        &p_3152->g_351.f3, 
        &p_3152->g_265, &p_3152->g_265, &p_3152->g_265, &p_3152->g_265, &p_3152->g_265, &p_3152->g_265, &p_3152->g_265, &p_3152->g_265, &p_3152->g_265, &p_3152->g_265, &p_3152->g_265, &p_3152->g_265, &p_3152->g_265, &p_3152->g_265, &p_3152->g_265, &p_3152->g_265, &p_3152->g_265, &p_3152->g_265, &p_3152->g_265, &p_3152->g_265, &p_3152->g_265, &p_3152->g_265, &p_3152->g_265, &p_3152->g_265, &p_3152->g_265, &p_3152->g_265, &p_3152->g_265, 
        &p_3152->g_511.f0, 
        7, 
        &p_3152->g_303[2], nullptr, &p_3152->g_303[2], nullptr, 
        &p_3152->g_26, 
        &p_3152_27, &p_3152_27, &p_3152_27, &p_3152_27, &p_3152_27, 
        &p_3152_28_4, 
        &p_3152->g_161, 
        &p_3152->g_1020, 
        &p_3152->g_1019, 
        &p_3152->g_511, 
        &p_3152->g_351.f4, 
        8, 
        4, 
        &p_3152->g_1292, 
        4, 
        9, 
        5, 
        3, 5, 4, 3, 3, 6, 4, 7, 3, 5, 4, 3, 3, 6, 4, 7, 3, 5, 4, 3, 3, 6, 4, 7, 3, 5, 4, 3, 3, 6, 4, 7, 3, 5, 4, 3, 3, 6, 4, 7, 
        &p_3152->g_291.f0, 
        1, 
        &p_3152->g_291, &p_3152->g_291, nullptr, &p_3152->g_291, &p_3152->g_291, nullptr, &p_3152->g_291, &p_3152->g_291, 
        &p_3152_44_1, 
        1, 
        {}, 
        &p_3152->g_132, 
        8, 
        &p_3152->g_1120, nullptr, &p_3152->g_1120, nullptr, &p_3152->g_1120, &p_3152->g_1120, nullptr, &p_3152->g_1120, nullptr, &p_3152->g_1120, &p_3152->g_1120, nullptr, &p_3152->g_1120, nullptr, &p_3152->g_1120, &p_3152->g_1120, nullptr, &p_3152->g_1120, nullptr, &p_3152->g_1120, &p_3152->g_1120, nullptr, &p_3152->g_1120, nullptr, &p_3152->g_1120, {}, 
        {}, 
        &p_3152->g_1736[4][3], &p_3152->g_1736[4][3], &p_3152->g_1736[4][3], 
        &p_3152->g_1735[1], 
        9, 
        1, 
        1, 
        0, 
        nullptr, 
        1, 
        &p_3152->g_1748.f4, 
        2, 
        {}, 
        &p_3152->g_2216[6], 
        9, 
        8, 
        nullptr, 
        &p_3152->g_2454, 
        {}, 
        &p_3152->g_1659[4][1][1], 
        &p_3152->g_2902, 
        nullptr, 
        &p_3152_71, 
        &p_3152->g_2937, 
        {}, 
        nullptr, 
        &p_3152->g_2215, 
        &p_3152->g_3084, 
        0, 
        1};
    c_3153 = c_3154;
    func_1(p_3152);
    uint64_t crc64_context = 0xFFFFFFFFFFFFFFFFUL;
    transparent_crc(p_3152->g_167, , );
    int tid = threadIdx.x + blockIdx.x * blockDim.x;
    results[tid] = (crc64_context ^ 0xFFFFFFFFFFFFFFFFUL);
}
// ------------------------------------------------------------------
// Host Main
// ------------------------------------------------------------------
int main(int argc, const char* argv[]) {
    // Config
    const unsigned int num_threads = 4;
    const unsigned int block_size = 4;
    // Host Alloc
    std::vector<uint64_t> h_results(num_threads);
    const size_t results_bytes = sizeof(uint64_t) * h_results.size();
    // Device Alloc
    uint64_t *d_results;
    HIP_CHECK(hipMalloc((void**)&d_results, results_bytes));
    HIP_CHECK(hipMemset(d_results, 0, results_bytes));
    // Dimensions
    const dim3 block_dim(block_size);
    const dim3 grid_dim((num_threads + block_size - 1) / block_size);
    // Launch
    hipLaunchKernelGGL(hipsmith_kernel, grid_dim, block_dim, 0, 0, d_results);
    HIP_CHECK(hipGetLastError());
    HIP_CHECK(hipDeviceSynchronize());
    // Copy Back
    HIP_CHECK(hipMemcpy(h_results.data(), d_results, results_bytes, hipMemcpyDeviceToHost));
    // Free
    HIP_CHECK(hipFree(d_results));
    // Output
    for (size_t i = 0; i < h_results.size(); ++i)
    printf("Thread %zu CRC: %lu\n", i, h_results[i]);
    return 0;
}

