00:00:01 ERROR Prereqs not found for pass UnIfDefPass
00:00:01 ERROR Prereqs not found for pass IfPass
00:00:01 ERROR Prereqs not found for pass UnIfDefPass
00:00:27 INFO ===< 2026890 >===
00:00:27 INFO running 4 interestingness tests in parallel
00:00:27 INFO (0.0%, 167779 bytes, 1732 lines)
00:00:27 INFO INITIAL PASSES (interleaving)
00:00:27 INFO ===<  >===
00:11:57 INFO (81.8%, 30560 bytes, 510 lines, via BalancedPass::curly-inside + LinesPass::3 + CommentsPass + LinesPass::4 + LinesPass::0 + BalancedPass::curly3 + LinesPass::2 + BlankPass)
00:21:41 INFO (90.3%, 16255 bytes, 435 lines, via BalancedPass::curly3 + BalancedPass::curly-inside + LinesPass::1 + LinesPass::2 + LinesPass::0 + LinesPass::3 + LinesPass::4 + TreeSitterPass::remove-function + BlankPass)
00:29:05 INFO (92.3%, 12897 bytes, 387 lines, via BalancedPass::curly-inside + BalancedPass::parens-to-zero + LinesPass::0 + LinesPass::3 + LinesPass::2 + LinesPass::4 + BalancedPass::curly-only + BlankPass + ClexHintsPass::rm-toks-1-to-4)
00:39:28 INFO (93.1%, 11524 bytes, 348 lines, via BalancedPass::curly2 + LinesPass::2 + BalancedPass::curly-inside + BalancedPass::parens-to-zero + LinesPass::0 + BalancedPass::square + BalancedPass::curly)
00:47:23 INFO (93.9%, 10184 bytes, 325 lines, via LinesPass::1 + BalancedPass::parens-to-zero + LinesPass::2 + BlankPass + BalancedPass::curly-only + BalancedPass::curly)
00:55:10 INFO (94.5%, 9179 bytes, 310 lines, via LinesPass::None + BalancedPass::parens-to-zero + BalancedPass::square + BalancedPass::parens-only)
01:04:23 INFO (94.9%, 8546 bytes, 294 lines, via LinesPass::1 + BalancedPass::parens-to-zero + BlankPass + BalancedPass::parens-only + BalancedPass::square)
01:11:12 INFO (95.5%, 7501 bytes, 267 lines, via LinesPass::None + LinesPass::1 + BalancedPass::parens-to-zero + BalancedPass::square + BalancedPass::parens-only)
01:15:00 INFO (95.6%, 7321 bytes, 261 lines, via LinesPass::None + ClexHintsPass::rm-toks-1-to-4)
01:23:42 INFO (96.0%, 6674 bytes, 237 lines, via LinesPass::1 + LinesPass::None + ClexHintsPass::rm-toks-1-to-4)
01:30:00 INFO (96.1%, 6494 bytes, 233 lines, via LinesPass::None + BalancedPass::square + ClexHintsPass::rm-toks-1-to-4)
01:33:54 INFO (96.1%, 6479 bytes, 233 lines, via ClexHintsPass::rm-toks-1-to-4 + BalancedPass::square)
01:38:31 INFO (96.3%, 6288 bytes, 232 lines, via BalancedPass::parens-to-zero + ClexHintsPass::rm-toks-1-to-4 + ClexHintsPass::rm-toks-5-to-8 + ClexHintsPass::rm-toks-13-to-16 + BalancedPass::parens-only)
01:43:19 INFO (96.3%, 6237 bytes, 232 lines, via ClexHintsPass::rm-toks-1-to-4 + ClexHintsPass::rm-toks-13-to-16 + ClexHintsPass::rm-toks-5-to-8)
01:49:11 INFO (96.4%, 6095 bytes, 228 lines, via ClexHintsPass::rm-toks-5-to-8 + ClexHintsPass::rm-toks-13-to-16 + BalancedPass::square + ClexHintsPass::rm-toks-1-to-4)
01:52:58 INFO (96.4%, 6054 bytes, 228 lines, via ClexHintsPass::rm-toks-13-to-16 + ClexHintsPass::rm-toks-5-to-8 + ClexHintsPass::rm-toks-1-to-4)
01:56:06 INFO (96.5%, 5871 bytes, 222 lines, via LinesPass::None)
02:00:12 INFO (96.5%, 5856 bytes, 222 lines, via BalancedPass::square + BalancedPass::parens-only)
02:02:54 INFO (96.6%, 5689 bytes, 214 lines, via LinesPass::None + ClexHintsPass::rm-toks-1-to-4)
02:10:33 INFO (96.6%, 5675 bytes, 214 lines, via ClexHintsPass::rm-toks-1-to-4)
02:14:06 INFO (96.6%, 5663 bytes, 214 lines, via ClexHintsPass::rm-toks-1-to-4)
02:17:38 INFO (96.6%, 5634 bytes, 214 lines, via ClexHintsPass::rm-toks-1-to-4)
02:24:11 INFO (96.7%, 5568 bytes, 214 lines, via ClexHintsPass::rm-toks-1-to-4)
02:34:06 INFO (96.7%, 5550 bytes, 214 lines, via ClexHintsPass::rm-toks-5-to-8)
02:37:26 INFO Exiting now ...

=========================================
[!] FATAL PYTHON EXCEPTION IN REDUCTION:
Traceback (most recent call last):
  File "/homes/eb522/imperial/fyp/hipfuzz/find_and_reduce.py", line 228, in run_reduction_task
    generate_interestingness_test(abs_work_dir, good_flag, bad_flag)
  File "/homes/eb522/imperial/fyp/hipfuzz/find_and_reduce.py", line 183, in generate_interestingness_test
    with open(template_path, "r", encoding="utf-8") as f:
         ^^^^^^^^^^^^^^^^^^^^^^^^^^^^^^^^^^^^^^^^^^
FileNotFoundError: [Errno 2] No such file or directory: '/homes/eb522/imperial/fyp/hipfuzz/reductions/job_233857_1775601841090_mismatch_233857/interestingness/template_interesting.py'
=========================================

=========================================
[!] FATAL PYTHON EXCEPTION IN REDUCTION:
Traceback (most recent call last):
  File "/homes/eb522/imperial/fyp/hipfuzz/find_and_reduce.py", line 237, in run_reduction_task
    generate_interestingness_test(abs_work_dir, good_flag, bad_flag)
  File "/homes/eb522/imperial/fyp/hipfuzz/find_and_reduce.py", line 183, in generate_interestingness_test
    content = template_content.format(
              ^^^^^^^^^^^^^^^^^^^^^^^^
KeyError: '\n    "asan"'
=========================================

=========================================
[!] FATAL PYTHON EXCEPTION IN REDUCTION:
Traceback (most recent call last):
  File "/homes/eb522/imperial/fyp/hipfuzz/find_and_reduce.py", line 237, in run_reduction_task
    generate_interestingness_test(abs_work_dir, good_flag, bad_flag)
  File "/homes/eb522/imperial/fyp/hipfuzz/find_and_reduce.py", line 183, in generate_interestingness_test
    content = template_content.format(
              ^^^^^^^^^^^^^^^^^^^^^^^^
KeyError: 'bin_path'
=========================================
00:00:01 ERROR Prereqs not found for pass UnIfDefPass
00:00:01 ERROR Prereqs not found for pass IfPass
00:00:01 ERROR Prereqs not found for pass UnIfDefPass
00:00:12 INFO ===< 2790311 >===
00:00:12 INFO running 4 interestingness tests in parallel
00:00:12 INFO (0.0%, 5551 bytes, 214 lines)
00:00:12 INFO INITIAL PASSES (interleaving)
00:00:12 INFO ===<  >===
00:02:34 INFO (0.1%, 5543 bytes, 212 lines, via BalancedPass::curly-inside + BalancedPass::curly-only)
00:04:54 INFO (0.3%, 5533 bytes, 212 lines, via BlankPass)
00:07:52 INFO (0.4%, 5527 bytes, 211 lines, via LinesPass::1)
00:10:24 INFO (0.6%, 5516 bytes, 211 lines, via LinesPass::1 + ClexHintsPass::rm-toks-1-to-4)
00:13:38 INFO (1.0%, 5497 bytes, 211 lines, via ClexHintsPass::rm-toks-1-to-4)
00:16:47 INFO (3.1%, 5381 bytes, 211 lines, via ClexHintsPass::rm-toks-1-to-4)
00:20:05 INFO (3.4%, 5362 bytes, 211 lines, via BalancedPass::parens + ClexHintsPass::rm-toks-1-to-4)
00:23:06 INFO (4.8%, 5285 bytes, 207 lines, via LinesPass::0 + BalancedPass::parens-only)
00:30:22 INFO (4.9%, 5278 bytes, 206 lines, via ClexHintsPass::rm-toks-1-to-4)
00:33:18 INFO (5.2%, 5263 bytes, 206 lines, via ClexHintsPass::rm-toks-1-to-4)
00:35:57 INFO (5.6%, 5240 bytes, 206 lines, via BalancedPass::parens)
00:42:55 INFO (5.6%, 5239 bytes, 206 lines, via ClexHintsPass::rm-toks-1-to-4)
00:45:15 INFO (6.3%, 5200 bytes, 206 lines, via ClexHintsPass::rm-toks-1-to-4)
00:56:13 INFO (6.4%, 5198 bytes, 206 lines, via BalancedPass::parens-only)
01:13:35 INFO (6.5%, 5190 bytes, 206 lines, via ClexHintsPass::rm-toks-1-to-4)
01:16:16 INFO (6.7%, 5181 bytes, 206 lines, via ClexHintsPass::rm-toks-1-to-4)
01:20:41 INFO (7.2%, 5153 bytes, 206 lines, via ClexHintsPass::rm-toks-1-to-4)
01:25:55 INFO (7.2%, 5151 bytes, 205 lines, via LinesPass::None)
01:28:55 INFO (7.2%, 5149 bytes, 205 lines, via BalancedPass::parens-only)
02:03:34 INFO INITIAL PASSES
02:03:34 ERROR Skipping pass UnIfDefPass
02:03:34 ERROR Skipping pass IfPass
02:03:34 INFO ===< BalancedPass::angles, BalancedPass::angles-inside, BalancedPass::angles-only, BalancedPass::curly, BalancedPass::curly-inside, BalancedPass::curly-only, BalancedPass::curly2, BalancedPass::curly3, BalancedPass::parens, BalancedPass::parens-inside, BalancedPass::parens-only, BalancedPass::parens-to-zero, BalancedPass::square, BalancedPass::square-inside, BalancedPass::square-only, BlankPass, ClangHintsPass::callexpr-to-value, ClangHintsPass::remove-unused-function, ClangHintsPass::replace-dependent-typedef, ClangHintsPass::replace-function-def-with-decl, ClangIncludeGraphPass, ClangModuleMapPass, ClexHintsPass::rm-toks-1-to-4, ClexHintsPass::rm-toks-13-to-16, ClexHintsPass::rm-toks-5-to-8, ClexHintsPass::rm-toks-9-to-12, CommentsPass, InlineIncludesPass, LineMarkersPass, LinesPass::0, LinesPass::1, LinesPass::10, LinesPass::2, LinesPass::3, LinesPass::4, LinesPass::6, LinesPass::8, LinesPass::None, MakefilePass, RmUnusedFilesPass, TreeSitterPass::erase-namespace, TreeSitterPass::remove-function, TreeSitterPass::replace-function-def-with-decl >===
02:03:35 INFO ===< IncludesPass >===
02:03:36 INFO ===< CommentsPass >===
02:03:36 INFO ===< LineMarkersPass >===
02:03:39 INFO ===< BlankPass >===
02:03:39 INFO ===< ClangHintsPass::replace-function-def-with-decl (30 T) >===
02:03:40 INFO ===< ClangHintsPass::remove-unused-function (30 T) >===
02:03:40 INFO cache hit for HIPProg.hip
02:03:40 INFO ===< ClangHintsPass::replace-function-def-with-decl (30 T) >===
02:03:40 INFO cache hit for HIPProg.hip
02:03:40 INFO ===< ClangHintsPass::remove-unused-function (30 T) >===
02:03:41 INFO ===< ClangHintsPass::replace-function-def-with-decl >===
02:03:41 INFO ===< ClangHintsPass::remove-unused-function >===
02:03:48 INFO ===< LinesPass::0 >===
02:05:03 INFO ===< LinesPass::1 >===
02:05:13 INFO ===< LinesPass::2 >===
02:05:13 INFO ===< LinesPass::3 >===
02:05:13 INFO ===< LinesPass::4 >===
02:05:13 INFO ===< LinesPass::6 >===
02:05:13 INFO ===< LinesPass::8 >===
02:05:13 INFO ===< LinesPass::10 >===
02:05:13 INFO cache hit for HIPProg.hip
02:05:13 INFO ===< ClangHintsPass::replace-function-def-with-decl >===
02:05:13 INFO cache hit for HIPProg.hip
02:05:13 INFO ===< ClangHintsPass::remove-unused-function >===
02:05:13 INFO cache hit for HIPProg.hip
02:05:13 INFO ===< ClangHintsPass::remove-unused-function >===
02:05:25 INFO ===< BalancedPass::curly >===
02:05:38 INFO ===< BalancedPass::curly2 >===
02:05:51 INFO ===< BalancedPass::curly3 >===
02:05:59 INFO ===< BalancedPass::parens-to-zero >===
02:06:00 INFO ===< ClangHintsPass::callexpr-to-value >===
02:06:00 INFO ===< ClangPass::replace-callexpr >===
02:06:02 INFO ===< ClangPass::simplify-callexpr >===
02:06:00 INFO using C++ standard: c++2b with 0 transformation opportunities
02:06:02 INFO ===< ClangBinarySearchPass::remove-unused-enum-member >===
02:06:02 INFO ===< ClangPass::remove-enum-member-value >===
02:06:01 INFO using C++ standard: c++2b with 7 transformation opportunities
02:06:05 INFO ===< ClangBinarySearchPass::remove-unused-var >===
02:06:06 INFO ===< SpecialPass::a >===
02:06:06 INFO ===< SpecialPass::b >===
02:06:06 INFO INTERLEAVING PASSES
02:06:06 INFO ===< SpecialPass::c >===
02:28:53 INFO (7.4%, 5143 bytes, 205 lines, via ClexHintsPass::rm-toks-1-to-4)
02:31:57 INFO (7.5%, 5136 bytes, 205 lines, via ClexHintsPass::rm-toks-1-to-4)
02:36:50 INFO (10.9%, 4945 bytes, 199 lines, via TreeSitterPass::remove-function + ClexHintsPass::rm-toks-1-to-4)
02:41:33 INFO (10.9%, 4944 bytes, 199 lines, via LinesPass::None)
02:44:36 INFO (11.0%, 4942 bytes, 199 lines, via BalancedPass::parens-only)
02:47:13 INFO (11.0%, 4941 bytes, 199 lines, via BlankPass)
02:54:52 INFO (11.0%, 4938 bytes, 199 lines, via ClexHintsPass::rm-toks-1-to-4)
02:57:41 INFO (11.5%, 4913 bytes, 199 lines, via ClexHintsPass::rm-toks-1-to-4)
03:46:54 INFO Termination check: size was 5149; now 4913
03:46:54 INFO ===< BalancedPass::angles, BalancedPass::angles-inside, BalancedPass::angles-only, BalancedPass::curly, BalancedPass::curly-inside, BalancedPass::curly-only, BalancedPass::curly2, BalancedPass::curly3, BalancedPass::parens, BalancedPass::parens-inside, BalancedPass::parens-only, BalancedPass::parens-to-zero, BalancedPass::square, BalancedPass::square-inside, BalancedPass::square-only, BlankPass, ClangHintsPass::callexpr-to-value, ClangHintsPass::remove-unused-function, ClangHintsPass::replace-dependent-typedef, ClangHintsPass::replace-function-def-with-decl, ClangIncludeGraphPass, ClangModuleMapPass, ClexHintsPass::rm-toks-1-to-4, ClexHintsPass::rm-toks-13-to-16, ClexHintsPass::rm-toks-5-to-8, ClexHintsPass::rm-toks-9-to-12, CommentsPass, InlineIncludesPass, LineMarkersPass, LinesPass::0, LinesPass::1, LinesPass::10, LinesPass::2, LinesPass::3, LinesPass::4, LinesPass::6, LinesPass::8, LinesPass::None, MakefilePass, RmUnusedFilesPass, TreeSitterPass::erase-namespace, TreeSitterPass::remove-function, TreeSitterPass::replace-function-def-with-decl >===
03:53:04 INFO (11.6%, 4906 bytes, 199 lines, via ClexHintsPass::rm-toks-1-to-4)
03:55:20 INFO (11.7%, 4904 bytes, 199 lines, via ClexHintsPass::rm-toks-1-to-4)
05:11:08 INFO Termination check: size was 4913; now 4904
05:11:08 INFO ===< BalancedPass::angles, BalancedPass::angles-inside, BalancedPass::angles-only, BalancedPass::curly, BalancedPass::curly-inside, BalancedPass::curly-only, BalancedPass::curly2, BalancedPass::curly3, BalancedPass::parens, BalancedPass::parens-inside, BalancedPass::parens-only, BalancedPass::parens-to-zero, BalancedPass::square, BalancedPass::square-inside, BalancedPass::square-only, BlankPass, ClangHintsPass::callexpr-to-value, ClangHintsPass::remove-unused-function, ClangHintsPass::replace-dependent-typedef, ClangHintsPass::replace-function-def-with-decl, ClangIncludeGraphPass, ClangModuleMapPass, ClexHintsPass::rm-toks-1-to-4, ClexHintsPass::rm-toks-13-to-16, ClexHintsPass::rm-toks-5-to-8, ClexHintsPass::rm-toks-9-to-12, CommentsPass, InlineIncludesPass, LineMarkersPass, LinesPass::0, LinesPass::1, LinesPass::10, LinesPass::2, LinesPass::3, LinesPass::4, LinesPass::6, LinesPass::8, LinesPass::None, MakefilePass, RmUnusedFilesPass, TreeSitterPass::erase-namespace, TreeSitterPass::remove-function, TreeSitterPass::replace-function-def-with-decl >===
05:58:06 INFO Exiting now ...
00:00:00 ERROR Prereqs not found for pass UnIfDefPass
00:00:00 ERROR Prereqs not found for pass IfPass
00:00:00 ERROR Prereqs not found for pass UnIfDefPass
00:00:08 INFO ===< 1704076 >===
00:00:08 INFO running 4 interestingness tests in parallel
00:00:08 INFO (0.0%, 4904 bytes, 199 lines)
00:00:08 INFO INITIAL PASSES (interleaving)
00:00:08 INFO ===<  >===
00:59:38 INFO INITIAL PASSES
00:59:38 ERROR Skipping pass UnIfDefPass
00:59:38 ERROR Skipping pass IfPass
00:59:38 INFO ===< BalancedPass::angles, BalancedPass::angles-inside, BalancedPass::angles-only, BalancedPass::curly, BalancedPass::curly-inside, BalancedPass::curly-only, BalancedPass::curly2, BalancedPass::curly3, BalancedPass::parens, BalancedPass::parens-inside, BalancedPass::parens-only, BalancedPass::parens-to-zero, BalancedPass::square, BalancedPass::square-inside, BalancedPass::square-only, BlankPass, ClangHintsPass::callexpr-to-value, ClangHintsPass::remove-unused-function, ClangHintsPass::replace-dependent-typedef, ClangHintsPass::replace-function-def-with-decl, ClangIncludeGraphPass, ClangModuleMapPass, ClexHintsPass::rm-toks-1-to-4, ClexHintsPass::rm-toks-13-to-16, ClexHintsPass::rm-toks-5-to-8, ClexHintsPass::rm-toks-9-to-12, CommentsPass, InlineIncludesPass, LineMarkersPass, LinesPass::0, LinesPass::1, LinesPass::10, LinesPass::2, LinesPass::3, LinesPass::4, LinesPass::6, LinesPass::8, LinesPass::None, MakefilePass, RmUnusedFilesPass, TreeSitterPass::erase-namespace, TreeSitterPass::remove-function, TreeSitterPass::replace-function-def-with-decl >===
00:59:39 INFO ===< IncludesPass >===
00:59:39 INFO ===< CommentsPass >===
00:59:39 INFO ===< LineMarkersPass >===
00:59:41 INFO ===< BlankPass >===
00:59:41 INFO ===< ClangHintsPass::replace-function-def-with-decl (30 T) >===
00:59:42 INFO ===< ClangHintsPass::remove-unused-function (30 T) >===
00:59:42 INFO cache hit for HIPProg.hip
00:59:42 INFO ===< ClangHintsPass::replace-function-def-with-decl (30 T) >===
00:59:42 INFO cache hit for HIPProg.hip
00:59:42 INFO ===< ClangHintsPass::remove-unused-function (30 T) >===
00:59:42 INFO ===< ClangHintsPass::replace-function-def-with-decl >===
00:59:42 INFO ===< ClangHintsPass::remove-unused-function >===
00:59:45 INFO ===< LinesPass::0 >===
01:00:38 INFO ===< LinesPass::1 >===
01:00:45 INFO ===< LinesPass::2 >===
01:00:45 INFO ===< LinesPass::3 >===
01:00:45 INFO ===< LinesPass::4 >===
01:00:45 INFO ===< LinesPass::6 >===
01:00:45 INFO ===< LinesPass::8 >===
01:00:45 INFO ===< LinesPass::10 >===
01:00:45 INFO cache hit for HIPProg.hip
01:00:45 INFO ===< ClangHintsPass::replace-function-def-with-decl >===
01:00:45 INFO cache hit for HIPProg.hip
01:00:45 INFO ===< ClangHintsPass::remove-unused-function >===
01:00:45 INFO cache hit for HIPProg.hip
01:00:45 INFO ===< ClangHintsPass::remove-unused-function >===
01:01:00 INFO ===< BalancedPass::curly >===
01:01:16 INFO ===< BalancedPass::curly2 >===
01:01:16 INFO ===< BalancedPass::curly3 >===
01:01:21 INFO ===< BalancedPass::parens-to-zero >===
01:01:23 INFO ===< ClangHintsPass::callexpr-to-value >===
01:01:23 INFO ===< ClangPass::replace-callexpr >===
01:01:24 INFO ===< ClangPass::simplify-callexpr >===
01:01:23 INFO using C++ standard: c++2b with 0 transformation opportunities
01:01:24 INFO ===< ClangBinarySearchPass::remove-unused-enum-member >===
01:01:24 INFO ===< ClangPass::remove-enum-member-value >===
01:01:23 INFO using C++ standard: c++2b with 5 transformation opportunities
01:01:25 INFO ===< ClangBinarySearchPass::remove-unused-var >===
01:01:26 INFO ===< SpecialPass::a >===
01:01:26 INFO ===< SpecialPass::b >===
01:01:26 INFO INTERLEAVING PASSES
01:01:26 INFO ===< SpecialPass::c >===
01:01:26 INFO cache hit for HIPProg.hip
01:01:26 INFO Termination check: size was 4904; now 4904
01:01:26 INFO MAIN PASSES
01:01:26 ERROR Skipping pass UnIfDefPass
01:01:26 INFO ===< BalancedPass::angles, BalancedPass::angles-inside, BalancedPass::angles-only, BalancedPass::curly, BalancedPass::curly-inside, BalancedPass::curly-only, BalancedPass::curly2, BalancedPass::curly3, BalancedPass::parens, BalancedPass::parens-inside, BalancedPass::parens-only, BalancedPass::parens-to-zero, BalancedPass::square, BalancedPass::square-inside, BalancedPass::square-only, BlankPass, ClangHintsPass::callexpr-to-value, ClangHintsPass::remove-unused-function, ClangHintsPass::replace-dependent-typedef, ClangHintsPass::replace-function-def-with-decl, ClangIncludeGraphPass, ClangModuleMapPass, ClexHintsPass::rm-toks-1-to-4, ClexHintsPass::rm-toks-13-to-16, ClexHintsPass::rm-toks-5-to-8, ClexHintsPass::rm-toks-9-to-12, CommentsPass, InlineIncludesPass, LineMarkersPass, LinesPass::0, LinesPass::1, LinesPass::10, LinesPass::2, LinesPass::3, LinesPass::4, LinesPass::6, LinesPass::8, LinesPass::None, MakefilePass, RmUnusedFilesPass, TreeSitterPass::erase-namespace, TreeSitterPass::remove-function, TreeSitterPass::replace-function-def-with-decl >===
01:01:26 INFO ===< IncludeIncludesPass >===
01:01:26 INFO ===< TernaryPass::b >===
01:01:26 INFO ===< TernaryPass::c >===
01:01:26 INFO cache hit for HIPProg.hip
01:01:26 INFO ===< BalancedPass::curly >===
01:01:26 INFO cache hit for HIPProg.hip
01:01:26 INFO ===< BalancedPass::curly2 >===
01:01:26 INFO cache hit for HIPProg.hip
01:01:26 INFO ===< BalancedPass::curly3 >===
01:01:34 INFO ===< BalancedPass::parens >===
01:01:35 INFO ===< BalancedPass::angles >===
01:01:44 INFO ===< BalancedPass::square >===
01:01:57 INFO ===< BalancedPass::curly-inside >===
01:02:01 INFO ===< BalancedPass::parens-inside >===
01:02:02 INFO ===< BalancedPass::angles-inside >===
01:02:11 INFO ===< BalancedPass::square-inside >===
01:02:20 INFO ===< BalancedPass::curly-only >===
01:02:21 INFO ===< BalancedPass::angles-only >===
01:02:30 INFO ===< BalancedPass::square-only >===
01:02:30 INFO ===< ClangPass::remove-namespace >===
01:02:30 INFO ===< ClangPass::aggregate-to-scalar >===
01:02:30 INFO ===< ClangPass::param-to-global >===
01:02:31 INFO ===< ClangPass::param-to-local >===
01:02:31 INFO ===< ClangPass::remove-nested-function >===
01:02:31 INFO ===< ClangPass::union-to-struct >===
01:02:32 INFO ===< ClangPass::return-void >===
01:02:32 INFO ===< ClangPass::simple-inliner >===
01:02:41 INFO ===< ClangPass::reduce-pointer-level >===
01:02:41 INFO ===< ClangPass::lift-assignment-expr >===
01:02:41 INFO ===< ClangPass::copy-propagation >===
01:02:41 INFO cache hit for HIPProg.hip
01:02:41 INFO ===< ClangHintsPass::callexpr-to-value >===
01:02:42 INFO cache hit for HIPProg.hip
01:02:42 INFO ===< ClangPass::replace-callexpr >===
01:02:42 INFO cache hit for HIPProg.hip
01:02:42 INFO ===< ClangPass::simplify-callexpr >===
01:02:42 INFO cache hit for HIPProg.hip
01:02:42 INFO ===< ClangHintsPass::remove-unused-function >===
01:02:42 INFO cache hit for HIPProg.hip
01:02:42 INFO ===< ClangBinarySearchPass::remove-unused-enum-member >===
01:02:42 INFO cache hit for HIPProg.hip
01:02:42 INFO ===< ClangPass::remove-enum-member-value >===
01:02:42 INFO cache hit for HIPProg.hip
01:02:42 INFO ===< ClangBinarySearchPass::remove-unused-var >===
01:02:42 INFO ===< ClangPass::simplify-if >===
01:02:42 INFO ===< ClangPass::reduce-array-dim >===
01:02:42 INFO ===< ClangPass::reduce-array-size >===
01:02:42 INFO ===< ClangPass::move-definition-to-declaration >===
01:02:42 INFO ===< ClangPass::simplify-comma-expr >===
01:02:42 INFO ===< ClangPass::simplify-dependent-typedef >===
01:02:42 INFO ===< ClangPass::replace-simple-typedef >===
01:02:42 INFO ===< ClangHintsPass::replace-dependent-typedef >===
01:02:42 INFO ===< ClangPass::replace-one-level-typedef-type >===
01:03:04 INFO (0.5%, 4879 bytes, 197 lines)
01:03:22 INFO (1.0%, 4853 bytes, 195 lines)
01:03:44 INFO (1.8%, 4816 bytes, 193 lines)
01:04:05 INFO (2.5%, 4781 bytes, 191 lines)
01:04:26 INFO (3.1%, 4753 bytes, 189 lines)
01:04:47 INFO (3.7%, 4725 bytes, 187 lines)
01:05:08 INFO (4.2%, 4699 bytes, 185 lines)
01:05:28 INFO (4.9%, 4664 bytes, 183 lines)
01:05:45 INFO (5.8%, 4619 bytes, 181 lines)
01:06:03 INFO (6.4%, 4592 bytes, 179 lines)
01:06:26 INFO (7.3%, 4548 bytes, 177 lines)
01:06:43 INFO (8.2%, 4502 bytes, 175 lines)
01:07:04 INFO (9.0%, 4465 bytes, 173 lines)
01:07:26 INFO (9.8%, 4422 bytes, 171 lines)
01:07:42 INFO (10.5%, 4389 bytes, 169 lines)
01:08:03 INFO (11.4%, 4347 bytes, 167 lines)
01:08:18 INFO (11.9%, 4319 bytes, 165 lines)
01:08:36 INFO (12.9%, 4273 bytes, 163 lines)
01:08:54 INFO (13.4%, 4247 bytes, 161 lines)
01:09:15 INFO (14.3%, 4205 bytes, 159 lines)
01:09:36 INFO (15.1%, 4164 bytes, 157 lines)
01:09:51 INFO (15.7%, 4134 bytes, 155 lines)
01:10:06 INFO (16.3%, 4103 bytes, 153 lines)
01:10:25 INFO (17.0%, 4072 bytes, 151 lines)
01:10:40 INFO (17.6%, 4042 bytes, 149 lines)
01:10:58 INFO (18.5%, 3998 bytes, 147 lines)
01:11:12 INFO (19.4%, 3953 bytes, 145 lines)
01:11:30 INFO (20.3%, 3909 bytes, 143 lines)
01:11:44 INFO (20.9%, 3880 bytes, 141 lines)
01:12:02 INFO (21.9%, 3829 bytes, 139 lines)
01:12:18 INFO (22.5%, 3801 bytes, 137 lines)
01:12:33 INFO (23.1%, 3771 bytes, 135 lines)
01:12:48 INFO (23.7%, 3743 bytes, 133 lines)
01:13:07 INFO (24.3%, 3714 bytes, 131 lines)
01:13:25 INFO (25.1%, 3672 bytes, 129 lines)
01:13:46 INFO (25.7%, 3644 bytes, 127 lines)
01:14:01 INFO (26.6%, 3601 bytes, 125 lines)
01:14:16 INFO (27.4%, 3560 bytes, 123 lines)
01:14:37 INFO (28.3%, 3514 bytes, 121 lines)
01:14:58 INFO (28.9%, 3485 bytes, 119 lines)
01:15:17 INFO (29.9%, 3436 bytes, 117 lines)
01:15:30 INFO (30.5%, 3409 bytes, 115 lines)
01:15:30 INFO ===< ClangPass::remove-unused-field >===
01:15:30 INFO ===< ClangPass::instantiate-template-type-param-to-int >===
01:15:30 INFO ===< ClangPass::instantiate-template-param >===
01:15:30 INFO ===< ClangPass::template-arg-to-int >===
01:15:30 INFO ===< ClangPass::template-non-type-arg-to-int >===
01:15:30 INFO ===< ClangPass::reduce-class-template-param >===
01:15:30 INFO ===< ClangPass::remove-trivial-base-template >===
01:15:30 INFO ===< ClangPass::class-template-to-class >===
01:15:30 INFO ===< ClangPass::merge-base-class >===
01:15:30 INFO ===< ClangPass::remove-base-class >===
01:15:31 INFO ===< ClangPass::replace-derived-class >===
01:15:31 INFO ===< ClangPass::remove-unresolved-base >===
01:15:31 INFO ===< ClangPass::remove-ctor-initializer >===
01:15:31 INFO ===< ClangPass::replace-class-with-base-template-spec >===
01:15:31 INFO ===< ClangPass::simplify-nested-class >===
01:15:31 INFO ===< ClangPass::remove-unused-outer-class >===
01:15:31 INFO ===< ClangPass::empty-struct-to-int >===
01:15:31 INFO ===< ClangPass::remove-pointer >===
01:15:31 INFO ===< ClangPass::reduce-pointer-pairs >===
01:15:31 INFO ===< ClangPass::remove-array >===
01:15:31 INFO ===< ClangPass::remove-addr-taken >===
01:15:31 INFO ===< ClangPass::simplify-struct >===
01:15:31 INFO ===< ClangPass::replace-undefined-function >===
01:15:31 INFO ===< ClangPass::replace-array-index-var >===
01:15:31 INFO ===< ClangPass::replace-array-access-with-index >===
01:15:31 INFO ===< ClangPass::replace-dependent-name >===
01:15:31 INFO ===< ClangPass::simplify-recursive-template-instantiation >===
01:15:32 INFO ===< ClangPass::vector-to-array >===
01:15:32 INFO ===< ClangPass::remove-try-catch >===
01:15:32 INFO ===< ClangPass::class-to-struct >===
01:15:41 INFO ===< ClangPass::member-to-global >===
01:15:44 INFO ===< LinesPass::0 >===
01:16:21 INFO ===< LinesPass::1 >===
01:16:24 INFO ===< LinesPass::2 >===
01:16:24 INFO ===< LinesPass::3 >===
01:16:24 INFO ===< LinesPass::4 >===
01:16:24 INFO ===< LinesPass::6 >===
01:16:24 INFO ===< LinesPass::8 >===
01:16:24 INFO ===< LinesPass::10 >===
01:16:24 INFO ===< CommentsPass >===
01:16:24 INFO ===< SpecialPass::b >===
01:16:24 INFO ===< SpecialPass::c >===
01:16:24 INFO ===< IndentPass::regular >===
01:16:30 INFO ===< BalancedPass::parens-to-zero >===
01:17:22 INFO (30.5%, 3408 bytes, 115 lines)
01:17:34 INFO (30.5%, 3407 bytes, 115 lines)
01:20:48 INFO (30.6%, 3405 bytes, 115 lines)
01:21:00 INFO (30.6%, 3403 bytes, 115 lines)
01:21:37 INFO (30.6%, 3401 bytes, 115 lines)
01:21:52 INFO (30.7%, 3399 bytes, 115 lines)
01:22:38 INFO (30.8%, 3394 bytes, 115 lines)
01:48:17 INFO ===< ClexHintsPass::rm-toks-1-to-16 >===
02:03:59 INFO ===< ClexPass::rm-tok-pattern-4 >===
02:04:00 INFO ===< ClangPass::local-to-global >===
02:04:07 INFO ===< PeepPass::c >===
02:04:22 INFO (30.8%, 3393 bytes, 115 lines)
02:04:41 INFO (30.8%, 3392 bytes, 115 lines)
02:04:59 INFO (30.9%, 3391 bytes, 115 lines)
02:05:20 INFO (30.9%, 3390 bytes, 115 lines)
02:05:39 INFO (30.9%, 3389 bytes, 115 lines)
02:06:00 INFO (30.9%, 3388 bytes, 115 lines)
02:06:19 INFO (30.9%, 3387 bytes, 115 lines)
02:06:37 INFO (31.0%, 3386 bytes, 115 lines)
02:06:56 INFO (31.0%, 3385 bytes, 115 lines)
02:07:15 INFO (31.0%, 3384 bytes, 115 lines)
02:07:37 INFO (31.0%, 3383 bytes, 115 lines)
02:07:53 INFO (31.0%, 3382 bytes, 115 lines)
02:08:08 INFO (31.1%, 3381 bytes, 115 lines)
02:08:23 INFO (31.1%, 3380 bytes, 115 lines)
02:08:39 INFO (31.1%, 3379 bytes, 115 lines)
02:08:54 INFO (31.1%, 3378 bytes, 115 lines)
02:09:16 INFO (31.1%, 3377 bytes, 115 lines)
02:09:31 INFO (31.2%, 3376 bytes, 115 lines)
02:09:50 INFO (31.2%, 3375 bytes, 115 lines)
02:10:08 INFO (31.2%, 3374 bytes, 115 lines)
02:10:24 INFO (31.2%, 3373 bytes, 115 lines)
02:10:42 INFO (31.2%, 3372 bytes, 115 lines)
02:10:58 INFO (31.3%, 3371 bytes, 115 lines)
02:11:16 INFO (31.3%, 3370 bytes, 115 lines)
02:11:37 INFO (31.3%, 3369 bytes, 115 lines)
02:11:53 INFO (31.3%, 3368 bytes, 115 lines)
02:12:11 INFO (31.3%, 3367 bytes, 115 lines)
02:12:32 INFO (31.4%, 3366 bytes, 115 lines)
02:12:46 INFO (31.4%, 3365 bytes, 115 lines)
02:13:01 INFO (31.4%, 3364 bytes, 115 lines)
02:13:23 INFO (31.4%, 3363 bytes, 115 lines)
02:13:42 INFO (31.4%, 3362 bytes, 115 lines)
02:14:03 INFO (31.5%, 3361 bytes, 115 lines)
02:14:19 INFO (31.5%, 3360 bytes, 115 lines)
02:14:37 INFO (31.5%, 3359 bytes, 115 lines)
02:14:52 INFO (31.5%, 3358 bytes, 115 lines)
02:15:08 INFO (31.5%, 3357 bytes, 115 lines)
02:15:24 INFO (31.6%, 3356 bytes, 115 lines)
02:15:41 INFO (31.6%, 3355 bytes, 115 lines)
02:16:02 INFO (31.6%, 3354 bytes, 115 lines)
02:16:16 INFO (31.6%, 3353 bytes, 115 lines)
02:16:28 INFO (31.6%, 3352 bytes, 115 lines)
02:16:37 INFO (31.7%, 3351 bytes, 115 lines)
02:16:45 INFO (31.7%, 3350 bytes, 115 lines)
02:16:54 INFO (31.7%, 3349 bytes, 115 lines)
02:17:03 INFO (31.7%, 3348 bytes, 115 lines)
02:17:12 INFO (31.7%, 3347 bytes, 115 lines)
02:17:20 INFO (31.8%, 3346 bytes, 115 lines)
02:17:25 INFO ===< IntsPass::a >===
02:17:46 INFO (31.8%, 3344 bytes, 115 lines)
02:18:01 INFO (31.9%, 3342 bytes, 115 lines)
02:18:15 INFO (31.9%, 3340 bytes, 115 lines)
02:18:28 INFO (31.9%, 3338 bytes, 115 lines)
02:18:36 INFO (32.0%, 3336 bytes, 115 lines)
02:18:37 INFO ===< IntsPass::b >===
02:18:58 INFO (32.0%, 3334 bytes, 115 lines)
02:19:14 INFO (32.1%, 3332 bytes, 115 lines)
02:19:29 INFO (32.1%, 3331 bytes, 115 lines)
02:19:45 INFO (32.1%, 3329 bytes, 115 lines)
02:20:06 INFO (32.2%, 3327 bytes, 115 lines)
02:20:22 INFO (32.2%, 3325 bytes, 115 lines)
02:20:43 INFO (32.2%, 3324 bytes, 115 lines)
02:21:02 INFO (32.2%, 3323 bytes, 115 lines)
02:21:17 INFO (32.3%, 3322 bytes, 115 lines)
02:21:34 INFO (32.3%, 3321 bytes, 115 lines)
02:21:47 INFO (32.3%, 3320 bytes, 115 lines)
02:21:55 INFO (32.3%, 3319 bytes, 115 lines)
02:21:55 INFO ===< IntsPass::c >===
02:22:03 INFO (32.3%, 3318 bytes, 115 lines)
02:22:03 INFO ===< IntsPass::d >===
02:22:03 INFO ===< IntsPass::c >===
02:22:08 INFO ===< BalancedPass::parens-only >===
02:22:09 INFO ===< ClexPass::delete-string >===
02:22:10 INFO Termination check: size was 4904; now 3318
02:22:10 ERROR Skipping pass UnIfDefPass
02:22:10 INFO ===< ClexPass::define >===
02:22:10 INFO ===< IncludeIncludesPass >===
02:22:10 INFO ===< TernaryPass::b >===
02:22:10 INFO ===< TernaryPass::c >===
02:22:24 INFO ===< BalancedPass::curly >===
02:22:37 INFO ===< BalancedPass::curly2 >===
02:22:37 INFO ===< BalancedPass::curly3 >===
02:22:45 INFO ===< BalancedPass::parens >===
02:22:46 INFO ===< BalancedPass::angles >===
02:22:51 INFO ===< BalancedPass::square >===
02:23:04 INFO ===< BalancedPass::curly-inside >===
02:23:08 INFO ===< BalancedPass::parens-inside >===
02:23:09 INFO ===< BalancedPass::angles-inside >===
02:23:12 INFO ===< BalancedPass::square-inside >===
02:23:17 INFO ===< BalancedPass::curly-only >===
02:23:18 INFO ===< BalancedPass::angles-only >===
02:23:24 INFO ===< BalancedPass::square-only >===
02:23:24 INFO ===< ClangPass::remove-namespace >===
02:23:24 INFO ===< ClangPass::aggregate-to-scalar >===
02:23:24 INFO ===< ClangPass::param-to-global >===
02:23:25 INFO ===< ClangPass::param-to-local >===
02:23:25 INFO ===< ClangPass::remove-nested-function >===
02:23:25 INFO ===< ClangPass::union-to-struct >===
02:23:26 INFO ===< ClangPass::return-void >===
02:23:26 INFO ===< ClangPass::simple-inliner >===
02:23:31 INFO ===< ClangPass::reduce-pointer-level >===
02:23:31 INFO ===< ClangPass::lift-assignment-expr >===
02:23:31 INFO ===< ClangPass::copy-propagation >===
02:23:32 INFO ===< ClangHintsPass::callexpr-to-value >===
02:23:32 INFO ===< ClangPass::replace-callexpr >===
02:23:33 INFO ===< ClangPass::simplify-callexpr >===
02:23:33 INFO ===< ClangHintsPass::remove-unused-function >===
02:23:33 INFO using C++ standard: c++2b with 0 transformation opportunities
02:23:33 INFO ===< ClangBinarySearchPass::remove-unused-enum-member >===
02:23:34 INFO ===< ClangPass::remove-enum-member-value >===
02:23:33 INFO using C++ standard: c++2b with 3 transformation opportunities
02:23:34 INFO ===< ClangBinarySearchPass::remove-unused-var >===
02:23:34 INFO ===< ClangPass::simplify-if >===
02:23:34 INFO ===< ClangPass::reduce-array-dim >===
02:23:34 INFO ===< ClangPass::reduce-array-size >===
02:23:34 INFO ===< ClangPass::move-definition-to-declaration >===
02:23:34 INFO ===< ClangPass::simplify-comma-expr >===
02:23:34 INFO ===< ClangPass::simplify-dependent-typedef >===
02:23:34 INFO ===< ClangPass::replace-simple-typedef >===
02:23:34 INFO ===< ClangHintsPass::replace-dependent-typedef >===
02:23:34 INFO ===< ClangPass::replace-one-level-typedef-type >===
02:23:55 INFO (33.1%, 3279 bytes, 113 lines)
02:24:11 INFO (33.4%, 3265 bytes, 111 lines)
02:24:27 INFO (33.7%, 3249 bytes, 109 lines)
02:24:46 INFO (34.6%, 3209 bytes, 107 lines)
02:25:07 INFO (35.4%, 3166 bytes, 105 lines)
02:25:24 INFO (36.3%, 3124 bytes, 103 lines)
02:25:45 INFO (37.1%, 3083 bytes, 101 lines)
02:26:04 INFO (37.7%, 3053 bytes, 99 lines)
02:26:19 INFO ===< ClangPass::remove-unused-field >===
02:26:19 INFO ===< ClangPass::instantiate-template-type-param-to-int >===
02:26:19 INFO ===< ClangPass::instantiate-template-param >===
02:26:19 INFO ===< ClangPass::template-arg-to-int >===
02:26:19 INFO ===< ClangPass::template-non-type-arg-to-int >===
02:26:19 INFO ===< ClangPass::reduce-class-template-param >===
02:26:19 INFO ===< ClangPass::remove-trivial-base-template >===
02:26:19 INFO ===< ClangPass::class-template-to-class >===
02:26:19 INFO ===< ClangPass::merge-base-class >===
02:26:19 INFO ===< ClangPass::remove-base-class >===
02:26:19 INFO ===< ClangPass::replace-derived-class >===
02:26:19 INFO ===< ClangPass::remove-unresolved-base >===
02:26:20 INFO ===< ClangPass::remove-ctor-initializer >===
02:26:20 INFO ===< ClangPass::replace-class-with-base-template-spec >===
02:26:20 INFO ===< ClangPass::simplify-nested-class >===
02:26:20 INFO ===< ClangPass::remove-unused-outer-class >===
02:26:20 INFO ===< ClangPass::empty-struct-to-int >===
02:26:20 INFO ===< ClangPass::remove-pointer >===
02:26:20 INFO ===< ClangPass::reduce-pointer-pairs >===
02:26:20 INFO ===< ClangPass::remove-array >===
02:26:20 INFO ===< ClangPass::remove-addr-taken >===
02:26:20 INFO ===< ClangPass::simplify-struct >===
02:26:20 INFO ===< ClangPass::replace-undefined-function >===
02:26:20 INFO ===< ClangPass::replace-array-index-var >===
02:26:20 INFO ===< ClangPass::replace-array-access-with-index >===
02:26:20 INFO ===< ClangPass::replace-dependent-name >===
02:26:20 INFO ===< ClangPass::simplify-recursive-template-instantiation >===
02:26:20 INFO ===< ClangPass::vector-to-array >===
02:26:20 INFO ===< ClangPass::remove-try-catch >===
02:26:21 INFO ===< ClangPass::class-to-struct >===
02:26:27 INFO ===< ClangPass::member-to-global >===
02:26:30 INFO ===< LinesPass::0 >===
02:26:57 INFO ===< LinesPass::1 >===
02:26:59 INFO ===< LinesPass::2 >===
02:26:59 INFO ===< LinesPass::3 >===
02:26:59 INFO ===< LinesPass::4 >===
02:26:59 INFO ===< LinesPass::6 >===
02:26:59 INFO ===< LinesPass::8 >===
02:26:59 INFO ===< LinesPass::10 >===
02:26:59 INFO ===< CommentsPass >===
02:26:59 INFO ===< SpecialPass::b >===
02:26:59 INFO ===< SpecialPass::c >===
02:26:59 INFO ===< IndentPass::regular >===
02:27:04 INFO ===< BalancedPass::parens-to-zero >===
02:51:40 INFO ===< ClexHintsPass::rm-toks-1-to-16 >===
03:04:39 INFO ===< ClexPass::rm-tok-pattern-4 >===
03:04:40 INFO ===< ClangPass::local-to-global >===
03:04:46 INFO ===< PeepPass::c >===
03:04:55 INFO (37.8%, 3052 bytes, 99 lines)
03:04:59 INFO ===< IntsPass::a >===
03:04:59 INFO ===< IntsPass::b >===
03:04:59 INFO ===< IntsPass::c >===
03:04:59 INFO ===< IntsPass::d >===
03:04:59 INFO cache hit for HIPProg.hip
03:04:59 INFO ===< IntsPass::c >===
03:05:04 INFO ===< BalancedPass::parens-only >===
03:05:05 INFO ===< ClexPass::delete-string >===
03:05:06 INFO Termination check: size was 3318; now 3052
03:05:06 ERROR Skipping pass UnIfDefPass
03:05:06 INFO ===< ClexPass::define >===
03:05:06 INFO ===< IncludeIncludesPass >===
03:05:06 INFO ===< TernaryPass::b >===
03:05:06 INFO ===< TernaryPass::c >===
03:05:20 INFO ===< BalancedPass::curly >===
03:05:33 INFO ===< BalancedPass::curly2 >===
03:05:33 INFO ===< BalancedPass::curly3 >===
03:05:41 INFO ===< BalancedPass::parens >===
03:05:42 INFO ===< BalancedPass::angles >===
03:05:51 INFO ===< BalancedPass::square >===
03:06:03 INFO ===< BalancedPass::curly-inside >===
03:06:07 INFO ===< BalancedPass::parens-inside >===
03:06:08 INFO ===< BalancedPass::angles-inside >===
03:06:11 INFO ===< BalancedPass::square-inside >===
03:06:16 INFO ===< BalancedPass::curly-only >===
03:06:17 INFO ===< BalancedPass::angles-only >===
03:06:20 INFO ===< BalancedPass::square-only >===
03:06:20 INFO ===< ClangPass::remove-namespace >===
03:06:20 INFO ===< ClangPass::aggregate-to-scalar >===
03:06:21 INFO ===< ClangPass::param-to-global >===
03:06:22 INFO ===< ClangPass::param-to-local >===
03:06:22 INFO ===< ClangPass::remove-nested-function >===
03:06:22 INFO ===< ClangPass::union-to-struct >===
03:06:23 INFO ===< ClangPass::return-void >===
03:06:23 INFO ===< ClangPass::simple-inliner >===
03:06:26 INFO ===< ClangPass::reduce-pointer-level >===
03:06:26 INFO ===< ClangPass::lift-assignment-expr >===
03:06:26 INFO ===< ClangPass::copy-propagation >===
03:06:27 INFO ===< ClangHintsPass::callexpr-to-value >===
03:06:28 INFO ===< ClangPass::replace-callexpr >===
03:06:29 INFO ===< ClangPass::simplify-callexpr >===
03:06:29 INFO ===< ClangHintsPass::remove-unused-function >===
03:06:29 INFO using C++ standard: c++2b with 0 transformation opportunities
03:06:29 INFO ===< ClangBinarySearchPass::remove-unused-enum-member >===
03:06:29 INFO ===< ClangPass::remove-enum-member-value >===
03:06:29 INFO using C++ standard: c++2b with 3 transformation opportunities
03:06:30 INFO ===< ClangBinarySearchPass::remove-unused-var >===
03:06:30 INFO ===< ClangPass::simplify-if >===
03:06:30 INFO ===< ClangPass::reduce-array-dim >===
03:06:30 INFO ===< ClangPass::reduce-array-size >===
03:06:30 INFO ===< ClangPass::move-definition-to-declaration >===
03:06:30 INFO ===< ClangPass::simplify-comma-expr >===
03:06:30 INFO ===< ClangPass::simplify-dependent-typedef >===
03:06:30 INFO ===< ClangPass::replace-simple-typedef >===
03:06:30 INFO ===< ClangHintsPass::replace-dependent-typedef >===
03:06:30 INFO ===< ClangPass::replace-one-level-typedef-type >===
03:06:47 INFO (38.6%, 3011 bytes, 97 lines)
03:07:08 INFO (39.1%, 2985 bytes, 95 lines)
03:07:21 INFO (39.7%, 2958 bytes, 93 lines)
03:07:38 INFO ===< ClangPass::remove-unused-field >===
03:07:38 INFO ===< ClangPass::instantiate-template-type-param-to-int >===
03:07:38 INFO ===< ClangPass::instantiate-template-param >===
03:07:38 INFO ===< ClangPass::template-arg-to-int >===
03:07:38 INFO ===< ClangPass::template-non-type-arg-to-int >===
03:07:38 INFO ===< ClangPass::reduce-class-template-param >===
03:07:38 INFO ===< ClangPass::remove-trivial-base-template >===
03:07:38 INFO ===< ClangPass::class-template-to-class >===
03:07:38 INFO ===< ClangPass::merge-base-class >===
03:07:38 INFO ===< ClangPass::remove-base-class >===
03:07:38 INFO ===< ClangPass::replace-derived-class >===
03:07:38 INFO ===< ClangPass::remove-unresolved-base >===
03:07:38 INFO ===< ClangPass::remove-ctor-initializer >===
03:07:38 INFO ===< ClangPass::replace-class-with-base-template-spec >===
03:07:38 INFO ===< ClangPass::simplify-nested-class >===
03:07:38 INFO ===< ClangPass::remove-unused-outer-class >===
03:07:38 INFO ===< ClangPass::empty-struct-to-int >===
03:07:39 INFO ===< ClangPass::remove-pointer >===
03:07:39 INFO ===< ClangPass::reduce-pointer-pairs >===
03:07:39 INFO ===< ClangPass::remove-array >===
03:07:39 INFO ===< ClangPass::remove-addr-taken >===
03:07:39 INFO ===< ClangPass::simplify-struct >===
03:07:39 INFO ===< ClangPass::replace-undefined-function >===
03:07:39 INFO ===< ClangPass::replace-array-index-var >===
03:07:39 INFO ===< ClangPass::replace-array-access-with-index >===
03:07:39 INFO ===< ClangPass::replace-dependent-name >===
03:07:39 INFO ===< ClangPass::simplify-recursive-template-instantiation >===
03:07:39 INFO ===< ClangPass::vector-to-array >===
03:07:39 INFO ===< ClangPass::remove-try-catch >===
03:07:39 INFO ===< ClangPass::class-to-struct >===
03:07:45 INFO ===< ClangPass::member-to-global >===
03:07:48 INFO ===< LinesPass::0 >===
03:08:14 INFO ===< LinesPass::1 >===
03:08:16 INFO ===< LinesPass::2 >===
03:08:16 INFO ===< LinesPass::3 >===
03:08:16 INFO ===< LinesPass::4 >===
03:08:16 INFO ===< LinesPass::6 >===
03:08:16 INFO ===< LinesPass::8 >===
03:08:16 INFO ===< LinesPass::10 >===
03:08:17 INFO ===< CommentsPass >===
03:08:17 INFO ===< SpecialPass::b >===
03:08:17 INFO ===< SpecialPass::c >===
03:08:17 INFO ===< IndentPass::regular >===
03:08:23 INFO ===< BalancedPass::parens-to-zero >===
03:31:31 INFO ===< ClexHintsPass::rm-toks-1-to-16 >===
03:43:48 INFO ===< ClexPass::rm-tok-pattern-4 >===
03:43:49 INFO ===< ClangPass::local-to-global >===
03:43:54 INFO ===< PeepPass::c >===
03:43:58 INFO ===< IntsPass::a >===
03:43:58 INFO ===< IntsPass::b >===
03:43:58 INFO ===< IntsPass::c >===
03:43:58 INFO ===< IntsPass::d >===
03:43:58 INFO cache hit for HIPProg.hip
03:43:58 INFO ===< IntsPass::c >===
03:44:02 INFO ===< BalancedPass::parens-only >===
03:44:03 INFO ===< ClexPass::delete-string >===
03:44:04 INFO Termination check: size was 3052; now 2958
03:44:04 ERROR Skipping pass UnIfDefPass
03:44:04 INFO ===< ClexPass::define >===
03:44:04 INFO ===< IncludeIncludesPass >===
03:44:04 INFO ===< TernaryPass::b >===
03:44:04 INFO ===< TernaryPass::c >===
03:44:18 INFO ===< BalancedPass::curly >===
03:44:31 INFO ===< BalancedPass::curly2 >===
03:44:31 INFO ===< BalancedPass::curly3 >===
03:44:38 INFO ===< BalancedPass::parens >===
03:44:39 INFO ===< BalancedPass::angles >===
03:44:47 INFO ===< BalancedPass::square >===
03:44:59 INFO ===< BalancedPass::curly-inside >===
03:45:03 INFO ===< BalancedPass::parens-inside >===
03:45:04 INFO ===< BalancedPass::angles-inside >===
03:45:07 INFO ===< BalancedPass::square-inside >===
03:45:11 INFO ===< BalancedPass::curly-only >===
03:45:12 INFO ===< BalancedPass::angles-only >===
03:45:15 INFO ===< BalancedPass::square-only >===
03:45:15 INFO ===< ClangPass::remove-namespace >===
03:45:15 INFO ===< ClangPass::aggregate-to-scalar >===
03:45:15 INFO ===< ClangPass::param-to-global >===
03:45:16 INFO ===< ClangPass::param-to-local >===
03:45:16 INFO ===< ClangPass::remove-nested-function >===
03:45:17 INFO ===< ClangPass::union-to-struct >===
03:45:18 INFO ===< ClangPass::return-void >===
03:45:18 INFO ===< ClangPass::simple-inliner >===
03:45:20 INFO ===< ClangPass::reduce-pointer-level >===
03:45:20 INFO ===< ClangPass::lift-assignment-expr >===
03:45:20 INFO ===< ClangPass::copy-propagation >===
03:45:21 INFO ===< ClangHintsPass::callexpr-to-value >===
03:45:21 INFO ===< ClangPass::replace-callexpr >===
03:45:22 INFO ===< ClangPass::simplify-callexpr >===
03:45:22 INFO ===< ClangHintsPass::remove-unused-function >===
03:45:22 INFO using C++ standard: c++2b with 0 transformation opportunities
03:45:23 INFO ===< ClangBinarySearchPass::remove-unused-enum-member >===
03:45:23 INFO ===< ClangPass::remove-enum-member-value >===
03:45:22 INFO using C++ standard: c++2b with 3 transformation opportunities
03:45:23 INFO ===< ClangBinarySearchPass::remove-unused-var >===
03:45:23 INFO ===< ClangPass::simplify-if >===
03:45:23 INFO ===< ClangPass::reduce-array-dim >===
03:45:23 INFO ===< ClangPass::reduce-array-size >===
03:45:23 INFO ===< ClangPass::move-definition-to-declaration >===
03:45:23 INFO ===< ClangPass::simplify-comma-expr >===
03:45:24 INFO ===< ClangPass::simplify-dependent-typedef >===
03:45:24 INFO ===< ClangPass::replace-simple-typedef >===
03:45:24 INFO ===< ClangHintsPass::replace-dependent-typedef >===
03:45:24 INFO ===< ClangPass::replace-one-level-typedef-type >===
03:45:41 INFO ===< ClangPass::remove-unused-field >===
03:45:41 INFO cache hit for HIPProg.hip
03:45:41 INFO ===< ClangPass::instantiate-template-type-param-to-int >===
03:45:41 INFO cache hit for HIPProg.hip
03:45:41 INFO ===< ClangPass::instantiate-template-param >===
03:45:41 INFO cache hit for HIPProg.hip
03:45:41 INFO ===< ClangPass::template-arg-to-int >===
03:45:41 INFO cache hit for HIPProg.hip
03:45:41 INFO ===< ClangPass::template-non-type-arg-to-int >===
03:45:41 INFO cache hit for HIPProg.hip
03:45:41 INFO ===< ClangPass::reduce-class-template-param >===
03:45:41 INFO cache hit for HIPProg.hip
03:45:41 INFO ===< ClangPass::remove-trivial-base-template >===
03:45:41 INFO cache hit for HIPProg.hip
03:45:41 INFO ===< ClangPass::class-template-to-class >===
03:45:41 INFO cache hit for HIPProg.hip
03:45:41 INFO ===< ClangPass::merge-base-class >===
03:45:41 INFO cache hit for HIPProg.hip
03:45:41 INFO ===< ClangPass::remove-base-class >===
03:45:41 INFO cache hit for HIPProg.hip
03:45:41 INFO ===< ClangPass::replace-derived-class >===
03:45:41 INFO cache hit for HIPProg.hip
03:45:41 INFO ===< ClangPass::remove-unresolved-base >===
03:45:41 INFO cache hit for HIPProg.hip
03:45:41 INFO ===< ClangPass::remove-ctor-initializer >===
03:45:41 INFO cache hit for HIPProg.hip
03:45:41 INFO ===< ClangPass::replace-class-with-base-template-spec >===
03:45:41 INFO cache hit for HIPProg.hip
03:45:41 INFO ===< ClangPass::simplify-nested-class >===
03:45:41 INFO cache hit for HIPProg.hip
03:45:41 INFO ===< ClangPass::remove-unused-outer-class >===
03:45:41 INFO cache hit for HIPProg.hip
03:45:41 INFO ===< ClangPass::empty-struct-to-int >===
03:45:41 INFO cache hit for HIPProg.hip
03:45:41 INFO ===< ClangPass::remove-pointer >===
03:45:41 INFO cache hit for HIPProg.hip
03:45:41 INFO ===< ClangPass::reduce-pointer-pairs >===
03:45:41 INFO cache hit for HIPProg.hip
03:45:41 INFO ===< ClangPass::remove-array >===
03:45:41 INFO cache hit for HIPProg.hip
03:45:41 INFO ===< ClangPass::remove-addr-taken >===
03:45:41 INFO cache hit for HIPProg.hip
03:45:41 INFO ===< ClangPass::simplify-struct >===
03:45:41 INFO cache hit for HIPProg.hip
03:45:41 INFO ===< ClangPass::replace-undefined-function >===
03:45:41 INFO cache hit for HIPProg.hip
03:45:41 INFO ===< ClangPass::replace-array-index-var >===
03:45:41 INFO cache hit for HIPProg.hip
03:45:41 INFO ===< ClangPass::replace-array-access-with-index >===
03:45:41 INFO cache hit for HIPProg.hip
03:45:41 INFO ===< ClangPass::replace-dependent-name >===
03:45:41 INFO cache hit for HIPProg.hip
03:45:41 INFO ===< ClangPass::simplify-recursive-template-instantiation >===
03:45:41 INFO cache hit for HIPProg.hip
03:45:41 INFO ===< ClangPass::vector-to-array >===
03:45:41 INFO cache hit for HIPProg.hip
03:45:41 INFO ===< ClangPass::remove-try-catch >===
03:45:41 INFO cache hit for HIPProg.hip
03:45:41 INFO ===< ClangPass::class-to-struct >===
03:45:41 INFO cache hit for HIPProg.hip
03:45:41 INFO ===< ClangPass::member-to-global >===
03:45:41 INFO cache hit for HIPProg.hip
03:45:41 INFO ===< LinesPass::0 >===
03:45:41 INFO cache hit for HIPProg.hip
03:45:41 INFO ===< LinesPass::1 >===
03:45:41 INFO cache hit for HIPProg.hip
03:45:41 INFO ===< LinesPass::2 >===
03:45:41 INFO cache hit for HIPProg.hip
03:45:41 INFO ===< LinesPass::3 >===
03:45:41 INFO cache hit for HIPProg.hip
03:45:41 INFO ===< LinesPass::4 >===
03:45:41 INFO cache hit for HIPProg.hip
03:45:41 INFO ===< LinesPass::6 >===
03:45:41 INFO cache hit for HIPProg.hip
03:45:41 INFO ===< LinesPass::8 >===
03:45:41 INFO cache hit for HIPProg.hip
03:45:41 INFO ===< LinesPass::10 >===
03:45:41 INFO cache hit for HIPProg.hip
03:45:41 INFO ===< CommentsPass >===
03:45:41 INFO cache hit for HIPProg.hip
03:45:41 INFO ===< SpecialPass::b >===
03:45:41 INFO cache hit for HIPProg.hip
03:45:41 INFO ===< SpecialPass::c >===
03:45:41 INFO cache hit for HIPProg.hip
03:45:41 INFO ===< IndentPass::regular >===
03:45:41 INFO cache hit for HIPProg.hip
03:45:41 INFO ===< BalancedPass::parens-to-zero >===
03:45:41 INFO cache hit for HIPProg.hip
03:45:41 INFO ===< ClexHintsPass::rm-toks-1-to-16 >===
03:45:41 INFO cache hit for HIPProg.hip
03:45:41 INFO ===< ClexPass::rm-tok-pattern-4 >===
03:45:41 INFO cache hit for HIPProg.hip
03:45:41 INFO ===< ClangPass::local-to-global >===
03:45:41 INFO cache hit for HIPProg.hip
03:45:41 INFO ===< PeepPass::c >===
03:45:41 INFO cache hit for HIPProg.hip
03:45:41 INFO ===< IntsPass::a >===
03:45:41 INFO cache hit for HIPProg.hip
03:45:41 INFO ===< IntsPass::b >===
03:45:41 INFO cache hit for HIPProg.hip
03:45:41 INFO ===< IntsPass::c >===
03:45:42 INFO cache hit for HIPProg.hip
03:45:42 INFO ===< IntsPass::d >===
03:45:42 INFO cache hit for HIPProg.hip
03:45:42 INFO ===< IntsPass::c >===
03:45:42 INFO cache hit for HIPProg.hip
03:45:42 INFO ===< BalancedPass::parens-only >===
03:45:42 INFO cache hit for HIPProg.hip
03:45:42 INFO ===< ClexPass::delete-string >===
03:45:42 INFO cache hit for HIPProg.hip
03:45:42 INFO Termination check: size was 2958; now 2958
03:45:42 INFO CLEANUP PASSES
03:45:42 INFO ===< ClexPass::define >===
03:45:42 INFO ===< ClangPass::combine-global-var >===
03:45:42 INFO ===< ClangPass::combine-local-var >===
03:45:43 INFO ===< ClangPass::simplify-struct-union-decl >===
03:45:43 INFO ===< ClangPass::move-global-var >===
03:45:43 INFO ===< ClangPass::unify-function-decl >===
03:45:43 INFO cache hit for HIPProg.hip
03:45:43 INFO ===< LinesPass::0 >===
03:45:43 INFO cache hit for HIPProg.hip
03:45:43 INFO ===< ClexPass::delete-string >===
03:46:01 INFO (42.4%, 2823 bytes, 93 lines)
03:46:22 INFO (45.3%, 2683 bytes, 93 lines)
03:46:39 INFO (45.5%, 2673 bytes, 93 lines)
03:46:41 INFO ===< BlankPass >===
03:46:43 INFO ===< BlankPass >===
03:46:43 INFO ===================== done ====================
===< PASS statistics >===
  pass name                                                     bytes reduced time (s) time (%)   worked   failed  total executed
  ClangPass::remove-unused-field                                         1854   658.56     4.84       53      378             431
  BlankPass                                                               285    41.91     0.31        3       46              49
  IntsPass::a                                                              49   539.68     3.97       49      272             321
  IntsPass::c                                                              17   125.63     0.92       12       62              74
  ClexHintsPass::rm-toks-1-to-16                                           15  4725.45    34.74        7    30954           30961
  IntsPass::b                                                              10    40.06     0.29        5       31              36
  IntsPass::d                                                               1     2.12     0.02        1        8               9
  RmUnusedFilesPass                                                         0     0.00     0.00        0        0               0
  InlineIncludesPass                                                        0     0.00     0.00        0        0               0
  SpecialPass::c                                                            0     0.01     0.00        0        0               0
  ClangIncludeGraphPass                                                     0     0.01     0.00        0        0               0
  BalancedPass::curly3                                                      0     0.01     0.00        0        0               0
  TreeSitterPass::erase-namespace                                           0     0.01     0.00        0        0               0
  SpecialPass::b                                                            0     0.01     0.00        0        0               0
  LinesPass::10                                                             0     0.02     0.00        0        0               0
  LinesPass::6                                                              0     0.02     0.00        0        0               0
  ClangModuleMapPass                                                        0     0.02     0.00        0        0               0
  MakefilePass                                                              0     0.02     0.00        0        0               0
  LinesPass::4                                                              0     0.02     0.00        0        0               0
  LinesPass::3                                                              0     0.02     0.00        0        0               0
  LineMarkersPass                                                           0     0.02     0.00        0        0               0
  IndentPass::final                                                         0     0.02     0.00        0        1               1
  LinesPass::8                                                              0     0.02     0.00        0        0               0
  ClangPass::combine-global-var                                             0     0.03     0.00        0        4               4
  IncludeIncludesPass                                                       0     0.04     0.00        0       16              16
  ClangPass::move-global-var                                                0     0.04     0.00        0        4               4
  ClangPass::simplify-struct-union-decl                                     0     0.04     0.00        0        4               4
  ClangPass::unify-function-decl                                            0     0.04     0.00        0        4               4
  TernaryPass::c                                                            0     0.04     0.00        0        0               0
  TernaryPass::b                                                            0     0.04     0.00        0        0               0
  IndentPass::regular                                                       0     0.06     0.00        0        3               3
  ClangPass::replace-array-index-var                                        0     0.13     0.00        0       12              12
  ClangPass::simplify-recursive-template-instantiation                      0     0.13     0.00        0       12              12
  ClangPass::empty-struct-to-int                                            0     0.13     0.00        0       12              12
  ClangPass::remove-unresolved-base                                         0     0.13     0.00        0       12              12
  ClangPass::remove-base-class                                              0     0.13     0.00        0       12              12
  ClangPass::simplify-struct                                                0     0.13     0.00        0       12              12
  ClangPass::reduce-pointer-pairs                                           0     0.13     0.00        0       12              12
  ClangPass::simplify-nested-class                                          0     0.13     0.00        0       12              12
  ClangPass::class-template-to-class                                        0     0.13     0.00        0       12              12
  ClangPass::replace-dependent-name                                         0     0.13     0.00        0       12              12
  ClangPass::template-non-type-arg-to-int                                   0     0.13     0.00        0       12              12
  ClangPass::remove-trivial-base-template                                   0     0.13     0.00        0       12              12
  ClangPass::replace-undefined-function                                     0     0.13     0.00        0       12              12
  ClangPass::instantiate-template-param                                     0     0.13     0.00        0       12              12
  ClangHintsPass::replace-dependent-typedef                                 0     0.14     0.00        0        0               0
  ClangPass::remove-try-catch                                               0     0.14     0.00        0       12              12
  ClangPass::replace-class-with-base-template-spec                          0     0.14     0.00        0       12              12
  ClangPass::remove-ctor-initializer                                        0     0.14     0.00        0       12              12
  ClangPass::remove-addr-taken                                              0     0.14     0.00        0       12              12
  ClangPass::replace-array-access-with-index                                0     0.14     0.00        0       12              12
  ClangPass::reduce-class-template-param                                    0     0.14     0.00        0       12              12
  ClangPass::replace-derived-class                                          0     0.14     0.00        0       12              12
  ClangPass::vector-to-array                                                0     0.14     0.00        0       12              12
  ClangPass::remove-array                                                   0     0.14     0.00        0       12              12
  ClangPass::template-arg-to-int                                            0     0.14     0.00        0       12              12
  ClangPass::instantiate-template-type-param-to-int                         0     0.14     0.00        0       12              12
  ClangPass::remove-unused-outer-class                                      0     0.15     0.00        0       12              12
  ClangPass::class-to-struct                                                0     0.15     0.00        0       12              12
  ClangPass::merge-base-class                                               0     0.15     0.00        0       12              12
  ClangPass::replace-callexpr                                               0     0.16     0.00        0       16              16
  ClangPass::remove-enum-member-value                                       0     0.17     0.00        0       16              16
  ClangPass::move-definition-to-declaration                                 0     0.17     0.00        0       16              16
  ClangPass::lift-assignment-expr                                           0     0.17     0.00        0       16              16
  ClangPass::reduce-array-size                                              0     0.17     0.00        0       16              16
  ClangPass::reduce-array-dim                                               0     0.18     0.00        0       16              16
  ClangPass::union-to-struct                                                0     0.18     0.00        0       16              16
  ClangPass::aggregate-to-scalar                                            0     0.18     0.00        0       16              16
  ClangPass::remove-namespace                                               0     0.18     0.00        0       16              16
  ClangPass::replace-one-level-typedef-type                                 0     0.18     0.00        0       16              16
  ClangPass::remove-pointer                                                 0     0.18     0.00        0       12              12
  ClangPass::simplify-comma-expr                                            0     0.18     0.00        0       16              16
  ClangPass::simplify-dependent-typedef                                     0     0.18     0.00        0       16              16
  ClangPass::copy-propagation                                               0     0.19     0.00        0       16              16
  ClangPass::simplify-if                                                    0     0.19     0.00        0       16              16
  ClangPass::replace-simple-typedef                                         0     0.20     0.00        0       16              16
  ClangPass::simple-inliner                                                 0     0.20     0.00        0       16              16
  ClangHintsPass::remove-unused-function (30 T)                             0     0.21     0.00        0        1               1
  ClangHintsPass::replace-function-def-with-decl (30 T)                     0     0.25     0.00        0        3               3
  ClangPass::combine-local-var                                              0     0.32     0.00        0        7               7
  ClangPass::param-to-global                                                0     0.35     0.00        0       16              16
  TreeSitterPass::replace-function-def-with-decl                            0     0.37     0.00        0        4               4
  ClangHintsPass::replace-function-def-with-decl                            0     0.39     0.00        0        6               6
  TreeSitterPass::remove-function                                           0     0.51     0.00        0        9               9
  ClangPass::remove-nested-function                                         0     0.52     0.00        0       24              24
  SpecialPass::a                                                            0     0.53     0.00        0        2               2
  ClexPass::define                                                          0     0.73     0.01        0       12              12
  IncludesPass                                                              0     0.73     0.01        0        4               4
  ClangBinarySearchPass::remove-unused-enum-member                          0     0.96     0.01        0        0               0
  ClangHintsPass::remove-unused-function                                    0     1.07     0.01        0        5               5
  ClangPass::return-void                                                    0     1.18     0.01        0       16              16
  ClangPass::param-to-local                                                 0     1.23     0.01        0       16              16
  ClexPass::delete-string                                                   0     1.52     0.01        0       12              12
  ClangBinarySearchPass::remove-unused-var                                  0     1.72     0.01        0       21              21
  CommentsPass                                                              0     1.86     0.01        0      105             105
  ClangHintsPass::callexpr-to-value                                         0     2.29     0.02        0       56              56
  ClangPass::simplify-callexpr                                              0     2.37     0.02        0       58              58
  BalancedPass::angles-only                                                 0     2.42     0.02        0       20              20
  BalancedPass::angles                                                      0     2.44     0.02        0       20              20
  BalancedPass::angles-inside                                               0     2.57     0.02        0       20              20
  ClangPass::local-to-global                                                0     3.28     0.02        0       36              36
  PeepPass::c                                                               0    12.62     0.09        0     9405            9405
  LinesPass::0                                                              0    13.42     0.10        0       75              75
  ClangPass::reduce-pointer-level                                           0    17.21     0.13        0       70              70
  BalancedPass::parens-inside                                               0    18.50     0.14        0      240             240
  LinesPass::2                                                              0    19.66     0.14        0       71              71
  BalancedPass::parens-only                                                 0    19.81     0.15        0      272             272
  ClangPass::member-to-global                                               0    20.59     0.15        0       75              75
  BalancedPass::parens-to-zero                                              0    26.52     0.19        0      340             340
  BalancedPass::square-inside                                               0    27.17     0.20        0      122             122
  BalancedPass::square-only                                                 0    28.00     0.21        0      136             136
  BalancedPass::parens                                                      0    28.91     0.21        0      340             340
  BalancedPass::curly-only                                                  0    31.28     0.23        0      131             131
  BalancedPass::square                                                      0    31.75     0.23        0      136             136
  BalancedPass::curly-inside                                                0    33.62     0.25        0       45              45
  BalancedPass::curly2                                                      0    40.81     0.30        0      131             131
  BalancedPass::curly                                                       0    41.04     0.30        0      131             131
  LinesPass::None                                                           0    85.66     0.63        0      335             335
  LinesPass::1                                                              0   177.27     1.30        0      660             660
  ClexHintsPass::rm-toks-5-to-8                                             0   816.41     6.00        0     4094            4094
  ClexHintsPass::rm-toks-9-to-12                                            0   818.54     6.02        0     4078            4078
  ClexHintsPass::rm-toks-13-to-16                                           0   825.48     6.07        0     4062            4062
  ClexHintsPass::rm-toks-1-to-4                                             0   865.36     6.36        0     4110            4110
  ClexPass::rm-tok-pattern-4                                                0  2452.86    18.03        0    15574           15574

Runtime: 13603 seconds
Reduced test-cases:

--- HIPProg.hip ---
#include <hip/hip_runtime.h>
#include "HIPSmith.h"
#include "safe_math_macros.h"
#define transparent_crc(X, Y, Z) transparent_crc_(&crc64_context, X, , )
struct S0 {
    uint64_t g_81[6][8][1];
    int32_t g_90;
    int32_t *g_162;
    uint8_t g_300;
    uint64_t g_310;
    uint32_t **g_495;
    int32_t g_717;
    uint32_t ***g_969;
    uint64_t *g_1198;
    int32_t *g_1521;
    uint16_t g_1574;
    uint32_t g_1690;
    uint64_t g_1834;
    uint16_t g_1988;
    int32_t g_2070;
    uint32_t g_2083;
    uint64_t **g_2174;
    uint32_t g_2213;
    int32_t *g_2237;
};
__device__ int32_t  func_1(S0 * p_2397)
{ 
    int16_t l_1684 = 51;    int i;
        uint64_t *l_1693 = &p_2397->g_310;
        for (i = 0; i < 3; i++)
            *l_1693 |= safe_sub_func_int8_t_s_s(0 != *p_2397->g_1521, l_1684);
    return 0;
}
__global__ void hipsmith_kernel(uint64_t *results) {
    S0 c_2398;
    S0* p_2397 = &c_2398;
    S0 c_2399 {
        {}, 
        9, 
        nullptr, 
        9, 
        8, 
        nullptr, 
        5, 
        &p_2397->g_495, 
        &p_2397->g_81[4][6][0], 
        &p_2397->g_717, 
        {}, 
        4073709551615, 
        {}, 
        5, 
        5, 
        {}, 
        &p_2397->g_1198, 
        5, 
        &p_2397->g_90};
    c_2398 = c_2399;
    func_1(p_2397);
    uint64_t crc64_context = 0xFFFFFFFFFFFFFFFFUL;
    transparent_crc(p_2397->g_310, , );
    int tid = threadIdx.x + blockIdx.x * blockDim.x;
    results[tid] = (crc64_context ^ 0xFFFFFFFFFFFFFFFFUL);
}
// ------------------------------------------------------------------
// Host Main
// ------------------------------------------------------------------
int main(int argc, const char* argv[]) {
    // Config
    const unsigned int num_threads = 4;
    const unsigned int block_size = 4;
    // Host Alloc
    std::vector<uint64_t> h_results(num_threads);
    const size_t results_bytes = sizeof(uint64_t) * h_results.size();
    // Device Alloc
    uint64_t *d_results;
    HIP_CHECK(hipMalloc((void**)&d_results, results_bytes));
    HIP_CHECK(hipMemset(d_results, 0, results_bytes));
    // Dimensions
    const dim3 block_dim(block_size);
    const dim3 grid_dim((num_threads + block_size - 1) / block_size);
    // Launch
    hipLaunchKernelGGL(hipsmith_kernel, grid_dim, block_dim, 0, 0, d_results);
    HIP_CHECK(hipGetLastError());
    HIP_CHECK(hipDeviceSynchronize());
    // Copy Back
    HIP_CHECK(hipMemcpy(h_results.data(), d_results, results_bytes, hipMemcpyDeviceToHost));
    // Free
    HIP_CHECK(hipFree(d_results));
    // Output
    for (size_t i = 0; i < h_results.size(); ++i)
    printf("Thread %zu CRC: %lu\n", i, h_results[i]);
    return 0;
}

