00:00:00 ERROR Prereqs not found for pass UnIfDefPass
00:00:00 ERROR Prereqs not found for pass IfPass
00:00:00 ERROR Prereqs not found for pass UnIfDefPass
00:00:13 INFO ===< 858780 >===
00:00:13 INFO running 4 interestingness tests in parallel
00:00:13 INFO (0.0%, 177481 bytes, 1954 lines)
00:00:13 INFO INITIAL PASSES (interleaving)
00:00:13 INFO ===<  >===
00:06:35 INFO (65.3%, 61554 bytes, 1108 lines, via BalancedPass::curly-inside + LinesPass::3 + LinesPass::6 + BalancedPass::curly3 + CommentsPass + LinesPass::0 + BlankPass)
00:12:25 INFO (81.3%, 33188 bytes, 848 lines, via BalancedPass::curly3 + BalancedPass::curly-inside + LinesPass::2 + LinesPass::1 + LinesPass::3 + CommentsPass + BlankPass)
00:18:58 INFO (90.1%, 17648 bytes, 449 lines, via LinesPass::0 + BalancedPass::curly-inside + TreeSitterPass::replace-function-def-with-decl + BalancedPass::curly2 + LinesPass::3 + BlankPass)
00:25:06 INFO (92.1%, 14053 bytes, 404 lines, via BalancedPass::curly-inside + BalancedPass::parens-to-zero + LinesPass::2 + BalancedPass::curly2 + LinesPass::3 + TreeSitterPass::remove-function + BalancedPass::curly3 + BalancedPass::curly-only + ClexHintsPass::rm-toks-1-to-4)
00:31:49 INFO (94.2%, 10303 bytes, 322 lines, via BalancedPass::curly-inside + LinesPass::None + LinesPass::2 + LinesPass::1 + BalancedPass::square + BlankPass + BalancedPass::curly-only + LinesPass::4 + BalancedPass::curly2)
00:36:34 INFO (94.9%, 9110 bytes, 306 lines, via TreeSitterPass::remove-function + BalancedPass::parens-to-zero + LinesPass::None + LinesPass::2 + BalancedPass::square + BalancedPass::parens-only + BalancedPass::curly3 + ClexHintsPass::rm-toks-1-to-4)
00:42:13 INFO (95.4%, 8242 bytes, 293 lines, via LinesPass::1 + BalancedPass::curly-inside + BalancedPass::parens-to-zero + BalancedPass::parens-only + BalancedPass::square)
00:49:48 INFO (95.6%, 7777 bytes, 284 lines, via LinesPass::None + BalancedPass::parens-to-zero + BalancedPass::square + BalancedPass::parens-only + BlankPass + BalancedPass::square-only + ClexHintsPass::rm-toks-1-to-4)
00:53:00 INFO (95.7%, 7591 bytes, 278 lines, via LinesPass::None + BalancedPass::curly3 + ClexHintsPass::rm-toks-1-to-4)
00:58:56 INFO (96.2%, 6800 bytes, 253 lines, via LinesPass::1 + BalancedPass::curly-inside + ClexHintsPass::rm-toks-13-to-16 + ClexHintsPass::rm-toks-1-to-4)
01:03:57 INFO (96.4%, 6340 bytes, 242 lines, via LinesPass::None + ClexHintsPass::rm-toks-1-to-4)
01:07:51 INFO (96.5%, 6186 bytes, 241 lines, via BalancedPass::parens-inside + ClexHintsPass::rm-toks-5-to-8 + ClexHintsPass::rm-toks-9-to-12 + BalancedPass::square + ClexHintsPass::rm-toks-1-to-4)
01:11:37 INFO (96.6%, 6089 bytes, 240 lines, via ClexHintsPass::rm-toks-5-to-8 + ClexHintsPass::rm-toks-13-to-16 + ClexHintsPass::rm-toks-1-to-4)
01:15:46 INFO (96.6%, 6052 bytes, 239 lines, via LinesPass::2 + BalancedPass::parens-only)
01:19:48 INFO (96.7%, 5939 bytes, 237 lines, via LinesPass::1 + ClexHintsPass::rm-toks-1-to-4 + ClexHintsPass::rm-toks-5-to-8)
01:24:04 INFO (96.7%, 5836 bytes, 233 lines, via ClexHintsPass::rm-toks-1-to-4 + ClexHintsPass::rm-toks-9-to-12 + BlankPass)
01:27:20 INFO (96.7%, 5807 bytes, 231 lines, via TreeSitterPass::remove-function + BalancedPass::square)
01:30:05 INFO (96.7%, 5801 bytes, 231 lines, via BalancedPass::parens-only + BalancedPass::square-inside)
01:32:51 INFO (96.8%, 5754 bytes, 228 lines, via LinesPass::None)
01:36:01 INFO (96.8%, 5691 bytes, 226 lines, via ClexHintsPass::rm-toks-1-to-4 + ClexHintsPass::rm-toks-5-to-8 + ClexHintsPass::rm-toks-9-to-12 + BlankPass)
01:42:31 INFO (96.8%, 5673 bytes, 226 lines, via ClexHintsPass::rm-toks-9-to-12)
01:44:56 INFO (96.8%, 5669 bytes, 226 lines, via ClexHintsPass::rm-toks-1-to-4)
01:50:37 INFO (96.8%, 5667 bytes, 226 lines, via BalancedPass::parens-only)
01:52:51 INFO (96.8%, 5664 bytes, 226 lines, via ClexHintsPass::rm-toks-1-to-4)
01:55:12 INFO (96.8%, 5659 bytes, 226 lines, via ClexHintsPass::rm-toks-1-to-4)
01:57:39 INFO (96.8%, 5646 bytes, 226 lines, via ClexHintsPass::rm-toks-1-to-4)
02:00:44 INFO (96.8%, 5644 bytes, 226 lines, via BalancedPass::parens-only)
02:02:39 INFO (96.8%, 5641 bytes, 226 lines, via BalancedPass::square)
02:06:02 INFO (96.8%, 5631 bytes, 226 lines, via ClexHintsPass::rm-toks-1-to-4)
02:08:36 INFO (96.9%, 5579 bytes, 226 lines, via ClexHintsPass::rm-toks-13-to-16)
02:11:02 INFO (96.9%, 5531 bytes, 226 lines, via ClexHintsPass::rm-toks-13-to-16)
02:13:14 INFO (97.0%, 5304 bytes, 225 lines, via LinesPass::1)
02:45:21 INFO (97.0%, 5288 bytes, 225 lines, via ClexHintsPass::rm-toks-5-to-8)
02:49:21 INFO (97.1%, 5194 bytes, 221 lines, via ClexHintsPass::rm-toks-5-to-8)
02:51:30 INFO (97.1%, 5191 bytes, 221 lines, via BalancedPass::square)
02:53:59 INFO (97.1%, 5189 bytes, 221 lines, via BalancedPass::parens-only)
03:01:52 INFO INITIAL PASSES
03:01:52 ERROR Skipping pass UnIfDefPass
03:01:52 ERROR Skipping pass IfPass
03:01:52 INFO ===< BalancedPass::angles, BalancedPass::angles-inside, BalancedPass::angles-only, BalancedPass::curly, BalancedPass::curly-inside, BalancedPass::curly-only, BalancedPass::curly2, BalancedPass::curly3, BalancedPass::parens, BalancedPass::parens-inside, BalancedPass::parens-only, BalancedPass::parens-to-zero, BalancedPass::square, BalancedPass::square-inside, BalancedPass::square-only, BlankPass, ClangHintsPass::callexpr-to-value, ClangHintsPass::remove-unused-function, ClangHintsPass::replace-dependent-typedef, ClangHintsPass::replace-function-def-with-decl, ClangIncludeGraphPass, ClangModuleMapPass, ClexHintsPass::rm-toks-1-to-4, ClexHintsPass::rm-toks-13-to-16, ClexHintsPass::rm-toks-5-to-8, ClexHintsPass::rm-toks-9-to-12, CommentsPass, InlineIncludesPass, LineMarkersPass, LinesPass::0, LinesPass::1, LinesPass::10, LinesPass::2, LinesPass::3, LinesPass::4, LinesPass::6, LinesPass::8, LinesPass::None, MakefilePass, RmUnusedFilesPass, TreeSitterPass::erase-namespace, TreeSitterPass::remove-function, TreeSitterPass::replace-function-def-with-decl >===
03:01:53 INFO ===< IncludesPass >===
03:01:53 INFO ===< CommentsPass >===
03:01:53 INFO ===< LineMarkersPass >===
03:01:54 INFO ===< BlankPass >===
03:01:55 INFO ===< ClangHintsPass::replace-function-def-with-decl (30 T) >===
03:01:55 INFO ===< ClangHintsPass::remove-unused-function (30 T) >===
03:01:55 INFO cache hit for HIPProg.hip
03:01:55 INFO ===< ClangHintsPass::replace-function-def-with-decl (30 T) >===
03:01:55 INFO cache hit for HIPProg.hip
03:01:55 INFO ===< ClangHintsPass::remove-unused-function (30 T) >===
03:01:55 INFO ===< ClangHintsPass::replace-function-def-with-decl >===
03:01:55 INFO ===< ClangHintsPass::remove-unused-function >===
03:01:57 INFO ===< LinesPass::0 >===
03:02:48 INFO ===< LinesPass::1 >===
03:02:59 INFO ===< LinesPass::2 >===
03:03:05 INFO ===< LinesPass::3 >===
03:03:10 INFO ===< LinesPass::4 >===
03:03:10 INFO ===< LinesPass::6 >===
03:03:10 INFO ===< LinesPass::8 >===
03:03:10 INFO ===< LinesPass::10 >===
03:03:10 INFO cache hit for HIPProg.hip
03:03:10 INFO ===< ClangHintsPass::replace-function-def-with-decl >===
03:03:10 INFO cache hit for HIPProg.hip
03:03:10 INFO ===< ClangHintsPass::remove-unused-function >===
03:03:10 INFO cache hit for HIPProg.hip
03:03:10 INFO ===< ClangHintsPass::remove-unused-function >===
03:03:30 INFO ===< BalancedPass::curly >===
03:03:50 INFO ===< BalancedPass::curly2 >===
03:03:50 INFO ===< BalancedPass::curly3 >===
03:03:55 INFO ===< BalancedPass::parens-to-zero >===
03:03:56 INFO ===< ClangHintsPass::callexpr-to-value >===
03:03:56 INFO ===< ClangPass::replace-callexpr >===
03:03:57 INFO ===< ClangPass::simplify-callexpr >===
03:03:57 INFO using C++ standard: c++2b with 0 transformation opportunities
03:03:58 INFO ===< ClangBinarySearchPass::remove-unused-enum-member >===
03:03:58 INFO ===< ClangPass::remove-enum-member-value >===
03:03:57 INFO using C++ standard: c++2b with 6 transformation opportunities
03:03:59 INFO ===< ClangBinarySearchPass::remove-unused-var >===
03:04:00 INFO ===< SpecialPass::a >===
03:04:00 INFO ===< SpecialPass::b >===
03:04:00 INFO INTERLEAVING PASSES
03:04:00 INFO ===< SpecialPass::c >===
03:05:41 INFO (97.1%, 5187 bytes, 219 lines, via BalancedPass::curly-only)
03:07:31 INFO (97.1%, 5173 bytes, 215 lines, via BlankPass + BalancedPass::curly-only)
03:08:51 INFO (97.1%, 5172 bytes, 215 lines, via ClexHintsPass::rm-toks-1-to-4)
03:11:01 INFO (97.1%, 5127 bytes, 215 lines, via BlankPass)
04:02:09 INFO Termination check: size was 5189; now 5127
04:02:09 INFO ===< BalancedPass::angles, BalancedPass::angles-inside, BalancedPass::angles-only, BalancedPass::curly, BalancedPass::curly-inside, BalancedPass::curly-only, BalancedPass::curly2, BalancedPass::curly3, BalancedPass::parens, BalancedPass::parens-inside, BalancedPass::parens-only, BalancedPass::parens-to-zero, BalancedPass::square, BalancedPass::square-inside, BalancedPass::square-only, BlankPass, ClangHintsPass::callexpr-to-value, ClangHintsPass::remove-unused-function, ClangHintsPass::replace-dependent-typedef, ClangHintsPass::replace-function-def-with-decl, ClangIncludeGraphPass, ClangModuleMapPass, ClexHintsPass::rm-toks-1-to-4, ClexHintsPass::rm-toks-13-to-16, ClexHintsPass::rm-toks-5-to-8, ClexHintsPass::rm-toks-9-to-12, CommentsPass, InlineIncludesPass, LineMarkersPass, LinesPass::0, LinesPass::1, LinesPass::10, LinesPass::2, LinesPass::3, LinesPass::4, LinesPass::6, LinesPass::8, LinesPass::None, MakefilePass, RmUnusedFilesPass, TreeSitterPass::erase-namespace, TreeSitterPass::remove-function, TreeSitterPass::replace-function-def-with-decl >===
04:49:56 INFO Termination check: size was 5127; now 5127
04:49:56 INFO MAIN PASSES
04:49:56 ERROR Skipping pass UnIfDefPass
04:49:56 INFO ===< BalancedPass::angles, BalancedPass::angles-inside, BalancedPass::angles-only, BalancedPass::curly, BalancedPass::curly-inside, BalancedPass::curly-only, BalancedPass::curly2, BalancedPass::curly3, BalancedPass::parens, BalancedPass::parens-inside, BalancedPass::parens-only, BalancedPass::parens-to-zero, BalancedPass::square, BalancedPass::square-inside, BalancedPass::square-only, BlankPass, ClangHintsPass::callexpr-to-value, ClangHintsPass::remove-unused-function, ClangHintsPass::replace-dependent-typedef, ClangHintsPass::replace-function-def-with-decl, ClangIncludeGraphPass, ClangModuleMapPass, ClexHintsPass::rm-toks-1-to-4, ClexHintsPass::rm-toks-13-to-16, ClexHintsPass::rm-toks-5-to-8, ClexHintsPass::rm-toks-9-to-12, CommentsPass, InlineIncludesPass, LineMarkersPass, LinesPass::0, LinesPass::1, LinesPass::10, LinesPass::2, LinesPass::3, LinesPass::4, LinesPass::6, LinesPass::8, LinesPass::None, MakefilePass, RmUnusedFilesPass, TreeSitterPass::erase-namespace, TreeSitterPass::remove-function, TreeSitterPass::replace-function-def-with-decl >===
04:49:56 INFO ===< IncludeIncludesPass >===
04:49:56 INFO ===< TernaryPass::b >===
04:49:56 INFO ===< TernaryPass::c >===
04:50:11 INFO ===< BalancedPass::curly >===
04:50:25 INFO ===< BalancedPass::curly2 >===
04:50:25 INFO ===< BalancedPass::curly3 >===
04:50:31 INFO ===< BalancedPass::parens >===
04:50:32 INFO ===< BalancedPass::angles >===
04:50:39 INFO ===< BalancedPass::square >===
04:50:51 INFO ===< BalancedPass::curly-inside >===
04:50:54 INFO ===< BalancedPass::parens-inside >===
04:50:55 INFO ===< BalancedPass::angles-inside >===
04:51:01 INFO ===< BalancedPass::square-inside >===
04:51:10 INFO ===< BalancedPass::curly-only >===
04:51:11 INFO ===< BalancedPass::angles-only >===
04:51:18 INFO ===< BalancedPass::square-only >===
04:51:18 INFO ===< ClangPass::remove-namespace >===
04:51:18 INFO ===< ClangPass::aggregate-to-scalar >===
04:51:18 INFO ===< ClangPass::param-to-global >===
04:51:19 INFO ===< ClangPass::param-to-local >===
04:51:19 INFO ===< ClangPass::remove-nested-function >===
04:51:19 INFO ===< ClangPass::union-to-struct >===
04:51:19 INFO ===< ClangPass::return-void >===
04:51:19 INFO ===< ClangPass::simple-inliner >===
04:51:27 INFO ===< ClangPass::reduce-pointer-level >===
04:51:27 INFO ===< ClangPass::lift-assignment-expr >===
04:51:27 INFO ===< ClangPass::copy-propagation >===
04:51:28 INFO ===< ClangHintsPass::callexpr-to-value >===
04:51:28 INFO ===< ClangPass::replace-callexpr >===
04:51:28 INFO ===< ClangPass::simplify-callexpr >===
04:51:29 INFO ===< ClangHintsPass::remove-unused-function >===
04:51:28 INFO using C++ standard: c++2b with 0 transformation opportunities
04:51:29 INFO ===< ClangBinarySearchPass::remove-unused-enum-member >===
04:51:29 INFO ===< ClangPass::remove-enum-member-value >===
04:51:28 INFO using C++ standard: c++2b with 6 transformation opportunities
04:51:30 INFO ===< ClangBinarySearchPass::remove-unused-var >===
04:51:30 INFO ===< ClangPass::simplify-if >===
04:51:30 INFO ===< ClangPass::reduce-array-dim >===
04:51:30 INFO ===< ClangPass::reduce-array-size >===
04:51:30 INFO ===< ClangPass::move-definition-to-declaration >===
04:51:30 INFO ===< ClangPass::simplify-comma-expr >===
04:51:30 INFO ===< ClangPass::simplify-dependent-typedef >===
04:51:30 INFO ===< ClangPass::replace-simple-typedef >===
04:51:30 INFO ===< ClangHintsPass::replace-dependent-typedef >===
04:51:30 INFO ===< ClangPass::replace-one-level-typedef-type >===
04:51:42 INFO (97.1%, 5112 bytes, 213 lines)
04:51:53 INFO (97.1%, 5076 bytes, 211 lines)
04:52:08 INFO (97.1%, 5061 bytes, 209 lines)
04:52:19 INFO (97.2%, 5035 bytes, 207 lines)
04:52:31 INFO (97.2%, 5008 bytes, 205 lines)
04:52:42 INFO (97.2%, 4982 bytes, 203 lines)
04:52:55 INFO (97.2%, 4955 bytes, 201 lines)
04:53:06 INFO (97.2%, 4922 bytes, 199 lines)
04:53:18 INFO (97.2%, 4895 bytes, 197 lines)
04:53:30 INFO (97.3%, 4867 bytes, 195 lines)
04:53:42 INFO (97.3%, 4840 bytes, 193 lines)
04:53:54 INFO (97.3%, 4812 bytes, 191 lines)
04:54:09 INFO (97.3%, 4779 bytes, 189 lines)
04:54:21 INFO (97.3%, 4750 bytes, 187 lines)
04:54:35 INFO (97.3%, 4704 bytes, 185 lines)
04:54:50 INFO (97.4%, 4662 bytes, 183 lines)
04:55:05 INFO (97.4%, 4633 bytes, 181 lines)
04:55:16 INFO (97.4%, 4606 bytes, 179 lines)
04:55:28 INFO (97.4%, 4563 bytes, 177 lines)
04:55:40 INFO (97.4%, 4535 bytes, 175 lines)
04:55:52 INFO (97.5%, 4494 bytes, 173 lines)
04:56:04 INFO (97.5%, 4464 bytes, 171 lines)
04:56:17 INFO (97.5%, 4436 bytes, 169 lines)
04:56:29 INFO (97.5%, 4396 bytes, 167 lines)
04:56:41 INFO (97.6%, 4347 bytes, 165 lines)
04:56:53 INFO (97.6%, 4307 bytes, 163 lines)
04:57:05 INFO (97.6%, 4279 bytes, 161 lines)
04:57:18 INFO (97.6%, 4250 bytes, 159 lines)
04:57:30 INFO (97.6%, 4207 bytes, 157 lines)
04:57:42 INFO (97.7%, 4164 bytes, 155 lines)
04:57:54 INFO (97.7%, 4137 bytes, 153 lines)
04:58:06 INFO (97.7%, 4100 bytes, 151 lines)
04:58:19 INFO (97.7%, 4051 bytes, 149 lines)
04:58:31 INFO (97.7%, 4023 bytes, 147 lines)
04:58:43 INFO (97.8%, 3982 bytes, 145 lines)
04:58:55 INFO (97.8%, 3947 bytes, 143 lines)
04:59:07 INFO (97.8%, 3920 bytes, 141 lines)
04:59:19 INFO (97.8%, 3876 bytes, 139 lines)
04:59:31 INFO (97.8%, 3827 bytes, 137 lines)
04:59:43 INFO (97.9%, 3799 bytes, 135 lines)
04:59:56 INFO (97.9%, 3754 bytes, 133 lines)
05:00:07 INFO (97.9%, 3724 bytes, 131 lines)
05:00:23 INFO (97.9%, 3696 bytes, 129 lines)
05:00:34 INFO (97.9%, 3669 bytes, 127 lines)
05:00:44 INFO (98.0%, 3635 bytes, 125 lines)
05:00:55 INFO (98.0%, 3607 bytes, 123 lines)
05:01:05 INFO (98.0%, 3578 bytes, 121 lines)
05:01:15 INFO (98.0%, 3550 bytes, 119 lines)
05:01:26 INFO (98.0%, 3505 bytes, 117 lines)
05:01:37 INFO (98.0%, 3463 bytes, 115 lines)
05:01:47 INFO (98.1%, 3434 bytes, 113 lines)
05:01:58 INFO (98.1%, 3404 bytes, 111 lines)
05:02:05 INFO (98.1%, 3352 bytes, 109 lines)
05:02:14 INFO (98.1%, 3311 bytes, 107 lines)
05:02:19 INFO (98.2%, 3266 bytes, 105 lines)
05:02:19 INFO ===< ClangPass::remove-unused-field >===
05:02:19 INFO ===< ClangPass::instantiate-template-type-param-to-int >===
05:02:19 INFO ===< ClangPass::instantiate-template-param >===
05:02:19 INFO ===< ClangPass::template-arg-to-int >===
05:02:19 INFO ===< ClangPass::template-non-type-arg-to-int >===
05:02:19 INFO ===< ClangPass::reduce-class-template-param >===
05:02:19 INFO ===< ClangPass::remove-trivial-base-template >===
05:02:19 INFO ===< ClangPass::class-template-to-class >===
05:02:19 INFO ===< ClangPass::merge-base-class >===
05:02:19 INFO ===< ClangPass::remove-base-class >===
05:02:19 INFO ===< ClangPass::replace-derived-class >===
05:02:20 INFO ===< ClangPass::remove-unresolved-base >===
05:02:20 INFO ===< ClangPass::remove-ctor-initializer >===
05:02:20 INFO ===< ClangPass::replace-class-with-base-template-spec >===
05:02:20 INFO ===< ClangPass::simplify-nested-class >===
05:02:20 INFO ===< ClangPass::remove-unused-outer-class >===
05:02:20 INFO ===< ClangPass::empty-struct-to-int >===
05:02:20 INFO ===< ClangPass::remove-pointer >===
05:02:20 INFO ===< ClangPass::reduce-pointer-pairs >===
05:02:20 INFO ===< ClangPass::remove-array >===
05:02:20 INFO ===< ClangPass::remove-addr-taken >===
05:02:20 INFO ===< ClangPass::simplify-struct >===
05:02:20 INFO ===< ClangPass::replace-undefined-function >===
05:02:20 INFO ===< ClangPass::replace-array-index-var >===
05:02:20 INFO ===< ClangPass::replace-array-access-with-index >===
05:02:20 INFO ===< ClangPass::replace-dependent-name >===
05:02:20 INFO ===< ClangPass::simplify-recursive-template-instantiation >===
05:02:20 INFO ===< ClangPass::vector-to-array >===
05:02:20 INFO ===< ClangPass::remove-try-catch >===
05:02:20 INFO ===< ClangPass::class-to-struct >===
05:02:24 INFO ===< ClangPass::member-to-global >===
05:02:26 INFO ===< LinesPass::0 >===
05:02:47 INFO ===< LinesPass::1 >===
05:02:48 INFO ===< LinesPass::2 >===
05:02:48 INFO ===< LinesPass::3 >===
05:02:48 INFO ===< LinesPass::4 >===
05:02:48 INFO ===< LinesPass::6 >===
05:02:48 INFO ===< LinesPass::8 >===
05:02:48 INFO ===< LinesPass::10 >===
05:02:48 INFO ===< CommentsPass >===
05:02:48 INFO ===< SpecialPass::b >===
05:02:48 INFO ===< SpecialPass::c >===
05:02:48 INFO ===< IndentPass::regular >===
05:02:51 INFO ===< BalancedPass::parens-to-zero >===
05:03:33 INFO (98.2%, 3265 bytes, 105 lines)
05:03:45 INFO (98.2%, 3264 bytes, 105 lines)
05:04:00 INFO (98.2%, 3263 bytes, 105 lines)
05:04:16 INFO (98.2%, 3262 bytes, 105 lines)
05:04:26 INFO (98.2%, 3261 bytes, 105 lines)
05:04:35 INFO (98.2%, 3260 bytes, 105 lines)
05:04:44 INFO (98.2%, 3259 bytes, 105 lines)
05:05:34 INFO (98.2%, 3220 bytes, 104 lines)
05:05:42 INFO (98.2%, 3218 bytes, 104 lines)
05:06:47 INFO (98.2%, 3216 bytes, 104 lines)
05:07:18 INFO (98.2%, 3214 bytes, 104 lines)
05:07:27 INFO (98.2%, 3212 bytes, 104 lines)
05:07:48 INFO (98.2%, 3207 bytes, 104 lines)
05:09:01 INFO (98.2%, 3202 bytes, 104 lines)
05:22:00 INFO ===< ClexHintsPass::rm-toks-1-to-16 >===
05:29:56 INFO (98.2%, 3201 bytes, 104 lines)
05:30:51 INFO ===< ClexPass::rm-tok-pattern-4 >===
05:30:52 INFO ===< ClangPass::local-to-global >===
05:30:55 INFO ===< PeepPass::c >===
05:31:06 INFO (98.2%, 3200 bytes, 104 lines)
05:31:17 INFO (98.2%, 3199 bytes, 104 lines)
05:31:28 INFO (98.2%, 3198 bytes, 104 lines)
05:31:39 INFO (98.2%, 3197 bytes, 104 lines)
05:31:50 INFO (98.2%, 3196 bytes, 104 lines)
05:32:00 INFO (98.2%, 3195 bytes, 104 lines)
05:32:11 INFO (98.2%, 3194 bytes, 104 lines)
05:32:22 INFO (98.2%, 3193 bytes, 104 lines)
05:32:33 INFO (98.2%, 3192 bytes, 104 lines)
05:32:43 INFO (98.2%, 3191 bytes, 104 lines)
05:32:54 INFO (98.2%, 3190 bytes, 104 lines)
05:33:05 INFO (98.2%, 3189 bytes, 104 lines)
05:33:12 INFO (98.2%, 3188 bytes, 104 lines)
05:33:23 INFO (98.2%, 3187 bytes, 104 lines)
05:33:34 INFO (98.2%, 3186 bytes, 104 lines)
05:33:45 INFO (98.2%, 3185 bytes, 104 lines)
05:33:55 INFO (98.2%, 3184 bytes, 104 lines)
05:34:06 INFO (98.2%, 3183 bytes, 104 lines)
05:34:17 INFO (98.2%, 3182 bytes, 104 lines)
05:34:27 INFO (98.2%, 3181 bytes, 104 lines)
05:34:38 INFO (98.2%, 3180 bytes, 104 lines)
05:34:49 INFO (98.2%, 3179 bytes, 104 lines)
05:35:00 INFO (98.2%, 3178 bytes, 104 lines)
05:35:11 INFO (98.2%, 3177 bytes, 104 lines)
05:35:21 INFO (98.2%, 3176 bytes, 104 lines)
05:35:32 INFO (98.2%, 3175 bytes, 104 lines)
05:35:42 INFO (98.2%, 3174 bytes, 104 lines)
05:35:53 INFO (98.2%, 3173 bytes, 104 lines)
05:36:04 INFO (98.2%, 3172 bytes, 104 lines)
05:36:15 INFO (98.2%, 3171 bytes, 104 lines)
05:36:25 INFO (98.2%, 3170 bytes, 104 lines)
05:36:36 INFO (98.2%, 3169 bytes, 104 lines)
05:36:47 INFO (98.2%, 3168 bytes, 104 lines)
05:36:58 INFO (98.2%, 3167 bytes, 104 lines)
05:37:09 INFO (98.2%, 3166 bytes, 104 lines)
05:37:19 INFO (98.2%, 3165 bytes, 104 lines)
05:37:29 INFO (98.2%, 3164 bytes, 104 lines)
05:37:39 INFO (98.2%, 3163 bytes, 104 lines)
05:37:49 INFO (98.2%, 3162 bytes, 104 lines)
05:37:56 INFO (98.2%, 3161 bytes, 104 lines)
05:38:06 INFO (98.2%, 3160 bytes, 104 lines)
05:38:15 INFO (98.2%, 3159 bytes, 104 lines)
05:38:24 INFO (98.2%, 3158 bytes, 104 lines)
05:38:34 INFO (98.2%, 3157 bytes, 104 lines)
05:38:40 INFO (98.2%, 3156 bytes, 104 lines)
05:38:49 INFO (98.2%, 3155 bytes, 104 lines)
05:38:55 INFO (98.2%, 3154 bytes, 104 lines)
05:39:04 INFO (98.2%, 3153 bytes, 104 lines)
05:39:13 INFO (98.2%, 3152 bytes, 104 lines)
05:39:19 INFO (98.2%, 3151 bytes, 104 lines)
05:39:24 INFO (98.2%, 3150 bytes, 104 lines)
05:39:27 INFO ===< IntsPass::a >===
05:39:37 INFO (98.2%, 3148 bytes, 104 lines)
05:39:46 INFO (98.2%, 3146 bytes, 104 lines)
05:39:51 INFO (98.2%, 3144 bytes, 104 lines)
05:39:52 INFO ===< IntsPass::b >===
05:40:03 INFO (98.2%, 3142 bytes, 104 lines)
05:40:13 INFO (98.2%, 3140 bytes, 104 lines)
05:40:24 INFO (98.2%, 3139 bytes, 104 lines)
05:40:35 INFO (98.2%, 3137 bytes, 104 lines)
05:40:46 INFO (98.2%, 3136 bytes, 104 lines)
05:40:56 INFO (98.2%, 3135 bytes, 104 lines)
05:41:07 INFO (98.2%, 3134 bytes, 104 lines)
05:41:17 INFO (98.2%, 3133 bytes, 104 lines)
05:41:27 INFO (98.2%, 3131 bytes, 104 lines)
05:41:37 INFO (98.2%, 3130 bytes, 104 lines)
05:41:42 INFO (98.2%, 3129 bytes, 104 lines)
05:41:42 INFO ===< IntsPass::c >===
05:41:52 INFO (98.2%, 3128 bytes, 104 lines)
05:42:01 INFO (98.2%, 3127 bytes, 104 lines)
05:42:06 INFO (98.2%, 3126 bytes, 104 lines)
05:42:06 INFO ===< IntsPass::d >===
05:42:06 INFO ===< IntsPass::c >===
05:42:09 INFO ===< BalancedPass::parens-only >===
05:42:10 INFO ===< ClexPass::delete-string >===
05:42:11 INFO Termination check: size was 5127; now 3126
05:42:11 ERROR Skipping pass UnIfDefPass
05:42:11 INFO ===< ClexPass::define >===
05:42:11 INFO ===< IncludeIncludesPass >===
05:42:11 INFO ===< TernaryPass::b >===
05:42:11 INFO ===< TernaryPass::c >===
05:42:23 INFO ===< BalancedPass::curly >===
05:42:35 INFO ===< BalancedPass::curly2 >===
05:42:35 INFO ===< BalancedPass::curly3 >===
05:42:40 INFO ===< BalancedPass::parens >===
05:42:41 INFO ===< BalancedPass::angles >===
05:42:43 INFO ===< BalancedPass::square >===
05:42:55 INFO ===< BalancedPass::curly-inside >===
05:42:57 INFO ===< BalancedPass::parens-inside >===
05:42:58 INFO ===< BalancedPass::angles-inside >===
05:43:01 INFO ===< BalancedPass::square-inside >===
05:43:03 INFO ===< BalancedPass::curly-only >===
05:43:03 INFO ===< BalancedPass::angles-only >===
05:43:06 INFO ===< BalancedPass::square-only >===
05:43:06 INFO ===< ClangPass::remove-namespace >===
05:43:06 INFO ===< ClangPass::aggregate-to-scalar >===
05:43:06 INFO ===< ClangPass::param-to-global >===
05:43:07 INFO ===< ClangPass::param-to-local >===
05:43:07 INFO ===< ClangPass::remove-nested-function >===
05:43:07 INFO ===< ClangPass::union-to-struct >===
05:43:08 INFO ===< ClangPass::return-void >===
05:43:08 INFO ===< ClangPass::simple-inliner >===
05:43:10 INFO ===< ClangPass::reduce-pointer-level >===
05:43:10 INFO ===< ClangPass::lift-assignment-expr >===
05:43:10 INFO ===< ClangPass::copy-propagation >===
05:43:11 INFO ===< ClangHintsPass::callexpr-to-value >===
05:43:11 INFO ===< ClangPass::replace-callexpr >===
05:43:12 INFO ===< ClangPass::simplify-callexpr >===
05:43:12 INFO ===< ClangHintsPass::remove-unused-function >===
05:43:11 INFO using C++ standard: c++2b with 0 transformation opportunities
05:43:12 INFO ===< ClangBinarySearchPass::remove-unused-enum-member >===
05:43:12 INFO ===< ClangPass::remove-enum-member-value >===
05:43:12 INFO using C++ standard: c++2b with 4 transformation opportunities
05:43:12 INFO ===< ClangBinarySearchPass::remove-unused-var >===
05:43:12 INFO ===< ClangPass::simplify-if >===
05:43:12 INFO ===< ClangPass::reduce-array-dim >===
05:43:12 INFO ===< ClangPass::reduce-array-size >===
05:43:13 INFO ===< ClangPass::move-definition-to-declaration >===
05:43:13 INFO ===< ClangPass::simplify-comma-expr >===
05:43:13 INFO ===< ClangPass::simplify-dependent-typedef >===
05:43:13 INFO ===< ClangPass::replace-simple-typedef >===
05:43:13 INFO ===< ClangHintsPass::replace-dependent-typedef >===
05:43:13 INFO ===< ClangPass::replace-one-level-typedef-type >===
05:43:23 INFO (98.3%, 3101 bytes, 102 lines)
05:43:34 INFO (98.3%, 3073 bytes, 100 lines)
05:43:44 INFO (98.3%, 3047 bytes, 98 lines)
05:43:55 INFO (98.3%, 3021 bytes, 96 lines)
05:44:05 INFO (98.3%, 2977 bytes, 94 lines)
05:44:15 INFO (98.3%, 2952 bytes, 92 lines)
05:44:26 INFO (98.4%, 2919 bytes, 90 lines)
05:44:36 INFO (98.4%, 2893 bytes, 88 lines)
05:44:47 INFO (98.4%, 2858 bytes, 86 lines)
05:44:57 INFO (98.4%, 2815 bytes, 84 lines)
05:45:07 INFO (98.4%, 2776 bytes, 82 lines)
05:45:16 INFO (98.5%, 2743 bytes, 80 lines)
05:45:21 INFO (98.5%, 2693 bytes, 78 lines)
05:45:21 INFO ===< ClangPass::remove-unused-field >===
05:45:21 INFO ===< ClangPass::instantiate-template-type-param-to-int >===
05:45:21 INFO ===< ClangPass::instantiate-template-param >===
05:45:21 INFO ===< ClangPass::template-arg-to-int >===
05:45:21 INFO ===< ClangPass::template-non-type-arg-to-int >===
05:45:21 INFO ===< ClangPass::reduce-class-template-param >===
05:45:21 INFO ===< ClangPass::remove-trivial-base-template >===
05:45:21 INFO ===< ClangPass::class-template-to-class >===
05:45:21 INFO ===< ClangPass::merge-base-class >===
05:45:21 INFO ===< ClangPass::remove-base-class >===
05:45:21 INFO ===< ClangPass::replace-derived-class >===
05:45:21 INFO ===< ClangPass::remove-unresolved-base >===
05:45:21 INFO ===< ClangPass::remove-ctor-initializer >===
05:45:21 INFO ===< ClangPass::replace-class-with-base-template-spec >===
05:45:21 INFO ===< ClangPass::simplify-nested-class >===
05:45:21 INFO ===< ClangPass::remove-unused-outer-class >===
05:45:21 INFO ===< ClangPass::empty-struct-to-int >===
05:45:21 INFO ===< ClangPass::remove-pointer >===
05:45:22 INFO ===< ClangPass::reduce-pointer-pairs >===
05:45:22 INFO ===< ClangPass::remove-array >===
05:45:22 INFO ===< ClangPass::remove-addr-taken >===
05:45:22 INFO ===< ClangPass::simplify-struct >===
05:45:22 INFO ===< ClangPass::replace-undefined-function >===
05:45:22 INFO ===< ClangPass::replace-array-index-var >===
05:45:22 INFO ===< ClangPass::replace-array-access-with-index >===
05:45:22 INFO ===< ClangPass::replace-dependent-name >===
05:45:22 INFO ===< ClangPass::simplify-recursive-template-instantiation >===
05:45:22 INFO ===< ClangPass::vector-to-array >===
05:45:22 INFO ===< ClangPass::remove-try-catch >===
05:45:22 INFO ===< ClangPass::class-to-struct >===
05:45:24 INFO ===< ClangPass::member-to-global >===
05:45:25 INFO ===< LinesPass::0 >===
05:45:44 INFO ===< LinesPass::1 >===
05:45:44 INFO ===< LinesPass::2 >===
05:45:44 INFO ===< LinesPass::3 >===
05:45:44 INFO ===< LinesPass::4 >===
05:45:44 INFO ===< LinesPass::6 >===
05:45:44 INFO ===< LinesPass::8 >===
05:45:44 INFO ===< LinesPass::10 >===
05:45:45 INFO ===< CommentsPass >===
05:45:45 INFO ===< SpecialPass::b >===
05:45:45 INFO ===< SpecialPass::c >===
05:45:45 INFO ===< IndentPass::regular >===
05:45:48 INFO ===< BalancedPass::parens-to-zero >===
05:48:03 INFO (98.5%, 2690 bytes, 78 lines)
05:57:45 INFO ===< ClexHintsPass::rm-toks-1-to-16 >===
06:03:54 INFO ===< ClexPass::rm-tok-pattern-4 >===
06:03:55 INFO ===< ClangPass::local-to-global >===
06:03:58 INFO ===< PeepPass::c >===
06:04:03 INFO (98.5%, 2689 bytes, 78 lines)
06:04:08 INFO (98.5%, 2688 bytes, 78 lines)
06:04:10 INFO ===< IntsPass::a >===
06:04:11 INFO ===< IntsPass::b >===
06:04:11 INFO ===< IntsPass::c >===
06:04:11 INFO ===< IntsPass::d >===
06:04:11 INFO cache hit for HIPProg.hip
06:04:11 INFO ===< IntsPass::c >===
06:04:14 INFO ===< BalancedPass::parens-only >===
06:04:14 INFO ===< ClexPass::delete-string >===
06:04:15 INFO Termination check: size was 3126; now 2688
06:04:15 ERROR Skipping pass UnIfDefPass
06:04:15 INFO ===< ClexPass::define >===
06:04:15 INFO ===< IncludeIncludesPass >===
06:04:15 INFO ===< TernaryPass::b >===
06:04:15 INFO ===< TernaryPass::c >===
06:04:26 INFO ===< BalancedPass::curly >===
06:04:38 INFO ===< BalancedPass::curly2 >===
06:04:38 INFO ===< BalancedPass::curly3 >===
06:04:42 INFO ===< BalancedPass::parens >===
06:04:43 INFO ===< BalancedPass::angles >===
06:04:45 INFO ===< BalancedPass::square >===
06:04:56 INFO ===< BalancedPass::curly-inside >===
06:04:59 INFO ===< BalancedPass::parens-inside >===
06:04:59 INFO ===< BalancedPass::angles-inside >===
06:05:01 INFO ===< BalancedPass::square-inside >===
06:05:03 INFO ===< BalancedPass::curly-only >===
06:05:03 INFO ===< BalancedPass::angles-only >===
06:05:05 INFO ===< BalancedPass::square-only >===
06:05:05 INFO ===< ClangPass::remove-namespace >===
06:05:05 INFO ===< ClangPass::aggregate-to-scalar >===
06:05:05 INFO ===< ClangPass::param-to-global >===
06:05:06 INFO ===< ClangPass::param-to-local >===
06:05:06 INFO ===< ClangPass::remove-nested-function >===
06:05:06 INFO ===< ClangPass::union-to-struct >===
06:05:07 INFO ===< ClangPass::return-void >===
06:05:07 INFO ===< ClangPass::simple-inliner >===
06:05:08 INFO ===< ClangPass::reduce-pointer-level >===
06:05:08 INFO ===< ClangPass::lift-assignment-expr >===
06:05:08 INFO ===< ClangPass::copy-propagation >===
06:05:09 INFO ===< ClangHintsPass::callexpr-to-value >===
06:05:09 INFO ===< ClangPass::replace-callexpr >===
06:05:10 INFO ===< ClangPass::simplify-callexpr >===
06:05:10 INFO ===< ClangHintsPass::remove-unused-function >===
06:05:09 INFO using C++ standard: c++2b with 0 transformation opportunities
06:05:10 INFO ===< ClangBinarySearchPass::remove-unused-enum-member >===
06:05:10 INFO ===< ClangPass::remove-enum-member-value >===
06:05:09 INFO using C++ standard: c++2b with 4 transformation opportunities
06:05:10 INFO ===< ClangBinarySearchPass::remove-unused-var >===
06:05:10 INFO ===< ClangPass::simplify-if >===
06:05:10 INFO ===< ClangPass::reduce-array-dim >===
06:05:10 INFO ===< ClangPass::reduce-array-size >===
06:05:10 INFO ===< ClangPass::move-definition-to-declaration >===
06:05:10 INFO ===< ClangPass::simplify-comma-expr >===
06:05:10 INFO ===< ClangPass::simplify-dependent-typedef >===
06:05:10 INFO ===< ClangPass::replace-simple-typedef >===
06:05:10 INFO ===< ClangHintsPass::replace-dependent-typedef >===
06:05:11 INFO ===< ClangPass::replace-one-level-typedef-type >===
06:05:23 INFO (98.5%, 2663 bytes, 76 lines)
06:05:31 INFO (98.5%, 2635 bytes, 74 lines)
06:05:39 INFO (98.5%, 2601 bytes, 72 lines)
06:05:45 INFO (98.6%, 2558 bytes, 70 lines)
06:05:45 INFO ===< ClangPass::remove-unused-field >===
06:05:45 INFO ===< ClangPass::instantiate-template-type-param-to-int >===
06:05:45 INFO ===< ClangPass::instantiate-template-param >===
06:05:45 INFO ===< ClangPass::template-arg-to-int >===
06:05:45 INFO ===< ClangPass::template-non-type-arg-to-int >===
06:05:45 INFO ===< ClangPass::reduce-class-template-param >===
06:05:45 INFO ===< ClangPass::remove-trivial-base-template >===
06:05:45 INFO ===< ClangPass::class-template-to-class >===
06:05:45 INFO ===< ClangPass::merge-base-class >===
06:05:45 INFO ===< ClangPass::remove-base-class >===
06:05:45 INFO ===< ClangPass::replace-derived-class >===
06:05:45 INFO ===< ClangPass::remove-unresolved-base >===
06:05:45 INFO ===< ClangPass::remove-ctor-initializer >===
06:05:45 INFO ===< ClangPass::replace-class-with-base-template-spec >===
06:05:45 INFO ===< ClangPass::simplify-nested-class >===
06:05:45 INFO ===< ClangPass::remove-unused-outer-class >===
06:05:45 INFO ===< ClangPass::empty-struct-to-int >===
06:05:45 INFO ===< ClangPass::remove-pointer >===
06:05:45 INFO ===< ClangPass::reduce-pointer-pairs >===
06:05:45 INFO ===< ClangPass::remove-array >===
06:05:45 INFO ===< ClangPass::remove-addr-taken >===
06:05:46 INFO ===< ClangPass::simplify-struct >===
06:05:46 INFO ===< ClangPass::replace-undefined-function >===
06:05:46 INFO ===< ClangPass::replace-array-index-var >===
06:05:46 INFO ===< ClangPass::replace-array-access-with-index >===
06:05:46 INFO ===< ClangPass::replace-dependent-name >===
06:05:46 INFO ===< ClangPass::simplify-recursive-template-instantiation >===
06:05:46 INFO ===< ClangPass::vector-to-array >===
06:05:46 INFO ===< ClangPass::remove-try-catch >===
06:05:46 INFO ===< ClangPass::class-to-struct >===
06:05:47 INFO ===< ClangPass::member-to-global >===
06:05:48 INFO ===< LinesPass::0 >===
06:06:06 INFO ===< LinesPass::1 >===
06:06:06 INFO ===< LinesPass::2 >===
06:06:06 INFO ===< LinesPass::3 >===
06:06:06 INFO ===< LinesPass::4 >===
06:06:06 INFO ===< LinesPass::6 >===
06:06:06 INFO ===< LinesPass::8 >===
06:06:06 INFO ===< LinesPass::10 >===
06:06:06 INFO ===< CommentsPass >===
06:06:06 INFO ===< SpecialPass::b >===
06:06:06 INFO ===< SpecialPass::c >===
06:06:06 INFO ===< IndentPass::regular >===
06:06:09 INFO ===< BalancedPass::parens-to-zero >===
06:16:25 INFO ===< ClexHintsPass::rm-toks-1-to-16 >===
06:21:57 INFO ===< ClexPass::rm-tok-pattern-4 >===
06:21:57 INFO ===< ClangPass::local-to-global >===
06:22:00 INFO ===< PeepPass::c >===
06:22:03 INFO ===< IntsPass::a >===
06:22:03 INFO ===< IntsPass::b >===
06:22:03 INFO ===< IntsPass::c >===
06:22:03 INFO ===< IntsPass::d >===
06:22:03 INFO cache hit for HIPProg.hip
06:22:03 INFO ===< IntsPass::c >===
06:22:06 INFO ===< BalancedPass::parens-only >===
06:22:07 INFO ===< ClexPass::delete-string >===
06:22:07 INFO Termination check: size was 2688; now 2558
06:22:07 ERROR Skipping pass UnIfDefPass
06:22:07 INFO ===< ClexPass::define >===
06:22:07 INFO ===< IncludeIncludesPass >===
06:22:07 INFO ===< TernaryPass::b >===
06:22:07 INFO ===< TernaryPass::c >===
06:22:19 INFO ===< BalancedPass::curly >===
06:22:30 INFO ===< BalancedPass::curly2 >===
06:22:30 INFO ===< BalancedPass::curly3 >===
06:22:35 INFO ===< BalancedPass::parens >===
06:22:35 INFO ===< BalancedPass::angles >===
06:22:37 INFO ===< BalancedPass::square >===
06:22:49 INFO ===< BalancedPass::curly-inside >===
06:22:51 INFO ===< BalancedPass::parens-inside >===
06:22:51 INFO ===< BalancedPass::angles-inside >===
06:22:53 INFO ===< BalancedPass::square-inside >===
06:22:55 INFO ===< BalancedPass::curly-only >===
06:22:55 INFO ===< BalancedPass::angles-only >===
06:22:57 INFO ===< BalancedPass::square-only >===
06:22:57 INFO ===< ClangPass::remove-namespace >===
06:22:57 INFO ===< ClangPass::aggregate-to-scalar >===
06:22:57 INFO ===< ClangPass::param-to-global >===
06:22:58 INFO ===< ClangPass::param-to-local >===
06:22:58 INFO ===< ClangPass::remove-nested-function >===
06:22:58 INFO ===< ClangPass::union-to-struct >===
06:22:59 INFO ===< ClangPass::return-void >===
06:22:59 INFO ===< ClangPass::simple-inliner >===
06:23:00 INFO ===< ClangPass::reduce-pointer-level >===
06:23:00 INFO ===< ClangPass::lift-assignment-expr >===
06:23:00 INFO ===< ClangPass::copy-propagation >===
06:23:00 INFO ===< ClangHintsPass::callexpr-to-value >===
06:23:00 INFO ===< ClangPass::replace-callexpr >===
06:23:01 INFO ===< ClangPass::simplify-callexpr >===
06:23:01 INFO ===< ClangHintsPass::remove-unused-function >===
06:23:01 INFO using C++ standard: c++2b with 0 transformation opportunities
06:23:02 INFO ===< ClangBinarySearchPass::remove-unused-enum-member >===
06:23:02 INFO ===< ClangPass::remove-enum-member-value >===
06:23:01 INFO using C++ standard: c++2b with 4 transformation opportunities
06:23:02 INFO ===< ClangBinarySearchPass::remove-unused-var >===
06:23:02 INFO ===< ClangPass::simplify-if >===
06:23:02 INFO ===< ClangPass::reduce-array-dim >===
06:23:02 INFO ===< ClangPass::reduce-array-size >===
06:23:02 INFO ===< ClangPass::move-definition-to-declaration >===
06:23:02 INFO ===< ClangPass::simplify-comma-expr >===
06:23:02 INFO ===< ClangPass::simplify-dependent-typedef >===
06:23:02 INFO ===< ClangPass::replace-simple-typedef >===
06:23:02 INFO ===< ClangHintsPass::replace-dependent-typedef >===
06:23:02 INFO ===< ClangPass::replace-one-level-typedef-type >===
06:23:08 INFO (98.6%, 2518 bytes, 68 lines)
06:23:08 INFO ===< ClangPass::remove-unused-field >===
06:23:08 INFO ===< ClangPass::instantiate-template-type-param-to-int >===
06:23:08 INFO ===< ClangPass::instantiate-template-param >===
06:23:08 INFO ===< ClangPass::template-arg-to-int >===
06:23:08 INFO ===< ClangPass::template-non-type-arg-to-int >===
06:23:08 INFO ===< ClangPass::reduce-class-template-param >===
06:23:08 INFO ===< ClangPass::remove-trivial-base-template >===
06:23:08 INFO ===< ClangPass::class-template-to-class >===
06:23:08 INFO ===< ClangPass::merge-base-class >===
06:23:08 INFO ===< ClangPass::remove-base-class >===
06:23:08 INFO ===< ClangPass::replace-derived-class >===
06:23:08 INFO ===< ClangPass::remove-unresolved-base >===
06:23:08 INFO ===< ClangPass::remove-ctor-initializer >===
06:23:08 INFO ===< ClangPass::replace-class-with-base-template-spec >===
06:23:08 INFO ===< ClangPass::simplify-nested-class >===
06:23:08 INFO ===< ClangPass::remove-unused-outer-class >===
06:23:08 INFO ===< ClangPass::empty-struct-to-int >===
06:23:08 INFO ===< ClangPass::remove-pointer >===
06:23:08 INFO ===< ClangPass::reduce-pointer-pairs >===
06:23:08 INFO ===< ClangPass::remove-array >===
06:23:08 INFO ===< ClangPass::remove-addr-taken >===
06:23:08 INFO ===< ClangPass::simplify-struct >===
06:23:09 INFO ===< ClangPass::replace-undefined-function >===
06:23:09 INFO ===< ClangPass::replace-array-index-var >===
06:23:09 INFO ===< ClangPass::replace-array-access-with-index >===
06:23:09 INFO ===< ClangPass::replace-dependent-name >===
06:23:09 INFO ===< ClangPass::simplify-recursive-template-instantiation >===
06:23:09 INFO ===< ClangPass::vector-to-array >===
06:23:09 INFO ===< ClangPass::remove-try-catch >===
06:23:09 INFO ===< ClangPass::class-to-struct >===
06:23:09 INFO ===< ClangPass::member-to-global >===
06:23:11 INFO ===< LinesPass::0 >===
06:23:33 INFO ===< LinesPass::1 >===
06:23:33 INFO ===< LinesPass::2 >===
06:23:33 INFO ===< LinesPass::3 >===
06:23:33 INFO ===< LinesPass::4 >===
06:23:33 INFO ===< LinesPass::6 >===
06:23:33 INFO ===< LinesPass::8 >===
06:23:33 INFO ===< LinesPass::10 >===
06:23:33 INFO ===< CommentsPass >===
06:23:33 INFO ===< SpecialPass::b >===
06:23:33 INFO ===< SpecialPass::c >===
06:23:33 INFO ===< IndentPass::regular >===
06:23:36 INFO ===< BalancedPass::parens-to-zero >===
06:33:40 INFO ===< ClexHintsPass::rm-toks-1-to-16 >===
06:39:01 INFO ===< ClexPass::rm-tok-pattern-4 >===
06:39:02 INFO ===< ClangPass::local-to-global >===
06:39:04 INFO ===< PeepPass::c >===
06:39:07 INFO ===< IntsPass::a >===
06:39:07 INFO ===< IntsPass::b >===
06:39:07 INFO ===< IntsPass::c >===
06:39:07 INFO ===< IntsPass::d >===
06:39:07 INFO cache hit for HIPProg.hip
06:39:07 INFO ===< IntsPass::c >===
06:39:10 INFO ===< BalancedPass::parens-only >===
06:39:10 INFO ===< ClexPass::delete-string >===
06:39:11 INFO Termination check: size was 2558; now 2518
06:39:11 ERROR Skipping pass UnIfDefPass
06:39:11 INFO ===< ClexPass::define >===
06:39:11 INFO ===< IncludeIncludesPass >===
06:39:11 INFO ===< TernaryPass::b >===
06:39:11 INFO ===< TernaryPass::c >===
06:39:22 INFO ===< BalancedPass::curly >===
06:39:34 INFO ===< BalancedPass::curly2 >===
06:39:34 INFO ===< BalancedPass::curly3 >===
06:39:38 INFO ===< BalancedPass::parens >===
06:39:39 INFO ===< BalancedPass::angles >===
06:39:41 INFO ===< BalancedPass::square >===
06:39:52 INFO ===< BalancedPass::curly-inside >===
06:39:55 INFO ===< BalancedPass::parens-inside >===
06:39:55 INFO ===< BalancedPass::angles-inside >===
06:39:57 INFO ===< BalancedPass::square-inside >===
06:39:59 INFO ===< BalancedPass::curly-only >===
06:39:59 INFO ===< BalancedPass::angles-only >===
06:40:01 INFO ===< BalancedPass::square-only >===
06:40:01 INFO ===< ClangPass::remove-namespace >===
06:40:01 INFO ===< ClangPass::aggregate-to-scalar >===
06:40:01 INFO ===< ClangPass::param-to-global >===
06:40:02 INFO ===< ClangPass::param-to-local >===
06:40:02 INFO ===< ClangPass::remove-nested-function >===
06:40:02 INFO ===< ClangPass::union-to-struct >===
06:40:03 INFO ===< ClangPass::return-void >===
06:40:03 INFO ===< ClangPass::simple-inliner >===
06:40:04 INFO ===< ClangPass::reduce-pointer-level >===
06:40:04 INFO ===< ClangPass::lift-assignment-expr >===
06:40:04 INFO ===< ClangPass::copy-propagation >===
06:40:04 INFO ===< ClangHintsPass::callexpr-to-value >===
06:40:04 INFO ===< ClangPass::replace-callexpr >===
06:40:05 INFO ===< ClangPass::simplify-callexpr >===
06:40:05 INFO ===< ClangHintsPass::remove-unused-function >===
06:40:05 INFO using C++ standard: c++2b with 0 transformation opportunities
06:40:05 INFO ===< ClangBinarySearchPass::remove-unused-enum-member >===
06:40:05 INFO ===< ClangPass::remove-enum-member-value >===
06:40:05 INFO using C++ standard: c++2b with 4 transformation opportunities
06:40:06 INFO ===< ClangBinarySearchPass::remove-unused-var >===
06:40:06 INFO ===< ClangPass::simplify-if >===
06:40:06 INFO ===< ClangPass::reduce-array-dim >===
06:40:06 INFO ===< ClangPass::reduce-array-size >===
06:40:06 INFO ===< ClangPass::move-definition-to-declaration >===
06:40:06 INFO ===< ClangPass::simplify-comma-expr >===
06:40:06 INFO ===< ClangPass::simplify-dependent-typedef >===
06:40:06 INFO ===< ClangPass::replace-simple-typedef >===
06:40:06 INFO ===< ClangHintsPass::replace-dependent-typedef >===
06:40:06 INFO ===< ClangPass::replace-one-level-typedef-type >===
06:40:11 INFO (98.6%, 2503 bytes, 66 lines)
06:40:11 INFO ===< ClangPass::remove-unused-field >===
06:40:11 INFO ===< ClangPass::instantiate-template-type-param-to-int >===
06:40:11 INFO ===< ClangPass::instantiate-template-param >===
06:40:11 INFO ===< ClangPass::template-arg-to-int >===
06:40:11 INFO ===< ClangPass::template-non-type-arg-to-int >===
06:40:12 INFO ===< ClangPass::reduce-class-template-param >===
06:40:12 INFO ===< ClangPass::remove-trivial-base-template >===
06:40:12 INFO ===< ClangPass::class-template-to-class >===
06:40:12 INFO ===< ClangPass::merge-base-class >===
06:40:12 INFO ===< ClangPass::remove-base-class >===
06:40:12 INFO ===< ClangPass::replace-derived-class >===
06:40:12 INFO ===< ClangPass::remove-unresolved-base >===
06:40:12 INFO ===< ClangPass::remove-ctor-initializer >===
06:40:12 INFO ===< ClangPass::replace-class-with-base-template-spec >===
06:40:12 INFO ===< ClangPass::simplify-nested-class >===
06:40:12 INFO ===< ClangPass::remove-unused-outer-class >===
06:40:12 INFO ===< ClangPass::empty-struct-to-int >===
06:40:12 INFO ===< ClangPass::remove-pointer >===
06:40:12 INFO ===< ClangPass::reduce-pointer-pairs >===
06:40:12 INFO ===< ClangPass::remove-array >===
06:40:12 INFO ===< ClangPass::remove-addr-taken >===
06:40:12 INFO ===< ClangPass::simplify-struct >===
06:40:12 INFO ===< ClangPass::replace-undefined-function >===
06:40:12 INFO ===< ClangPass::replace-array-index-var >===
06:40:12 INFO ===< ClangPass::replace-array-access-with-index >===
06:40:12 INFO ===< ClangPass::replace-dependent-name >===
06:40:12 INFO ===< ClangPass::simplify-recursive-template-instantiation >===
06:40:12 INFO ===< ClangPass::vector-to-array >===
06:40:12 INFO ===< ClangPass::remove-try-catch >===
06:40:12 INFO ===< ClangPass::class-to-struct >===
06:40:13 INFO ===< ClangPass::member-to-global >===
06:40:14 INFO ===< LinesPass::0 >===
06:40:31 INFO ===< LinesPass::1 >===
06:40:31 INFO ===< LinesPass::2 >===
06:40:31 INFO ===< LinesPass::3 >===
06:40:31 INFO ===< LinesPass::4 >===
06:40:31 INFO ===< LinesPass::6 >===
06:40:31 INFO ===< LinesPass::8 >===
06:40:31 INFO ===< LinesPass::10 >===
06:40:31 INFO ===< CommentsPass >===
06:40:31 INFO ===< SpecialPass::b >===
06:40:31 INFO ===< SpecialPass::c >===
06:40:31 INFO ===< IndentPass::regular >===
06:40:34 INFO ===< BalancedPass::parens-to-zero >===
06:50:33 INFO ===< ClexHintsPass::rm-toks-1-to-16 >===
06:55:47 INFO ===< ClexPass::rm-tok-pattern-4 >===
06:55:48 INFO ===< ClangPass::local-to-global >===
06:55:50 INFO ===< PeepPass::c >===
06:55:53 INFO ===< IntsPass::a >===
06:55:53 INFO ===< IntsPass::b >===
06:55:53 INFO ===< IntsPass::c >===
06:55:53 INFO ===< IntsPass::d >===
06:55:53 INFO cache hit for HIPProg.hip
06:55:53 INFO ===< IntsPass::c >===
06:55:56 INFO ===< BalancedPass::parens-only >===
06:55:57 INFO ===< ClexPass::delete-string >===
06:55:57 INFO Termination check: size was 2518; now 2503
06:55:57 ERROR Skipping pass UnIfDefPass
06:55:57 INFO ===< ClexPass::define >===
06:55:57 INFO ===< IncludeIncludesPass >===
06:55:57 INFO ===< TernaryPass::b >===
06:55:57 INFO ===< TernaryPass::c >===
06:56:08 INFO ===< BalancedPass::curly >===
06:56:20 INFO ===< BalancedPass::curly2 >===
06:56:20 INFO ===< BalancedPass::curly3 >===
06:56:25 INFO ===< BalancedPass::parens >===
06:56:25 INFO ===< BalancedPass::angles >===
06:56:27 INFO ===< BalancedPass::square >===
06:56:39 INFO ===< BalancedPass::curly-inside >===
06:56:41 INFO ===< BalancedPass::parens-inside >===
06:56:41 INFO ===< BalancedPass::angles-inside >===
06:56:43 INFO ===< BalancedPass::square-inside >===
06:56:45 INFO ===< BalancedPass::curly-only >===
06:56:45 INFO ===< BalancedPass::angles-only >===
06:56:47 INFO ===< BalancedPass::square-only >===
06:56:47 INFO ===< ClangPass::remove-namespace >===
06:56:47 INFO ===< ClangPass::aggregate-to-scalar >===
06:56:47 INFO ===< ClangPass::param-to-global >===
06:56:48 INFO ===< ClangPass::param-to-local >===
06:56:48 INFO ===< ClangPass::remove-nested-function >===
06:56:48 INFO ===< ClangPass::union-to-struct >===
06:56:49 INFO ===< ClangPass::return-void >===
06:56:49 INFO ===< ClangPass::simple-inliner >===
06:56:50 INFO ===< ClangPass::reduce-pointer-level >===
06:56:50 INFO ===< ClangPass::lift-assignment-expr >===
06:56:50 INFO ===< ClangPass::copy-propagation >===
06:56:51 INFO ===< ClangHintsPass::callexpr-to-value >===
06:56:51 INFO ===< ClangPass::replace-callexpr >===
06:56:51 INFO ===< ClangPass::simplify-callexpr >===
06:56:51 INFO ===< ClangHintsPass::remove-unused-function >===
06:56:51 INFO using C++ standard: c++2b with 0 transformation opportunities
06:56:52 INFO ===< ClangBinarySearchPass::remove-unused-enum-member >===
06:56:52 INFO ===< ClangPass::remove-enum-member-value >===
06:56:51 INFO using C++ standard: c++2b with 4 transformation opportunities
06:56:52 INFO ===< ClangBinarySearchPass::remove-unused-var >===
06:56:52 INFO ===< ClangPass::simplify-if >===
06:56:52 INFO ===< ClangPass::reduce-array-dim >===
06:56:52 INFO ===< ClangPass::reduce-array-size >===
06:56:52 INFO ===< ClangPass::move-definition-to-declaration >===
06:56:52 INFO ===< ClangPass::simplify-comma-expr >===
06:56:52 INFO ===< ClangPass::simplify-dependent-typedef >===
06:56:52 INFO ===< ClangPass::replace-simple-typedef >===
06:56:52 INFO ===< ClangHintsPass::replace-dependent-typedef >===
06:56:52 INFO ===< ClangPass::replace-one-level-typedef-type >===
06:56:53 INFO ===< ClangPass::remove-unused-field >===
06:56:53 INFO cache hit for HIPProg.hip
06:56:53 INFO ===< ClangPass::instantiate-template-type-param-to-int >===
06:56:53 INFO cache hit for HIPProg.hip
06:56:53 INFO ===< ClangPass::instantiate-template-param >===
06:56:53 INFO cache hit for HIPProg.hip
06:56:53 INFO ===< ClangPass::template-arg-to-int >===
06:56:53 INFO cache hit for HIPProg.hip
06:56:53 INFO ===< ClangPass::template-non-type-arg-to-int >===
06:56:53 INFO cache hit for HIPProg.hip
06:56:53 INFO ===< ClangPass::reduce-class-template-param >===
06:56:53 INFO cache hit for HIPProg.hip
06:56:53 INFO ===< ClangPass::remove-trivial-base-template >===
06:56:53 INFO cache hit for HIPProg.hip
06:56:53 INFO ===< ClangPass::class-template-to-class >===
06:56:53 INFO cache hit for HIPProg.hip
06:56:53 INFO ===< ClangPass::merge-base-class >===
06:56:53 INFO cache hit for HIPProg.hip
06:56:53 INFO ===< ClangPass::remove-base-class >===
06:56:53 INFO cache hit for HIPProg.hip
06:56:53 INFO ===< ClangPass::replace-derived-class >===
06:56:53 INFO cache hit for HIPProg.hip
06:56:53 INFO ===< ClangPass::remove-unresolved-base >===
06:56:53 INFO cache hit for HIPProg.hip
06:56:53 INFO ===< ClangPass::remove-ctor-initializer >===
06:56:53 INFO cache hit for HIPProg.hip
06:56:53 INFO ===< ClangPass::replace-class-with-base-template-spec >===
06:56:53 INFO cache hit for HIPProg.hip
06:56:53 INFO ===< ClangPass::simplify-nested-class >===
06:56:53 INFO cache hit for HIPProg.hip
06:56:53 INFO ===< ClangPass::remove-unused-outer-class >===
06:56:53 INFO cache hit for HIPProg.hip
06:56:53 INFO ===< ClangPass::empty-struct-to-int >===
06:56:53 INFO cache hit for HIPProg.hip
06:56:53 INFO ===< ClangPass::remove-pointer >===
06:56:53 INFO cache hit for HIPProg.hip
06:56:53 INFO ===< ClangPass::reduce-pointer-pairs >===
06:56:53 INFO cache hit for HIPProg.hip
06:56:53 INFO ===< ClangPass::remove-array >===
06:56:53 INFO cache hit for HIPProg.hip
06:56:53 INFO ===< ClangPass::remove-addr-taken >===
06:56:53 INFO cache hit for HIPProg.hip
06:56:53 INFO ===< ClangPass::simplify-struct >===
06:56:53 INFO cache hit for HIPProg.hip
06:56:53 INFO ===< ClangPass::replace-undefined-function >===
06:56:53 INFO cache hit for HIPProg.hip
06:56:53 INFO ===< ClangPass::replace-array-index-var >===
06:56:53 INFO cache hit for HIPProg.hip
06:56:53 INFO ===< ClangPass::replace-array-access-with-index >===
06:56:53 INFO cache hit for HIPProg.hip
06:56:53 INFO ===< ClangPass::replace-dependent-name >===
06:56:53 INFO cache hit for HIPProg.hip
06:56:53 INFO ===< ClangPass::simplify-recursive-template-instantiation >===
06:56:53 INFO cache hit for HIPProg.hip
06:56:53 INFO ===< ClangPass::vector-to-array >===
06:56:53 INFO cache hit for HIPProg.hip
06:56:53 INFO ===< ClangPass::remove-try-catch >===
06:56:53 INFO cache hit for HIPProg.hip
06:56:53 INFO ===< ClangPass::class-to-struct >===
06:56:53 INFO cache hit for HIPProg.hip
06:56:53 INFO ===< ClangPass::member-to-global >===
06:56:53 INFO cache hit for HIPProg.hip
06:56:53 INFO ===< LinesPass::0 >===
06:56:53 INFO cache hit for HIPProg.hip
06:56:53 INFO ===< LinesPass::1 >===
06:56:53 INFO cache hit for HIPProg.hip
06:56:53 INFO ===< LinesPass::2 >===
06:56:53 INFO cache hit for HIPProg.hip
06:56:53 INFO ===< LinesPass::3 >===
06:56:53 INFO cache hit for HIPProg.hip
06:56:53 INFO ===< LinesPass::4 >===
06:56:53 INFO cache hit for HIPProg.hip
06:56:53 INFO ===< LinesPass::6 >===
06:56:53 INFO cache hit for HIPProg.hip
06:56:53 INFO ===< LinesPass::8 >===
06:56:53 INFO cache hit for HIPProg.hip
06:56:53 INFO ===< LinesPass::10 >===
06:56:53 INFO cache hit for HIPProg.hip
06:56:53 INFO ===< CommentsPass >===
06:56:53 INFO cache hit for HIPProg.hip
06:56:53 INFO ===< SpecialPass::b >===
06:56:53 INFO cache hit for HIPProg.hip
06:56:53 INFO ===< SpecialPass::c >===
06:56:53 INFO cache hit for HIPProg.hip
06:56:53 INFO ===< IndentPass::regular >===
06:56:53 INFO cache hit for HIPProg.hip
06:56:53 INFO ===< BalancedPass::parens-to-zero >===
06:56:53 INFO cache hit for HIPProg.hip
06:56:53 INFO ===< ClexHintsPass::rm-toks-1-to-16 >===
06:56:53 INFO cache hit for HIPProg.hip
06:56:53 INFO ===< ClexPass::rm-tok-pattern-4 >===
06:56:53 INFO cache hit for HIPProg.hip
06:56:53 INFO ===< ClangPass::local-to-global >===
06:56:53 INFO cache hit for HIPProg.hip
06:56:53 INFO ===< PeepPass::c >===
06:56:53 INFO cache hit for HIPProg.hip
06:56:53 INFO ===< IntsPass::a >===
06:56:53 INFO cache hit for HIPProg.hip
06:56:53 INFO ===< IntsPass::b >===
06:56:53 INFO cache hit for HIPProg.hip
06:56:53 INFO ===< IntsPass::c >===
06:56:53 INFO cache hit for HIPProg.hip
06:56:53 INFO ===< IntsPass::d >===
06:56:53 INFO cache hit for HIPProg.hip
06:56:53 INFO ===< IntsPass::c >===
06:56:53 INFO cache hit for HIPProg.hip
06:56:53 INFO ===< BalancedPass::parens-only >===
06:56:53 INFO cache hit for HIPProg.hip
06:56:53 INFO ===< ClexPass::delete-string >===
06:56:53 INFO cache hit for HIPProg.hip
06:56:53 INFO Termination check: size was 2503; now 2503
06:56:53 INFO CLEANUP PASSES
06:56:53 INFO ===< ClexPass::define >===
06:56:53 INFO ===< ClangPass::combine-global-var >===
06:56:54 INFO ===< ClangPass::combine-local-var >===
06:56:54 INFO ===< ClangPass::simplify-struct-union-decl >===
06:56:54 INFO ===< ClangPass::move-global-var >===
06:56:54 INFO ===< ClangPass::unify-function-decl >===
06:56:54 INFO cache hit for HIPProg.hip
06:56:54 INFO ===< LinesPass::0 >===
06:56:54 INFO cache hit for HIPProg.hip
06:56:54 INFO ===< ClexPass::delete-string >===
06:57:03 INFO (98.8%, 2128 bytes, 66 lines)
06:57:04 INFO ===< BlankPass >===
06:57:05 INFO ===< BlankPass >===
06:57:05 INFO ===================== done ====================
===< PASS statistics >===
  pass name                                                     bytes reduced time (s) time (%)   worked   failed  total executed
  BalancedPass::curly-inside                                            71056   408.08     1.63       28      362             390
  LinesPass::3                                                          29128    97.07     0.39       16       74              90
  BalancedPass::curly3                                                  22390   163.90     0.65       20       45              65
  LinesPass::6                                                          16055     4.09     0.02        1        0               1
  CommentsPass                                                           9506    50.34     0.20       10      609             619
  LinesPass::0                                                           8126    55.78     0.22        9      152             161
  LinesPass::2                                                           5512   331.70     1.33       22      820             842
  LinesPass::1                                                           3399   945.52     3.78       32     2905            2937
  ClangPass::remove-unused-field                                         2479   559.20     2.23       74      399             473
  LinesPass::None                                                        1870   836.14     3.34       22     2650            2672
  BalancedPass::parens-to-zero                                           1491   290.46     1.16       24     1544            1568
  BalancedPass::curly2                                                   1155   162.89     0.65        8      383             391
  TreeSitterPass::replace-function-def-with-decl                          784    30.09     0.12        4       47              51
  TreeSitterPass::remove-function                                         689    28.18     0.11        4      196             200
  BlankPass                                                               627   125.44     0.50       22      146             168
  ClexHintsPass::rm-toks-5-to-8                                           238  2711.18    10.83       24    13183           13207
  ClexHintsPass::rm-toks-13-to-16                                         197  2569.00    10.27        4    13167           13171
  ClexHintsPass::rm-toks-1-to-4                                           168  2891.82    11.56       52    13146           13198
  BalancedPass::square                                                     96   314.82     1.26       26      914             940
  BalancedPass::parens-inside                                              84   159.88     0.64        6     1133            1139
  ClexHintsPass::rm-toks-9-to-12                                           80  2652.57    10.60        9    13121           13130
  ClexHintsPass::rm-toks-1-to-16                                           67  3611.86    14.43       15    44203           44218
  IntsPass::a                                                              53   335.48     1.34       53      251             304
  BalancedPass::parens-only                                                48   245.22     0.98       27     1322            1349
  BalancedPass::curly-only                                                 22   110.32     0.44       11      332             343
  IntsPass::c                                                              15    69.64     0.28       11       61              72
  IntsPass::b                                                               6    11.53     0.05        3       31              34
  LinesPass::4                                                              4   135.99     0.54       11      148             159
  IntsPass::d                                                               3     9.43     0.04        3       19              22
  BalancedPass::square-inside                                               2   229.70     0.92        1      799             800
  BalancedPass::square-only                                                 2   248.06     0.99       11      838             849
  ClexPass::rm-tok-pattern-4                                                1  1856.81     7.42        1    22270           22271
  InlineIncludesPass                                                        0     0.00     0.00        0        0               0
  RmUnusedFilesPass                                                         0     0.00     0.00        0        0               0
  SpecialPass::c                                                            0     0.01     0.00        0        0               0
  SpecialPass::b                                                            0     0.01     0.00        0        0               0
  IndentPass::final                                                         0     0.01     0.00        0        1               1
  LineMarkersPass                                                           0     0.03     0.00        0        0               0
  ClangPass::move-global-var                                                0     0.03     0.00        0        4               4
  ClangPass::simplify-struct-union-decl                                     0     0.03     0.00        0        4               4
  ClangPass::unify-function-decl                                            0     0.03     0.00        0        4               4
  LinesPass::10                                                             0     0.03     0.00        0        0               0
  ClangPass::combine-global-var                                             0     0.03     0.00        0        4               4
  IncludeIncludesPass                                                       0     0.03     0.00        0       24              24
  TernaryPass::c                                                            0     0.04     0.00        0        0               0
  TernaryPass::b                                                            0     0.04     0.00        0        0               0
  ClangModuleMapPass                                                        0     0.07     0.00        0        0               0
  IndentPass::regular                                                       0     0.07     0.00        0        5               5
  TreeSitterPass::erase-namespace                                           0     0.08     0.00        0        0               0
  MakefilePass                                                              0     0.10     0.00        0        0               0
  ClangPass::instantiate-template-param                                     0     0.13     0.00        0       20              20
  ClangPass::remove-addr-taken                                              0     0.13     0.00        0       20              20
  ClangPass::replace-derived-class                                          0     0.13     0.00        0       20              20
  ClangPass::reduce-pointer-pairs                                           0     0.13     0.00        0       20              20
  ClangPass::remove-base-class                                              0     0.13     0.00        0       20              20
  ClangPass::remove-unused-outer-class                                      0     0.13     0.00        0       20              20
  ClangPass::simplify-nested-class                                          0     0.13     0.00        0       20              20
  ClangPass::template-arg-to-int                                            0     0.13     0.00        0       20              20
  ClangPass::simplify-recursive-template-instantiation                      0     0.13     0.00        0       20              20
  ClangPass::replace-array-index-var                                        0     0.13     0.00        0       20              20
  ClangPass::class-template-to-class                                        0     0.13     0.00        0       20              20
  ClangPass::replace-dependent-name                                         0     0.13     0.00        0       20              20
  ClangPass::class-to-struct                                                0     0.13     0.00        0       20              20
  ClangPass::instantiate-template-type-param-to-int                         0     0.13     0.00        0       20              20
  ClangPass::empty-struct-to-int                                            0     0.13     0.00        0       20              20
  ClangPass::replace-array-access-with-index                                0     0.13     0.00        0       20              20
  ClangPass::vector-to-array                                                0     0.13     0.00        0       20              20
  ClangPass::merge-base-class                                               0     0.14     0.00        0       20              20
  ClangPass::remove-ctor-initializer                                        0     0.14     0.00        0       20              20
  ClangPass::template-non-type-arg-to-int                                   0     0.14     0.00        0       20              20
  ClangPass::remove-trivial-base-template                                   0     0.14     0.00        0       20              20
  ClangPass::remove-try-catch                                               0     0.14     0.00        0       20              20
  ClangPass::replace-class-with-base-template-spec                          0     0.14     0.00        0       20              20
  ClangPass::replace-undefined-function                                     0     0.14     0.00        0       20              20
  ClangPass::remove-array                                                   0     0.14     0.00        0       20              20
  ClangPass::reduce-class-template-param                                    0     0.14     0.00        0       20              20
  ClangPass::simplify-struct                                                0     0.14     0.00        0       20              20
  ClangPass::remove-unresolved-base                                         0     0.14     0.00        0       20              20
  ClangPass::replace-one-level-typedef-type                                 0     0.16     0.00        0       24              24
  ClangPass::simplify-dependent-typedef                                     0     0.16     0.00        0       24              24
  ClangPass::union-to-struct                                                0     0.16     0.00        0       24              24
  ClangPass::simplify-if                                                    0     0.16     0.00        0       24              24
  ClangPass::lift-assignment-expr                                           0     0.16     0.00        0       24              24
  ClangPass::replace-simple-typedef                                         0     0.16     0.00        0       24              24
  ClangPass::simplify-comma-expr                                            0     0.16     0.00        0       24              24
  ClangPass::copy-propagation                                               0     0.16     0.00        0       24              24
  ClangPass::reduce-array-size                                              0     0.16     0.00        0       24              24
  ClangPass::reduce-array-dim                                               0     0.17     0.00        0       24              24
  ClangPass::remove-namespace                                               0     0.17     0.00        0       24              24
  ClangPass::move-definition-to-declaration                                 0     0.17     0.00        0       24              24
  ClangPass::simple-inliner                                                 0     0.17     0.00        0       24              24
  ClangPass::aggregate-to-scalar                                            0     0.17     0.00        0       24              24
  ClangPass::remove-pointer                                                 0     0.17     0.00        0       20              20
  ClangHintsPass::replace-dependent-typedef                                 0     0.18     0.00        0        0               0
  ClangHintsPass::remove-unused-function (30 T)                             0     0.20     0.00        0        1               1
  ClangPass::remove-enum-member-value                                       0     0.20     0.00        0       28              28
  ClangPass::replace-callexpr                                               0     0.21     0.00        0       28              28
  ClangPass::combine-local-var                                              0     0.23     0.00        0        7               7
  ClangHintsPass::replace-function-def-with-decl (30 T)                     0     0.23     0.00        0        3               3
  ClangPass::param-to-global                                                0     0.32     0.00        0       24              24
  IncludesPass                                                              0     0.41     0.00        0        4               4
  SpecialPass::a                                                            0     0.49     0.00        0        2               2
  ClangPass::remove-nested-function                                         0     0.52     0.00        0       44              44
  ClexPass::define                                                          0     0.85     0.00        0       20              20
  ClangIncludeGraphPass                                                     0     0.88     0.00        0        0               0
  ClexPass::delete-string                                                   0     0.90     0.00        0       20              20
  ClangPass::return-void                                                    0     1.21     0.00        0       24              24
  ClangBinarySearchPass::remove-unused-enum-member                          0     1.23     0.00        0        0               0
  ClangPass::param-to-local                                                 0     1.29     0.01        0       24              24
  ClangHintsPass::remove-unused-function                                    0     1.44     0.01        0       11              11
  ClangBinarySearchPass::remove-unused-var                                  0     2.49     0.01        0       53              53
  ClangPass::simplify-callexpr                                              0     2.73     0.01        0      106             106
  ClangHintsPass::replace-function-def-with-decl                            0     2.88     0.01        0       61              61
  ClangPass::local-to-global                                                0     3.72     0.01        0       65              65
  LinesPass::8                                                              0     4.50     0.02        1        0               1
  ClangPass::member-to-global                                               0     7.75     0.03        0       56              56
  PeepPass::c                                                               0     9.66     0.04        0    13470           13470
  ClangPass::reduce-pointer-level                                           0    11.28     0.05        0       71              71
  ClangHintsPass::callexpr-to-value                                         0    11.46     0.05        0      278             278
  BalancedPass::angles-inside                                               0    56.67     0.23        0      251             251
  BalancedPass::angles-only                                                 0    56.86     0.23        0      248             248
  BalancedPass::angles                                                      0    60.31     0.24        0      280             280
  BalancedPass::curly                                                       0   133.28     0.53        1      390             391
  BalancedPass::parens                                                      0   177.19     0.71        0     1475            1475
  Folding (merging transformations from other passes)                  171876  1107.77     4.43      332       63             395

Runtime: 25024 seconds
Reduced test-cases:

--- HIPProg.hip ---
#include <hip/hip_runtime.h>
#include "HIPSmith.h"
#define transparent_crc(X, Y, Z) transparent_crc_(&crc64_context, X, , )
struct S0 {
    int64_t g_460;
    int64_t *g_1125;
    uint64_t g_2225;
};
__device__ int16_t  func_1(S0 * p_2918)
{
    int i, j;
            uint16_t l_2713[6][1];
            int32_t l_2731 = 26;
            for (i = 0; i < 6; i++)
                for (j = 0; j < 1; j++)
                    l_2713[i][j] = 5;
            p_2918->g_2225 = *p_2918->g_1125 | ~l_2731 ^ l_2713[0][0] ;
    return 0;
}
__global__ void hipsmith_kernel(uint64_t *results) {
    S0 c_2919;
    S0* p_2918 = &c_2919;
    S0 c_2920 {
        5, 
        &p_2918->g_460, 
        0 
        };
    c_2919 = c_2920;
    func_1(p_2918);
    uint64_t crc64_context = 0xFFFFFFFFFFFFFFFFUL;
    transparent_crc(p_2918->g_2225, , )
    ;
    int tid = threadIdx.x + blockIdx.x * blockDim.x;
    results[tid] = (crc64_context ^ 0xFFFFFFFFFFFFFFFFUL);
}
// ------------------------------------------------------------------
// Host Main
// ------------------------------------------------------------------
int main(int argc, const char* argv[]) {
    // Config
    const unsigned int num_threads = 4;
    const unsigned int block_size = 4;
    // Host Alloc
    std::vector<uint64_t> h_results(num_threads);
    const size_t results_bytes = sizeof(uint64_t) * h_results.size();
    // Device Alloc
    uint64_t *d_results;
    HIP_CHECK(hipMalloc((void**)&d_results, results_bytes));
    HIP_CHECK(hipMemset(d_results, 0, results_bytes));
    // Dimensions
    const dim3 block_dim(block_size);
    const dim3 grid_dim((num_threads + block_size - 1) / block_size);
    // Launch
    hipLaunchKernelGGL(hipsmith_kernel, grid_dim, block_dim, 0, 0, d_results);
    HIP_CHECK(hipGetLastError());
    HIP_CHECK(hipDeviceSynchronize());
    // Copy Back
    HIP_CHECK(hipMemcpy(h_results.data(), d_results, results_bytes, hipMemcpyDeviceToHost));
    // Free
    HIP_CHECK(hipFree(d_results));
    // Output
    for (size_t i = 0; i < h_results.size(); ++i) {
        printf("Thread %zu CRC: %lu\n", i, h_results[i]);
    }
    return 0;
}

