00:00:00 ERROR Prereqs not found for pass UnIfDefPass
00:00:00 ERROR Prereqs not found for pass IfPass
00:00:00 ERROR Prereqs not found for pass UnIfDefPass
00:00:22 INFO ===< 225180 >===
00:00:22 INFO running 4 interestingness tests in parallel
00:00:22 INFO (0.0%, 269073 bytes, 2718 lines)
00:00:22 INFO INITIAL PASSES (interleaving)
00:00:22 INFO ===<  >===
00:10:35 INFO (92.7%, 19555 bytes, 528 lines, via TreeSitterPass::remove-function + LinesPass::3 + BalancedPass::curly-inside + CommentsPass + BalancedPass::curly3 + LinesPass::0 + BlankPass)
00:15:52 INFO (95.0%, 13583 bytes, 411 lines, via BalancedPass::curly + LinesPass::1 + BalancedPass::parens-to-zero + BalancedPass::curly-inside + LinesPass::2 + BalancedPass::curly2 + LinesPass::0 + BlankPass + CommentsPass)
00:22:55 INFO (96.9%, 8236 bytes, 278 lines, via TreeSitterPass::replace-function-def-with-decl + LinesPass::1 + BalancedPass::curly2 + BalancedPass::curly-inside + LinesPass::0 + BalancedPass::square + BalancedPass::curly-only + ClexHintsPass::rm-toks-1-to-4)
00:28:40 INFO (97.4%, 6903 bytes, 261 lines, via LinesPass::0 + LinesPass::None + BalancedPass::parens-to-zero + BalancedPass::square + BlankPass)
00:33:09 INFO (97.5%, 6821 bytes, 260 lines, via BalancedPass::parens-to-zero + BlankPass + BalancedPass::parens-only + BalancedPass::square)
00:37:25 INFO (97.5%, 6766 bytes, 258 lines, via LinesPass::None)
00:42:13 INFO (97.6%, 6469 bytes, 247 lines, via LinesPass::1 + ClexHintsPass::rm-toks-1-to-4)
00:45:46 INFO (97.6%, 6465 bytes, 247 lines, via ClexHintsPass::rm-toks-1-to-4)
00:49:07 INFO (97.6%, 6396 bytes, 245 lines, via LinesPass::None + BalancedPass::parens-to-zero)
00:52:30 INFO (97.6%, 6387 bytes, 245 lines, via ClexHintsPass::rm-toks-1-to-4 + BalancedPass::parens-only)
00:55:52 INFO (97.6%, 6326 bytes, 244 lines, via LinesPass::None + ClexHintsPass::rm-toks-1-to-4)
00:59:29 INFO (97.7%, 6303 bytes, 244 lines, via ClexHintsPass::rm-toks-1-to-4)
01:01:57 INFO (97.7%, 6301 bytes, 244 lines, via ClexHintsPass::rm-toks-1-to-4)
01:15:16 INFO (97.7%, 6294 bytes, 243 lines, via ClexHintsPass::rm-toks-1-to-4)
01:16:37 INFO (97.7%, 6257 bytes, 243 lines, via ClexHintsPass::rm-toks-1-to-4)
01:24:10 INFO (97.7%, 6249 bytes, 242 lines, via ClexHintsPass::rm-toks-1-to-4)
02:31:43 INFO INITIAL PASSES
02:31:43 ERROR Skipping pass UnIfDefPass
02:31:43 ERROR Skipping pass IfPass
02:31:43 INFO ===< BalancedPass::angles, BalancedPass::angles-inside, BalancedPass::angles-only, BalancedPass::curly, BalancedPass::curly-inside, BalancedPass::curly-only, BalancedPass::curly2, BalancedPass::curly3, BalancedPass::parens, BalancedPass::parens-inside, BalancedPass::parens-only, BalancedPass::parens-to-zero, BalancedPass::square, BalancedPass::square-inside, BalancedPass::square-only, BlankPass, ClangHintsPass::callexpr-to-value, ClangHintsPass::remove-unused-function, ClangHintsPass::replace-dependent-typedef, ClangHintsPass::replace-function-def-with-decl, ClangIncludeGraphPass, ClangModuleMapPass, ClexHintsPass::rm-toks-1-to-4, ClexHintsPass::rm-toks-13-to-16, ClexHintsPass::rm-toks-5-to-8, ClexHintsPass::rm-toks-9-to-12, CommentsPass, InlineIncludesPass, LineMarkersPass, LinesPass::0, LinesPass::1, LinesPass::10, LinesPass::2, LinesPass::3, LinesPass::4, LinesPass::6, LinesPass::8, LinesPass::None, MakefilePass, RmUnusedFilesPass, TreeSitterPass::erase-namespace, TreeSitterPass::remove-function, TreeSitterPass::replace-function-def-with-decl >===
02:31:45 INFO ===< IncludesPass >===
02:31:46 INFO ===< CommentsPass >===
02:31:46 INFO ===< LineMarkersPass >===
02:31:47 INFO ===< BlankPass >===
02:31:48 INFO ===< ClangHintsPass::replace-function-def-with-decl (30 T) >===
02:31:48 INFO ===< ClangHintsPass::remove-unused-function (30 T) >===
02:31:48 INFO cache hit for HIPProg.hip
02:31:48 INFO ===< ClangHintsPass::replace-function-def-with-decl (30 T) >===
02:31:48 INFO cache hit for HIPProg.hip
02:31:48 INFO ===< ClangHintsPass::remove-unused-function (30 T) >===
02:31:49 INFO ===< ClangHintsPass::replace-function-def-with-decl >===
02:31:49 INFO ===< ClangHintsPass::remove-unused-function >===
02:31:53 INFO ===< LinesPass::0 >===
02:32:55 INFO ===< LinesPass::1 >===
02:33:06 INFO ===< LinesPass::2 >===
02:33:06 INFO ===< LinesPass::3 >===
02:33:06 INFO ===< LinesPass::4 >===
02:33:06 INFO ===< LinesPass::6 >===
02:33:06 INFO ===< LinesPass::8 >===
02:33:06 INFO ===< LinesPass::10 >===
02:33:06 INFO cache hit for HIPProg.hip
02:33:06 INFO ===< ClangHintsPass::replace-function-def-with-decl >===
02:33:06 INFO cache hit for HIPProg.hip
02:33:06 INFO ===< ClangHintsPass::remove-unused-function >===
02:33:06 INFO cache hit for HIPProg.hip
02:33:06 INFO ===< ClangHintsPass::remove-unused-function >===
02:33:15 INFO ===< BalancedPass::curly >===
02:33:26 INFO ===< BalancedPass::curly2 >===
02:33:26 INFO ===< BalancedPass::curly3 >===
02:33:38 INFO ===< BalancedPass::parens-to-zero >===
02:33:38 INFO ===< ClangHintsPass::callexpr-to-value >===
02:33:38 INFO ===< ClangPass::replace-callexpr >===
02:33:38 INFO ===< ClangPass::simplify-callexpr >===
02:33:38 INFO using C++ standard: c++2b with 0 transformation opportunities
02:33:38 INFO ===< ClangBinarySearchPass::remove-unused-enum-member >===
02:33:38 INFO ===< ClangPass::remove-enum-member-value >===
02:33:38 INFO using C++ standard: c++2b with 7 transformation opportunities
02:33:40 INFO ===< ClangBinarySearchPass::remove-unused-var >===
02:33:41 INFO ===< SpecialPass::a >===
02:33:41 INFO ===< SpecialPass::b >===
02:33:41 INFO INTERLEAVING PASSES
02:33:41 INFO ===< SpecialPass::c >===
02:52:12 INFO (97.7%, 6242 bytes, 242 lines, via ClexHintsPass::rm-toks-1-to-4)
02:55:01 INFO (97.7%, 6235 bytes, 242 lines, via ClexHintsPass::rm-toks-1-to-4)
03:02:46 INFO (97.7%, 6218 bytes, 242 lines, via ClexHintsPass::rm-toks-5-to-8)
03:05:19 INFO (97.7%, 6216 bytes, 242 lines, via BalancedPass::parens-only)
04:15:02 INFO Termination check: size was 6249; now 6216
04:15:02 INFO ===< BalancedPass::angles, BalancedPass::angles-inside, BalancedPass::angles-only, BalancedPass::curly, BalancedPass::curly-inside, BalancedPass::curly-only, BalancedPass::curly2, BalancedPass::curly3, BalancedPass::parens, BalancedPass::parens-inside, BalancedPass::parens-only, BalancedPass::parens-to-zero, BalancedPass::square, BalancedPass::square-inside, BalancedPass::square-only, BlankPass, ClangHintsPass::callexpr-to-value, ClangHintsPass::remove-unused-function, ClangHintsPass::replace-dependent-typedef, ClangHintsPass::replace-function-def-with-decl, ClangIncludeGraphPass, ClangModuleMapPass, ClexHintsPass::rm-toks-1-to-4, ClexHintsPass::rm-toks-13-to-16, ClexHintsPass::rm-toks-5-to-8, ClexHintsPass::rm-toks-9-to-12, CommentsPass, InlineIncludesPass, LineMarkersPass, LinesPass::0, LinesPass::1, LinesPass::10, LinesPass::2, LinesPass::3, LinesPass::4, LinesPass::6, LinesPass::8, LinesPass::None, MakefilePass, RmUnusedFilesPass, TreeSitterPass::erase-namespace, TreeSitterPass::remove-function, TreeSitterPass::replace-function-def-with-decl >===
05:59:41 INFO Termination check: size was 6216; now 6216
05:59:41 INFO MAIN PASSES
05:59:41 ERROR Skipping pass UnIfDefPass
05:59:41 INFO ===< BalancedPass::angles, BalancedPass::angles-inside, BalancedPass::angles-only, BalancedPass::curly, BalancedPass::curly-inside, BalancedPass::curly-only, BalancedPass::curly2, BalancedPass::curly3, BalancedPass::parens, BalancedPass::parens-inside, BalancedPass::parens-only, BalancedPass::parens-to-zero, BalancedPass::square, BalancedPass::square-inside, BalancedPass::square-only, BlankPass, ClangHintsPass::callexpr-to-value, ClangHintsPass::remove-unused-function, ClangHintsPass::replace-dependent-typedef, ClangHintsPass::replace-function-def-with-decl, ClangIncludeGraphPass, ClangModuleMapPass, ClexHintsPass::rm-toks-1-to-4, ClexHintsPass::rm-toks-13-to-16, ClexHintsPass::rm-toks-5-to-8, ClexHintsPass::rm-toks-9-to-12, CommentsPass, InlineIncludesPass, LineMarkersPass, LinesPass::0, LinesPass::1, LinesPass::10, LinesPass::2, LinesPass::3, LinesPass::4, LinesPass::6, LinesPass::8, LinesPass::None, MakefilePass, RmUnusedFilesPass, TreeSitterPass::erase-namespace, TreeSitterPass::remove-function, TreeSitterPass::replace-function-def-with-decl >===
05:59:41 INFO ===< IncludeIncludesPass >===
05:59:41 INFO ===< TernaryPass::b >===
05:59:41 INFO ===< TernaryPass::c >===
05:59:53 INFO ===< BalancedPass::curly >===
06:00:07 INFO ===< BalancedPass::curly2 >===
06:00:07 INFO ===< BalancedPass::curly3 >===
06:00:21 INFO ===< BalancedPass::parens >===
06:00:22 INFO ===< BalancedPass::angles >===
06:00:39 INFO ===< BalancedPass::square >===
06:00:53 INFO ===< BalancedPass::curly-inside >===
06:00:59 INFO ===< BalancedPass::parens-inside >===
06:01:00 INFO ===< BalancedPass::angles-inside >===
06:01:14 INFO ===< BalancedPass::square-inside >===
06:01:26 INFO ===< BalancedPass::curly-only >===
06:01:27 INFO ===< BalancedPass::angles-only >===
06:01:41 INFO ===< BalancedPass::square-only >===
06:01:41 INFO ===< ClangPass::remove-namespace >===
06:01:42 INFO ===< ClangPass::aggregate-to-scalar >===
06:01:42 INFO ===< ClangPass::param-to-global >===
06:01:42 INFO ===< ClangPass::param-to-local >===
06:01:42 INFO ===< ClangPass::remove-nested-function >===
06:01:42 INFO ===< ClangPass::union-to-struct >===
06:01:42 INFO ===< ClangPass::return-void >===
06:01:42 INFO ===< ClangPass::simple-inliner >===
06:01:59 INFO ===< ClangPass::reduce-pointer-level >===
06:02:00 INFO ===< ClangPass::lift-assignment-expr >===
06:02:00 INFO ===< ClangPass::copy-propagation >===
06:02:00 INFO ===< ClangHintsPass::callexpr-to-value >===
06:02:00 INFO ===< ClangPass::replace-callexpr >===
06:02:00 INFO ===< ClangPass::simplify-callexpr >===
06:02:00 INFO ===< ClangHintsPass::remove-unused-function >===
06:02:00 INFO using C++ standard: c++2b with 0 transformation opportunities
06:02:01 INFO ===< ClangBinarySearchPass::remove-unused-enum-member >===
06:02:01 INFO ===< ClangPass::remove-enum-member-value >===
06:02:01 INFO using C++ standard: c++2b with 7 transformation opportunities
06:02:03 INFO ===< ClangBinarySearchPass::remove-unused-var >===
06:02:03 INFO ===< ClangPass::simplify-if >===
06:02:03 INFO ===< ClangPass::reduce-array-dim >===
06:02:03 INFO ===< ClangPass::reduce-array-size >===
06:02:03 INFO ===< ClangPass::move-definition-to-declaration >===
06:02:03 INFO ===< ClangPass::simplify-comma-expr >===
06:02:03 INFO ===< ClangPass::simplify-dependent-typedef >===
06:02:03 INFO ===< ClangPass::replace-simple-typedef >===
06:02:03 INFO ===< ClangHintsPass::replace-dependent-typedef >===
06:02:03 INFO ===< ClangPass::replace-one-level-typedef-type >===
06:02:35 INFO ===< ClangPass::remove-unused-field >===
06:02:35 INFO ===< ClangPass::instantiate-template-type-param-to-int >===
06:02:35 INFO ===< ClangPass::instantiate-template-param >===
06:02:35 INFO ===< ClangPass::template-arg-to-int >===
06:02:35 INFO ===< ClangPass::template-non-type-arg-to-int >===
06:02:35 INFO ===< ClangPass::reduce-class-template-param >===
06:02:35 INFO ===< ClangPass::remove-trivial-base-template >===
06:02:35 INFO ===< ClangPass::class-template-to-class >===
06:02:36 INFO ===< ClangPass::merge-base-class >===
06:02:36 INFO ===< ClangPass::remove-base-class >===
06:02:36 INFO ===< ClangPass::replace-derived-class >===
06:02:36 INFO ===< ClangPass::remove-unresolved-base >===
06:02:36 INFO ===< ClangPass::remove-ctor-initializer >===
06:02:36 INFO ===< ClangPass::replace-class-with-base-template-spec >===
06:02:36 INFO ===< ClangPass::simplify-nested-class >===
06:02:37 INFO ===< ClangPass::remove-unused-outer-class >===
06:02:37 INFO ===< ClangPass::empty-struct-to-int >===
06:02:37 INFO ===< ClangPass::remove-pointer >===
06:02:37 INFO ===< ClangPass::reduce-pointer-pairs >===
06:02:37 INFO ===< ClangPass::remove-array >===
06:02:37 INFO ===< ClangPass::remove-addr-taken >===
06:02:38 INFO ===< ClangPass::simplify-struct >===
06:02:38 INFO ===< ClangPass::replace-undefined-function >===
06:02:38 INFO ===< ClangPass::replace-array-index-var >===
06:02:38 INFO ===< ClangPass::replace-array-access-with-index >===
06:02:38 INFO ===< ClangPass::replace-dependent-name >===
06:02:38 INFO ===< ClangPass::simplify-recursive-template-instantiation >===
06:02:38 INFO ===< ClangPass::vector-to-array >===
06:02:38 INFO ===< ClangPass::remove-try-catch >===
06:02:38 INFO ===< ClangPass::class-to-struct >===
06:03:10 INFO ===< ClangPass::member-to-global >===
06:03:14 INFO ===< LinesPass::0 >===
06:04:18 INFO ===< LinesPass::1 >===
06:04:29 INFO ===< LinesPass::2 >===
06:04:29 INFO ===< LinesPass::3 >===
06:04:29 INFO ===< LinesPass::4 >===
06:04:29 INFO ===< LinesPass::6 >===
06:04:29 INFO ===< LinesPass::8 >===
06:04:29 INFO ===< LinesPass::10 >===
06:04:29 INFO ===< CommentsPass >===
06:04:29 INFO ===< SpecialPass::b >===
06:04:29 INFO ===< SpecialPass::c >===
06:04:30 INFO ===< IndentPass::regular >===
06:04:36 INFO ===< BalancedPass::parens-to-zero >===
07:35:26 INFO ===< ClexHintsPass::rm-toks-1-to-16 >===
08:20:19 INFO ===< ClexPass::rm-tok-pattern-4 >===
08:20:19 INFO ===< ClangPass::local-to-global >===
08:20:38 INFO ===< PeepPass::c >===
08:20:52 INFO (97.7%, 6215 bytes, 242 lines)
08:21:19 INFO (97.7%, 6214 bytes, 242 lines)
08:21:35 INFO (97.7%, 6213 bytes, 242 lines)
08:21:52 INFO (97.7%, 6212 bytes, 242 lines)
08:22:19 INFO (97.7%, 6211 bytes, 242 lines)
08:22:36 INFO (97.7%, 6210 bytes, 242 lines)
08:22:56 INFO (97.7%, 6209 bytes, 242 lines)
08:23:18 INFO (97.7%, 6208 bytes, 242 lines)
08:23:35 INFO (97.7%, 6207 bytes, 242 lines)
08:23:59 INFO (97.7%, 6206 bytes, 242 lines)
08:24:19 INFO (97.7%, 6205 bytes, 242 lines)
08:24:42 INFO (97.7%, 6204 bytes, 242 lines)
08:25:02 INFO (97.7%, 6203 bytes, 242 lines)
08:25:22 INFO (97.7%, 6202 bytes, 242 lines)
08:25:43 INFO (97.7%, 6201 bytes, 242 lines)
08:26:01 INFO (97.7%, 6200 bytes, 242 lines)
08:26:21 INFO (97.7%, 6199 bytes, 242 lines)
08:26:43 INFO (97.7%, 6198 bytes, 242 lines)
08:26:59 INFO (97.7%, 6197 bytes, 242 lines)
08:27:16 INFO (97.7%, 6196 bytes, 242 lines)
08:27:33 INFO (97.7%, 6195 bytes, 242 lines)
08:27:50 INFO (97.7%, 6194 bytes, 242 lines)
08:28:07 INFO (97.7%, 6193 bytes, 242 lines)
08:28:24 INFO (97.7%, 6192 bytes, 242 lines)
08:28:41 INFO (97.7%, 6191 bytes, 242 lines)
08:28:58 INFO (97.7%, 6190 bytes, 242 lines)
08:29:19 INFO (97.7%, 6189 bytes, 242 lines)
08:29:42 INFO (97.7%, 6188 bytes, 242 lines)
08:30:02 INFO (97.7%, 6187 bytes, 242 lines)
08:30:20 INFO (97.7%, 6186 bytes, 242 lines)
08:30:42 INFO (97.7%, 6185 bytes, 242 lines)
08:31:05 INFO (97.7%, 6184 bytes, 242 lines)
08:31:26 INFO (97.7%, 6183 bytes, 242 lines)
08:31:43 INFO (97.7%, 6182 bytes, 242 lines)
08:32:00 INFO (97.7%, 6181 bytes, 242 lines)
08:32:24 INFO (97.7%, 6180 bytes, 242 lines)
08:32:47 INFO (97.7%, 6179 bytes, 242 lines)
08:33:04 INFO (97.7%, 6178 bytes, 242 lines)
08:33:21 INFO (97.7%, 6177 bytes, 242 lines)
08:33:42 INFO (97.7%, 6176 bytes, 242 lines)
08:34:05 INFO (97.7%, 6175 bytes, 242 lines)
08:34:29 INFO (97.7%, 6174 bytes, 242 lines)
08:34:52 INFO (97.7%, 6173 bytes, 242 lines)
08:35:12 INFO (97.7%, 6172 bytes, 242 lines)
08:35:29 INFO (97.7%, 6171 bytes, 242 lines)
08:35:54 INFO (97.7%, 6170 bytes, 242 lines)
08:36:11 INFO (97.7%, 6169 bytes, 242 lines)
08:36:34 INFO (97.7%, 6168 bytes, 242 lines)
08:36:55 INFO (97.7%, 6167 bytes, 242 lines)
08:37:18 INFO (97.7%, 6166 bytes, 242 lines)
08:37:35 INFO (97.7%, 6165 bytes, 242 lines)
08:37:51 INFO (97.7%, 6164 bytes, 242 lines)
08:38:11 INFO (97.7%, 6163 bytes, 242 lines)
08:38:28 INFO (97.7%, 6162 bytes, 242 lines)
08:38:48 INFO (97.7%, 6161 bytes, 242 lines)
08:39:09 INFO (97.7%, 6160 bytes, 242 lines)
08:39:29 INFO (97.7%, 6159 bytes, 242 lines)
08:39:45 INFO (97.7%, 6158 bytes, 242 lines)
08:40:02 INFO (97.7%, 6157 bytes, 242 lines)
08:40:22 INFO (97.7%, 6156 bytes, 242 lines)
08:40:45 INFO (97.7%, 6155 bytes, 242 lines)
08:41:11 INFO (97.7%, 6154 bytes, 242 lines)
08:41:28 INFO (97.7%, 6153 bytes, 242 lines)
08:41:45 INFO (97.7%, 6152 bytes, 242 lines)
08:42:02 INFO (97.7%, 6151 bytes, 242 lines)
08:42:26 INFO (97.7%, 6150 bytes, 242 lines)
08:42:43 INFO (97.7%, 6149 bytes, 242 lines)
08:43:00 INFO (97.7%, 6148 bytes, 242 lines)
08:43:20 INFO (97.7%, 6147 bytes, 242 lines)
08:43:37 INFO (97.7%, 6146 bytes, 242 lines)
08:44:00 INFO (97.7%, 6145 bytes, 242 lines)
08:44:23 INFO (97.7%, 6144 bytes, 242 lines)
08:44:47 INFO (97.7%, 6143 bytes, 242 lines)
08:45:03 INFO (97.7%, 6142 bytes, 242 lines)
08:45:26 INFO (97.7%, 6141 bytes, 242 lines)
08:45:43 INFO (97.7%, 6140 bytes, 242 lines)
08:46:06 INFO (97.7%, 6139 bytes, 242 lines)
08:46:26 INFO (97.7%, 6138 bytes, 242 lines)
08:46:43 INFO (97.7%, 6137 bytes, 242 lines)
08:47:00 INFO (97.7%, 6136 bytes, 242 lines)
08:47:18 INFO (97.7%, 6135 bytes, 242 lines)
08:47:36 INFO (97.7%, 6134 bytes, 242 lines)
08:47:52 INFO (97.7%, 6133 bytes, 242 lines)
08:48:12 INFO (97.7%, 6132 bytes, 242 lines)
08:48:29 INFO (97.7%, 6131 bytes, 242 lines)
08:48:52 INFO (97.7%, 6130 bytes, 242 lines)
08:49:13 INFO (97.7%, 6129 bytes, 242 lines)
08:49:36 INFO (97.7%, 6128 bytes, 242 lines)
08:49:59 INFO (97.7%, 6127 bytes, 242 lines)
08:50:16 INFO (97.7%, 6126 bytes, 242 lines)
08:50:39 INFO (97.7%, 6125 bytes, 242 lines)
08:50:59 INFO (97.7%, 6124 bytes, 242 lines)
08:51:22 INFO (97.7%, 6123 bytes, 242 lines)
08:51:40 INFO (97.7%, 6122 bytes, 242 lines)
08:52:05 INFO (97.7%, 6121 bytes, 242 lines)
08:52:26 INFO (97.7%, 6120 bytes, 242 lines)
08:52:50 INFO (97.7%, 6119 bytes, 242 lines)
08:53:07 INFO (97.7%, 6118 bytes, 242 lines)
08:53:24 INFO (97.7%, 6117 bytes, 242 lines)
08:53:47 INFO (97.7%, 6116 bytes, 242 lines)
08:54:04 INFO (97.7%, 6115 bytes, 242 lines)
08:54:25 INFO (97.7%, 6114 bytes, 242 lines)
08:54:44 INFO (97.7%, 6113 bytes, 242 lines)
08:55:01 INFO (97.7%, 6112 bytes, 242 lines)
08:55:24 INFO (97.7%, 6111 bytes, 242 lines)
08:55:48 INFO (97.7%, 6110 bytes, 242 lines)
08:56:05 INFO (97.7%, 6109 bytes, 242 lines)
08:56:29 INFO (97.7%, 6108 bytes, 242 lines)
08:56:52 INFO (97.7%, 6107 bytes, 242 lines)
08:57:09 INFO (97.7%, 6106 bytes, 242 lines)
08:57:31 INFO (97.7%, 6105 bytes, 242 lines)
08:57:49 INFO (97.7%, 6104 bytes, 242 lines)
08:58:06 INFO (97.7%, 6103 bytes, 242 lines)
08:58:25 INFO (97.7%, 6102 bytes, 242 lines)
08:58:46 INFO (97.7%, 6101 bytes, 242 lines)
08:59:03 INFO (97.7%, 6100 bytes, 242 lines)
08:59:20 INFO (97.7%, 6099 bytes, 242 lines)
08:59:44 INFO (97.7%, 6098 bytes, 242 lines)
09:00:01 INFO (97.7%, 6097 bytes, 242 lines)
09:00:18 INFO (97.7%, 6096 bytes, 242 lines)
09:00:35 INFO (97.7%, 6095 bytes, 242 lines)
09:00:51 INFO (97.7%, 6094 bytes, 242 lines)
09:01:08 INFO (97.7%, 6093 bytes, 242 lines)
09:01:29 INFO (97.7%, 6092 bytes, 242 lines)
09:01:52 INFO (97.7%, 6091 bytes, 242 lines)
09:02:16 INFO (97.7%, 6090 bytes, 242 lines)
09:02:32 INFO (97.7%, 6089 bytes, 242 lines)
09:02:56 INFO (97.7%, 6088 bytes, 242 lines)
09:03:14 INFO (97.7%, 6087 bytes, 242 lines)
09:03:36 INFO (97.7%, 6086 bytes, 242 lines)
09:03:53 INFO (97.7%, 6085 bytes, 242 lines)
09:04:16 INFO (97.7%, 6084 bytes, 242 lines)
09:04:33 INFO (97.7%, 6083 bytes, 242 lines)
09:04:57 INFO (97.7%, 6082 bytes, 242 lines)
09:05:14 INFO (97.7%, 6081 bytes, 242 lines)
09:05:32 INFO (97.7%, 6080 bytes, 242 lines)
09:05:52 INFO (97.7%, 6079 bytes, 242 lines)
09:06:09 INFO (97.7%, 6078 bytes, 242 lines)
09:06:33 INFO (97.7%, 6077 bytes, 242 lines)
09:06:50 INFO (97.7%, 6076 bytes, 242 lines)
09:07:23 INFO (97.7%, 6075 bytes, 242 lines)
09:07:43 INFO (97.7%, 6074 bytes, 242 lines)
09:08:03 INFO (97.7%, 6073 bytes, 242 lines)
09:08:24 INFO (97.7%, 6072 bytes, 242 lines)
09:08:47 INFO (97.7%, 6071 bytes, 242 lines)
09:09:10 INFO (97.7%, 6070 bytes, 242 lines)
09:09:30 INFO (97.7%, 6069 bytes, 242 lines)
09:09:53 INFO (97.7%, 6068 bytes, 242 lines)
09:10:10 INFO (97.7%, 6067 bytes, 242 lines)
09:10:30 INFO (97.7%, 6066 bytes, 242 lines)
09:10:53 INFO (97.7%, 6065 bytes, 242 lines)
09:11:15 INFO (97.7%, 6064 bytes, 242 lines)
09:11:32 INFO (97.7%, 6063 bytes, 242 lines)
09:11:48 INFO (97.7%, 6062 bytes, 242 lines)
09:12:12 INFO (97.7%, 6061 bytes, 242 lines)
09:12:35 INFO (97.7%, 6060 bytes, 242 lines)
09:12:55 INFO (97.7%, 6059 bytes, 242 lines)
09:13:12 INFO (97.7%, 6058 bytes, 242 lines)
09:13:29 INFO (97.7%, 6057 bytes, 242 lines)
09:13:47 INFO (97.7%, 6056 bytes, 242 lines)
09:14:07 INFO (97.7%, 6055 bytes, 242 lines)
09:14:30 INFO (97.8%, 6054 bytes, 242 lines)
09:14:47 INFO (97.8%, 6053 bytes, 242 lines)
09:15:05 INFO (97.8%, 6052 bytes, 242 lines)
09:15:29 INFO (97.8%, 6051 bytes, 242 lines)
09:15:52 INFO (97.8%, 6050 bytes, 242 lines)
09:16:12 INFO (97.8%, 6049 bytes, 242 lines)
09:16:33 INFO (97.8%, 6048 bytes, 242 lines)
09:16:56 INFO (97.8%, 6047 bytes, 242 lines)
09:17:14 INFO (97.8%, 6046 bytes, 242 lines)
09:17:30 INFO (97.8%, 6045 bytes, 242 lines)
09:17:47 INFO (97.8%, 6044 bytes, 242 lines)
09:18:04 INFO (97.8%, 6043 bytes, 242 lines)
09:18:22 INFO (97.8%, 6042 bytes, 242 lines)
09:18:45 INFO (97.8%, 6041 bytes, 242 lines)
09:19:08 INFO (97.8%, 6040 bytes, 242 lines)
09:19:28 INFO (97.8%, 6039 bytes, 242 lines)
09:19:53 INFO (97.8%, 6038 bytes, 242 lines)
09:20:13 INFO (97.8%, 6037 bytes, 242 lines)
09:20:36 INFO (97.8%, 6036 bytes, 242 lines)
09:20:58 INFO (97.8%, 6035 bytes, 242 lines)
09:21:16 INFO (97.8%, 6034 bytes, 242 lines)
09:21:34 INFO (97.8%, 6033 bytes, 242 lines)
09:21:57 INFO (97.8%, 6032 bytes, 242 lines)
09:22:19 INFO (97.8%, 6031 bytes, 242 lines)
09:22:37 INFO (97.8%, 6030 bytes, 242 lines)
09:22:55 INFO (97.8%, 6029 bytes, 242 lines)
09:23:18 INFO (97.8%, 6028 bytes, 242 lines)
09:23:41 INFO (97.8%, 6027 bytes, 242 lines)
09:23:58 INFO (97.8%, 6026 bytes, 242 lines)
09:24:22 INFO (97.8%, 6025 bytes, 242 lines)
09:24:47 INFO (97.8%, 6024 bytes, 242 lines)
09:25:09 INFO (97.8%, 6023 bytes, 242 lines)
09:25:31 INFO (97.8%, 6022 bytes, 242 lines)
09:25:53 INFO (97.8%, 6021 bytes, 242 lines)
09:26:11 INFO (97.8%, 6020 bytes, 242 lines)
09:26:32 INFO (97.8%, 6019 bytes, 242 lines)
09:26:54 INFO (97.8%, 6018 bytes, 242 lines)
09:27:14 INFO (97.8%, 6017 bytes, 242 lines)
09:27:32 INFO (97.8%, 6016 bytes, 242 lines)
09:27:54 INFO (97.8%, 6015 bytes, 242 lines)
09:28:15 INFO (97.8%, 6014 bytes, 242 lines)
09:28:33 INFO (97.8%, 6013 bytes, 242 lines)
09:28:59 INFO (97.8%, 6012 bytes, 242 lines)
09:29:23 INFO (97.8%, 6011 bytes, 242 lines)
09:29:41 INFO (97.8%, 6010 bytes, 242 lines)
09:30:03 INFO (97.8%, 6009 bytes, 242 lines)
09:30:22 INFO (97.8%, 6008 bytes, 242 lines)
09:30:41 INFO (97.8%, 6007 bytes, 242 lines)
09:31:02 INFO (97.8%, 6006 bytes, 242 lines)
09:31:23 INFO (97.8%, 6005 bytes, 242 lines)
09:31:43 INFO (97.8%, 6004 bytes, 242 lines)
09:32:07 INFO (97.8%, 6003 bytes, 242 lines)
09:32:25 INFO (97.8%, 6002 bytes, 242 lines)
09:32:49 INFO (97.8%, 6001 bytes, 242 lines)
09:33:10 INFO (97.8%, 6000 bytes, 242 lines)
09:33:29 INFO (97.8%, 5999 bytes, 242 lines)
09:33:47 INFO (97.8%, 5998 bytes, 242 lines)
09:34:08 INFO (97.8%, 5997 bytes, 242 lines)
09:34:30 INFO (97.8%, 5996 bytes, 242 lines)
09:34:48 INFO (97.8%, 5995 bytes, 242 lines)
09:35:07 INFO (97.8%, 5994 bytes, 242 lines)
09:35:26 INFO (97.8%, 5993 bytes, 242 lines)
09:35:48 INFO (97.8%, 5992 bytes, 242 lines)
09:36:06 INFO (97.8%, 5991 bytes, 242 lines)
09:36:25 INFO (97.8%, 5990 bytes, 242 lines)
09:36:42 INFO (97.8%, 5989 bytes, 242 lines)
09:37:03 INFO (97.8%, 5988 bytes, 242 lines)
09:37:23 INFO (97.8%, 5987 bytes, 242 lines)
09:37:43 INFO (97.8%, 5986 bytes, 242 lines)
09:38:03 INFO (97.8%, 5985 bytes, 242 lines)
09:38:23 INFO (97.8%, 5984 bytes, 242 lines)
09:38:40 INFO (97.8%, 5983 bytes, 242 lines)
09:39:00 INFO (97.8%, 5982 bytes, 242 lines)
09:39:16 INFO (97.8%, 5981 bytes, 242 lines)
09:39:31 INFO (97.8%, 5980 bytes, 242 lines)
09:39:44 INFO (97.8%, 5979 bytes, 242 lines)
09:39:56 INFO (97.8%, 5978 bytes, 242 lines)
09:40:12 INFO (97.8%, 5977 bytes, 242 lines)
09:40:23 INFO (97.8%, 5976 bytes, 242 lines)
09:40:34 INFO (97.8%, 5975 bytes, 242 lines)
09:40:45 INFO (97.8%, 5974 bytes, 242 lines)
09:40:56 INFO (97.8%, 5973 bytes, 242 lines)
09:41:08 INFO (97.8%, 5972 bytes, 242 lines)
09:41:19 INFO (97.8%, 5971 bytes, 242 lines)
09:41:30 INFO (97.8%, 5970 bytes, 242 lines)
09:41:43 INFO (97.8%, 5969 bytes, 242 lines)
09:41:54 INFO (97.8%, 5968 bytes, 242 lines)
09:42:06 INFO (97.8%, 5967 bytes, 242 lines)
09:42:17 INFO (97.8%, 5966 bytes, 242 lines)
09:42:28 INFO (97.8%, 5965 bytes, 242 lines)
09:42:39 INFO (97.8%, 5964 bytes, 242 lines)
09:42:42 INFO ===< IntsPass::a >===
09:42:59 INFO (97.8%, 5962 bytes, 242 lines)
09:43:16 INFO (97.8%, 5960 bytes, 242 lines)
09:43:39 INFO (97.8%, 5958 bytes, 242 lines)
09:43:56 INFO (97.8%, 5956 bytes, 242 lines)
09:44:19 INFO (97.8%, 5954 bytes, 242 lines)
09:44:36 INFO (97.8%, 5952 bytes, 242 lines)
09:44:56 INFO (97.8%, 5950 bytes, 242 lines)
09:45:15 INFO (97.8%, 5948 bytes, 242 lines)
09:45:39 INFO (97.8%, 5946 bytes, 242 lines)
09:46:01 INFO (97.8%, 5944 bytes, 242 lines)
09:46:22 INFO (97.8%, 5942 bytes, 242 lines)
09:46:40 INFO (97.8%, 5940 bytes, 242 lines)
09:46:56 INFO (97.8%, 5938 bytes, 242 lines)
09:47:19 INFO (97.8%, 5936 bytes, 242 lines)
09:47:42 INFO (97.8%, 5934 bytes, 242 lines)
09:48:02 INFO (97.8%, 5932 bytes, 242 lines)
09:48:17 INFO (97.8%, 5930 bytes, 242 lines)
09:48:28 INFO (97.8%, 5928 bytes, 242 lines)
09:48:29 INFO ===< IntsPass::b >===
09:48:47 INFO (97.8%, 5926 bytes, 242 lines)
09:49:11 INFO (97.8%, 5925 bytes, 242 lines)
09:49:28 INFO (97.8%, 5924 bytes, 242 lines)
09:49:52 INFO (97.8%, 5923 bytes, 242 lines)
09:50:11 INFO (97.8%, 5921 bytes, 242 lines)
09:50:28 INFO (97.8%, 5920 bytes, 242 lines)
09:50:59 INFO (97.8%, 5918 bytes, 242 lines)
09:51:22 INFO (97.8%, 5917 bytes, 242 lines)
09:51:46 INFO (97.8%, 5915 bytes, 242 lines)
09:52:03 INFO (97.8%, 5914 bytes, 242 lines)
09:52:28 INFO (97.8%, 5913 bytes, 242 lines)
09:52:45 INFO (97.8%, 5912 bytes, 242 lines)
09:53:03 INFO (97.8%, 5910 bytes, 242 lines)
09:53:23 INFO (97.8%, 5908 bytes, 242 lines)
09:53:47 INFO (97.8%, 5907 bytes, 242 lines)
09:54:11 INFO (97.8%, 5906 bytes, 242 lines)
09:54:28 INFO (97.8%, 5905 bytes, 242 lines)
09:54:48 INFO (97.8%, 5903 bytes, 242 lines)
09:55:06 INFO (97.8%, 5901 bytes, 242 lines)
09:55:31 INFO (97.8%, 5899 bytes, 242 lines)
09:55:49 INFO (97.8%, 5898 bytes, 242 lines)
09:56:12 INFO (97.8%, 5897 bytes, 242 lines)
09:56:33 INFO (97.8%, 5895 bytes, 242 lines)
09:56:50 INFO (97.8%, 5894 bytes, 242 lines)
09:57:10 INFO (97.8%, 5893 bytes, 242 lines)
09:57:33 INFO (97.8%, 5891 bytes, 242 lines)
09:57:56 INFO (97.8%, 5890 bytes, 242 lines)
09:58:13 INFO (97.8%, 5888 bytes, 242 lines)
09:58:35 INFO (97.8%, 5886 bytes, 242 lines)
09:58:58 INFO (97.8%, 5885 bytes, 242 lines)
09:59:18 INFO (97.8%, 5884 bytes, 242 lines)
09:59:41 INFO (97.8%, 5882 bytes, 242 lines)
09:59:59 INFO (97.8%, 5881 bytes, 242 lines)
10:00:17 INFO (97.8%, 5879 bytes, 242 lines)
10:00:41 INFO (97.8%, 5877 bytes, 242 lines)
10:00:59 INFO (97.8%, 5876 bytes, 242 lines)
10:01:17 INFO (97.8%, 5874 bytes, 242 lines)
10:01:34 INFO (97.8%, 5872 bytes, 242 lines)
10:01:55 INFO (97.8%, 5870 bytes, 242 lines)
10:02:18 INFO (97.8%, 5869 bytes, 242 lines)
10:02:37 INFO (97.8%, 5867 bytes, 242 lines)
10:02:51 INFO (97.8%, 5865 bytes, 242 lines)
10:03:01 INFO (97.8%, 5864 bytes, 242 lines)
10:03:06 INFO ===< IntsPass::c >===
10:03:23 INFO (97.8%, 5863 bytes, 242 lines)
10:03:41 INFO (97.8%, 5862 bytes, 242 lines)
10:03:55 INFO (97.8%, 5861 bytes, 242 lines)
10:04:05 INFO (97.8%, 5860 bytes, 242 lines)
10:04:05 INFO ===< IntsPass::d >===
10:04:09 INFO ===< IntsPass::c >===
10:04:16 INFO ===< BalancedPass::parens-only >===
10:04:17 INFO ===< ClexPass::delete-string >===
10:04:19 INFO Termination check: size was 6216; now 5860
10:04:19 ERROR Skipping pass UnIfDefPass
10:04:19 INFO ===< ClexPass::define >===
10:04:19 INFO ===< IncludeIncludesPass >===
10:04:19 INFO ===< TernaryPass::b >===
10:04:19 INFO ===< TernaryPass::c >===
10:04:29 INFO ===< BalancedPass::curly >===
10:04:40 INFO ===< BalancedPass::curly2 >===
10:04:40 INFO ===< BalancedPass::curly3 >===
10:04:49 INFO ===< BalancedPass::parens >===
10:04:50 INFO ===< BalancedPass::angles >===
10:05:05 INFO ===< BalancedPass::square >===
10:05:18 INFO ===< BalancedPass::curly-inside >===
10:05:24 INFO ===< BalancedPass::parens-inside >===
10:05:25 INFO ===< BalancedPass::angles-inside >===
10:05:39 INFO ===< BalancedPass::square-inside >===
10:05:51 INFO ===< BalancedPass::curly-only >===
10:05:52 INFO ===< BalancedPass::angles-only >===
10:06:06 INFO ===< BalancedPass::square-only >===
10:06:06 INFO ===< ClangPass::remove-namespace >===
10:06:06 INFO ===< ClangPass::aggregate-to-scalar >===
10:06:06 INFO ===< ClangPass::param-to-global >===
10:06:06 INFO ===< ClangPass::param-to-local >===
10:06:06 INFO ===< ClangPass::remove-nested-function >===
10:06:07 INFO ===< ClangPass::union-to-struct >===
10:06:07 INFO ===< ClangPass::return-void >===
10:06:07 INFO ===< ClangPass::simple-inliner >===
10:06:20 INFO ===< ClangPass::reduce-pointer-level >===
10:06:21 INFO ===< ClangPass::lift-assignment-expr >===
10:06:21 INFO ===< ClangPass::copy-propagation >===
10:06:21 INFO ===< ClangHintsPass::callexpr-to-value >===
10:06:21 INFO ===< ClangPass::replace-callexpr >===
10:06:21 INFO ===< ClangPass::simplify-callexpr >===
10:06:21 INFO ===< ClangHintsPass::remove-unused-function >===
10:06:21 INFO using C++ standard: c++2b with 0 transformation opportunities
10:06:21 INFO ===< ClangBinarySearchPass::remove-unused-enum-member >===
10:06:21 INFO ===< ClangPass::remove-enum-member-value >===
10:06:21 INFO using C++ standard: c++2b with 7 transformation opportunities
10:06:23 INFO ===< ClangBinarySearchPass::remove-unused-var >===
10:06:23 INFO ===< ClangPass::simplify-if >===
10:06:23 INFO ===< ClangPass::reduce-array-dim >===
10:06:24 INFO ===< ClangPass::reduce-array-size >===
10:06:24 INFO ===< ClangPass::move-definition-to-declaration >===
10:06:24 INFO ===< ClangPass::simplify-comma-expr >===
10:06:24 INFO ===< ClangPass::simplify-dependent-typedef >===
10:06:24 INFO ===< ClangPass::replace-simple-typedef >===
10:06:24 INFO ===< ClangHintsPass::replace-dependent-typedef >===
10:06:24 INFO ===< ClangPass::replace-one-level-typedef-type >===
10:06:55 INFO ===< ClangPass::remove-unused-field >===
10:06:55 INFO ===< ClangPass::instantiate-template-type-param-to-int >===
10:06:55 INFO ===< ClangPass::instantiate-template-param >===
10:06:55 INFO ===< ClangPass::template-arg-to-int >===
10:06:55 INFO ===< ClangPass::template-non-type-arg-to-int >===
10:06:55 INFO ===< ClangPass::reduce-class-template-param >===
10:06:55 INFO ===< ClangPass::remove-trivial-base-template >===
10:06:55 INFO ===< ClangPass::class-template-to-class >===
10:06:55 INFO ===< ClangPass::merge-base-class >===
10:06:55 INFO ===< ClangPass::remove-base-class >===
10:06:55 INFO ===< ClangPass::replace-derived-class >===
10:06:55 INFO ===< ClangPass::remove-unresolved-base >===
10:06:55 INFO ===< ClangPass::remove-ctor-initializer >===
10:06:55 INFO ===< ClangPass::replace-class-with-base-template-spec >===
10:06:56 INFO ===< ClangPass::simplify-nested-class >===
10:06:57 INFO ===< ClangPass::remove-unused-outer-class >===
10:06:57 INFO ===< ClangPass::empty-struct-to-int >===
10:06:57 INFO ===< ClangPass::remove-pointer >===
10:06:57 INFO ===< ClangPass::reduce-pointer-pairs >===
10:06:57 INFO ===< ClangPass::remove-array >===
10:06:57 INFO ===< ClangPass::remove-addr-taken >===
10:06:57 INFO ===< ClangPass::simplify-struct >===
10:06:57 INFO ===< ClangPass::replace-undefined-function >===
10:06:57 INFO ===< ClangPass::replace-array-index-var >===
10:06:57 INFO ===< ClangPass::replace-array-access-with-index >===
10:06:57 INFO ===< ClangPass::replace-dependent-name >===
10:06:57 INFO ===< ClangPass::simplify-recursive-template-instantiation >===
10:06:57 INFO ===< ClangPass::vector-to-array >===
10:06:58 INFO ===< ClangPass::remove-try-catch >===
10:06:58 INFO ===< ClangPass::class-to-struct >===
10:07:29 INFO ===< ClangPass::member-to-global >===
10:07:33 INFO ===< LinesPass::0 >===
10:08:37 INFO ===< LinesPass::1 >===
10:08:47 INFO ===< LinesPass::2 >===
10:08:47 INFO ===< LinesPass::3 >===
10:08:47 INFO ===< LinesPass::4 >===
10:08:47 INFO ===< LinesPass::6 >===
10:08:47 INFO ===< LinesPass::8 >===
10:08:47 INFO ===< LinesPass::10 >===
10:08:47 INFO ===< CommentsPass >===
10:08:47 INFO ===< SpecialPass::b >===
10:08:47 INFO ===< SpecialPass::c >===
10:08:48 INFO ===< IndentPass::regular >===
10:08:55 INFO ===< BalancedPass::parens-to-zero >===
11:42:46 INFO ===< ClexHintsPass::rm-toks-1-to-16 >===
12:28:06 INFO ===< ClexPass::rm-tok-pattern-4 >===
12:28:06 INFO ===< ClangPass::local-to-global >===
12:28:23 INFO ===< PeepPass::c >===
12:28:46 INFO (97.8%, 5859 bytes, 242 lines)
12:29:04 INFO (97.8%, 5858 bytes, 242 lines)
12:29:19 INFO (97.8%, 5857 bytes, 242 lines)
12:29:30 INFO (97.8%, 5856 bytes, 242 lines)
12:29:32 INFO ===< IntsPass::a >===
12:29:32 INFO ===< IntsPass::b >===
12:29:37 INFO ===< IntsPass::c >===
12:29:37 INFO ===< IntsPass::d >===
12:29:37 INFO cache hit for HIPProg.hip
12:29:37 INFO ===< IntsPass::c >===
12:29:44 INFO ===< BalancedPass::parens-only >===
12:29:45 INFO ===< ClexPass::delete-string >===
12:29:46 INFO Termination check: size was 5860; now 5856
12:29:46 ERROR Skipping pass UnIfDefPass
12:29:46 INFO ===< ClexPass::define >===
12:29:47 INFO ===< IncludeIncludesPass >===
12:29:47 INFO ===< TernaryPass::b >===
12:29:47 INFO ===< TernaryPass::c >===
12:29:58 INFO ===< BalancedPass::curly >===
12:30:34 INFO ===< BalancedPass::curly2 >===
12:30:34 INFO ===< BalancedPass::curly3 >===
12:30:44 INFO ===< BalancedPass::parens >===
12:30:44 INFO ===< BalancedPass::angles >===
12:30:58 INFO ===< BalancedPass::square >===
12:31:12 INFO ===< BalancedPass::curly-inside >===
12:31:17 INFO ===< BalancedPass::parens-inside >===
12:31:18 INFO ===< BalancedPass::angles-inside >===
12:31:32 INFO ===< BalancedPass::square-inside >===
12:31:43 INFO ===< BalancedPass::curly-only >===
12:31:44 INFO ===< BalancedPass::angles-only >===
12:31:58 INFO ===< BalancedPass::square-only >===
12:31:58 INFO ===< ClangPass::remove-namespace >===
12:31:59 INFO ===< ClangPass::aggregate-to-scalar >===
12:31:59 INFO ===< ClangPass::param-to-global >===
12:31:59 INFO ===< ClangPass::param-to-local >===
12:31:59 INFO ===< ClangPass::remove-nested-function >===
12:31:59 INFO ===< ClangPass::union-to-struct >===
12:31:59 INFO ===< ClangPass::return-void >===
12:31:59 INFO ===< ClangPass::simple-inliner >===
12:32:14 INFO ===< ClangPass::reduce-pointer-level >===
12:32:14 INFO ===< ClangPass::lift-assignment-expr >===
12:32:14 INFO ===< ClangPass::copy-propagation >===
12:32:14 INFO ===< ClangHintsPass::callexpr-to-value >===
12:32:14 INFO ===< ClangPass::replace-callexpr >===
12:32:14 INFO ===< ClangPass::simplify-callexpr >===
12:32:14 INFO ===< ClangHintsPass::remove-unused-function >===
12:32:14 INFO using C++ standard: c++2b with 0 transformation opportunities
12:32:15 INFO ===< ClangBinarySearchPass::remove-unused-enum-member >===
12:32:15 INFO ===< ClangPass::remove-enum-member-value >===
12:32:14 INFO using C++ standard: c++2b with 7 transformation opportunities
12:32:17 INFO ===< ClangBinarySearchPass::remove-unused-var >===
12:32:17 INFO ===< ClangPass::simplify-if >===
12:32:17 INFO ===< ClangPass::reduce-array-dim >===
12:32:17 INFO ===< ClangPass::reduce-array-size >===
12:32:17 INFO ===< ClangPass::move-definition-to-declaration >===
12:32:17 INFO ===< ClangPass::simplify-comma-expr >===
12:32:17 INFO ===< ClangPass::simplify-dependent-typedef >===
12:32:17 INFO ===< ClangPass::replace-simple-typedef >===
12:32:17 INFO ===< ClangHintsPass::replace-dependent-typedef >===
12:32:17 INFO ===< ClangPass::replace-one-level-typedef-type >===
12:32:49 INFO ===< ClangPass::remove-unused-field >===
12:32:49 INFO ===< ClangPass::instantiate-template-type-param-to-int >===
12:32:49 INFO ===< ClangPass::instantiate-template-param >===
12:32:49 INFO ===< ClangPass::template-arg-to-int >===
12:32:49 INFO ===< ClangPass::template-non-type-arg-to-int >===
12:32:49 INFO ===< ClangPass::reduce-class-template-param >===
12:32:49 INFO ===< ClangPass::remove-trivial-base-template >===
12:32:49 INFO ===< ClangPass::class-template-to-class >===
12:32:50 INFO ===< ClangPass::merge-base-class >===
12:32:50 INFO ===< ClangPass::remove-base-class >===
12:32:50 INFO ===< ClangPass::replace-derived-class >===
12:32:50 INFO ===< ClangPass::remove-unresolved-base >===
12:32:50 INFO ===< ClangPass::remove-ctor-initializer >===
12:32:50 INFO ===< ClangPass::replace-class-with-base-template-spec >===
12:32:50 INFO ===< ClangPass::simplify-nested-class >===
12:32:51 INFO ===< ClangPass::remove-unused-outer-class >===
12:32:51 INFO ===< ClangPass::empty-struct-to-int >===
12:32:51 INFO ===< ClangPass::remove-pointer >===
12:32:52 INFO ===< ClangPass::reduce-pointer-pairs >===
12:32:52 INFO ===< ClangPass::remove-array >===
12:32:52 INFO ===< ClangPass::remove-addr-taken >===
12:32:52 INFO ===< ClangPass::simplify-struct >===
12:32:52 INFO ===< ClangPass::replace-undefined-function >===
12:32:52 INFO ===< ClangPass::replace-array-index-var >===
12:32:52 INFO ===< ClangPass::replace-array-access-with-index >===
12:32:52 INFO ===< ClangPass::replace-dependent-name >===
12:32:52 INFO ===< ClangPass::simplify-recursive-template-instantiation >===
12:32:52 INFO ===< ClangPass::vector-to-array >===
12:32:52 INFO ===< ClangPass::remove-try-catch >===
12:32:52 INFO ===< ClangPass::class-to-struct >===
12:33:58 INFO ===< ClangPass::member-to-global >===
12:34:02 INFO ===< LinesPass::0 >===
12:35:08 INFO ===< LinesPass::1 >===
12:35:18 INFO ===< LinesPass::2 >===
12:35:18 INFO ===< LinesPass::3 >===
12:35:18 INFO ===< LinesPass::4 >===
12:35:18 INFO ===< LinesPass::6 >===
12:35:18 INFO ===< LinesPass::8 >===
12:35:18 INFO ===< LinesPass::10 >===
12:35:18 INFO ===< CommentsPass >===
12:35:18 INFO ===< SpecialPass::b >===
12:35:18 INFO ===< SpecialPass::c >===
12:35:18 INFO ===< IndentPass::regular >===
12:35:33 INFO ===< BalancedPass::parens-to-zero >===
14:11:56 INFO ===< ClexHintsPass::rm-toks-1-to-16 >===
14:48:59 INFO Exiting now ...
00:00:00 ERROR Prereqs not found for pass UnIfDefPass
00:00:00 ERROR Prereqs not found for pass IfPass
00:00:00 ERROR Prereqs not found for pass UnIfDefPass
00:00:09 INFO ===< 47484 >===
00:00:09 INFO running 4 interestingness tests in parallel
00:00:09 INFO (0.0%, 5856 bytes, 242 lines)
00:00:09 INFO INITIAL PASSES (interleaving)
00:00:09 INFO ===<  >===
01:57:09 INFO INITIAL PASSES
01:57:09 ERROR Skipping pass UnIfDefPass
01:57:09 ERROR Skipping pass IfPass
01:57:09 INFO ===< BalancedPass::angles, BalancedPass::angles-inside, BalancedPass::angles-only, BalancedPass::curly, BalancedPass::curly-inside, BalancedPass::curly-only, BalancedPass::curly2, BalancedPass::curly3, BalancedPass::parens, BalancedPass::parens-inside, BalancedPass::parens-only, BalancedPass::parens-to-zero, BalancedPass::square, BalancedPass::square-inside, BalancedPass::square-only, BlankPass, ClangHintsPass::callexpr-to-value, ClangHintsPass::remove-unused-function, ClangHintsPass::replace-dependent-typedef, ClangHintsPass::replace-function-def-with-decl, ClangIncludeGraphPass, ClangModuleMapPass, ClexHintsPass::rm-toks-1-to-4, ClexHintsPass::rm-toks-13-to-16, ClexHintsPass::rm-toks-5-to-8, ClexHintsPass::rm-toks-9-to-12, CommentsPass, InlineIncludesPass, LineMarkersPass, LinesPass::0, LinesPass::1, LinesPass::10, LinesPass::2, LinesPass::3, LinesPass::4, LinesPass::6, LinesPass::8, LinesPass::None, MakefilePass, RmUnusedFilesPass, TreeSitterPass::erase-namespace, TreeSitterPass::remove-function, TreeSitterPass::replace-function-def-with-decl >===
01:57:10 INFO ===< IncludesPass >===
01:57:11 INFO ===< CommentsPass >===
01:57:11 INFO ===< LineMarkersPass >===
01:57:12 INFO ===< BlankPass >===
01:57:12 INFO ===< ClangHintsPass::replace-function-def-with-decl (30 T) >===
01:57:12 INFO ===< ClangHintsPass::remove-unused-function (30 T) >===
01:57:12 INFO cache hit for HIPProg.hip
01:57:12 INFO ===< ClangHintsPass::replace-function-def-with-decl (30 T) >===
01:57:12 INFO cache hit for HIPProg.hip
01:57:12 INFO ===< ClangHintsPass::remove-unused-function (30 T) >===
01:57:13 INFO ===< ClangHintsPass::replace-function-def-with-decl >===
01:57:13 INFO ===< ClangHintsPass::remove-unused-function >===
01:57:17 INFO ===< LinesPass::0 >===
01:58:38 INFO ===< LinesPass::1 >===
01:58:50 INFO ===< LinesPass::2 >===
01:58:50 INFO ===< LinesPass::3 >===
01:58:50 INFO ===< LinesPass::4 >===
01:58:50 INFO ===< LinesPass::6 >===
01:58:50 INFO ===< LinesPass::8 >===
01:58:50 INFO ===< LinesPass::10 >===
01:58:50 INFO cache hit for HIPProg.hip
01:58:50 INFO ===< ClangHintsPass::replace-function-def-with-decl >===
01:58:50 INFO cache hit for HIPProg.hip
01:58:50 INFO ===< ClangHintsPass::remove-unused-function >===
01:58:50 INFO cache hit for HIPProg.hip
01:58:50 INFO ===< ClangHintsPass::remove-unused-function >===
01:59:02 INFO ===< BalancedPass::curly >===
01:59:13 INFO ===< BalancedPass::curly2 >===
01:59:13 INFO ===< BalancedPass::curly3 >===
01:59:21 INFO ===< BalancedPass::parens-to-zero >===
01:59:21 INFO ===< ClangHintsPass::callexpr-to-value >===
01:59:21 INFO ===< ClangPass::replace-callexpr >===
01:59:21 INFO ===< ClangPass::simplify-callexpr >===
01:59:21 INFO using C++ standard: c++2b with 0 transformation opportunities
01:59:21 INFO ===< ClangBinarySearchPass::remove-unused-enum-member >===
01:59:21 INFO ===< ClangPass::remove-enum-member-value >===
01:59:21 INFO using C++ standard: c++2b with 7 transformation opportunities
01:59:24 INFO ===< ClangBinarySearchPass::remove-unused-var >===
01:59:25 INFO ===< SpecialPass::a >===
01:59:25 INFO ===< SpecialPass::b >===
01:59:25 INFO INTERLEAVING PASSES
01:59:25 INFO ===< SpecialPass::c >===
01:59:25 INFO cache hit for HIPProg.hip
01:59:25 INFO Termination check: size was 5856; now 5856
01:59:25 INFO MAIN PASSES
01:59:25 ERROR Skipping pass UnIfDefPass
01:59:25 INFO ===< BalancedPass::angles, BalancedPass::angles-inside, BalancedPass::angles-only, BalancedPass::curly, BalancedPass::curly-inside, BalancedPass::curly-only, BalancedPass::curly2, BalancedPass::curly3, BalancedPass::parens, BalancedPass::parens-inside, BalancedPass::parens-only, BalancedPass::parens-to-zero, BalancedPass::square, BalancedPass::square-inside, BalancedPass::square-only, BlankPass, ClangHintsPass::callexpr-to-value, ClangHintsPass::remove-unused-function, ClangHintsPass::replace-dependent-typedef, ClangHintsPass::replace-function-def-with-decl, ClangIncludeGraphPass, ClangModuleMapPass, ClexHintsPass::rm-toks-1-to-4, ClexHintsPass::rm-toks-13-to-16, ClexHintsPass::rm-toks-5-to-8, ClexHintsPass::rm-toks-9-to-12, CommentsPass, InlineIncludesPass, LineMarkersPass, LinesPass::0, LinesPass::1, LinesPass::10, LinesPass::2, LinesPass::3, LinesPass::4, LinesPass::6, LinesPass::8, LinesPass::None, MakefilePass, RmUnusedFilesPass, TreeSitterPass::erase-namespace, TreeSitterPass::remove-function, TreeSitterPass::replace-function-def-with-decl >===
01:59:25 INFO ===< IncludeIncludesPass >===
01:59:25 INFO ===< TernaryPass::b >===
01:59:25 INFO ===< TernaryPass::c >===
01:59:25 INFO cache hit for HIPProg.hip
01:59:25 INFO ===< BalancedPass::curly >===
01:59:25 INFO cache hit for HIPProg.hip
01:59:25 INFO ===< BalancedPass::curly2 >===
01:59:25 INFO cache hit for HIPProg.hip
01:59:25 INFO ===< BalancedPass::curly3 >===
01:59:34 INFO ===< BalancedPass::parens >===
01:59:35 INFO ===< BalancedPass::angles >===
01:59:48 INFO ===< BalancedPass::square >===
02:00:02 INFO ===< BalancedPass::curly-inside >===
02:00:07 INFO ===< BalancedPass::parens-inside >===
02:00:08 INFO ===< BalancedPass::angles-inside >===
02:00:22 INFO ===< BalancedPass::square-inside >===
02:00:33 INFO ===< BalancedPass::curly-only >===
02:00:34 INFO ===< BalancedPass::angles-only >===
02:00:48 INFO ===< BalancedPass::square-only >===
02:00:48 INFO ===< ClangPass::remove-namespace >===
02:00:48 INFO ===< ClangPass::aggregate-to-scalar >===
02:00:48 INFO ===< ClangPass::param-to-global >===
02:00:48 INFO ===< ClangPass::param-to-local >===
02:00:48 INFO ===< ClangPass::remove-nested-function >===
02:00:48 INFO ===< ClangPass::union-to-struct >===
02:00:48 INFO ===< ClangPass::return-void >===
02:00:48 INFO ===< ClangPass::simple-inliner >===
02:01:33 INFO ===< ClangPass::reduce-pointer-level >===
02:01:33 INFO ===< ClangPass::lift-assignment-expr >===
02:01:33 INFO ===< ClangPass::copy-propagation >===
02:01:33 INFO cache hit for HIPProg.hip
02:01:33 INFO ===< ClangHintsPass::callexpr-to-value >===
02:01:33 INFO cache hit for HIPProg.hip
02:01:33 INFO ===< ClangPass::replace-callexpr >===
02:01:33 INFO cache hit for HIPProg.hip
02:01:33 INFO ===< ClangPass::simplify-callexpr >===
02:01:33 INFO cache hit for HIPProg.hip
02:01:33 INFO ===< ClangHintsPass::remove-unused-function >===
02:01:33 INFO cache hit for HIPProg.hip
02:01:33 INFO ===< ClangBinarySearchPass::remove-unused-enum-member >===
02:01:33 INFO cache hit for HIPProg.hip
02:01:33 INFO ===< ClangPass::remove-enum-member-value >===
02:01:33 INFO cache hit for HIPProg.hip
02:01:33 INFO ===< ClangBinarySearchPass::remove-unused-var >===
02:01:34 INFO ===< ClangPass::simplify-if >===
02:01:34 INFO ===< ClangPass::reduce-array-dim >===
02:01:34 INFO ===< ClangPass::reduce-array-size >===
02:01:34 INFO ===< ClangPass::move-definition-to-declaration >===
02:01:34 INFO ===< ClangPass::simplify-comma-expr >===
02:01:34 INFO ===< ClangPass::simplify-dependent-typedef >===
02:01:34 INFO ===< ClangPass::replace-simple-typedef >===
02:01:34 INFO ===< ClangHintsPass::replace-dependent-typedef >===
02:01:34 INFO ===< ClangPass::replace-one-level-typedef-type >===
02:02:04 INFO ===< ClangPass::remove-unused-field >===
02:02:04 INFO ===< ClangPass::instantiate-template-type-param-to-int >===
02:02:04 INFO ===< ClangPass::instantiate-template-param >===
02:02:04 INFO ===< ClangPass::template-arg-to-int >===
02:02:04 INFO ===< ClangPass::template-non-type-arg-to-int >===
02:02:04 INFO ===< ClangPass::reduce-class-template-param >===
02:02:04 INFO ===< ClangPass::remove-trivial-base-template >===
02:02:04 INFO ===< ClangPass::class-template-to-class >===
02:02:04 INFO ===< ClangPass::merge-base-class >===
02:02:04 INFO ===< ClangPass::remove-base-class >===
02:02:04 INFO ===< ClangPass::replace-derived-class >===
02:02:05 INFO ===< ClangPass::remove-unresolved-base >===
02:02:05 INFO ===< ClangPass::remove-ctor-initializer >===
02:02:05 INFO ===< ClangPass::replace-class-with-base-template-spec >===
02:02:05 INFO ===< ClangPass::simplify-nested-class >===
02:02:06 INFO ===< ClangPass::remove-unused-outer-class >===
02:02:06 INFO ===< ClangPass::empty-struct-to-int >===
02:02:06 INFO ===< ClangPass::remove-pointer >===
02:02:06 INFO ===< ClangPass::reduce-pointer-pairs >===
02:02:06 INFO ===< ClangPass::remove-array >===
02:02:06 INFO ===< ClangPass::remove-addr-taken >===
02:02:06 INFO ===< ClangPass::simplify-struct >===
02:02:06 INFO ===< ClangPass::replace-undefined-function >===
02:02:06 INFO ===< ClangPass::replace-array-index-var >===
02:02:06 INFO ===< ClangPass::replace-array-access-with-index >===
02:02:06 INFO ===< ClangPass::replace-dependent-name >===
02:02:07 INFO ===< ClangPass::simplify-recursive-template-instantiation >===
02:02:07 INFO ===< ClangPass::vector-to-array >===
02:02:07 INFO ===< ClangPass::remove-try-catch >===
02:02:07 INFO ===< ClangPass::class-to-struct >===
02:02:37 INFO ===< ClangPass::member-to-global >===
02:02:37 INFO cache hit for HIPProg.hip
02:02:37 INFO ===< LinesPass::0 >===
02:02:37 INFO cache hit for HIPProg.hip
02:02:37 INFO ===< LinesPass::1 >===
02:02:37 INFO cache hit for HIPProg.hip
02:02:37 INFO ===< LinesPass::2 >===
02:02:37 INFO cache hit for HIPProg.hip
02:02:37 INFO ===< LinesPass::3 >===
02:02:37 INFO cache hit for HIPProg.hip
02:02:37 INFO ===< LinesPass::4 >===
02:02:37 INFO cache hit for HIPProg.hip
02:02:37 INFO ===< LinesPass::6 >===
02:02:37 INFO cache hit for HIPProg.hip
02:02:37 INFO ===< LinesPass::8 >===
02:02:37 INFO cache hit for HIPProg.hip
02:02:37 INFO ===< LinesPass::10 >===
02:02:37 INFO cache hit for HIPProg.hip
02:02:37 INFO ===< CommentsPass >===
02:02:37 INFO cache hit for HIPProg.hip
02:02:37 INFO ===< SpecialPass::b >===
02:02:37 INFO cache hit for HIPProg.hip
02:02:37 INFO ===< SpecialPass::c >===
02:02:37 INFO ===< IndentPass::regular >===
02:02:37 INFO cache hit for HIPProg.hip
02:02:37 INFO ===< BalancedPass::parens-to-zero >===
03:30:22 INFO ===< ClexHintsPass::rm-toks-1-to-16 >===
04:16:17 INFO ===< ClexPass::rm-tok-pattern-4 >===
04:16:18 INFO ===< ClangPass::local-to-global >===
04:16:38 INFO ===< PeepPass::c >===
04:16:40 INFO ===< IntsPass::a >===
04:16:41 INFO ===< IntsPass::b >===
04:16:45 INFO ===< IntsPass::c >===
04:16:45 INFO ===< IntsPass::d >===
04:16:45 INFO cache hit for HIPProg.hip
04:16:45 INFO ===< IntsPass::c >===
04:16:52 INFO ===< BalancedPass::parens-only >===
04:16:53 INFO ===< ClexPass::delete-string >===
04:16:54 INFO Termination check: size was 5856; now 5856
04:16:54 INFO CLEANUP PASSES
04:16:54 INFO ===< ClexPass::define >===
04:16:55 INFO ===< ClangPass::combine-global-var >===
04:16:55 INFO ===< ClangPass::combine-local-var >===
04:16:55 INFO ===< ClangPass::simplify-struct-union-decl >===
04:16:56 INFO ===< ClangPass::move-global-var >===
04:16:56 INFO ===< ClangPass::unify-function-decl >===
04:16:56 INFO cache hit for HIPProg.hip
04:16:56 INFO ===< LinesPass::0 >===
04:16:56 INFO cache hit for HIPProg.hip
04:16:56 INFO ===< ClexPass::delete-string >===
04:16:56 INFO cache hit for HIPProg.hip
04:16:56 INFO ===< BlankPass >===
04:16:56 INFO cache hit for HIPProg.hip
04:16:56 INFO ===< BlankPass >===
04:16:56 INFO ===================== done ====================
===< PASS statistics >===
  pass name                                                     bytes reduced time (s) time (%)   worked   failed  total executed
  RmUnusedFilesPass                                                         0     0.00     0.00        0        0               0
  InlineIncludesPass                                                        0     0.00     0.00        0        0               0
  BalancedPass::curly3                                                      0     0.00     0.00        0        0               0
  SpecialPass::b                                                            0     0.00     0.00        0        0               0
  SpecialPass::c                                                            0     0.01     0.00        0        0               0
  LinesPass::8                                                              0     0.01     0.00        0        0               0
  ClangIncludeGraphPass                                                     0     0.01     0.00        0        0               0
  LinesPass::10                                                             0     0.01     0.00        0        0               0
  LinesPass::3                                                              0     0.01     0.00        0        0               0
  LinesPass::4                                                              0     0.01     0.00        0        0               0
  IncludeIncludesPass                                                       0     0.01     0.00        0        4               4
  TreeSitterPass::erase-namespace                                           0     0.01     0.00        0        0               0
  LinesPass::6                                                              0     0.01     0.00        0        0               0
  ClangModuleMapPass                                                        0     0.02     0.00        0        0               0
  MakefilePass                                                              0     0.02     0.00        0        0               0
  TernaryPass::b                                                            0     0.02     0.00        0        0               0
  LineMarkersPass                                                           0     0.02     0.00        0        0               0
  TernaryPass::c                                                            0     0.03     0.00        0        0               0
  IndentPass::final                                                         0     0.03     0.00        0        1               1
  IndentPass::regular                                                       0     0.03     0.00        0        1               1
  IntsPass::b                                                               0     0.03     0.00        0        2               2
  ClangPass::reduce-pointer-pairs                                           0     0.04     0.00        0        4               4
  IntsPass::d                                                               0     0.04     0.00        0        2               2
  ClangPass::copy-propagation                                               0     0.04     0.00        0        4               4
  ClangPass::remove-namespace                                               0     0.04     0.00        0        4               4
  ClangPass::reduce-array-size                                              0     0.04     0.00        0        4               4
  ClangPass::remove-trivial-base-template                                   0     0.04     0.00        0        4               4
  ClangPass::template-non-type-arg-to-int                                   0     0.04     0.00        0        4               4
  ClangPass::class-to-struct                                                0     0.05     0.00        0        4               4
  ClangPass::reduce-array-dim                                               0     0.05     0.00        0        4               4
  ClangPass::empty-struct-to-int                                            0     0.05     0.00        0        4               4
  ClangPass::template-arg-to-int                                            0     0.05     0.00        0        4               4
  ClangPass::remove-unresolved-base                                         0     0.05     0.00        0        4               4
  ClangPass::simplify-struct-union-decl                                     0     0.05     0.00        0        4               4
  ClangPass::simplify-if                                                    0     0.05     0.00        0        4               4
  ClangPass::reduce-class-template-param                                    0     0.05     0.00        0        4               4
  ClangPass::remove-pointer                                                 0     0.05     0.00        0        4               4
  ClangPass::replace-array-index-var                                        0     0.05     0.00        0        4               4
  ClangPass::replace-undefined-function                                     0     0.05     0.00        0        4               4
  ClangPass::remove-try-catch                                               0     0.05     0.00        0        4               4
  ClangPass::class-template-to-class                                        0     0.05     0.00        0        4               4
  ClangPass::simplify-struct                                                0     0.05     0.00        0        4               4
  ClangPass::replace-simple-typedef                                         0     0.05     0.00        0        4               4
  ClangPass::move-global-var                                                0     0.05     0.00        0        4               4
  ClangPass::replace-array-access-with-index                                0     0.05     0.00        0        4               4
  ClangPass::instantiate-template-type-param-to-int                         0     0.05     0.00        0        4               4
  ClangPass::remove-addr-taken                                              0     0.05     0.00        0        4               4
  ClangPass::replace-dependent-name                                         0     0.05     0.00        0        4               4
  ClangPass::simple-inliner                                                 0     0.05     0.00        0        4               4
  ClangPass::union-to-struct                                                0     0.05     0.00        0        4               4
  ClangPass::remove-nested-function                                         0     0.05     0.00        0        4               4
  ClangPass::remove-ctor-initializer                                        0     0.05     0.00        0        4               4
  ClangPass::replace-callexpr                                               0     0.06     0.00        0        4               4
  ClangHintsPass::replace-dependent-typedef                                 0     0.06     0.00        0        0               0
  ClangPass::vector-to-array                                                0     0.06     0.00        0        4               4
  ClangPass::simplify-recursive-template-instantiation                      0     0.06     0.00        0        4               4
  ClangPass::remove-array                                                   0     0.06     0.00        0        4               4
  ClangPass::instantiate-template-param                                     0     0.06     0.00        0        4               4
  ClangPass::replace-derived-class                                          0     0.06     0.00        0        4               4
  ClangPass::aggregate-to-scalar                                            0     0.06     0.00        0        4               4
  ClangPass::lift-assignment-expr                                           0     0.06     0.00        0        4               4
  ClangPass::unify-function-decl                                            0     0.06     0.00        0        4               4
  ClangPass::replace-class-with-base-template-spec                          0     0.06     0.00        0        4               4
  ClangPass::merge-base-class                                               0     0.06     0.00        0        4               4
  ClangPass::simplify-comma-expr                                            0     0.06     0.00        0        4               4
  ClangPass::simplify-nested-class                                          0     0.06     0.00        0        4               4
  ClangPass::move-definition-to-declaration                                 0     0.06     0.00        0        4               4
  ClangPass::replace-one-level-typedef-type                                 0     0.06     0.00        0        4               4
  ClangPass::return-void                                                    0     0.06     0.00        0        4               4
  ClangPass::simplify-dependent-typedef                                     0     0.06     0.00        0        4               4
  ClangPass::remove-enum-member-value                                       0     0.07     0.00        0        4               4
  ClangPass::remove-base-class                                              0     0.07     0.00        0        4               4
  ClangPass::param-to-global                                                0     0.08     0.00        0        4               4
  ClangPass::param-to-local                                                 0     0.08     0.00        0        4               4
  ClangPass::combine-local-var                                              0     0.09     0.00        0        4               4
  ClangPass::simplify-callexpr                                              0     0.12     0.00        0        4               4
  ClangHintsPass::callexpr-to-value                                         0     0.14     0.00        0        4               4
  ClangHintsPass::remove-unused-function (30 T)                             0     0.22     0.00        0        0               0
  ClangHintsPass::replace-function-def-with-decl (30 T)                     0     0.23     0.00        0        1               1
  ClangHintsPass::remove-unused-function                                    0     0.27     0.00        0        0               0
  ClexPass::delete-string                                                   0     0.30     0.00        0        4               4
  ClangPass::local-to-global                                                0     0.30     0.00        0        8               8
  ClexPass::define                                                          0     0.31     0.00        0        4               4
  ClangHintsPass::replace-function-def-with-decl                            0     0.32     0.00        0        2               2
  ClangPass::remove-unused-outer-class                                      0     0.32     0.00        0        4               4
  ClangBinarySearchPass::remove-unused-enum-member                          0     0.34     0.00        0        0               0
  BalancedPass::angles-inside                                               0     0.48     0.00        0        6               6
  BalancedPass::angles                                                      0     0.50     0.00        0        6               6
  BalancedPass::angles-only                                                 0     0.52     0.00        0        6               6
  IncludesPass                                                              0     0.52     0.00        0        4               4
  SpecialPass::a                                                            0     0.56     0.00        0        2               2
  TreeSitterPass::remove-function                                           0     0.85     0.01        0        9               9
  CommentsPass                                                              0     0.93     0.01        0       42              42
  ClangPass::combine-global-var                                             0     0.94     0.01        0        4               4
  IntsPass::c                                                               0     1.12     0.01        0        3               3
  TreeSitterPass::replace-function-def-with-decl                            0     1.16     0.01        0        7               7
  IntsPass::a                                                               0     2.02     0.01        0        9               9
  ClangBinarySearchPass::remove-unused-var                                  0     2.12     0.01        0       11              11
  BlankPass                                                                 0     2.15     0.01        0        8               8
  LinesPass::0                                                              0     7.81     0.05        0       36              36
  BalancedPass::parens-inside                                               0    11.03     0.07        0       96              96
  BalancedPass::parens-only                                                 0    14.60     0.09        0      142             142
  PeepPass::c                                                               0    15.74     0.10        0     5856            5856
  BalancedPass::parens-to-zero                                              0    15.77     0.10        0      142             142
  BalancedPass::parens                                                      0    16.60     0.11        0      142             142
  BalancedPass::curly-inside                                                0    20.40     0.13        0       22              22
  BalancedPass::curly2                                                      0    22.42     0.15        0       78              78
  LinesPass::2                                                              0    23.31     0.15        0       70              70
  BalancedPass::curly                                                       0    24.37     0.16        0       78              78
  BalancedPass::curly-only                                                  0    24.62     0.16        0       78              78
  ClangPass::member-to-global                                               0    29.52     0.19        0       93              93
  ClangPass::remove-unused-field                                            0    29.57     0.19        0       93              93
  BalancedPass::square-inside                                               0    30.70     0.20        0       96              96
  BalancedPass::square-only                                                 0    30.77     0.20        0      102             102
  BalancedPass::square                                                      0    30.87     0.20        0      102             102
  ClangPass::reduce-pointer-level                                           0    44.55     0.29        0       40              40
  LinesPass::None                                                           0   160.73     1.04        0      392             392
  LinesPass::1                                                              0   171.15     1.11        0      400             400
  ClexHintsPass::rm-toks-13-to-16                                           0  1602.94    10.40        0     5142            5142
  ClexHintsPass::rm-toks-5-to-8                                             0  1631.29    10.58        0     5174            5174
  ClexHintsPass::rm-toks-9-to-12                                            0  1673.93    10.86        0     5158            5158
  ClexHintsPass::rm-toks-1-to-4                                             0  1696.20    11.00        0     5190            5190
  ClexPass::rm-tok-pattern-4                                                0  2751.64    17.85        0    10393           10393
  ClexHintsPass::rm-toks-1-to-16                                            0  5256.17    34.10        0    20664           20664

Runtime: 15416 seconds
Reduced test-cases:

--- HIPProg.hip ---
#include <hip/hip_runtime.h>
#include "HIPSmith.h"
#define transparent_crc(X, Y, Z) transparent_crc_(&crc64_context, X, , )
struct S0 {
    int32_t g_11;
    int64_t g_36;
    uint8_t g_65;
    int32_t *g_107;
    int32_t **g_106[7];
    int32_t ***g_105;
    uint32_t g_112;
    uint32_t g_123;
    uint64_t g_130;
    uint8_t g_132;
    uint32_t g_167[8];
    uint16_t g_207;
    int16_t g_221;
    int32_t ***g_255;
    int32_t ****g_254;
    int64_t g_303;
    int8_t g_325;
    int16_t g_350;
    uint32_t *g_399;
    uint32_t **g_398[5][6][7];
    uint16_t g_403[5][3][5];
    uint16_t *g_459;
    uint16_t **g_458;
    uint64_t g_486;
    int32_t g_555;
    int32_t g_556;
    int32_t *g_659;
    uint8_t g_698;
    uint64_t g_717;
    uint32_t g_810;
    uint32_t g_885;
    uint16_t ***g_899;
    uint16_t ****g_898;
    int32_t g_1003;
    int32_t **g_1002[2][4][6];
    int32_t ***g_1001;
    int32_t ****g_1000;
    uint64_t g_1006;
    int32_t g_1041;
    int16_t *g_1113;
    int16_t **g_1112;
    uint32_t g_1187;
    int32_t g_1209;
    uint64_t g_1304;
    int32_t g_1354;
    uint64_t g_1388;
    int64_t g_1395;
    int8_t *g_1453;
    int8_t **g_1452;
    int8_t **g_1457;
    uint16_t g_1660;
    int16_t g_1738;
    int64_t g_1968;
    uint32_t g_2132;
    uint8_t g_2133;
    int64_t g_2208[10][7];
    uint32_t *g_2301;
    uint32_t **g_2300;
    uint32_t ***g_2395;
    uint32_t g_2394;
    int16_t g_2416;
    uint64_t *g_2457;
    uint8_t *g_2472;
    uint8_t **g_2471;
    uint8_t ***g_2470;
    uint8_t ****g_2469;
    int64_t g_2507;
    int64_t *g_2524;
    uint32_t ***g_2790;
    uint32_t ****g_2789;
    int32_t g_2813;
    uint32_t g_2859;
    int8_t ***g_2914[3];
    int8_t ****g_2913;
    int8_t g_3263;
    int32_t g_3265;
    int32_t g_3267;
    uint8_t **g_3310;
    uint64_t **g_3504;
    uint64_t ***g_3503;
    int32_t g_3513;
    int64_t g_3576;
    uint32_t g_3675;
    int64_t **g_3686;
    int64_t g_3716;
    int32_t g_3774;
    int32_t g_3824;
    int8_t ***g_3859;
    uint16_t g_4066;
    int32_t g_4121;
    int64_t g_4190;
    uint32_t ****g_4193;
};
__device__ uint32_t  func_2(int32_t  , int32_t  , uint32_t  , S0 * );
__device__ uint64_t  func_1(S0 * p_4196)
{
    int8_t l_4195 = p_4196->g_4190 |= -9L ^ func_2(0, p_4196->g_11, 0, p_4196);
    return l_4195;
}
__device__ uint32_t  func_2(int32_t  , int32_t  , uint32_t  , S0 * p_4196)
{ 
    int32_t *l_4188 = &p_4196->g_2813;    **p_4196->g_105 = l_4188;
    return *l_4188;
}
__global__ void hipsmith_kernel(uint64_t *results) {
    S0 c_4197;
    S0* p_4196 = &c_4197;
    S0 c_4198 {
        5, 
        0, 
        {}, 
        &p_4196->g_11, 
        &p_4196->g_107, &p_4196->g_107, &p_4196->g_107, &p_4196->g_107, &p_4196->g_107, &p_4196->g_107, &p_4196->g_107, 
        &p_4196->g_106[5], 
        1, 
        5, 
        4, 
        5, 
        4073709551615, 1, 4073709551615, 1, 4073709551615, 1, 4073709551615, 1, 
        {}, 
        0, 
        &p_4196->g_106[6], 
        &p_4196->g_255, 
        0, 
        0, 
        {}, 
        &p_4196->g_123, 
        {}, 
        {}, 
        &p_4196->g_403[2][2][2], 
        &p_4196->g_459, 
        4, 
        0, 
        6, 
        &p_4196->g_11, 
        1, 
        4073709551615, 
        1, 
        4, 
        &p_4196->g_458, 
        &p_4196->g_899, 
        {}, 
        {}, 
        &p_4196->g_1002[1][0][0], 
        &p_4196->g_1001, 
        0, 
        0, 
        &p_4196->g_221, 
        &p_4196->g_1113, 
        5, 
        6, 
        {}, 
        2, 
        0, 
        {}, 
        &p_4196->g_325, 
        &p_4196->g_1453, 
        &p_4196->g_1453, 
        0, 
        {}, 
        2, 
        1, 
        3, 
        {}, 
        &p_4196->g_885, 
        &p_4196->g_2301, 
        &p_4196->g_2300, 
        {}, 
        6, 
        &p_4196->g_1388, 
        &p_4196->g_2133, 
        &p_4196->g_2472, 
        &p_4196->g_2471, 
        &p_4196->g_2470, 
        4, 
        &p_4196->g_2208[7][5], 
        &p_4196->g_398[2][2][5], 
        &p_4196->g_2790, 
        0, 
        4073709551610, 
        {}, 
        &p_4196->g_2914[0], 
        7, 
        5, 
        0, 
        &p_4196->g_2472, 
        nullptr, 
        &p_4196->g_3504, 
        0, 
        {}, 
        {}, 
        &p_4196->g_2524, 
        {}, 
        5, 
        6, 
        &p_4196->g_1457, 
        5, 
        {}, 
        1, 
        &p_4196->g_2790};
    c_4197 = c_4198;
    func_1(p_4196);
    uint64_t crc64_context = 0xFFFFFFFFFFFFFFFFUL;
    transparent_crc(p_4196->g_4190, , );
    int tid = threadIdx.x + blockIdx.x * blockDim.x;
    results[tid] = (crc64_context ^ 0xFFFFFFFFFFFFFFFFUL);
}
// ------------------------------------------------------------------
// Host Main
// ------------------------------------------------------------------
int main(int argc, const char* argv[]) {
    // Config
    const unsigned int num_threads = 4;
    const unsigned int block_size = 4;
    // Host Alloc
    std::vector<uint64_t> h_results(num_threads);
    const size_t results_bytes = sizeof(uint64_t) * h_results.size();
    // Device Alloc
    uint64_t *d_results;
    HIP_CHECK(hipMalloc((void**)&d_results, results_bytes));
    HIP_CHECK(hipMemset(d_results, 0, results_bytes));
    // Dimensions
    const dim3 block_dim(block_size);
    const dim3 grid_dim((num_threads + block_size - 1) / block_size);
    // Launch
    hipLaunchKernelGGL(hipsmith_kernel, grid_dim, block_dim, 0, 0, d_results);
    HIP_CHECK(hipGetLastError());
    HIP_CHECK(hipDeviceSynchronize());
    // Copy Back
    HIP_CHECK(hipMemcpy(h_results.data(), d_results, results_bytes, hipMemcpyDeviceToHost));
    // Free
    HIP_CHECK(hipFree(d_results));
    // Output
    for (size_t i = 0; i < h_results.size(); ++i) {
        printf("Thread %zu CRC: %lu\n", i, h_results[i]);
    }
    return 0;
}

