
=========================================
[!] FATAL PYTHON EXCEPTION IN REDUCTION:
Traceback (most recent call last):
  File "/homes/eb522/imperial/fyp/hipfuzz/find_and_reduce.py", line 237, in run_reduction_task
    generate_interestingness_test(abs_work_dir, good_flag, bad_flag)
  File "/homes/eb522/imperial/fyp/hipfuzz/find_and_reduce.py", line 183, in generate_interestingness_test
    content = template_content.format(
              ^^^^^^^^^^^^^^^^^^^^^^^^
KeyError: '\n    "asan"'
=========================================

=========================================
[!] FATAL PYTHON EXCEPTION IN REDUCTION:
Traceback (most recent call last):
  File "/homes/eb522/imperial/fyp/hipfuzz/find_and_reduce.py", line 237, in run_reduction_task
    generate_interestingness_test(abs_work_dir, good_flag, bad_flag)
  File "/homes/eb522/imperial/fyp/hipfuzz/find_and_reduce.py", line 183, in generate_interestingness_test
    content = template_content.format(
              ^^^^^^^^^^^^^^^^^^^^^^^^
KeyError: 'bin_path'
=========================================
00:00:00 ERROR Prereqs not found for pass UnIfDefPass
00:00:00 ERROR Prereqs not found for pass IfPass
00:00:00 ERROR Prereqs not found for pass UnIfDefPass
00:00:06 INFO ===< 1553284 >===
00:00:06 INFO running 4 interestingness tests in parallel
00:00:06 INFO (0.0%, 5523 bytes, 217 lines)
00:00:06 INFO INITIAL PASSES (interleaving)
00:00:06 INFO ===<  >===
00:01:48 INFO (0.0%, 5522 bytes, 217 lines, via BlankPass)
00:57:55 INFO INITIAL PASSES
00:57:55 ERROR Skipping pass UnIfDefPass
00:57:55 ERROR Skipping pass IfPass
00:57:55 INFO ===< BalancedPass::angles, BalancedPass::angles-inside, BalancedPass::angles-only, BalancedPass::curly, BalancedPass::curly-inside, BalancedPass::curly-only, BalancedPass::curly2, BalancedPass::curly3, BalancedPass::parens, BalancedPass::parens-inside, BalancedPass::parens-only, BalancedPass::parens-to-zero, BalancedPass::square, BalancedPass::square-inside, BalancedPass::square-only, BlankPass, ClangHintsPass::callexpr-to-value, ClangHintsPass::remove-unused-function, ClangHintsPass::replace-dependent-typedef, ClangHintsPass::replace-function-def-with-decl, ClangIncludeGraphPass, ClangModuleMapPass, ClexHintsPass::rm-toks-1-to-4, ClexHintsPass::rm-toks-13-to-16, ClexHintsPass::rm-toks-5-to-8, ClexHintsPass::rm-toks-9-to-12, CommentsPass, InlineIncludesPass, LineMarkersPass, LinesPass::0, LinesPass::1, LinesPass::10, LinesPass::2, LinesPass::3, LinesPass::4, LinesPass::6, LinesPass::8, LinesPass::None, MakefilePass, RmUnusedFilesPass, TreeSitterPass::erase-namespace, TreeSitterPass::remove-function, TreeSitterPass::replace-function-def-with-decl >===
00:57:56 INFO ===< IncludesPass >===
00:57:57 INFO ===< CommentsPass >===
00:57:57 INFO ===< LineMarkersPass >===
00:57:58 INFO ===< BlankPass >===
00:57:59 INFO ===< ClangHintsPass::replace-function-def-with-decl (30 T) >===
00:57:59 INFO ===< ClangHintsPass::remove-unused-function (30 T) >===
00:57:59 INFO cache hit for HIPProg.hip
00:57:59 INFO ===< ClangHintsPass::replace-function-def-with-decl (30 T) >===
00:57:59 INFO cache hit for HIPProg.hip
00:57:59 INFO ===< ClangHintsPass::remove-unused-function (30 T) >===
00:57:59 INFO ===< ClangHintsPass::replace-function-def-with-decl >===
00:57:59 INFO ===< ClangHintsPass::remove-unused-function >===
00:58:03 INFO ===< LinesPass::0 >===
00:58:59 INFO ===< LinesPass::1 >===
00:59:11 INFO ===< LinesPass::2 >===
00:59:11 INFO ===< LinesPass::3 >===
00:59:11 INFO ===< LinesPass::4 >===
00:59:11 INFO ===< LinesPass::6 >===
00:59:11 INFO ===< LinesPass::8 >===
00:59:11 INFO ===< LinesPass::10 >===
00:59:11 INFO cache hit for HIPProg.hip
00:59:11 INFO ===< ClangHintsPass::replace-function-def-with-decl >===
00:59:11 INFO cache hit for HIPProg.hip
00:59:11 INFO ===< ClangHintsPass::remove-unused-function >===
00:59:11 INFO cache hit for HIPProg.hip
00:59:11 INFO ===< ClangHintsPass::remove-unused-function >===
00:59:28 INFO ===< BalancedPass::curly >===
00:59:46 INFO ===< BalancedPass::curly2 >===
00:59:46 INFO ===< BalancedPass::curly3 >===
00:59:55 INFO ===< BalancedPass::parens-to-zero >===
00:59:56 INFO ===< ClangHintsPass::callexpr-to-value >===
00:59:56 INFO ===< ClangPass::replace-callexpr >===
00:59:57 INFO ===< ClangPass::simplify-callexpr >===
00:59:56 INFO using C++ standard: c++2b with 0 transformation opportunities
00:59:57 INFO ===< ClangBinarySearchPass::remove-unused-enum-member >===
00:59:57 INFO ===< ClangPass::remove-enum-member-value >===
00:59:57 INFO using C++ standard: c++2b with 11 transformation opportunities
01:00:00 INFO ===< ClangBinarySearchPass::remove-unused-var >===
01:00:01 INFO ===< SpecialPass::a >===
01:00:01 INFO ===< SpecialPass::b >===
01:00:01 INFO INTERLEAVING PASSES
01:00:01 INFO ===< SpecialPass::c >===
02:26:19 INFO Termination check: size was 5522; now 5522
02:26:19 INFO MAIN PASSES
02:26:19 ERROR Skipping pass UnIfDefPass
02:26:19 INFO ===< BalancedPass::angles, BalancedPass::angles-inside, BalancedPass::angles-only, BalancedPass::curly, BalancedPass::curly-inside, BalancedPass::curly-only, BalancedPass::curly2, BalancedPass::curly3, BalancedPass::parens, BalancedPass::parens-inside, BalancedPass::parens-only, BalancedPass::parens-to-zero, BalancedPass::square, BalancedPass::square-inside, BalancedPass::square-only, BlankPass, ClangHintsPass::callexpr-to-value, ClangHintsPass::remove-unused-function, ClangHintsPass::replace-dependent-typedef, ClangHintsPass::replace-function-def-with-decl, ClangIncludeGraphPass, ClangModuleMapPass, ClexHintsPass::rm-toks-1-to-4, ClexHintsPass::rm-toks-13-to-16, ClexHintsPass::rm-toks-5-to-8, ClexHintsPass::rm-toks-9-to-12, CommentsPass, InlineIncludesPass, LineMarkersPass, LinesPass::0, LinesPass::1, LinesPass::10, LinesPass::2, LinesPass::3, LinesPass::4, LinesPass::6, LinesPass::8, LinesPass::None, MakefilePass, RmUnusedFilesPass, TreeSitterPass::erase-namespace, TreeSitterPass::remove-function, TreeSitterPass::replace-function-def-with-decl >===
02:26:19 INFO ===< IncludeIncludesPass >===
02:26:19 INFO ===< TernaryPass::b >===
02:26:19 INFO ===< TernaryPass::c >===
02:26:19 INFO cache hit for HIPProg.hip
02:26:19 INFO ===< BalancedPass::curly >===
02:26:19 INFO cache hit for HIPProg.hip
02:26:19 INFO ===< BalancedPass::curly2 >===
02:26:19 INFO cache hit for HIPProg.hip
02:26:19 INFO ===< BalancedPass::curly3 >===
02:26:35 INFO ===< BalancedPass::parens >===
02:26:37 INFO ===< BalancedPass::angles >===
02:26:54 INFO ===< BalancedPass::square >===
02:27:22 INFO ===< BalancedPass::curly-inside >===
02:27:35 INFO ===< BalancedPass::parens-inside >===
02:27:36 INFO ===< BalancedPass::angles-inside >===
02:27:52 INFO ===< BalancedPass::square-inside >===
02:28:14 INFO ===< BalancedPass::curly-only >===
02:28:16 INFO ===< BalancedPass::angles-only >===
02:28:32 INFO ===< BalancedPass::square-only >===
02:28:32 INFO ===< ClangPass::remove-namespace >===
02:28:32 INFO ===< ClangPass::aggregate-to-scalar >===
02:28:32 INFO ===< ClangPass::param-to-global >===
02:28:33 INFO ===< ClangPass::param-to-local >===
02:28:33 INFO ===< ClangPass::remove-nested-function >===
02:28:33 INFO ===< ClangPass::union-to-struct >===
02:28:35 INFO ===< ClangPass::return-void >===
02:28:35 INFO ===< ClangPass::simple-inliner >===
02:28:44 INFO ===< ClangPass::reduce-pointer-level >===
02:28:44 INFO ===< ClangPass::lift-assignment-expr >===
02:28:44 INFO ===< ClangPass::copy-propagation >===
02:28:44 INFO cache hit for HIPProg.hip
02:28:44 INFO ===< ClangHintsPass::callexpr-to-value >===
02:28:44 INFO cache hit for HIPProg.hip
02:28:44 INFO ===< ClangPass::replace-callexpr >===
02:28:44 INFO cache hit for HIPProg.hip
02:28:44 INFO ===< ClangPass::simplify-callexpr >===
02:28:44 INFO cache hit for HIPProg.hip
02:28:44 INFO ===< ClangHintsPass::remove-unused-function >===
02:28:44 INFO cache hit for HIPProg.hip
02:28:44 INFO ===< ClangBinarySearchPass::remove-unused-enum-member >===
02:28:45 INFO cache hit for HIPProg.hip
02:28:45 INFO ===< ClangPass::remove-enum-member-value >===
02:28:45 INFO cache hit for HIPProg.hip
02:28:45 INFO ===< ClangBinarySearchPass::remove-unused-var >===
02:28:45 INFO ===< ClangPass::simplify-if >===
02:28:45 INFO ===< ClangPass::reduce-array-dim >===
02:28:45 INFO ===< ClangPass::reduce-array-size >===
02:28:45 INFO ===< ClangPass::move-definition-to-declaration >===
02:28:45 INFO ===< ClangPass::simplify-comma-expr >===
02:28:45 INFO ===< ClangPass::simplify-dependent-typedef >===
02:28:45 INFO ===< ClangPass::replace-simple-typedef >===
02:28:45 INFO ===< ClangHintsPass::replace-dependent-typedef >===
02:28:45 INFO ===< ClangPass::replace-one-level-typedef-type >===
02:29:13 INFO ===< ClangPass::remove-unused-field >===
02:29:13 INFO ===< ClangPass::instantiate-template-type-param-to-int >===
02:29:13 INFO ===< ClangPass::instantiate-template-param >===
02:29:13 INFO ===< ClangPass::template-arg-to-int >===
02:29:13 INFO ===< ClangPass::template-non-type-arg-to-int >===
02:29:13 INFO ===< ClangPass::reduce-class-template-param >===
02:29:13 INFO ===< ClangPass::remove-trivial-base-template >===
02:29:13 INFO ===< ClangPass::class-template-to-class >===
02:29:13 INFO ===< ClangPass::merge-base-class >===
02:29:13 INFO ===< ClangPass::remove-base-class >===
02:29:13 INFO ===< ClangPass::replace-derived-class >===
02:29:13 INFO ===< ClangPass::remove-unresolved-base >===
02:29:13 INFO ===< ClangPass::remove-ctor-initializer >===
02:29:13 INFO ===< ClangPass::replace-class-with-base-template-spec >===
02:29:13 INFO ===< ClangPass::simplify-nested-class >===
02:29:14 INFO ===< ClangPass::remove-unused-outer-class >===
02:29:16 INFO ===< ClangPass::empty-struct-to-int >===
02:29:16 INFO ===< ClangPass::remove-pointer >===
02:29:16 INFO ===< ClangPass::reduce-pointer-pairs >===
02:29:16 INFO ===< ClangPass::remove-array >===
02:29:16 INFO ===< ClangPass::remove-addr-taken >===
02:29:16 INFO ===< ClangPass::simplify-struct >===
02:29:16 INFO ===< ClangPass::replace-undefined-function >===
02:29:16 INFO ===< ClangPass::replace-array-index-var >===
02:29:16 INFO ===< ClangPass::replace-array-access-with-index >===
02:29:17 INFO ===< ClangPass::replace-dependent-name >===
02:29:17 INFO ===< ClangPass::simplify-recursive-template-instantiation >===
02:29:17 INFO ===< ClangPass::vector-to-array >===
02:29:17 INFO ===< ClangPass::remove-try-catch >===
02:29:17 INFO ===< ClangPass::class-to-struct >===
02:29:45 INFO ===< ClangPass::member-to-global >===
02:29:45 INFO cache hit for HIPProg.hip
02:29:45 INFO ===< LinesPass::0 >===
02:29:45 INFO cache hit for HIPProg.hip
02:29:45 INFO ===< LinesPass::1 >===
02:29:45 INFO cache hit for HIPProg.hip
02:29:45 INFO ===< LinesPass::2 >===
02:29:45 INFO cache hit for HIPProg.hip
02:29:45 INFO ===< LinesPass::3 >===
02:29:45 INFO cache hit for HIPProg.hip
02:29:45 INFO ===< LinesPass::4 >===
02:29:45 INFO cache hit for HIPProg.hip
02:29:45 INFO ===< LinesPass::6 >===
02:29:45 INFO cache hit for HIPProg.hip
02:29:45 INFO ===< LinesPass::8 >===
02:29:45 INFO cache hit for HIPProg.hip
02:29:45 INFO ===< LinesPass::10 >===
02:29:45 INFO cache hit for HIPProg.hip
02:29:45 INFO ===< CommentsPass >===
02:29:45 INFO cache hit for HIPProg.hip
02:29:45 INFO ===< SpecialPass::b >===
02:29:45 INFO cache hit for HIPProg.hip
02:29:45 INFO ===< SpecialPass::c >===
02:29:45 INFO ===< IndentPass::regular >===
02:29:45 INFO cache hit for HIPProg.hip
02:29:45 INFO ===< BalancedPass::parens-to-zero >===
04:08:10 INFO ===< ClexHintsPass::rm-toks-1-to-16 >===
04:57:54 INFO ===< ClexPass::rm-tok-pattern-4 >===
04:57:56 INFO ===< ClangPass::local-to-global >===
04:58:16 INFO ===< PeepPass::c >===
04:58:18 INFO ===< IntsPass::a >===
04:58:18 INFO ===< IntsPass::b >===
04:58:18 INFO ===< IntsPass::c >===
04:58:18 INFO ===< IntsPass::d >===
04:58:18 INFO cache hit for HIPProg.hip
04:58:18 INFO ===< IntsPass::c >===
04:58:31 INFO ===< BalancedPass::parens-only >===
04:58:32 INFO ===< ClexPass::delete-string >===
04:58:34 INFO Termination check: size was 5522; now 5522
04:58:34 INFO CLEANUP PASSES
04:58:34 INFO ===< ClexPass::define >===
04:58:37 INFO ===< ClangPass::combine-global-var >===
04:58:39 INFO ===< ClangPass::combine-local-var >===
04:58:39 INFO ===< ClangPass::simplify-struct-union-decl >===
04:58:39 INFO ===< ClangPass::move-global-var >===
04:58:39 INFO ===< ClangPass::unify-function-decl >===
04:58:39 INFO cache hit for HIPProg.hip
04:58:39 INFO ===< LinesPass::0 >===
04:58:39 INFO cache hit for HIPProg.hip
04:58:39 INFO ===< ClexPass::delete-string >===
04:58:39 INFO cache hit for HIPProg.hip
04:58:39 INFO ===< BlankPass >===
04:58:39 INFO cache hit for HIPProg.hip
04:58:39 INFO ===< BlankPass >===
04:58:39 INFO ===================== done ====================
===< PASS statistics >===
  pass name                                                     bytes reduced time (s) time (%)   worked   failed  total executed
  BlankPass                                                                 1     7.43     0.04        1       28              29
  RmUnusedFilesPass                                                         0     0.00     0.00        0        0               0
  InlineIncludesPass                                                        0     0.00     0.00        0        0               0
  SpecialPass::c                                                            0     0.00     0.00        0        0               0
  SpecialPass::b                                                            0     0.00     0.00        0        0               0
  BalancedPass::curly3                                                      0     0.00     0.00        0        0               0
  LinesPass::4                                                              0     0.01     0.00        0        0               0
  LinesPass::10                                                             0     0.01     0.00        0        0               0
  LinesPass::8                                                              0     0.01     0.00        0        0               0
  IncludeIncludesPass                                                       0     0.01     0.00        0        4               4
  LinesPass::3                                                              0     0.01     0.00        0        0               0
  LinesPass::6                                                              0     0.01     0.00        0        0               0
  TernaryPass::c                                                            0     0.01     0.00        0        0               0
  TernaryPass::b                                                            0     0.01     0.00        0        0               0
  IndentPass::final                                                         0     0.02     0.00        0        1               1
  IndentPass::regular                                                       0     0.02     0.00        0        1               1
  ClangIncludeGraphPass                                                     0     0.02     0.00        0        0               0
  ClangModuleMapPass                                                        0     0.02     0.00        0        0               0
  MakefilePass                                                              0     0.02     0.00        0        0               0
  LineMarkersPass                                                           0     0.02     0.00        0        0               0
  TreeSitterPass::erase-namespace                                           0     0.02     0.00        0        0               0
  IntsPass::c                                                               0     0.02     0.00        0        2               2
  IntsPass::d                                                               0     0.02     0.00        0        2               2
  IntsPass::b                                                               0     0.02     0.00        0        2               2
  ClangPass::remove-trivial-base-template                                   0     0.03     0.00        0        4               4
  ClangPass::template-non-type-arg-to-int                                   0     0.03     0.00        0        4               4
  ClangPass::replace-derived-class                                          0     0.03     0.00        0        4               4
  ClangPass::reduce-class-template-param                                    0     0.03     0.00        0        4               4
  ClangPass::remove-addr-taken                                              0     0.03     0.00        0        4               4
  ClangPass::instantiate-template-param                                     0     0.03     0.00        0        4               4
  ClangPass::class-template-to-class                                        0     0.03     0.00        0        4               4
  ClangPass::remove-base-class                                              0     0.03     0.00        0        4               4
  ClangPass::merge-base-class                                               0     0.03     0.00        0        4               4
  ClangPass::move-global-var                                                0     0.03     0.00        0        4               4
  ClangPass::template-arg-to-int                                            0     0.03     0.00        0        4               4
  ClangPass::simplify-dependent-typedef                                     0     0.03     0.00        0        4               4
  ClangPass::move-definition-to-declaration                                 0     0.03     0.00        0        4               4
  ClangPass::remove-array                                                   0     0.03     0.00        0        4               4
  ClangPass::remove-unresolved-base                                         0     0.03     0.00        0        4               4
  ClangPass::lift-assignment-expr                                           0     0.03     0.00        0        4               4
  ClangPass::simplify-recursive-template-instantiation                      0     0.03     0.00        0        4               4
  ClangPass::reduce-pointer-pairs                                           0     0.03     0.00        0        4               4
  ClangPass::simplify-struct                                                0     0.03     0.00        0        4               4
  ClangPass::replace-array-index-var                                        0     0.03     0.00        0        4               4
  ClangPass::remove-ctor-initializer                                        0     0.03     0.00        0        4               4
  ClangPass::simplify-comma-expr                                            0     0.03     0.00        0        4               4
  ClangPass::replace-dependent-name                                         0     0.03     0.00        0        4               4
  ClangPass::replace-array-access-with-index                                0     0.03     0.00        0        4               4
  ClangPass::remove-try-catch                                               0     0.03     0.00        0        4               4
  ClangPass::aggregate-to-scalar                                            0     0.03     0.00        0        4               4
  ClangPass::replace-class-with-base-template-spec                          0     0.03     0.00        0        4               4
  ClangPass::vector-to-array                                                0     0.03     0.00        0        4               4
  ClangPass::replace-one-level-typedef-type                                 0     0.03     0.00        0        4               4
  ClangPass::reduce-array-size                                              0     0.03     0.00        0        4               4
  ClangPass::simplify-nested-class                                          0     0.03     0.00        0        4               4
  ClangPass::unify-function-decl                                            0     0.03     0.00        0        4               4
  ClangPass::remove-namespace                                               0     0.03     0.00        0        4               4
  ClangPass::reduce-array-dim                                               0     0.03     0.00        0        4               4
  ClangPass::replace-simple-typedef                                         0     0.03     0.00        0        4               4
  ClangPass::simplify-struct-union-decl                                     0     0.03     0.00        0        4               4
  ClangPass::simplify-if                                                    0     0.03     0.00        0        4               4
  ClangPass::replace-undefined-function                                     0     0.03     0.00        0        4               4
  ClangPass::remove-enum-member-value                                       0     0.03     0.00        0        4               4
  ClangPass::replace-callexpr                                               0     0.03     0.00        0        4               4
  ClangPass::union-to-struct                                                0     0.03     0.00        0        4               4
  ClangPass::copy-propagation                                               0     0.03     0.00        0        4               4
  ClangPass::instantiate-template-type-param-to-int                         0     0.03     0.00        0        4               4
  ClangPass::class-to-struct                                                0     0.03     0.00        0        4               4
  ClangPass::simple-inliner                                                 0     0.03     0.00        0        4               4
  ClangPass::remove-unused-outer-class                                      0     0.04     0.00        0        4               4
  ClangPass::remove-pointer                                                 0     0.04     0.00        0        4               4
  ClangHintsPass::replace-dependent-typedef                                 0     0.04     0.00        0        0               0
  ClangPass::param-to-global                                                0     0.06     0.00        0        4               4
  ClangPass::remove-nested-function                                         0     0.08     0.00        0        4               4
  ClangHintsPass::remove-unused-function (30 T)                             0     0.17     0.00        0        1               1
  ClangBinarySearchPass::remove-unused-enum-member                          0     0.18     0.00        0        0               0
  ClangHintsPass::replace-function-def-with-decl (30 T)                     0     0.20     0.00        0        3               3
  ClangHintsPass::remove-unused-function                                    0     0.33     0.00        0        4               4
  ClexPass::define                                                          0     0.33     0.00        0        4               4
  ClangPass::param-to-local                                                 0     0.38     0.00        0        4               4
  ClangPass::simplify-callexpr                                              0     0.39     0.00        0       13              13
  ClangPass::return-void                                                    0     0.41     0.00        0        4               4
  ClangPass::empty-struct-to-int                                            0     0.41     0.00        0        4               4
  ClangHintsPass::replace-function-def-with-decl                            0     0.43     0.00        0       12              12
  SpecialPass::a                                                            0     0.43     0.00        0        2               2
  ClangPass::combine-local-var                                              0     0.49     0.00        0        7               7
  ClexPass::delete-string                                                   0     0.60     0.00        0        4               4
  IncludesPass                                                              0     0.60     0.00        0        4               4
  BalancedPass::angles-inside                                               0     0.95     0.01        0       12              12
  BalancedPass::angles-only                                                 0     0.97     0.01        0       12              12
  BalancedPass::angles                                                      0     1.01     0.01        0       12              12
  CommentsPass                                                              0     1.02     0.01        0       84              84
  IntsPass::a                                                               0     1.16     0.01        0        5               5
  ClangHintsPass::callexpr-to-value                                         0     1.39     0.01        0       40              40
  ClangPass::local-to-global                                                0     1.51     0.01        0       13              13
  ClangPass::combine-global-var                                             0     2.45     0.01        0        8               8
  ClangBinarySearchPass::remove-unused-var                                  0     3.00     0.02        0       21              21
  TreeSitterPass::remove-function                                           0     3.05     0.02        0       33              33
  TreeSitterPass::replace-function-def-with-decl                            0     3.14     0.02        0       27              27
  ClangPass::reduce-pointer-level                                           0     9.46     0.05        0       28              28
  LinesPass::0                                                              0    11.88     0.07        0       72              72
  PeepPass::c                                                               0    14.91     0.08        0     5522            5522
  LinesPass::2                                                              0    24.36     0.14        0       72              72
  BalancedPass::parens-to-zero                                              0    25.71     0.14        0      249             249
  BalancedPass::parens-only                                                 0    25.98     0.15        0      249             249
  BalancedPass::parens-inside                                               0    26.17     0.15        0      225             225
  ClangPass::member-to-global                                               0    26.81     0.15        0       68              68
  ClangPass::remove-unused-field                                            0    27.78     0.16        0       68              68
  BalancedPass::parens                                                      0    30.66     0.17        0      249             249
  BalancedPass::square-only                                                 0    31.91     0.18        0      135             135
  BalancedPass::square-inside                                               0    31.94     0.18        0      129             129
  BalancedPass::square                                                      0    33.85     0.19        0      136             136
  BalancedPass::curly                                                       0    44.95     0.25        0      136             136
  BalancedPass::curly2                                                      0    45.15     0.25        0      136             136
  BalancedPass::curly-only                                                  0    47.52     0.27        0      135             135
  BalancedPass::curly-inside                                                0    89.31     0.50        0       72              72
  LinesPass::1                                                              0   148.63     0.83        0      537             537
  LinesPass::None                                                           0   167.57     0.94        0      723             723
  ClexHintsPass::rm-toks-13-to-16                                           0  1958.40    10.93        0     9684            9684
  ClexHintsPass::rm-toks-9-to-12                                            0  1981.54    11.06        0     9716            9716
  ClexHintsPass::rm-toks-5-to-8                                             0  2015.79    11.25        0     9748            9748
  ClexHintsPass::rm-toks-1-to-4                                             0  2104.89    11.75        0     9780            9780
  ClexPass::rm-tok-pattern-4                                                0  2983.02    16.65        0     9794            9794
  ClexHintsPass::rm-toks-1-to-16                                            0  5899.70    32.92        0    19464           19464

Runtime: 17919 seconds
Reduced test-cases:

--- HIPProg.hip ---
#include "safe_math_macros.h"
#include <hip/hip_runtime.h>
#include "HIPSmith.h"
#define transparent_crc(X, Y, Z) transparent_crc_(&crc64_context, X, , )
struct S0 {
  unsigned f0;
};
struct S1 {
  uint8_t g_15;
  S0 g_34[6];
  uint16_t g_51[7][4];
  int64_t g_88;
  int8_t g_101;
  int8_t *g_129[8];
  uint8_t g_135[2];
  int32_t g_142;
  uint16_t *g_160;
  int64_t g_180;
  uint32_t g_181;
  int16_t g_195;
  int8_t **g_197;
  int16_t g_207;
  uint64_t g_214;
  int64_t g_231;
  uint64_t g_232;
  S0 g_276;
  S0 g_275;
  uint8_t g_284;
  uint32_t g_297;
  int8_t g_470;
  uint32_t *g_593;
  uint64_t *g_619;
  uint64_t g_618;
  uint64_t g_617;
  uint16_t g_628;
  int64_t g_641;
  uint32_t g_646;
  uint32_t g_680;
  int32_t g_697;
  int16_t ***g_699[8];
  int16_t ****g_698;
  uint32_t g_781;
  int32_t g_851;
  int16_t g_899;
  int8_t g_1017;
  uint32_t **g_1027;
  uint32_t ***g_1026;
  uint32_t ****g_1025;
  uint32_t *****g_1024;
  int32_t *g_1033;
  int32_t g_1032;
  uint16_t *g_1090;
  uint16_t *g_1091;
  int8_t ***g_1169;
  int8_t ****g_1168;
  int8_t ****g_1171;
  int64_t *g_1363;
  int64_t **g_1362;
  int64_t ***g_1361[10];
  uint32_t g_1376;
  int8_t g_1414;
  int64_t ****g_1606;
  int64_t g_1605;
  int32_t *g_1812;
  int32_t g_1832;
  uint16_t g_1865;
  uint32_t g_1925;
  int32_t g_2128;
  uint16_t g_2298;
  uint64_t g_2323;
  uint16_t g_2401;
  uint32_t g_2455;
  int32_t *g_2491;
  int32_t g_2518;
};
__device__ int32_t *func_18(uint16_t, int32_t, uint32_t, int32_t, S1 *);
__device__ uint8_t func_23(int64_t, S0, int32_t *, uint64_t, S1 *);
__device__ S0 func_39(int32_t, uint8_t, int32_t *, S1 *);
__device__ int32_t func_1(S1 *p_2553) {
  S0 l_6{};
  int32_t l_14 = 1;
  int32_t *l_1544[5][9][1]{};
  uint8_t l_2188 = 2;
  uint32_t l_2189 = 4;
  int32_t *l_2503 = nullptr;
  int8_t l_2552 = func_18(l_6.f0,
                          func_23((func_39(p_2553->g_15, l_14, &l_14, p_2553),
                                   p_2553->g_470),
                                  l_6, l_1544[3][8][0], p_2553->g_1832, p_2553),
                          l_2188, l_2189, p_2553) != l_2503;
  return l_2552;
}
__device__ int32_t *func_18(uint16_t, int32_t, uint32_t, int32_t, S1 *) {
  return 0;
}
__device__ uint8_t func_23(int64_t p_24, S0, int32_t *, uint64_t, S1 *) {
  return p_24;
}
__device__ S0 func_39(int32_t, uint8_t, int32_t *, S1 *p_2553) {
  int8_t **l_1134[]{&p_2553->g_129[4], &p_2553->g_129[4]};
  *p_2553->g_619 |= safe_sub_func_int8_t_s_s(-9, *l_1134[1] == 0);
  return p_2553->g_34[5];
}
__global__ void hipsmith_kernel(uint64_t *results) {
  S1 c_2554;
  S1 *p_2553 = &c_2554;
  S1 c_2555{4,
            {},
            {},
            0,
            0,
            &p_2553->g_101,
            &p_2553->g_101,
            &p_2553->g_101,
            &p_2553->g_101,
            &p_2553->g_101,
            &p_2553->g_101,
            &p_2553->g_101,
            &p_2553->g_101,
            5,
            5,
            0,
            &p_2553->g_51[1][1],
            1,
            0,
            {},
            &p_2553->g_129[4],
            {},
            1,
            4073709551615,
            2,
            0,
            0,
            1,
            8,
            2,
            &p_2553->g_297,
            &p_2553->g_214,
            {},
            {},
            0,
            0,
            8,
            {},
            {},
            {},
            &p_2553->g_699[2],
            1,
            0,
            1,
            0,
            &p_2553->g_593,
            &p_2553->g_1027,
            &p_2553->g_1026,
            &p_2553->g_1025,
            nullptr,
            {},
            &p_2553->g_51[0][3],
            nullptr,
            &p_2553->g_197,
            &p_2553->g_1169,
            &p_2553->g_1169,
            &p_2553->g_88,
            &p_2553->g_1363,
            {},
            0,
            {},
            &p_2553->g_1361[8],
            {},
            nullptr,
            1,
            {},
            0,
            4,
            4,
            2,
            8,
            0,
            &p_2553->g_851,
            {}};
  c_2554 = c_2555;
  func_1(p_2553);
  uint64_t crc64_context = 0xFFFFFFFFFFFFFFFFUL;
  transparent_crc(p_2553->g_214, , );
  int tid = threadIdx.x + blockIdx.x * blockDim.x;
  results[tid] = (crc64_context ^ 0xFFFFFFFFFFFFFFFFUL);
}
// ------------------------------------------------------------------
// Host Main
// ------------------------------------------------------------------
int main(int argc, const char* argv[]) {
    // Config
    const unsigned int num_threads = 4;
    const unsigned int block_size = 4;
    // Host Alloc
    std::vector<uint64_t> h_results(num_threads);
    const size_t results_bytes = sizeof(uint64_t) * h_results.size();
    // Device Alloc
    uint64_t *d_results;
    HIP_CHECK(hipMalloc((void**)&d_results, results_bytes));
    HIP_CHECK(hipMemset(d_results, 0, results_bytes));
    // Dimensions
    const dim3 block_dim(block_size);
    const dim3 grid_dim((num_threads + block_size - 1) / block_size);
    // Launch
    hipLaunchKernelGGL(hipsmith_kernel, grid_dim, block_dim, 0, 0, d_results);
    HIP_CHECK(hipGetLastError());
    HIP_CHECK(hipDeviceSynchronize());
    // Copy Back
    HIP_CHECK(hipMemcpy(h_results.data(), d_results, results_bytes, hipMemcpyDeviceToHost));
    // Free
    HIP_CHECK(hipFree(d_results));
    // Output
    for (size_t i = 0; i < h_results.size(); ++i)
    printf("Thread %zu CRC: %lu\n", i, h_results[i]);
    return 0;
}

