00:00:00 ERROR Prereqs not found for pass UnIfDefPass
00:00:00 ERROR Prereqs not found for pass IfPass
00:00:00 ERROR Prereqs not found for pass UnIfDefPass
00:00:06 INFO ===< 3495752 >===
00:00:06 INFO running 4 interestingness tests in parallel
00:00:06 INFO (0.0%, 6123 bytes, 272 lines)
00:00:06 INFO INITIAL PASSES (interleaving)
00:00:06 INFO ===<  >===
00:32:19 INFO (100.0%, 0 bytes, via LinesPass::0)
00:32:19 INFO INITIAL PASSES
00:32:19 ERROR Skipping pass UnIfDefPass
00:32:19 ERROR Skipping pass IfPass
00:32:19 INFO ===< BalancedPass::angles, BalancedPass::angles-inside, BalancedPass::angles-only, BalancedPass::curly, BalancedPass::curly-inside, BalancedPass::curly-only, BalancedPass::curly2, BalancedPass::curly3, BalancedPass::parens, BalancedPass::parens-inside, BalancedPass::parens-only, BalancedPass::parens-to-zero, BalancedPass::square, BalancedPass::square-inside, BalancedPass::square-only, BlankPass, ClangHintsPass::callexpr-to-value, ClangHintsPass::remove-unused-function, ClangHintsPass::replace-dependent-typedef, ClangHintsPass::replace-function-def-with-decl, ClangIncludeGraphPass, ClangModuleMapPass, ClexHintsPass::rm-toks-1-to-4, ClexHintsPass::rm-toks-13-to-16, ClexHintsPass::rm-toks-5-to-8, ClexHintsPass::rm-toks-9-to-12, CommentsPass, InlineIncludesPass, LineMarkersPass, LinesPass::0, LinesPass::1, LinesPass::10, LinesPass::2, LinesPass::3, LinesPass::4, LinesPass::6, LinesPass::8, LinesPass::None, MakefilePass, RmUnusedFilesPass, TreeSitterPass::erase-namespace, TreeSitterPass::remove-function, TreeSitterPass::replace-function-def-with-decl >===
The file being reduced has reached zero size; our work here is done.

If you did not want a zero size file, you must help C-Vise out by
making sure that your interestingness test does not find files like
this to be interesting.

=========================================
[!] FATAL PYTHON EXCEPTION IN REDUCTION:
Traceback (most recent call last):
  File "/homes/eb522/imperial/fyp/hipfuzz/find_and_reduce.py", line 237, in run_reduction_task
    generate_interestingness_test(abs_work_dir, good_flag, bad_flag)
  File "/homes/eb522/imperial/fyp/hipfuzz/find_and_reduce.py", line 183, in generate_interestingness_test
    content = template_content.format(
              ^^^^^^^^^^^^^^^^^^^^^^^^
KeyError: '\n    "asan"'
=========================================

=========================================
[!] FATAL PYTHON EXCEPTION IN REDUCTION:
Traceback (most recent call last):
  File "/homes/eb522/imperial/fyp/hipfuzz/find_and_reduce.py", line 237, in run_reduction_task
    generate_interestingness_test(abs_work_dir, good_flag, bad_flag)
  File "/homes/eb522/imperial/fyp/hipfuzz/find_and_reduce.py", line 183, in generate_interestingness_test
    content = template_content.format(
              ^^^^^^^^^^^^^^^^^^^^^^^^
KeyError: 'bin_path'
=========================================
00:00:00 ERROR Prereqs not found for pass UnIfDefPass
00:00:00 ERROR Prereqs not found for pass IfPass
00:00:00 ERROR Prereqs not found for pass UnIfDefPass
00:00:07 INFO ===< 4070600 >===
00:00:07 INFO running 4 interestingness tests in parallel
00:00:07 INFO (0.0%, 158864 bytes, 1736 lines)
00:00:07 INFO INITIAL PASSES (interleaving)
00:00:07 INFO ===<  >===
00:06:58 INFO (41.0%, 93734 bytes, 1298 lines, via LinesPass::2 + CommentsPass + LinesPass::3 + BalancedPass::curly3 + LinesPass::0 + ClangHintsPass::callexpr-to-value + LinesPass::4 + BlankPass + ClexHintsPass::rm-toks-9-to-12 + ClexHintsPass::rm-toks-1-to-4)
00:12:57 INFO (65.3%, 55163 bytes, 1065 lines, via BalancedPass::curly-inside + LinesPass::2 + LinesPass::4 + LinesPass::6 + BalancedPass::curly3 + LinesPass::3 + BlankPass + CommentsPass)
00:19:44 INFO (74.0%, 41322 bytes, 914 lines, via LinesPass::3 + LinesPass::2 + BalancedPass::curly-inside + BalancedPass::curly3 + LinesPass::4 + LinesPass::6 + BlankPass)
00:25:49 INFO (79.2%, 33075 bytes, 806 lines, via LinesPass::1 + LinesPass::3 + BalancedPass::curly-inside + LinesPass::2 + LinesPass::4 + BalancedPass::parens-to-zero + BalancedPass::curly3 + LinesPass::0)
00:31:36 INFO (83.8%, 25711 bytes, 704 lines, via LinesPass::None + BalancedPass::curly-inside + LinesPass::2 + BalancedPass::parens-to-zero + LinesPass::3 + LinesPass::1 + BalancedPass::curly3 + BalancedPass::square + ClexHintsPass::rm-toks-1-to-4)
00:37:24 INFO (86.3%, 21737 bytes, 641 lines, via BalancedPass::parens-to-zero + BalancedPass::curly-inside + BalancedPass::curly + LinesPass::1 + LinesPass::2 + BalancedPass::curly2 + BalancedPass::square + BlankPass)
00:43:42 INFO (88.1%, 18875 bytes, 577 lines, via BalancedPass::curly-inside + LinesPass::None + LinesPass::1 + BalancedPass::parens-to-zero + BalancedPass::curly3 + BalancedPass::square + BlankPass + BalancedPass::curly-only + BalancedPass::curly)
00:49:18 INFO (88.7%, 17984 bytes, 570 lines, via BalancedPass::parens-to-zero + BalancedPass::curly-inside + BalancedPass::parens-only + ClexHintsPass::rm-toks-5-to-8 + BalancedPass::square + ClexHintsPass::rm-toks-1-to-4 + BalancedPass::curly + BalancedPass::curly2 + BlankPass)
00:55:20 INFO (89.5%, 16638 bytes, 542 lines, via BalancedPass::parens-to-zero + LinesPass::None + LinesPass::1 + ClexHintsPass::rm-toks-5-to-8 + ClexHintsPass::rm-toks-9-to-12 + BalancedPass::square + BlankPass + BalancedPass::curly3 + BalancedPass::curly2)
01:00:24 INFO (90.7%, 14761 bytes, 509 lines, via LinesPass::None + BalancedPass::parens-to-zero + LinesPass::1 + ClexHintsPass::rm-toks-9-to-12 + BalancedPass::parens-only + BalancedPass::square + ClexHintsPass::rm-toks-1-to-4 + BalancedPass::curly2)
01:07:09 INFO (93.0%, 11071 bytes, 404 lines, via ClangHintsPass::replace-function-def-with-decl + BalancedPass::curly-inside + LinesPass::0 + LinesPass::1 + LinesPass::None + BalancedPass::parens-to-zero + ClexHintsPass::rm-toks-5-to-8 + BalancedPass::square + BalancedPass::parens-only + BalancedPass::curly3)
01:12:09 INFO (93.5%, 10259 bytes, 387 lines, via LinesPass::0 + TreeSitterPass::remove-function + ClangHintsPass::remove-unused-function + BalancedPass::parens-to-zero + LinesPass::1 + BalancedPass::square + BalancedPass::parens-only)
01:17:12 INFO (93.9%, 9651 bytes, 366 lines, via LinesPass::None + LinesPass::1 + ClexHintsPass::rm-toks-1-to-4 + BalancedPass::parens-to-zero + BalancedPass::parens-only + BlankPass)
01:21:55 INFO (94.4%, 8952 bytes, 342 lines, via LinesPass::1 + BalancedPass::parens-to-zero + BalancedPass::curly-inside + BalancedPass::parens-only + ClexHintsPass::rm-toks-1-to-4 + LinesPass::None)
01:25:28 INFO (94.4%, 8820 bytes, 330 lines, via LinesPass::1 + ClexHintsPass::rm-toks-1-to-4 + BlankPass)
01:29:07 INFO (94.5%, 8756 bytes, 330 lines, via ClexHintsPass::rm-toks-1-to-4 + BalancedPass::square + ClexHintsPass::rm-toks-5-to-8)
01:33:58 INFO (94.8%, 8219 bytes, 313 lines, via LinesPass::1 + ClexHintsPass::rm-toks-1-to-4)
01:36:54 INFO (95.0%, 7989 bytes, 307 lines, via LinesPass::None + ClexHintsPass::rm-toks-1-to-4)
01:39:40 INFO (95.0%, 7965 bytes, 307 lines, via ClexHintsPass::rm-toks-9-to-12 + BalancedPass::parens-to-zero + BalancedPass::parens-only)
01:43:01 INFO (95.0%, 7923 bytes, 307 lines, via ClexHintsPass::rm-toks-1-to-4 + BalancedPass::parens-only)
01:46:27 INFO (95.0%, 7865 bytes, 307 lines, via ClexHintsPass::rm-toks-1-to-4 + BalancedPass::square)
01:49:21 INFO (95.1%, 7792 bytes, 307 lines, via ClexHintsPass::rm-toks-1-to-4 + ClexHintsPass::rm-toks-5-to-8)
01:52:41 INFO (95.2%, 7635 bytes, 302 lines, via LinesPass::1 + ClexHintsPass::rm-toks-13-to-16 + ClexHintsPass::rm-toks-1-to-4)
01:55:54 INFO (95.3%, 7388 bytes, 295 lines, via TreeSitterPass::remove-function + ClexHintsPass::rm-toks-1-to-4 + ClexHintsPass::rm-toks-5-to-8 + BalancedPass::square)
01:58:41 INFO (95.5%, 7221 bytes, 291 lines, via LinesPass::None + ClexHintsPass::rm-toks-1-to-4 + LinesPass::1 + ClexHintsPass::rm-toks-5-to-8 + ClexHintsPass::rm-toks-9-to-12 + BalancedPass::parens-only)
02:01:28 INFO (95.5%, 7219 bytes, 291 lines, via BlankPass)
02:04:06 INFO (95.5%, 7194 bytes, 291 lines, via ClexHintsPass::rm-toks-1-to-4)
02:06:34 INFO (95.5%, 7153 bytes, 289 lines, via LinesPass::None + ClexHintsPass::rm-toks-1-to-4)
02:09:00 INFO (95.5%, 7127 bytes, 288 lines, via LinesPass::None + BalancedPass::parens-only + ClexHintsPass::rm-toks-1-to-4)
02:13:37 INFO (95.5%, 7107 bytes, 287 lines, via LinesPass::None)
02:16:30 INFO (95.5%, 7094 bytes, 286 lines, via LinesPass::None)
02:18:49 INFO (95.5%, 7074 bytes, 286 lines, via LinesPass::1)
02:21:18 INFO (95.6%, 7002 bytes, 285 lines, via ClexHintsPass::rm-toks-1-to-4 + ClexHintsPass::rm-toks-5-to-8)
02:23:46 INFO (95.6%, 6987 bytes, 285 lines, via ClexHintsPass::rm-toks-9-to-12)
02:26:09 INFO (95.6%, 6969 bytes, 284 lines, via LinesPass::1)
02:33:10 INFO (95.6%, 6967 bytes, 284 lines, via ClexHintsPass::rm-toks-1-to-4)
02:35:20 INFO (95.6%, 6949 bytes, 284 lines, via ClexHintsPass::rm-toks-5-to-8 + ClexHintsPass::rm-toks-1-to-4)
02:41:42 INFO (95.6%, 6944 bytes, 284 lines, via ClexHintsPass::rm-toks-1-to-4)
02:44:19 INFO (95.7%, 6910 bytes, 282 lines, via ClexHintsPass::rm-toks-1-to-4 + LinesPass::1)
02:46:06 INFO (95.7%, 6906 bytes, 282 lines, via ClexHintsPass::rm-toks-1-to-4)
02:48:39 INFO (95.7%, 6877 bytes, 282 lines, via ClexHintsPass::rm-toks-1-to-4)
02:50:29 INFO (95.7%, 6859 bytes, 281 lines, via ClexHintsPass::rm-toks-1-to-4 + BalancedPass::parens-only)
02:54:09 INFO (95.7%, 6840 bytes, 280 lines, via LinesPass::1)
02:57:26 INFO (95.7%, 6810 bytes, 279 lines, via LinesPass::1)
03:07:20 INFO (95.7%, 6807 bytes, 279 lines, via ClexHintsPass::rm-toks-1-to-4)
03:09:37 INFO (95.7%, 6781 bytes, 279 lines, via ClexHintsPass::rm-toks-1-to-4)
03:27:19 INFO (95.7%, 6768 bytes, 279 lines, via ClexHintsPass::rm-toks-1-to-4)
03:31:37 INFO (95.8%, 6747 bytes, 278 lines, via LinesPass::1)
03:59:38 INFO (95.8%, 6738 bytes, 278 lines, via ClexHintsPass::rm-toks-1-to-4)
04:02:29 INFO (95.8%, 6721 bytes, 278 lines, via ClexHintsPass::rm-toks-1-to-4)
04:04:33 INFO (95.8%, 6693 bytes, 278 lines, via ClexHintsPass::rm-toks-1-to-4)
04:07:17 INFO (95.8%, 6691 bytes, 278 lines, via BalancedPass::parens-only)
04:11:29 INFO INITIAL PASSES
04:11:29 ERROR Skipping pass UnIfDefPass
04:11:29 ERROR Skipping pass IfPass
04:11:29 INFO ===< BalancedPass::angles, BalancedPass::angles-inside, BalancedPass::angles-only, BalancedPass::curly, BalancedPass::curly-inside, BalancedPass::curly-only, BalancedPass::curly2, BalancedPass::curly3, BalancedPass::parens, BalancedPass::parens-inside, BalancedPass::parens-only, BalancedPass::parens-to-zero, BalancedPass::square, BalancedPass::square-inside, BalancedPass::square-only, BlankPass, ClangHintsPass::callexpr-to-value, ClangHintsPass::remove-unused-function, ClangHintsPass::replace-dependent-typedef, ClangHintsPass::replace-function-def-with-decl, ClangIncludeGraphPass, ClangModuleMapPass, ClexHintsPass::rm-toks-1-to-4, ClexHintsPass::rm-toks-13-to-16, ClexHintsPass::rm-toks-5-to-8, ClexHintsPass::rm-toks-9-to-12, CommentsPass, InlineIncludesPass, LineMarkersPass, LinesPass::0, LinesPass::1, LinesPass::10, LinesPass::2, LinesPass::3, LinesPass::4, LinesPass::6, LinesPass::8, LinesPass::None, MakefilePass, RmUnusedFilesPass, TreeSitterPass::erase-namespace, TreeSitterPass::remove-function, TreeSitterPass::replace-function-def-with-decl >===
04:11:30 INFO ===< IncludesPass >===
04:11:31 INFO ===< CommentsPass >===
04:11:31 INFO ===< LineMarkersPass >===
04:11:32 INFO ===< BlankPass >===
04:11:33 INFO ===< ClangHintsPass::replace-function-def-with-decl (30 T) >===
04:11:34 INFO ===< ClangHintsPass::remove-unused-function (30 T) >===
04:11:34 INFO cache hit for HIPProg.hip
04:11:34 INFO ===< ClangHintsPass::replace-function-def-with-decl (30 T) >===
04:11:34 INFO cache hit for HIPProg.hip
04:11:34 INFO ===< ClangHintsPass::remove-unused-function (30 T) >===
04:11:35 INFO ===< ClangHintsPass::replace-function-def-with-decl >===
04:11:36 INFO ===< ClangHintsPass::remove-unused-function >===
04:11:42 INFO ===< LinesPass::0 >===
04:13:04 INFO ===< LinesPass::1 >===
04:13:13 INFO ===< LinesPass::2 >===
04:13:13 INFO ===< LinesPass::3 >===
04:13:13 INFO ===< LinesPass::4 >===
04:13:13 INFO ===< LinesPass::6 >===
04:13:13 INFO ===< LinesPass::8 >===
04:13:13 INFO ===< LinesPass::10 >===
04:13:13 INFO cache hit for HIPProg.hip
04:13:13 INFO ===< ClangHintsPass::replace-function-def-with-decl >===
04:13:13 INFO cache hit for HIPProg.hip
04:13:13 INFO ===< ClangHintsPass::remove-unused-function >===
04:13:13 INFO cache hit for HIPProg.hip
04:13:13 INFO ===< ClangHintsPass::remove-unused-function >===
04:13:37 INFO ===< BalancedPass::curly >===
04:14:01 INFO ===< BalancedPass::curly2 >===
04:14:04 INFO ===< BalancedPass::curly3 >===
04:14:22 INFO ===< BalancedPass::parens-to-zero >===
04:14:22 INFO ===< ClangHintsPass::callexpr-to-value >===
04:14:22 INFO ===< ClangPass::replace-callexpr >===
04:14:23 INFO ===< ClangPass::simplify-callexpr >===
04:14:22 INFO using C++ standard: c++2b with 0 transformation opportunities
04:14:23 INFO ===< ClangBinarySearchPass::remove-unused-enum-member >===
04:14:23 INFO ===< ClangPass::remove-enum-member-value >===
04:14:22 INFO using C++ standard: c++2b with 7 transformation opportunities
04:14:25 INFO ===< ClangBinarySearchPass::remove-unused-var >===
04:14:26 INFO ===< SpecialPass::a >===
04:14:26 INFO ===< SpecialPass::b >===
04:14:26 INFO INTERLEAVING PASSES
04:14:26 INFO ===< SpecialPass::c >===
04:21:14 INFO (95.8%, 6676 bytes, 278 lines, via ClexHintsPass::rm-toks-1-to-4)
04:23:02 INFO (95.8%, 6674 bytes, 278 lines, via ClexHintsPass::rm-toks-1-to-4)
04:29:47 INFO (95.8%, 6667 bytes, 278 lines, via ClexHintsPass::rm-toks-1-to-4)
04:31:30 INFO (95.8%, 6660 bytes, 278 lines, via ClexHintsPass::rm-toks-1-to-4)
04:33:23 INFO (95.8%, 6653 bytes, 278 lines, via ClexHintsPass::rm-toks-1-to-4)
04:35:20 INFO (95.8%, 6646 bytes, 278 lines, via ClexHintsPass::rm-toks-1-to-4)
04:37:32 INFO (95.8%, 6618 bytes, 278 lines, via ClexHintsPass::rm-toks-1-to-4)
04:39:27 INFO (95.8%, 6611 bytes, 278 lines, via ClexHintsPass::rm-toks-1-to-4)
04:41:14 INFO (95.8%, 6605 bytes, 278 lines, via ClexHintsPass::rm-toks-1-to-4)
04:44:21 INFO (95.8%, 6598 bytes, 278 lines, via ClexHintsPass::rm-toks-1-to-4)
04:46:34 INFO (95.9%, 6584 bytes, 278 lines, via ClexHintsPass::rm-toks-1-to-4)
04:48:36 INFO (95.9%, 6568 bytes, 278 lines, via ClexHintsPass::rm-toks-1-to-4)
04:50:45 INFO (95.9%, 6561 bytes, 278 lines, via ClexHintsPass::rm-toks-1-to-4)
04:52:56 INFO (95.9%, 6541 bytes, 278 lines, via ClexHintsPass::rm-toks-1-to-4)
04:55:02 INFO (95.9%, 6515 bytes, 278 lines, via ClexHintsPass::rm-toks-1-to-4)
04:58:11 INFO (95.9%, 6514 bytes, 278 lines, via ClexHintsPass::rm-toks-1-to-4)
05:02:28 INFO (95.9%, 6512 bytes, 278 lines, via BalancedPass::parens-only)
05:07:29 INFO (95.9%, 6491 bytes, 277 lines, via LinesPass::None)
05:09:42 INFO (95.9%, 6479 bytes, 277 lines, via ClexHintsPass::rm-toks-1-to-4)
05:11:34 INFO (95.9%, 6456 bytes, 276 lines, via LinesPass::None)
05:13:37 INFO (95.9%, 6452 bytes, 276 lines, via ClexHintsPass::rm-toks-1-to-4)
05:15:56 INFO (95.9%, 6450 bytes, 276 lines, via BalancedPass::parens-only)
05:18:47 INFO (96.0%, 6428 bytes, 275 lines, via ClexHintsPass::rm-toks-1-to-4)
05:25:09 INFO (96.0%, 6408 bytes, 274 lines, via LinesPass::1)
06:24:22 INFO Termination check: size was 6691; now 6408
06:24:22 INFO ===< BalancedPass::angles, BalancedPass::angles-inside, BalancedPass::angles-only, BalancedPass::curly, BalancedPass::curly-inside, BalancedPass::curly-only, BalancedPass::curly2, BalancedPass::curly3, BalancedPass::parens, BalancedPass::parens-inside, BalancedPass::parens-only, BalancedPass::parens-to-zero, BalancedPass::square, BalancedPass::square-inside, BalancedPass::square-only, BlankPass, ClangHintsPass::callexpr-to-value, ClangHintsPass::remove-unused-function, ClangHintsPass::replace-dependent-typedef, ClangHintsPass::replace-function-def-with-decl, ClangIncludeGraphPass, ClangModuleMapPass, ClexHintsPass::rm-toks-1-to-4, ClexHintsPass::rm-toks-13-to-16, ClexHintsPass::rm-toks-5-to-8, ClexHintsPass::rm-toks-9-to-12, CommentsPass, InlineIncludesPass, LineMarkersPass, LinesPass::0, LinesPass::1, LinesPass::10, LinesPass::2, LinesPass::3, LinesPass::4, LinesPass::6, LinesPass::8, LinesPass::None, MakefilePass, RmUnusedFilesPass, TreeSitterPass::erase-namespace, TreeSitterPass::remove-function, TreeSitterPass::replace-function-def-with-decl >===
06:46:52 INFO (96.0%, 6407 bytes, 274 lines, via ClexHintsPass::rm-toks-1-to-4)
06:50:52 INFO (96.0%, 6389 bytes, 273 lines, via LinesPass::1)
07:02:27 INFO (96.0%, 6381 bytes, 273 lines, via ClexHintsPass::rm-toks-1-to-4)
07:58:39 INFO Termination check: size was 6408; now 6381
07:58:39 INFO ===< BalancedPass::angles, BalancedPass::angles-inside, BalancedPass::angles-only, BalancedPass::curly, BalancedPass::curly-inside, BalancedPass::curly-only, BalancedPass::curly2, BalancedPass::curly3, BalancedPass::parens, BalancedPass::parens-inside, BalancedPass::parens-only, BalancedPass::parens-to-zero, BalancedPass::square, BalancedPass::square-inside, BalancedPass::square-only, BlankPass, ClangHintsPass::callexpr-to-value, ClangHintsPass::remove-unused-function, ClangHintsPass::replace-dependent-typedef, ClangHintsPass::replace-function-def-with-decl, ClangIncludeGraphPass, ClangModuleMapPass, ClexHintsPass::rm-toks-1-to-4, ClexHintsPass::rm-toks-13-to-16, ClexHintsPass::rm-toks-5-to-8, ClexHintsPass::rm-toks-9-to-12, CommentsPass, InlineIncludesPass, LineMarkersPass, LinesPass::0, LinesPass::1, LinesPass::10, LinesPass::2, LinesPass::3, LinesPass::4, LinesPass::6, LinesPass::8, LinesPass::None, MakefilePass, RmUnusedFilesPass, TreeSitterPass::erase-namespace, TreeSitterPass::remove-function, TreeSitterPass::replace-function-def-with-decl >===
09:23:30 INFO Termination check: size was 6381; now 6381
09:23:30 INFO MAIN PASSES
09:23:30 ERROR Skipping pass UnIfDefPass
09:23:30 INFO ===< BalancedPass::angles, BalancedPass::angles-inside, BalancedPass::angles-only, BalancedPass::curly, BalancedPass::curly-inside, BalancedPass::curly-only, BalancedPass::curly2, BalancedPass::curly3, BalancedPass::parens, BalancedPass::parens-inside, BalancedPass::parens-only, BalancedPass::parens-to-zero, BalancedPass::square, BalancedPass::square-inside, BalancedPass::square-only, BlankPass, ClangHintsPass::callexpr-to-value, ClangHintsPass::remove-unused-function, ClangHintsPass::replace-dependent-typedef, ClangHintsPass::replace-function-def-with-decl, ClangIncludeGraphPass, ClangModuleMapPass, ClexHintsPass::rm-toks-1-to-4, ClexHintsPass::rm-toks-13-to-16, ClexHintsPass::rm-toks-5-to-8, ClexHintsPass::rm-toks-9-to-12, CommentsPass, InlineIncludesPass, LineMarkersPass, LinesPass::0, LinesPass::1, LinesPass::10, LinesPass::2, LinesPass::3, LinesPass::4, LinesPass::6, LinesPass::8, LinesPass::None, MakefilePass, RmUnusedFilesPass, TreeSitterPass::erase-namespace, TreeSitterPass::remove-function, TreeSitterPass::replace-function-def-with-decl >===
09:23:30 INFO ===< IncludeIncludesPass >===
09:23:30 INFO ===< TernaryPass::b >===
09:23:30 INFO ===< TernaryPass::c >===
09:23:54 INFO ===< BalancedPass::curly >===
09:24:18 INFO ===< BalancedPass::curly2 >===
09:24:18 INFO ===< BalancedPass::curly3 >===
09:24:29 INFO ===< BalancedPass::parens >===
09:24:29 INFO ===< BalancedPass::angles >===
09:24:42 INFO ===< BalancedPass::square >===
09:25:08 INFO ===< BalancedPass::curly-inside >===
09:25:16 INFO ===< BalancedPass::parens-inside >===
09:25:16 INFO ===< BalancedPass::angles-inside >===
09:25:29 INFO ===< BalancedPass::square-inside >===
09:25:49 INFO ===< BalancedPass::curly-only >===
09:25:49 INFO ===< BalancedPass::angles-only >===
09:26:02 INFO ===< BalancedPass::square-only >===
09:26:02 INFO ===< ClangPass::remove-namespace >===
09:26:02 INFO ===< ClangPass::aggregate-to-scalar >===
09:26:02 INFO ===< ClangPass::param-to-global >===
09:26:02 INFO ===< ClangPass::param-to-local >===
09:26:02 INFO ===< ClangPass::remove-nested-function >===
09:26:13 INFO (96.0%, 6382 bytes, 273 lines)
09:26:19 INFO (96.0%, 6383 bytes, 273 lines)
09:26:19 INFO ===< ClangPass::union-to-struct >===
09:26:20 INFO ===< ClangPass::return-void >===
09:26:20 INFO ===< ClangPass::simple-inliner >===
09:26:30 INFO ===< ClangPass::reduce-pointer-level >===
09:26:30 INFO ===< ClangPass::lift-assignment-expr >===
09:26:30 INFO ===< ClangPass::copy-propagation >===
09:26:30 INFO ===< ClangHintsPass::callexpr-to-value >===
09:26:30 INFO ===< ClangPass::replace-callexpr >===
09:26:30 INFO ===< ClangPass::simplify-callexpr >===
09:26:30 INFO ===< ClangHintsPass::remove-unused-function >===
09:26:30 INFO using C++ standard: c++2b with 0 transformation opportunities
09:26:31 INFO ===< ClangBinarySearchPass::remove-unused-enum-member >===
09:26:31 INFO ===< ClangPass::remove-enum-member-value >===
09:26:30 INFO using C++ standard: c++2b with 8 transformation opportunities
09:26:33 INFO ===< ClangBinarySearchPass::remove-unused-var >===
09:26:33 INFO ===< ClangPass::simplify-if >===
09:26:33 INFO ===< ClangPass::reduce-array-dim >===
09:26:33 INFO ===< ClangPass::reduce-array-size >===
09:26:33 INFO ===< ClangPass::move-definition-to-declaration >===
09:26:33 INFO ===< ClangPass::simplify-comma-expr >===
09:26:33 INFO ===< ClangPass::simplify-dependent-typedef >===
09:26:33 INFO ===< ClangPass::replace-simple-typedef >===
09:26:33 INFO ===< ClangHintsPass::replace-dependent-typedef >===
09:26:33 INFO ===< ClangPass::replace-one-level-typedef-type >===
09:26:57 INFO ===< ClangPass::remove-unused-field >===
09:26:57 INFO ===< ClangPass::instantiate-template-type-param-to-int >===
09:26:57 INFO ===< ClangPass::instantiate-template-param >===
09:26:57 INFO ===< ClangPass::template-arg-to-int >===
09:26:57 INFO ===< ClangPass::template-non-type-arg-to-int >===
09:26:57 INFO ===< ClangPass::reduce-class-template-param >===
09:26:57 INFO ===< ClangPass::remove-trivial-base-template >===
09:26:57 INFO ===< ClangPass::class-template-to-class >===
09:26:57 INFO ===< ClangPass::merge-base-class >===
09:26:57 INFO ===< ClangPass::remove-base-class >===
09:26:57 INFO ===< ClangPass::replace-derived-class >===
09:26:57 INFO ===< ClangPass::remove-unresolved-base >===
09:26:57 INFO ===< ClangPass::remove-ctor-initializer >===
09:26:57 INFO ===< ClangPass::replace-class-with-base-template-spec >===
09:26:57 INFO ===< ClangPass::simplify-nested-class >===
09:26:58 INFO ===< ClangPass::remove-unused-outer-class >===
09:27:08 INFO (96.0%, 6375 bytes, 272 lines)
09:27:14 INFO (96.0%, 6365 bytes, 271 lines)
09:27:15 INFO ===< ClangPass::empty-struct-to-int >===
09:27:15 INFO ===< ClangPass::remove-pointer >===
09:27:15 INFO ===< ClangPass::reduce-pointer-pairs >===
09:27:15 INFO ===< ClangPass::remove-array >===
09:27:15 INFO ===< ClangPass::remove-addr-taken >===
09:27:15 INFO ===< ClangPass::simplify-struct >===
09:27:15 INFO ===< ClangPass::replace-undefined-function >===
09:27:15 INFO ===< ClangPass::replace-array-index-var >===
09:27:15 INFO ===< ClangPass::replace-array-access-with-index >===
09:27:15 INFO ===< ClangPass::replace-dependent-name >===
09:27:15 INFO ===< ClangPass::simplify-recursive-template-instantiation >===
09:27:16 INFO ===< ClangPass::vector-to-array >===
09:27:16 INFO ===< ClangPass::remove-try-catch >===
09:27:16 INFO ===< ClangPass::class-to-struct >===
09:27:43 INFO ===< ClangPass::member-to-global >===
09:27:50 INFO ===< LinesPass::0 >===
09:29:10 INFO ===< LinesPass::1 >===
09:29:19 INFO ===< LinesPass::2 >===
09:29:19 INFO ===< LinesPass::3 >===
09:29:19 INFO ===< LinesPass::4 >===
09:29:19 INFO ===< LinesPass::6 >===
09:29:19 INFO ===< LinesPass::8 >===
09:29:19 INFO ===< LinesPass::10 >===
09:29:19 INFO ===< CommentsPass >===
09:29:19 INFO ===< SpecialPass::b >===
09:29:19 INFO ===< SpecialPass::c >===
09:29:19 INFO ===< IndentPass::regular >===
09:29:29 INFO ===< BalancedPass::parens-to-zero >===
10:40:18 INFO ===< ClexHintsPass::rm-toks-1-to-16 >===
11:15:27 INFO ===< ClexPass::rm-tok-pattern-4 >===
11:15:27 INFO ===< ClangPass::local-to-global >===
11:15:35 INFO ===< PeepPass::c >===
11:15:48 INFO (96.0%, 6364 bytes, 271 lines)
11:16:00 INFO (96.0%, 6363 bytes, 271 lines)
11:16:13 INFO (96.0%, 6362 bytes, 271 lines)
11:16:25 INFO (96.0%, 6361 bytes, 271 lines)
11:16:37 INFO (96.0%, 6360 bytes, 271 lines)
11:16:50 INFO (96.0%, 6359 bytes, 271 lines)
11:17:02 INFO (96.0%, 6358 bytes, 271 lines)
11:17:15 INFO (96.0%, 6357 bytes, 271 lines)
11:17:27 INFO (96.0%, 6356 bytes, 271 lines)
11:17:39 INFO (96.0%, 6355 bytes, 271 lines)
11:17:52 INFO (96.0%, 6354 bytes, 271 lines)
11:18:05 INFO (96.0%, 6353 bytes, 271 lines)
11:18:17 INFO (96.0%, 6352 bytes, 271 lines)
11:18:30 INFO (96.0%, 6351 bytes, 271 lines)
11:18:42 INFO (96.0%, 6350 bytes, 271 lines)
11:18:55 INFO (96.0%, 6349 bytes, 271 lines)
11:19:07 INFO (96.0%, 6348 bytes, 271 lines)
11:19:20 INFO (96.0%, 6347 bytes, 271 lines)
11:19:32 INFO (96.0%, 6346 bytes, 271 lines)
11:19:45 INFO (96.0%, 6345 bytes, 271 lines)
11:19:57 INFO (96.0%, 6344 bytes, 271 lines)
11:20:10 INFO (96.0%, 6343 bytes, 271 lines)
11:20:22 INFO (96.0%, 6342 bytes, 271 lines)
11:20:35 INFO (96.0%, 6341 bytes, 271 lines)
11:20:48 INFO (96.0%, 6340 bytes, 271 lines)
11:21:00 INFO (96.0%, 6339 bytes, 271 lines)
11:21:12 INFO (96.0%, 6338 bytes, 271 lines)
11:21:25 INFO (96.0%, 6337 bytes, 271 lines)
11:21:37 INFO (96.0%, 6336 bytes, 271 lines)
11:21:49 INFO (96.0%, 6335 bytes, 271 lines)
11:22:01 INFO (96.0%, 6334 bytes, 271 lines)
11:22:14 INFO (96.0%, 6333 bytes, 271 lines)
11:22:26 INFO (96.0%, 6332 bytes, 271 lines)
11:22:38 INFO (96.0%, 6331 bytes, 271 lines)
11:22:50 INFO (96.0%, 6330 bytes, 271 lines)
11:23:03 INFO (96.0%, 6329 bytes, 271 lines)
11:23:15 INFO (96.0%, 6328 bytes, 271 lines)
11:23:27 INFO (96.0%, 6327 bytes, 271 lines)
11:23:39 INFO (96.0%, 6326 bytes, 271 lines)
11:23:52 INFO (96.0%, 6325 bytes, 271 lines)
11:24:04 INFO (96.0%, 6324 bytes, 271 lines)
11:24:16 INFO (96.0%, 6323 bytes, 271 lines)
11:24:29 INFO (96.0%, 6322 bytes, 271 lines)
11:24:41 INFO (96.0%, 6321 bytes, 271 lines)
11:24:53 INFO (96.0%, 6320 bytes, 271 lines)
11:25:06 INFO (96.0%, 6319 bytes, 271 lines)
11:25:18 INFO (96.0%, 6318 bytes, 271 lines)
11:25:31 INFO (96.0%, 6317 bytes, 271 lines)
11:25:43 INFO (96.0%, 6316 bytes, 271 lines)
11:25:55 INFO (96.0%, 6315 bytes, 271 lines)
11:26:07 INFO (96.0%, 6314 bytes, 271 lines)
11:26:20 INFO (96.0%, 6313 bytes, 271 lines)
11:26:33 INFO (96.0%, 6312 bytes, 271 lines)
11:26:47 INFO (96.0%, 6311 bytes, 271 lines)
11:27:00 INFO (96.0%, 6310 bytes, 271 lines)
11:27:13 INFO (96.0%, 6309 bytes, 271 lines)
11:27:25 INFO (96.0%, 6308 bytes, 271 lines)
11:27:37 INFO (96.0%, 6307 bytes, 271 lines)
11:27:50 INFO (96.0%, 6306 bytes, 271 lines)
11:28:03 INFO (96.0%, 6305 bytes, 271 lines)
11:28:15 INFO (96.0%, 6304 bytes, 271 lines)
11:28:28 INFO (96.0%, 6303 bytes, 271 lines)
11:28:40 INFO (96.0%, 6302 bytes, 271 lines)
11:28:52 INFO (96.0%, 6301 bytes, 271 lines)
11:29:04 INFO (96.0%, 6300 bytes, 271 lines)
11:29:17 INFO (96.0%, 6299 bytes, 271 lines)
11:29:29 INFO (96.0%, 6298 bytes, 271 lines)
11:29:41 INFO (96.0%, 6297 bytes, 271 lines)
11:29:54 INFO (96.0%, 6296 bytes, 271 lines)
11:30:07 INFO (96.0%, 6295 bytes, 271 lines)
11:30:19 INFO (96.0%, 6294 bytes, 271 lines)
11:30:31 INFO (96.0%, 6293 bytes, 271 lines)
11:30:44 INFO (96.0%, 6292 bytes, 271 lines)
11:30:56 INFO (96.0%, 6291 bytes, 271 lines)
11:31:09 INFO (96.0%, 6290 bytes, 271 lines)
11:31:21 INFO (96.0%, 6289 bytes, 271 lines)
11:31:34 INFO (96.0%, 6288 bytes, 271 lines)
11:31:46 INFO (96.0%, 6287 bytes, 271 lines)
11:31:58 INFO (96.0%, 6286 bytes, 271 lines)
11:32:10 INFO (96.0%, 6285 bytes, 271 lines)
11:32:22 INFO (96.0%, 6284 bytes, 271 lines)
11:32:32 INFO (96.0%, 6283 bytes, 271 lines)
11:32:48 INFO (96.0%, 6282 bytes, 271 lines)
11:32:59 INFO (96.0%, 6281 bytes, 271 lines)
11:33:11 INFO (96.0%, 6280 bytes, 271 lines)
11:33:22 INFO (96.0%, 6279 bytes, 271 lines)
11:33:34 INFO (96.0%, 6278 bytes, 271 lines)
11:33:45 INFO (96.0%, 6277 bytes, 271 lines)
11:33:56 INFO (96.0%, 6276 bytes, 271 lines)
11:34:03 INFO (96.1%, 6275 bytes, 271 lines)
11:34:09 INFO ===< IntsPass::a >===
11:34:21 INFO (96.1%, 6273 bytes, 271 lines)
11:34:33 INFO (96.1%, 6271 bytes, 271 lines)
11:34:46 INFO (96.1%, 6269 bytes, 271 lines)
11:34:58 INFO (96.1%, 6267 bytes, 271 lines)
11:35:10 INFO (96.1%, 6265 bytes, 271 lines)
11:35:22 INFO (96.1%, 6263 bytes, 271 lines)
11:35:35 INFO (96.1%, 6261 bytes, 271 lines)
11:35:47 INFO (96.1%, 6259 bytes, 271 lines)
11:36:00 INFO (96.1%, 6257 bytes, 271 lines)
11:36:12 INFO (96.1%, 6255 bytes, 271 lines)
11:36:23 INFO (96.1%, 6253 bytes, 271 lines)
11:36:34 INFO (96.1%, 6251 bytes, 271 lines)
11:36:40 INFO (96.1%, 6249 bytes, 271 lines)
11:36:41 INFO ===< IntsPass::b >===
11:36:54 INFO (96.1%, 6247 bytes, 271 lines)
11:37:06 INFO (96.1%, 6246 bytes, 271 lines)
11:37:19 INFO (96.1%, 6245 bytes, 271 lines)
11:37:31 INFO (96.1%, 6244 bytes, 271 lines)
11:37:44 INFO (96.1%, 6243 bytes, 271 lines)
11:37:57 INFO (96.1%, 6242 bytes, 271 lines)
11:38:09 INFO (96.1%, 6240 bytes, 271 lines)
11:38:22 INFO (96.1%, 6239 bytes, 271 lines)
11:38:34 INFO (96.1%, 6238 bytes, 271 lines)
11:38:47 INFO (96.1%, 6236 bytes, 271 lines)
11:38:59 INFO (96.1%, 6234 bytes, 271 lines)
11:39:13 INFO (96.1%, 6233 bytes, 271 lines)
11:39:25 INFO (96.1%, 6231 bytes, 271 lines)
11:39:37 INFO (96.1%, 6230 bytes, 271 lines)
11:39:50 INFO (96.1%, 6229 bytes, 271 lines)
11:40:02 INFO (96.1%, 6228 bytes, 271 lines)
11:40:15 INFO (96.1%, 6227 bytes, 271 lines)
11:40:27 INFO (96.1%, 6226 bytes, 271 lines)
11:40:40 INFO (96.1%, 6225 bytes, 271 lines)
11:40:53 INFO (96.1%, 6224 bytes, 271 lines)
11:41:05 INFO (96.1%, 6223 bytes, 271 lines)
11:41:18 INFO (96.1%, 6222 bytes, 271 lines)
11:41:31 INFO (96.1%, 6220 bytes, 271 lines)
11:41:42 INFO (96.1%, 6219 bytes, 271 lines)
11:41:50 INFO (96.1%, 6218 bytes, 271 lines)
11:41:56 INFO (96.1%, 6217 bytes, 271 lines)
11:41:56 INFO ===< IntsPass::c >===
11:42:07 INFO (96.1%, 6216 bytes, 271 lines)
11:42:15 INFO (96.1%, 6215 bytes, 271 lines)
11:42:21 INFO (96.1%, 6214 bytes, 271 lines)
11:42:21 INFO ===< IntsPass::d >===
11:42:21 INFO ===< IntsPass::c >===
11:42:30 INFO ===< BalancedPass::parens-only >===
11:42:31 INFO ===< ClexPass::delete-string >===
11:42:32 INFO Termination check: size was 6381; now 6214
11:42:32 ERROR Skipping pass UnIfDefPass
11:42:32 INFO ===< ClexPass::define >===
11:42:32 INFO ===< IncludeIncludesPass >===
11:42:32 INFO ===< TernaryPass::b >===
11:42:32 INFO ===< TernaryPass::c >===
11:42:55 INFO ===< BalancedPass::curly >===
11:43:18 INFO ===< BalancedPass::curly2 >===
11:43:18 INFO ===< BalancedPass::curly3 >===
11:43:28 INFO ===< BalancedPass::parens >===
11:43:29 INFO ===< BalancedPass::angles >===
11:43:42 INFO ===< BalancedPass::square >===
11:44:08 INFO ===< BalancedPass::curly-inside >===
11:44:15 INFO ===< BalancedPass::parens-inside >===
11:44:16 INFO ===< BalancedPass::angles-inside >===
11:44:28 INFO ===< BalancedPass::square-inside >===
11:44:45 INFO ===< BalancedPass::curly-only >===
11:44:46 INFO ===< BalancedPass::angles-only >===
11:44:59 INFO ===< BalancedPass::square-only >===
11:44:59 INFO ===< ClangPass::remove-namespace >===
11:44:59 INFO ===< ClangPass::aggregate-to-scalar >===
11:44:59 INFO ===< ClangPass::param-to-global >===
11:44:59 INFO ===< ClangPass::param-to-local >===
11:44:59 INFO ===< ClangPass::remove-nested-function >===
11:44:59 INFO ===< ClangPass::union-to-struct >===
11:44:59 INFO ===< ClangPass::return-void >===
11:44:59 INFO ===< ClangPass::simple-inliner >===
11:45:10 INFO ===< ClangPass::reduce-pointer-level >===
11:45:10 INFO ===< ClangPass::lift-assignment-expr >===
11:45:10 INFO ===< ClangPass::copy-propagation >===
11:45:10 INFO ===< ClangHintsPass::callexpr-to-value >===
11:45:10 INFO ===< ClangPass::replace-callexpr >===
11:45:10 INFO ===< ClangPass::simplify-callexpr >===
11:45:10 INFO ===< ClangHintsPass::remove-unused-function >===
11:45:10 INFO using C++ standard: c++2b with 0 transformation opportunities
11:45:10 INFO ===< ClangBinarySearchPass::remove-unused-enum-member >===
11:45:10 INFO ===< ClangPass::remove-enum-member-value >===
11:45:10 INFO using C++ standard: c++2b with 8 transformation opportunities
11:45:12 INFO ===< ClangBinarySearchPass::remove-unused-var >===
11:45:12 INFO ===< ClangPass::simplify-if >===
11:45:12 INFO ===< ClangPass::reduce-array-dim >===
11:45:12 INFO ===< ClangPass::reduce-array-size >===
11:45:12 INFO ===< ClangPass::move-definition-to-declaration >===
11:45:13 INFO ===< ClangPass::simplify-comma-expr >===
11:45:13 INFO ===< ClangPass::simplify-dependent-typedef >===
11:45:13 INFO ===< ClangPass::replace-simple-typedef >===
11:45:13 INFO ===< ClangHintsPass::replace-dependent-typedef >===
11:45:13 INFO ===< ClangPass::replace-one-level-typedef-type >===
11:45:36 INFO ===< ClangPass::remove-unused-field >===
11:45:36 INFO ===< ClangPass::instantiate-template-type-param-to-int >===
11:45:36 INFO ===< ClangPass::instantiate-template-param >===
11:45:36 INFO ===< ClangPass::template-arg-to-int >===
11:45:36 INFO ===< ClangPass::template-non-type-arg-to-int >===
11:45:36 INFO ===< ClangPass::reduce-class-template-param >===
11:45:36 INFO ===< ClangPass::remove-trivial-base-template >===
11:45:36 INFO ===< ClangPass::class-template-to-class >===
11:45:36 INFO ===< ClangPass::merge-base-class >===
11:45:36 INFO ===< ClangPass::remove-base-class >===
11:45:36 INFO ===< ClangPass::replace-derived-class >===
11:45:36 INFO ===< ClangPass::remove-unresolved-base >===
11:45:36 INFO ===< ClangPass::remove-ctor-initializer >===
11:45:36 INFO ===< ClangPass::replace-class-with-base-template-spec >===
11:45:36 INFO ===< ClangPass::simplify-nested-class >===
11:45:37 INFO ===< ClangPass::remove-unused-outer-class >===
11:45:38 INFO ===< ClangPass::empty-struct-to-int >===
11:45:38 INFO ===< ClangPass::remove-pointer >===
11:45:38 INFO ===< ClangPass::reduce-pointer-pairs >===
11:45:38 INFO ===< ClangPass::remove-array >===
11:45:38 INFO ===< ClangPass::remove-addr-taken >===
11:45:38 INFO ===< ClangPass::simplify-struct >===
11:45:38 INFO ===< ClangPass::replace-undefined-function >===
11:45:38 INFO ===< ClangPass::replace-array-index-var >===
11:45:38 INFO ===< ClangPass::replace-array-access-with-index >===
11:45:38 INFO ===< ClangPass::replace-dependent-name >===
11:45:38 INFO ===< ClangPass::simplify-recursive-template-instantiation >===
11:45:38 INFO ===< ClangPass::vector-to-array >===
11:45:39 INFO ===< ClangPass::remove-try-catch >===
11:45:39 INFO ===< ClangPass::class-to-struct >===
11:46:02 INFO ===< ClangPass::member-to-global >===
11:46:08 INFO ===< LinesPass::0 >===
11:47:27 INFO ===< LinesPass::1 >===
11:47:36 INFO ===< LinesPass::2 >===
11:47:36 INFO ===< LinesPass::3 >===
11:47:36 INFO ===< LinesPass::4 >===
11:47:36 INFO ===< LinesPass::6 >===
11:47:36 INFO ===< LinesPass::8 >===
11:47:36 INFO ===< LinesPass::10 >===
11:47:37 INFO ===< CommentsPass >===
11:47:37 INFO ===< SpecialPass::b >===
11:47:37 INFO ===< SpecialPass::c >===
11:47:37 INFO ===< IndentPass::regular >===
11:47:46 INFO ===< BalancedPass::parens-to-zero >===
13:09:54 INFO ===< ClexHintsPass::rm-toks-1-to-16 >===
13:45:15 INFO ===< ClexPass::rm-tok-pattern-4 >===
13:45:16 INFO ===< ClangPass::local-to-global >===
13:45:23 INFO ===< PeepPass::c >===
13:45:34 INFO (96.1%, 6213 bytes, 271 lines)
13:45:45 INFO (96.1%, 6212 bytes, 271 lines)
13:45:52 INFO (96.1%, 6211 bytes, 271 lines)
13:45:57 INFO ===< IntsPass::a >===
13:45:57 INFO ===< IntsPass::b >===
13:45:58 INFO ===< IntsPass::c >===
13:45:58 INFO ===< IntsPass::d >===
13:45:58 INFO cache hit for HIPProg.hip
13:45:58 INFO ===< IntsPass::c >===
13:46:06 INFO ===< BalancedPass::parens-only >===
13:46:06 INFO ===< ClexPass::delete-string >===
13:46:07 INFO Termination check: size was 6214; now 6211
13:46:07 ERROR Skipping pass UnIfDefPass
13:46:07 INFO ===< ClexPass::define >===
13:46:07 INFO ===< IncludeIncludesPass >===
13:46:07 INFO ===< TernaryPass::b >===
13:46:07 INFO ===< TernaryPass::c >===
13:46:30 INFO ===< BalancedPass::curly >===
13:46:53 INFO ===< BalancedPass::curly2 >===
13:46:53 INFO ===< BalancedPass::curly3 >===
13:47:03 INFO ===< BalancedPass::parens >===
13:47:03 INFO ===< BalancedPass::angles >===
13:47:16 INFO ===< BalancedPass::square >===
13:47:42 INFO ===< BalancedPass::curly-inside >===
13:47:49 INFO ===< BalancedPass::parens-inside >===
13:47:50 INFO ===< BalancedPass::angles-inside >===
13:48:03 INFO ===< BalancedPass::square-inside >===
13:48:21 INFO ===< BalancedPass::curly-only >===
13:48:21 INFO ===< BalancedPass::angles-only >===
13:48:34 INFO ===< BalancedPass::square-only >===
13:48:34 INFO ===< ClangPass::remove-namespace >===
13:48:34 INFO ===< ClangPass::aggregate-to-scalar >===
13:48:34 INFO ===< ClangPass::param-to-global >===
13:48:34 INFO ===< ClangPass::param-to-local >===
13:48:34 INFO ===< ClangPass::remove-nested-function >===
13:48:34 INFO ===< ClangPass::union-to-struct >===
13:48:34 INFO ===< ClangPass::return-void >===
13:48:34 INFO ===< ClangPass::simple-inliner >===
13:48:45 INFO ===< ClangPass::reduce-pointer-level >===
13:48:45 INFO ===< ClangPass::lift-assignment-expr >===
13:48:45 INFO ===< ClangPass::copy-propagation >===
13:48:45 INFO ===< ClangHintsPass::callexpr-to-value >===
13:48:45 INFO ===< ClangPass::replace-callexpr >===
13:48:45 INFO ===< ClangPass::simplify-callexpr >===
13:48:45 INFO ===< ClangHintsPass::remove-unused-function >===
13:48:45 INFO using C++ standard: c++2b with 0 transformation opportunities
13:48:45 INFO ===< ClangBinarySearchPass::remove-unused-enum-member >===
13:48:45 INFO ===< ClangPass::remove-enum-member-value >===
13:48:45 INFO using C++ standard: c++2b with 8 transformation opportunities
13:48:48 INFO ===< ClangBinarySearchPass::remove-unused-var >===
13:48:48 INFO ===< ClangPass::simplify-if >===
13:48:48 INFO ===< ClangPass::reduce-array-dim >===
13:48:48 INFO ===< ClangPass::reduce-array-size >===
13:48:48 INFO ===< ClangPass::move-definition-to-declaration >===
13:48:48 INFO ===< ClangPass::simplify-comma-expr >===
13:48:48 INFO ===< ClangPass::simplify-dependent-typedef >===
13:48:48 INFO ===< ClangPass::replace-simple-typedef >===
13:48:48 INFO ===< ClangHintsPass::replace-dependent-typedef >===
13:48:48 INFO ===< ClangPass::replace-one-level-typedef-type >===
13:49:11 INFO ===< ClangPass::remove-unused-field >===
13:49:11 INFO ===< ClangPass::instantiate-template-type-param-to-int >===
13:49:11 INFO ===< ClangPass::instantiate-template-param >===
13:49:11 INFO ===< ClangPass::template-arg-to-int >===
13:49:11 INFO ===< ClangPass::template-non-type-arg-to-int >===
13:49:11 INFO ===< ClangPass::reduce-class-template-param >===
13:49:11 INFO ===< ClangPass::remove-trivial-base-template >===
13:49:11 INFO ===< ClangPass::class-template-to-class >===
13:49:11 INFO ===< ClangPass::merge-base-class >===
13:49:12 INFO ===< ClangPass::remove-base-class >===
13:49:12 INFO ===< ClangPass::replace-derived-class >===
13:49:12 INFO ===< ClangPass::remove-unresolved-base >===
13:49:12 INFO ===< ClangPass::remove-ctor-initializer >===
13:49:12 INFO ===< ClangPass::replace-class-with-base-template-spec >===
13:49:12 INFO ===< ClangPass::simplify-nested-class >===
13:49:12 INFO ===< ClangPass::remove-unused-outer-class >===
13:49:13 INFO ===< ClangPass::empty-struct-to-int >===
13:49:13 INFO ===< ClangPass::remove-pointer >===
13:49:13 INFO ===< ClangPass::reduce-pointer-pairs >===
13:49:13 INFO ===< ClangPass::remove-array >===
13:49:14 INFO ===< ClangPass::remove-addr-taken >===
13:49:14 INFO ===< ClangPass::simplify-struct >===
13:49:14 INFO ===< ClangPass::replace-undefined-function >===
13:49:14 INFO ===< ClangPass::replace-array-index-var >===
13:49:14 INFO ===< ClangPass::replace-array-access-with-index >===
13:49:14 INFO ===< ClangPass::replace-dependent-name >===
13:49:14 INFO ===< ClangPass::simplify-recursive-template-instantiation >===
13:49:14 INFO ===< ClangPass::vector-to-array >===
13:49:14 INFO ===< ClangPass::remove-try-catch >===
13:49:14 INFO ===< ClangPass::class-to-struct >===
13:49:37 INFO ===< ClangPass::member-to-global >===
13:49:43 INFO ===< LinesPass::0 >===
13:51:02 INFO ===< LinesPass::1 >===
13:51:11 INFO ===< LinesPass::2 >===
13:51:11 INFO ===< LinesPass::3 >===
13:51:11 INFO ===< LinesPass::4 >===
13:51:11 INFO ===< LinesPass::6 >===
13:51:11 INFO ===< LinesPass::8 >===
13:51:11 INFO ===< LinesPass::10 >===
13:51:12 INFO ===< CommentsPass >===
13:51:12 INFO ===< SpecialPass::b >===
13:51:12 INFO ===< SpecialPass::c >===
13:51:12 INFO ===< IndentPass::regular >===
13:51:22 INFO ===< BalancedPass::parens-to-zero >===
15:06:22 INFO ===< ClexHintsPass::rm-toks-1-to-16 >===
15:41:56 INFO ===< ClexPass::rm-tok-pattern-4 >===
15:41:56 INFO ===< ClangPass::local-to-global >===
15:42:04 INFO ===< PeepPass::c >===
15:42:09 INFO ===< IntsPass::a >===
15:42:09 INFO cache hit for HIPProg.hip
15:42:09 INFO ===< IntsPass::b >===
15:42:09 INFO cache hit for HIPProg.hip
15:42:09 INFO ===< IntsPass::c >===
15:42:09 INFO cache hit for HIPProg.hip
15:42:09 INFO ===< IntsPass::d >===
15:42:09 INFO cache hit for HIPProg.hip
15:42:09 INFO ===< IntsPass::c >===
15:42:09 INFO cache hit for HIPProg.hip
15:42:09 INFO ===< BalancedPass::parens-only >===
15:42:09 INFO cache hit for HIPProg.hip
15:42:09 INFO ===< ClexPass::delete-string >===
15:42:09 INFO cache hit for HIPProg.hip
15:42:09 INFO Termination check: size was 6211; now 6211
15:42:09 INFO CLEANUP PASSES
15:42:09 INFO ===< ClexPass::define >===
15:42:10 INFO ===< ClangPass::combine-global-var >===
15:42:10 INFO ===< ClangPass::combine-local-var >===
15:42:10 INFO ===< ClangPass::simplify-struct-union-decl >===
15:42:10 INFO ===< ClangPass::move-global-var >===
15:42:10 INFO ===< ClangPass::unify-function-decl >===
15:42:10 INFO cache hit for HIPProg.hip
15:42:10 INFO ===< LinesPass::0 >===
15:42:10 INFO cache hit for HIPProg.hip
15:42:10 INFO ===< ClexPass::delete-string >===
15:42:22 INFO (96.1%, 6209 bytes, 271 lines)
15:42:23 INFO ===< BlankPass >===
15:42:25 INFO ===< BlankPass >===
15:42:25 INFO ===================== done ====================
===< PASS statistics >===
  pass name                                                     bytes reduced time (s) time (%)   worked   failed  total executed
  LinesPass::2                                                          41476   555.89     0.98       26     1947            1973
  BalancedPass::curly-inside                                            31647   892.88     1.58       41      837             878
  LinesPass::3                                                          21224   100.73     0.18       24       56              80
  BalancedPass::curly3                                                  13799   303.95     0.54       34      107             141
  CommentsPass                                                          11786    43.25     0.08        8     1110            1118
  LinesPass::1                                                           6813  2026.59     3.58       71     6693            6764
  LinesPass::None                                                        6687  2164.52     3.83       52     8416            8468
  LinesPass::4                                                           5835    62.12     0.11       13       49              62
  BalancedPass::parens-to-zero                                           4759   751.72     1.33       46     2925            2971
  LinesPass::6                                                           3094    57.42     0.10       14       27              41
  ClangHintsPass::replace-function-def-with-decl                         1397    54.16     0.10        3      203             206
  LinesPass::0                                                           1140   210.85     0.37        8      936             944
  ClexHintsPass::rm-toks-1-to-4                                           880  5414.71     9.58      230    24813           25043
  BalancedPass::curly                                                     446   820.83     1.45        4     2895            2899
  TreeSitterPass::remove-function                                         355    78.15     0.14        6      472             478
  ClexHintsPass::rm-toks-5-to-8                                           231  4867.42     8.61       33    24599           24632
  ClangHintsPass::callexpr-to-value                                       172    19.28     0.03        3      108             111
  BlankPass                                                               169   159.20     0.28       21      383             404
  BalancedPass::square                                                    150   570.17     1.01       28     2284            2312
  BalancedPass::parens-only                                               124   466.38     0.82       58     2356            2414
  ClexHintsPass::rm-toks-9-to-12                                          122  4812.67     8.51        8    24606           24614
  ClangHintsPass::remove-unused-function                                   97    69.08     0.12        4      155             159
  IntsPass::a                                                              93   858.15     1.52       93      756             849
  BalancedPass::curly2                                                     42   860.93     1.52       13     2899            2912
  IntsPass::c                                                              32   227.39     0.40       26      130             156
  ClexHintsPass::rm-toks-13-to-16                                          32  4745.92     8.39        4    24533           24537
  IntsPass::b                                                              26   104.64     0.19       13       95             108
  ClangPass::empty-struct-to-int                                           18     7.96     0.01        2       22              24
  BalancedPass::curly-only                                                  8   633.62     1.12        8     2404            2412
  IntsPass::d                                                               3    11.26     0.02        3       13              16
  RmUnusedFilesPass                                                         0     0.00     0.00        0        0               0
  InlineIncludesPass                                                        0     0.00     0.00        0        0               0
  SpecialPass::c                                                            0     0.01     0.00        0        0               0
  SpecialPass::b                                                            0     0.01     0.00        0        0               0
  IncludeIncludesPass                                                       0     0.02     0.00        0       12              12
  LineMarkersPass                                                           0     0.02     0.00        0        0               0
  IndentPass::final                                                         0     0.02     0.00        0        1               1
  LinesPass::10                                                             0     0.02     0.00        0        0               0
  ClangPass::move-global-var                                                0     0.03     0.00        0        4               4
  ClangPass::simplify-struct-union-decl                                     0     0.03     0.00        0        4               4
  ClangPass::unify-function-decl                                            0     0.03     0.00        0        4               4
  TernaryPass::c                                                            0     0.03     0.00        0        0               0
  TernaryPass::b                                                            0     0.04     0.00        0        0               0
  IndentPass::regular                                                       0     0.06     0.00        0        3               3
  ClangPass::combine-local-var                                              0     0.06     0.00        0        4               4
  TreeSitterPass::erase-namespace                                           0     0.06     0.00        0        0               0
  ClangModuleMapPass                                                        0     0.07     0.00        0        0               0
  MakefilePass                                                              0     0.08     0.00        0        0               0
  ClangPass::class-template-to-class                                        0     0.08     0.00        0       12              12
  ClangPass::vector-to-array                                                0     0.09     0.00        0       12              12
  ClangPass::aggregate-to-scalar                                            0     0.09     0.00        0       12              12
  ClangPass::replace-array-access-with-index                                0     0.09     0.00        0       12              12
  ClangPass::simplify-nested-class                                          0     0.09     0.00        0       12              12
  ClangPass::replace-simple-typedef                                         0     0.09     0.00        0       12              12
  ClangPass::replace-undefined-function                                     0     0.09     0.00        0       12              12
  ClangPass::remove-array                                                   0     0.09     0.00        0       12              12
  ClangPass::simplify-dependent-typedef                                     0     0.09     0.00        0       12              12
  ClangPass::replace-one-level-typedef-type                                 0     0.09     0.00        0       12              12
  ClangPass::remove-nested-function                                         0     0.09     0.00        0       12              12
  ClangPass::simplify-recursive-template-instantiation                      0     0.09     0.00        0       12              12
  ClangPass::template-non-type-arg-to-int                                   0     0.09     0.00        0       12              12
  ClangPass::replace-class-with-base-template-spec                          0     0.09     0.00        0       12              12
  ClangPass::copy-propagation                                               0     0.09     0.00        0       12              12
  ClangPass::simplify-struct                                                0     0.09     0.00        0       12              12
  ClangPass::remove-namespace                                               0     0.09     0.00        0       12              12
  ClangPass::remove-unresolved-base                                         0     0.09     0.00        0       12              12
  ClangPass::reduce-pointer-pairs                                           0     0.09     0.00        0       12              12
  ClangPass::template-arg-to-int                                            0     0.09     0.00        0       12              12
  ClangPass::reduce-class-template-param                                    0     0.09     0.00        0       12              12
  ClangPass::reduce-array-size                                              0     0.09     0.00        0       12              12
  ClangPass::class-to-struct                                                0     0.09     0.00        0       12              12
  ClangPass::lift-assignment-expr                                           0     0.09     0.00        0       12              12
  ClangPass::replace-dependent-name                                         0     0.09     0.00        0       12              12
  ClangPass::instantiate-template-type-param-to-int                         0     0.09     0.00        0       12              12
  ClangPass::remove-addr-taken                                              0     0.09     0.00        0       12              12
  ClangPass::remove-try-catch                                               0     0.09     0.00        0       12              12
  ClangPass::merge-base-class                                               0     0.09     0.00        0       12              12
  ClangPass::move-definition-to-declaration                                 0     0.09     0.00        0       12              12
  ClangPass::simplify-comma-expr                                            0     0.09     0.00        0       12              12
  ClangPass::remove-ctor-initializer                                        0     0.09     0.00        0       12              12
  ClangPass::remove-trivial-base-template                                   0     0.09     0.00        0       12              12
  ClangPass::remove-pointer                                                 0     0.09     0.00        0       12              12
  ClangPass::simplify-if                                                    0     0.09     0.00        0       12              12
  ClangPass::remove-base-class                                              0     0.09     0.00        0       12              12
  ClangPass::instantiate-template-param                                     0     0.09     0.00        0       12              12
  ClangPass::reduce-array-dim                                               0     0.09     0.00        0       12              12
  ClangPass::simple-inliner                                                 0     0.09     0.00        0       12              12
  ClangPass::replace-derived-class                                          0     0.09     0.00        0       12              12
  ClangPass::replace-array-index-var                                        0     0.09     0.00        0       12              12
  ClangHintsPass::replace-dependent-typedef                                 0     0.11     0.00        0        0               0
  ClangPass::replace-callexpr                                               0     0.12     0.00        0       16              16
  ClangPass::remove-enum-member-value                                       0     0.12     0.00        0       16              16
  ClangPass::return-void                                                    0     0.12     0.00        0       12              12
  ClangPass::param-to-local                                                 0     0.15     0.00        0       12              12
  ClangPass::param-to-global                                                0     0.15     0.00        0       12              12
  ClangPass::simplify-callexpr                                              0     0.20     0.00        0       16              16
  ClangPass::local-to-global                                                0     0.33     0.00        0       24              24
  ClangHintsPass::remove-unused-function (30 T)                             0     0.36     0.00        0        1               1
  ClangHintsPass::replace-function-def-with-decl (30 T)                     0     0.37     0.00        0        3               3
  ClexPass::define                                                          0     0.39     0.00        0        8               8
  IncludesPass                                                              0     0.56     0.00        0        4               4
  ClangIncludeGraphPass                                                     0     0.56     0.00        0        0               0
  SpecialPass::a                                                            0     0.61     0.00        0        3               3
  ClangPass::remove-unused-outer-class                                      0     0.66     0.00        0       12              12
  ClangBinarySearchPass::remove-unused-enum-member                          0     0.71     0.00        0        0               0
  ClexPass::delete-string                                                   0     0.82     0.00        0        8               8
  ClangPass::combine-global-var                                             0     1.09     0.00        0        6               6
  LinesPass::8                                                              0     3.70     0.01        1        0               1
  ClangBinarySearchPass::remove-unused-var                                  0     7.65     0.01        0       56              56
  PeepPass::c                                                               0    15.83     0.03        0    18790           18790
  ClangPass::reduce-pointer-level                                           0    31.04     0.05        0      144             144
  BalancedPass::angles                                                      0    35.68     0.06        0      148             148
  BalancedPass::angles-inside                                               0    37.32     0.07        0      144             144
  BalancedPass::angles-only                                                 0    38.18     0.07        0      143             143
  ClangPass::remove-unused-field                                            0    68.54     0.12        0      318             318
  ClangPass::member-to-global                                               0    71.95     0.13        0      318             318
  TreeSitterPass::replace-function-def-with-decl                            0    80.79     0.14        3      413             416
  BalancedPass::parens-inside                                               0   214.06     0.38        4     1434            1438
  BalancedPass::square-inside                                               0   281.31     0.50        0     1260            1260
  BalancedPass::parens                                                      0   419.32     0.74        1     2813            2814
  BalancedPass::square-only                                                 0   519.66     0.92       17     2147            2164
  ClexPass::rm-tok-pattern-4                                                0  6359.37    11.25        0    36051           36051
  ClexHintsPass::rm-toks-1-to-16                                            0 13664.17    24.17        0    71736           71736
  ClangPass::union-to-struct                                               -2     5.57     0.01        2       18              20
  Folding (merging transformations from other passes)                  152039  1747.28     3.09      623      188             811

Runtime: 56545 seconds
Reduced test-cases:

--- HIPProg.hip ---
#include <hip/hip_runtime.h>
#include "HIPSmith.h"
#include "safe_math_macros.h"
#define transparent_crc(X, Y, Z) transparent_crc_(&crc64_context, X, , )
struct S1 {
   unsigned f0 ;
   signed f1 ;
   signed f2 ;
   unsigned f3 ;
   uint32_t  f4;
   signed f5 ;
   unsigned f6 ;
   unsigned f7 ;
   signed f8 ;
};
struct S2 {   int16_t  f1;   int64_t  f5;};
struct S3 {   int8_t  f5;};
struct S4 {
   S1  f2;
};
struct U6 {
   uint16_t  f0;
};
struct S7 {
    uint32_t g_20;
    uint8_t g_47;
    uint8_t g_59[6];
    uint8_t *g_58;
    S4 g_63;
    int32_t g_68[6];
    S2 g_92;
    S2 *g_91;
    U6 g_100;
    S3 g_124;
    int32_t *g_151;
    int32_t **g_150;
    int16_t *g_157;
    uint64_t g_184;
    uint16_t *g_192;
    int8_t *g_201;
    int g_214[3][1];
    uint16_t g_278;
    S4 **g_339;
    S1 g_345[10];
    U6 g_419;
    U6 g_418;
    int8_t g_453;
    uint32_t g_456;
    int32_t g_474;
    uint8_t g_561;
    int32_t g_600;
    int32_t g_601;
    uint64_t g_602;
    uint64_t g_609;
    int *g_770[6][3];
    S4 ***g_810;
    S4 ****g_809;
    int **g_906;
    S4 g_988;
    S3 g_1044;
    S2 **g_1050;
    S2 ***g_1049;
    int32_t *g_1132;
    uint32_t *g_1162;
    int16_t g_1187;
    S2 ****g_1203;
    S2 g_1202;
    S2 **g_1247[3][9][5];
    S2 ***g_1246;
    int64_t *g_1275;
    uint8_t g_1276;
    S4 *g_1279;
    int64_t g_1345;
    int64_t ***g_1344[2];
    int8_t g_1352;
    S3 *g_1475;
    S3 g_1479;
    int ***g_1490;
    int g_1489;
    int *g_1498;
    int **g_1497;
    int32_t *g_1562[4][4];
    int32_t **g_1561;
    int32_t g_1618;
    S1 *g_1658;
    S1 **g_1657;
    uint32_t **g_1667;
    int16_t g_1773;
    int8_t g_1985;
    uint8_t **g_2042;
    uint8_t ***g_2041;
    uint16_t g_2188;
    int64_t g_2287;
    int32_t ***g_2543;
    int32_t ****g_2542;
    int64_t ****g_2569;
    int64_t *****g_2568;
    S1 *g_2699;
    int32_t g_2725;
    int64_t g_2726;
    S3 g_2784;
    S3 ***g_2783[8][7];
    S3 ****g_2782;
    S3 *****g_2781;
    S3 *g_2786;
    S2 g_2803;
    int16_t g_2823;
    uint64_t g_2923;
    S2 *g_2936;
    int g_2946;
    U6 *g_3003;
    U6 g_3002;
    int32_t *g_3031;
    uint64_t *g_3056;
    uint16_t *g_3058;
};
__device__ uint64_t  func_6(U6  , S7 * );
__device__ S1  func_9(int32_t  , S7 * );
__device__ int32_t  func_1(S7 * p_3144)
{
    U6 l_8 {};
    func_6(l_8, p_3144) ;
    return *p_3144->g_1132;
}
__device__ uint64_t  func_6(U6  p_7, S7 * p_3144)
{ 
    S4 *l_2424 = nullptr;
    if (func_9(p_7.f0, p_3144) , l_2424 == nullptr ) 
    return p_7.f0;
}
__device__ S1  func_9(int32_t  , S7 * p_3144)
{ 
    S1 l_1018 {7,7,-31,0,0,9,6,0,0};
    int32_t *l_1676 = &p_3144->g_1618;
    uint32_t **l_1695 = &p_3144->g_1162;
    uint64_t *l_1697 = &p_3144->g_184;
    S4 l_1982 ;    *p_3144->g_192 = (safe_mul_func_int64_t_s_s(l_1695 == &p_3144->g_1162, *l_1697 ) | (l_1018.f2 ^= *p_3144->g_192)) >= *l_1676 ;
    return l_1982.f2;
}
__global__ void hipsmith_kernel(uint64_t *results) {
    S7 c_3145;
    S7* p_3144 = &c_3145;
    S7 c_3146 {
        5, 
        6, 
        2, 2, 2, 2, 2, 2, 
        &p_3144->g_59[5],1,7,9,0,9,4079,160,9,0,1, 
        0, 0, 6, 1, 1, {}, 
        &p_3144->g_92, 
        {}, 
        {}, 
        &p_3144->g_68[0], 
        &p_3144->g_151, 
        &p_3144->g_92.f1, 
        1, 
        &p_3144->g_100.f0, 
        &p_3144->g_124.f5, 
        {}, 
        {}, 
        nullptr, 
        {}, 
        {}, 
        {}, 
        1, 
        0, 
        4, 
        5, 
        0, 
        0, 
        1, 
        {}, 
        {}, 
        &p_3144->g_339, 
        &p_3144->g_810, 
        &p_3144->g_770[2][0], 
        {}, 
        {}, 
        &p_3144->g_91, 
        &p_3144->g_1050, 
        &p_3144->g_68[5], 
        nullptr, 
        2, 
        &p_3144->g_1049, 
        {}, 
        {}, 
        &p_3144->g_1247[2][6][2], 
        &p_3144->g_92.f5, 
        {}, 
        &p_3144->g_63, 
        {}, 
        {}, 
        0, 
        &p_3144->g_124, 
        {}, 
        &p_3144->g_906, 
        {}, 
        &p_3144->g_214[1][0], 
        &p_3144->g_1498, 
        {}, 
        &p_3144->g_1562[3][0], 
        2, 
        &p_3144->g_988.f2, 
        &p_3144->g_1658, 
        &p_3144->g_1162, 
        4, 
        4, 
        &p_3144->g_58, 
        &p_3144->g_2042, 
        7, 
        {}, 
        nullptr, 
        &p_3144->g_2543, 
        &p_3144->g_1344[0], 
        &p_3144->g_2569, 
        &p_3144->g_345[7], 
        3, 
        0, 
        {}, 
        {}, 
        &p_3144->g_2783[3][5], 
        &p_3144->g_2782, 
        nullptr, 
        {}, 
        0, 
        4073709551615, 
        &p_3144->g_2803, 
        {}, 
        nullptr, 
        {}, 
        &p_3144->g_600, 
        nullptr, 
        nullptr};
    c_3145 = c_3146;
    func_1(p_3144);
    uint64_t crc64_context = 0xFFFFFFFFFFFFFFFFUL;
    transparent_crc(p_3144->g_100.f0, , );
    transparent_crc(p_3144->g_184, , )
    ;
    int tid = threadIdx.x + blockIdx.x * blockDim.x;
    results[tid] = (crc64_context ^ 0xFFFFFFFFFFFFFFFFUL);
}
// ------------------------------------------------------------------
// Host Main
// ------------------------------------------------------------------
int main(int argc, const char* argv[]) {
    // Config
    const unsigned int num_threads = 4;
    const unsigned int block_size = 4;
    // Host Alloc
    std::vector<uint64_t> h_results(num_threads);
    const size_t results_bytes = sizeof(uint64_t) * h_results.size();
    // Device Alloc
    uint64_t *d_results;
    HIP_CHECK(hipMalloc((void**)&d_results, results_bytes));
    HIP_CHECK(hipMemset(d_results, 0, results_bytes));
    // Dimensions
    const dim3 block_dim(block_size);
    const dim3 grid_dim((num_threads + block_size - 1) / block_size);
    // Launch
    hipLaunchKernelGGL(hipsmith_kernel, grid_dim, block_dim, 0, 0, d_results);
    HIP_CHECK(hipGetLastError());
    HIP_CHECK(hipDeviceSynchronize());
    // Copy Back
    HIP_CHECK(hipMemcpy(h_results.data(), d_results, results_bytes, hipMemcpyDeviceToHost));
    // Free
    HIP_CHECK(hipFree(d_results));
    // Output
    for (size_t i = 0; i < h_results.size(); ++i)
    printf("Thread %zu CRC: %lu\n", i, h_results[i]);
    return 0;
}

