00:00:01 ERROR Prereqs not found for pass UnIfDefPass
00:00:01 ERROR Prereqs not found for pass IfPass
00:00:01 ERROR Prereqs not found for pass UnIfDefPass
00:00:11 INFO ===< 1608906 >===
00:00:11 INFO running 4 interestingness tests in parallel
00:00:11 INFO (0.0%, 99690 bytes, 1102 lines)
00:00:11 INFO INITIAL PASSES (interleaving)
00:00:11 INFO ===<  >===
00:07:53 INFO (83.7%, 16246 bytes, 393 lines, via BalancedPass::curly-inside + LinesPass::6 + CommentsPass + LinesPass::4 + BalancedPass::curly3 + ClangHintsPass::callexpr-to-value + LinesPass::0 + BlankPass)
00:15:32 INFO (91.1%, 8869 bytes, 291 lines, via LinesPass::None + LinesPass::1 + LinesPass::0 + ClangHintsPass::callexpr-to-value + LinesPass::4 + BalancedPass::curly-inside + LinesPass::2 + BlankPass + BalancedPass::curly3 + CommentsPass)
00:22:37 INFO (93.9%, 6075 bytes, 228 lines, via BalancedPass::curly-inside + LinesPass::0 + LinesPass::1 + BalancedPass::parens-to-zero + LinesPass::2 + ClangHintsPass::callexpr-to-value + LinesPass::3 + BalancedPass::square + BlankPass)
00:29:04 INFO (94.3%, 5682 bytes, 206 lines, via LinesPass::3 + BalancedPass::curly2 + LinesPass::1 + ClexHintsPass::rm-toks-9-to-12 + ClexHintsPass::rm-toks-5-to-8 + BalancedPass::curly-inside + BalancedPass::parens-only + BalancedPass::square + BalancedPass::curly + BalancedPass::curly-only + ClexHintsPass::rm-toks-1-to-4 + BalancedPass::square-inside)
00:34:34 INFO (94.9%, 5066 bytes, 192 lines, via LinesPass::None + LinesPass::1 + BalancedPass::parens-to-zero + ClexHintsPass::rm-toks-5-to-8 + BalancedPass::parens-only + ClexHintsPass::rm-toks-1-to-4)
00:39:15 INFO (95.5%, 4518 bytes, 175 lines, via LinesPass::2 + LinesPass::None + LinesPass::3 + LinesPass::1 + ClexHintsPass::rm-toks-1-to-4)
00:43:29 INFO (95.6%, 4436 bytes, 172 lines, via ClexHintsPass::rm-toks-1-to-4 + LinesPass::None + LinesPass::1 + BalancedPass::square)
00:47:46 INFO (95.7%, 4287 bytes, 171 lines, via LinesPass::None + ClexHintsPass::rm-toks-9-to-12 + ClexHintsPass::rm-toks-1-to-4)
00:51:20 INFO (95.8%, 4227 bytes, 166 lines, via LinesPass::None + ClexHintsPass::rm-toks-1-to-4 + BalancedPass::curly-only + BalancedPass::curly2)
00:54:30 INFO (95.8%, 4198 bytes, 166 lines, via BlankPass)
00:56:41 INFO (95.8%, 4154 bytes, 164 lines, via ClexHintsPass::rm-toks-1-to-4)
00:57:47 INFO (95.9%, 4108 bytes, 163 lines, via LinesPass::1)
01:01:08 INFO (95.9%, 4099 bytes, 163 lines, via ClexHintsPass::rm-toks-1-to-4)
01:03:18 INFO (95.9%, 4076 bytes, 163 lines, via ClexHintsPass::rm-toks-1-to-4)
01:05:25 INFO (95.9%, 4074 bytes, 163 lines, via BalancedPass::parens-only)
01:08:10 INFO (96.0%, 4037 bytes, 162 lines, via LinesPass::1)
01:43:58 INFO INITIAL PASSES
01:43:58 ERROR Skipping pass UnIfDefPass
01:43:58 ERROR Skipping pass IfPass
01:43:58 INFO ===< BalancedPass::angles, BalancedPass::angles-inside, BalancedPass::angles-only, BalancedPass::curly, BalancedPass::curly-inside, BalancedPass::curly-only, BalancedPass::curly2, BalancedPass::curly3, BalancedPass::parens, BalancedPass::parens-inside, BalancedPass::parens-only, BalancedPass::parens-to-zero, BalancedPass::square, BalancedPass::square-inside, BalancedPass::square-only, BlankPass, ClangHintsPass::callexpr-to-value, ClangHintsPass::remove-unused-function, ClangHintsPass::replace-dependent-typedef, ClangHintsPass::replace-function-def-with-decl, ClangIncludeGraphPass, ClangModuleMapPass, ClexHintsPass::rm-toks-1-to-4, ClexHintsPass::rm-toks-13-to-16, ClexHintsPass::rm-toks-5-to-8, ClexHintsPass::rm-toks-9-to-12, CommentsPass, InlineIncludesPass, LineMarkersPass, LinesPass::0, LinesPass::1, LinesPass::10, LinesPass::2, LinesPass::3, LinesPass::4, LinesPass::6, LinesPass::8, LinesPass::None, MakefilePass, RmUnusedFilesPass, TreeSitterPass::erase-namespace, TreeSitterPass::remove-function, TreeSitterPass::replace-function-def-with-decl >===
01:44:00 INFO ===< IncludesPass >===
01:44:00 INFO ===< CommentsPass >===
01:44:00 INFO ===< LineMarkersPass >===
01:44:03 INFO ===< BlankPass >===
01:44:03 INFO ===< ClangHintsPass::replace-function-def-with-decl (30 T) >===
01:44:04 INFO ===< ClangHintsPass::remove-unused-function (30 T) >===
01:44:04 INFO cache hit for HIPProg.hip
01:44:04 INFO ===< ClangHintsPass::replace-function-def-with-decl (30 T) >===
01:44:04 INFO cache hit for HIPProg.hip
01:44:04 INFO ===< ClangHintsPass::remove-unused-function (30 T) >===
01:44:04 INFO ===< ClangHintsPass::replace-function-def-with-decl >===
01:44:04 INFO ===< ClangHintsPass::remove-unused-function >===
01:44:09 INFO ===< LinesPass::0 >===
01:45:03 INFO ===< LinesPass::1 >===
01:45:09 INFO ===< LinesPass::2 >===
01:45:09 INFO ===< LinesPass::3 >===
01:45:09 INFO ===< LinesPass::4 >===
01:45:09 INFO ===< LinesPass::6 >===
01:45:09 INFO ===< LinesPass::8 >===
01:45:09 INFO ===< LinesPass::10 >===
01:45:09 INFO cache hit for HIPProg.hip
01:45:09 INFO ===< ClangHintsPass::replace-function-def-with-decl >===
01:45:09 INFO cache hit for HIPProg.hip
01:45:09 INFO ===< ClangHintsPass::remove-unused-function >===
01:45:09 INFO cache hit for HIPProg.hip
01:45:09 INFO ===< ClangHintsPass::remove-unused-function >===
01:45:20 INFO ===< BalancedPass::curly >===
01:45:32 INFO ===< BalancedPass::curly2 >===
01:45:32 INFO ===< BalancedPass::curly3 >===
01:45:38 INFO ===< BalancedPass::parens-to-zero >===
01:45:39 INFO ===< ClangHintsPass::callexpr-to-value >===
01:45:39 INFO ===< ClangPass::replace-callexpr >===
01:45:39 INFO ===< ClangPass::simplify-callexpr >===
01:45:39 INFO using C++ standard: c++2b with 0 transformation opportunities
01:45:39 INFO ===< ClangBinarySearchPass::remove-unused-enum-member >===
01:45:40 INFO ===< ClangPass::remove-enum-member-value >===
01:45:39 INFO using C++ standard: c++2b with 6 transformation opportunities
01:45:41 INFO ===< ClangBinarySearchPass::remove-unused-var >===
01:45:43 INFO ===< SpecialPass::a >===
01:45:43 INFO ===< SpecialPass::b >===
01:45:43 INFO INTERLEAVING PASSES
01:45:43 INFO ===< SpecialPass::c >===
01:49:28 INFO (96.0%, 4036 bytes, 162 lines, via ClexHintsPass::rm-toks-1-to-4)
01:51:32 INFO (96.0%, 4029 bytes, 162 lines, via ClexHintsPass::rm-toks-1-to-4)
01:56:08 INFO (96.0%, 4022 bytes, 162 lines, via ClexHintsPass::rm-toks-1-to-4)
01:58:11 INFO (96.0%, 3997 bytes, 162 lines, via ClexHintsPass::rm-toks-1-to-4)
02:16:01 INFO (96.0%, 3994 bytes, 162 lines, via ClexHintsPass::rm-toks-1-to-4)
02:24:38 INFO (96.0%, 3992 bytes, 162 lines, via BalancedPass::parens-only)
02:51:37 INFO Termination check: size was 4037; now 3992
02:51:37 INFO ===< BalancedPass::angles, BalancedPass::angles-inside, BalancedPass::angles-only, BalancedPass::curly, BalancedPass::curly-inside, BalancedPass::curly-only, BalancedPass::curly2, BalancedPass::curly3, BalancedPass::parens, BalancedPass::parens-inside, BalancedPass::parens-only, BalancedPass::parens-to-zero, BalancedPass::square, BalancedPass::square-inside, BalancedPass::square-only, BlankPass, ClangHintsPass::callexpr-to-value, ClangHintsPass::remove-unused-function, ClangHintsPass::replace-dependent-typedef, ClangHintsPass::replace-function-def-with-decl, ClangIncludeGraphPass, ClangModuleMapPass, ClexHintsPass::rm-toks-1-to-4, ClexHintsPass::rm-toks-13-to-16, ClexHintsPass::rm-toks-5-to-8, ClexHintsPass::rm-toks-9-to-12, CommentsPass, InlineIncludesPass, LineMarkersPass, LinesPass::0, LinesPass::1, LinesPass::10, LinesPass::2, LinesPass::3, LinesPass::4, LinesPass::6, LinesPass::8, LinesPass::None, MakefilePass, RmUnusedFilesPass, TreeSitterPass::erase-namespace, TreeSitterPass::remove-function, TreeSitterPass::replace-function-def-with-decl >===
03:59:06 INFO Termination check: size was 3992; now 3992
03:59:06 INFO MAIN PASSES
03:59:06 ERROR Skipping pass UnIfDefPass
03:59:06 INFO ===< BalancedPass::angles, BalancedPass::angles-inside, BalancedPass::angles-only, BalancedPass::curly, BalancedPass::curly-inside, BalancedPass::curly-only, BalancedPass::curly2, BalancedPass::curly3, BalancedPass::parens, BalancedPass::parens-inside, BalancedPass::parens-only, BalancedPass::parens-to-zero, BalancedPass::square, BalancedPass::square-inside, BalancedPass::square-only, BlankPass, ClangHintsPass::callexpr-to-value, ClangHintsPass::remove-unused-function, ClangHintsPass::replace-dependent-typedef, ClangHintsPass::replace-function-def-with-decl, ClangIncludeGraphPass, ClangModuleMapPass, ClexHintsPass::rm-toks-1-to-4, ClexHintsPass::rm-toks-13-to-16, ClexHintsPass::rm-toks-5-to-8, ClexHintsPass::rm-toks-9-to-12, CommentsPass, InlineIncludesPass, LineMarkersPass, LinesPass::0, LinesPass::1, LinesPass::10, LinesPass::2, LinesPass::3, LinesPass::4, LinesPass::6, LinesPass::8, LinesPass::None, MakefilePass, RmUnusedFilesPass, TreeSitterPass::erase-namespace, TreeSitterPass::remove-function, TreeSitterPass::replace-function-def-with-decl >===
03:59:06 INFO ===< IncludeIncludesPass >===
03:59:06 INFO ===< TernaryPass::b >===
03:59:06 INFO ===< TernaryPass::c >===
03:59:23 INFO ===< BalancedPass::curly >===
03:59:39 INFO ===< BalancedPass::curly2 >===
03:59:39 INFO ===< BalancedPass::curly3 >===
03:59:50 INFO ===< BalancedPass::parens >===
03:59:52 INFO ===< BalancedPass::angles >===
03:59:58 INFO ===< BalancedPass::square >===
04:00:16 INFO ===< BalancedPass::curly-inside >===
04:00:22 INFO ===< BalancedPass::parens-inside >===
04:00:24 INFO ===< BalancedPass::angles-inside >===
04:00:29 INFO ===< BalancedPass::square-inside >===
04:00:45 INFO ===< BalancedPass::curly-only >===
04:00:46 INFO ===< BalancedPass::angles-only >===
04:00:54 INFO ===< BalancedPass::square-only >===
04:00:54 INFO ===< ClangPass::remove-namespace >===
04:00:54 INFO ===< ClangPass::aggregate-to-scalar >===
04:00:54 INFO ===< ClangPass::param-to-global >===
04:00:54 INFO ===< ClangPass::param-to-local >===
04:00:55 INFO ===< ClangPass::remove-nested-function >===
04:00:55 INFO ===< ClangPass::union-to-struct >===
04:00:55 INFO ===< ClangPass::return-void >===
04:00:55 INFO ===< ClangPass::simple-inliner >===
04:01:04 INFO ===< ClangPass::reduce-pointer-level >===
04:01:04 INFO ===< ClangPass::lift-assignment-expr >===
04:01:04 INFO ===< ClangPass::copy-propagation >===
04:01:05 INFO ===< ClangHintsPass::callexpr-to-value >===
04:01:05 INFO ===< ClangPass::replace-callexpr >===
04:01:05 INFO ===< ClangPass::simplify-callexpr >===
04:01:06 INFO ===< ClangHintsPass::remove-unused-function >===
04:01:05 INFO using C++ standard: c++2b with 0 transformation opportunities
04:01:06 INFO ===< ClangBinarySearchPass::remove-unused-enum-member >===
04:01:06 INFO ===< ClangPass::remove-enum-member-value >===
04:01:06 INFO using C++ standard: c++2b with 6 transformation opportunities
04:01:08 INFO ===< ClangBinarySearchPass::remove-unused-var >===
04:01:08 INFO ===< ClangPass::simplify-if >===
04:01:08 INFO ===< ClangPass::reduce-array-dim >===
04:01:08 INFO ===< ClangPass::reduce-array-size >===
04:01:09 INFO ===< ClangPass::move-definition-to-declaration >===
04:01:09 INFO ===< ClangPass::simplify-comma-expr >===
04:01:09 INFO ===< ClangPass::simplify-dependent-typedef >===
04:01:09 INFO ===< ClangPass::replace-simple-typedef >===
04:01:09 INFO ===< ClangHintsPass::replace-dependent-typedef >===
04:01:09 INFO ===< ClangPass::replace-one-level-typedef-type >===
04:01:35 INFO ===< ClangPass::remove-unused-field >===
04:01:35 INFO ===< ClangPass::instantiate-template-type-param-to-int >===
04:01:36 INFO ===< ClangPass::instantiate-template-param >===
04:01:36 INFO ===< ClangPass::template-arg-to-int >===
04:01:36 INFO ===< ClangPass::template-non-type-arg-to-int >===
04:01:36 INFO ===< ClangPass::reduce-class-template-param >===
04:01:36 INFO ===< ClangPass::remove-trivial-base-template >===
04:01:36 INFO ===< ClangPass::class-template-to-class >===
04:01:36 INFO ===< ClangPass::merge-base-class >===
04:01:36 INFO ===< ClangPass::remove-base-class >===
04:01:36 INFO ===< ClangPass::replace-derived-class >===
04:01:37 INFO ===< ClangPass::remove-unresolved-base >===
04:01:37 INFO ===< ClangPass::remove-ctor-initializer >===
04:01:37 INFO ===< ClangPass::replace-class-with-base-template-spec >===
04:01:37 INFO ===< ClangPass::simplify-nested-class >===
04:01:39 INFO ===< ClangPass::remove-unused-outer-class >===
04:01:53 INFO (96.0%, 3982 bytes, 161 lines)
04:01:54 INFO ===< ClangPass::empty-struct-to-int >===
04:01:55 INFO ===< ClangPass::remove-pointer >===
04:01:55 INFO ===< ClangPass::reduce-pointer-pairs >===
04:01:55 INFO ===< ClangPass::remove-array >===
04:01:55 INFO ===< ClangPass::remove-addr-taken >===
04:01:55 INFO ===< ClangPass::simplify-struct >===
04:01:55 INFO ===< ClangPass::replace-undefined-function >===
04:01:55 INFO ===< ClangPass::replace-array-index-var >===
04:01:55 INFO ===< ClangPass::replace-array-access-with-index >===
04:01:55 INFO ===< ClangPass::replace-dependent-name >===
04:01:55 INFO ===< ClangPass::simplify-recursive-template-instantiation >===
04:01:55 INFO ===< ClangPass::vector-to-array >===
04:01:55 INFO ===< ClangPass::remove-try-catch >===
04:01:55 INFO ===< ClangPass::class-to-struct >===
04:02:17 INFO ===< ClangPass::member-to-global >===
04:02:24 INFO ===< LinesPass::0 >===
04:03:32 INFO ===< LinesPass::1 >===
04:03:39 INFO ===< LinesPass::2 >===
04:03:39 INFO ===< LinesPass::3 >===
04:03:39 INFO ===< LinesPass::4 >===
04:03:39 INFO ===< LinesPass::6 >===
04:03:39 INFO ===< LinesPass::8 >===
04:03:39 INFO ===< LinesPass::10 >===
04:03:40 INFO ===< CommentsPass >===
04:03:40 INFO ===< SpecialPass::b >===
04:03:40 INFO ===< SpecialPass::c >===
04:03:40 INFO ===< IndentPass::regular >===
04:03:47 INFO ===< BalancedPass::parens-to-zero >===
05:00:42 INFO ===< ClexHintsPass::rm-toks-1-to-16 >===
05:28:26 INFO ===< ClexPass::rm-tok-pattern-4 >===
05:28:27 INFO ===< ClangPass::local-to-global >===
05:28:47 INFO ===< PeepPass::c >===
05:29:12 INFO (96.0%, 3981 bytes, 161 lines)
05:29:31 INFO (96.0%, 3980 bytes, 161 lines)
05:29:49 INFO (96.0%, 3979 bytes, 161 lines)
05:30:14 INFO (96.0%, 3978 bytes, 161 lines)
05:30:32 INFO (96.0%, 3977 bytes, 161 lines)
05:30:49 INFO (96.0%, 3976 bytes, 161 lines)
05:31:10 INFO (96.0%, 3975 bytes, 161 lines)
05:31:32 INFO (96.0%, 3974 bytes, 161 lines)
05:31:56 INFO (96.0%, 3973 bytes, 161 lines)
05:32:20 INFO (96.0%, 3972 bytes, 161 lines)
05:32:45 INFO (96.0%, 3971 bytes, 161 lines)
05:33:08 INFO (96.0%, 3970 bytes, 161 lines)
05:33:32 INFO (96.0%, 3969 bytes, 161 lines)
05:33:51 INFO (96.0%, 3968 bytes, 161 lines)
05:34:11 INFO (96.0%, 3967 bytes, 161 lines)
05:34:32 INFO (96.0%, 3966 bytes, 161 lines)
05:34:54 INFO (96.0%, 3965 bytes, 161 lines)
05:35:16 INFO (96.0%, 3964 bytes, 161 lines)
05:35:34 INFO (96.0%, 3963 bytes, 161 lines)
05:35:52 INFO (96.0%, 3962 bytes, 161 lines)
05:36:13 INFO (96.0%, 3961 bytes, 161 lines)
05:36:38 INFO (96.0%, 3960 bytes, 161 lines)
05:36:57 INFO (96.0%, 3959 bytes, 161 lines)
05:37:19 INFO (96.0%, 3958 bytes, 161 lines)
05:37:37 INFO (96.0%, 3957 bytes, 161 lines)
05:37:55 INFO (96.0%, 3956 bytes, 161 lines)
05:38:14 INFO (96.0%, 3955 bytes, 161 lines)
05:38:35 INFO (96.0%, 3954 bytes, 161 lines)
05:39:00 INFO (96.0%, 3953 bytes, 161 lines)
05:39:19 INFO (96.0%, 3952 bytes, 161 lines)
05:39:43 INFO (96.0%, 3951 bytes, 161 lines)
05:40:05 INFO (96.0%, 3950 bytes, 161 lines)
05:40:28 INFO (96.0%, 3949 bytes, 161 lines)
05:40:46 INFO (96.0%, 3948 bytes, 161 lines)
05:41:04 INFO (96.0%, 3947 bytes, 161 lines)
05:41:23 INFO (96.0%, 3946 bytes, 161 lines)
05:41:42 INFO (96.0%, 3945 bytes, 161 lines)
05:42:05 INFO (96.0%, 3944 bytes, 161 lines)
05:42:23 INFO (96.0%, 3943 bytes, 161 lines)
05:42:40 INFO (96.0%, 3942 bytes, 161 lines)
05:43:05 INFO (96.0%, 3941 bytes, 161 lines)
05:43:23 INFO (96.0%, 3940 bytes, 161 lines)
05:43:42 INFO (96.0%, 3939 bytes, 161 lines)
05:44:00 INFO (96.0%, 3938 bytes, 161 lines)
05:44:22 INFO (96.1%, 3937 bytes, 161 lines)
05:44:47 INFO (96.1%, 3936 bytes, 161 lines)
05:45:04 INFO (96.1%, 3935 bytes, 161 lines)
05:45:23 INFO (96.1%, 3934 bytes, 161 lines)
05:45:43 INFO (96.1%, 3933 bytes, 161 lines)
05:46:00 INFO (96.1%, 3932 bytes, 161 lines)
05:46:24 INFO (96.1%, 3931 bytes, 161 lines)
05:46:48 INFO (96.1%, 3930 bytes, 161 lines)
05:47:06 INFO (96.1%, 3929 bytes, 161 lines)
05:47:30 INFO (96.1%, 3928 bytes, 161 lines)
05:47:54 INFO (96.1%, 3927 bytes, 161 lines)
05:48:15 INFO (96.1%, 3926 bytes, 161 lines)
05:48:41 INFO (96.1%, 3925 bytes, 161 lines)
05:48:59 INFO (96.1%, 3924 bytes, 161 lines)
05:49:20 INFO (96.1%, 3923 bytes, 161 lines)
05:49:42 INFO (96.1%, 3922 bytes, 161 lines)
05:50:06 INFO (96.1%, 3921 bytes, 161 lines)
05:50:30 INFO (96.1%, 3920 bytes, 161 lines)
05:50:55 INFO (96.1%, 3919 bytes, 161 lines)
05:51:13 INFO (96.1%, 3918 bytes, 161 lines)
05:51:34 INFO (96.1%, 3917 bytes, 161 lines)
05:51:56 INFO (96.1%, 3916 bytes, 161 lines)
05:52:18 INFO (96.1%, 3915 bytes, 161 lines)
05:52:42 INFO (96.1%, 3914 bytes, 161 lines)
05:53:08 INFO (96.1%, 3913 bytes, 161 lines)
05:53:26 INFO (96.1%, 3912 bytes, 161 lines)
05:53:52 INFO (96.1%, 3911 bytes, 161 lines)
05:54:16 INFO (96.1%, 3910 bytes, 161 lines)
05:54:39 INFO (96.1%, 3909 bytes, 161 lines)
05:55:03 INFO (96.1%, 3908 bytes, 161 lines)
05:55:24 INFO (96.1%, 3907 bytes, 161 lines)
05:55:47 INFO (96.1%, 3906 bytes, 161 lines)
05:56:11 INFO (96.1%, 3905 bytes, 161 lines)
05:56:29 INFO (96.1%, 3904 bytes, 161 lines)
05:56:52 INFO (96.1%, 3903 bytes, 161 lines)
05:57:12 INFO (96.1%, 3902 bytes, 161 lines)
05:57:37 INFO (96.1%, 3901 bytes, 161 lines)
05:58:02 INFO (96.1%, 3900 bytes, 161 lines)
05:58:25 INFO (96.1%, 3899 bytes, 161 lines)
05:58:49 INFO (96.1%, 3898 bytes, 161 lines)
05:59:12 INFO (96.1%, 3897 bytes, 161 lines)
05:59:36 INFO (96.1%, 3896 bytes, 161 lines)
05:59:54 INFO (96.1%, 3895 bytes, 161 lines)
06:00:14 INFO (96.1%, 3894 bytes, 161 lines)
06:00:32 INFO (96.1%, 3893 bytes, 161 lines)
06:00:55 INFO (96.1%, 3892 bytes, 161 lines)
06:01:20 INFO (96.1%, 3891 bytes, 161 lines)
06:01:39 INFO (96.1%, 3890 bytes, 161 lines)
06:01:56 INFO (96.1%, 3889 bytes, 161 lines)
06:02:19 INFO (96.1%, 3888 bytes, 161 lines)
06:02:35 INFO (96.1%, 3887 bytes, 161 lines)
06:02:50 INFO (96.1%, 3886 bytes, 161 lines)
06:03:07 INFO (96.1%, 3885 bytes, 161 lines)
06:03:23 INFO (96.1%, 3884 bytes, 161 lines)
06:03:40 INFO (96.1%, 3883 bytes, 161 lines)
06:03:55 INFO (96.1%, 3882 bytes, 161 lines)
06:04:06 INFO (96.1%, 3881 bytes, 161 lines)
06:04:18 INFO (96.1%, 3880 bytes, 161 lines)
06:04:29 INFO (96.1%, 3879 bytes, 161 lines)
06:04:40 INFO (96.1%, 3878 bytes, 161 lines)
06:04:52 INFO (96.1%, 3877 bytes, 161 lines)
06:05:03 INFO (96.1%, 3876 bytes, 161 lines)
06:05:14 INFO (96.1%, 3875 bytes, 161 lines)
06:05:21 INFO ===< IntsPass::a >===
06:05:40 INFO (96.1%, 3873 bytes, 161 lines)
06:06:01 INFO (96.1%, 3871 bytes, 161 lines)
06:06:22 INFO (96.1%, 3869 bytes, 161 lines)
06:06:47 INFO (96.1%, 3867 bytes, 161 lines)
06:07:09 INFO (96.1%, 3865 bytes, 161 lines)
06:07:29 INFO (96.1%, 3863 bytes, 161 lines)
06:07:50 INFO (96.1%, 3861 bytes, 161 lines)
06:08:07 INFO (96.1%, 3859 bytes, 161 lines)
06:08:25 INFO (96.1%, 3857 bytes, 161 lines)
06:08:46 INFO (96.1%, 3855 bytes, 161 lines)
06:09:05 INFO (96.1%, 3853 bytes, 161 lines)
06:09:18 INFO (96.1%, 3851 bytes, 161 lines)
06:09:22 INFO ===< IntsPass::b >===
06:09:50 INFO (96.1%, 3849 bytes, 161 lines)
06:10:15 INFO (96.1%, 3848 bytes, 161 lines)
06:10:41 INFO (96.1%, 3847 bytes, 161 lines)
06:11:00 INFO (96.1%, 3845 bytes, 161 lines)
06:11:20 INFO (96.1%, 3844 bytes, 161 lines)
06:11:39 INFO (96.1%, 3842 bytes, 161 lines)
06:12:06 INFO (96.1%, 3840 bytes, 161 lines)
06:12:25 INFO (96.1%, 3839 bytes, 161 lines)
06:12:47 INFO (96.2%, 3837 bytes, 161 lines)
06:13:12 INFO (96.2%, 3836 bytes, 161 lines)
06:13:31 INFO (96.2%, 3835 bytes, 161 lines)
06:13:51 INFO (96.2%, 3834 bytes, 161 lines)
06:14:18 INFO (96.2%, 3833 bytes, 161 lines)
06:14:37 INFO (96.2%, 3832 bytes, 161 lines)
06:14:57 INFO (96.2%, 3831 bytes, 161 lines)
06:15:15 INFO (96.2%, 3830 bytes, 161 lines)
06:15:36 INFO (96.2%, 3829 bytes, 161 lines)
06:15:55 INFO (96.2%, 3827 bytes, 161 lines)
06:16:14 INFO (96.2%, 3826 bytes, 161 lines)
06:16:38 INFO (96.2%, 3825 bytes, 161 lines)
06:17:02 INFO (96.2%, 3824 bytes, 161 lines)
06:17:21 INFO (96.2%, 3822 bytes, 161 lines)
06:17:46 INFO (96.2%, 3821 bytes, 161 lines)
06:18:08 INFO (96.2%, 3820 bytes, 161 lines)
06:18:22 INFO (96.2%, 3819 bytes, 161 lines)
06:18:32 INFO (96.2%, 3817 bytes, 161 lines)
06:18:32 INFO ===< IntsPass::c >===
06:18:58 INFO (96.2%, 3816 bytes, 161 lines)
06:19:22 INFO (96.2%, 3815 bytes, 161 lines)
06:19:42 INFO (96.2%, 3815 bytes, 161 lines)
06:19:57 INFO (96.2%, 3814 bytes, 161 lines)
06:20:08 INFO (96.2%, 3813 bytes, 161 lines)
06:20:08 INFO ===< IntsPass::d >===
06:20:08 INFO ===< IntsPass::c >===
06:20:15 INFO ===< BalancedPass::parens-only >===
06:20:16 INFO ===< ClexPass::delete-string >===
06:20:18 INFO Termination check: size was 3992; now 3813
06:20:18 ERROR Skipping pass UnIfDefPass
06:20:18 INFO ===< ClexPass::define >===
06:20:18 INFO ===< IncludeIncludesPass >===
06:20:18 INFO ===< TernaryPass::b >===
06:20:18 INFO ===< TernaryPass::c >===
06:20:32 INFO ===< BalancedPass::curly >===
06:20:47 INFO ===< BalancedPass::curly2 >===
06:20:48 INFO ===< BalancedPass::curly3 >===
06:20:57 INFO ===< BalancedPass::parens >===
06:20:59 INFO ===< BalancedPass::angles >===
06:21:04 INFO ===< BalancedPass::square >===
06:21:20 INFO ===< BalancedPass::curly-inside >===
06:21:24 INFO ===< BalancedPass::parens-inside >===
06:21:25 INFO ===< BalancedPass::angles-inside >===
06:21:29 INFO ===< BalancedPass::square-inside >===
06:21:41 INFO ===< BalancedPass::curly-only >===
06:21:42 INFO ===< BalancedPass::angles-only >===
06:21:48 INFO ===< BalancedPass::square-only >===
06:21:48 INFO ===< ClangPass::remove-namespace >===
06:21:48 INFO ===< ClangPass::aggregate-to-scalar >===
06:21:48 INFO ===< ClangPass::param-to-global >===
06:21:48 INFO ===< ClangPass::param-to-local >===
06:21:48 INFO ===< ClangPass::remove-nested-function >===
06:21:48 INFO ===< ClangPass::union-to-struct >===
06:21:49 INFO ===< ClangPass::return-void >===
06:21:49 INFO ===< ClangPass::simple-inliner >===
06:21:56 INFO ===< ClangPass::reduce-pointer-level >===
06:21:56 INFO ===< ClangPass::lift-assignment-expr >===
06:21:56 INFO ===< ClangPass::copy-propagation >===
06:21:57 INFO ===< ClangHintsPass::callexpr-to-value >===
06:21:57 INFO ===< ClangPass::replace-callexpr >===
06:21:57 INFO ===< ClangPass::simplify-callexpr >===
06:21:58 INFO ===< ClangHintsPass::remove-unused-function >===
06:21:57 INFO using C++ standard: c++2b with 0 transformation opportunities
06:21:58 INFO ===< ClangBinarySearchPass::remove-unused-enum-member >===
06:21:58 INFO ===< ClangPass::remove-enum-member-value >===
06:21:57 INFO using C++ standard: c++2b with 6 transformation opportunities
06:22:00 INFO ===< ClangBinarySearchPass::remove-unused-var >===
06:22:00 INFO ===< ClangPass::simplify-if >===
06:22:00 INFO ===< ClangPass::reduce-array-dim >===
06:22:00 INFO ===< ClangPass::reduce-array-size >===
06:22:00 INFO ===< ClangPass::move-definition-to-declaration >===
06:22:00 INFO ===< ClangPass::simplify-comma-expr >===
06:22:00 INFO ===< ClangPass::simplify-dependent-typedef >===
06:22:01 INFO ===< ClangPass::replace-simple-typedef >===
06:22:01 INFO ===< ClangHintsPass::replace-dependent-typedef >===
06:22:01 INFO ===< ClangPass::replace-one-level-typedef-type >===
06:22:23 INFO ===< ClangPass::remove-unused-field >===
06:22:23 INFO ===< ClangPass::instantiate-template-type-param-to-int >===
06:22:23 INFO ===< ClangPass::instantiate-template-param >===
06:22:24 INFO ===< ClangPass::template-arg-to-int >===
06:22:24 INFO ===< ClangPass::template-non-type-arg-to-int >===
06:22:24 INFO ===< ClangPass::reduce-class-template-param >===
06:22:24 INFO ===< ClangPass::remove-trivial-base-template >===
06:22:24 INFO ===< ClangPass::class-template-to-class >===
06:22:24 INFO ===< ClangPass::merge-base-class >===
06:22:24 INFO ===< ClangPass::remove-base-class >===
06:22:24 INFO ===< ClangPass::replace-derived-class >===
06:22:24 INFO ===< ClangPass::remove-unresolved-base >===
06:22:25 INFO ===< ClangPass::remove-ctor-initializer >===
06:22:25 INFO ===< ClangPass::replace-class-with-base-template-spec >===
06:22:25 INFO ===< ClangPass::simplify-nested-class >===
06:22:27 INFO ===< ClangPass::remove-unused-outer-class >===
06:22:29 INFO ===< ClangPass::empty-struct-to-int >===
06:22:29 INFO ===< ClangPass::remove-pointer >===
06:22:29 INFO ===< ClangPass::reduce-pointer-pairs >===
06:22:29 INFO ===< ClangPass::remove-array >===
06:22:29 INFO ===< ClangPass::remove-addr-taken >===
06:22:29 INFO ===< ClangPass::simplify-struct >===
06:22:30 INFO ===< ClangPass::replace-undefined-function >===
06:22:30 INFO ===< ClangPass::replace-array-index-var >===
06:22:30 INFO ===< ClangPass::replace-array-access-with-index >===
06:22:30 INFO ===< ClangPass::replace-dependent-name >===
06:22:30 INFO ===< ClangPass::simplify-recursive-template-instantiation >===
06:22:30 INFO ===< ClangPass::vector-to-array >===
06:22:30 INFO ===< ClangPass::remove-try-catch >===
06:22:30 INFO ===< ClangPass::class-to-struct >===
06:22:57 INFO ===< ClangPass::member-to-global >===
06:23:04 INFO ===< LinesPass::0 >===
06:24:11 INFO ===< LinesPass::1 >===
06:24:18 INFO ===< LinesPass::2 >===
06:24:18 INFO ===< LinesPass::3 >===
06:24:18 INFO ===< LinesPass::4 >===
06:24:18 INFO ===< LinesPass::6 >===
06:24:18 INFO ===< LinesPass::8 >===
06:24:18 INFO ===< LinesPass::10 >===
06:24:18 INFO ===< CommentsPass >===
06:24:18 INFO ===< SpecialPass::b >===
06:24:18 INFO ===< SpecialPass::c >===
06:24:19 INFO ===< IndentPass::regular >===
06:24:25 INFO ===< BalancedPass::parens-to-zero >===
07:19:01 INFO ===< ClexHintsPass::rm-toks-1-to-16 >===
07:46:35 INFO ===< ClexPass::rm-tok-pattern-4 >===
07:46:36 INFO ===< ClangPass::local-to-global >===
07:46:55 INFO ===< PeepPass::c >===
07:47:16 INFO (96.2%, 3812 bytes, 161 lines)
07:47:39 INFO (96.2%, 3811 bytes, 161 lines)
07:47:55 INFO (96.2%, 3810 bytes, 161 lines)
07:48:07 INFO (96.2%, 3809 bytes, 161 lines)
07:48:13 INFO ===< IntsPass::a >===
07:48:13 INFO ===< IntsPass::b >===
07:48:13 INFO ===< IntsPass::c >===
07:48:13 INFO ===< IntsPass::d >===
07:48:13 INFO cache hit for HIPProg.hip
07:48:13 INFO ===< IntsPass::c >===
07:48:19 INFO ===< BalancedPass::parens-only >===
07:48:21 INFO ===< ClexPass::delete-string >===
07:48:22 INFO Termination check: size was 3813; now 3809
07:48:22 ERROR Skipping pass UnIfDefPass
07:48:22 INFO ===< ClexPass::define >===
07:48:22 INFO ===< IncludeIncludesPass >===
07:48:22 INFO ===< TernaryPass::b >===
07:48:22 INFO ===< TernaryPass::c >===
07:48:37 INFO ===< BalancedPass::curly >===
07:48:52 INFO ===< BalancedPass::curly2 >===
07:48:52 INFO ===< BalancedPass::curly3 >===
07:49:02 INFO ===< BalancedPass::parens >===
07:49:03 INFO ===< BalancedPass::angles >===
07:49:09 INFO ===< BalancedPass::square >===
07:49:25 INFO ===< BalancedPass::curly-inside >===
07:49:30 INFO ===< BalancedPass::parens-inside >===
07:49:31 INFO ===< BalancedPass::angles-inside >===
07:49:36 INFO ===< BalancedPass::square-inside >===
07:49:48 INFO ===< BalancedPass::curly-only >===
07:49:49 INFO ===< BalancedPass::angles-only >===
07:49:55 INFO ===< BalancedPass::square-only >===
07:49:55 INFO ===< ClangPass::remove-namespace >===
07:49:55 INFO ===< ClangPass::aggregate-to-scalar >===
07:49:55 INFO ===< ClangPass::param-to-global >===
07:49:55 INFO ===< ClangPass::param-to-local >===
07:49:55 INFO ===< ClangPass::remove-nested-function >===
07:49:55 INFO ===< ClangPass::union-to-struct >===
07:49:56 INFO ===< ClangPass::return-void >===
07:49:56 INFO ===< ClangPass::simple-inliner >===
07:50:03 INFO ===< ClangPass::reduce-pointer-level >===
07:50:03 INFO ===< ClangPass::lift-assignment-expr >===
07:50:04 INFO ===< ClangPass::copy-propagation >===
07:50:04 INFO ===< ClangHintsPass::callexpr-to-value >===
07:50:04 INFO ===< ClangPass::replace-callexpr >===
07:50:05 INFO ===< ClangPass::simplify-callexpr >===
07:50:05 INFO ===< ClangHintsPass::remove-unused-function >===
07:50:04 INFO using C++ standard: c++2b with 0 transformation opportunities
07:50:05 INFO ===< ClangBinarySearchPass::remove-unused-enum-member >===
07:50:05 INFO ===< ClangPass::remove-enum-member-value >===
07:50:05 INFO using C++ standard: c++2b with 6 transformation opportunities
07:50:07 INFO ===< ClangBinarySearchPass::remove-unused-var >===
07:50:07 INFO ===< ClangPass::simplify-if >===
07:50:07 INFO ===< ClangPass::reduce-array-dim >===
07:50:07 INFO ===< ClangPass::reduce-array-size >===
07:50:07 INFO ===< ClangPass::move-definition-to-declaration >===
07:50:07 INFO ===< ClangPass::simplify-comma-expr >===
07:50:08 INFO ===< ClangPass::simplify-dependent-typedef >===
07:50:08 INFO ===< ClangPass::replace-simple-typedef >===
07:50:08 INFO ===< ClangHintsPass::replace-dependent-typedef >===
07:50:08 INFO ===< ClangPass::replace-one-level-typedef-type >===
07:50:29 INFO ===< ClangPass::remove-unused-field >===
07:50:29 INFO ===< ClangPass::instantiate-template-type-param-to-int >===
07:50:29 INFO ===< ClangPass::instantiate-template-param >===
07:50:29 INFO ===< ClangPass::template-arg-to-int >===
07:50:29 INFO ===< ClangPass::template-non-type-arg-to-int >===
07:50:29 INFO ===< ClangPass::reduce-class-template-param >===
07:50:30 INFO ===< ClangPass::remove-trivial-base-template >===
07:50:30 INFO ===< ClangPass::class-template-to-class >===
07:50:30 INFO ===< ClangPass::merge-base-class >===
07:50:30 INFO ===< ClangPass::remove-base-class >===
07:50:30 INFO ===< ClangPass::replace-derived-class >===
07:50:30 INFO ===< ClangPass::remove-unresolved-base >===
07:50:30 INFO ===< ClangPass::remove-ctor-initializer >===
07:50:30 INFO ===< ClangPass::replace-class-with-base-template-spec >===
07:50:30 INFO ===< ClangPass::simplify-nested-class >===
07:50:32 INFO ===< ClangPass::remove-unused-outer-class >===
07:50:33 INFO ===< ClangPass::empty-struct-to-int >===
07:50:33 INFO ===< ClangPass::remove-pointer >===
07:50:33 INFO ===< ClangPass::reduce-pointer-pairs >===
07:50:34 INFO ===< ClangPass::remove-array >===
07:50:34 INFO ===< ClangPass::remove-addr-taken >===
07:50:34 INFO ===< ClangPass::simplify-struct >===
07:50:34 INFO ===< ClangPass::replace-undefined-function >===
07:50:34 INFO ===< ClangPass::replace-array-index-var >===
07:50:34 INFO ===< ClangPass::replace-array-access-with-index >===
07:50:34 INFO ===< ClangPass::replace-dependent-name >===
07:50:35 INFO ===< ClangPass::simplify-recursive-template-instantiation >===
07:50:35 INFO ===< ClangPass::vector-to-array >===
07:50:35 INFO ===< ClangPass::remove-try-catch >===
07:50:35 INFO ===< ClangPass::class-to-struct >===
07:50:57 INFO ===< ClangPass::member-to-global >===
07:51:03 INFO ===< LinesPass::0 >===
07:52:04 INFO ===< LinesPass::1 >===
07:52:10 INFO ===< LinesPass::2 >===
07:52:10 INFO ===< LinesPass::3 >===
07:52:10 INFO ===< LinesPass::4 >===
07:52:10 INFO ===< LinesPass::6 >===
07:52:10 INFO ===< LinesPass::8 >===
07:52:10 INFO ===< LinesPass::10 >===
07:52:11 INFO ===< CommentsPass >===
07:52:11 INFO ===< SpecialPass::b >===
07:52:11 INFO ===< SpecialPass::c >===
07:52:11 INFO ===< IndentPass::regular >===
07:52:17 INFO ===< BalancedPass::parens-to-zero >===
08:46:09 INFO ===< ClexHintsPass::rm-toks-1-to-16 >===
09:14:14 INFO ===< ClexPass::rm-tok-pattern-4 >===
09:14:14 INFO ===< ClangPass::local-to-global >===
09:14:33 INFO ===< PeepPass::c >===
09:14:39 INFO ===< IntsPass::a >===
09:14:39 INFO cache hit for HIPProg.hip
09:14:39 INFO ===< IntsPass::b >===
09:14:39 INFO cache hit for HIPProg.hip
09:14:39 INFO ===< IntsPass::c >===
09:14:39 INFO cache hit for HIPProg.hip
09:14:39 INFO ===< IntsPass::d >===
09:14:39 INFO cache hit for HIPProg.hip
09:14:39 INFO ===< IntsPass::c >===
09:14:39 INFO cache hit for HIPProg.hip
09:14:39 INFO ===< BalancedPass::parens-only >===
09:14:39 INFO cache hit for HIPProg.hip
09:14:39 INFO ===< ClexPass::delete-string >===
09:14:39 INFO cache hit for HIPProg.hip
09:14:39 INFO Termination check: size was 3809; now 3809
09:14:39 INFO CLEANUP PASSES
09:14:39 INFO ===< ClexPass::define >===
09:14:41 INFO ===< ClangPass::combine-global-var >===
09:14:41 INFO ===< ClangPass::combine-local-var >===
09:14:41 INFO ===< ClangPass::simplify-struct-union-decl >===
09:14:41 INFO ===< ClangPass::move-global-var >===
09:14:41 INFO ===< ClangPass::unify-function-decl >===
09:14:41 INFO cache hit for HIPProg.hip
09:14:41 INFO ===< LinesPass::0 >===
09:14:41 INFO cache hit for HIPProg.hip
09:14:41 INFO ===< ClexPass::delete-string >===
09:14:52 INFO (96.2%, 3808 bytes, 161 lines)
09:14:55 INFO ===< BlankPass >===
09:14:57 INFO ===< BlankPass >===
09:14:58 INFO ===================== done ====================
===< PASS statistics >===
  pass name                                                     bytes reduced time (s) time (%)   worked   failed  total executed
  BalancedPass::curly-inside                                            58696   198.22     0.60       12      290             302
  LinesPass::6                                                          12770    15.86     0.05        3       11              14
  CommentsPass                                                           9203    26.99     0.08        5      381             386
  LinesPass::None                                                        3034   821.84     2.47       10     2548            2558
  LinesPass::4                                                           2819    37.00     0.11        7       23              30
  LinesPass::1                                                           2360   770.98     2.32       22     1975            1997
  LinesPass::0                                                           1975   134.07     0.40       13      365             378
  ClangHintsPass::callexpr-to-value                                      1964   110.25     0.33       30      148             178
  BalancedPass::curly3                                                   1018    62.74     0.19        6       16              22
  LinesPass::2                                                            543   143.57     0.43       14      324             338
  BalancedPass::parens-to-zero                                            434   167.74     0.50        8     1083            1091
  LinesPass::3                                                            242    70.93     0.21       14       48              62
  ClexHintsPass::rm-toks-1-to-4                                           208  2652.55     7.97       43    10301           10344
  BlankPass                                                               163    79.38     0.24       10      143             153
  IntsPass::a                                                             111  1573.90     4.73      111      765             876
  BalancedPass::curly2                                                     96   202.75     0.61        5      600             605
  ClexHintsPass::rm-toks-9-to-12                                           68  2405.48     7.22        5    10067           10072
  ClexHintsPass::rm-toks-5-to-8                                            35  2487.35     7.47       14    10118           10132
  IntsPass::c                                                              34   386.62     1.16       26      130             156
  BalancedPass::parens-only                                                28   151.72     0.46       16      858             874
  BalancedPass::square                                                     27   110.96     0.33        9      328             337
  IntsPass::b                                                              24   163.53     0.49       12       95             107
  ClangPass::empty-struct-to-int                                           10     5.24     0.02        1       15              16
  BalancedPass::curly-only                                                  8   181.53     0.55        8      521             529
  BalancedPass::curly                                                       7   192.99     0.58        1      604             605
  IntsPass::d                                                               4    49.92     0.15        5       23              28
  BalancedPass::square-inside                                               1    71.59     0.22        1      276             277
  RmUnusedFilesPass                                                         0     0.00     0.00        0        0               0
  InlineIncludesPass                                                        0     0.00     0.00        0        0               0
  SpecialPass::b                                                            0     0.02     0.00        0        0               0
  IndentPass::final                                                         0     0.03     0.00        0        1               1
  SpecialPass::c                                                            0     0.03     0.00        0        0               0
  LineMarkersPass                                                           0     0.04     0.00        0        0               0
  TernaryPass::b                                                            0     0.05     0.00        0        0               0
  TernaryPass::c                                                            0     0.06     0.00        0        0               0
  ClangModuleMapPass                                                        0     0.06     0.00        0        0               0
  MakefilePass                                                              0     0.07     0.00        0        0               0
  ClangPass::simplify-struct-union-decl                                     0     0.07     0.00        0        4               4
  IncludeIncludesPass                                                       0     0.07     0.00        0       12              12
  TreeSitterPass::erase-namespace                                           0     0.08     0.00        0        0               0
  ClangPass::unify-function-decl                                            0     0.08     0.00        0        4               4
  ClangPass::move-global-var                                                0     0.08     0.00        0        4               4
  IndentPass::regular                                                       0     0.10     0.00        0        3               3
  ClangPass::combine-local-var                                              0     0.14     0.00        0        4               4
  ClangPass::remove-addr-taken                                              0     0.18     0.00        0       12              12
  ClangPass::simplify-struct                                                0     0.18     0.00        0       12              12
  ClangPass::replace-array-access-with-index                                0     0.18     0.00        0       12              12
  ClangPass::reduce-pointer-pairs                                           0     0.18     0.00        0       12              12
  ClangPass::remove-array                                                   0     0.19     0.00        0       12              12
  ClangPass::reduce-array-dim                                               0     0.20     0.00        0       12              12
  ClangPass::simplify-if                                                    0     0.20     0.00        0       12              12
  ClangPass::replace-dependent-name                                         0     0.20     0.00        0       12              12
  ClangHintsPass::replace-dependent-typedef                                 0     0.20     0.00        0        0               0
  ClangPass::remove-namespace                                               0     0.20     0.00        0       12              12
  ClangPass::replace-array-index-var                                        0     0.21     0.00        0       12              12
  ClangPass::replace-one-level-typedef-type                                 0     0.21     0.00        0       12              12
  ClangPass::vector-to-array                                                0     0.21     0.00        0       12              12
  ClangPass::class-to-struct                                                0     0.21     0.00        0       12              12
  ClangPass::remove-try-catch                                               0     0.21     0.00        0       12              12
  ClangPass::copy-propagation                                               0     0.22     0.00        0       12              12
  ClangPass::aggregate-to-scalar                                            0     0.23     0.00        0       12              12
  ClangPass::simplify-comma-expr                                            0     0.23     0.00        0       12              12
  ClangPass::simplify-dependent-typedef                                     0     0.23     0.00        0       12              12
  ClangPass::reduce-array-size                                              0     0.23     0.00        0       12              12
  ClangPass::template-non-type-arg-to-int                                   0     0.23     0.00        0       12              12
  ClangPass::replace-simple-typedef                                         0     0.24     0.00        0       12              12
  ClangPass::replace-undefined-function                                     0     0.24     0.00        0       12              12
  ClangPass::merge-base-class                                               0     0.24     0.00        0       12              12
  ClangPass::move-definition-to-declaration                                 0     0.24     0.00        0       12              12
  ClangPass::lift-assignment-expr                                           0     0.24     0.00        0       12              12
  ClangPass::reduce-class-template-param                                    0     0.25     0.00        0       12              12
  ClangHintsPass::remove-unused-function (30 T)                             0     0.25     0.00        0        0               0
  ClangPass::remove-ctor-initializer                                        0     0.25     0.00        0       12              12
  ClangPass::remove-enum-member-value                                       0     0.25     0.00        0       16              16
  ClangPass::instantiate-template-type-param-to-int                         0     0.25     0.00        0       12              12
  ClangPass::remove-unresolved-base                                         0     0.26     0.00        0       12              12
  ClangPass::simple-inliner                                                 0     0.26     0.00        0       12              12
  ClangPass::template-arg-to-int                                            0     0.26     0.00        0       12              12
  ClangPass::remove-trivial-base-template                                   0     0.26     0.00        0       12              12
  ClangPass::replace-derived-class                                          0     0.26     0.00        0       12              12
  ClangPass::return-void                                                    0     0.26     0.00        0       12              12
  ClangPass::simplify-recursive-template-instantiation                      0     0.26     0.00        0       12              12
  ClangPass::remove-base-class                                              0     0.26     0.00        0       12              12
  ClangPass::class-template-to-class                                        0     0.27     0.00        0       12              12
  ClangPass::simplify-nested-class                                          0     0.27     0.00        0       12              12
  ClangHintsPass::replace-function-def-with-decl (30 T)                     0     0.27     0.00        0        1               1
  ClangPass::replace-callexpr                                               0     0.28     0.00        0       16              16
  ClangPass::instantiate-template-param                                     0     0.28     0.00        0       12              12
  ClangPass::replace-class-with-base-template-spec                          0     0.33     0.00        0       12              12
  ClangPass::union-to-struct                                                0     0.36     0.00        0       12              12
  ClangPass::param-to-global                                                0     0.38     0.00        0       12              12
  ClangIncludeGraphPass                                                     0     0.39     0.00        0        0               0
  ClangPass::combine-global-var                                             0     0.40     0.00        0        4               4
  ClangPass::remove-nested-function                                         0     0.41     0.00        0       12              12
  ClangPass::param-to-local                                                 0     0.47     0.00        0       12              12
  ClangPass::remove-pointer                                                 0     0.49     0.00        0       12              12
  SpecialPass::a                                                            0     0.67     0.00        0        2               2
  ClexPass::define                                                          0     0.71     0.00        0        8               8
  IncludesPass                                                              0     0.91     0.00        0        4               4
  ClangPass::local-to-global                                                0     0.99     0.00        0       25              25
  ClangBinarySearchPass::remove-unused-enum-member                          0     1.50     0.00        0        0               0
  ClangPass::remove-unused-outer-class                                      0     1.53     0.00        0       12              12
  ClexPass::delete-string                                                   0     1.63     0.00        0        8               8
  ClangPass::simplify-callexpr                                              0     1.63     0.00        0       48              48
  LinesPass::8                                                              0     3.85     0.01        1        0               1
  ClangBinarySearchPass::remove-unused-var                                  0     4.47     0.01        0       36              36
  LinesPass::10                                                             0     6.30     0.02        0       14              14
  ClangHintsPass::replace-function-def-with-decl                            0     7.08     0.02        1       24              25
  ClangHintsPass::remove-unused-function                                    0    11.16     0.03        2        8              10
  BalancedPass::angles-only                                                 0    18.20     0.05        0       80              80
  BalancedPass::angles-inside                                               0    19.38     0.06        0       83              83
  BalancedPass::angles                                                      0    19.94     0.06        0       87              87
  ClangPass::reduce-pointer-level                                           0    21.68     0.07        0       58              58
  TreeSitterPass::remove-function                                           0    27.55     0.08        5      116             121
  TreeSitterPass::replace-function-def-with-decl                            0    42.46     0.13        7       66              73
  PeepPass::c                                                               0    45.18     0.14        0    11604           11604
  ClangPass::member-to-global                                               0    67.44     0.20        0      162             162
  ClangPass::remove-unused-field                                            0    67.68     0.20        0      163             163
  BalancedPass::square-only                                                 0    86.17     0.26        2      312             314
  BalancedPass::parens-inside                                               0    94.92     0.29        0      680             680
  BalancedPass::parens                                                      0   129.02     0.39        0      952             952
  ClexHintsPass::rm-toks-13-to-16                                           0  2352.71     7.07        0    10033           10033
  ClexPass::rm-tok-pattern-4                                                0  4993.29    15.00        0    20116           20116
  ClexHintsPass::rm-toks-1-to-16                                            0  9901.47    29.74        0    39864           39864
  Folding (merging transformations from other passes)                   95536   764.93     2.30      232       31             263

Runtime: 33297 seconds
Reduced test-cases:

--- HIPProg.hip ---
#include <hip/hip_runtime.h>
#include "HIPSmith.h"
#include "safe_math_macros.h"
#define transparent_crc(X, Y, Z) transparent_crc_(&crc64_context, X, , )
struct S1 {
   uint16_t  f1;
   int  f8;
   };
struct S2 {
   uint16_t  f2;
};
struct S3 {
    int32_t g_2;
    uint32_t g_34;
    uint32_t g_40;
    int32_t g_58;
    int32_t g_73;
    uint32_t g_79;
    uint32_t g_83;
    int32_t g_89;
    int32_t g_93;
    uint32_t g_123;
    int16_t g_126;
    int32_t g_129;
    int32_t *g_131;
    int8_t g_134;
    int16_t g_135;
    uint32_t g_142;
    int8_t g_160;
    int16_t g_162;
    uint32_t g_163;
    S2 g_187;
    S1 g_199;
    uint32_t g_203;
    int64_t g_217;
    int32_t **g_240;
    int32_t ***g_239;
    uint32_t **g_253[2];
    uint32_t ***g_252;
    uint8_t g_314;
    int16_t *g_325;
    int *g_332;
    uint16_t *g_364;
    uint16_t **g_363;
    uint16_t ***g_362;
    uint64_t g_411;
    uint32_t g_414;
    int32_t ****g_432;
    S2 *g_509;
    S2 **g_508;
    S2 ***g_507;
    int **g_544;
    int32_t g_577;
    uint16_t **g_585;
    int8_t g_656;
    uint32_t g_686;
    int32_t *g_693;
    S2 g_783;
    uint8_t g_798;
    int32_t g_911;
    uint64_t g_917;
    uint8_t g_927;
};
__device__ uint8_t  func_1(S3 * p_1042)
{
        int32_t l_971[][1][5] {{}, {}, 2791966429};
            p_1042->g_917 |= safe_lshift_func_uint16_t_u_u(**p_1042->g_363, 3) ^ l_971[2][0][0] ;
    return p_1042->g_783.f2;
}
__global__ void hipsmith_kernel(uint64_t *results) {
    S3 c_1043;
    S3* p_1042 = &c_1043;
    S3 c_1044 {
        3, 
        2, 
        1, 
        0, 
        {}, 
        4, 
        4073709551610, 
        1, 
        9, 
        0, 
        4, 
        2, 
        &p_1042->g_129, 
        5, 
        7, 
        1, 
        8, 
        0, 
        7, 
        {}, 
        {}, 
        4073709551615, 
        0, 
        &p_1042->g_131, 
        &p_1042->g_240, 
        {}, 
        &p_1042->g_253[0], 
        7, 
        nullptr, 
        &p_1042->g_199.f8, 
        &p_1042->g_199.f1, 
        &p_1042->g_364, 
        &p_1042->g_363, 
        4, 
        4073709551610, 
        &p_1042->g_239, 
        &p_1042->g_187, 
        &p_1042->g_509, 
        &p_1042->g_508, 
        &p_1042->g_332, 
        {}, 
        &p_1042->g_364, 
        7, 
        5, 
        nullptr, 
        {}, 
        9, 
        5, 
        8, 
        {}};
    c_1043 = c_1044;
    func_1(p_1042);
    uint64_t crc64_context = 0xFFFFFFFFFFFFFFFFUL;
    transparent_crc(p_1042->g_917, , );
    int tid = threadIdx.x + blockIdx.x * blockDim.x;
    results[tid] = (crc64_context ^ 0xFFFFFFFFFFFFFFFFUL);
}
// ------------------------------------------------------------------
// Host Main
// ------------------------------------------------------------------
int main(int argc, const char* argv[]) {
    // Config
    const unsigned int num_threads = 4;
    const unsigned int block_size = 4;
    // Host Alloc
    std::vector<uint64_t> h_results(num_threads);
    const size_t results_bytes = sizeof(uint64_t) * h_results.size();
    // Device Alloc
    uint64_t *d_results;
    HIP_CHECK(hipMalloc((void**)&d_results, results_bytes));
    HIP_CHECK(hipMemset(d_results, 0, results_bytes));
    // Dimensions
    const dim3 block_dim(block_size);
    const dim3 grid_dim((num_threads + block_size - 1) / block_size);
    // Launch
    hipLaunchKernelGGL(hipsmith_kernel, grid_dim, block_dim, 0, 0, d_results);
    HIP_CHECK(hipGetLastError());
    HIP_CHECK(hipDeviceSynchronize());
    // Copy Back
    HIP_CHECK(hipMemcpy(h_results.data(), d_results, results_bytes, hipMemcpyDeviceToHost));
    // Free
    HIP_CHECK(hipFree(d_results));
    // Output
    for (size_t i = 0; i < h_results.size(); ++i) {
        printf("Thread %zu CRC: %lu\n", i, h_results[i]);
    }
    return 0;
}

