00:00:00 ERROR Prereqs not found for pass UnIfDefPass
00:00:00 ERROR Prereqs not found for pass IfPass
00:00:00 ERROR Prereqs not found for pass UnIfDefPass
00:00:06 INFO ===< 3980919 >===
00:00:06 INFO running 4 interestingness tests in parallel
00:00:06 INFO (0.0%, 5938 bytes, 220 lines)
00:00:06 INFO INITIAL PASSES (interleaving)
00:00:06 INFO ===<  >===
00:04:16 INFO Exiting now ...

=========================================
[!] FATAL PYTHON EXCEPTION IN REDUCTION:
Traceback (most recent call last):
  File "/homes/eb522/imperial/fyp/hipfuzz/find_and_reduce.py", line 237, in run_reduction_task
    generate_interestingness_test(abs_work_dir, good_flag, bad_flag)
  File "/homes/eb522/imperial/fyp/hipfuzz/find_and_reduce.py", line 183, in generate_interestingness_test
    content = template_content.format(
              ^^^^^^^^^^^^^^^^^^^^^^^^
KeyError: '\n    "asan"'
=========================================

=========================================
[!] FATAL PYTHON EXCEPTION IN REDUCTION:
Traceback (most recent call last):
  File "/homes/eb522/imperial/fyp/hipfuzz/find_and_reduce.py", line 237, in run_reduction_task
    generate_interestingness_test(abs_work_dir, good_flag, bad_flag)
  File "/homes/eb522/imperial/fyp/hipfuzz/find_and_reduce.py", line 183, in generate_interestingness_test
    content = template_content.format(
              ^^^^^^^^^^^^^^^^^^^^^^^^
KeyError: 'bin_path'
=========================================
00:00:00 ERROR Prereqs not found for pass UnIfDefPass
00:00:00 ERROR Prereqs not found for pass IfPass
00:00:00 ERROR Prereqs not found for pass UnIfDefPass
00:00:06 INFO ===< 4028537 >===
00:00:06 INFO running 4 interestingness tests in parallel
00:00:06 INFO (0.0%, 5938 bytes, 220 lines)
00:00:06 INFO INITIAL PASSES (interleaving)
00:00:06 INFO ===<  >===
00:01:41 INFO (0.0%, 5936 bytes, 220 lines, via BlankPass)
00:02:23 INFO Exiting now ...
00:00:00 ERROR Prereqs not found for pass UnIfDefPass
00:00:00 ERROR Prereqs not found for pass IfPass
00:00:00 ERROR Prereqs not found for pass UnIfDefPass
00:00:07 INFO ===< 3119929 >===
00:00:07 INFO running 4 interestingness tests in parallel
00:00:07 INFO (0.0%, 5936 bytes, 220 lines)
00:00:07 INFO INITIAL PASSES (interleaving)
00:00:07 INFO ===<  >===
01:11:24 INFO INITIAL PASSES
01:11:24 ERROR Skipping pass UnIfDefPass
01:11:24 ERROR Skipping pass IfPass
01:11:24 INFO ===< BalancedPass::angles, BalancedPass::angles-inside, BalancedPass::angles-only, BalancedPass::curly, BalancedPass::curly-inside, BalancedPass::curly-only, BalancedPass::curly2, BalancedPass::curly3, BalancedPass::parens, BalancedPass::parens-inside, BalancedPass::parens-only, BalancedPass::parens-to-zero, BalancedPass::square, BalancedPass::square-inside, BalancedPass::square-only, BlankPass, ClangHintsPass::callexpr-to-value, ClangHintsPass::remove-unused-function, ClangHintsPass::replace-dependent-typedef, ClangHintsPass::replace-function-def-with-decl, ClangIncludeGraphPass, ClangModuleMapPass, ClexHintsPass::rm-toks-1-to-4, ClexHintsPass::rm-toks-13-to-16, ClexHintsPass::rm-toks-5-to-8, ClexHintsPass::rm-toks-9-to-12, CommentsPass, InlineIncludesPass, LineMarkersPass, LinesPass::0, LinesPass::1, LinesPass::10, LinesPass::2, LinesPass::3, LinesPass::4, LinesPass::6, LinesPass::8, LinesPass::None, MakefilePass, RmUnusedFilesPass, TreeSitterPass::erase-namespace, TreeSitterPass::remove-function, TreeSitterPass::replace-function-def-with-decl >===
01:11:25 INFO ===< IncludesPass >===
01:11:25 INFO ===< CommentsPass >===
01:11:25 INFO ===< LineMarkersPass >===
01:11:29 INFO ===< BlankPass >===
01:11:29 INFO ===< ClangHintsPass::replace-function-def-with-decl (30 T) >===
01:11:30 INFO ===< ClangHintsPass::remove-unused-function (30 T) >===
01:11:30 INFO cache hit for HIPProg.hip
01:11:30 INFO ===< ClangHintsPass::replace-function-def-with-decl (30 T) >===
01:11:30 INFO cache hit for HIPProg.hip
01:11:30 INFO ===< ClangHintsPass::remove-unused-function (30 T) >===
01:11:30 INFO ===< ClangHintsPass::replace-function-def-with-decl >===
01:11:30 INFO ===< ClangHintsPass::remove-unused-function >===
01:11:38 INFO ===< LinesPass::0 >===
01:13:00 INFO ===< LinesPass::1 >===
01:13:12 INFO ===< LinesPass::2 >===
01:13:12 INFO ===< LinesPass::3 >===
01:13:12 INFO ===< LinesPass::4 >===
01:13:12 INFO ===< LinesPass::6 >===
01:13:12 INFO ===< LinesPass::8 >===
01:13:12 INFO ===< LinesPass::10 >===
01:13:12 INFO cache hit for HIPProg.hip
01:13:12 INFO ===< ClangHintsPass::replace-function-def-with-decl >===
01:13:12 INFO cache hit for HIPProg.hip
01:13:12 INFO ===< ClangHintsPass::remove-unused-function >===
01:13:12 INFO cache hit for HIPProg.hip
01:13:12 INFO ===< ClangHintsPass::remove-unused-function >===
01:13:36 INFO ===< BalancedPass::curly >===
01:14:01 INFO ===< BalancedPass::curly2 >===
01:14:01 INFO ===< BalancedPass::curly3 >===
01:14:15 INFO ===< BalancedPass::parens-to-zero >===
01:14:15 INFO ===< ClangHintsPass::callexpr-to-value >===
01:14:15 INFO ===< ClangPass::replace-callexpr >===
01:14:15 INFO ===< ClangPass::simplify-callexpr >===
01:14:15 INFO using C++ standard: c++2b with 0 transformation opportunities
01:14:16 INFO ===< ClangBinarySearchPass::remove-unused-enum-member >===
01:14:16 INFO ===< ClangPass::remove-enum-member-value >===
01:14:15 INFO using C++ standard: c++2b with 18 transformation opportunities
01:14:23 INFO ===< ClangBinarySearchPass::remove-unused-var >===
01:14:25 INFO ===< SpecialPass::a >===
01:14:25 INFO ===< SpecialPass::b >===
01:14:25 INFO INTERLEAVING PASSES
01:14:25 INFO ===< SpecialPass::c >===
01:14:25 INFO cache hit for HIPProg.hip
01:14:25 INFO Termination check: size was 5936; now 5936
01:14:25 INFO MAIN PASSES
01:14:25 ERROR Skipping pass UnIfDefPass
01:14:25 INFO ===< BalancedPass::angles, BalancedPass::angles-inside, BalancedPass::angles-only, BalancedPass::curly, BalancedPass::curly-inside, BalancedPass::curly-only, BalancedPass::curly2, BalancedPass::curly3, BalancedPass::parens, BalancedPass::parens-inside, BalancedPass::parens-only, BalancedPass::parens-to-zero, BalancedPass::square, BalancedPass::square-inside, BalancedPass::square-only, BlankPass, ClangHintsPass::callexpr-to-value, ClangHintsPass::remove-unused-function, ClangHintsPass::replace-dependent-typedef, ClangHintsPass::replace-function-def-with-decl, ClangIncludeGraphPass, ClangModuleMapPass, ClexHintsPass::rm-toks-1-to-4, ClexHintsPass::rm-toks-13-to-16, ClexHintsPass::rm-toks-5-to-8, ClexHintsPass::rm-toks-9-to-12, CommentsPass, InlineIncludesPass, LineMarkersPass, LinesPass::0, LinesPass::1, LinesPass::10, LinesPass::2, LinesPass::3, LinesPass::4, LinesPass::6, LinesPass::8, LinesPass::None, MakefilePass, RmUnusedFilesPass, TreeSitterPass::erase-namespace, TreeSitterPass::remove-function, TreeSitterPass::replace-function-def-with-decl >===
01:14:26 INFO ===< IncludeIncludesPass >===
01:14:26 INFO ===< TernaryPass::b >===
01:14:26 INFO ===< TernaryPass::c >===
01:14:26 INFO cache hit for HIPProg.hip
01:14:26 INFO ===< BalancedPass::curly >===
01:14:26 INFO cache hit for HIPProg.hip
01:14:26 INFO ===< BalancedPass::curly2 >===
01:14:26 INFO cache hit for HIPProg.hip
01:14:26 INFO ===< BalancedPass::curly3 >===
01:14:42 INFO ===< BalancedPass::parens >===
01:14:43 INFO ===< BalancedPass::angles >===
01:14:53 INFO ===< BalancedPass::square >===
01:15:44 INFO ===< BalancedPass::curly-inside >===
01:15:58 INFO ===< BalancedPass::parens-inside >===
01:15:59 INFO ===< BalancedPass::angles-inside >===
01:16:09 INFO ===< BalancedPass::square-inside >===
01:16:26 INFO ===< BalancedPass::curly-only >===
01:16:28 INFO ===< BalancedPass::angles-only >===
01:16:36 INFO ===< BalancedPass::square-only >===
01:16:36 INFO ===< ClangPass::remove-namespace >===
01:16:36 INFO ===< ClangPass::aggregate-to-scalar >===
01:16:36 INFO ===< ClangPass::param-to-global >===
01:16:36 INFO ===< ClangPass::param-to-local >===
01:16:36 INFO ===< ClangPass::remove-nested-function >===
01:16:37 INFO ===< ClangPass::union-to-struct >===
01:16:37 INFO ===< ClangPass::return-void >===
01:16:37 INFO ===< ClangPass::simple-inliner >===
01:16:47 INFO ===< ClangPass::reduce-pointer-level >===
01:16:47 INFO ===< ClangPass::lift-assignment-expr >===
01:16:47 INFO ===< ClangPass::copy-propagation >===
01:16:47 INFO cache hit for HIPProg.hip
01:16:47 INFO ===< ClangHintsPass::callexpr-to-value >===
01:16:47 INFO cache hit for HIPProg.hip
01:16:47 INFO ===< ClangPass::replace-callexpr >===
01:16:47 INFO cache hit for HIPProg.hip
01:16:47 INFO ===< ClangPass::simplify-callexpr >===
01:16:47 INFO cache hit for HIPProg.hip
01:16:47 INFO ===< ClangHintsPass::remove-unused-function >===
01:16:47 INFO cache hit for HIPProg.hip
01:16:47 INFO ===< ClangBinarySearchPass::remove-unused-enum-member >===
01:16:47 INFO cache hit for HIPProg.hip
01:16:47 INFO ===< ClangPass::remove-enum-member-value >===
01:16:47 INFO cache hit for HIPProg.hip
01:16:47 INFO ===< ClangBinarySearchPass::remove-unused-var >===
01:16:47 INFO ===< ClangPass::simplify-if >===
01:16:47 INFO ===< ClangPass::reduce-array-dim >===
01:16:47 INFO ===< ClangPass::reduce-array-size >===
01:16:47 INFO ===< ClangPass::move-definition-to-declaration >===
01:16:47 INFO ===< ClangPass::simplify-comma-expr >===
01:16:47 INFO ===< ClangPass::simplify-dependent-typedef >===
01:16:47 INFO ===< ClangPass::replace-simple-typedef >===
01:16:47 INFO ===< ClangHintsPass::replace-dependent-typedef >===
01:16:47 INFO ===< ClangPass::replace-one-level-typedef-type >===
01:17:02 INFO ===< ClangPass::remove-unused-field >===
01:17:02 INFO ===< ClangPass::instantiate-template-type-param-to-int >===
01:17:02 INFO ===< ClangPass::instantiate-template-param >===
01:17:02 INFO ===< ClangPass::template-arg-to-int >===
01:17:02 INFO ===< ClangPass::template-non-type-arg-to-int >===
01:17:02 INFO ===< ClangPass::reduce-class-template-param >===
01:17:02 INFO ===< ClangPass::remove-trivial-base-template >===
01:17:03 INFO ===< ClangPass::class-template-to-class >===
01:17:03 INFO ===< ClangPass::merge-base-class >===
01:17:03 INFO ===< ClangPass::remove-base-class >===
01:17:03 INFO ===< ClangPass::replace-derived-class >===
01:17:03 INFO ===< ClangPass::remove-unresolved-base >===
01:17:03 INFO ===< ClangPass::remove-ctor-initializer >===
01:17:03 INFO ===< ClangPass::replace-class-with-base-template-spec >===
01:17:03 INFO ===< ClangPass::simplify-nested-class >===
01:17:05 INFO ===< ClangPass::remove-unused-outer-class >===
01:17:05 INFO ===< ClangPass::empty-struct-to-int >===
01:17:05 INFO ===< ClangPass::remove-pointer >===
01:17:05 INFO ===< ClangPass::reduce-pointer-pairs >===
01:17:06 INFO ===< ClangPass::remove-array >===
01:17:06 INFO ===< ClangPass::remove-addr-taken >===
01:17:06 INFO ===< ClangPass::simplify-struct >===
01:17:06 INFO ===< ClangPass::replace-undefined-function >===
01:17:06 INFO ===< ClangPass::replace-array-index-var >===
01:17:06 INFO ===< ClangPass::replace-array-access-with-index >===
01:17:06 INFO ===< ClangPass::replace-dependent-name >===
01:17:06 INFO ===< ClangPass::simplify-recursive-template-instantiation >===
01:17:06 INFO ===< ClangPass::vector-to-array >===
01:17:06 INFO ===< ClangPass::remove-try-catch >===
01:17:07 INFO ===< ClangPass::class-to-struct >===
01:17:22 INFO ===< ClangPass::member-to-global >===
01:17:22 INFO cache hit for HIPProg.hip
01:17:22 INFO ===< LinesPass::0 >===
01:17:22 INFO cache hit for HIPProg.hip
01:17:22 INFO ===< LinesPass::1 >===
01:17:22 INFO cache hit for HIPProg.hip
01:17:22 INFO ===< LinesPass::2 >===
01:17:22 INFO cache hit for HIPProg.hip
01:17:22 INFO ===< LinesPass::3 >===
01:17:22 INFO cache hit for HIPProg.hip
01:17:22 INFO ===< LinesPass::4 >===
01:17:22 INFO cache hit for HIPProg.hip
01:17:22 INFO ===< LinesPass::6 >===
01:17:22 INFO cache hit for HIPProg.hip
01:17:22 INFO ===< LinesPass::8 >===
01:17:22 INFO cache hit for HIPProg.hip
01:17:22 INFO ===< LinesPass::10 >===
01:17:22 INFO cache hit for HIPProg.hip
01:17:22 INFO ===< CommentsPass >===
01:17:22 INFO cache hit for HIPProg.hip
01:17:22 INFO ===< SpecialPass::b >===
01:17:22 INFO cache hit for HIPProg.hip
01:17:22 INFO ===< SpecialPass::c >===
01:17:22 INFO ===< IndentPass::regular >===
01:17:22 INFO cache hit for HIPProg.hip
01:17:22 INFO ===< BalancedPass::parens-to-zero >===
02:25:07 INFO ===< ClexHintsPass::rm-toks-1-to-16 >===
02:57:56 INFO ===< ClexPass::rm-tok-pattern-4 >===
02:57:56 INFO ===< ClangPass::local-to-global >===
02:58:04 INFO ===< PeepPass::c >===
02:58:08 INFO ===< IntsPass::a >===
02:58:08 INFO ===< IntsPass::b >===
02:58:08 INFO ===< IntsPass::c >===
02:58:08 INFO ===< IntsPass::d >===
02:58:08 INFO cache hit for HIPProg.hip
02:58:08 INFO ===< IntsPass::c >===
02:58:22 INFO ===< BalancedPass::parens-only >===
02:58:22 INFO ===< ClexPass::delete-string >===
02:58:23 INFO Termination check: size was 5936; now 5936
02:58:23 INFO CLEANUP PASSES
02:58:23 INFO ===< ClexPass::define >===
02:58:27 INFO ===< ClangPass::combine-global-var >===
02:58:27 INFO ===< ClangPass::combine-local-var >===
02:58:27 INFO ===< ClangPass::simplify-struct-union-decl >===
02:58:27 INFO ===< ClangPass::move-global-var >===
02:58:27 INFO ===< ClangPass::unify-function-decl >===
02:58:27 INFO cache hit for HIPProg.hip
02:58:27 INFO ===< LinesPass::0 >===
02:58:27 INFO cache hit for HIPProg.hip
02:58:27 INFO ===< ClexPass::delete-string >===
02:58:27 INFO cache hit for HIPProg.hip
02:58:27 INFO ===< BlankPass >===
02:58:27 INFO cache hit for HIPProg.hip
02:58:27 INFO ===< BlankPass >===
02:58:27 INFO ===================== done ====================
===< PASS statistics >===
  pass name                                                     bytes reduced time (s) time (%)   worked   failed  total executed
  InlineIncludesPass                                                        0     0.00     0.00        0        0               0
  RmUnusedFilesPass                                                         0     0.00     0.00        0        0               0
  SpecialPass::b                                                            0     0.00     0.00        0        0               0
  ClangIncludeGraphPass                                                     0     0.00     0.00        0        0               0
  LinesPass::6                                                              0     0.00     0.00        0        0               0
  LinesPass::4                                                              0     0.00     0.00        0        0               0
  LinesPass::10                                                             0     0.00     0.00        0        0               0
  LinesPass::8                                                              0     0.00     0.00        0        0               0
  LinesPass::3                                                              0     0.01     0.00        0        0               0
  SpecialPass::c                                                            0     0.01     0.00        0        0               0
  TreeSitterPass::erase-namespace                                           0     0.01     0.00        0        0               0
  ClangModuleMapPass                                                        0     0.01     0.00        0        0               0
  MakefilePass                                                              0     0.01     0.00        0        0               0
  LineMarkersPass                                                           0     0.02     0.00        0        0               0
  BalancedPass::curly3                                                      0     0.02     0.00        0        0               0
  IntsPass::d                                                               0     0.02     0.00        0        2               2
  IntsPass::b                                                               0     0.02     0.00        0        2               2
  IntsPass::c                                                               0     0.02     0.00        0        2               2
  TernaryPass::c                                                            0     0.03     0.00        0        0               0
  ClangPass::replace-callexpr                                               0     0.03     0.00        0        4               4
  ClangPass::remove-enum-member-value                                       0     0.03     0.00        0        4               4
  ClangPass::unify-function-decl                                            0     0.03     0.00        0        4               4
  ClangPass::simplify-dependent-typedef                                     0     0.03     0.00        0        4               4
  ClangPass::move-global-var                                                0     0.03     0.00        0        4               4
  ClangPass::simplify-struct-union-decl                                     0     0.03     0.00        0        4               4
  ClangPass::replace-one-level-typedef-type                                 0     0.03     0.00        0        4               4
  ClangPass::lift-assignment-expr                                           0     0.03     0.00        0        4               4
  ClangPass::reduce-array-size                                              0     0.03     0.00        0        4               4
  ClangPass::copy-propagation                                               0     0.03     0.00        0        4               4
  ClangPass::instantiate-template-type-param-to-int                         0     0.03     0.00        0        4               4
  ClangPass::simplify-comma-expr                                            0     0.03     0.00        0        4               4
  ClangPass::move-definition-to-declaration                                 0     0.03     0.00        0        4               4
  ClangPass::replace-simple-typedef                                         0     0.03     0.00        0        4               4
  ClangHintsPass::replace-dependent-typedef                                 0     0.03     0.00        0        0               0
  ClangPass::reduce-array-dim                                               0     0.03     0.00        0        4               4
  ClangPass::remove-namespace                                               0     0.03     0.00        0        4               4
  ClangPass::instantiate-template-param                                     0     0.03     0.00        0        4               4
  ClangPass::union-to-struct                                                0     0.03     0.00        0        4               4
  ClangPass::aggregate-to-scalar                                            0     0.03     0.00        0        4               4
  ClangPass::simple-inliner                                                 0     0.03     0.00        0        4               4
  ClangPass::simplify-if                                                    0     0.03     0.00        0        4               4
  ClangPass::template-arg-to-int                                            0     0.03     0.00        0        4               4
  IncludeIncludesPass                                                       0     0.03     0.00        0        4               4
  ClangPass::remove-nested-function                                         0     0.03     0.00        0        4               4
  TernaryPass::b                                                            0     0.04     0.00        0        0               0
  ClangPass::template-non-type-arg-to-int                                   0     0.04     0.00        0        4               4
  IndentPass::regular                                                       0     0.04     0.00        0        1               1
  ClangPass::simplify-callexpr                                              0     0.04     0.00        0        4               4
  ClangPass::return-void                                                    0     0.04     0.00        0        4               4
  IndentPass::final                                                         0     0.04     0.00        0        1               1
  ClangPass::remove-trivial-base-template                                   0     0.04     0.00        0        4               4
  ClangPass::param-to-local                                                 0     0.05     0.00        0        4               4
  ClangPass::reduce-class-template-param                                    0     0.05     0.00        0        4               4
  ClangPass::param-to-global                                                0     0.05     0.00        0        4               4
  ClangPass::combine-local-var                                              0     0.06     0.00        0        4               4
  ClangHintsPass::callexpr-to-value                                         0     0.07     0.00        0        4               4
  ClangPass::replace-class-with-base-template-spec                          0     0.07     0.00        0        4               4
  ClangPass::class-template-to-class                                        0     0.07     0.00        0        4               4
  ClangPass::empty-struct-to-int                                            0     0.08     0.00        0        4               4
  ClangPass::simplify-struct                                                0     0.08     0.00        0        4               4
  ClangPass::remove-unresolved-base                                         0     0.08     0.00        0        4               4
  ClangPass::replace-dependent-name                                         0     0.08     0.00        0        4               4
  ClangPass::remove-try-catch                                               0     0.09     0.00        0        4               4
  ClangPass::remove-pointer                                                 0     0.09     0.00        0        4               4
  ClangPass::vector-to-array                                                0     0.09     0.00        0        4               4
  ClangPass::reduce-pointer-pairs                                           0     0.09     0.00        0        4               4
  ClangPass::remove-base-class                                              0     0.09     0.00        0        4               4
  ClangPass::replace-array-index-var                                        0     0.09     0.00        0        4               4
  ClangPass::replace-derived-class                                          0     0.09     0.00        0        4               4
  ClangPass::simplify-recursive-template-instantiation                      0     0.09     0.00        0        4               4
  ClangPass::remove-ctor-initializer                                        0     0.09     0.00        0        4               4
  ClangPass::remove-array                                                   0     0.09     0.00        0        4               4
  ClangPass::simplify-nested-class                                          0     0.09     0.00        0        4               4
  ClangPass::remove-addr-taken                                              0     0.09     0.00        0        4               4
  ClangPass::replace-array-access-with-index                                0     0.09     0.00        0        4               4
  ClangPass::replace-undefined-function                                     0     0.09     0.00        0        4               4
  ClangPass::class-to-struct                                                0     0.10     0.00        0        4               4
  ClangPass::merge-base-class                                               0     0.10     0.00        0        4               4
  ClangPass::local-to-global                                                0     0.12     0.00        0        8               8
  ClangBinarySearchPass::remove-unused-enum-member                          0     0.16     0.00        0        0               0
  ClexPass::define                                                          0     0.19     0.00        0        4               4
  ClangHintsPass::remove-unused-function                                    0     0.22     0.00        0        0               0
  ClexPass::delete-string                                                   0     0.40     0.00        0        4               4
  ClangHintsPass::remove-unused-function (30 T)                             0     0.41     0.00        0        0               0
  ClangHintsPass::replace-function-def-with-decl (30 T)                     0     0.43     0.00        0        1               1
  ClangHintsPass::replace-function-def-with-decl                            0     0.48     0.00        0        2               2
  CommentsPass                                                              0     0.50     0.00        0       42              42
  ClangPass::remove-unused-outer-class                                      0     0.53     0.00        0        4               4
  IncludesPass                                                              0     0.57     0.01        0        4               4
  BalancedPass::angles-inside                                               0     0.74     0.01        0        8               8
  BalancedPass::angles                                                      0     0.76     0.01        0        8               8
  SpecialPass::a                                                            0     0.99     0.01        0        2               2
  BalancedPass::angles-only                                                 0     1.25     0.01        0        8               8
  TreeSitterPass::remove-function                                           0     2.71     0.03        0       21              21
  TreeSitterPass::replace-function-def-with-decl                            0     2.72     0.03        0       18              18
  ClangPass::combine-global-var                                             0     3.29     0.03        0       16              16
  BlankPass                                                                 0     4.07     0.04        0       14              14
  IntsPass::a                                                               0     4.11     0.04        0       15              15
  PeepPass::c                                                               0     5.30     0.05        0     5936            5936
  ClangBinarySearchPass::remove-unused-var                                  0     6.90     0.06        0       35              35
  ClangPass::reduce-pointer-level                                           0     8.63     0.08        0       23              23
  LinesPass::0                                                              0    14.39     0.13        0       86              86
  ClangPass::remove-unused-field                                            0    14.77     0.14        0       57              57
  ClangPass::member-to-global                                               0    14.93     0.14        0       57              57
  BalancedPass::square-only                                                 0    15.68     0.15        0       86              86
  BalancedPass::square-inside                                               0    17.23     0.16        0       78              78
  BalancedPass::square                                                      0    17.84     0.17        0       86              86
  LinesPass::2                                                              0    21.90     0.20        0       82              82
  BalancedPass::parens-only                                                 0    25.17     0.24        0      192             192
  BalancedPass::parens-to-zero                                              0    26.36     0.25        0      192             192
  BalancedPass::parens-inside                                               0    26.46     0.25        0      186             186
  BalancedPass::parens                                                      0    27.34     0.26        0      192             192
  BalancedPass::curly-only                                                  0    29.93     0.28        0      136             136
  BalancedPass::curly                                                       0    39.32     0.37        0      136             136
  BalancedPass::curly2                                                      0    40.23     0.38        0      136             136
  LinesPass::None                                                           0    88.72     0.83        0      364             364
  BalancedPass::curly-inside                                                0    94.15     0.88        0       62              62
  LinesPass::1                                                              0   149.98     1.40        0      352             352
  ClexHintsPass::rm-toks-5-to-8                                             0   959.05     8.96        0     5530            5530
  ClexHintsPass::rm-toks-9-to-12                                            0   959.20     8.96        0     5514            5514
  ClexHintsPass::rm-toks-13-to-16                                           0   960.64     8.97        0     5498            5498
  ClexHintsPass::rm-toks-1-to-4                                             0  1037.56     9.69        0     5546            5546
  ClexPass::rm-tok-pattern-4                                                0  1967.95    18.38        0    11106           11106
  ClexHintsPass::rm-toks-1-to-16                                            0  4056.03    37.88        0    22088           22088

Runtime: 10707 seconds
Reduced test-cases:

--- HIPProg.hip ---
#include "safe_math_macros.h"
#include <hip/hip_runtime.h>
#include "HIPSmith.h"
#define transparent_crc(X, Y, Z) transparent_crc_(&crc64_context, X, , )
struct S0 {
  uint8_t f0;
  int32_t f1;
  uint32_t f2;
};
struct S1 {
  uint16_t f1;
  uint8_t f2;
  int8_t f4;
};
struct S2 {
  int16_t f6;
  int16_t f7;
};
struct S3 {
  int32_t g_3;
  int64_t g_46;
  int8_t g_51;
  S1 g_52;
  uint64_t g_54;
  int32_t g_65;
  uint64_t *g_75;
  S0 g_111;
  uint16_t *g_112;
  int32_t g_146;
  int32_t g_151[5][4][8];
  S2 g_152;
  S2 g_154;
  int8_t g_190;
  S0 *g_274[6][5][7];
  S0 **g_273;
  int16_t *g_350;
  int16_t **g_349[5];
  int16_t ***g_348;
  int32_t g_406;
  int64_t g_453;
  uint64_t g_513;
  uint8_t *g_514;
  int8_t *g_541;
  int8_t **g_540;
  S1 g_549;
  int32_t *g_564;
  uint64_t *g_661;
  S2 *g_737;
  S2 **g_736[10];
  uint8_t *g_833;
  uint64_t *g_865;
  int64_t g_884;
  uint32_t g_980;
  uint32_t g_1107;
  int16_t ****g_1122[10][6][4];
  int16_t *****g_1121;
  S0 *g_1149;
  uint32_t g_1161;
  S1 **g_1169;
  S1 ***g_1168;
  int32_t g_1226;
  uint8_t g_1233;
  S2 ***g_1317;
  S2 g_1316;
  int16_t g_1410;
  uint8_t g_1473;
  uint64_t g_1513;
};
__device__ int8_t func_8(S0, int32_t *, S3 *);
__device__ S0 func_11(int8_t, int8_t, int32_t *, int64_t, S3 *);
__device__ uint32_t func_16(int32_t, S0, uint32_t, S3 *);
__device__ S0 func_21(S0, int32_t *, S3 *);
__device__ S0 func_24(S1, int32_t, int32_t *, uint64_t, S3 *);
__device__ S1 func_29(int32_t *, int32_t, uint32_t, S3 *);
__device__ int32_t *func_35(uint64_t, int32_t, uint8_t, int32_t *, S3 *);
__device__ uint64_t func_1(S3 *p_1515) {
  int32_t *l_2 = &p_1515->g_3;
  int8_t *l_50 = &p_1515->g_51;
  uint64_t l_62 = 8;
  uint32_t l_340 = 4073709551611;
  uint64_t l_1514 = *l_50 = func_8(
      func_11(func_16(1,
                      func_21(func_24(func_29(func_35(0, l_62, p_1515->g_52.f4,
                                                      &p_1515->g_3, p_1515),
                                              p_1515->g_146, l_340, p_1515),
                                      *l_2, l_2, *l_2, p_1515),
                              &p_1515->g_146, p_1515),
                      p_1515->g_406, p_1515) |
                  p_1515->g_111.f1,
              *l_2, &p_1515->g_3, *l_2, p_1515),
      &p_1515->g_3, p_1515);
  return l_1514;
}
__device__ int8_t func_8(S0, int32_t *, S3 *p_1515) { return *p_1515->g_541; }
__device__ S0 func_11(int8_t p_12, int8_t, int32_t *, int64_t, S3 *p_1515) {
  S0 *l_824 = &p_1515->g_111;
  if (**p_1515->g_540 = safe_div_func_uint64_t_u_u(4294967294, p_12))
    return *l_824;
}
__device__ uint32_t func_16(int32_t p_17, S0, uint32_t p_19, S3 *p_1515) {
  if (safe_sub_func_int64_t_s_s(*p_1515->g_112, p_17)) {
    int32_t l_743;
    int32_t **l_754 = &p_1515->g_564;
    *l_754 = &l_743;
  }
  return p_19;
}
__device__ S0 func_21(S0, int32_t *, S3 *) {
  S0 l_717;
  return l_717;
}
__device__ S0 func_24(S1, int32_t, int32_t *, uint64_t, S3 *p_1515) {
  S0 l_357;
  for (p_1515->g_52.f4 = 9;;)
    return l_357;
}
__device__ S1 func_29(int32_t *p_30, int32_t, uint32_t, S3 *p_1515) {
  S1 l_344;
  *p_30 = p_1515->g_154.f6;
  return l_344;
}
__device__ int32_t *func_35(uint64_t, int32_t, uint8_t, int32_t *, S3 *p_1515) {
  uint16_t *l_68 = &p_1515->g_52.f1;
  if ((*l_68)-- <= 0)
    return &p_1515->g_151[3][3][7];
}
__global__ void hipsmith_kernel(uint64_t *results) {
  S3 c_1516;
  S3 *p_1515 = &c_1516;
  S3 c_1517{3,
            0,
            3,
            {},
            3,
            2,
            nullptr,
            5,
            6,
            40,
            &p_1515->g_52.f1,
            1,
            {},
            {},
            {},
            8,
            {},
            &p_1515->g_274[2][1][6],
            &p_1515->g_152.f7,
            &p_1515->g_350,
            &p_1515->g_350,
            &p_1515->g_350,
            &p_1515->g_350,
            &p_1515->g_350,
            &p_1515->g_349[1],
            3,
            {},
            {},
            nullptr,
            &p_1515->g_190,
            &p_1515->g_541,
            {},
            nullptr,
            nullptr,
            {},
            {},
            &p_1515->g_52.f2,
            nullptr,
            {},
            {},
            {},
            {},
            &p_1515->g_1122[5][5][1],
            nullptr,
            {},
            nullptr,
            &p_1515->g_1169,
            0,
            {},
            &p_1515->g_736[0],
            {},
            9,
            {},
            7};
  c_1516 = c_1517;
  func_1(p_1515);
  uint64_t crc64_context = 0xFFFFFFFFFFFFFFFFUL;
  transparent_crc(p_1515->g_51, , );
  int tid = threadIdx.x + blockIdx.x * blockDim.x;
  results[tid] = (crc64_context ^ 0xFFFFFFFFFFFFFFFFUL);
}
// ------------------------------------------------------------------
// Host Main
// ------------------------------------------------------------------
int main(int argc, const char* argv[]) {
    // Config
    const unsigned int num_threads = 4;
    const unsigned int block_size = 4;
    // Host Alloc
    std::vector<uint64_t> h_results(num_threads);
    const size_t results_bytes = sizeof(uint64_t) * h_results.size();
    // Device Alloc
    uint64_t *d_results;
    HIP_CHECK(hipMalloc((void**)&d_results, results_bytes));
    HIP_CHECK(hipMemset(d_results, 0, results_bytes));
    // Dimensions
    const dim3 block_dim(block_size);
    const dim3 grid_dim((num_threads + block_size - 1) / block_size);
    // Launch
    hipLaunchKernelGGL(hipsmith_kernel, grid_dim, block_dim, 0, 0, d_results);
    HIP_CHECK(hipGetLastError());
    HIP_CHECK(hipDeviceSynchronize());
    // Copy Back
    HIP_CHECK(hipMemcpy(h_results.data(), d_results, results_bytes, hipMemcpyDeviceToHost));
    // Free
    HIP_CHECK(hipFree(d_results));
    // Output
    for (size_t i = 0; i < h_results.size(); ++i)
    printf("Thread %zu CRC: %lu\n", i, h_results[i]);
    return 0;
}

