
=========================================
[!] FATAL PYTHON EXCEPTION IN REDUCTION:
Traceback (most recent call last):
  File "/homes/eb522/imperial/fyp/hipfuzz/find_and_reduce.py", line 237, in run_reduction_task
    generate_interestingness_test(abs_work_dir, good_flag, bad_flag)
  File "/homes/eb522/imperial/fyp/hipfuzz/find_and_reduce.py", line 183, in generate_interestingness_test
    content = template_content.format(
              ^^^^^^^^^^^^^^^^^^^^^^^^
KeyError: '\n    "asan"'
=========================================

=========================================
[!] FATAL PYTHON EXCEPTION IN REDUCTION:
Traceback (most recent call last):
  File "/homes/eb522/imperial/fyp/hipfuzz/find_and_reduce.py", line 237, in run_reduction_task
    generate_interestingness_test(abs_work_dir, good_flag, bad_flag)
  File "/homes/eb522/imperial/fyp/hipfuzz/find_and_reduce.py", line 183, in generate_interestingness_test
    content = template_content.format(
              ^^^^^^^^^^^^^^^^^^^^^^^^
KeyError: 'bin_path'
=========================================
00:00:00 ERROR Prereqs not found for pass UnIfDefPass
00:00:00 ERROR Prereqs not found for pass IfPass
00:00:00 ERROR Prereqs not found for pass UnIfDefPass
00:00:06 INFO ===< 682165 >===
00:00:06 INFO running 4 interestingness tests in parallel
00:00:06 INFO (0.0%, 4323 bytes, 196 lines)
00:00:06 INFO INITIAL PASSES (interleaving)
00:00:06 INFO ===<  >===
00:01:30 INFO (0.0%, 4322 bytes, 196 lines, via BlankPass)
00:39:13 INFO INITIAL PASSES
00:39:13 ERROR Skipping pass UnIfDefPass
00:39:13 ERROR Skipping pass IfPass
00:39:13 INFO ===< BalancedPass::angles, BalancedPass::angles-inside, BalancedPass::angles-only, BalancedPass::curly, BalancedPass::curly-inside, BalancedPass::curly-only, BalancedPass::curly2, BalancedPass::curly3, BalancedPass::parens, BalancedPass::parens-inside, BalancedPass::parens-only, BalancedPass::parens-to-zero, BalancedPass::square, BalancedPass::square-inside, BalancedPass::square-only, BlankPass, ClangHintsPass::callexpr-to-value, ClangHintsPass::remove-unused-function, ClangHintsPass::replace-dependent-typedef, ClangHintsPass::replace-function-def-with-decl, ClangIncludeGraphPass, ClangModuleMapPass, ClexHintsPass::rm-toks-1-to-4, ClexHintsPass::rm-toks-13-to-16, ClexHintsPass::rm-toks-5-to-8, ClexHintsPass::rm-toks-9-to-12, CommentsPass, InlineIncludesPass, LineMarkersPass, LinesPass::0, LinesPass::1, LinesPass::10, LinesPass::2, LinesPass::3, LinesPass::4, LinesPass::6, LinesPass::8, LinesPass::None, MakefilePass, RmUnusedFilesPass, TreeSitterPass::erase-namespace, TreeSitterPass::remove-function, TreeSitterPass::replace-function-def-with-decl >===
00:39:14 INFO ===< IncludesPass >===
00:39:14 INFO ===< CommentsPass >===
00:39:14 INFO ===< LineMarkersPass >===
00:39:16 INFO ===< BlankPass >===
00:39:16 INFO ===< ClangHintsPass::replace-function-def-with-decl (30 T) >===
00:39:16 INFO ===< ClangHintsPass::remove-unused-function (30 T) >===
00:39:16 INFO cache hit for HIPProg.hip
00:39:16 INFO ===< ClangHintsPass::replace-function-def-with-decl (30 T) >===
00:39:16 INFO cache hit for HIPProg.hip
00:39:16 INFO ===< ClangHintsPass::remove-unused-function (30 T) >===
00:39:16 INFO ===< ClangHintsPass::replace-function-def-with-decl >===
00:39:16 INFO ===< ClangHintsPass::remove-unused-function >===
00:39:20 INFO ===< LinesPass::0 >===
00:39:57 INFO ===< LinesPass::1 >===
00:40:06 INFO ===< LinesPass::2 >===
00:40:06 INFO ===< LinesPass::3 >===
00:40:06 INFO ===< LinesPass::4 >===
00:40:06 INFO ===< LinesPass::6 >===
00:40:06 INFO ===< LinesPass::8 >===
00:40:06 INFO ===< LinesPass::10 >===
00:40:06 INFO cache hit for HIPProg.hip
00:40:06 INFO ===< ClangHintsPass::replace-function-def-with-decl >===
00:40:06 INFO cache hit for HIPProg.hip
00:40:06 INFO ===< ClangHintsPass::remove-unused-function >===
00:40:06 INFO cache hit for HIPProg.hip
00:40:06 INFO ===< ClangHintsPass::remove-unused-function >===
00:40:19 INFO ===< BalancedPass::curly >===
00:40:32 INFO ===< BalancedPass::curly2 >===
00:40:32 INFO ===< BalancedPass::curly3 >===
00:40:36 INFO ===< BalancedPass::parens-to-zero >===
00:40:37 INFO ===< ClangHintsPass::callexpr-to-value >===
00:40:37 INFO ===< ClangPass::replace-callexpr >===
00:40:37 INFO ===< ClangPass::simplify-callexpr >===
00:40:37 INFO using C++ standard: c++2b with 0 transformation opportunities
00:40:37 INFO ===< ClangBinarySearchPass::remove-unused-enum-member >===
00:40:37 INFO ===< ClangPass::remove-enum-member-value >===
00:40:37 INFO using C++ standard: c++2b with 5 transformation opportunities
00:40:38 INFO ===< ClangBinarySearchPass::remove-unused-var >===
00:40:39 INFO ===< SpecialPass::a >===
00:40:39 INFO ===< SpecialPass::b >===
00:40:39 INFO INTERLEAVING PASSES
00:40:39 INFO ===< SpecialPass::c >===
01:19:59 INFO Termination check: size was 4322; now 4322
01:19:59 INFO MAIN PASSES
01:19:59 ERROR Skipping pass UnIfDefPass
01:19:59 INFO ===< BalancedPass::angles, BalancedPass::angles-inside, BalancedPass::angles-only, BalancedPass::curly, BalancedPass::curly-inside, BalancedPass::curly-only, BalancedPass::curly2, BalancedPass::curly3, BalancedPass::parens, BalancedPass::parens-inside, BalancedPass::parens-only, BalancedPass::parens-to-zero, BalancedPass::square, BalancedPass::square-inside, BalancedPass::square-only, BlankPass, ClangHintsPass::callexpr-to-value, ClangHintsPass::remove-unused-function, ClangHintsPass::replace-dependent-typedef, ClangHintsPass::replace-function-def-with-decl, ClangIncludeGraphPass, ClangModuleMapPass, ClexHintsPass::rm-toks-1-to-4, ClexHintsPass::rm-toks-13-to-16, ClexHintsPass::rm-toks-5-to-8, ClexHintsPass::rm-toks-9-to-12, CommentsPass, InlineIncludesPass, LineMarkersPass, LinesPass::0, LinesPass::1, LinesPass::10, LinesPass::2, LinesPass::3, LinesPass::4, LinesPass::6, LinesPass::8, LinesPass::None, MakefilePass, RmUnusedFilesPass, TreeSitterPass::erase-namespace, TreeSitterPass::remove-function, TreeSitterPass::replace-function-def-with-decl >===
01:19:59 INFO ===< IncludeIncludesPass >===
01:19:59 INFO ===< TernaryPass::b >===
01:19:59 INFO ===< TernaryPass::c >===
01:19:59 INFO cache hit for HIPProg.hip
01:19:59 INFO ===< BalancedPass::curly >===
01:19:59 INFO cache hit for HIPProg.hip
01:19:59 INFO ===< BalancedPass::curly2 >===
01:19:59 INFO cache hit for HIPProg.hip
01:19:59 INFO ===< BalancedPass::curly3 >===
01:20:05 INFO ===< BalancedPass::parens >===
01:20:05 INFO ===< BalancedPass::angles >===
01:20:12 INFO ===< BalancedPass::square >===
01:20:24 INFO ===< BalancedPass::curly-inside >===
01:20:27 INFO ===< BalancedPass::parens-inside >===
01:20:27 INFO ===< BalancedPass::angles-inside >===
01:20:33 INFO ===< BalancedPass::square-inside >===
01:20:43 INFO ===< BalancedPass::curly-only >===
01:20:44 INFO ===< BalancedPass::angles-only >===
01:20:50 INFO ===< BalancedPass::square-only >===
01:20:50 INFO ===< ClangPass::remove-namespace >===
01:20:50 INFO ===< ClangPass::aggregate-to-scalar >===
01:20:51 INFO ===< ClangPass::param-to-global >===
01:20:51 INFO ===< ClangPass::param-to-local >===
01:20:51 INFO ===< ClangPass::remove-nested-function >===
01:20:51 INFO ===< ClangPass::union-to-struct >===
01:20:51 INFO ===< ClangPass::return-void >===
01:20:51 INFO ===< ClangPass::simple-inliner >===
01:20:56 INFO ===< ClangPass::reduce-pointer-level >===
01:20:56 INFO ===< ClangPass::lift-assignment-expr >===
01:20:56 INFO ===< ClangPass::copy-propagation >===
01:20:56 INFO cache hit for HIPProg.hip
01:20:56 INFO ===< ClangHintsPass::callexpr-to-value >===
01:20:56 INFO cache hit for HIPProg.hip
01:20:56 INFO ===< ClangPass::replace-callexpr >===
01:20:56 INFO cache hit for HIPProg.hip
01:20:56 INFO ===< ClangPass::simplify-callexpr >===
01:20:56 INFO cache hit for HIPProg.hip
01:20:56 INFO ===< ClangHintsPass::remove-unused-function >===
01:20:56 INFO cache hit for HIPProg.hip
01:20:56 INFO ===< ClangBinarySearchPass::remove-unused-enum-member >===
01:20:56 INFO cache hit for HIPProg.hip
01:20:56 INFO ===< ClangPass::remove-enum-member-value >===
01:20:56 INFO cache hit for HIPProg.hip
01:20:56 INFO ===< ClangBinarySearchPass::remove-unused-var >===
01:20:56 INFO ===< ClangPass::simplify-if >===
01:20:56 INFO ===< ClangPass::reduce-array-dim >===
01:20:56 INFO ===< ClangPass::reduce-array-size >===
01:20:56 INFO ===< ClangPass::move-definition-to-declaration >===
01:20:56 INFO ===< ClangPass::simplify-comma-expr >===
01:20:56 INFO ===< ClangPass::simplify-dependent-typedef >===
01:20:56 INFO ===< ClangPass::replace-simple-typedef >===
01:20:56 INFO ===< ClangHintsPass::replace-dependent-typedef >===
01:20:56 INFO ===< ClangPass::replace-one-level-typedef-type >===
01:21:12 INFO ===< ClangPass::remove-unused-field >===
01:21:12 INFO ===< ClangPass::instantiate-template-type-param-to-int >===
01:21:12 INFO ===< ClangPass::instantiate-template-param >===
01:21:12 INFO ===< ClangPass::template-arg-to-int >===
01:21:12 INFO ===< ClangPass::template-non-type-arg-to-int >===
01:21:12 INFO ===< ClangPass::reduce-class-template-param >===
01:21:12 INFO ===< ClangPass::remove-trivial-base-template >===
01:21:12 INFO ===< ClangPass::class-template-to-class >===
01:21:12 INFO ===< ClangPass::merge-base-class >===
01:21:12 INFO ===< ClangPass::remove-base-class >===
01:21:12 INFO ===< ClangPass::replace-derived-class >===
01:21:12 INFO ===< ClangPass::remove-unresolved-base >===
01:21:12 INFO ===< ClangPass::remove-ctor-initializer >===
01:21:12 INFO ===< ClangPass::replace-class-with-base-template-spec >===
01:21:12 INFO ===< ClangPass::simplify-nested-class >===
01:21:13 INFO ===< ClangPass::remove-unused-outer-class >===
01:21:14 INFO ===< ClangPass::empty-struct-to-int >===
01:21:14 INFO ===< ClangPass::remove-pointer >===
01:21:14 INFO ===< ClangPass::reduce-pointer-pairs >===
01:21:14 INFO ===< ClangPass::remove-array >===
01:21:14 INFO ===< ClangPass::remove-addr-taken >===
01:21:14 INFO ===< ClangPass::simplify-struct >===
01:21:14 INFO ===< ClangPass::replace-undefined-function >===
01:21:14 INFO ===< ClangPass::replace-array-index-var >===
01:21:14 INFO ===< ClangPass::replace-array-access-with-index >===
01:21:14 INFO ===< ClangPass::replace-dependent-name >===
01:21:14 INFO ===< ClangPass::simplify-recursive-template-instantiation >===
01:21:14 INFO ===< ClangPass::vector-to-array >===
01:21:14 INFO ===< ClangPass::remove-try-catch >===
01:21:14 INFO ===< ClangPass::class-to-struct >===
01:21:30 INFO ===< ClangPass::member-to-global >===
01:21:30 INFO cache hit for HIPProg.hip
01:21:30 INFO ===< LinesPass::0 >===
01:21:30 INFO cache hit for HIPProg.hip
01:21:30 INFO ===< LinesPass::1 >===
01:21:30 INFO cache hit for HIPProg.hip
01:21:30 INFO ===< LinesPass::2 >===
01:21:30 INFO cache hit for HIPProg.hip
01:21:30 INFO ===< LinesPass::3 >===
01:21:30 INFO cache hit for HIPProg.hip
01:21:30 INFO ===< LinesPass::4 >===
01:21:30 INFO cache hit for HIPProg.hip
01:21:30 INFO ===< LinesPass::6 >===
01:21:30 INFO cache hit for HIPProg.hip
01:21:30 INFO ===< LinesPass::8 >===
01:21:30 INFO cache hit for HIPProg.hip
01:21:30 INFO ===< LinesPass::10 >===
01:21:30 INFO cache hit for HIPProg.hip
01:21:30 INFO ===< CommentsPass >===
01:21:30 INFO cache hit for HIPProg.hip
01:21:30 INFO ===< SpecialPass::b >===
01:21:30 INFO cache hit for HIPProg.hip
01:21:30 INFO ===< SpecialPass::c >===
01:21:30 INFO ===< IndentPass::regular >===
01:21:30 INFO cache hit for HIPProg.hip
01:21:30 INFO ===< BalancedPass::parens-to-zero >===
01:57:32 INFO ===< ClexHintsPass::rm-toks-1-to-16 >===
02:16:19 INFO ===< ClexPass::rm-tok-pattern-4 >===
02:16:19 INFO ===< ClangPass::local-to-global >===
02:16:24 INFO ===< PeepPass::c >===
02:16:28 INFO ===< IntsPass::a >===
02:16:28 INFO ===< IntsPass::b >===
02:16:28 INFO ===< IntsPass::c >===
02:16:28 INFO ===< IntsPass::d >===
02:16:28 INFO cache hit for HIPProg.hip
02:16:28 INFO ===< IntsPass::c >===
02:16:32 INFO ===< BalancedPass::parens-only >===
02:16:33 INFO ===< ClexPass::delete-string >===
02:16:33 INFO Termination check: size was 4322; now 4322
02:16:33 INFO CLEANUP PASSES
02:16:33 INFO ===< ClexPass::define >===
02:16:34 INFO ===< ClangPass::combine-global-var >===
02:16:34 INFO ===< ClangPass::combine-local-var >===
02:16:34 INFO ===< ClangPass::simplify-struct-union-decl >===
02:16:34 INFO ===< ClangPass::move-global-var >===
02:16:34 INFO ===< ClangPass::unify-function-decl >===
02:16:34 INFO cache hit for HIPProg.hip
02:16:34 INFO ===< LinesPass::0 >===
02:16:34 INFO cache hit for HIPProg.hip
02:16:34 INFO ===< ClexPass::delete-string >===
02:16:34 INFO cache hit for HIPProg.hip
02:16:34 INFO ===< BlankPass >===
02:16:34 INFO cache hit for HIPProg.hip
02:16:34 INFO ===< BlankPass >===
02:16:34 INFO ===================== done ====================
===< PASS statistics >===
  pass name                                                     bytes reduced time (s) time (%)   worked   failed  total executed
  BlankPass                                                                 1     7.23     0.09        1       28              29
  RmUnusedFilesPass                                                         0     0.00     0.00        0        0               0
  InlineIncludesPass                                                        0     0.00     0.00        0        0               0
  SpecialPass::c                                                            0     0.00     0.00        0        0               0
  SpecialPass::b                                                            0     0.00     0.00        0        0               0
  BalancedPass::curly3                                                      0     0.00     0.00        0        0               0
  LinesPass::6                                                              0     0.00     0.00        0        0               0
  LinesPass::4                                                              0     0.01     0.00        0        0               0
  LinesPass::10                                                             0     0.01     0.00        0        0               0
  IncludeIncludesPass                                                       0     0.01     0.00        0        4               4
  LinesPass::8                                                              0     0.01     0.00        0        0               0
  LinesPass::3                                                              0     0.01     0.00        0        0               0
  TernaryPass::c                                                            0     0.01     0.00        0        0               0
  TernaryPass::b                                                            0     0.01     0.00        0        0               0
  ClangModuleMapPass                                                        0     0.01     0.00        0        0               0
  MakefilePass                                                              0     0.02     0.00        0        0               0
  IndentPass::regular                                                       0     0.02     0.00        0        1               1
  LineMarkersPass                                                           0     0.02     0.00        0        0               0
  IndentPass::final                                                         0     0.02     0.00        0        1               1
  TreeSitterPass::erase-namespace                                           0     0.02     0.00        0        0               0
  ClangIncludeGraphPass                                                     0     0.02     0.00        0        0               0
  IntsPass::b                                                               0     0.02     0.00        0        2               2
  IntsPass::d                                                               0     0.02     0.00        0        2               2
  IntsPass::c                                                               0     0.02     0.00        0        2               2
  ClangPass::replace-one-level-typedef-type                                 0     0.03     0.00        0        4               4
  ClangPass::template-non-type-arg-to-int                                   0     0.03     0.00        0        4               4
  ClangPass::remove-base-class                                              0     0.03     0.00        0        4               4
  ClangPass::simplify-comma-expr                                            0     0.03     0.00        0        4               4
  ClangPass::simplify-struct-union-decl                                     0     0.03     0.00        0        4               4
  ClangPass::simplify-struct                                                0     0.03     0.00        0        4               4
  ClangPass::lift-assignment-expr                                           0     0.03     0.00        0        4               4
  ClangPass::replace-undefined-function                                     0     0.03     0.00        0        4               4
  ClangPass::simplify-recursive-template-instantiation                      0     0.03     0.00        0        4               4
  ClangPass::remove-ctor-initializer                                        0     0.03     0.00        0        4               4
  ClangPass::replace-array-index-var                                        0     0.03     0.00        0        4               4
  ClangPass::instantiate-template-param                                     0     0.03     0.00        0        4               4
  ClangPass::remove-unresolved-base                                         0     0.03     0.00        0        4               4
  ClangPass::instantiate-template-type-param-to-int                         0     0.03     0.00        0        4               4
  ClangPass::remove-try-catch                                               0     0.03     0.00        0        4               4
  ClangPass::reduce-class-template-param                                    0     0.03     0.00        0        4               4
  ClangPass::replace-array-access-with-index                                0     0.03     0.00        0        4               4
  ClangPass::replace-simple-typedef                                         0     0.03     0.00        0        4               4
  ClangPass::merge-base-class                                               0     0.03     0.00        0        4               4
  ClangPass::simplify-dependent-typedef                                     0     0.03     0.00        0        4               4
  ClangPass::reduce-array-size                                              0     0.03     0.00        0        4               4
  ClangPass::class-to-struct                                                0     0.03     0.00        0        4               4
  ClangPass::move-definition-to-declaration                                 0     0.03     0.00        0        4               4
  ClangPass::remove-trivial-base-template                                   0     0.03     0.00        0        4               4
  ClangPass::copy-propagation                                               0     0.03     0.00        0        4               4
  ClangPass::replace-class-with-base-template-spec                          0     0.03     0.00        0        4               4
  ClangPass::simplify-nested-class                                          0     0.03     0.00        0        4               4
  ClangPass::remove-addr-taken                                              0     0.03     0.00        0        4               4
  ClangPass::reduce-pointer-pairs                                           0     0.03     0.00        0        4               4
  ClangPass::template-arg-to-int                                            0     0.03     0.00        0        4               4
  ClangPass::move-global-var                                                0     0.03     0.00        0        4               4
  ClangPass::replace-derived-class                                          0     0.03     0.00        0        4               4
  ClangPass::unify-function-decl                                            0     0.03     0.00        0        4               4
  ClangPass::simplify-if                                                    0     0.03     0.00        0        4               4
  ClangPass::vector-to-array                                                0     0.03     0.00        0        4               4
  ClangPass::remove-array                                                   0     0.03     0.00        0        4               4
  ClangPass::class-template-to-class                                        0     0.03     0.00        0        4               4
  ClangPass::reduce-array-dim                                               0     0.03     0.00        0        4               4
  ClangPass::replace-dependent-name                                         0     0.03     0.00        0        4               4
  ClangPass::remove-enum-member-value                                       0     0.03     0.00        0        4               4
  ClangPass::aggregate-to-scalar                                            0     0.03     0.00        0        4               4
  ClangPass::union-to-struct                                                0     0.03     0.00        0        4               4
  ClangPass::replace-callexpr                                               0     0.03     0.00        0        4               4
  ClangPass::remove-namespace                                               0     0.03     0.00        0        4               4
  ClangHintsPass::replace-dependent-typedef                                 0     0.04     0.00        0        0               0
  ClangPass::simple-inliner                                                 0     0.04     0.00        0        4               4
  ClangPass::remove-pointer                                                 0     0.04     0.00        0        4               4
  ClangPass::return-void                                                    0     0.05     0.00        0        4               4
  ClangPass::param-to-global                                                0     0.05     0.00        0        4               4
  ClangPass::param-to-local                                                 0     0.06     0.00        0        4               4
  ClangPass::combine-local-var                                              0     0.06     0.00        0        4               4
  ClangPass::remove-nested-function                                         0     0.07     0.00        0        4               4
  ClangPass::local-to-global                                                0     0.12     0.00        0        8               8
  ClangHintsPass::remove-unused-function (30 T)                             0     0.15     0.00        0        0               0
  ClangHintsPass::replace-function-def-with-decl (30 T)                     0     0.16     0.00        0        1               1
  ClangBinarySearchPass::remove-unused-enum-member                          0     0.18     0.00        0        0               0
  ClangPass::simplify-callexpr                                              0     0.18     0.00        0       12              12
  ClexPass::define                                                          0     0.19     0.00        0        4               4
  ClangPass::remove-unused-outer-class                                      0     0.21     0.00        0        4               4
  ClangPass::combine-global-var                                             0     0.22     0.00        0        4               4
  ClangHintsPass::remove-unused-function                                    0     0.23     0.00        0        0               0
  ClangHintsPass::replace-function-def-with-decl                            0     0.31     0.00        0        4               4
  ClexPass::delete-string                                                   0     0.40     0.00        0        4               4
  SpecialPass::a                                                            0     0.44     0.01        0        2               2
  ClangHintsPass::callexpr-to-value                                         0     0.47     0.01        0       36              36
  ClangBinarySearchPass::remove-unused-var                                  0     0.52     0.01        0        9               9
  IncludesPass                                                              0     0.55     0.01        0        4               4
  ClangPass::empty-struct-to-int                                            0     0.89     0.01        0        7               7
  TreeSitterPass::replace-function-def-with-decl                            0     0.92     0.01        0       12              12
  CommentsPass                                                              0     0.99     0.01        0       84              84
  TreeSitterPass::remove-function                                           0     1.03     0.01        0       27              27
  BalancedPass::angles-only                                                 0     1.58     0.02        0       16              16
  BalancedPass::angles                                                      0     1.60     0.02        0       16              16
  BalancedPass::angles-inside                                               0     1.63     0.02        0       16              16
  IntsPass::a                                                               0     1.88     0.02        0        8               8
  PeepPass::c                                                               0     3.66     0.04        0     4322            4322
  ClangPass::reduce-pointer-level                                           0     4.18     0.05        0       20              20
  BalancedPass::parens-inside                                               0     8.83     0.11        0      145             145
  LinesPass::0                                                              0    11.65     0.14        0       76              76
  BalancedPass::parens-only                                                 0    11.88     0.14        0      204             204
  BalancedPass::parens-to-zero                                              0    12.20     0.15        0      204             204
  BalancedPass::parens                                                      0    13.99     0.17        0      204             204
  ClangPass::member-to-global                                               0    14.95     0.18        0       69              69
  ClangPass::remove-unused-field                                            0    15.68     0.19        0       70              70
  BalancedPass::square-inside                                               0    17.82     0.22        0      106             106
  BalancedPass::curly-inside                                                0    18.18     0.22        0       36              36
  BalancedPass::square-only                                                 0    19.73     0.24        0      105             105
  BalancedPass::square                                                      0    19.83     0.24        0      105             105
  LinesPass::2                                                              0    27.27     0.33        0      111             111
  BalancedPass::curly-only                                                  0    28.67     0.35        0      145             145
  BalancedPass::curly                                                       0    39.42     0.48        0      144             144
  BalancedPass::curly2                                                      0    39.59     0.48        0      144             144
  LinesPass::1                                                              0   106.50     1.30        0      510             510
  LinesPass::None                                                           0   128.75     1.57        0      658             658
  ClexHintsPass::rm-toks-13-to-16                                           0  1044.30    12.74        0     7412            7412
  ClexHintsPass::rm-toks-9-to-12                                            0  1057.30    12.90        0     7444            7444
  ClexHintsPass::rm-toks-5-to-8                                             0  1071.74    13.08        0     7476            7476
  ClexPass::rm-tok-pattern-4                                                0  1125.84    13.74        0     7521            7521
  ClexHintsPass::rm-toks-1-to-4                                             0  1127.69    13.76        0     7508            7508
  ClexHintsPass::rm-toks-1-to-16                                            0  2159.92    26.36        0    14920           14920

Runtime: 8194 seconds
Reduced test-cases:

--- HIPProg.hip ---
#include "safe_math_macros.h"
#include <hip/hip_runtime.h>
#include "HIPSmith.h"
#define transparent_crc(X, Y, Z) transparent_crc_(&crc64_context, X, , )
struct S0 {
  signed f4;
};
struct S1 {};
struct S2 {};
struct U3 {};
struct S5 {
  S0 g_2;
  int32_t g_5;
  uint32_t g_13;
  uint32_t g_22;
  uint64_t g_26;
  U3 g_29;
  uint32_t g_35[1][3];
  uint32_t *g_34;
  uint64_t g_80;
  uint32_t g_87;
  int32_t g_96;
  uint8_t g_98;
  uint8_t g_106;
  int32_t **g_108;
  int32_t ***g_107;
  int64_t g_137;
  uint16_t g_166;
  uint8_t g_173;
  S0 g_205;
  uint64_t g_224;
  uint64_t g_237;
  int32_t g_258;
  int8_t g_260;
  uint8_t g_261;
  int32_t g_266;
  int64_t g_346;
  int8_t g_347;
  int16_t g_349;
  uint32_t g_351;
  uint32_t g_360;
  S0 g_370[10];
  S0 **g_369;
  int g_377[1][5];
  int *g_376;
  S2 g_378;
  uint16_t g_404;
  uint8_t *g_416;
  int32_t g_428;
  uint32_t g_459;
  int32_t g_462;
  int32_t g_464;
  int32_t g_465;
  int8_t g_467;
  U3 *g_607;
  U3 **g_606;
  S1 g_677;
  int16_t g_854;
  S2 *g_869;
  S2 **g_868;
  S2 ***g_867;
  uint32_t g_904;
  int64_t g_916;
  uint64_t *g_981;
  uint64_t g_980;
  int8_t *g_1067;
  int32_t g_1211;
  S1 g_1229;
  U3 g_1253;
  S2 g_1284;
  int32_t g_1369;
  int g_1408;
  S1 *g_1449;
  S1 **g_1448;
  uint16_t *g_1509[2][10][9];
  uint16_t **g_1508;
  uint32_t g_1688;
  uint8_t g_1729;
};
__device__ uint32_t func_1(S5 *p_1736) {
  p_1736->g_137 |= safe_add_func_int32_t_s_s(
      safe_rshift_func_int8_t_s_s(248, 0), 0 < p_1736->g_205.f4);
  return 0;
}
__global__ void hipsmith_kernel(uint64_t *results) {
  S5 c_1737;
  S5 *p_1736 = &c_1737;
  S2 **p_1736_49;
  S2 *p_1736_48;
  U3 *p_1736_44;
  S1 *p_1736_62;
  S0 *p_1736_31_5;
  S5 c_1738{{},
            5,
            4073709551615,
            8,
            5,
            {},
            {},
            &p_1736->g_35[0][1],
            4,
            4,
            4,
            {},
            3,
            nullptr,
            &p_1736->g_108,
            1,
            8,
            0,
            {},
            9,
            4073709551615,
            0,
            3,
            5,
            0,
            5,
            {},
            2,
            5,
            2,
            {},
            &p_1736_31_5,
            {},
            &p_1736->g_377[0][2],
            {},
            0,
            nullptr,
            0,
            1,
            7,
            {},
            {},
            1,
            &p_1736->g_29,
            &p_1736_44,
            {},
            0,
            &p_1736->g_378,
            &p_1736_48,
            &p_1736_49,
            3,
            1,
            nullptr,
            {},
            nullptr,
            {},
            {},
            {},
            {},
            0,
            {},
            nullptr,
            &p_1736_62,
            {},
            &p_1736->g_1509[1][5][3],
            8,
            {}};
  c_1737 = c_1738;
  func_1(p_1736);
  uint64_t crc64_context = 0xFFFFFFFFFFFFFFFFUL;
  transparent_crc(p_1736->g_137, , );
  int tid = threadIdx.x + blockIdx.x * blockDim.x;
  results[tid] = (crc64_context ^ 0xFFFFFFFFFFFFFFFFUL);
}
// ------------------------------------------------------------------
// Host Main
// ------------------------------------------------------------------
int main(int argc, const char* argv[]) {
    // Config
    const unsigned int num_threads = 4;
    const unsigned int block_size = 4;
    // Host Alloc
    std::vector<uint64_t> h_results(num_threads);
    const size_t results_bytes = sizeof(uint64_t) * h_results.size();
    // Device Alloc
    uint64_t *d_results;
    HIP_CHECK(hipMalloc((void**)&d_results, results_bytes));
    HIP_CHECK(hipMemset(d_results, 0, results_bytes));
    // Dimensions
    const dim3 block_dim(block_size);
    const dim3 grid_dim((num_threads + block_size - 1) / block_size);
    // Launch
    hipLaunchKernelGGL(hipsmith_kernel, grid_dim, block_dim, 0, 0, d_results);
    HIP_CHECK(hipGetLastError());
    HIP_CHECK(hipDeviceSynchronize());
    // Copy Back
    HIP_CHECK(hipMemcpy(h_results.data(), d_results, results_bytes, hipMemcpyDeviceToHost));
    // Free
    HIP_CHECK(hipFree(d_results));
    // Output
    for (size_t i = 0; i < h_results.size(); ++i)
    printf("Thread %zu CRC: %lu\n", i, h_results[i]);
    return 0;
}

