
=========================================
[!] FATAL PYTHON EXCEPTION IN REDUCTION:
Traceback (most recent call last):
  File "/homes/eb522/imperial/fyp/hipfuzz/find_and_reduce.py", line 228, in run_reduction_task
    generate_interestingness_test(abs_work_dir, good_flag, bad_flag)
  File "/homes/eb522/imperial/fyp/hipfuzz/find_and_reduce.py", line 183, in generate_interestingness_test
    with open(template_path, "r", encoding="utf-8") as f:
         ^^^^^^^^^^^^^^^^^^^^^^^^^^^^^^^^^^^^^^^^^^
FileNotFoundError: [Errno 2] No such file or directory: '/homes/eb522/imperial/fyp/hipfuzz/reductions/job_261600_1775646667206_mismatch_261600/interestingness/template_interesting.py'
=========================================

=========================================
[!] FATAL PYTHON EXCEPTION IN REDUCTION:
Traceback (most recent call last):
  File "/homes/eb522/imperial/fyp/hipfuzz/find_and_reduce.py", line 237, in run_reduction_task
    generate_interestingness_test(abs_work_dir, good_flag, bad_flag)
  File "/homes/eb522/imperial/fyp/hipfuzz/find_and_reduce.py", line 183, in generate_interestingness_test
    content = template_content.format(
              ^^^^^^^^^^^^^^^^^^^^^^^^
KeyError: '\n    "asan"'
=========================================

=========================================
[!] FATAL PYTHON EXCEPTION IN REDUCTION:
Traceback (most recent call last):
  File "/homes/eb522/imperial/fyp/hipfuzz/find_and_reduce.py", line 237, in run_reduction_task
    generate_interestingness_test(abs_work_dir, good_flag, bad_flag)
  File "/homes/eb522/imperial/fyp/hipfuzz/find_and_reduce.py", line 183, in generate_interestingness_test
    content = template_content.format(
              ^^^^^^^^^^^^^^^^^^^^^^^^
KeyError: 'bin_path'
=========================================
00:00:00 ERROR Prereqs not found for pass UnIfDefPass
00:00:00 ERROR Prereqs not found for pass IfPass
00:00:00 ERROR Prereqs not found for pass UnIfDefPass
00:00:11 INFO ===< 194324 >===
00:00:11 INFO running 4 interestingness tests in parallel
00:00:11 INFO (0.0%, 108737 bytes, 1277 lines)
00:00:11 INFO INITIAL PASSES (interleaving)
00:00:11 INFO ===<  >===
00:05:59 INFO (71.5%, 30997 bytes, 596 lines, via TreeSitterPass::remove-function + LinesPass::1 + BalancedPass::curly-inside + LinesPass::6 + CommentsPass + BalancedPass::curly3 + LinesPass::0 + LinesPass::3 + BlankPass)
00:10:42 INFO (76.1%, 25974 bytes, 560 lines, via BalancedPass::curly-inside + LinesPass::1 + LinesPass::4 + BalancedPass::curly3 + LinesPass::2 + LinesPass::0 + BlankPass + CommentsPass)
00:17:09 INFO (86.2%, 15008 bytes, 387 lines, via LinesPass::2 + LinesPass::4 + BalancedPass::curly2 + LinesPass::0 + BalancedPass::parens-to-zero + BalancedPass::curly-inside + BlankPass + ClexHintsPass::rm-toks-1-to-4)
00:24:18 INFO (90.9%, 9875 bytes, 277 lines, via TreeSitterPass::remove-function + LinesPass::None + LinesPass::0 + BalancedPass::curly + BalancedPass::parens-to-zero + LinesPass::3 + LinesPass::2 + BalancedPass::curly-inside + LinesPass::4 + BalancedPass::curly-only + BalancedPass::curly3)
00:29:01 INFO (92.4%, 8292 bytes, 255 lines, via LinesPass::None + LinesPass::1 + LinesPass::4 + BalancedPass::parens-to-zero + BlankPass + LinesPass::3 + BalancedPass::square + BalancedPass::parens-only)
00:34:44 INFO (93.1%, 7541 bytes, 247 lines, via BalancedPass::parens-to-zero + LinesPass::1 + BalancedPass::parens-only + BalancedPass::square + BalancedPass::curly3 + ClexHintsPass::rm-toks-1-to-4)
00:39:34 INFO (93.9%, 6621 bytes, 229 lines, via LinesPass::1 + LinesPass::3 + LinesPass::2 + BalancedPass::parens-to-zero + BalancedPass::parens-only + ClexHintsPass::rm-toks-1-to-4)
00:43:22 INFO (94.3%, 6161 bytes, 215 lines, via LinesPass::None + BalancedPass::parens-only + BalancedPass::parens-to-zero + BalancedPass::curly-only)
00:47:47 INFO (94.8%, 5680 bytes, 202 lines, via LinesPass::1 + LinesPass::4 + LinesPass::3 + ClexHintsPass::rm-toks-1-to-4)
00:51:48 INFO (94.9%, 5516 bytes, 198 lines, via LinesPass::None + ClexHintsPass::rm-toks-1-to-4 + BalancedPass::square)
00:54:31 INFO (95.0%, 5410 bytes, 198 lines, via ClexHintsPass::rm-toks-1-to-4)
00:57:25 INFO (95.1%, 5346 bytes, 197 lines, via LinesPass::0 + ClexHintsPass::rm-toks-1-to-4 + ClexHintsPass::rm-toks-5-to-8)
00:59:55 INFO (95.1%, 5305 bytes, 195 lines, via LinesPass::1 + ClexHintsPass::rm-toks-1-to-4)
01:02:10 INFO (95.1%, 5304 bytes, 195 lines, via ClexHintsPass::rm-toks-1-to-4)
01:04:35 INFO (95.1%, 5300 bytes, 191 lines, via BalancedPass::curly-only)
01:06:05 INFO (95.1%, 5293 bytes, 190 lines, via ClexHintsPass::rm-toks-1-to-4)
01:07:45 INFO (95.2%, 5202 bytes, 190 lines, via BlankPass + ClexHintsPass::rm-toks-1-to-4)
01:16:48 INFO (95.2%, 5189 bytes, 190 lines, via ClexHintsPass::rm-toks-1-to-4)
01:19:54 INFO (95.3%, 5145 bytes, 190 lines, via ClexHintsPass::rm-toks-1-to-4)
01:22:23 INFO (95.3%, 5109 bytes, 189 lines, via LinesPass::1 + ClexHintsPass::rm-toks-1-to-4)
01:25:14 INFO (95.3%, 5063 bytes, 188 lines, via LinesPass::2)
01:26:53 INFO (95.4%, 5012 bytes, 187 lines, via LinesPass::None)
01:29:08 INFO (95.4%, 5010 bytes, 185 lines, via BalancedPass::curly-only)
01:30:28 INFO (95.4%, 4989 bytes, 184 lines, via LinesPass::1)
01:32:12 INFO (95.4%, 4971 bytes, 184 lines, via BlankPass)
01:45:32 INFO (95.4%, 4957 bytes, 184 lines, via ClexHintsPass::rm-toks-1-to-4)
02:08:08 INFO INITIAL PASSES
02:08:08 ERROR Skipping pass UnIfDefPass
02:08:08 ERROR Skipping pass IfPass
02:08:08 INFO ===< BalancedPass::angles, BalancedPass::angles-inside, BalancedPass::angles-only, BalancedPass::curly, BalancedPass::curly-inside, BalancedPass::curly-only, BalancedPass::curly2, BalancedPass::curly3, BalancedPass::parens, BalancedPass::parens-inside, BalancedPass::parens-only, BalancedPass::parens-to-zero, BalancedPass::square, BalancedPass::square-inside, BalancedPass::square-only, BlankPass, ClangHintsPass::callexpr-to-value, ClangHintsPass::remove-unused-function, ClangHintsPass::replace-dependent-typedef, ClangHintsPass::replace-function-def-with-decl, ClangIncludeGraphPass, ClangModuleMapPass, ClexHintsPass::rm-toks-1-to-4, ClexHintsPass::rm-toks-13-to-16, ClexHintsPass::rm-toks-5-to-8, ClexHintsPass::rm-toks-9-to-12, CommentsPass, InlineIncludesPass, LineMarkersPass, LinesPass::0, LinesPass::1, LinesPass::10, LinesPass::2, LinesPass::3, LinesPass::4, LinesPass::6, LinesPass::8, LinesPass::None, MakefilePass, RmUnusedFilesPass, TreeSitterPass::erase-namespace, TreeSitterPass::remove-function, TreeSitterPass::replace-function-def-with-decl >===
02:08:09 INFO ===< IncludesPass >===
02:08:10 INFO ===< CommentsPass >===
02:08:10 INFO ===< LineMarkersPass >===
02:08:11 INFO ===< BlankPass >===
02:08:11 INFO ===< ClangHintsPass::replace-function-def-with-decl (30 T) >===
02:08:12 INFO ===< ClangHintsPass::remove-unused-function (30 T) >===
02:08:12 INFO cache hit for HIPProg.hip
02:08:12 INFO ===< ClangHintsPass::replace-function-def-with-decl (30 T) >===
02:08:12 INFO cache hit for HIPProg.hip
02:08:12 INFO ===< ClangHintsPass::remove-unused-function (30 T) >===
02:08:12 INFO ===< ClangHintsPass::replace-function-def-with-decl >===
02:08:13 INFO ===< ClangHintsPass::remove-unused-function >===
02:08:16 INFO ===< LinesPass::0 >===
02:09:05 INFO ===< LinesPass::1 >===
02:09:07 INFO ===< LinesPass::2 >===
02:09:07 INFO ===< LinesPass::3 >===
02:09:07 INFO ===< LinesPass::4 >===
02:09:07 INFO ===< LinesPass::6 >===
02:09:07 INFO ===< LinesPass::8 >===
02:09:07 INFO ===< LinesPass::10 >===
02:09:07 INFO cache hit for HIPProg.hip
02:09:07 INFO ===< ClangHintsPass::replace-function-def-with-decl >===
02:09:07 INFO cache hit for HIPProg.hip
02:09:07 INFO ===< ClangHintsPass::remove-unused-function >===
02:09:07 INFO cache hit for HIPProg.hip
02:09:07 INFO ===< ClangHintsPass::remove-unused-function >===
02:09:20 INFO ===< BalancedPass::curly >===
02:09:33 INFO ===< BalancedPass::curly2 >===
02:09:33 INFO ===< BalancedPass::curly3 >===
02:09:48 INFO ===< BalancedPass::parens-to-zero >===
02:09:50 INFO ===< ClangHintsPass::callexpr-to-value >===
02:09:50 INFO ===< ClangPass::replace-callexpr >===
02:09:51 INFO ===< ClangPass::simplify-callexpr >===
02:09:50 INFO using C++ standard: c++2b with 0 transformation opportunities
02:09:51 INFO ===< ClangBinarySearchPass::remove-unused-enum-member >===
02:09:51 INFO ===< ClangPass::remove-enum-member-value >===
02:09:51 INFO using C++ standard: c++2b with 5 transformation opportunities
02:09:52 INFO ===< ClangBinarySearchPass::remove-unused-var >===
02:09:53 INFO ===< SpecialPass::a >===
02:09:53 INFO ===< SpecialPass::b >===
02:09:53 INFO INTERLEAVING PASSES
02:09:53 INFO ===< SpecialPass::c >===
02:11:44 INFO (95.4%, 4949 bytes, 184 lines, via BalancedPass::parens-only)
02:13:23 INFO (95.5%, 4947 bytes, 184 lines, via BalancedPass::parens-only)
02:26:11 INFO (95.5%, 4946 bytes, 184 lines, via ClexHintsPass::rm-toks-1-to-4)
02:31:44 INFO (95.5%, 4944 bytes, 184 lines, via ClexHintsPass::rm-toks-1-to-4)
02:41:31 INFO (95.5%, 4941 bytes, 184 lines, via ClexHintsPass::rm-toks-1-to-4)
03:11:35 INFO Termination check: size was 4957; now 4941
03:11:35 INFO ===< BalancedPass::angles, BalancedPass::angles-inside, BalancedPass::angles-only, BalancedPass::curly, BalancedPass::curly-inside, BalancedPass::curly-only, BalancedPass::curly2, BalancedPass::curly3, BalancedPass::parens, BalancedPass::parens-inside, BalancedPass::parens-only, BalancedPass::parens-to-zero, BalancedPass::square, BalancedPass::square-inside, BalancedPass::square-only, BlankPass, ClangHintsPass::callexpr-to-value, ClangHintsPass::remove-unused-function, ClangHintsPass::replace-dependent-typedef, ClangHintsPass::replace-function-def-with-decl, ClangIncludeGraphPass, ClangModuleMapPass, ClexHintsPass::rm-toks-1-to-4, ClexHintsPass::rm-toks-13-to-16, ClexHintsPass::rm-toks-5-to-8, ClexHintsPass::rm-toks-9-to-12, CommentsPass, InlineIncludesPass, LineMarkersPass, LinesPass::0, LinesPass::1, LinesPass::10, LinesPass::2, LinesPass::3, LinesPass::4, LinesPass::6, LinesPass::8, LinesPass::None, MakefilePass, RmUnusedFilesPass, TreeSitterPass::erase-namespace, TreeSitterPass::remove-function, TreeSitterPass::replace-function-def-with-decl >===
04:00:57 INFO Termination check: size was 4941; now 4941
04:00:57 INFO MAIN PASSES
04:00:57 ERROR Skipping pass UnIfDefPass
04:00:57 INFO ===< BalancedPass::angles, BalancedPass::angles-inside, BalancedPass::angles-only, BalancedPass::curly, BalancedPass::curly-inside, BalancedPass::curly-only, BalancedPass::curly2, BalancedPass::curly3, BalancedPass::parens, BalancedPass::parens-inside, BalancedPass::parens-only, BalancedPass::parens-to-zero, BalancedPass::square, BalancedPass::square-inside, BalancedPass::square-only, BlankPass, ClangHintsPass::callexpr-to-value, ClangHintsPass::remove-unused-function, ClangHintsPass::replace-dependent-typedef, ClangHintsPass::replace-function-def-with-decl, ClangIncludeGraphPass, ClangModuleMapPass, ClexHintsPass::rm-toks-1-to-4, ClexHintsPass::rm-toks-13-to-16, ClexHintsPass::rm-toks-5-to-8, ClexHintsPass::rm-toks-9-to-12, CommentsPass, InlineIncludesPass, LineMarkersPass, LinesPass::0, LinesPass::1, LinesPass::10, LinesPass::2, LinesPass::3, LinesPass::4, LinesPass::6, LinesPass::8, LinesPass::None, MakefilePass, RmUnusedFilesPass, TreeSitterPass::erase-namespace, TreeSitterPass::remove-function, TreeSitterPass::replace-function-def-with-decl >===
04:00:57 INFO ===< IncludeIncludesPass >===
04:00:57 INFO ===< TernaryPass::b >===
04:00:57 INFO ===< TernaryPass::c >===
04:01:09 INFO ===< BalancedPass::curly >===
04:01:21 INFO ===< BalancedPass::curly2 >===
04:01:21 INFO ===< BalancedPass::curly3 >===
04:01:28 INFO ===< BalancedPass::parens >===
04:01:28 INFO ===< BalancedPass::angles >===
04:01:38 INFO ===< BalancedPass::square >===
04:01:50 INFO ===< BalancedPass::curly-inside >===
04:01:53 INFO ===< BalancedPass::parens-inside >===
04:01:53 INFO ===< BalancedPass::angles-inside >===
04:02:03 INFO ===< BalancedPass::square-inside >===
04:02:05 INFO ===< BalancedPass::curly-only >===
04:02:05 INFO ===< BalancedPass::angles-only >===
04:02:16 INFO ===< BalancedPass::square-only >===
04:02:16 INFO ===< ClangPass::remove-namespace >===
04:02:16 INFO ===< ClangPass::aggregate-to-scalar >===
04:02:16 INFO ===< ClangPass::param-to-global >===
04:02:17 INFO ===< ClangPass::param-to-local >===
04:02:17 INFO ===< ClangPass::remove-nested-function >===
04:02:17 INFO ===< ClangPass::union-to-struct >===
04:02:18 INFO ===< ClangPass::return-void >===
04:02:18 INFO ===< ClangPass::simple-inliner >===
04:02:24 INFO ===< ClangPass::reduce-pointer-level >===
04:02:24 INFO ===< ClangPass::lift-assignment-expr >===
04:02:24 INFO ===< ClangPass::copy-propagation >===
04:02:25 INFO ===< ClangHintsPass::callexpr-to-value >===
04:02:25 INFO ===< ClangPass::replace-callexpr >===
04:02:26 INFO ===< ClangPass::simplify-callexpr >===
04:02:26 INFO ===< ClangHintsPass::remove-unused-function >===
04:02:26 INFO using C++ standard: c++2b with 0 transformation opportunities
04:02:26 INFO ===< ClangBinarySearchPass::remove-unused-enum-member >===
04:02:26 INFO ===< ClangPass::remove-enum-member-value >===
04:02:26 INFO using C++ standard: c++2b with 5 transformation opportunities
04:02:27 INFO ===< ClangBinarySearchPass::remove-unused-var >===
04:02:27 INFO ===< ClangPass::simplify-if >===
04:02:27 INFO ===< ClangPass::reduce-array-dim >===
04:02:27 INFO ===< ClangPass::reduce-array-size >===
04:02:27 INFO ===< ClangPass::move-definition-to-declaration >===
04:02:27 INFO ===< ClangPass::simplify-comma-expr >===
04:02:27 INFO ===< ClangPass::simplify-dependent-typedef >===
04:02:28 INFO ===< ClangPass::replace-simple-typedef >===
04:02:28 INFO ===< ClangHintsPass::replace-dependent-typedef >===
04:02:28 INFO ===< ClangPass::replace-one-level-typedef-type >===
04:02:42 INFO (95.5%, 4917 bytes, 182 lines)
04:02:57 INFO (95.5%, 4880 bytes, 180 lines)
04:03:10 INFO (95.5%, 4856 bytes, 178 lines)
04:03:26 INFO (95.6%, 4821 bytes, 176 lines)
04:03:39 INFO (95.6%, 4793 bytes, 174 lines)
04:03:53 INFO (95.6%, 4747 bytes, 172 lines)
04:04:10 INFO (95.7%, 4711 bytes, 170 lines)
04:04:25 INFO (95.7%, 4683 bytes, 168 lines)
04:04:37 INFO (95.7%, 4657 bytes, 166 lines)
04:04:49 INFO (95.8%, 4617 bytes, 164 lines)
04:05:03 INFO (95.8%, 4590 bytes, 163 lines)
04:05:19 INFO (95.8%, 4550 bytes, 161 lines)
04:05:25 INFO ===< ClangPass::remove-unused-field >===
04:05:25 INFO ===< ClangPass::instantiate-template-type-param-to-int >===
04:05:25 INFO ===< ClangPass::instantiate-template-param >===
04:05:25 INFO ===< ClangPass::template-arg-to-int >===
04:05:25 INFO ===< ClangPass::template-non-type-arg-to-int >===
04:05:25 INFO ===< ClangPass::reduce-class-template-param >===
04:05:25 INFO ===< ClangPass::remove-trivial-base-template >===
04:05:25 INFO ===< ClangPass::class-template-to-class >===
04:05:25 INFO ===< ClangPass::merge-base-class >===
04:05:25 INFO ===< ClangPass::remove-base-class >===
04:05:25 INFO ===< ClangPass::replace-derived-class >===
04:05:25 INFO ===< ClangPass::remove-unresolved-base >===
04:05:25 INFO ===< ClangPass::remove-ctor-initializer >===
04:05:26 INFO ===< ClangPass::replace-class-with-base-template-spec >===
04:05:26 INFO ===< ClangPass::simplify-nested-class >===
04:05:26 INFO ===< ClangPass::remove-unused-outer-class >===
04:05:26 INFO ===< ClangPass::empty-struct-to-int >===
04:05:26 INFO ===< ClangPass::remove-pointer >===
04:05:26 INFO ===< ClangPass::reduce-pointer-pairs >===
04:05:26 INFO ===< ClangPass::remove-array >===
04:05:26 INFO ===< ClangPass::remove-addr-taken >===
04:05:26 INFO ===< ClangPass::simplify-struct >===
04:05:26 INFO ===< ClangPass::replace-undefined-function >===
04:05:26 INFO ===< ClangPass::replace-array-index-var >===
04:05:26 INFO ===< ClangPass::replace-array-access-with-index >===
04:05:26 INFO ===< ClangPass::replace-dependent-name >===
04:05:26 INFO ===< ClangPass::simplify-recursive-template-instantiation >===
04:05:27 INFO ===< ClangPass::vector-to-array >===
04:05:27 INFO ===< ClangPass::remove-try-catch >===
04:05:27 INFO ===< ClangPass::class-to-struct >===
04:05:41 INFO ===< ClangPass::member-to-global >===
04:05:42 INFO ===< LinesPass::0 >===
04:06:23 INFO ===< LinesPass::1 >===
04:06:23 INFO ===< LinesPass::2 >===
04:06:23 INFO ===< LinesPass::3 >===
04:06:23 INFO ===< LinesPass::4 >===
04:06:23 INFO ===< LinesPass::6 >===
04:06:23 INFO ===< LinesPass::8 >===
04:06:23 INFO ===< LinesPass::10 >===
04:06:24 INFO ===< CommentsPass >===
04:06:24 INFO ===< SpecialPass::b >===
04:06:24 INFO ===< SpecialPass::c >===
04:06:24 INFO ===< IndentPass::regular >===
04:06:27 INFO ===< BalancedPass::parens-to-zero >===
04:47:31 INFO ===< ClexHintsPass::rm-toks-1-to-16 >===
05:07:24 INFO ===< ClexPass::rm-tok-pattern-4 >===
05:07:25 INFO ===< ClangPass::local-to-global >===
05:07:30 INFO ===< PeepPass::c >===
05:07:44 INFO (95.8%, 4549 bytes, 161 lines)
05:07:56 INFO (95.8%, 4548 bytes, 161 lines)
05:08:08 INFO (95.8%, 4547 bytes, 161 lines)
05:08:21 INFO (95.8%, 4546 bytes, 161 lines)
05:08:33 INFO (95.8%, 4545 bytes, 161 lines)
05:08:46 INFO (95.8%, 4544 bytes, 161 lines)
05:08:58 INFO (95.8%, 4543 bytes, 161 lines)
05:09:11 INFO (95.8%, 4542 bytes, 161 lines)
05:09:23 INFO (95.8%, 4541 bytes, 161 lines)
05:09:36 INFO (95.8%, 4540 bytes, 161 lines)
05:09:48 INFO (95.8%, 4539 bytes, 161 lines)
05:10:01 INFO (95.8%, 4538 bytes, 161 lines)
05:10:13 INFO (95.8%, 4537 bytes, 161 lines)
05:10:25 INFO (95.8%, 4536 bytes, 161 lines)
05:10:37 INFO (95.8%, 4535 bytes, 161 lines)
05:10:50 INFO (95.8%, 4534 bytes, 161 lines)
05:11:03 INFO (95.8%, 4533 bytes, 161 lines)
05:11:15 INFO (95.8%, 4532 bytes, 161 lines)
05:11:33 INFO (95.8%, 4531 bytes, 161 lines)
05:11:46 INFO (95.8%, 4530 bytes, 161 lines)
05:11:58 INFO (95.8%, 4529 bytes, 161 lines)
05:12:11 INFO (95.8%, 4528 bytes, 161 lines)
05:12:23 INFO (95.8%, 4527 bytes, 161 lines)
05:12:35 INFO (95.8%, 4526 bytes, 161 lines)
05:12:47 INFO (95.8%, 4525 bytes, 161 lines)
05:13:00 INFO (95.8%, 4524 bytes, 161 lines)
05:13:13 INFO (95.8%, 4523 bytes, 161 lines)
05:13:26 INFO (95.8%, 4522 bytes, 161 lines)
05:13:37 INFO (95.8%, 4521 bytes, 161 lines)
05:13:50 INFO (95.8%, 4520 bytes, 161 lines)
05:14:03 INFO (95.8%, 4519 bytes, 161 lines)
05:14:15 INFO (95.8%, 4518 bytes, 161 lines)
05:14:28 INFO (95.8%, 4517 bytes, 161 lines)
05:14:41 INFO (95.8%, 4516 bytes, 161 lines)
05:14:53 INFO (95.8%, 4515 bytes, 161 lines)
05:15:06 INFO (95.8%, 4514 bytes, 161 lines)
05:15:18 INFO (95.8%, 4513 bytes, 161 lines)
05:15:31 INFO (95.9%, 4512 bytes, 161 lines)
05:15:44 INFO (95.9%, 4511 bytes, 161 lines)
05:15:59 INFO (95.9%, 4510 bytes, 161 lines)
05:16:13 INFO (95.9%, 4509 bytes, 161 lines)
05:16:25 INFO (95.9%, 4508 bytes, 161 lines)
05:16:37 INFO (95.9%, 4507 bytes, 161 lines)
05:16:50 INFO (95.9%, 4506 bytes, 161 lines)
05:17:02 INFO (95.9%, 4505 bytes, 161 lines)
05:17:14 INFO (95.9%, 4504 bytes, 161 lines)
05:17:26 INFO (95.9%, 4503 bytes, 161 lines)
05:17:39 INFO (95.9%, 4502 bytes, 161 lines)
05:17:51 INFO (95.9%, 4501 bytes, 161 lines)
05:18:03 INFO (95.9%, 4500 bytes, 161 lines)
05:18:16 INFO (95.9%, 4499 bytes, 161 lines)
05:18:28 INFO (95.9%, 4498 bytes, 161 lines)
05:18:40 INFO (95.9%, 4497 bytes, 161 lines)
05:18:52 INFO (95.9%, 4496 bytes, 161 lines)
05:19:05 INFO (95.9%, 4495 bytes, 161 lines)
05:19:17 INFO (95.9%, 4494 bytes, 161 lines)
05:19:29 INFO (95.9%, 4493 bytes, 161 lines)
05:19:43 INFO (95.9%, 4492 bytes, 161 lines)
05:19:55 INFO (95.9%, 4491 bytes, 161 lines)
05:20:07 INFO (95.9%, 4490 bytes, 161 lines)
05:20:19 INFO (95.9%, 4489 bytes, 161 lines)
05:20:34 INFO (95.9%, 4488 bytes, 161 lines)
05:20:46 INFO (95.9%, 4487 bytes, 161 lines)
05:20:59 INFO (95.9%, 4486 bytes, 161 lines)
05:21:11 INFO (95.9%, 4485 bytes, 161 lines)
05:21:24 INFO (95.9%, 4484 bytes, 161 lines)
05:21:36 INFO (95.9%, 4483 bytes, 161 lines)
05:21:48 INFO (95.9%, 4482 bytes, 161 lines)
05:22:00 INFO (95.9%, 4481 bytes, 161 lines)
05:22:13 INFO (95.9%, 4480 bytes, 161 lines)
05:22:25 INFO (95.9%, 4479 bytes, 161 lines)
05:22:37 INFO (95.9%, 4478 bytes, 161 lines)
05:22:50 INFO (95.9%, 4477 bytes, 161 lines)
05:23:02 INFO (95.9%, 4476 bytes, 161 lines)
05:23:14 INFO (95.9%, 4475 bytes, 161 lines)
05:23:27 INFO (95.9%, 4474 bytes, 161 lines)
05:23:40 INFO (95.9%, 4473 bytes, 161 lines)
05:23:52 INFO (95.9%, 4472 bytes, 161 lines)
05:24:05 INFO (95.9%, 4471 bytes, 161 lines)
05:24:18 INFO (95.9%, 4470 bytes, 161 lines)
05:24:30 INFO (95.9%, 4469 bytes, 161 lines)
05:24:43 INFO (95.9%, 4468 bytes, 161 lines)
05:24:59 INFO (95.9%, 4467 bytes, 161 lines)
05:25:11 INFO (95.9%, 4466 bytes, 161 lines)
05:25:24 INFO (95.9%, 4465 bytes, 161 lines)
05:25:36 INFO (95.9%, 4464 bytes, 161 lines)
05:25:48 INFO (95.9%, 4463 bytes, 161 lines)
05:26:00 INFO (95.9%, 4462 bytes, 161 lines)
05:26:12 INFO (95.9%, 4461 bytes, 161 lines)
05:26:25 INFO (95.9%, 4460 bytes, 161 lines)
05:26:38 INFO (95.9%, 4459 bytes, 161 lines)
05:26:52 INFO (95.9%, 4458 bytes, 161 lines)
05:27:04 INFO (95.9%, 4457 bytes, 161 lines)
05:27:16 INFO (95.9%, 4456 bytes, 161 lines)
05:27:28 INFO (95.9%, 4455 bytes, 161 lines)
05:27:41 INFO (95.9%, 4454 bytes, 161 lines)
05:27:53 INFO (95.9%, 4453 bytes, 161 lines)
05:28:05 INFO (95.9%, 4452 bytes, 161 lines)
05:28:18 INFO (95.9%, 4451 bytes, 161 lines)
05:28:30 INFO (95.9%, 4450 bytes, 161 lines)
05:28:45 INFO (95.9%, 4449 bytes, 161 lines)
05:28:58 INFO (95.9%, 4448 bytes, 161 lines)
05:29:11 INFO (95.9%, 4447 bytes, 161 lines)
05:29:24 INFO (95.9%, 4446 bytes, 161 lines)
05:29:37 INFO (95.9%, 4445 bytes, 161 lines)
05:29:50 INFO (95.9%, 4444 bytes, 161 lines)
05:30:02 INFO (95.9%, 4443 bytes, 161 lines)
05:30:14 INFO (95.9%, 4442 bytes, 161 lines)
05:30:26 INFO (95.9%, 4441 bytes, 161 lines)
05:30:39 INFO (95.9%, 4440 bytes, 161 lines)
05:30:52 INFO (95.9%, 4439 bytes, 161 lines)
05:31:05 INFO (95.9%, 4438 bytes, 161 lines)
05:31:17 INFO (95.9%, 4437 bytes, 161 lines)
05:31:29 INFO (95.9%, 4436 bytes, 161 lines)
05:31:41 INFO (95.9%, 4435 bytes, 161 lines)
05:31:53 INFO (95.9%, 4434 bytes, 161 lines)
05:32:05 INFO (95.9%, 4433 bytes, 161 lines)
05:32:17 INFO (95.9%, 4432 bytes, 161 lines)
05:32:30 INFO (95.9%, 4431 bytes, 161 lines)
05:32:43 INFO (95.9%, 4430 bytes, 161 lines)
05:32:55 INFO (95.9%, 4429 bytes, 161 lines)
05:33:07 INFO (95.9%, 4428 bytes, 161 lines)
05:33:19 INFO (95.9%, 4427 bytes, 161 lines)
05:33:31 INFO (95.9%, 4426 bytes, 161 lines)
05:33:47 INFO (95.9%, 4425 bytes, 161 lines)
05:33:59 INFO (95.9%, 4424 bytes, 161 lines)
05:34:12 INFO (95.9%, 4423 bytes, 161 lines)
05:34:24 INFO (95.9%, 4422 bytes, 161 lines)
05:34:36 INFO (95.9%, 4421 bytes, 161 lines)
05:34:48 INFO (95.9%, 4420 bytes, 161 lines)
05:35:01 INFO (95.9%, 4419 bytes, 161 lines)
05:35:13 INFO (95.9%, 4418 bytes, 161 lines)
05:35:25 INFO (95.9%, 4417 bytes, 161 lines)
05:35:37 INFO (95.9%, 4416 bytes, 161 lines)
05:35:49 INFO (95.9%, 4415 bytes, 161 lines)
05:36:02 INFO (95.9%, 4414 bytes, 161 lines)
05:36:14 INFO (95.9%, 4413 bytes, 161 lines)
05:36:26 INFO (95.9%, 4412 bytes, 161 lines)
05:36:38 INFO (95.9%, 4411 bytes, 161 lines)
05:36:50 INFO (95.9%, 4410 bytes, 161 lines)
05:37:02 INFO (95.9%, 4409 bytes, 161 lines)
05:37:14 INFO (95.9%, 4408 bytes, 161 lines)
05:37:27 INFO (95.9%, 4407 bytes, 161 lines)
05:37:39 INFO (95.9%, 4406 bytes, 161 lines)
05:37:51 INFO (95.9%, 4405 bytes, 161 lines)
05:38:04 INFO (95.9%, 4404 bytes, 161 lines)
05:38:16 INFO (96.0%, 4403 bytes, 161 lines)
05:38:28 INFO (96.0%, 4402 bytes, 161 lines)
05:38:41 INFO (96.0%, 4401 bytes, 161 lines)
05:38:53 INFO (96.0%, 4400 bytes, 161 lines)
05:39:05 INFO (96.0%, 4399 bytes, 161 lines)
05:39:17 INFO (96.0%, 4398 bytes, 161 lines)
05:39:28 INFO (96.0%, 4397 bytes, 161 lines)
05:39:39 INFO (96.0%, 4396 bytes, 161 lines)
05:39:50 INFO (96.0%, 4395 bytes, 161 lines)
05:40:00 INFO (96.0%, 4394 bytes, 161 lines)
05:40:11 INFO (96.0%, 4393 bytes, 161 lines)
05:40:22 INFO (96.0%, 4392 bytes, 161 lines)
05:40:33 INFO (96.0%, 4391 bytes, 161 lines)
05:40:43 INFO (96.0%, 4390 bytes, 161 lines)
05:40:50 INFO (96.0%, 4389 bytes, 161 lines)
05:40:56 INFO (96.0%, 4388 bytes, 161 lines)
05:41:02 INFO (96.0%, 4387 bytes, 161 lines)
05:41:02 INFO ===< IntsPass::a >===
05:41:15 INFO (96.0%, 4385 bytes, 161 lines)
05:41:29 INFO (96.0%, 4383 bytes, 161 lines)
05:41:42 INFO (96.0%, 4381 bytes, 161 lines)
05:41:55 INFO (96.0%, 4379 bytes, 161 lines)
05:42:07 INFO (96.0%, 4377 bytes, 161 lines)
05:42:20 INFO (96.0%, 4375 bytes, 161 lines)
05:42:35 INFO (96.0%, 4373 bytes, 161 lines)
05:42:47 INFO (96.0%, 4371 bytes, 161 lines)
05:43:02 INFO (96.0%, 4369 bytes, 161 lines)
05:43:14 INFO (96.0%, 4367 bytes, 161 lines)
05:43:26 INFO (96.0%, 4365 bytes, 161 lines)
05:43:41 INFO (96.0%, 4363 bytes, 161 lines)
05:43:55 INFO (96.0%, 4361 bytes, 161 lines)
05:44:09 INFO (96.0%, 4359 bytes, 161 lines)
05:44:22 INFO (96.0%, 4357 bytes, 161 lines)
05:44:34 INFO (96.0%, 4355 bytes, 161 lines)
05:44:43 INFO (96.0%, 4353 bytes, 161 lines)
05:44:46 INFO ===< IntsPass::b >===
05:44:58 INFO (96.0%, 4352 bytes, 161 lines)
05:45:10 INFO (96.0%, 4351 bytes, 161 lines)
05:45:22 INFO (96.0%, 4350 bytes, 161 lines)
05:45:34 INFO (96.0%, 4349 bytes, 161 lines)
05:45:46 INFO (96.0%, 4347 bytes, 161 lines)
05:45:58 INFO (96.0%, 4346 bytes, 161 lines)
05:46:10 INFO (96.0%, 4345 bytes, 161 lines)
05:46:22 INFO (96.0%, 4343 bytes, 161 lines)
05:46:34 INFO (96.0%, 4341 bytes, 161 lines)
05:46:46 INFO (96.0%, 4339 bytes, 161 lines)
05:46:58 INFO (96.0%, 4337 bytes, 161 lines)
05:47:11 INFO (96.0%, 4335 bytes, 161 lines)
05:47:23 INFO (96.0%, 4333 bytes, 161 lines)
05:47:35 INFO (96.0%, 4331 bytes, 161 lines)
05:47:47 INFO (96.0%, 4330 bytes, 161 lines)
05:48:00 INFO (96.0%, 4328 bytes, 161 lines)
05:48:12 INFO (96.0%, 4327 bytes, 161 lines)
05:48:24 INFO (96.0%, 4326 bytes, 161 lines)
05:48:38 INFO (96.0%, 4325 bytes, 161 lines)
05:48:50 INFO (96.0%, 4324 bytes, 161 lines)
05:49:03 INFO (96.0%, 4323 bytes, 161 lines)
05:49:16 INFO (96.0%, 4322 bytes, 161 lines)
05:49:29 INFO (96.0%, 4321 bytes, 161 lines)
05:49:41 INFO (96.0%, 4320 bytes, 161 lines)
05:49:54 INFO (96.0%, 4318 bytes, 161 lines)
05:50:06 INFO (96.0%, 4317 bytes, 161 lines)
05:50:18 INFO (96.0%, 4315 bytes, 161 lines)
05:50:30 INFO (96.0%, 4314 bytes, 161 lines)
05:50:43 INFO (96.0%, 4313 bytes, 161 lines)
05:50:56 INFO (96.0%, 4312 bytes, 161 lines)
05:51:08 INFO (96.0%, 4311 bytes, 161 lines)
05:51:20 INFO (96.0%, 4309 bytes, 161 lines)
05:51:33 INFO (96.0%, 4308 bytes, 161 lines)
05:51:45 INFO (96.0%, 4307 bytes, 161 lines)
05:51:57 INFO (96.0%, 4306 bytes, 161 lines)
05:52:10 INFO (96.0%, 4305 bytes, 161 lines)
05:52:23 INFO (96.0%, 4303 bytes, 161 lines)
05:52:35 INFO (96.0%, 4302 bytes, 161 lines)
05:52:48 INFO (96.0%, 4300 bytes, 161 lines)
05:53:00 INFO (96.0%, 4299 bytes, 161 lines)
05:53:12 INFO (96.0%, 4298 bytes, 161 lines)
05:53:24 INFO (96.0%, 4297 bytes, 161 lines)
05:53:37 INFO (96.0%, 4296 bytes, 161 lines)
05:53:49 INFO (96.1%, 4295 bytes, 161 lines)
05:54:03 INFO (96.1%, 4294 bytes, 161 lines)
05:54:15 INFO (96.1%, 4293 bytes, 161 lines)
05:54:28 INFO (96.1%, 4292 bytes, 161 lines)
05:54:41 INFO (96.1%, 4291 bytes, 161 lines)
05:54:53 INFO (96.1%, 4290 bytes, 161 lines)
05:55:06 INFO (96.1%, 4289 bytes, 161 lines)
05:55:18 INFO (96.1%, 4288 bytes, 161 lines)
05:55:29 INFO (96.1%, 4287 bytes, 161 lines)
05:55:39 INFO (96.1%, 4286 bytes, 161 lines)
05:55:45 INFO (96.1%, 4284 bytes, 161 lines)
05:55:45 INFO ===< IntsPass::c >===
05:55:57 INFO (96.1%, 4283 bytes, 161 lines)
05:56:10 INFO (96.1%, 4282 bytes, 161 lines)
05:56:22 INFO (96.1%, 4281 bytes, 161 lines)
05:56:35 INFO (96.1%, 4280 bytes, 161 lines)
05:56:47 INFO (96.1%, 4279 bytes, 161 lines)
05:56:59 INFO (96.1%, 4278 bytes, 161 lines)
05:57:11 INFO (96.1%, 4277 bytes, 161 lines)
05:57:24 INFO (96.1%, 4276 bytes, 161 lines)
05:57:36 INFO (96.1%, 4275 bytes, 161 lines)
05:57:48 INFO (96.1%, 4274 bytes, 161 lines)
05:58:01 INFO (96.1%, 4273 bytes, 161 lines)
05:58:11 INFO (96.1%, 4272 bytes, 161 lines)
05:58:21 INFO (96.1%, 4271 bytes, 161 lines)
05:58:27 INFO (96.1%, 4270 bytes, 161 lines)
05:58:27 INFO ===< IntsPass::d >===
05:58:27 INFO ===< IntsPass::c >===
05:58:30 INFO ===< BalancedPass::parens-only >===
05:58:31 INFO ===< ClexPass::delete-string >===
05:58:32 INFO Termination check: size was 4941; now 4270
05:58:32 ERROR Skipping pass UnIfDefPass
05:58:32 INFO ===< ClexPass::define >===
05:58:32 INFO ===< IncludeIncludesPass >===
05:58:32 INFO ===< TernaryPass::b >===
05:58:32 INFO ===< TernaryPass::c >===
05:58:44 INFO ===< BalancedPass::curly >===
05:58:55 INFO ===< BalancedPass::curly2 >===
05:58:55 INFO ===< BalancedPass::curly3 >===
05:59:01 INFO ===< BalancedPass::parens >===
05:59:01 INFO ===< BalancedPass::angles >===
05:59:10 INFO ===< BalancedPass::square >===
05:59:21 INFO ===< BalancedPass::curly-inside >===
05:59:24 INFO ===< BalancedPass::parens-inside >===
05:59:25 INFO ===< BalancedPass::angles-inside >===
05:59:34 INFO ===< BalancedPass::square-inside >===
05:59:35 INFO ===< BalancedPass::curly-only >===
05:59:36 INFO ===< BalancedPass::angles-only >===
05:59:45 INFO ===< BalancedPass::square-only >===
05:59:45 INFO ===< ClangPass::remove-namespace >===
05:59:45 INFO ===< ClangPass::aggregate-to-scalar >===
05:59:45 INFO ===< ClangPass::param-to-global >===
05:59:45 INFO ===< ClangPass::param-to-local >===
05:59:46 INFO ===< ClangPass::remove-nested-function >===
05:59:46 INFO ===< ClangPass::union-to-struct >===
05:59:46 INFO ===< ClangPass::return-void >===
05:59:46 INFO ===< ClangPass::simple-inliner >===
05:59:51 INFO ===< ClangPass::reduce-pointer-level >===
05:59:51 INFO ===< ClangPass::lift-assignment-expr >===
05:59:52 INFO ===< ClangPass::copy-propagation >===
05:59:52 INFO ===< ClangHintsPass::callexpr-to-value >===
05:59:52 INFO ===< ClangPass::replace-callexpr >===
05:59:53 INFO ===< ClangPass::simplify-callexpr >===
05:59:53 INFO ===< ClangHintsPass::remove-unused-function >===
05:59:53 INFO using C++ standard: c++2b with 0 transformation opportunities
05:59:53 INFO ===< ClangBinarySearchPass::remove-unused-enum-member >===
05:59:53 INFO ===< ClangPass::remove-enum-member-value >===
05:59:53 INFO using C++ standard: c++2b with 5 transformation opportunities
05:59:54 INFO ===< ClangBinarySearchPass::remove-unused-var >===
05:59:54 INFO ===< ClangPass::simplify-if >===
05:59:55 INFO ===< ClangPass::reduce-array-dim >===
05:59:55 INFO ===< ClangPass::reduce-array-size >===
05:59:55 INFO ===< ClangPass::move-definition-to-declaration >===
05:59:55 INFO ===< ClangPass::simplify-comma-expr >===
05:59:55 INFO ===< ClangPass::simplify-dependent-typedef >===
05:59:55 INFO ===< ClangPass::replace-simple-typedef >===
05:59:55 INFO ===< ClangHintsPass::replace-dependent-typedef >===
05:59:55 INFO ===< ClangPass::replace-one-level-typedef-type >===
06:00:05 INFO (96.1%, 4244 bytes, 159 lines)
06:00:16 INFO ===< ClangPass::remove-unused-field >===
06:00:16 INFO ===< ClangPass::instantiate-template-type-param-to-int >===
06:00:16 INFO ===< ClangPass::instantiate-template-param >===
06:00:16 INFO ===< ClangPass::template-arg-to-int >===
06:00:16 INFO ===< ClangPass::template-non-type-arg-to-int >===
06:00:16 INFO ===< ClangPass::reduce-class-template-param >===
06:00:16 INFO ===< ClangPass::remove-trivial-base-template >===
06:00:16 INFO ===< ClangPass::class-template-to-class >===
06:00:16 INFO ===< ClangPass::merge-base-class >===
06:00:16 INFO ===< ClangPass::remove-base-class >===
06:00:16 INFO ===< ClangPass::replace-derived-class >===
06:00:16 INFO ===< ClangPass::remove-unresolved-base >===
06:00:16 INFO ===< ClangPass::remove-ctor-initializer >===
06:00:16 INFO ===< ClangPass::replace-class-with-base-template-spec >===
06:00:16 INFO ===< ClangPass::simplify-nested-class >===
06:00:16 INFO ===< ClangPass::remove-unused-outer-class >===
06:00:16 INFO ===< ClangPass::empty-struct-to-int >===
06:00:16 INFO ===< ClangPass::remove-pointer >===
06:00:16 INFO ===< ClangPass::reduce-pointer-pairs >===
06:00:16 INFO ===< ClangPass::remove-array >===
06:00:16 INFO ===< ClangPass::remove-addr-taken >===
06:00:17 INFO ===< ClangPass::simplify-struct >===
06:00:17 INFO ===< ClangPass::replace-undefined-function >===
06:00:17 INFO ===< ClangPass::replace-array-index-var >===
06:00:17 INFO ===< ClangPass::replace-array-access-with-index >===
06:00:17 INFO ===< ClangPass::replace-dependent-name >===
06:00:17 INFO ===< ClangPass::simplify-recursive-template-instantiation >===
06:00:17 INFO ===< ClangPass::vector-to-array >===
06:00:17 INFO ===< ClangPass::remove-try-catch >===
06:00:17 INFO ===< ClangPass::class-to-struct >===
06:00:28 INFO ===< ClangPass::member-to-global >===
06:00:30 INFO ===< LinesPass::0 >===
06:01:09 INFO ===< LinesPass::1 >===
06:01:09 INFO ===< LinesPass::2 >===
06:01:09 INFO ===< LinesPass::3 >===
06:01:09 INFO ===< LinesPass::4 >===
06:01:09 INFO ===< LinesPass::6 >===
06:01:09 INFO ===< LinesPass::8 >===
06:01:09 INFO ===< LinesPass::10 >===
06:01:09 INFO ===< CommentsPass >===
06:01:09 INFO ===< SpecialPass::b >===
06:01:09 INFO ===< SpecialPass::c >===
06:01:09 INFO ===< IndentPass::regular >===
06:01:12 INFO ===< BalancedPass::parens-to-zero >===
06:23:09 INFO Exiting now ...
00:00:00 ERROR Prereqs not found for pass UnIfDefPass
00:00:00 ERROR Prereqs not found for pass IfPass
00:00:00 ERROR Prereqs not found for pass UnIfDefPass
00:00:07 INFO ===< 3464355 >===
00:00:07 INFO running 4 interestingness tests in parallel
00:00:07 INFO (0.0%, 4244 bytes, 159 lines)
00:00:07 INFO INITIAL PASSES (interleaving)
00:00:07 INFO ===<  >===
00:01:16 INFO (1.8%, 4169 bytes, 159 lines, via BlankPass)
00:58:33 INFO Exiting now ...
00:00:00 ERROR Prereqs not found for pass UnIfDefPass
00:00:00 ERROR Prereqs not found for pass IfPass
00:00:00 ERROR Prereqs not found for pass UnIfDefPass
00:00:06 INFO ===< 3741060 >===
00:00:06 INFO running 4 interestingness tests in parallel
00:00:06 INFO (0.0%, 4169 bytes, 159 lines)
00:00:06 INFO INITIAL PASSES (interleaving)
00:00:06 INFO ===<  >===
01:23:13 INFO Exiting now ...
00:00:00 ERROR Prereqs not found for pass UnIfDefPass
00:00:00 ERROR Prereqs not found for pass IfPass
00:00:00 ERROR Prereqs not found for pass UnIfDefPass
00:00:06 INFO ===< 4128316 >===
00:00:06 INFO running 4 interestingness tests in parallel
00:00:06 INFO (0.0%, 4169 bytes, 159 lines)
00:00:06 INFO INITIAL PASSES (interleaving)
00:00:06 INFO ===<  >===
00:00:13 INFO Exiting now ...
00:00:00 ERROR Prereqs not found for pass UnIfDefPass
00:00:00 ERROR Prereqs not found for pass IfPass
00:00:00 ERROR Prereqs not found for pass UnIfDefPass
00:00:06 INFO ===< 4131866 >===
00:00:06 INFO running 4 interestingness tests in parallel
00:00:06 INFO (0.0%, 4169 bytes, 159 lines)
00:00:06 INFO INITIAL PASSES (interleaving)
00:00:06 INFO ===<  >===
00:00:15 INFO Exiting now ...
00:00:00 ERROR Prereqs not found for pass UnIfDefPass
00:00:00 ERROR Prereqs not found for pass IfPass
00:00:00 ERROR Prereqs not found for pass UnIfDefPass
00:00:05 INFO ===< 4135183 >===
00:00:05 INFO running 4 interestingness tests in parallel
00:00:05 INFO (0.0%, 4169 bytes, 159 lines)
00:00:05 INFO INITIAL PASSES (interleaving)
00:00:05 INFO ===<  >===
01:11:06 INFO INITIAL PASSES
01:11:06 ERROR Skipping pass UnIfDefPass
01:11:06 ERROR Skipping pass IfPass
01:11:06 INFO ===< BalancedPass::angles, BalancedPass::angles-inside, BalancedPass::angles-only, BalancedPass::curly, BalancedPass::curly-inside, BalancedPass::curly-only, BalancedPass::curly2, BalancedPass::curly3, BalancedPass::parens, BalancedPass::parens-inside, BalancedPass::parens-only, BalancedPass::parens-to-zero, BalancedPass::square, BalancedPass::square-inside, BalancedPass::square-only, BlankPass, ClangHintsPass::callexpr-to-value, ClangHintsPass::remove-unused-function, ClangHintsPass::replace-dependent-typedef, ClangHintsPass::replace-function-def-with-decl, ClangIncludeGraphPass, ClangModuleMapPass, ClexHintsPass::rm-toks-1-to-4, ClexHintsPass::rm-toks-13-to-16, ClexHintsPass::rm-toks-5-to-8, ClexHintsPass::rm-toks-9-to-12, CommentsPass, InlineIncludesPass, LineMarkersPass, LinesPass::0, LinesPass::1, LinesPass::10, LinesPass::2, LinesPass::3, LinesPass::4, LinesPass::6, LinesPass::8, LinesPass::None, MakefilePass, RmUnusedFilesPass, TreeSitterPass::erase-namespace, TreeSitterPass::remove-function, TreeSitterPass::replace-function-def-with-decl >===
01:11:08 INFO ===< IncludesPass >===
01:11:08 INFO ===< CommentsPass >===
01:11:08 INFO ===< LineMarkersPass >===
01:11:11 INFO ===< BlankPass >===
01:11:12 INFO ===< ClangHintsPass::replace-function-def-with-decl (30 T) >===
01:11:13 INFO ===< ClangHintsPass::remove-unused-function (30 T) >===
01:11:13 INFO cache hit for HIPProg.hip
01:11:13 INFO ===< ClangHintsPass::replace-function-def-with-decl (30 T) >===
01:11:13 INFO cache hit for HIPProg.hip
01:11:13 INFO ===< ClangHintsPass::remove-unused-function (30 T) >===
01:11:13 INFO ===< ClangHintsPass::replace-function-def-with-decl >===
01:11:14 INFO ===< ClangHintsPass::remove-unused-function >===
01:11:18 INFO ===< LinesPass::0 >===
01:12:47 INFO ===< LinesPass::1 >===
01:12:47 INFO ===< LinesPass::2 >===
01:12:47 INFO ===< LinesPass::3 >===
01:12:47 INFO ===< LinesPass::4 >===
01:12:47 INFO ===< LinesPass::6 >===
01:12:47 INFO ===< LinesPass::8 >===
01:12:47 INFO ===< LinesPass::10 >===
01:12:47 INFO cache hit for HIPProg.hip
01:12:47 INFO ===< ClangHintsPass::replace-function-def-with-decl >===
01:12:47 INFO cache hit for HIPProg.hip
01:12:47 INFO ===< ClangHintsPass::remove-unused-function >===
01:12:47 INFO cache hit for HIPProg.hip
01:12:47 INFO ===< ClangHintsPass::remove-unused-function >===
01:13:02 INFO ===< BalancedPass::curly >===
01:13:16 INFO ===< BalancedPass::curly2 >===
01:13:16 INFO ===< BalancedPass::curly3 >===
01:13:25 INFO ===< BalancedPass::parens-to-zero >===
01:13:27 INFO ===< ClangHintsPass::callexpr-to-value >===
01:13:27 INFO ===< ClangPass::replace-callexpr >===
01:13:29 INFO ===< ClangPass::simplify-callexpr >===
01:13:30 INFO using C++ standard: c++2b with 0 transformation opportunities
01:13:30 INFO ===< ClangBinarySearchPass::remove-unused-enum-member >===
01:13:30 INFO ===< ClangPass::remove-enum-member-value >===
01:13:30 INFO using C++ standard: c++2b with 5 transformation opportunities
01:13:33 INFO ===< ClangBinarySearchPass::remove-unused-var >===
01:13:35 INFO ===< SpecialPass::a >===
01:13:35 INFO ===< SpecialPass::b >===
01:13:35 INFO INTERLEAVING PASSES
01:13:35 INFO ===< SpecialPass::c >===
01:13:35 INFO cache hit for HIPProg.hip
01:13:35 INFO Termination check: size was 4169; now 4169
01:13:35 INFO MAIN PASSES
01:13:35 ERROR Skipping pass UnIfDefPass
01:13:35 INFO ===< BalancedPass::angles, BalancedPass::angles-inside, BalancedPass::angles-only, BalancedPass::curly, BalancedPass::curly-inside, BalancedPass::curly-only, BalancedPass::curly2, BalancedPass::curly3, BalancedPass::parens, BalancedPass::parens-inside, BalancedPass::parens-only, BalancedPass::parens-to-zero, BalancedPass::square, BalancedPass::square-inside, BalancedPass::square-only, BlankPass, ClangHintsPass::callexpr-to-value, ClangHintsPass::remove-unused-function, ClangHintsPass::replace-dependent-typedef, ClangHintsPass::replace-function-def-with-decl, ClangIncludeGraphPass, ClangModuleMapPass, ClexHintsPass::rm-toks-1-to-4, ClexHintsPass::rm-toks-13-to-16, ClexHintsPass::rm-toks-5-to-8, ClexHintsPass::rm-toks-9-to-12, CommentsPass, InlineIncludesPass, LineMarkersPass, LinesPass::0, LinesPass::1, LinesPass::10, LinesPass::2, LinesPass::3, LinesPass::4, LinesPass::6, LinesPass::8, LinesPass::None, MakefilePass, RmUnusedFilesPass, TreeSitterPass::erase-namespace, TreeSitterPass::remove-function, TreeSitterPass::replace-function-def-with-decl >===
01:13:35 INFO ===< IncludeIncludesPass >===
01:13:35 INFO ===< TernaryPass::b >===
01:13:35 INFO ===< TernaryPass::c >===
01:13:35 INFO cache hit for HIPProg.hip
01:13:35 INFO ===< BalancedPass::curly >===
01:13:35 INFO cache hit for HIPProg.hip
01:13:35 INFO ===< BalancedPass::curly2 >===
01:13:35 INFO cache hit for HIPProg.hip
01:13:35 INFO ===< BalancedPass::curly3 >===
01:13:49 INFO ===< BalancedPass::parens >===
01:13:51 INFO ===< BalancedPass::angles >===
01:14:14 INFO ===< BalancedPass::square >===
01:14:29 INFO ===< BalancedPass::curly-inside >===
01:14:35 INFO ===< BalancedPass::parens-inside >===
01:14:36 INFO ===< BalancedPass::angles-inside >===
01:15:00 INFO ===< BalancedPass::square-inside >===
01:15:04 INFO ===< BalancedPass::curly-only >===
01:15:07 INFO ===< BalancedPass::angles-only >===
01:15:29 INFO ===< BalancedPass::square-only >===
01:15:30 INFO ===< ClangPass::remove-namespace >===
01:15:30 INFO ===< ClangPass::aggregate-to-scalar >===
01:15:30 INFO ===< ClangPass::param-to-global >===
01:15:32 INFO ===< ClangPass::param-to-local >===
01:15:33 INFO ===< ClangPass::remove-nested-function >===
01:15:33 INFO ===< ClangPass::union-to-struct >===
01:15:35 INFO ===< ClangPass::return-void >===
01:15:35 INFO ===< ClangPass::simple-inliner >===
01:15:50 INFO ===< ClangPass::reduce-pointer-level >===
01:15:50 INFO ===< ClangPass::lift-assignment-expr >===
01:15:50 INFO ===< ClangPass::copy-propagation >===
01:15:50 INFO cache hit for HIPProg.hip
01:15:50 INFO ===< ClangHintsPass::callexpr-to-value >===
01:15:50 INFO cache hit for HIPProg.hip
01:15:50 INFO ===< ClangPass::replace-callexpr >===
01:15:50 INFO cache hit for HIPProg.hip
01:15:50 INFO ===< ClangPass::simplify-callexpr >===
01:15:50 INFO cache hit for HIPProg.hip
01:15:50 INFO ===< ClangHintsPass::remove-unused-function >===
01:15:50 INFO cache hit for HIPProg.hip
01:15:50 INFO ===< ClangBinarySearchPass::remove-unused-enum-member >===
01:15:50 INFO cache hit for HIPProg.hip
01:15:50 INFO ===< ClangPass::remove-enum-member-value >===
01:15:50 INFO cache hit for HIPProg.hip
01:15:50 INFO ===< ClangBinarySearchPass::remove-unused-var >===
01:15:50 INFO ===< ClangPass::simplify-if >===
01:15:50 INFO ===< ClangPass::reduce-array-dim >===
01:15:50 INFO ===< ClangPass::reduce-array-size >===
01:15:51 INFO ===< ClangPass::move-definition-to-declaration >===
01:15:51 INFO ===< ClangPass::simplify-comma-expr >===
01:15:51 INFO ===< ClangPass::simplify-dependent-typedef >===
01:15:51 INFO ===< ClangPass::replace-simple-typedef >===
01:15:51 INFO ===< ClangHintsPass::replace-dependent-typedef >===
01:15:51 INFO ===< ClangPass::replace-one-level-typedef-type >===
01:16:26 INFO ===< ClangPass::remove-unused-field >===
01:16:26 INFO ===< ClangPass::instantiate-template-type-param-to-int >===
01:16:26 INFO ===< ClangPass::instantiate-template-param >===
01:16:26 INFO ===< ClangPass::template-arg-to-int >===
01:16:26 INFO ===< ClangPass::template-non-type-arg-to-int >===
01:16:26 INFO ===< ClangPass::reduce-class-template-param >===
01:16:26 INFO ===< ClangPass::remove-trivial-base-template >===
01:16:27 INFO ===< ClangPass::class-template-to-class >===
01:16:27 INFO ===< ClangPass::merge-base-class >===
01:16:27 INFO ===< ClangPass::remove-base-class >===
01:16:27 INFO ===< ClangPass::replace-derived-class >===
01:16:27 INFO ===< ClangPass::remove-unresolved-base >===
01:16:27 INFO ===< ClangPass::remove-ctor-initializer >===
01:16:28 INFO ===< ClangPass::replace-class-with-base-template-spec >===
01:16:28 INFO ===< ClangPass::simplify-nested-class >===
01:16:28 INFO ===< ClangPass::remove-unused-outer-class >===
01:16:28 INFO ===< ClangPass::empty-struct-to-int >===
01:16:28 INFO ===< ClangPass::remove-pointer >===
01:16:28 INFO ===< ClangPass::reduce-pointer-pairs >===
01:16:29 INFO ===< ClangPass::remove-array >===
01:16:29 INFO ===< ClangPass::remove-addr-taken >===
01:16:29 INFO ===< ClangPass::simplify-struct >===
01:16:29 INFO ===< ClangPass::replace-undefined-function >===
01:16:29 INFO ===< ClangPass::replace-array-index-var >===
01:16:29 INFO ===< ClangPass::replace-array-access-with-index >===
01:16:30 INFO ===< ClangPass::replace-dependent-name >===
01:16:30 INFO ===< ClangPass::simplify-recursive-template-instantiation >===
01:16:30 INFO ===< ClangPass::vector-to-array >===
01:16:30 INFO ===< ClangPass::remove-try-catch >===
01:16:30 INFO ===< ClangPass::class-to-struct >===
01:17:05 INFO ===< ClangPass::member-to-global >===
01:17:05 INFO cache hit for HIPProg.hip
01:17:05 INFO ===< LinesPass::0 >===
01:17:05 INFO cache hit for HIPProg.hip
01:17:05 INFO ===< LinesPass::1 >===
01:17:05 INFO cache hit for HIPProg.hip
01:17:05 INFO ===< LinesPass::2 >===
01:17:05 INFO cache hit for HIPProg.hip
01:17:05 INFO ===< LinesPass::3 >===
01:17:05 INFO cache hit for HIPProg.hip
01:17:05 INFO ===< LinesPass::4 >===
01:17:05 INFO cache hit for HIPProg.hip
01:17:05 INFO ===< LinesPass::6 >===
01:17:05 INFO cache hit for HIPProg.hip
01:17:05 INFO ===< LinesPass::8 >===
01:17:05 INFO cache hit for HIPProg.hip
01:17:05 INFO ===< LinesPass::10 >===
01:17:05 INFO cache hit for HIPProg.hip
01:17:05 INFO ===< CommentsPass >===
01:17:05 INFO cache hit for HIPProg.hip
01:17:05 INFO ===< SpecialPass::b >===
01:17:05 INFO cache hit for HIPProg.hip
01:17:05 INFO ===< SpecialPass::c >===
01:17:06 INFO ===< IndentPass::regular >===
01:17:06 INFO cache hit for HIPProg.hip
01:17:06 INFO ===< BalancedPass::parens-to-zero >===
03:58:49 INFO ===< ClexHintsPass::rm-toks-1-to-16 >===
06:00:40 INFO ===< ClexPass::rm-tok-pattern-4 >===
06:00:47 INFO ===< ClangPass::local-to-global >===
06:02:01 INFO ===< PeepPass::c >===
06:05:45 INFO ===< IntsPass::a >===
06:05:46 INFO ===< IntsPass::b >===
06:05:46 INFO ===< IntsPass::c >===
06:05:47 INFO ===< IntsPass::d >===
06:05:47 INFO cache hit for HIPProg.hip
06:05:47 INFO ===< IntsPass::c >===
06:06:12 INFO ===< BalancedPass::parens-only >===
06:06:19 INFO ===< ClexPass::delete-string >===
06:06:26 INFO Termination check: size was 4169; now 4169
06:06:26 INFO CLEANUP PASSES
06:06:26 INFO ===< ClexPass::define >===
06:06:27 INFO ===< ClangPass::combine-global-var >===
06:06:35 INFO ===< ClangPass::combine-local-var >===
06:06:35 INFO ===< ClangPass::simplify-struct-union-decl >===
06:06:35 INFO ===< ClangPass::move-global-var >===
06:06:36 INFO ===< ClangPass::unify-function-decl >===
06:06:36 INFO cache hit for HIPProg.hip
06:06:36 INFO ===< LinesPass::0 >===
06:06:36 INFO cache hit for HIPProg.hip
06:06:36 INFO ===< ClexPass::delete-string >===
06:06:36 INFO cache hit for HIPProg.hip
06:06:36 INFO ===< BlankPass >===
06:06:36 INFO cache hit for HIPProg.hip
06:06:36 INFO ===< BlankPass >===
06:06:36 INFO ===================== done ====================
===< PASS statistics >===
  pass name                                                     bytes reduced time (s) time (%)   worked   failed  total executed
  InlineIncludesPass                                                        0     0.00     0.00        0        0               0
  RmUnusedFilesPass                                                         0     0.00     0.00        0        0               0
  ClangIncludeGraphPass                                                     0     0.00     0.00        0        0               0
  SpecialPass::b                                                            0     0.01     0.00        0        0               0
  TreeSitterPass::erase-namespace                                           0     0.01     0.00        0        0               0
  SpecialPass::c                                                            0     0.01     0.00        0        0               0
  ClangModuleMapPass                                                        0     0.01     0.00        0        0               0
  MakefilePass                                                              0     0.01     0.00        0        0               0
  LinesPass::4                                                              0     0.02     0.00        0        0               0
  LinesPass::3                                                              0     0.02     0.00        0        0               0
  LinesPass::8                                                              0     0.02     0.00        0        0               0
  LineMarkersPass                                                           0     0.02     0.00        0        0               0
  LinesPass::10                                                             0     0.02     0.00        0        0               0
  BalancedPass::curly3                                                      0     0.03     0.00        0        0               0
  TernaryPass::b                                                            0     0.03     0.00        0        0               0
  LinesPass::2                                                              0     0.03     0.00        0        0               0
  LinesPass::6                                                              0     0.03     0.00        0        0               0
  TernaryPass::c                                                            0     0.03     0.00        0        0               0
  IncludeIncludesPass                                                       0     0.05     0.00        0        4               4
  ClangPass::reduce-pointer-pairs                                           0     0.09     0.00        0        4               4
  ClangHintsPass::replace-dependent-typedef                                 0     0.10     0.00        0        0               0
  ClangPass::empty-struct-to-int                                            0     0.10     0.00        0        4               4
  ClangPass::vector-to-array                                                0     0.10     0.00        0        4               4
  IndentPass::regular                                                       0     0.10     0.00        0        1               1
  ClangPass::replace-derived-class                                          0     0.11     0.00        0        4               4
  ClangPass::remove-trivial-base-template                                   0     0.11     0.00        0        4               4
  ClangPass::replace-class-with-base-template-spec                          0     0.11     0.00        0        4               4
  ClangPass::move-definition-to-declaration                                 0     0.11     0.00        0        4               4
  ClangPass::simplify-if                                                    0     0.12     0.00        0        4               4
  ClangPass::simplify-dependent-typedef                                     0     0.12     0.00        0        4               4
  ClangPass::class-to-struct                                                0     0.12     0.00        0        4               4
  ClangPass::reduce-array-dim                                               0     0.12     0.00        0        4               4
  ClangPass::remove-enum-member-value                                       0     0.12     0.00        0        4               4
  ClangPass::remove-unused-outer-class                                      0     0.12     0.00        0        4               4
  ClangPass::class-template-to-class                                        0     0.12     0.00        0        4               4
  ClangPass::remove-ctor-initializer                                        0     0.12     0.00        0        4               4
  ClangPass::remove-pointer                                                 0     0.12     0.00        0        4               4
  ClangPass::replace-dependent-name                                         0     0.12     0.00        0        4               4
  ClangPass::replace-array-index-var                                        0     0.13     0.00        0        4               4
  ClangPass::replace-one-level-typedef-type                                 0     0.13     0.00        0        4               4
  ClangPass::replace-callexpr                                               0     0.13     0.00        0        4               4
  ClangPass::union-to-struct                                                0     0.13     0.00        0        4               4
  ClangPass::aggregate-to-scalar                                            0     0.13     0.00        0        4               4
  ClangPass::replace-undefined-function                                     0     0.13     0.00        0        4               4
  ClangPass::simplify-struct                                                0     0.13     0.00        0        4               4
  ClangPass::simplify-recursive-template-instantiation                      0     0.13     0.00        0        4               4
  ClangPass::reduce-array-size                                              0     0.13     0.00        0        4               4
  ClangPass::merge-base-class                                               0     0.13     0.00        0        4               4
  ClangPass::replace-array-access-with-index                                0     0.13     0.00        0        4               4
  ClangPass::simplify-comma-expr                                            0     0.13     0.00        0        4               4
  ClangPass::instantiate-template-type-param-to-int                         0     0.14     0.00        0        4               4
  ClangPass::remove-unresolved-base                                         0     0.14     0.00        0        4               4
  ClangPass::instantiate-template-param                                     0     0.14     0.00        0        4               4
  ClangPass::simplify-nested-class                                          0     0.14     0.00        0        4               4
  ClangPass::remove-base-class                                              0     0.14     0.00        0        4               4
  ClangPass::remove-namespace                                               0     0.14     0.00        0        4               4
  ClangPass::remove-array                                                   0     0.14     0.00        0        4               4
  ClangPass::simple-inliner                                                 0     0.15     0.00        0        4               4
  ClangPass::template-non-type-arg-to-int                                   0     0.15     0.00        0        4               4
  ClangPass::reduce-class-template-param                                    0     0.15     0.00        0        4               4
  ClangPass::lift-assignment-expr                                           0     0.15     0.00        0        4               4
  ClangPass::template-arg-to-int                                            0     0.16     0.00        0        4               4
  ClangPass::replace-simple-typedef                                         0     0.16     0.00        0        4               4
  ClangPass::copy-propagation                                               0     0.16     0.00        0        4               4
  ClangPass::remove-addr-taken                                              0     0.17     0.00        0        4               4
  ClangPass::remove-nested-function                                         0     0.21     0.00        0        4               4
  ClangPass::param-to-global                                                0     0.21     0.00        0        4               4
  IndentPass::final                                                         0     0.22     0.00        0        1               1
  TreeSitterPass::replace-function-def-with-decl                            0     0.22     0.00        0        4               4
  ClangPass::move-global-var                                                0     0.23     0.00        0        4               4
  IntsPass::d                                                               0     0.25     0.00        0        2               2
  IntsPass::b                                                               0     0.25     0.00        0        2               2
  IntsPass::c                                                               0     0.25     0.00        0        2               2
  TreeSitterPass::remove-function                                           0     0.27     0.00        0        9               9
  ClangPass::remove-try-catch                                               0     0.28     0.00        0        4               4
  ClangPass::combine-global-var                                             0     0.30     0.00        0        4               4
  ClangPass::unify-function-decl                                            0     0.34     0.00        0        4               4
  ClangPass::simplify-struct-union-decl                                     0     0.38     0.00        0        4               4
  ClangBinarySearchPass::remove-unused-enum-member                          0     0.56     0.00        0        0               0
  ClangHintsPass::remove-unused-function (30 T)                             0     0.61     0.00        0        1               1
  ClangPass::return-void                                                    0     0.70     0.00        0        4               4
  ClangPass::param-to-local                                                 0     0.76     0.00        0        4               4
  ClangHintsPass::replace-function-def-with-decl                            0     0.80     0.00        0        6               6
  ClangHintsPass::remove-unused-function                                    0     0.84     0.00        0        2               2
  ClangHintsPass::replace-function-def-with-decl (30 T)                     0     0.86     0.00        0        3               3
  IncludesPass                                                              0     0.91     0.00        0        4               4
  CommentsPass                                                              0     0.95     0.00        0       42              42
  BalancedPass::angles-inside                                               0     1.04     0.00        0        8               8
  ClangHintsPass::callexpr-to-value                                         0     1.08     0.00        0       20              20
  ClangPass::simplify-callexpr                                              0     1.09     0.00        0       12              12
  SpecialPass::a                                                            0     1.21     0.01        0        2               2
  BalancedPass::angles                                                      0     1.34     0.01        0        8               8
  BalancedPass::angles-only                                                 0     1.37     0.01        0        8               8
  ClangBinarySearchPass::remove-unused-var                                  0     1.37     0.01        0        9               9
  ClexPass::delete-string                                                   0     1.89     0.01        0        4               4
  ClexPass::define                                                          0     2.02     0.01        0        4               4
  BlankPass                                                                 0     2.73     0.01        0        8               8
  ClangPass::combine-local-var                                              0     2.91     0.01        0        7               7
  LinesPass::0                                                              0     4.34     0.02        0       22              22
  BalancedPass::curly-only                                                  0     4.38     0.02        0       18              18
  ClangPass::local-to-global                                                0     6.09     0.03        0       12              12
  BalancedPass::parens-inside                                               0     8.10     0.04        0       90              90
  BalancedPass::curly2                                                      0     8.86     0.04        0       18              18
  BalancedPass::curly                                                       0     8.91     0.04        0       18              18
  BalancedPass::parens-to-zero                                              0    11.32     0.05        0      136             136
  BalancedPass::parens                                                      0    13.13     0.06        0      136             136
  ClangPass::reduce-pointer-level                                           0    13.78     0.06        0       23              23
  BalancedPass::curly-inside                                                0    14.38     0.07        0       18              18
  BalancedPass::parens-only                                                 0    27.86     0.13        0      136             136
  BalancedPass::square-only                                                 0    29.04     0.13        0       90              90
  BalancedPass::square-inside                                               0    29.74     0.14        0       90              90
  BalancedPass::square                                                      0    29.92     0.14        0       90              90
  ClangPass::remove-unused-field                                            0    33.46     0.15        0       53              53
  ClangPass::member-to-global                                               0    33.86     0.15        0       54              54
  PeepPass::c                                                               0    58.88     0.27        0     4169            4169
  LinesPass::None                                                           0    61.09     0.28        0      315             315
  LinesPass::1                                                              0   115.98     0.53        0      326             326
  IntsPass::a                                                               0   195.61     0.89        0       16              16
  ClexHintsPass::rm-toks-13-to-16                                           0   974.91     4.43        0     3866            3866
  ClexHintsPass::rm-toks-9-to-12                                            0  1015.84     4.62        0     3882            3882
  ClexHintsPass::rm-toks-5-to-8                                             0  1018.35     4.63        0     3898            3898
  ClexHintsPass::rm-toks-1-to-4                                             0  1100.85     5.00        0     3914            3914
  ClexPass::rm-tok-pattern-4                                                0  7296.62    33.17        0     7841            7841
  ClexHintsPass::rm-toks-1-to-16                                            0  9684.86    44.03        0    15560           15560

Runtime: 21997 seconds
Reduced test-cases:

--- HIPProg.hip ---
#include <hip/hip_runtime.h>
#include "HIPSmith.h"
#define transparent_crc(X, Y, Z) transparent_crc_(&crc64_context, X, , )
struct S0 {
    int32_t g_4;
    int8_t g_26;
    int32_t *g_91;
    int32_t **g_90;
    uint8_t g_107;
    uint32_t g_136;
    int32_t g_187[7];
    uint16_t g_197;
    uint32_t *g_264;
    uint32_t **g_263;
    uint64_t g_270;
    int64_t g_279;
    uint8_t *g_336;
    uint8_t **g_335;
    int8_t g_390;
    uint64_t *g_432;
    int16_t g_447;
    int8_t *g_486;
    uint8_t g_510;
    uint8_t *g_562;
    int32_t g_597;
    uint8_t g_609;
    uint64_t g_638;
    uint32_t **g_658[3];
    int16_t g_697;
    int8_t g_698;
    int32_t g_699;
    uint64_t g_702;
    int32_t g_707;
    int32_t ***g_726[6];
    int32_t ****g_725[1][1][7];
    int32_t g_772;
    int16_t g_794;
    int16_t g_930;
    uint32_t g_931;
    uint32_t g_1013;
    uint16_t *g_1025;
    uint64_t *g_1090;
    int32_t *****g_1138;
    uint8_t g_1149[4];
    int8_t *g_1172;
    int32_t g_1273;
    uint32_t g_1275[7];
    int16_t *g_1371;
    int64_t g_1373;
    uint32_t g_1376;
    uint64_t g_1411;
    int16_t *g_1424;
    int8_t *g_1448;
    int16_t g_1491;
    uint8_t g_1562[4];
    int16_t **g_1677;
};
__device__ int16_t  func_1(S0 * p_1761)
{ 
    uint64_t l_2[6][1][4] ;
            uint64_t *l_1504 = &p_1761->g_638;
                for (p_1761->g_447 = 0; p_1761->g_447 <= 0; p_1761->g_447 += 1)
                    *p_1761->g_91 = *l_1504 |= l_2[1][p_1761->g_447][2]-- != 0 ^ -5;
    return 0;
}
__global__ void hipsmith_kernel(uint64_t *results) {
    S0 c_1762;
    S0* p_1761 = &c_1762;
    S0 c_1763 {
        15, 
        0, 
        &p_1761->g_4, 
        &p_1761->g_91, 
        11, 
        11, 
        2, 2, 2, 2, 9, 2, 
        12, 
        1, 
        &p_1761->g_136, 
        &p_1761->g_264, 
        1, 
        11, 
        &p_1761->g_107, 
        &p_1761->g_336, 
        1, 
        nullptr, 
        12, 
        &p_1761->g_26, 
        11, 
        nullptr, 
        5, 
        3, 
        7, &p_1761->g_264, &p_1761->g_264, 
        0, 
        9, 
        5, 
        2, 
        0, 
        1, 
        &p_1761->g_90, &p_1761->g_90, &p_1761->g_90, &p_1761->g_90, &p_1761->g_90, &p_1761->g_90, 
        &p_1761->g_726[4], &p_1761->g_726[4], &p_1761->g_726[4], &p_1761->g_726[4], &p_1761->g_726[4], &p_1761->g_726[4], &p_1761->g_726[4], 
        1, 
        12, 
        13, 
        8, 
        6, 
        &p_1761->g_197, 
        nullptr, 
        &p_1761->g_725[0][0][0], 
        3, 3, 3, 3, 
        nullptr, 
        0, 
        0, 0, 0, 0, 0, 0, 0, 
        &p_1761->g_794, 
        6, 
        10, 
        7, 
        nullptr, 
        nullptr, 
        0, 
        15, 15, 15, 15, 
        &p_1761->g_1371};
    c_1762 = c_1763;
    func_1(p_1761);
    uint64_t crc64_context = 0xFFFFFFFFFFFFFFFFUL;
    transparent_crc(p_1761->g_638, , );
    int tid = threadIdx.x + blockIdx.x * blockDim.x;
    results[tid] = (crc64_context ^ 0xFFFFFFFFFFFFFFFFUL);
}
// ------------------------------------------------------------------
// Host Main
// ------------------------------------------------------------------
int main(int argc, const char* argv[]) {
    // Config
    const unsigned int num_threads = 4;
    const unsigned int block_size = 4;
    // Host Alloc
    std::vector<uint64_t> h_results(num_threads);
    const size_t results_bytes = sizeof(uint64_t) * h_results.size();
    // Device Alloc
    uint64_t *d_results;
    HIP_CHECK(hipMalloc((void**)&d_results, results_bytes));
    HIP_CHECK(hipMemset(d_results, 0, results_bytes));
    // Dimensions
    const dim3 block_dim(block_size);
    const dim3 grid_dim((num_threads + block_size - 1) / block_size);
    // Launch
    hipLaunchKernelGGL(hipsmith_kernel, grid_dim, block_dim, 0, 0, d_results);
    HIP_CHECK(hipGetLastError());
    HIP_CHECK(hipDeviceSynchronize());
    // Copy Back
    HIP_CHECK(hipMemcpy(h_results.data(), d_results, results_bytes, hipMemcpyDeviceToHost));
    // Free
    HIP_CHECK(hipFree(d_results));
    // Output
    for (size_t i = 0; i < h_results.size(); ++i)
    printf("Thread %zu CRC: %lu\n", i, h_results[i]);
    return 0;
}

