00:00:01 ERROR Prereqs not found for pass UnIfDefPass
00:00:01 ERROR Prereqs not found for pass IfPass
00:00:01 ERROR Prereqs not found for pass UnIfDefPass
00:00:14 INFO ===< 2342543 >===
00:00:14 INFO running 4 interestingness tests in parallel
00:00:14 INFO (0.0%, 163974 bytes, 1783 lines)
00:00:14 INFO INITIAL PASSES (interleaving)
00:00:14 INFO ===<  >===
00:00:35 INFO Exiting now ...
00:00:00 ERROR Prereqs not found for pass UnIfDefPass
00:00:00 ERROR Prereqs not found for pass IfPass
00:00:00 ERROR Prereqs not found for pass UnIfDefPass
00:00:11 INFO ===< 2351805 >===
00:00:11 INFO running 4 interestingness tests in parallel
00:00:11 INFO (0.0%, 163974 bytes, 1783 lines)
00:00:11 INFO INITIAL PASSES (interleaving)
00:00:11 INFO ===<  >===
00:11:41 INFO (76.3%, 38914 bytes, 672 lines, via ClangHintsPass::remove-unused-function + TreeSitterPass::remove-function + BalancedPass::curly2 + CommentsPass + LinesPass::4 + LinesPass::6 + BalancedPass::curly-inside + BalancedPass::curly3 + LinesPass::0 + LinesPass::3 + BlankPass)
00:19:54 INFO (87.5%, 20478 bytes, 518 lines, via BalancedPass::curly3 + LinesPass::1 + LinesPass::0 + BalancedPass::curly-inside + LinesPass::4 + LinesPass::2 + LinesPass::3 + CommentsPass + BlankPass + ClexHintsPass::rm-toks-1-to-4)
00:27:37 INFO (91.6%, 13808 bytes, 425 lines, via BalancedPass::curly-inside + LinesPass::0 + LinesPass::4 + BalancedPass::parens-to-zero + LinesPass::2 + LinesPass::3 + BlankPass)
00:36:13 INFO (93.0%, 11398 bytes, 374 lines, via BalancedPass::curly-inside + BalancedPass::parens-to-zero + LinesPass::1 + LinesPass::3 + LinesPass::2 + BalancedPass::curly3 + LinesPass::4 + BalancedPass::square + BalancedPass::parens-only + BalancedPass::curly-only + ClexHintsPass::rm-toks-1-to-4)
00:44:44 INFO (94.8%, 8546 bytes, 312 lines, via LinesPass::1 + LinesPass::3 + LinesPass::None + LinesPass::2 + BalancedPass::parens-to-zero + BlankPass + BalancedPass::square + BalancedPass::parens-only + BalancedPass::curly + BalancedPass::curly2)
00:53:50 INFO (95.6%, 7205 bytes, 277 lines, via LinesPass::None + LinesPass::1 + LinesPass::2 + ClexHintsPass::rm-toks-5-to-8 + BalancedPass::square + BalancedPass::parens-only + ClexHintsPass::rm-toks-1-to-4)
01:01:45 INFO (96.0%, 6583 bytes, 263 lines, via LinesPass::1 + BalancedPass::parens-to-zero + BalancedPass::parens + ClexHintsPass::rm-toks-1-to-4 + BalancedPass::parens-only + BlankPass + BalancedPass::square)
01:06:05 INFO (96.2%, 6167 bytes, 250 lines, via LinesPass::None + ClexHintsPass::rm-toks-1-to-4 + LinesPass::2 + ClexHintsPass::rm-toks-9-to-12)
01:12:34 INFO (96.5%, 5660 bytes, 234 lines, via LinesPass::1 + ClexHintsPass::rm-toks-5-to-8 + LinesPass::None + ClexHintsPass::rm-toks-1-to-4 + BalancedPass::curly-only)
01:17:52 INFO (96.6%, 5605 bytes, 230 lines, via LinesPass::None + ClexHintsPass::rm-toks-1-to-4 + BlankPass + BalancedPass::curly-only)
01:22:58 INFO (96.6%, 5560 bytes, 230 lines, via ClexHintsPass::rm-toks-1-to-4 + ClexHintsPass::rm-toks-5-to-8 + BalancedPass::square-only)
01:25:59 INFO (96.6%, 5527 bytes, 230 lines, via ClexHintsPass::rm-toks-1-to-4 + LinesPass::None)
01:29:18 INFO (96.7%, 5474 bytes, 229 lines, via ClexHintsPass::rm-toks-13-to-16 + ClexHintsPass::rm-toks-9-to-12 + ClexHintsPass::rm-toks-1-to-4)
01:33:45 INFO (96.7%, 5435 bytes, 229 lines, via ClexHintsPass::rm-toks-1-to-4 + ClexHintsPass::rm-toks-5-to-8)
01:37:14 INFO (96.7%, 5391 bytes, 227 lines, via ClexHintsPass::rm-toks-5-to-8)
01:40:17 INFO (96.7%, 5337 bytes, 224 lines, via LinesPass::None)
01:42:57 INFO (96.8%, 5269 bytes, 221 lines, via LinesPass::None)
01:45:29 INFO (96.8%, 5203 bytes, 219 lines, via ClexHintsPass::rm-toks-1-to-4 + LinesPass::None)
01:47:17 INFO (96.8%, 5189 bytes, 218 lines, via LinesPass::None)
01:49:23 INFO (96.9%, 5150 bytes, 216 lines, via LinesPass::None)
01:54:36 INFO (96.9%, 5130 bytes, 216 lines, via ClexHintsPass::rm-toks-5-to-8)
01:57:37 INFO (96.9%, 5128 bytes, 216 lines, via ClexHintsPass::rm-toks-1-to-4)
02:04:32 INFO (96.9%, 5113 bytes, 215 lines, via LinesPass::None)
02:08:02 INFO (96.9%, 5048 bytes, 212 lines, via LinesPass::None + ClexHintsPass::rm-toks-1-to-4)
02:12:37 INFO (97.0%, 4946 bytes, 207 lines, via LinesPass::None + ClexHintsPass::rm-toks-1-to-4)
02:22:09 INFO (97.0%, 4911 bytes, 205 lines, via ClexHintsPass::rm-toks-5-to-8)
02:23:37 INFO (97.0%, 4880 bytes, 203 lines, via LinesPass::2)
02:26:23 INFO (97.0%, 4868 bytes, 202 lines, via LinesPass::None)
02:28:20 INFO (97.1%, 4827 bytes, 200 lines, via LinesPass::None)
02:31:24 INFO (97.1%, 4730 bytes, 196 lines, via LinesPass::None)
02:34:23 INFO (97.1%, 4695 bytes, 195 lines, via ClexHintsPass::rm-toks-1-to-4)
02:37:21 INFO (97.1%, 4682 bytes, 194 lines, via ClexHintsPass::rm-toks-1-to-4)
02:42:40 INFO (97.2%, 4665 bytes, 193 lines, via LinesPass::None)
02:45:04 INFO (97.2%, 4646 bytes, 192 lines, via LinesPass::None)
02:47:19 INFO (97.2%, 4633 bytes, 191 lines, via LinesPass::None)
02:49:28 INFO (97.2%, 4589 bytes, 189 lines, via LinesPass::None)
02:52:52 INFO (97.2%, 4549 bytes, 187 lines, via ClexHintsPass::rm-toks-5-to-8)
02:54:53 INFO (97.2%, 4536 bytes, 186 lines, via LinesPass::2)
02:57:51 INFO (97.2%, 4522 bytes, 185 lines, via ClexHintsPass::rm-toks-1-to-4)
03:00:42 INFO (97.3%, 4496 bytes, 183 lines, via LinesPass::None)
03:03:16 INFO (97.3%, 4482 bytes, 182 lines, via LinesPass::None)
03:05:57 INFO (97.3%, 4450 bytes, 180 lines, via LinesPass::None + LinesPass::2)
03:08:07 INFO (97.3%, 4432 bytes, 179 lines, via LinesPass::None)
03:26:44 INFO INITIAL PASSES
03:26:44 ERROR Skipping pass UnIfDefPass
03:26:44 ERROR Skipping pass IfPass
03:26:44 INFO ===< BalancedPass::angles, BalancedPass::angles-inside, BalancedPass::angles-only, BalancedPass::curly, BalancedPass::curly-inside, BalancedPass::curly-only, BalancedPass::curly2, BalancedPass::curly3, BalancedPass::parens, BalancedPass::parens-inside, BalancedPass::parens-only, BalancedPass::parens-to-zero, BalancedPass::square, BalancedPass::square-inside, BalancedPass::square-only, BlankPass, ClangHintsPass::callexpr-to-value, ClangHintsPass::remove-unused-function, ClangHintsPass::replace-dependent-typedef, ClangHintsPass::replace-function-def-with-decl, ClangIncludeGraphPass, ClangModuleMapPass, ClexHintsPass::rm-toks-1-to-4, ClexHintsPass::rm-toks-13-to-16, ClexHintsPass::rm-toks-5-to-8, ClexHintsPass::rm-toks-9-to-12, CommentsPass, InlineIncludesPass, LineMarkersPass, LinesPass::0, LinesPass::1, LinesPass::10, LinesPass::2, LinesPass::3, LinesPass::4, LinesPass::6, LinesPass::8, LinesPass::None, MakefilePass, RmUnusedFilesPass, TreeSitterPass::erase-namespace, TreeSitterPass::remove-function, TreeSitterPass::replace-function-def-with-decl >===
03:26:46 INFO ===< IncludesPass >===
03:26:46 INFO ===< CommentsPass >===
03:26:46 INFO ===< LineMarkersPass >===
03:26:48 INFO ===< BlankPass >===
03:26:48 INFO ===< ClangHintsPass::replace-function-def-with-decl (30 T) >===
03:26:49 INFO ===< ClangHintsPass::remove-unused-function (30 T) >===
03:26:49 INFO cache hit for HIPProg.hip
03:26:49 INFO ===< ClangHintsPass::replace-function-def-with-decl (30 T) >===
03:26:49 INFO cache hit for HIPProg.hip
03:26:49 INFO ===< ClangHintsPass::remove-unused-function (30 T) >===
03:26:49 INFO ===< ClangHintsPass::replace-function-def-with-decl >===
03:26:49 INFO ===< ClangHintsPass::remove-unused-function >===
03:26:55 INFO ===< LinesPass::0 >===
03:27:34 INFO (97.3%, 4431 bytes, 179 lines)
03:27:51 INFO (97.3%, 4412 bytes, 178 lines)
03:28:20 INFO ===< LinesPass::1 >===
03:28:35 INFO ===< LinesPass::2 >===
03:28:35 INFO ===< LinesPass::3 >===
03:28:35 INFO ===< LinesPass::4 >===
03:28:35 INFO ===< LinesPass::6 >===
03:28:35 INFO ===< LinesPass::8 >===
03:28:35 INFO ===< LinesPass::10 >===
03:28:35 INFO ===< ClangHintsPass::replace-function-def-with-decl >===
03:28:35 INFO ===< ClangHintsPass::remove-unused-function >===
03:28:35 INFO cache hit for HIPProg.hip
03:28:35 INFO ===< ClangHintsPass::remove-unused-function >===
03:28:55 INFO ===< BalancedPass::curly >===
03:29:14 INFO ===< BalancedPass::curly2 >===
03:29:14 INFO ===< BalancedPass::curly3 >===
03:29:22 INFO ===< BalancedPass::parens-to-zero >===
03:29:22 INFO ===< ClangHintsPass::callexpr-to-value >===
03:29:22 INFO ===< ClangPass::replace-callexpr >===
03:29:22 INFO ===< ClangPass::simplify-callexpr >===
03:29:22 INFO using C++ standard: c++2b with 0 transformation opportunities
03:29:23 INFO ===< ClangBinarySearchPass::remove-unused-enum-member >===
03:29:23 INFO ===< ClangPass::remove-enum-member-value >===
03:29:23 INFO using C++ standard: c++2b with 5 transformation opportunities
03:29:24 INFO ===< ClangBinarySearchPass::remove-unused-var >===
03:29:25 INFO ===< SpecialPass::a >===
03:29:25 INFO ===< SpecialPass::b >===
03:29:25 INFO INTERLEAVING PASSES
03:29:25 INFO ===< SpecialPass::c >===
03:31:02 INFO (97.3%, 4411 bytes, 177 lines, via BalancedPass::curly-inside)
03:35:26 INFO (97.3%, 4404 bytes, 177 lines, via ClexHintsPass::rm-toks-1-to-4)
03:37:59 INFO (97.3%, 4396 bytes, 177 lines, via ClexHintsPass::rm-toks-1-to-4)
03:40:40 INFO (97.3%, 4374 bytes, 176 lines, via LinesPass::None)
03:43:55 INFO (97.4%, 4342 bytes, 176 lines, via ClexHintsPass::rm-toks-1-to-4)
03:46:17 INFO (97.4%, 4284 bytes, 176 lines, via ClexHintsPass::rm-toks-1-to-4 + BalancedPass::parens-only)
03:48:49 INFO (97.4%, 4266 bytes, 175 lines, via LinesPass::1)
03:52:01 INFO (97.4%, 4259 bytes, 174 lines, via ClexHintsPass::rm-toks-1-to-4)
03:56:46 INFO (97.4%, 4255 bytes, 174 lines, via BalancedPass::parens-only)
03:58:49 INFO (97.4%, 4221 bytes, 173 lines, via LinesPass::None)
04:01:10 INFO (97.4%, 4190 bytes, 172 lines, via LinesPass::1)
04:04:45 INFO (97.5%, 4177 bytes, 171 lines, via LinesPass::2)
04:10:49 INFO (97.5%, 4173 bytes, 171 lines, via ClexHintsPass::rm-toks-1-to-4)
04:13:38 INFO (97.5%, 4163 bytes, 171 lines, via ClexHintsPass::rm-toks-1-to-4)
04:16:28 INFO (97.5%, 4130 bytes, 170 lines, via LinesPass::2)
04:23:22 INFO (97.5%, 4128 bytes, 168 lines, via BalancedPass::curly-only)
04:25:12 INFO (97.5%, 4110 bytes, 168 lines, via BlankPass)
05:07:00 INFO Termination check: size was 4412; now 4110
05:07:00 INFO ===< BalancedPass::angles, BalancedPass::angles-inside, BalancedPass::angles-only, BalancedPass::curly, BalancedPass::curly-inside, BalancedPass::curly-only, BalancedPass::curly2, BalancedPass::curly3, BalancedPass::parens, BalancedPass::parens-inside, BalancedPass::parens-only, BalancedPass::parens-to-zero, BalancedPass::square, BalancedPass::square-inside, BalancedPass::square-only, BlankPass, ClangHintsPass::callexpr-to-value, ClangHintsPass::remove-unused-function, ClangHintsPass::replace-dependent-typedef, ClangHintsPass::replace-function-def-with-decl, ClangIncludeGraphPass, ClangModuleMapPass, ClexHintsPass::rm-toks-1-to-4, ClexHintsPass::rm-toks-13-to-16, ClexHintsPass::rm-toks-5-to-8, ClexHintsPass::rm-toks-9-to-12, CommentsPass, InlineIncludesPass, LineMarkersPass, LinesPass::0, LinesPass::1, LinesPass::10, LinesPass::2, LinesPass::3, LinesPass::4, LinesPass::6, LinesPass::8, LinesPass::None, MakefilePass, RmUnusedFilesPass, TreeSitterPass::erase-namespace, TreeSitterPass::remove-function, TreeSitterPass::replace-function-def-with-decl >===
05:24:46 INFO (97.5%, 4103 bytes, 168 lines, via ClexHintsPass::rm-toks-1-to-4)
05:27:39 INFO (97.5%, 4096 bytes, 168 lines, via ClexHintsPass::rm-toks-1-to-4)
06:22:22 INFO Termination check: size was 4110; now 4096
06:22:22 INFO ===< BalancedPass::angles, BalancedPass::angles-inside, BalancedPass::angles-only, BalancedPass::curly, BalancedPass::curly-inside, BalancedPass::curly-only, BalancedPass::curly2, BalancedPass::curly3, BalancedPass::parens, BalancedPass::parens-inside, BalancedPass::parens-only, BalancedPass::parens-to-zero, BalancedPass::square, BalancedPass::square-inside, BalancedPass::square-only, BlankPass, ClangHintsPass::callexpr-to-value, ClangHintsPass::remove-unused-function, ClangHintsPass::replace-dependent-typedef, ClangHintsPass::replace-function-def-with-decl, ClangIncludeGraphPass, ClangModuleMapPass, ClexHintsPass::rm-toks-1-to-4, ClexHintsPass::rm-toks-13-to-16, ClexHintsPass::rm-toks-5-to-8, ClexHintsPass::rm-toks-9-to-12, CommentsPass, InlineIncludesPass, LineMarkersPass, LinesPass::0, LinesPass::1, LinesPass::10, LinesPass::2, LinesPass::3, LinesPass::4, LinesPass::6, LinesPass::8, LinesPass::None, MakefilePass, RmUnusedFilesPass, TreeSitterPass::erase-namespace, TreeSitterPass::remove-function, TreeSitterPass::replace-function-def-with-decl >===
07:29:34 INFO Termination check: size was 4096; now 4096
07:29:34 INFO MAIN PASSES
07:29:34 ERROR Skipping pass UnIfDefPass
07:29:34 INFO ===< BalancedPass::angles, BalancedPass::angles-inside, BalancedPass::angles-only, BalancedPass::curly, BalancedPass::curly-inside, BalancedPass::curly-only, BalancedPass::curly2, BalancedPass::curly3, BalancedPass::parens, BalancedPass::parens-inside, BalancedPass::parens-only, BalancedPass::parens-to-zero, BalancedPass::square, BalancedPass::square-inside, BalancedPass::square-only, BlankPass, ClangHintsPass::callexpr-to-value, ClangHintsPass::remove-unused-function, ClangHintsPass::replace-dependent-typedef, ClangHintsPass::replace-function-def-with-decl, ClangIncludeGraphPass, ClangModuleMapPass, ClexHintsPass::rm-toks-1-to-4, ClexHintsPass::rm-toks-13-to-16, ClexHintsPass::rm-toks-5-to-8, ClexHintsPass::rm-toks-9-to-12, CommentsPass, InlineIncludesPass, LineMarkersPass, LinesPass::0, LinesPass::1, LinesPass::10, LinesPass::2, LinesPass::3, LinesPass::4, LinesPass::6, LinesPass::8, LinesPass::None, MakefilePass, RmUnusedFilesPass, TreeSitterPass::erase-namespace, TreeSitterPass::remove-function, TreeSitterPass::replace-function-def-with-decl >===
07:29:34 INFO ===< IncludeIncludesPass >===
07:29:34 INFO ===< TernaryPass::b >===
07:29:34 INFO ===< TernaryPass::c >===
07:29:52 INFO ===< BalancedPass::curly >===
07:30:09 INFO ===< BalancedPass::curly2 >===
07:30:09 INFO ===< BalancedPass::curly3 >===
07:30:18 INFO ===< BalancedPass::parens >===
07:30:19 INFO ===< BalancedPass::angles >===
07:30:29 INFO ===< BalancedPass::square >===
07:30:43 INFO ===< BalancedPass::curly-inside >===
07:30:49 INFO ===< BalancedPass::parens-inside >===
07:30:50 INFO ===< BalancedPass::angles-inside >===
07:31:00 INFO ===< BalancedPass::square-inside >===
07:31:13 INFO ===< BalancedPass::curly-only >===
07:31:14 INFO ===< BalancedPass::angles-only >===
07:31:24 INFO ===< BalancedPass::square-only >===
07:31:24 INFO ===< ClangPass::remove-namespace >===
07:31:24 INFO ===< ClangPass::aggregate-to-scalar >===
07:31:24 INFO ===< ClangPass::param-to-global >===
07:31:25 INFO ===< ClangPass::param-to-local >===
07:31:25 INFO ===< ClangPass::remove-nested-function >===
07:31:35 INFO (97.5%, 4097 bytes, 168 lines)
07:31:35 INFO ===< ClangPass::union-to-struct >===
07:31:35 INFO ===< ClangPass::return-void >===
07:31:35 INFO ===< ClangPass::simple-inliner >===
07:31:44 INFO ===< ClangPass::reduce-pointer-level >===
07:31:44 INFO ===< ClangPass::lift-assignment-expr >===
07:31:44 INFO ===< ClangPass::copy-propagation >===
07:31:44 INFO ===< ClangHintsPass::callexpr-to-value >===
07:31:44 INFO ===< ClangPass::replace-callexpr >===
07:31:44 INFO ===< ClangPass::simplify-callexpr >===
07:31:45 INFO ===< ClangHintsPass::remove-unused-function >===
07:31:45 INFO using C++ standard: c++2b with 0 transformation opportunities
07:31:45 INFO ===< ClangBinarySearchPass::remove-unused-enum-member >===
07:31:45 INFO ===< ClangPass::remove-enum-member-value >===
07:31:45 INFO using C++ standard: c++2b with 5 transformation opportunities
07:31:47 INFO ===< ClangBinarySearchPass::remove-unused-var >===
07:31:47 INFO ===< ClangPass::simplify-if >===
07:31:47 INFO ===< ClangPass::reduce-array-dim >===
07:31:47 INFO ===< ClangPass::reduce-array-size >===
07:31:47 INFO ===< ClangPass::move-definition-to-declaration >===
07:31:47 INFO ===< ClangPass::simplify-comma-expr >===
07:31:47 INFO ===< ClangPass::simplify-dependent-typedef >===
07:31:47 INFO ===< ClangPass::replace-simple-typedef >===
07:31:47 INFO ===< ClangHintsPass::replace-dependent-typedef >===
07:31:47 INFO ===< ClangPass::replace-one-level-typedef-type >===
07:32:09 INFO ===< ClangPass::remove-unused-field >===
07:32:09 INFO ===< ClangPass::instantiate-template-type-param-to-int >===
07:32:10 INFO ===< ClangPass::instantiate-template-param >===
07:32:10 INFO ===< ClangPass::template-arg-to-int >===
07:32:10 INFO ===< ClangPass::template-non-type-arg-to-int >===
07:32:10 INFO ===< ClangPass::reduce-class-template-param >===
07:32:10 INFO ===< ClangPass::remove-trivial-base-template >===
07:32:10 INFO ===< ClangPass::class-template-to-class >===
07:32:10 INFO ===< ClangPass::merge-base-class >===
07:32:10 INFO ===< ClangPass::remove-base-class >===
07:32:10 INFO ===< ClangPass::replace-derived-class >===
07:32:10 INFO ===< ClangPass::remove-unresolved-base >===
07:32:11 INFO ===< ClangPass::remove-ctor-initializer >===
07:32:11 INFO ===< ClangPass::replace-class-with-base-template-spec >===
07:32:11 INFO ===< ClangPass::simplify-nested-class >===
07:32:12 INFO ===< ClangPass::remove-unused-outer-class >===
07:32:23 INFO (97.5%, 4089 bytes, 167 lines)
07:32:24 INFO ===< ClangPass::empty-struct-to-int >===
07:32:24 INFO ===< ClangPass::remove-pointer >===
07:32:25 INFO ===< ClangPass::reduce-pointer-pairs >===
07:32:25 INFO ===< ClangPass::remove-array >===
07:32:25 INFO ===< ClangPass::remove-addr-taken >===
07:32:25 INFO ===< ClangPass::simplify-struct >===
07:32:25 INFO ===< ClangPass::replace-undefined-function >===
07:32:25 INFO ===< ClangPass::replace-array-index-var >===
07:32:25 INFO ===< ClangPass::replace-array-access-with-index >===
07:32:25 INFO ===< ClangPass::replace-dependent-name >===
07:32:25 INFO ===< ClangPass::simplify-recursive-template-instantiation >===
07:32:25 INFO ===< ClangPass::vector-to-array >===
07:32:26 INFO ===< ClangPass::remove-try-catch >===
07:32:26 INFO ===< ClangPass::class-to-struct >===
07:32:44 INFO ===< ClangPass::member-to-global >===
07:32:48 INFO ===< LinesPass::0 >===
07:33:42 INFO ===< LinesPass::1 >===
07:33:54 INFO ===< LinesPass::2 >===
07:33:54 INFO ===< LinesPass::3 >===
07:33:54 INFO ===< LinesPass::4 >===
07:33:54 INFO ===< LinesPass::6 >===
07:33:54 INFO ===< LinesPass::8 >===
07:33:54 INFO ===< LinesPass::10 >===
07:33:55 INFO ===< CommentsPass >===
07:33:55 INFO ===< SpecialPass::b >===
07:33:55 INFO ===< SpecialPass::c >===
07:33:55 INFO ===< IndentPass::regular >===
07:34:01 INFO ===< BalancedPass::parens-to-zero >===
08:31:03 INFO ===< ClexHintsPass::rm-toks-1-to-16 >===
08:58:34 INFO ===< ClexPass::rm-tok-pattern-4 >===
08:58:34 INFO ===< ClangPass::local-to-global >===
08:58:42 INFO ===< PeepPass::c >===
08:58:58 INFO (97.5%, 4088 bytes, 167 lines)
08:59:20 INFO (97.5%, 4087 bytes, 167 lines)
08:59:42 INFO (97.5%, 4086 bytes, 167 lines)
09:00:04 INFO (97.5%, 4085 bytes, 167 lines)
09:00:24 INFO (97.5%, 4084 bytes, 167 lines)
09:00:40 INFO (97.5%, 4083 bytes, 167 lines)
09:00:56 INFO (97.5%, 4082 bytes, 167 lines)
09:01:15 INFO (97.5%, 4081 bytes, 167 lines)
09:01:36 INFO (97.5%, 4080 bytes, 167 lines)
09:01:58 INFO (97.5%, 4079 bytes, 167 lines)
09:02:17 INFO (97.5%, 4078 bytes, 167 lines)
09:02:35 INFO (97.5%, 4077 bytes, 167 lines)
09:02:49 INFO (97.5%, 4076 bytes, 167 lines)
09:03:09 INFO (97.5%, 4075 bytes, 167 lines)
09:04:40 INFO (97.5%, 4074 bytes, 167 lines)
09:05:02 INFO (97.5%, 4073 bytes, 167 lines)
09:05:18 INFO (97.5%, 4072 bytes, 167 lines)
09:05:34 INFO (97.5%, 4071 bytes, 167 lines)
09:05:53 INFO (97.5%, 4070 bytes, 167 lines)
09:06:09 INFO (97.5%, 4069 bytes, 167 lines)
09:06:28 INFO (97.5%, 4068 bytes, 167 lines)
09:06:44 INFO (97.5%, 4067 bytes, 167 lines)
09:07:03 INFO (97.5%, 4066 bytes, 167 lines)
09:07:19 INFO (97.5%, 4065 bytes, 167 lines)
09:07:34 INFO (97.5%, 4064 bytes, 167 lines)
09:09:12 INFO ===< IntsPass::a >===
09:09:31 INFO (97.5%, 4062 bytes, 167 lines)
09:09:46 INFO (97.5%, 4060 bytes, 167 lines)
09:09:59 INFO (97.5%, 4058 bytes, 167 lines)
09:10:10 INFO (97.5%, 4056 bytes, 167 lines)
09:10:13 INFO ===< IntsPass::b >===
09:10:29 INFO (97.5%, 4054 bytes, 167 lines)
09:10:46 INFO (97.5%, 4053 bytes, 167 lines)
09:11:05 INFO (97.5%, 4051 bytes, 167 lines)
09:11:27 INFO (97.5%, 4050 bytes, 167 lines)
09:11:43 INFO (97.5%, 4049 bytes, 167 lines)
09:11:58 INFO (97.5%, 4048 bytes, 167 lines)
09:12:20 INFO (97.5%, 4047 bytes, 167 lines)
09:12:43 INFO (97.5%, 4046 bytes, 167 lines)
09:13:02 INFO (97.5%, 4045 bytes, 167 lines)
09:13:18 INFO (97.5%, 4044 bytes, 167 lines)
09:13:34 INFO (97.5%, 4042 bytes, 167 lines)
09:13:53 INFO (97.5%, 4041 bytes, 167 lines)
09:14:11 INFO (97.5%, 4039 bytes, 167 lines)
09:14:24 INFO (97.5%, 4038 bytes, 167 lines)
09:14:34 INFO (97.5%, 4037 bytes, 167 lines)
09:14:34 INFO ===< IntsPass::c >===
09:14:55 INFO (97.5%, 4037 bytes, 167 lines)
09:15:10 INFO (97.5%, 4037 bytes, 167 lines)
09:15:29 INFO (97.5%, 4038 bytes, 167 lines)
09:15:44 INFO (97.5%, 4038 bytes, 167 lines)
09:15:58 INFO (97.5%, 4037 bytes, 167 lines)
09:16:07 INFO (97.5%, 4037 bytes, 167 lines)
09:16:07 INFO ===< IntsPass::d >===
09:16:07 INFO ===< IntsPass::c >===
09:16:13 INFO ===< BalancedPass::parens-only >===
09:16:14 INFO ===< ClexPass::delete-string >===
09:16:16 INFO Termination check: size was 4096; now 4037
09:16:16 ERROR Skipping pass UnIfDefPass
09:16:16 INFO ===< ClexPass::define >===
09:16:16 INFO ===< IncludeIncludesPass >===
09:16:16 INFO ===< TernaryPass::b >===
09:16:16 INFO ===< TernaryPass::c >===
09:16:36 INFO ===< BalancedPass::curly >===
09:16:57 INFO ===< BalancedPass::curly2 >===
09:16:57 INFO ===< BalancedPass::curly3 >===
09:17:06 INFO ===< BalancedPass::parens >===
09:17:07 INFO ===< BalancedPass::angles >===
09:17:17 INFO ===< BalancedPass::square >===
09:17:31 INFO ===< BalancedPass::curly-inside >===
09:17:37 INFO ===< BalancedPass::parens-inside >===
09:17:38 INFO ===< BalancedPass::angles-inside >===
09:17:49 INFO ===< BalancedPass::square-inside >===
09:18:02 INFO ===< BalancedPass::curly-only >===
09:18:03 INFO ===< BalancedPass::angles-only >===
09:18:13 INFO ===< BalancedPass::square-only >===
09:18:13 INFO ===< ClangPass::remove-namespace >===
09:18:13 INFO ===< ClangPass::aggregate-to-scalar >===
09:18:13 INFO ===< ClangPass::param-to-global >===
09:18:13 INFO ===< ClangPass::param-to-local >===
09:18:14 INFO ===< ClangPass::remove-nested-function >===
09:18:14 INFO ===< ClangPass::union-to-struct >===
09:18:14 INFO ===< ClangPass::return-void >===
09:18:14 INFO ===< ClangPass::simple-inliner >===
09:18:22 INFO ===< ClangPass::reduce-pointer-level >===
09:18:22 INFO ===< ClangPass::lift-assignment-expr >===
09:18:22 INFO ===< ClangPass::copy-propagation >===
09:18:22 INFO ===< ClangHintsPass::callexpr-to-value >===
09:18:22 INFO ===< ClangPass::replace-callexpr >===
09:18:22 INFO ===< ClangPass::simplify-callexpr >===
09:18:23 INFO ===< ClangHintsPass::remove-unused-function >===
09:18:23 INFO using C++ standard: c++2b with 0 transformation opportunities
09:18:23 INFO ===< ClangBinarySearchPass::remove-unused-enum-member >===
09:18:23 INFO ===< ClangPass::remove-enum-member-value >===
09:18:23 INFO using C++ standard: c++2b with 5 transformation opportunities
09:18:25 INFO ===< ClangBinarySearchPass::remove-unused-var >===
09:18:25 INFO ===< ClangPass::simplify-if >===
09:18:25 INFO ===< ClangPass::reduce-array-dim >===
09:18:25 INFO ===< ClangPass::reduce-array-size >===
09:18:25 INFO ===< ClangPass::move-definition-to-declaration >===
09:18:25 INFO ===< ClangPass::simplify-comma-expr >===
09:18:25 INFO ===< ClangPass::simplify-dependent-typedef >===
09:18:25 INFO ===< ClangPass::replace-simple-typedef >===
09:18:25 INFO ===< ClangHintsPass::replace-dependent-typedef >===
09:18:25 INFO ===< ClangPass::replace-one-level-typedef-type >===
09:18:43 INFO ===< ClangPass::remove-unused-field >===
09:18:43 INFO ===< ClangPass::instantiate-template-type-param-to-int >===
09:18:43 INFO ===< ClangPass::instantiate-template-param >===
09:18:43 INFO ===< ClangPass::template-arg-to-int >===
09:18:43 INFO ===< ClangPass::template-non-type-arg-to-int >===
09:18:43 INFO ===< ClangPass::reduce-class-template-param >===
09:18:43 INFO ===< ClangPass::remove-trivial-base-template >===
09:18:44 INFO ===< ClangPass::class-template-to-class >===
09:18:44 INFO ===< ClangPass::merge-base-class >===
09:18:44 INFO ===< ClangPass::remove-base-class >===
09:18:44 INFO ===< ClangPass::replace-derived-class >===
09:18:44 INFO ===< ClangPass::remove-unresolved-base >===
09:18:44 INFO ===< ClangPass::remove-ctor-initializer >===
09:18:44 INFO ===< ClangPass::replace-class-with-base-template-spec >===
09:18:44 INFO ===< ClangPass::simplify-nested-class >===
09:18:45 INFO ===< ClangPass::remove-unused-outer-class >===
09:18:46 INFO ===< ClangPass::empty-struct-to-int >===
09:18:46 INFO ===< ClangPass::remove-pointer >===
09:18:46 INFO ===< ClangPass::reduce-pointer-pairs >===
09:18:46 INFO ===< ClangPass::remove-array >===
09:18:46 INFO ===< ClangPass::remove-addr-taken >===
09:18:47 INFO ===< ClangPass::simplify-struct >===
09:18:47 INFO ===< ClangPass::replace-undefined-function >===
09:18:47 INFO ===< ClangPass::replace-array-index-var >===
09:18:47 INFO ===< ClangPass::replace-array-access-with-index >===
09:18:47 INFO ===< ClangPass::replace-dependent-name >===
09:18:47 INFO ===< ClangPass::simplify-recursive-template-instantiation >===
09:18:47 INFO ===< ClangPass::vector-to-array >===
09:18:47 INFO ===< ClangPass::remove-try-catch >===
09:18:47 INFO ===< ClangPass::class-to-struct >===
09:19:06 INFO ===< ClangPass::member-to-global >===
09:19:10 INFO ===< LinesPass::0 >===
09:20:11 INFO ===< LinesPass::1 >===
09:20:22 INFO ===< LinesPass::2 >===
09:20:22 INFO ===< LinesPass::3 >===
09:20:22 INFO ===< LinesPass::4 >===
09:20:22 INFO ===< LinesPass::6 >===
09:20:22 INFO ===< LinesPass::8 >===
09:20:22 INFO ===< LinesPass::10 >===
09:20:23 INFO ===< CommentsPass >===
09:20:23 INFO ===< SpecialPass::b >===
09:20:23 INFO ===< SpecialPass::c >===
09:20:23 INFO ===< IndentPass::regular >===
09:20:29 INFO ===< BalancedPass::parens-to-zero >===
10:24:33 INFO ===< ClexHintsPass::rm-toks-1-to-16 >===
10:56:29 INFO ===< ClexPass::rm-tok-pattern-4 >===
10:56:29 INFO ===< ClangPass::local-to-global >===
10:56:44 INFO ===< PeepPass::c >===
10:57:06 INFO (97.5%, 4036 bytes, 167 lines)
10:57:29 INFO (97.5%, 4035 bytes, 167 lines)
10:58:16 INFO (97.5%, 4034 bytes, 167 lines)
10:58:40 INFO (97.5%, 4033 bytes, 167 lines)
10:58:55 INFO (97.5%, 4032 bytes, 167 lines)
10:59:16 INFO (97.5%, 4031 bytes, 167 lines)
10:59:39 INFO (97.5%, 4030 bytes, 167 lines)
11:00:01 INFO (97.5%, 4029 bytes, 167 lines)
11:00:20 INFO (97.5%, 4028 bytes, 167 lines)
11:00:39 INFO (97.5%, 4027 bytes, 167 lines)
11:01:02 INFO (97.5%, 4026 bytes, 167 lines)
11:01:23 INFO (97.5%, 4025 bytes, 167 lines)
11:01:38 INFO (97.5%, 4024 bytes, 167 lines)
11:01:58 INFO (97.5%, 4023 bytes, 167 lines)
11:02:14 INFO (97.5%, 4022 bytes, 167 lines)
11:02:35 INFO (97.5%, 4021 bytes, 167 lines)
11:02:56 INFO (97.5%, 4020 bytes, 167 lines)
11:03:20 INFO (97.5%, 4019 bytes, 167 lines)
11:03:48 INFO (97.5%, 4018 bytes, 167 lines)
11:04:11 INFO (97.6%, 4017 bytes, 167 lines)
11:04:33 INFO (97.6%, 4016 bytes, 167 lines)
11:04:51 INFO (97.6%, 4015 bytes, 167 lines)
11:05:08 INFO (97.6%, 4014 bytes, 167 lines)
11:05:29 INFO (97.6%, 4013 bytes, 167 lines)
11:05:43 INFO (97.6%, 4012 bytes, 167 lines)
11:05:57 INFO (97.6%, 4011 bytes, 167 lines)
11:06:09 INFO (97.6%, 4010 bytes, 167 lines)
11:06:34 INFO (97.6%, 4009 bytes, 167 lines)
11:06:49 INFO (97.6%, 4008 bytes, 167 lines)
11:07:03 INFO (97.6%, 4007 bytes, 167 lines)
11:07:17 INFO (97.6%, 4006 bytes, 167 lines)
11:07:40 INFO (97.6%, 4005 bytes, 167 lines)
11:08:01 INFO (97.6%, 4004 bytes, 167 lines)
11:08:14 INFO (97.6%, 4003 bytes, 167 lines)
11:08:28 INFO (97.6%, 4002 bytes, 167 lines)
11:08:42 INFO (97.6%, 4001 bytes, 167 lines)
11:08:55 INFO (97.6%, 4000 bytes, 167 lines)
11:09:09 INFO (97.6%, 3999 bytes, 167 lines)
11:09:23 INFO (97.6%, 3998 bytes, 167 lines)
11:09:36 INFO (97.6%, 3997 bytes, 167 lines)
11:09:50 INFO (97.6%, 3996 bytes, 167 lines)
11:10:06 INFO (97.6%, 3995 bytes, 167 lines)
11:10:17 INFO (97.6%, 3994 bytes, 167 lines)
11:10:28 INFO (97.6%, 3993 bytes, 167 lines)
11:10:39 INFO (97.6%, 3992 bytes, 167 lines)
11:10:50 INFO (97.6%, 3991 bytes, 167 lines)
11:11:01 INFO (97.6%, 3990 bytes, 167 lines)
11:11:12 INFO (97.6%, 3989 bytes, 167 lines)
11:11:23 INFO (97.6%, 3988 bytes, 167 lines)
11:11:34 INFO (97.6%, 3987 bytes, 167 lines)
11:11:47 INFO (97.6%, 3986 bytes, 167 lines)
11:11:53 INFO ===< IntsPass::a >===
11:11:54 INFO ===< IntsPass::b >===
11:11:54 INFO ===< IntsPass::c >===
11:11:54 INFO ===< IntsPass::d >===
11:11:54 INFO cache hit for HIPProg.hip
11:11:54 INFO ===< IntsPass::c >===
11:12:01 INFO ===< BalancedPass::parens-only >===
11:12:03 INFO ===< ClexPass::delete-string >===
11:12:05 INFO Termination check: size was 4037; now 3986
11:12:05 ERROR Skipping pass UnIfDefPass
11:12:05 INFO ===< ClexPass::define >===
11:12:05 INFO ===< IncludeIncludesPass >===
11:12:05 INFO ===< TernaryPass::b >===
11:12:05 INFO ===< TernaryPass::c >===
11:12:29 INFO ===< BalancedPass::curly >===
11:12:52 INFO ===< BalancedPass::curly2 >===
11:12:52 INFO ===< BalancedPass::curly3 >===
11:13:03 INFO ===< BalancedPass::parens >===
11:13:04 INFO ===< BalancedPass::angles >===
11:13:16 INFO ===< BalancedPass::square >===
11:13:29 INFO ===< BalancedPass::curly-inside >===
11:13:35 INFO ===< BalancedPass::parens-inside >===
11:13:36 INFO ===< BalancedPass::angles-inside >===
11:13:46 INFO ===< BalancedPass::square-inside >===
11:13:58 INFO ===< BalancedPass::curly-only >===
11:14:00 INFO ===< BalancedPass::angles-only >===
11:14:10 INFO ===< BalancedPass::square-only >===
11:14:10 INFO ===< ClangPass::remove-namespace >===
11:14:10 INFO ===< ClangPass::aggregate-to-scalar >===
11:14:10 INFO ===< ClangPass::param-to-global >===
11:14:10 INFO ===< ClangPass::param-to-local >===
11:14:10 INFO ===< ClangPass::remove-nested-function >===
11:14:10 INFO ===< ClangPass::union-to-struct >===
11:14:11 INFO ===< ClangPass::return-void >===
11:14:11 INFO ===< ClangPass::simple-inliner >===
11:14:19 INFO ===< ClangPass::reduce-pointer-level >===
11:14:19 INFO ===< ClangPass::lift-assignment-expr >===
11:14:19 INFO ===< ClangPass::copy-propagation >===
11:14:19 INFO ===< ClangHintsPass::callexpr-to-value >===
11:14:19 INFO ===< ClangPass::replace-callexpr >===
11:14:20 INFO ===< ClangPass::simplify-callexpr >===
11:14:20 INFO ===< ClangHintsPass::remove-unused-function >===
11:14:20 INFO using C++ standard: c++2b with 0 transformation opportunities
11:14:20 INFO ===< ClangBinarySearchPass::remove-unused-enum-member >===
11:14:21 INFO ===< ClangPass::remove-enum-member-value >===
11:14:21 INFO using C++ standard: c++2b with 5 transformation opportunities
11:14:22 INFO ===< ClangBinarySearchPass::remove-unused-var >===
11:14:22 INFO ===< ClangPass::simplify-if >===
11:14:22 INFO ===< ClangPass::reduce-array-dim >===
11:14:23 INFO ===< ClangPass::reduce-array-size >===
11:14:23 INFO ===< ClangPass::move-definition-to-declaration >===
11:14:23 INFO ===< ClangPass::simplify-comma-expr >===
11:14:23 INFO ===< ClangPass::simplify-dependent-typedef >===
11:14:23 INFO ===< ClangPass::replace-simple-typedef >===
11:14:23 INFO ===< ClangHintsPass::replace-dependent-typedef >===
11:14:23 INFO ===< ClangPass::replace-one-level-typedef-type >===
11:14:42 INFO ===< ClangPass::remove-unused-field >===
11:14:42 INFO ===< ClangPass::instantiate-template-type-param-to-int >===
11:14:42 INFO ===< ClangPass::instantiate-template-param >===
11:14:42 INFO ===< ClangPass::template-arg-to-int >===
11:14:42 INFO ===< ClangPass::template-non-type-arg-to-int >===
11:14:42 INFO ===< ClangPass::reduce-class-template-param >===
11:14:42 INFO ===< ClangPass::remove-trivial-base-template >===
11:14:42 INFO ===< ClangPass::class-template-to-class >===
11:14:42 INFO ===< ClangPass::merge-base-class >===
11:14:42 INFO ===< ClangPass::remove-base-class >===
11:14:42 INFO ===< ClangPass::replace-derived-class >===
11:14:42 INFO ===< ClangPass::remove-unresolved-base >===
11:14:42 INFO ===< ClangPass::remove-ctor-initializer >===
11:14:42 INFO ===< ClangPass::replace-class-with-base-template-spec >===
11:14:43 INFO ===< ClangPass::simplify-nested-class >===
11:14:44 INFO ===< ClangPass::remove-unused-outer-class >===
11:14:45 INFO ===< ClangPass::empty-struct-to-int >===
11:14:45 INFO ===< ClangPass::remove-pointer >===
11:14:45 INFO ===< ClangPass::reduce-pointer-pairs >===
11:14:45 INFO ===< ClangPass::remove-array >===
11:14:45 INFO ===< ClangPass::remove-addr-taken >===
11:14:45 INFO ===< ClangPass::simplify-struct >===
11:14:45 INFO ===< ClangPass::replace-undefined-function >===
11:14:45 INFO ===< ClangPass::replace-array-index-var >===
11:14:45 INFO ===< ClangPass::replace-array-access-with-index >===
11:14:45 INFO ===< ClangPass::replace-dependent-name >===
11:14:45 INFO ===< ClangPass::simplify-recursive-template-instantiation >===
11:14:46 INFO ===< ClangPass::vector-to-array >===
11:14:46 INFO ===< ClangPass::remove-try-catch >===
11:14:46 INFO ===< ClangPass::class-to-struct >===
11:15:05 INFO ===< ClangPass::member-to-global >===
11:15:10 INFO ===< LinesPass::0 >===
11:16:03 INFO ===< LinesPass::1 >===
11:16:14 INFO ===< LinesPass::2 >===
11:16:14 INFO ===< LinesPass::3 >===
11:16:14 INFO ===< LinesPass::4 >===
11:16:14 INFO ===< LinesPass::6 >===
11:16:14 INFO ===< LinesPass::8 >===
11:16:14 INFO ===< LinesPass::10 >===
11:16:15 INFO ===< CommentsPass >===
11:16:15 INFO ===< SpecialPass::b >===
11:16:15 INFO ===< SpecialPass::c >===
11:16:15 INFO ===< IndentPass::regular >===
11:16:21 INFO ===< BalancedPass::parens-to-zero >===
12:10:34 INFO ===< ClexHintsPass::rm-toks-1-to-16 >===
12:39:47 INFO ===< ClexPass::rm-tok-pattern-4 >===
12:39:47 INFO ===< ClangPass::local-to-global >===
12:39:59 INFO ===< PeepPass::c >===
12:40:04 INFO ===< IntsPass::a >===
12:40:04 INFO cache hit for HIPProg.hip
12:40:04 INFO ===< IntsPass::b >===
12:40:04 INFO cache hit for HIPProg.hip
12:40:04 INFO ===< IntsPass::c >===
12:40:04 INFO cache hit for HIPProg.hip
12:40:04 INFO ===< IntsPass::d >===
12:40:04 INFO cache hit for HIPProg.hip
12:40:04 INFO ===< IntsPass::c >===
12:40:04 INFO cache hit for HIPProg.hip
12:40:04 INFO ===< BalancedPass::parens-only >===
12:40:04 INFO cache hit for HIPProg.hip
12:40:04 INFO ===< ClexPass::delete-string >===
12:40:04 INFO cache hit for HIPProg.hip
12:40:04 INFO Termination check: size was 3986; now 3986
12:40:04 INFO CLEANUP PASSES
12:40:04 INFO ===< ClexPass::define >===
12:40:05 INFO ===< ClangPass::combine-global-var >===
12:40:05 INFO ===< ClangPass::combine-local-var >===
12:40:05 INFO ===< ClangPass::simplify-struct-union-decl >===
12:40:06 INFO ===< ClangPass::move-global-var >===
12:40:06 INFO ===< ClangPass::unify-function-decl >===
12:40:06 INFO cache hit for HIPProg.hip
12:40:06 INFO ===< LinesPass::0 >===
12:40:06 INFO cache hit for HIPProg.hip
12:40:06 INFO ===< ClexPass::delete-string >===
12:40:18 INFO (97.6%, 3985 bytes, 167 lines)
12:40:20 INFO ===< BlankPass >===
12:40:22 INFO ===< BlankPass >===
12:40:22 INFO ===================== done ====================
===< PASS statistics >===
  pass name                                                     bytes reduced time (s) time (%)   worked   failed  total executed
  ClangHintsPass::remove-unused-function                                60548     5.83     0.01        1        0               1
  TreeSitterPass::remove-function                                       22683    43.20     0.09        4      261             265
  BalancedPass::curly2                                                  12726   691.66     1.52        4     1496            1500
  BalancedPass::curly-inside                                            10424   264.14     0.58       21      300             321
  CommentsPass                                                          10249    49.01     0.11        6      801             807
  LinesPass::4                                                           9700    95.43     0.21       15       37              52
  BalancedPass::curly3                                                   8428   168.91     0.37       15       23              38
  LinesPass::1                                                           7288   957.71     2.10       39     2489            2528
  LinesPass::0                                                           5309   230.36     0.50        9      711             720
  LinesPass::6                                                           4460    23.59     0.05        3       11              14
  LinesPass::None                                                        2192  1820.73     3.99       96     4632            4728
  LinesPass::2                                                           2023   605.16     1.33       37     1357            1394
  BalancedPass::parens-to-zero                                           1386   334.91     0.73       12     1940            1952
  LinesPass::3                                                           1359   118.45     0.26       18       66              84
  ClexHintsPass::rm-toks-1-to-4                                           477  4487.69     9.84       94    15777           15871
  ClexHintsPass::rm-toks-5-to-8                                           251  4056.66     8.89       16    15756           15772
  BlankPass                                                               182   167.57     0.37       18      283             301
  IntsPass::a                                                              76  1095.41     2.40       76      680             756
  BalancedPass::square                                                     64   425.01     0.93       16     1208            1224
  BalancedPass::parens-only                                                38   312.50     0.68       19     1738            1757
  ClexHintsPass::rm-toks-9-to-12                                           34  3895.43     8.54        2    15606           15608
  ClexHintsPass::rm-toks-13-to-16                                          28  3930.91     8.62        1    15571           15572
  IntsPass::c                                                              19   170.98     0.37       15       75              90
  BalancedPass::parens                                                     16   296.24     0.65        1     1870            1871
  BalancedPass::curly-only                                                 10   550.22     1.21        8     1455            1463
  ClangPass::empty-struct-to-int                                            8     5.11     0.01        1       15              16
  IntsPass::b                                                               8    33.22     0.07        4       47              51
  BalancedPass::square-only                                                 2   403.82     0.89       15     1116            1131
  BalancedPass::curly                                                       2   693.47     1.52        2     1605            1607
  InlineIncludesPass                                                        0     0.01     0.00        0        0               0
  RmUnusedFilesPass                                                         0     0.01     0.00        0        0               0
  SpecialPass::c                                                            0     0.01     0.00        0        0               0
  SpecialPass::b                                                            0     0.01     0.00        0        0               0
  IndentPass::final                                                         0     0.02     0.00        0        1               1
  LinesPass::10                                                             0     0.04     0.00        0        0               0
  ClangPass::simplify-struct-union-decl                                     0     0.04     0.00        0        4               4
  TernaryPass::c                                                            0     0.05     0.00        0        0               0
  ClangPass::move-global-var                                                0     0.05     0.00        0        4               4
  IncludeIncludesPass                                                       0     0.05     0.00        0       12              12
  TernaryPass::b                                                            0     0.05     0.00        0        0               0
  LineMarkersPass                                                           0     0.05     0.00        0        0               0
  ClangPass::unify-function-decl                                            0     0.05     0.00        0        4               4
  IndentPass::regular                                                       0     0.08     0.00        0        3               3
  ClangPass::combine-local-var                                              0     0.09     0.00        0        4               4
  TreeSitterPass::erase-namespace                                           0     0.11     0.00        0        0               0
  ClangModuleMapPass                                                        0     0.13     0.00        0        0               0
  ClangPass::remove-namespace                                               0     0.14     0.00        0       12              12
  ClangPass::reduce-class-template-param                                    0     0.15     0.00        0       12              12
  ClangPass::replace-simple-typedef                                         0     0.16     0.00        0       12              12
  ClangPass::move-definition-to-declaration                                 0     0.16     0.00        0       12              12
  MakefilePass                                                              0     0.16     0.00        0        0               0
  ClangPass::remove-unresolved-base                                         0     0.16     0.00        0       12              12
  ClangPass::remove-ctor-initializer                                        0     0.16     0.00        0       12              12
  ClangPass::template-non-type-arg-to-int                                   0     0.16     0.00        0       12              12
  ClangPass::reduce-array-size                                              0     0.16     0.00        0       12              12
  ClangPass::class-to-struct                                                0     0.16     0.00        0       12              12
  ClangPass::merge-base-class                                               0     0.16     0.00        0       12              12
  ClangPass::instantiate-template-param                                     0     0.16     0.00        0       12              12
  ClangPass::aggregate-to-scalar                                            0     0.16     0.00        0       12              12
  ClangPass::lift-assignment-expr                                           0     0.16     0.00        0       12              12
  ClangPass::simple-inliner                                                 0     0.17     0.00        0       12              12
  ClangPass::simplify-comma-expr                                            0     0.17     0.00        0       12              12
  ClangPass::template-arg-to-int                                            0     0.17     0.00        0       12              12
  ClangPass::class-template-to-class                                        0     0.17     0.00        0       12              12
  ClangPass::replace-array-access-with-index                                0     0.17     0.00        0       12              12
  ClangPass::remove-trivial-base-template                                   0     0.17     0.00        0       12              12
  ClangPass::simplify-recursive-template-instantiation                      0     0.17     0.00        0       12              12
  ClangPass::replace-class-with-base-template-spec                          0     0.17     0.00        0       12              12
  ClangPass::remove-pointer                                                 0     0.17     0.00        0       12              12
  ClangPass::replace-array-index-var                                        0     0.18     0.00        0       12              12
  ClangPass::remove-try-catch                                               0     0.18     0.00        0       12              12
  ClangPass::simplify-struct                                                0     0.18     0.00        0       12              12
  ClangPass::copy-propagation                                               0     0.18     0.00        0       12              12
  ClangPass::simplify-dependent-typedef                                     0     0.18     0.00        0       12              12
  ClangPass::remove-base-class                                              0     0.18     0.00        0       12              12
  ClangPass::remove-array                                                   0     0.18     0.00        0       12              12
  ClangPass::replace-dependent-name                                         0     0.18     0.00        0       12              12
  ClangPass::simplify-nested-class                                          0     0.18     0.00        0       12              12
  ClangPass::instantiate-template-type-param-to-int                         0     0.18     0.00        0       12              12
  ClangPass::replace-derived-class                                          0     0.19     0.00        0       12              12
  ClangPass::reduce-pointer-pairs                                           0     0.19     0.00        0       12              12
  ClangPass::simplify-if                                                    0     0.20     0.00        0       12              12
  ClangPass::reduce-array-dim                                               0     0.20     0.00        0       12              12
  ClangPass::replace-undefined-function                                     0     0.20     0.00        0       12              12
  ClangPass::replace-one-level-typedef-type                                 0     0.20     0.00        0       12              12
  ClangPass::vector-to-array                                                0     0.21     0.00        0       12              12
  ClangPass::remove-addr-taken                                              0     0.21     0.00        0       12              12
  ClangPass::remove-enum-member-value                                       0     0.22     0.00        0       16              16
  ClangHintsPass::remove-unused-function (30 T)                             0     0.22     0.00        0        0               0
  ClangPass::replace-callexpr                                               0     0.23     0.00        0       16              16
  ClangPass::return-void                                                    0     0.23     0.00        0       12              12
  ClangHintsPass::replace-dependent-typedef                                 0     0.24     0.00        0        0               0
  ClangHintsPass::replace-function-def-with-decl (30 T)                     0     0.25     0.00        0        1               1
  ClangPass::param-to-global                                                0     0.26     0.00        0       12              12
  ClangPass::remove-nested-function                                         0     0.27     0.00        0       12              12
  ClangPass::param-to-local                                                 0     0.28     0.00        0       12              12
  ClangPass::combine-global-var                                             0     0.34     0.00        0        4               4
  SpecialPass::a                                                            0     0.55     0.00        0        2               2
  ClexPass::define                                                          0     0.66     0.00        0        8               8
  IncludesPass                                                              0     0.83     0.00        0        4               4
  ClangPass::local-to-global                                                0     0.85     0.00        0       24              24
  ClangPass::simplify-callexpr                                              0     0.96     0.00        0       32              32
  ClangPass::remove-unused-outer-class                                      0     1.08     0.00        0       12              12
  ClangBinarySearchPass::remove-unused-enum-member                          0     1.26     0.00        0        0               0
  ClangIncludeGraphPass                                                     0     1.42     0.00        0        0               0
  ClexPass::delete-string                                                   0     1.58     0.00        0        8               8
  ClangBinarySearchPass::remove-unused-var                                  0     3.38     0.01        0       36              36
  LinesPass::8                                                              0     4.23     0.01        1        0               1
  ClangHintsPass::replace-function-def-with-decl                            0    16.36     0.04        1       37              38
  ClangPass::reduce-pointer-level                                           0    24.75     0.05        0       77              77
  PeepPass::c                                                               0    26.74     0.06        0    12112           12112
  TreeSitterPass::replace-function-def-with-decl                            0    36.90     0.08        2       56              58
  IntsPass::d                                                               0    53.13     0.12        6       28              34
  ClangPass::member-to-global                                               0    54.75     0.12        0      165             165
  ClangPass::remove-unused-field                                            0    57.00     0.12        0      166             166
  ClangHintsPass::callexpr-to-value                                         0    62.46     0.14        9      160             169
  BalancedPass::angles-only                                                 0    75.51     0.17        0      272             272
  BalancedPass::angles-inside                                               0    77.36     0.17        0      279             279
  BalancedPass::angles                                                      0    85.11     0.19        0      297             297
  BalancedPass::parens-inside                                               0   237.50     0.52        0     1526            1526
  BalancedPass::square-inside                                               0   367.65     0.81        1     1105            1106
  ClexPass::rm-tok-pattern-4                                                0  5310.44    11.64        0    22684           22684
  ClexHintsPass::rm-toks-1-to-16                                            0 10498.99    23.01        0    45000           45000
  ClangPass::union-to-struct                                               -1     2.65     0.01        1       15              16
  Folding (merging transformations from other passes)                  159144  1469.43     3.22      351      115             466

Runtime: 45622 seconds
Reduced test-cases:

--- HIPProg.hip ---
#include <hip/hip_runtime.h>
#include "HIPSmith.h"
#include "safe_math_macros.h"
#define transparent_crc(X, Y, Z) transparent_crc_(&crc64_context, X, , )
struct S0 {
   int64_t  f0;
   uint64_t  f6;
};
struct S1 {
   int16_t  f3;
};
struct U3 {
   S0  f3;
};
struct S4 {
    S0 g_108[2];
    S1 g_122;
    U3 g_163;
    S1 *g_173[2];
    int g_192;
    uint64_t *g_194;
    S0 g_220;
    uint64_t ***g_234;
    int32_t *g_340;
    U3 g_451;
    S0 *g_561;
    S0 *g_564;
    S0 **g_563;
    int32_t g_607;
    int64_t g_643;
    int *g_683;
    int64_t g_745;
    int32_t g_769;
    uint16_t ***g_914[8];
    uint16_t ****g_913;
    int8_t *g_942;
    int32_t **g_957;
    int32_t g_956;
    int16_t *g_1032;
    int16_t **g_1031[8][10];
    S0 g_1071;
    int64_t g_1168;
    int32_t g_1169;
    int *g_1271;
    int **g_1270;
    int **g_1327;
    uint64_t ****g_1384;
    uint64_t g_1383;
    uint32_t g_1391;
    uint32_t g_1548;
    int16_t ***g_1609;
    int16_t ****g_1608;
    uint8_t g_1633;
    S1 **g_1642;
    S0 g_1725;
    S0 ****g_1724[3][6][5];
    S0 *****g_1723;
    int8_t g_1794;
    int32_t *g_1821;
    int32_t g_1820;
    int32_t g_1829;
    int32_t g_1831;
    int64_t g_1881;
    int8_t g_1950;
    uint32_t g_2003;
};
__device__ uint64_t  func_1(S4 * p_2005)
{
    int64_t *l_1453 = &p_2005->g_108[0].f0;
    uint32_t l_2004 = 6;
        for (; p_2005->g_451.f3.f6 <= 2; p_2005->g_451.f3.f6 += 1)
                *l_1453 |= safe_add_func_int64_t_s_s(0 > p_2005->g_1071.f0, -10);
return l_2004;
}
__global__ void hipsmith_kernel(uint64_t *results) {
    S4 c_2006;
    S4* p_2005 = &c_2006;
    S4 c_2007 {
        {}, 
        3, 
        {}, 
        {}, 
        {}, 
        &p_2005->g_108[0].f6, 
        {}, 
        {}, 
        0, 
        {}, 
        nullptr, 
        &p_2005->g_220, 
        &p_2005->g_564, 
        0, 
        7, 
        nullptr, 
        {}, 
        3096316, 
        {}, 
        &p_2005->g_914[2], 
        nullptr, 
        &p_2005->g_340, 
        {}, 
        &p_2005->g_122.f3, 
        {}, 
        {}, 
        {}, 
        3, 
        &p_2005->g_192, 
        &p_2005->g_1271, 
        &p_2005->g_1271, 
        &p_2005->g_234, 
        {}, 
        3, 
        60506694, 
        &p_2005->g_1031[1][4], 
        &p_2005->g_1609, 
        5, 
        &p_2005->g_173[1], 
        {}, 
        {}, 
        &p_2005->g_1724[2][5][4], 
        5, 
        nullptr, 
        {}, 
        {}, 
        2, 
        2, 
        0, 
        4073709551610};
    c_2006 = c_2007;
    func_1(p_2005);
    uint64_t crc64_context = 0xFFFFFFFFFFFFFFFFUL;
    for (int i = 0; i < 2; i++)
        transparent_crc(p_2005->g_108[i].f0, , );
    int tid = threadIdx.x + blockIdx.x * blockDim.x;
    results[tid] = (crc64_context ^ 0xFFFFFFFFFFFFFFFFUL);
}
// ------------------------------------------------------------------
// Host Main
// ------------------------------------------------------------------
int main(int argc, const char* argv[]) {
    // Config
    const unsigned int num_threads = 4;
    const unsigned int block_size = 4;
    // Host Alloc
    std::vector<uint64_t> h_results(num_threads);
    const size_t results_bytes = sizeof(uint64_t) * h_results.size();
    // Device Alloc
    uint64_t *d_results;
    HIP_CHECK(hipMalloc((void**)&d_results, results_bytes));
    HIP_CHECK(hipMemset(d_results, 0, results_bytes));
    // Dimensions
    const dim3 block_dim(block_size);
    const dim3 grid_dim((num_threads + block_size - 1) / block_size);
    // Launch
    hipLaunchKernelGGL(hipsmith_kernel, grid_dim, block_dim, 0, 0, d_results);
    HIP_CHECK(hipGetLastError());
    HIP_CHECK(hipDeviceSynchronize());
    // Copy Back
    HIP_CHECK(hipMemcpy(h_results.data(), d_results, results_bytes, hipMemcpyDeviceToHost));
    // Free
    HIP_CHECK(hipFree(d_results));
    // Output
    for (size_t i = 0; i < h_results.size(); ++i) {
        printf("Thread %zu CRC: %lu\n", i, h_results[i]);
    }
    return 0;
}

