00:00:01 ERROR Prereqs not found for pass UnIfDefPass
00:00:01 ERROR Prereqs not found for pass IfPass
00:00:01 ERROR Prereqs not found for pass UnIfDefPass
00:00:16 INFO ===< 771545 >===
00:00:16 INFO running 4 interestingness tests in parallel
00:00:16 INFO (0.0%, 141436 bytes, 1460 lines)
00:00:16 INFO INITIAL PASSES (interleaving)
00:00:16 INFO ===<  >===
00:09:44 INFO (75.5%, 34655 bytes, 606 lines, via TreeSitterPass::remove-function + LinesPass::4 + LinesPass::6 + CommentsPass + LinesPass::3 + BalancedPass::curly3 + LinesPass::2 + BalancedPass::curly-inside + ClangHintsPass::callexpr-to-value + LinesPass::0 + BlankPass + ClexHintsPass::rm-toks-9-to-12)
00:18:39 INFO (84.4%, 22118 bytes, 555 lines, via BalancedPass::curly3 + LinesPass::4 + LinesPass::3 + ClangHintsPass::callexpr-to-value + BlankPass + CommentsPass)
00:27:28 INFO (88.1%, 16829 bytes, 468 lines, via BalancedPass::curly-inside + LinesPass::3 + LinesPass::2 + BalancedPass::curly3 + LinesPass::4 + LinesPass::0 + BlankPass)
00:36:59 INFO (90.4%, 13587 bytes, 408 lines, via BalancedPass::parens-to-zero + LinesPass::None + LinesPass::2 + LinesPass::3 + LinesPass::1 + LinesPass::0 + LinesPass::4 + ClangHintsPass::callexpr-to-value + ClexHintsPass::rm-toks-9-to-12 + BalancedPass::curly2 + ClexHintsPass::rm-toks-1-to-4)
00:46:11 INFO (92.3%, 10820 bytes, 355 lines, via BalancedPass::parens-to-zero + BalancedPass::curly + BalancedPass::curly-inside + LinesPass::2 + LinesPass::3 + ClexHintsPass::rm-toks-5-to-8 + BalancedPass::curly3 + BalancedPass::square + BalancedPass::curly2)
00:53:37 INFO (93.3%, 9459 bytes, 326 lines, via LinesPass::0 + LinesPass::1 + BalancedPass::parens-to-zero + LinesPass::4 + LinesPass::3 + BalancedPass::curly + BlankPass + ClexHintsPass::rm-toks-1-to-4 + BalancedPass::parens-only + BalancedPass::square + BalancedPass::curly-only)
00:59:44 INFO (93.9%, 8600 bytes, 300 lines, via LinesPass::None + TreeSitterPass::replace-function-def-with-decl + BalancedPass::parens-to-zero + LinesPass::1 + BalancedPass::curly3 + BalancedPass::square + BalancedPass::parens-only + BalancedPass::square-only)
01:06:02 INFO (94.4%, 7858 bytes, 278 lines, via LinesPass::1 + BalancedPass::parens-to-zero + LinesPass::2 + LinesPass::None + BlankPass + BalancedPass::square + ClexHintsPass::rm-toks-1-to-4 + BalancedPass::square-only + BalancedPass::parens-only)
01:13:30 INFO (94.9%, 7182 bytes, 258 lines, via LinesPass::1 + LinesPass::0 + LinesPass::None + BalancedPass::parens-to-zero + ClexHintsPass::rm-toks-1-to-4 + BalancedPass::parens-only)
01:16:57 INFO (95.1%, 6922 bytes, 252 lines, via LinesPass::None + BalancedPass::square)
01:22:32 INFO (95.3%, 6703 bytes, 245 lines, via LinesPass::1 + LinesPass::None + ClexHintsPass::rm-toks-1-to-4 + BalancedPass::square)
01:27:34 INFO (95.4%, 6513 bytes, 239 lines, via LinesPass::1 + ClexHintsPass::rm-toks-1-to-4)
01:37:00 INFO (95.7%, 6087 bytes, 229 lines, via LinesPass::None + ClexHintsPass::rm-toks-1-to-4 + BalancedPass::parens-to-zero)
01:43:14 INFO (95.7%, 6033 bytes, 228 lines, via ClexHintsPass::rm-toks-13-to-16 + BalancedPass::square + ClexHintsPass::rm-toks-1-to-4 + BalancedPass::parens-only)
01:50:41 INFO (95.8%, 5965 bytes, 226 lines, via LinesPass::None + ClexHintsPass::rm-toks-5-to-8 + ClexHintsPass::rm-toks-1-to-4 + BalancedPass::parens-only)
02:01:04 INFO (95.9%, 5857 bytes, 223 lines, via ClexHintsPass::rm-toks-1-to-4 + LinesPass::1 + ClexHintsPass::rm-toks-5-to-8 + ClexHintsPass::rm-toks-9-to-12)
02:11:40 INFO (95.9%, 5744 bytes, 217 lines, via LinesPass::1 + ClexHintsPass::rm-toks-1-to-4 + ClexHintsPass::rm-toks-13-to-16)
02:19:09 INFO (96.0%, 5719 bytes, 217 lines, via ClexHintsPass::rm-toks-1-to-4)
02:25:30 INFO (96.0%, 5691 bytes, 217 lines, via ClexHintsPass::rm-toks-1-to-4)
02:32:25 INFO (96.1%, 5583 bytes, 215 lines, via LinesPass::None + LinesPass::0 + ClexHintsPass::rm-toks-1-to-4)
02:41:25 INFO (96.1%, 5577 bytes, 215 lines, via BalancedPass::parens-only)
02:44:24 INFO (96.1%, 5561 bytes, 215 lines, via ClexHintsPass::rm-toks-1-to-4)
02:58:02 INFO (96.1%, 5500 bytes, 214 lines, via LinesPass::None)
03:01:53 INFO (96.1%, 5471 bytes, 213 lines, via LinesPass::3)
03:07:12 INFO (96.1%, 5457 bytes, 213 lines, via ClexHintsPass::rm-toks-5-to-8)
03:13:21 INFO (96.1%, 5454 bytes, 213 lines, via BalancedPass::square)
03:19:38 INFO (96.2%, 5443 bytes, 212 lines, via ClexHintsPass::rm-toks-1-to-4)
03:22:19 INFO (96.2%, 5427 bytes, 212 lines, via ClexHintsPass::rm-toks-1-to-4)
03:25:17 INFO (96.2%, 5404 bytes, 211 lines, via LinesPass::1)
03:27:53 INFO (96.2%, 5401 bytes, 211 lines, via BalancedPass::square)
03:31:06 INFO (96.2%, 5366 bytes, 211 lines, via ClexHintsPass::rm-toks-1-to-4)
03:34:21 INFO (96.2%, 5334 bytes, 210 lines, via LinesPass::None + ClexHintsPass::rm-toks-1-to-4)
03:37:13 INFO (96.2%, 5306 bytes, 209 lines, via LinesPass::3)
03:39:39 INFO (96.2%, 5304 bytes, 209 lines, via BalancedPass::parens-only)
04:20:49 INFO (96.3%, 5288 bytes, 209 lines, via ClexHintsPass::rm-toks-1-to-4)
04:36:07 INFO INITIAL PASSES
04:36:07 ERROR Skipping pass UnIfDefPass
04:36:07 ERROR Skipping pass IfPass
04:36:07 INFO ===< BalancedPass::angles, BalancedPass::angles-inside, BalancedPass::angles-only, BalancedPass::curly, BalancedPass::curly-inside, BalancedPass::curly-only, BalancedPass::curly2, BalancedPass::curly3, BalancedPass::parens, BalancedPass::parens-inside, BalancedPass::parens-only, BalancedPass::parens-to-zero, BalancedPass::square, BalancedPass::square-inside, BalancedPass::square-only, BlankPass, ClangHintsPass::callexpr-to-value, ClangHintsPass::remove-unused-function, ClangHintsPass::replace-dependent-typedef, ClangHintsPass::replace-function-def-with-decl, ClangIncludeGraphPass, ClangModuleMapPass, ClexHintsPass::rm-toks-1-to-4, ClexHintsPass::rm-toks-13-to-16, ClexHintsPass::rm-toks-5-to-8, ClexHintsPass::rm-toks-9-to-12, CommentsPass, InlineIncludesPass, LineMarkersPass, LinesPass::0, LinesPass::1, LinesPass::10, LinesPass::2, LinesPass::3, LinesPass::4, LinesPass::6, LinesPass::8, LinesPass::None, MakefilePass, RmUnusedFilesPass, TreeSitterPass::erase-namespace, TreeSitterPass::remove-function, TreeSitterPass::replace-function-def-with-decl >===
04:36:08 INFO ===< IncludesPass >===
04:36:08 INFO ===< CommentsPass >===
04:36:08 INFO ===< LineMarkersPass >===
04:36:09 INFO ===< BlankPass >===
04:36:10 INFO ===< ClangHintsPass::replace-function-def-with-decl (30 T) >===
04:36:11 INFO ===< ClangHintsPass::remove-unused-function (30 T) >===
04:36:11 INFO cache hit for HIPProg.hip
04:36:11 INFO ===< ClangHintsPass::replace-function-def-with-decl (30 T) >===
04:36:11 INFO cache hit for HIPProg.hip
04:36:11 INFO ===< ClangHintsPass::remove-unused-function (30 T) >===
04:36:11 INFO ===< ClangHintsPass::replace-function-def-with-decl >===
04:36:12 INFO ===< ClangHintsPass::remove-unused-function >===
04:36:25 INFO ===< LinesPass::0 >===
04:37:48 INFO ===< LinesPass::1 >===
04:38:03 INFO ===< LinesPass::2 >===
04:38:09 INFO ===< LinesPass::3 >===
04:38:09 INFO ===< LinesPass::4 >===
04:38:09 INFO ===< LinesPass::6 >===
04:38:09 INFO ===< LinesPass::8 >===
04:38:09 INFO ===< LinesPass::10 >===
04:38:09 INFO cache hit for HIPProg.hip
04:38:09 INFO ===< ClangHintsPass::replace-function-def-with-decl >===
04:38:09 INFO cache hit for HIPProg.hip
04:38:09 INFO ===< ClangHintsPass::remove-unused-function >===
04:38:09 INFO cache hit for HIPProg.hip
04:38:09 INFO ===< ClangHintsPass::remove-unused-function >===
04:38:23 INFO ===< BalancedPass::curly >===
04:38:43 INFO ===< BalancedPass::curly2 >===
04:38:43 INFO ===< BalancedPass::curly3 >===
04:39:04 INFO ===< BalancedPass::parens-to-zero >===
04:39:05 INFO ===< ClangHintsPass::callexpr-to-value >===
04:39:05 INFO ===< ClangPass::replace-callexpr >===
04:39:06 INFO ===< ClangPass::simplify-callexpr >===
04:39:05 INFO using C++ standard: c++2b with 0 transformation opportunities
04:39:06 INFO ===< ClangBinarySearchPass::remove-unused-enum-member >===
04:39:06 INFO ===< ClangPass::remove-enum-member-value >===
04:39:06 INFO using C++ standard: c++2b with 13 transformation opportunities
04:39:11 INFO ===< ClangBinarySearchPass::remove-unused-var >===
04:39:12 INFO ===< SpecialPass::a >===
04:39:12 INFO ===< SpecialPass::b >===
04:39:12 INFO INTERLEAVING PASSES
04:39:12 INFO ===< SpecialPass::c >===
04:42:37 INFO (96.3%, 5286 bytes, 207 lines, via BalancedPass::curly-only)
04:45:33 INFO (96.3%, 5268 bytes, 207 lines, via BlankPass)
04:48:17 INFO (96.3%, 5256 bytes, 207 lines, via ClexHintsPass::rm-toks-1-to-4)
04:51:52 INFO (96.3%, 5225 bytes, 207 lines, via ClexHintsPass::rm-toks-1-to-4)
04:55:26 INFO (96.3%, 5210 bytes, 207 lines, via ClexHintsPass::rm-toks-1-to-4)
05:00:04 INFO (96.4%, 5125 bytes, 207 lines, via ClexHintsPass::rm-toks-1-to-4 + ClexHintsPass::rm-toks-9-to-12)
05:03:42 INFO (96.4%, 5107 bytes, 205 lines, via BalancedPass::curly-inside + ClexHintsPass::rm-toks-1-to-4 + BalancedPass::parens-to-zero)
05:07:03 INFO (96.5%, 5017 bytes, 202 lines, via LinesPass::0 + ClexHintsPass::rm-toks-1-to-4 + BalancedPass::parens-only)
05:11:47 INFO (96.5%, 5010 bytes, 201 lines, via ClexHintsPass::rm-toks-1-to-4)
05:14:34 INFO (96.5%, 4995 bytes, 201 lines, via ClexHintsPass::rm-toks-1-to-4)
05:30:18 INFO (96.5%, 4989 bytes, 201 lines, via ClexHintsPass::rm-toks-1-to-4)
05:41:29 INFO (96.5%, 4972 bytes, 201 lines, via ClexHintsPass::rm-toks-5-to-8)
05:58:12 INFO (96.5%, 4964 bytes, 201 lines, via ClexHintsPass::rm-toks-1-to-4)
06:01:16 INFO (96.5%, 4960 bytes, 201 lines, via ClexHintsPass::rm-toks-1-to-4)
06:04:32 INFO (96.5%, 4945 bytes, 201 lines, via ClexHintsPass::rm-toks-1-to-4)
06:10:54 INFO (96.5%, 4943 bytes, 201 lines, via BalancedPass::parens-only)
06:49:25 INFO Termination check: size was 5288; now 4943
06:49:25 INFO ===< BalancedPass::angles, BalancedPass::angles-inside, BalancedPass::angles-only, BalancedPass::curly, BalancedPass::curly-inside, BalancedPass::curly-only, BalancedPass::curly2, BalancedPass::curly3, BalancedPass::parens, BalancedPass::parens-inside, BalancedPass::parens-only, BalancedPass::parens-to-zero, BalancedPass::square, BalancedPass::square-inside, BalancedPass::square-only, BlankPass, ClangHintsPass::callexpr-to-value, ClangHintsPass::remove-unused-function, ClangHintsPass::replace-dependent-typedef, ClangHintsPass::replace-function-def-with-decl, ClangIncludeGraphPass, ClangModuleMapPass, ClexHintsPass::rm-toks-1-to-4, ClexHintsPass::rm-toks-13-to-16, ClexHintsPass::rm-toks-5-to-8, ClexHintsPass::rm-toks-9-to-12, CommentsPass, InlineIncludesPass, LineMarkersPass, LinesPass::0, LinesPass::1, LinesPass::10, LinesPass::2, LinesPass::3, LinesPass::4, LinesPass::6, LinesPass::8, LinesPass::None, MakefilePass, RmUnusedFilesPass, TreeSitterPass::erase-namespace, TreeSitterPass::remove-function, TreeSitterPass::replace-function-def-with-decl >===
06:59:01 INFO (96.5%, 4936 bytes, 201 lines, via ClexHintsPass::rm-toks-1-to-4)
07:01:52 INFO (96.7%, 4715 bytes, 195 lines, via LinesPass::0)
07:05:37 INFO (96.7%, 4709 bytes, 195 lines, via BalancedPass::square)
07:09:01 INFO (96.7%, 4700 bytes, 195 lines, via BalancedPass::square)
07:11:24 INFO (96.7%, 4698 bytes, 195 lines, via BalancedPass::parens-only)
07:17:37 INFO (96.7%, 4695 bytes, 195 lines, via BalancedPass::square)
07:31:45 INFO (96.7%, 4675 bytes, 195 lines, via ClexHintsPass::rm-toks-5-to-8)
07:34:18 INFO (96.7%, 4653 bytes, 195 lines, via ClexHintsPass::rm-toks-5-to-8)
07:36:26 INFO (96.7%, 4629 bytes, 194 lines, via LinesPass::1)
08:24:02 INFO Termination check: size was 4943; now 4629
08:24:02 INFO ===< BalancedPass::angles, BalancedPass::angles-inside, BalancedPass::angles-only, BalancedPass::curly, BalancedPass::curly-inside, BalancedPass::curly-only, BalancedPass::curly2, BalancedPass::curly3, BalancedPass::parens, BalancedPass::parens-inside, BalancedPass::parens-only, BalancedPass::parens-to-zero, BalancedPass::square, BalancedPass::square-inside, BalancedPass::square-only, BlankPass, ClangHintsPass::callexpr-to-value, ClangHintsPass::remove-unused-function, ClangHintsPass::replace-dependent-typedef, ClangHintsPass::replace-function-def-with-decl, ClangIncludeGraphPass, ClangModuleMapPass, ClexHintsPass::rm-toks-1-to-4, ClexHintsPass::rm-toks-13-to-16, ClexHintsPass::rm-toks-5-to-8, ClexHintsPass::rm-toks-9-to-12, CommentsPass, InlineIncludesPass, LineMarkersPass, LinesPass::0, LinesPass::1, LinesPass::10, LinesPass::2, LinesPass::3, LinesPass::4, LinesPass::6, LinesPass::8, LinesPass::None, MakefilePass, RmUnusedFilesPass, TreeSitterPass::erase-namespace, TreeSitterPass::remove-function, TreeSitterPass::replace-function-def-with-decl >===
08:27:42 INFO (96.7%, 4626 bytes, 194 lines, via ClexHintsPass::rm-toks-1-to-4)
08:30:02 INFO (96.7%, 4620 bytes, 194 lines, via ClexHintsPass::rm-toks-1-to-4)
09:23:29 INFO Termination check: size was 4629; now 4620
09:23:29 INFO ===< BalancedPass::angles, BalancedPass::angles-inside, BalancedPass::angles-only, BalancedPass::curly, BalancedPass::curly-inside, BalancedPass::curly-only, BalancedPass::curly2, BalancedPass::curly3, BalancedPass::parens, BalancedPass::parens-inside, BalancedPass::parens-only, BalancedPass::parens-to-zero, BalancedPass::square, BalancedPass::square-inside, BalancedPass::square-only, BlankPass, ClangHintsPass::callexpr-to-value, ClangHintsPass::remove-unused-function, ClangHintsPass::replace-dependent-typedef, ClangHintsPass::replace-function-def-with-decl, ClangIncludeGraphPass, ClangModuleMapPass, ClexHintsPass::rm-toks-1-to-4, ClexHintsPass::rm-toks-13-to-16, ClexHintsPass::rm-toks-5-to-8, ClexHintsPass::rm-toks-9-to-12, CommentsPass, InlineIncludesPass, LineMarkersPass, LinesPass::0, LinesPass::1, LinesPass::10, LinesPass::2, LinesPass::3, LinesPass::4, LinesPass::6, LinesPass::8, LinesPass::None, MakefilePass, RmUnusedFilesPass, TreeSitterPass::erase-namespace, TreeSitterPass::remove-function, TreeSitterPass::replace-function-def-with-decl >===
10:20:52 INFO Termination check: size was 4620; now 4620
10:20:52 INFO MAIN PASSES
10:20:52 ERROR Skipping pass UnIfDefPass
10:20:52 INFO ===< BalancedPass::angles, BalancedPass::angles-inside, BalancedPass::angles-only, BalancedPass::curly, BalancedPass::curly-inside, BalancedPass::curly-only, BalancedPass::curly2, BalancedPass::curly3, BalancedPass::parens, BalancedPass::parens-inside, BalancedPass::parens-only, BalancedPass::parens-to-zero, BalancedPass::square, BalancedPass::square-inside, BalancedPass::square-only, BlankPass, ClangHintsPass::callexpr-to-value, ClangHintsPass::remove-unused-function, ClangHintsPass::replace-dependent-typedef, ClangHintsPass::replace-function-def-with-decl, ClangIncludeGraphPass, ClangModuleMapPass, ClexHintsPass::rm-toks-1-to-4, ClexHintsPass::rm-toks-13-to-16, ClexHintsPass::rm-toks-5-to-8, ClexHintsPass::rm-toks-9-to-12, CommentsPass, InlineIncludesPass, LineMarkersPass, LinesPass::0, LinesPass::1, LinesPass::10, LinesPass::2, LinesPass::3, LinesPass::4, LinesPass::6, LinesPass::8, LinesPass::None, MakefilePass, RmUnusedFilesPass, TreeSitterPass::erase-namespace, TreeSitterPass::remove-function, TreeSitterPass::replace-function-def-with-decl >===
10:20:52 INFO ===< IncludeIncludesPass >===
10:20:52 INFO ===< TernaryPass::b >===
10:20:52 INFO ===< TernaryPass::c >===
10:21:01 INFO ===< BalancedPass::curly >===
10:21:11 INFO ===< BalancedPass::curly2 >===
10:21:11 INFO ===< BalancedPass::curly3 >===
10:21:22 INFO ===< BalancedPass::parens >===
10:21:23 INFO ===< BalancedPass::angles >===
10:21:32 INFO ===< BalancedPass::square >===
10:21:50 INFO ===< BalancedPass::curly-inside >===
10:21:58 INFO ===< BalancedPass::parens-inside >===
10:21:59 INFO ===< BalancedPass::angles-inside >===
10:22:04 INFO ===< BalancedPass::square-inside >===
10:22:13 INFO ===< BalancedPass::curly-only >===
10:22:14 INFO ===< BalancedPass::angles-only >===
10:22:21 INFO ===< BalancedPass::square-only >===
10:22:21 INFO ===< ClangPass::remove-namespace >===
10:22:33 INFO (96.7%, 4637 bytes, 195 lines)
10:22:33 INFO ===< ClangPass::aggregate-to-scalar >===
10:22:33 INFO ===< ClangPass::param-to-global >===
10:22:34 INFO ===< ClangPass::param-to-local >===
10:22:34 INFO ===< ClangPass::remove-nested-function >===
10:22:42 INFO (96.7%, 4638 bytes, 195 lines)
10:22:42 INFO ===< ClangPass::union-to-struct >===
10:22:43 INFO ===< ClangPass::return-void >===
10:22:43 INFO ===< ClangPass::simple-inliner >===
10:22:49 INFO ===< ClangPass::reduce-pointer-level >===
10:22:49 INFO ===< ClangPass::lift-assignment-expr >===
10:22:49 INFO ===< ClangPass::copy-propagation >===
10:22:50 INFO ===< ClangHintsPass::callexpr-to-value >===
10:22:50 INFO ===< ClangPass::replace-callexpr >===
10:22:51 INFO ===< ClangPass::simplify-callexpr >===
10:22:51 INFO ===< ClangHintsPass::remove-unused-function >===
10:22:51 INFO using C++ standard: c++2b with 0 transformation opportunities
10:22:51 INFO ===< ClangBinarySearchPass::remove-unused-enum-member >===
10:22:51 INFO ===< ClangPass::remove-enum-member-value >===
10:22:51 INFO using C++ standard: c++2b with 9 transformation opportunities
10:22:54 INFO ===< ClangBinarySearchPass::remove-unused-var >===
10:22:54 INFO ===< ClangPass::simplify-if >===
10:22:54 INFO ===< ClangPass::reduce-array-dim >===
10:22:54 INFO ===< ClangPass::reduce-array-size >===
10:22:54 INFO ===< ClangPass::move-definition-to-declaration >===
10:22:54 INFO ===< ClangPass::simplify-comma-expr >===
10:22:54 INFO ===< ClangPass::simplify-dependent-typedef >===
10:22:54 INFO ===< ClangPass::replace-simple-typedef >===
10:22:54 INFO ===< ClangHintsPass::replace-dependent-typedef >===
10:22:54 INFO ===< ClangPass::replace-one-level-typedef-type >===
10:23:09 INFO ===< ClangPass::remove-unused-field >===
10:23:09 INFO ===< ClangPass::instantiate-template-type-param-to-int >===
10:23:09 INFO ===< ClangPass::instantiate-template-param >===
10:23:09 INFO ===< ClangPass::template-arg-to-int >===
10:23:10 INFO ===< ClangPass::template-non-type-arg-to-int >===
10:23:10 INFO ===< ClangPass::reduce-class-template-param >===
10:23:10 INFO ===< ClangPass::remove-trivial-base-template >===
10:23:10 INFO ===< ClangPass::class-template-to-class >===
10:23:10 INFO ===< ClangPass::merge-base-class >===
10:23:10 INFO ===< ClangPass::remove-base-class >===
10:23:10 INFO ===< ClangPass::replace-derived-class >===
10:23:10 INFO ===< ClangPass::remove-unresolved-base >===
10:23:10 INFO ===< ClangPass::remove-ctor-initializer >===
10:23:10 INFO ===< ClangPass::replace-class-with-base-template-spec >===
10:23:10 INFO ===< ClangPass::simplify-nested-class >===
10:23:10 INFO ===< ClangPass::remove-unused-outer-class >===
10:23:11 INFO ===< ClangPass::empty-struct-to-int >===
10:23:11 INFO ===< ClangPass::remove-pointer >===
10:23:11 INFO ===< ClangPass::reduce-pointer-pairs >===
10:23:11 INFO ===< ClangPass::remove-array >===
10:23:11 INFO ===< ClangPass::remove-addr-taken >===
10:23:11 INFO ===< ClangPass::simplify-struct >===
10:23:11 INFO ===< ClangPass::replace-undefined-function >===
10:23:11 INFO ===< ClangPass::replace-array-index-var >===
10:23:11 INFO ===< ClangPass::replace-array-access-with-index >===
10:23:12 INFO ===< ClangPass::replace-dependent-name >===
10:23:12 INFO ===< ClangPass::simplify-recursive-template-instantiation >===
10:23:12 INFO ===< ClangPass::vector-to-array >===
10:23:12 INFO ===< ClangPass::remove-try-catch >===
10:23:12 INFO ===< ClangPass::class-to-struct >===
10:23:28 INFO ===< ClangPass::member-to-global >===
10:23:33 INFO ===< LinesPass::0 >===
10:24:21 INFO ===< LinesPass::1 >===
10:24:31 INFO ===< LinesPass::2 >===
10:24:31 INFO ===< LinesPass::3 >===
10:24:31 INFO ===< LinesPass::4 >===
10:24:31 INFO ===< LinesPass::6 >===
10:24:31 INFO ===< LinesPass::8 >===
10:24:31 INFO ===< LinesPass::10 >===
10:24:31 INFO ===< CommentsPass >===
10:24:31 INFO ===< SpecialPass::b >===
10:24:31 INFO ===< SpecialPass::c >===
10:24:31 INFO ===< IndentPass::regular >===
10:24:38 INFO ===< BalancedPass::parens-to-zero >===
11:16:13 INFO ===< ClexHintsPass::rm-toks-1-to-16 >===
11:42:03 INFO ===< ClexPass::rm-tok-pattern-4 >===
11:42:04 INFO ===< ClangPass::local-to-global >===
11:42:12 INFO ===< PeepPass::c >===
11:42:26 INFO (96.7%, 4637 bytes, 195 lines)
11:42:41 INFO (96.7%, 4636 bytes, 195 lines)
11:42:56 INFO (96.7%, 4635 bytes, 195 lines)
11:43:10 INFO (96.7%, 4634 bytes, 195 lines)
11:43:25 INFO (96.7%, 4633 bytes, 195 lines)
11:43:40 INFO (96.7%, 4632 bytes, 195 lines)
11:43:55 INFO (96.7%, 4631 bytes, 195 lines)
11:44:09 INFO (96.7%, 4630 bytes, 195 lines)
11:44:24 INFO (96.7%, 4629 bytes, 195 lines)
11:44:38 INFO (96.7%, 4628 bytes, 195 lines)
11:44:56 INFO (96.7%, 4627 bytes, 195 lines)
11:45:10 INFO (96.7%, 4626 bytes, 195 lines)
11:45:25 INFO (96.7%, 4625 bytes, 195 lines)
11:45:43 INFO (96.7%, 4624 bytes, 195 lines)
11:45:58 INFO (96.7%, 4623 bytes, 195 lines)
11:46:12 INFO (96.7%, 4622 bytes, 195 lines)
11:46:27 INFO (96.7%, 4621 bytes, 195 lines)
11:46:41 INFO (96.7%, 4620 bytes, 195 lines)
11:46:55 INFO (96.7%, 4619 bytes, 195 lines)
11:47:13 INFO (96.7%, 4618 bytes, 195 lines)
11:47:28 INFO (96.7%, 4617 bytes, 195 lines)
11:47:42 INFO (96.7%, 4616 bytes, 195 lines)
11:47:57 INFO (96.7%, 4615 bytes, 195 lines)
11:48:12 INFO (96.7%, 4614 bytes, 195 lines)
11:48:26 INFO (96.7%, 4613 bytes, 195 lines)
11:48:40 INFO (96.7%, 4612 bytes, 195 lines)
11:48:55 INFO (96.7%, 4611 bytes, 195 lines)
11:49:10 INFO (96.7%, 4610 bytes, 195 lines)
11:49:24 INFO (96.7%, 4609 bytes, 195 lines)
11:49:39 INFO (96.7%, 4608 bytes, 195 lines)
11:49:54 INFO (96.7%, 4607 bytes, 195 lines)
11:50:08 INFO (96.7%, 4606 bytes, 195 lines)
11:50:23 INFO (96.7%, 4605 bytes, 195 lines)
11:50:37 INFO (96.7%, 4604 bytes, 195 lines)
11:50:51 INFO (96.7%, 4603 bytes, 195 lines)
11:51:06 INFO (96.7%, 4602 bytes, 195 lines)
11:51:20 INFO (96.7%, 4601 bytes, 195 lines)
11:51:35 INFO (96.7%, 4600 bytes, 195 lines)
11:51:49 INFO (96.7%, 4599 bytes, 195 lines)
11:52:01 INFO (96.7%, 4598 bytes, 195 lines)
11:52:15 INFO (96.7%, 4597 bytes, 195 lines)
11:52:30 INFO (96.8%, 4596 bytes, 195 lines)
11:52:45 INFO (96.8%, 4595 bytes, 195 lines)
11:53:00 INFO (96.8%, 4594 bytes, 195 lines)
11:53:14 INFO (96.8%, 4593 bytes, 195 lines)
11:53:35 INFO (96.8%, 4592 bytes, 195 lines)
11:53:53 INFO (96.8%, 4591 bytes, 195 lines)
11:54:09 INFO (96.8%, 4590 bytes, 195 lines)
11:54:24 INFO (96.8%, 4589 bytes, 195 lines)
11:54:39 INFO (96.8%, 4588 bytes, 195 lines)
11:54:56 INFO (96.8%, 4587 bytes, 195 lines)
11:55:10 INFO (96.8%, 4586 bytes, 195 lines)
11:55:25 INFO (96.8%, 4585 bytes, 195 lines)
11:55:39 INFO (96.8%, 4584 bytes, 195 lines)
11:55:52 INFO (96.8%, 4583 bytes, 195 lines)
11:56:05 INFO (96.8%, 4582 bytes, 195 lines)
11:56:18 INFO (96.8%, 4581 bytes, 195 lines)
11:56:30 INFO (96.8%, 4580 bytes, 195 lines)
11:56:43 INFO (96.8%, 4579 bytes, 195 lines)
11:56:56 INFO (96.8%, 4578 bytes, 195 lines)
11:57:09 INFO (96.8%, 4577 bytes, 195 lines)
11:57:21 INFO (96.8%, 4576 bytes, 195 lines)
11:57:34 INFO (96.8%, 4575 bytes, 195 lines)
11:57:47 INFO (96.8%, 4574 bytes, 195 lines)
11:58:00 INFO (96.8%, 4573 bytes, 195 lines)
11:58:12 INFO (96.8%, 4572 bytes, 195 lines)
11:58:25 INFO (96.8%, 4571 bytes, 195 lines)
11:58:38 INFO (96.8%, 4570 bytes, 195 lines)
11:58:50 INFO (96.8%, 4569 bytes, 195 lines)
11:59:03 INFO (96.8%, 4568 bytes, 195 lines)
11:59:16 INFO (96.8%, 4567 bytes, 195 lines)
11:59:29 INFO (96.8%, 4566 bytes, 195 lines)
11:59:41 INFO (96.8%, 4565 bytes, 195 lines)
11:59:54 INFO (96.8%, 4564 bytes, 195 lines)
12:00:07 INFO (96.8%, 4563 bytes, 195 lines)
12:00:20 INFO (96.8%, 4562 bytes, 195 lines)
12:00:32 INFO (96.8%, 4561 bytes, 195 lines)
12:00:45 INFO (96.8%, 4560 bytes, 195 lines)
12:00:58 INFO (96.8%, 4559 bytes, 195 lines)
12:01:11 INFO (96.8%, 4558 bytes, 195 lines)
12:01:23 INFO (96.8%, 4557 bytes, 195 lines)
12:01:36 INFO (96.8%, 4556 bytes, 195 lines)
12:01:49 INFO (96.8%, 4555 bytes, 195 lines)
12:02:02 INFO (96.8%, 4554 bytes, 195 lines)
12:02:15 INFO (96.8%, 4553 bytes, 195 lines)
12:02:28 INFO (96.8%, 4552 bytes, 195 lines)
12:02:41 INFO (96.8%, 4551 bytes, 195 lines)
12:02:53 INFO (96.8%, 4550 bytes, 195 lines)
12:03:06 INFO (96.8%, 4549 bytes, 195 lines)
12:03:19 INFO (96.8%, 4548 bytes, 195 lines)
12:03:31 INFO (96.8%, 4547 bytes, 195 lines)
12:03:45 INFO (96.8%, 4546 bytes, 195 lines)
12:03:58 INFO (96.8%, 4545 bytes, 195 lines)
12:04:10 INFO (96.8%, 4544 bytes, 195 lines)
12:04:23 INFO (96.8%, 4543 bytes, 195 lines)
12:04:36 INFO (96.8%, 4542 bytes, 195 lines)
12:04:47 INFO (96.8%, 4541 bytes, 195 lines)
12:04:58 INFO (96.8%, 4540 bytes, 195 lines)
12:05:10 INFO (96.8%, 4539 bytes, 195 lines)
12:05:21 INFO (96.8%, 4538 bytes, 195 lines)
12:05:33 INFO (96.8%, 4537 bytes, 195 lines)
12:05:44 INFO (96.8%, 4536 bytes, 195 lines)
12:05:56 INFO (96.8%, 4535 bytes, 195 lines)
12:06:07 INFO (96.8%, 4534 bytes, 195 lines)
12:06:19 INFO (96.8%, 4533 bytes, 195 lines)
12:06:30 INFO (96.8%, 4532 bytes, 195 lines)
12:06:37 INFO (96.8%, 4531 bytes, 195 lines)
12:06:44 INFO (96.8%, 4530 bytes, 195 lines)
12:06:51 INFO (96.8%, 4529 bytes, 195 lines)
12:06:51 INFO ===< IntsPass::a >===
12:07:04 INFO (96.8%, 4527 bytes, 195 lines)
12:07:18 INFO (96.8%, 4525 bytes, 195 lines)
12:07:31 INFO (96.8%, 4523 bytes, 195 lines)
12:07:44 INFO (96.8%, 4521 bytes, 195 lines)
12:07:57 INFO (96.8%, 4519 bytes, 195 lines)
12:08:11 INFO (96.8%, 4517 bytes, 195 lines)
12:08:24 INFO (96.8%, 4515 bytes, 195 lines)
12:08:36 INFO (96.8%, 4513 bytes, 195 lines)
12:08:44 INFO (96.8%, 4511 bytes, 195 lines)
12:08:46 INFO ===< IntsPass::b >===
12:08:59 INFO (96.8%, 4510 bytes, 195 lines)
12:09:13 INFO (96.8%, 4509 bytes, 195 lines)
12:09:26 INFO (96.8%, 4508 bytes, 195 lines)
12:09:39 INFO (96.8%, 4506 bytes, 195 lines)
12:09:50 INFO (96.8%, 4504 bytes, 195 lines)
12:10:03 INFO (96.8%, 4503 bytes, 195 lines)
12:10:16 INFO (96.8%, 4501 bytes, 195 lines)
12:10:29 INFO (96.8%, 4500 bytes, 195 lines)
12:10:42 INFO (96.8%, 4499 bytes, 195 lines)
12:10:57 INFO (96.8%, 4498 bytes, 195 lines)
12:11:11 INFO (96.8%, 4497 bytes, 195 lines)
12:11:24 INFO (96.8%, 4496 bytes, 195 lines)
12:11:38 INFO (96.8%, 4494 bytes, 195 lines)
12:11:51 INFO (96.8%, 4492 bytes, 195 lines)
12:12:04 INFO (96.8%, 4491 bytes, 195 lines)
12:12:18 INFO (96.8%, 4490 bytes, 195 lines)
12:12:31 INFO (96.8%, 4488 bytes, 195 lines)
12:12:44 INFO (96.8%, 4487 bytes, 195 lines)
12:12:58 INFO (96.8%, 4485 bytes, 195 lines)
12:13:11 INFO (96.8%, 4484 bytes, 195 lines)
12:13:24 INFO (96.8%, 4483 bytes, 195 lines)
12:13:38 INFO (96.8%, 4482 bytes, 195 lines)
12:13:52 INFO (96.8%, 4481 bytes, 195 lines)
12:14:04 INFO (96.8%, 4480 bytes, 195 lines)
12:14:15 INFO (96.8%, 4479 bytes, 195 lines)
12:14:21 INFO (96.8%, 4478 bytes, 195 lines)
12:14:21 INFO ===< IntsPass::c >===
12:14:35 INFO (96.8%, 4477 bytes, 195 lines)
12:14:48 INFO (96.8%, 4476 bytes, 195 lines)
12:15:02 INFO (96.8%, 4475 bytes, 195 lines)
12:15:14 INFO (96.8%, 4474 bytes, 195 lines)
12:15:22 INFO (96.8%, 4473 bytes, 195 lines)
12:15:29 INFO (96.8%, 4472 bytes, 195 lines)
12:15:29 INFO ===< IntsPass::d >===
12:15:29 INFO ===< IntsPass::c >===
12:15:35 INFO ===< BalancedPass::parens-only >===
12:15:36 INFO ===< ClexPass::delete-string >===
12:15:36 INFO Termination check: size was 4620; now 4472
12:15:36 ERROR Skipping pass UnIfDefPass
12:15:36 INFO ===< ClexPass::define >===
12:15:36 INFO ===< IncludeIncludesPass >===
12:15:36 INFO ===< TernaryPass::b >===
12:15:36 INFO ===< TernaryPass::c >===
12:15:44 INFO ===< BalancedPass::curly >===
12:15:53 INFO ===< BalancedPass::curly2 >===
12:15:53 INFO ===< BalancedPass::curly3 >===
12:16:02 INFO ===< BalancedPass::parens >===
12:16:02 INFO ===< BalancedPass::angles >===
12:16:11 INFO ===< BalancedPass::square >===
12:16:28 INFO ===< BalancedPass::curly-inside >===
12:16:34 INFO ===< BalancedPass::parens-inside >===
12:16:35 INFO ===< BalancedPass::angles-inside >===
12:16:39 INFO ===< BalancedPass::square-inside >===
12:16:46 INFO ===< BalancedPass::curly-only >===
12:16:47 INFO ===< BalancedPass::angles-only >===
12:16:52 INFO ===< BalancedPass::square-only >===
12:16:53 INFO ===< ClangPass::remove-namespace >===
12:16:53 INFO ===< ClangPass::aggregate-to-scalar >===
12:16:53 INFO ===< ClangPass::param-to-global >===
12:16:53 INFO ===< ClangPass::param-to-local >===
12:16:53 INFO ===< ClangPass::remove-nested-function >===
12:16:57 INFO ===< ClangPass::union-to-struct >===
12:16:58 INFO ===< ClangPass::return-void >===
12:16:58 INFO ===< ClangPass::simple-inliner >===
12:17:03 INFO ===< ClangPass::reduce-pointer-level >===
12:17:03 INFO ===< ClangPass::lift-assignment-expr >===
12:17:03 INFO ===< ClangPass::copy-propagation >===
12:17:03 INFO ===< ClangHintsPass::callexpr-to-value >===
12:17:03 INFO ===< ClangPass::replace-callexpr >===
12:17:04 INFO ===< ClangPass::simplify-callexpr >===
12:17:04 INFO ===< ClangHintsPass::remove-unused-function >===
12:17:04 INFO using C++ standard: c++2b with 0 transformation opportunities
12:17:05 INFO ===< ClangBinarySearchPass::remove-unused-enum-member >===
12:17:05 INFO ===< ClangPass::remove-enum-member-value >===
12:17:04 INFO using C++ standard: c++2b with 9 transformation opportunities
12:17:07 INFO ===< ClangBinarySearchPass::remove-unused-var >===
12:17:07 INFO ===< ClangPass::simplify-if >===
12:17:07 INFO ===< ClangPass::reduce-array-dim >===
12:17:07 INFO ===< ClangPass::reduce-array-size >===
12:17:07 INFO ===< ClangPass::move-definition-to-declaration >===
12:17:07 INFO ===< ClangPass::simplify-comma-expr >===
12:17:07 INFO ===< ClangPass::simplify-dependent-typedef >===
12:17:07 INFO ===< ClangPass::replace-simple-typedef >===
12:17:07 INFO ===< ClangHintsPass::replace-dependent-typedef >===
12:17:07 INFO ===< ClangPass::replace-one-level-typedef-type >===
12:17:20 INFO ===< ClangPass::remove-unused-field >===
12:17:20 INFO ===< ClangPass::instantiate-template-type-param-to-int >===
12:17:20 INFO ===< ClangPass::instantiate-template-param >===
12:17:20 INFO ===< ClangPass::template-arg-to-int >===
12:17:20 INFO ===< ClangPass::template-non-type-arg-to-int >===
12:17:20 INFO ===< ClangPass::reduce-class-template-param >===
12:17:20 INFO ===< ClangPass::remove-trivial-base-template >===
12:17:20 INFO ===< ClangPass::class-template-to-class >===
12:17:20 INFO ===< ClangPass::merge-base-class >===
12:17:20 INFO ===< ClangPass::remove-base-class >===
12:17:20 INFO ===< ClangPass::replace-derived-class >===
12:17:20 INFO ===< ClangPass::remove-unresolved-base >===
12:17:20 INFO ===< ClangPass::remove-ctor-initializer >===
12:17:20 INFO ===< ClangPass::replace-class-with-base-template-spec >===
12:17:20 INFO ===< ClangPass::simplify-nested-class >===
12:17:20 INFO ===< ClangPass::remove-unused-outer-class >===
12:17:21 INFO ===< ClangPass::empty-struct-to-int >===
12:17:21 INFO ===< ClangPass::remove-pointer >===
12:17:21 INFO ===< ClangPass::reduce-pointer-pairs >===
12:17:21 INFO ===< ClangPass::remove-array >===
12:17:21 INFO ===< ClangPass::remove-addr-taken >===
12:17:21 INFO ===< ClangPass::simplify-struct >===
12:17:21 INFO ===< ClangPass::replace-undefined-function >===
12:17:21 INFO ===< ClangPass::replace-array-index-var >===
12:17:21 INFO ===< ClangPass::replace-array-access-with-index >===
12:17:21 INFO ===< ClangPass::replace-dependent-name >===
12:17:21 INFO ===< ClangPass::simplify-recursive-template-instantiation >===
12:17:21 INFO ===< ClangPass::vector-to-array >===
12:17:21 INFO ===< ClangPass::remove-try-catch >===
12:17:21 INFO ===< ClangPass::class-to-struct >===
12:17:35 INFO ===< ClangPass::member-to-global >===
12:17:38 INFO ===< LinesPass::0 >===
12:18:20 INFO ===< LinesPass::1 >===
12:18:29 INFO ===< LinesPass::2 >===
12:18:29 INFO ===< LinesPass::3 >===
12:18:29 INFO ===< LinesPass::4 >===
12:18:29 INFO ===< LinesPass::6 >===
12:18:29 INFO ===< LinesPass::8 >===
12:18:29 INFO ===< LinesPass::10 >===
12:18:29 INFO ===< CommentsPass >===
12:18:29 INFO ===< SpecialPass::b >===
12:18:29 INFO ===< SpecialPass::c >===
12:18:29 INFO ===< IndentPass::regular >===
12:18:36 INFO ===< BalancedPass::parens-to-zero >===
13:05:29 INFO ===< ClexHintsPass::rm-toks-1-to-16 >===
13:27:13 INFO ===< ClexPass::rm-tok-pattern-4 >===
13:27:14 INFO ===< ClangPass::local-to-global >===
13:27:20 INFO ===< PeepPass::c >===
13:27:33 INFO (96.8%, 4471 bytes, 195 lines)
13:27:47 INFO (96.8%, 4470 bytes, 195 lines)
13:28:00 INFO (96.8%, 4469 bytes, 195 lines)
13:28:12 INFO (96.8%, 4468 bytes, 195 lines)
13:28:23 INFO (96.8%, 4467 bytes, 195 lines)
13:28:30 INFO (96.8%, 4466 bytes, 195 lines)
13:28:30 INFO ===< IntsPass::a >===
13:28:31 INFO ===< IntsPass::b >===
13:28:31 INFO ===< IntsPass::c >===
13:28:31 INFO ===< IntsPass::d >===
13:28:31 INFO cache hit for HIPProg.hip
13:28:31 INFO ===< IntsPass::c >===
13:28:36 INFO ===< BalancedPass::parens-only >===
13:28:37 INFO ===< ClexPass::delete-string >===
13:28:38 INFO Termination check: size was 4472; now 4466
13:28:38 ERROR Skipping pass UnIfDefPass
13:28:38 INFO ===< ClexPass::define >===
13:28:38 INFO ===< IncludeIncludesPass >===
13:28:38 INFO ===< TernaryPass::b >===
13:28:38 INFO ===< TernaryPass::c >===
13:28:46 INFO ===< BalancedPass::curly >===
13:28:54 INFO ===< BalancedPass::curly2 >===
13:28:54 INFO ===< BalancedPass::curly3 >===
13:29:03 INFO ===< BalancedPass::parens >===
13:29:04 INFO ===< BalancedPass::angles >===
13:29:12 INFO ===< BalancedPass::square >===
13:29:29 INFO ===< BalancedPass::curly-inside >===
13:29:35 INFO ===< BalancedPass::parens-inside >===
13:29:36 INFO ===< BalancedPass::angles-inside >===
13:29:40 INFO ===< BalancedPass::square-inside >===
13:29:48 INFO ===< BalancedPass::curly-only >===
13:29:48 INFO ===< BalancedPass::angles-only >===
13:29:54 INFO ===< BalancedPass::square-only >===
13:29:54 INFO ===< ClangPass::remove-namespace >===
13:29:54 INFO ===< ClangPass::aggregate-to-scalar >===
13:29:54 INFO ===< ClangPass::param-to-global >===
13:29:55 INFO ===< ClangPass::param-to-local >===
13:29:55 INFO ===< ClangPass::remove-nested-function >===
13:29:58 INFO ===< ClangPass::union-to-struct >===
13:29:59 INFO ===< ClangPass::return-void >===
13:29:59 INFO ===< ClangPass::simple-inliner >===
13:30:03 INFO ===< ClangPass::reduce-pointer-level >===
13:30:04 INFO ===< ClangPass::lift-assignment-expr >===
13:30:04 INFO ===< ClangPass::copy-propagation >===
13:30:04 INFO ===< ClangHintsPass::callexpr-to-value >===
13:30:04 INFO ===< ClangPass::replace-callexpr >===
13:30:05 INFO ===< ClangPass::simplify-callexpr >===
13:30:05 INFO ===< ClangHintsPass::remove-unused-function >===
13:30:05 INFO using C++ standard: c++2b with 0 transformation opportunities
13:30:06 INFO ===< ClangBinarySearchPass::remove-unused-enum-member >===
13:30:06 INFO ===< ClangPass::remove-enum-member-value >===
13:30:05 INFO using C++ standard: c++2b with 9 transformation opportunities
13:30:08 INFO ===< ClangBinarySearchPass::remove-unused-var >===
13:30:08 INFO ===< ClangPass::simplify-if >===
13:30:08 INFO ===< ClangPass::reduce-array-dim >===
13:30:08 INFO ===< ClangPass::reduce-array-size >===
13:30:08 INFO ===< ClangPass::move-definition-to-declaration >===
13:30:08 INFO ===< ClangPass::simplify-comma-expr >===
13:30:08 INFO ===< ClangPass::simplify-dependent-typedef >===
13:30:08 INFO ===< ClangPass::replace-simple-typedef >===
13:30:08 INFO ===< ClangHintsPass::replace-dependent-typedef >===
13:30:08 INFO ===< ClangPass::replace-one-level-typedef-type >===
13:30:20 INFO ===< ClangPass::remove-unused-field >===
13:30:21 INFO ===< ClangPass::instantiate-template-type-param-to-int >===
13:30:21 INFO ===< ClangPass::instantiate-template-param >===
13:30:21 INFO ===< ClangPass::template-arg-to-int >===
13:30:21 INFO ===< ClangPass::template-non-type-arg-to-int >===
13:30:21 INFO ===< ClangPass::reduce-class-template-param >===
13:30:21 INFO ===< ClangPass::remove-trivial-base-template >===
13:30:21 INFO ===< ClangPass::class-template-to-class >===
13:30:21 INFO ===< ClangPass::merge-base-class >===
13:30:21 INFO ===< ClangPass::remove-base-class >===
13:30:21 INFO ===< ClangPass::replace-derived-class >===
13:30:21 INFO ===< ClangPass::remove-unresolved-base >===
13:30:21 INFO ===< ClangPass::remove-ctor-initializer >===
13:30:21 INFO ===< ClangPass::replace-class-with-base-template-spec >===
13:30:21 INFO ===< ClangPass::simplify-nested-class >===
13:30:21 INFO ===< ClangPass::remove-unused-outer-class >===
13:30:22 INFO ===< ClangPass::empty-struct-to-int >===
13:30:22 INFO ===< ClangPass::remove-pointer >===
13:30:22 INFO ===< ClangPass::reduce-pointer-pairs >===
13:30:22 INFO ===< ClangPass::remove-array >===
13:30:22 INFO ===< ClangPass::remove-addr-taken >===
13:30:22 INFO ===< ClangPass::simplify-struct >===
13:30:22 INFO ===< ClangPass::replace-undefined-function >===
13:30:22 INFO ===< ClangPass::replace-array-index-var >===
13:30:22 INFO ===< ClangPass::replace-array-access-with-index >===
13:30:22 INFO ===< ClangPass::replace-dependent-name >===
13:30:22 INFO ===< ClangPass::simplify-recursive-template-instantiation >===
13:30:22 INFO ===< ClangPass::vector-to-array >===
13:30:22 INFO ===< ClangPass::remove-try-catch >===
13:30:22 INFO ===< ClangPass::class-to-struct >===
13:30:36 INFO ===< ClangPass::member-to-global >===
13:30:40 INFO ===< LinesPass::0 >===
13:31:22 INFO ===< LinesPass::1 >===
13:31:30 INFO ===< LinesPass::2 >===
13:31:30 INFO ===< LinesPass::3 >===
13:31:30 INFO ===< LinesPass::4 >===
13:31:30 INFO ===< LinesPass::6 >===
13:31:30 INFO ===< LinesPass::8 >===
13:31:30 INFO ===< LinesPass::10 >===
13:31:30 INFO ===< CommentsPass >===
13:31:30 INFO ===< SpecialPass::b >===
13:31:30 INFO ===< SpecialPass::c >===
13:31:31 INFO ===< IndentPass::regular >===
13:31:36 INFO ===< BalancedPass::parens-to-zero >===
14:13:18 INFO ===< ClexHintsPass::rm-toks-1-to-16 >===
14:35:32 INFO ===< ClexPass::rm-tok-pattern-4 >===
14:35:33 INFO ===< ClangPass::local-to-global >===
14:35:39 INFO ===< PeepPass::c >===
14:35:40 INFO ===< IntsPass::a >===
14:35:40 INFO cache hit for HIPProg.hip
14:35:40 INFO ===< IntsPass::b >===
14:35:40 INFO cache hit for HIPProg.hip
14:35:40 INFO ===< IntsPass::c >===
14:35:40 INFO cache hit for HIPProg.hip
14:35:40 INFO ===< IntsPass::d >===
14:35:40 INFO cache hit for HIPProg.hip
14:35:40 INFO ===< IntsPass::c >===
14:35:40 INFO cache hit for HIPProg.hip
14:35:40 INFO ===< BalancedPass::parens-only >===
14:35:40 INFO cache hit for HIPProg.hip
14:35:40 INFO ===< ClexPass::delete-string >===
14:35:40 INFO cache hit for HIPProg.hip
14:35:40 INFO Termination check: size was 4466; now 4466
14:35:40 INFO CLEANUP PASSES
14:35:40 INFO ===< ClexPass::define >===
14:35:41 INFO ===< ClangPass::combine-global-var >===
14:35:41 INFO ===< ClangPass::combine-local-var >===
14:35:42 INFO ===< ClangPass::simplify-struct-union-decl >===
14:35:42 INFO ===< ClangPass::move-global-var >===
14:35:42 INFO ===< ClangPass::unify-function-decl >===
14:35:42 INFO cache hit for HIPProg.hip
14:35:42 INFO ===< LinesPass::0 >===
14:35:42 INFO cache hit for HIPProg.hip
14:35:42 INFO ===< ClexPass::delete-string >===
14:35:43 INFO ===< BlankPass >===
14:35:43 INFO cache hit for HIPProg.hip
14:35:43 INFO ===< BlankPass >===
14:35:43 INFO ===================== done ====================
===< PASS statistics >===
  pass name                                                     bytes reduced time (s) time (%)   worked   failed  total executed
  TreeSitterPass::remove-function                                       52600    29.08     0.06        1      166             167
  LinesPass::4                                                          20047   116.51     0.22       18       39              57
  BalancedPass::curly3                                                  14484   218.03     0.41       19       42              61
  LinesPass::6                                                           9271     4.83     0.01        1        0               1
  LinesPass::3                                                           9095   259.81     0.49       25      162             187
  CommentsPass                                                           8370    56.35     0.11        7      965             972
  LinesPass::2                                                           6133   702.81     1.34       27     1527            1554
  BalancedPass::curly-inside                                             4744   569.51     1.08       20      432             452
  BalancedPass::parens-to-zero                                           3012   747.91     1.42       30     2691            2721
  LinesPass::None                                                        2275  2436.30     4.64       27     5629            5656
  LinesPass::1                                                           1720  2694.53     5.13       39     4927            4966
  ClangHintsPass::callexpr-to-value                                      1390   190.08     0.36       35      241             276
  LinesPass::0                                                           1317   510.41     0.97       13     1227            1240
  BalancedPass::curly                                                     807   326.94     0.62        5      926             931
  ClexHintsPass::rm-toks-1-to-4                                           681  6132.99    11.67      139    21420           21559
  BlankPass                                                               218   139.67     0.27       14      223             237
  ClexHintsPass::rm-toks-9-to-12                                          148  5289.12    10.07        7    21318           21325
  TreeSitterPass::replace-function-def-with-decl                          144    72.96     0.14        2      265             267
  ClexHintsPass::rm-toks-5-to-8                                           124  5549.81    10.56       12    21447           21459
  IntsPass::a                                                             115  1140.32     2.17      115      612             727
  BalancedPass::square                                                     98   653.54     1.24       27     1363            1390
  ClexHintsPass::rm-toks-13-to-16                                          56  5279.58    10.05        7    21159           21166
  BalancedPass::parens-only                                                52   603.77     1.15       31     2189            2220
  IntsPass::c                                                              33   247.76     0.47       26      130             156
  IntsPass::b                                                              18    78.41     0.15        9       89              98
  BalancedPass::curly2                                                     18   417.98     0.80        6      925             931
  IntsPass::d                                                               6    43.66     0.08        6       28              34
  BalancedPass::curly-only                                                  6   272.51     0.52        9      837             846
  BalancedPass::square-only                                                 6   328.84     0.63       15      838             853
  InlineIncludesPass                                                        0     0.00     0.00        0        0               0
  RmUnusedFilesPass                                                         0     0.01     0.00        0        0               0
  SpecialPass::c                                                            0     0.01     0.00        0        0               0
  SpecialPass::b                                                            0     0.01     0.00        0        0               0
  IndentPass::final                                                         0     0.02     0.00        0        1               1
  IncludeIncludesPass                                                       0     0.02     0.00        0       12              12
  ClangPass::unify-function-decl                                            0     0.03     0.00        0        4               4
  ClangPass::simplify-struct-union-decl                                     0     0.03     0.00        0        4               4
  TernaryPass::b                                                            0     0.03     0.00        0        0               0
  ClangPass::move-global-var                                                0     0.03     0.00        0        4               4
  TernaryPass::c                                                            0     0.03     0.00        0        0               0
  LinesPass::10                                                             0     0.04     0.00        0        0               0
  IndentPass::regular                                                       0     0.05     0.00        0        3               3
  LineMarkersPass                                                           0     0.06     0.00        0        0               0
  ClangPass::remove-unresolved-base                                         0     0.09     0.00        0       12              12
  ClangPass::replace-simple-typedef                                         0     0.09     0.00        0       12              12
  ClangPass::replace-one-level-typedef-type                                 0     0.09     0.00        0       12              12
  ClangPass::replace-derived-class                                          0     0.10     0.00        0       12              12
  ClangPass::remove-try-catch                                               0     0.10     0.00        0       12              12
  ClangPass::class-template-to-class                                        0     0.10     0.00        0       12              12
  ClangPass::remove-unused-outer-class                                      0     0.10     0.00        0       12              12
  ClangPass::replace-array-access-with-index                                0     0.10     0.00        0       12              12
  ClangPass::replace-undefined-function                                     0     0.10     0.00        0       12              12
  ClangPass::remove-array                                                   0     0.10     0.00        0       12              12
  ClangPass::replace-array-index-var                                        0     0.10     0.00        0       12              12
  ClangPass::remove-base-class                                              0     0.10     0.00        0       12              12
  ClangPass::remove-addr-taken                                              0     0.10     0.00        0       12              12
  ClangPass::replace-dependent-name                                         0     0.10     0.00        0       12              12
  ClangPass::remove-trivial-base-template                                   0     0.10     0.00        0       12              12
  ClangPass::simplify-recursive-template-instantiation                      0     0.10     0.00        0       12              12
  ClangPass::simplify-struct                                                0     0.10     0.00        0       12              12
  ClangPass::class-to-struct                                                0     0.10     0.00        0       12              12
  ClangPass::template-arg-to-int                                            0     0.10     0.00        0       12              12
  ClangPass::reduce-array-dim                                               0     0.10     0.00        0       12              12
  ClangPass::reduce-pointer-pairs                                           0     0.10     0.00        0       12              12
  ClangPass::replace-class-with-base-template-spec                          0     0.10     0.00        0       12              12
  ClangPass::move-definition-to-declaration                                 0     0.10     0.00        0       12              12
  ClangPass::merge-base-class                                               0     0.10     0.00        0       12              12
  ClangPass::remove-ctor-initializer                                        0     0.10     0.00        0       12              12
  ClangPass::instantiate-template-param                                     0     0.10     0.00        0       12              12
  ClangPass::simplify-if                                                    0     0.10     0.00        0       12              12
  ClangPass::copy-propagation                                               0     0.10     0.00        0       12              12
  ClangPass::vector-to-array                                                0     0.10     0.00        0       12              12
  ClangPass::reduce-class-template-param                                    0     0.11     0.00        0       12              12
  ClangPass::lift-assignment-expr                                           0     0.11     0.00        0       12              12
  ClangPass::instantiate-template-type-param-to-int                         0     0.11     0.00        0       12              12
  ClangPass::simplify-comma-expr                                            0     0.11     0.00        0       12              12
  ClangPass::simple-inliner                                                 0     0.11     0.00        0       12              12
  ClangPass::simplify-dependent-typedef                                     0     0.11     0.00        0       12              12
  ClangPass::template-non-type-arg-to-int                                   0     0.12     0.00        0       12              12
  ClangPass::reduce-array-size                                              0     0.12     0.00        0       12              12
  ClangPass::simplify-nested-class                                          0     0.12     0.00        0       12              12
  ClangPass::remove-pointer                                                 0     0.13     0.00        0       12              12
  ClangPass::replace-callexpr                                               0     0.14     0.00        0       16              16
  TreeSitterPass::erase-namespace                                           0     0.15     0.00        0        0               0
  ClangHintsPass::replace-dependent-typedef                                 0     0.16     0.00        0        0               0
  ClangPass::remove-enum-member-value                                       0     0.16     0.00        0       16              16
  ClangPass::remove-namespace                                               0     0.17     0.00        0       12              12
  ClangModuleMapPass                                                        0     0.19     0.00        0        0               0
  ClangPass::param-to-global                                                0     0.20     0.00        0       12              12
  MakefilePass                                                              0     0.21     0.00        0        0               0
  ClangPass::remove-nested-function                                         0     0.22     0.00        0       12              12
  ClangHintsPass::replace-function-def-with-decl (30 T)                     0     0.22     0.00        0        3               3
  ClangPass::combine-local-var                                              0     0.29     0.00        0        7               7
  ClexPass::define                                                          0     0.39     0.00        0        8               8
  ClexPass::delete-string                                                   0     0.41     0.00        0        8               8
  IncludesPass                                                              0     0.43     0.00        0        4               4
  ClangHintsPass::remove-unused-function (30 T)                             0     0.46     0.00        0        3               3
  ClangPass::return-void                                                    0     0.77     0.00        0       12              12
  ClangPass::param-to-local                                                 0     0.78     0.00        0       12              12
  ClangBinarySearchPass::remove-unused-enum-member                          0     0.79     0.00        0        0               0
  SpecialPass::a                                                            0     0.88     0.00        0        2               2
  ClangPass::combine-global-var                                             0     0.95     0.00        0        6               6
  ClangPass::empty-struct-to-int                                            0     1.36     0.00        0       12              12
  ClangPass::simplify-callexpr                                              0     1.73     0.00        0       52              52
  ClangIncludeGraphPass                                                     0     2.34     0.00        0        0               0
  ClangPass::local-to-global                                                0     2.83     0.01        0       39              39
  LinesPass::8                                                              0     5.43     0.01        1        0               1
  ClangBinarySearchPass::remove-unused-var                                  0    10.62     0.02        0       76              76
  ClangPass::reduce-pointer-level                                           0    13.67     0.03        0       63              63
  PeepPass::c                                                               0    13.76     0.03        0    13576           13576
  ClangHintsPass::replace-function-def-with-decl                            0    29.32     0.06        0      174             174
  ClangPass::remove-unused-field                                            0    39.74     0.08        0      172             172
  ClangHintsPass::remove-unused-function                                    0    42.34     0.08        0      155             155
  ClangPass::member-to-global                                               0    43.65     0.08        0      183             183
  BalancedPass::angles-inside                                               0    53.62     0.10        0      177             177
  BalancedPass::angles-only                                                 0    54.44     0.10        0      174             174
  BalancedPass::angles                                                      0    57.91     0.11        0      179             179
  BalancedPass::square-inside                                               0   290.10     0.55        0      872             872
  BalancedPass::parens-inside                                               0   486.63     0.93        2     2241            2243
  BalancedPass::parens                                                      0   627.17     1.19        0     2630            2630
  ClexPass::rm-tok-pattern-4                                                0  4184.23     7.96        0    24268           24268
  ClexHintsPass::rm-toks-1-to-16                                            0  8399.67    15.99        0    48168           48168
  ClangPass::union-to-struct                                               -1     4.96     0.01        1       15              16
  ClangPass::aggregate-to-scalar                                          -17     7.02     0.01        1       17              18
  Folding (merging transformations from other passes)                  136425  1884.51     3.59      459       29             488

Runtime: 52542 seconds
Reduced test-cases:

--- HIPProg.hip ---
#include <hip/hip_runtime.h>
#include "HIPSmith.h"
#define transparent_crc(X, Y, Z) transparent_crc_(&crc64_context, X, , )
union U0 {
   int16_t  f0;
};
struct U1 {
   uint32_t  f0;
};
struct S2 {
    int32_t *g_11;
    int32_t g_20;
    int16_t g_25;
    int32_t g_27;
    U0 g_33;
    int32_t g_68;
    int8_t g_72;
    U1 g_75;
    U1 *g_74[4][1][10];
    uint32_t g_79;
    int16_t g_89;
    int32_t g_90;
    uint8_t g_92;
    int8_t g_140;
    uint8_t *g_144[8];
    int32_t *g_148;
    int64_t g_191;
    int16_t g_204;
    uint16_t g_205;
    uint64_t g_225;
    U0 g_316[8];
    uint8_t g_368;
    U0 *g_411;
    U0 **g_410;
    int16_t g_510;
    int8_t g_511;
    uint32_t g_512;
    U1 *g_523;
    uint16_t g_546;
    uint32_t *g_552;
    int32_t g_578;
    uint32_t g_5805;
    int32_t g_590;
    uint64_t g_591;
    int64_t g_651;
    int64_t g_652;
    uint32_t g_654;
    int32_t g_681;
    uint32_t g_682;
    uint8_t **g_697;
    uint8_t ***g_696;
    uint32_t g_760;
    U0 ***g_801;
    uint8_t *g_827;
    uint16_t g_847;
    int32_t *g_852;
    int32_t g_915;
    uint32_t *g_1058;
    uint32_t **g_1057;
    uint32_t g_1136;
    uint64_t g_1161;
    uint32_t g_1194;
    U0 *g_1199;
    U0 ****g_1203;
    U0 *****g_1202;
    uint16_t g_1325;
    int32_t g_1363;
    uint32_t g_1463;
};
__device__ int32_t * func_2(int64_t  , int32_t  , S2 * );
__device__ U0  func_42(int16_t  , uint16_t  , U1  , U1 * , S2 * );
__device__ int16_t  func_1(S2 * p_1608)
{
    func_2(0, p_1608->g_25, p_1608);
    return p_1608->g_681;
}
__device__ int32_t * func_2(int64_t  , int32_t  p_4, S2 * p_1608)
{
    U1 l_73 ;
    func_42(p_4, 0, l_73, p_1608->g_74[2][0][4], p_1608);
    return &p_1608->g_590;
}
__device__ U0  func_42(int16_t  p_43, uint16_t  , U1  , U1 * , S2 * p_1608)
{
    int i;
    for (; p_43 ; ++p_43)
    {
        U0 *l_859[4];
        for (i = 0; i < 4; i++)
            l_859[i] = &p_1608->g_33;
                p_1608->g_652 |= nullptr != l_859[2]  ^ -1;
    }
    return ***p_1608->g_801;
}
__global__ void hipsmith_kernel(uint64_t *results) {
    S2 c_1609;
    S2* p_1608 = &c_1609;
    U0 ***p_1608_42;
    S2 c_1610 {
        nullptr, 
        0, 
        2, 
        5, 
        7, 
        8, 
        {}, 
        {}, 
        {}, 
        0, 
        {}, 
        0, 
        1, 
        2, 
        {}, 
        nullptr, 
        2, 
        0, 
        5, 
        4, 
        {}, 
        4, 
        &p_1608->g_33, 
        &p_1608->g_411, 
        0, 
        {}, 
        {}, 
        nullptr, 
        {}, 
        &p_1608->g_75.f0, 
        0, 
        {}, 
        5, 
        {}, 
        {}, 
        1, 
        {}, 
        0, 
        6, 
        &p_1608->g_144[1], 
        &p_1608->g_697, 
        7, 
        &p_1608->g_410, 
        nullptr, 
        0, 
        nullptr, 
        0, 
        &p_1608->g_79, 
        &p_1608->g_1058, 
        2, 
        0, 
        4, 
        &p_1608->g_316[3], 
        &p_1608_42, 
        &p_1608->g_1203, 
        2, 
        3, 
        0};
    c_1609 = c_1610;
    func_1(p_1608);
    uint64_t crc64_context = 0xFFFFFFFFFFFFFFFFUL;
    transparent_crc(p_1608->g_652, , );
    int tid = threadIdx.x + blockIdx.x * blockDim.x;
    results[tid] = (crc64_context ^ 0xFFFFFFFFFFFFFFFFUL);
}
// ------------------------------------------------------------------
// Host Main
// ------------------------------------------------------------------
int main(int argc, const char* argv[]) {
    // Config
    const unsigned int num_threads = 4;
    const unsigned int block_size = 4;
    // Host Alloc
    std::vector<uint64_t> h_results(num_threads);
    const size_t results_bytes = sizeof(uint64_t) * h_results.size();
    // Device Alloc
    uint64_t *d_results;
    HIP_CHECK(hipMalloc((void**)&d_results, results_bytes));
    HIP_CHECK(hipMemset(d_results, 0, results_bytes));
    // Dimensions
    const dim3 block_dim(block_size);
    const dim3 grid_dim((num_threads + block_size - 1) / block_size);
    // Launch
    hipLaunchKernelGGL(hipsmith_kernel, grid_dim, block_dim, 0, 0, d_results);
    HIP_CHECK(hipGetLastError());
    HIP_CHECK(hipDeviceSynchronize());
    // Copy Back
    HIP_CHECK(hipMemcpy(h_results.data(), d_results, results_bytes, hipMemcpyDeviceToHost));
    // Free
    HIP_CHECK(hipFree(d_results));
    // Output
    for (size_t i = 0; i < h_results.size(); ++i) {
        printf("Thread %zu CRC: %lu\n", i, h_results[i]);
    }
    return 0;
}

