00:00:00 ERROR Prereqs not found for pass UnIfDefPass
00:00:00 ERROR Prereqs not found for pass IfPass
00:00:00 ERROR Prereqs not found for pass UnIfDefPass
00:00:09 INFO ===< 1599993 >===
00:00:09 INFO running 4 interestingness tests in parallel
00:00:09 INFO (0.0%, 159441 bytes, 1440 lines)
00:00:09 INFO INITIAL PASSES (interleaving)
00:00:09 INFO ===<  >===
00:11:50 INFO (85.6%, 23014 bytes, 612 lines, via LinesPass::3 + BalancedPass::curly-inside + BalancedPass::curly3 + CommentsPass + LinesPass::2 + TreeSitterPass::replace-function-def-with-decl + ClangHintsPass::callexpr-to-value + LinesPass::0 + BlankPass)
00:22:08 INFO (88.6%, 18233 bytes, 495 lines, via LinesPass::0 + LinesPass::1 + BalancedPass::curly-inside + LinesPass::2 + BalancedPass::curly3 + ClangHintsPass::callexpr-to-value + BlankPass + ClexHintsPass::rm-toks-9-to-12)
00:31:52 INFO (91.5%, 13607 bytes, 402 lines, via TreeSitterPass::replace-function-def-with-decl + BalancedPass::parens-to-zero + BalancedPass::curly + ClangHintsPass::callexpr-to-value + LinesPass::2 + LinesPass::0 + BalancedPass::curly-inside + BalancedPass::curly2 + ClexHintsPass::rm-toks-1-to-4)
00:43:53 INFO (93.2%, 10838 bytes, 339 lines, via BalancedPass::curly + BalancedPass::curly2 + BalancedPass::parens-to-zero + TreeSitterPass::remove-function + LinesPass::1 + BalancedPass::curly-inside + BalancedPass::curly3 + BalancedPass::square + BlankPass)
00:55:37 INFO (94.2%, 9311 bytes, 303 lines, via LinesPass::1 + LinesPass::None + LinesPass::2 + BalancedPass::parens-to-zero + ClexHintsPass::rm-toks-9-to-12 + BalancedPass::square + BlankPass + ClexHintsPass::rm-toks-5-to-8 + ClexHintsPass::rm-toks-1-to-4 + BalancedPass::curly-only)
01:02:35 INFO (95.2%, 7730 bytes, 251 lines, via TreeSitterPass::remove-function + LinesPass::None + BalancedPass::parens-to-zero + LinesPass::1 + ClexHintsPass::rm-toks-1-to-4 + BalancedPass::square + BalancedPass::parens-only)
01:12:24 INFO (95.5%, 7119 bytes, 231 lines, via LinesPass::1 + LinesPass::None + BalancedPass::parens-to-zero + ClexHintsPass::rm-toks-1-to-4 + BalancedPass::square + BalancedPass::parens-only + BalancedPass::curly)
01:20:05 INFO (95.8%, 6681 bytes, 223 lines, via LinesPass::None + BalancedPass::parens-to-zero + LinesPass::1 + BalancedPass::parens + BlankPass + BalancedPass::parens-only)
01:27:10 INFO (96.3%, 5825 bytes, 201 lines, via LinesPass::None + LinesPass::1 + ClexHintsPass::rm-toks-1-to-4)
01:32:16 INFO (96.4%, 5706 bytes, 200 lines, via LinesPass::None + ClexHintsPass::rm-toks-1-to-4)
01:38:19 INFO (96.6%, 5448 bytes, 195 lines, via LinesPass::None + ClexHintsPass::rm-toks-1-to-4 + BalancedPass::square)
01:42:49 INFO (96.7%, 5301 bytes, 192 lines, via LinesPass::None + ClexHintsPass::rm-toks-1-to-4 + BalancedPass::square)
01:47:06 INFO (96.7%, 5187 bytes, 189 lines, via LinesPass::1 + BlankPass + ClexHintsPass::rm-toks-1-to-4 + BalancedPass::parens-only)
01:52:11 INFO (96.8%, 5039 bytes, 184 lines, via LinesPass::2 + ClexHintsPass::rm-toks-1-to-4 + LinesPass::1 + ClexHintsPass::rm-toks-5-to-8)
01:57:04 INFO (96.9%, 4997 bytes, 180 lines, via ClexHintsPass::rm-toks-1-to-4 + LinesPass::1 + BalancedPass::curly-only)
02:01:51 INFO (96.9%, 4960 bytes, 179 lines, via LinesPass::None + BlankPass)
02:05:10 INFO (96.9%, 4953 bytes, 178 lines, via ClexHintsPass::rm-toks-1-to-4)
02:08:02 INFO (96.9%, 4906 bytes, 177 lines, via ClexHintsPass::rm-toks-1-to-4 + LinesPass::None)
02:32:07 INFO (96.9%, 4899 bytes, 177 lines, via ClexHintsPass::rm-toks-1-to-4)
02:34:49 INFO (96.9%, 4895 bytes, 177 lines, via ClexHintsPass::rm-toks-1-to-4)
03:17:42 INFO (96.9%, 4878 bytes, 177 lines, via ClexHintsPass::rm-toks-1-to-4)
03:22:09 INFO INITIAL PASSES
03:22:09 ERROR Skipping pass UnIfDefPass
03:22:09 ERROR Skipping pass IfPass
03:22:09 INFO ===< BalancedPass::angles, BalancedPass::angles-inside, BalancedPass::angles-only, BalancedPass::curly, BalancedPass::curly-inside, BalancedPass::curly-only, BalancedPass::curly2, BalancedPass::curly3, BalancedPass::parens, BalancedPass::parens-inside, BalancedPass::parens-only, BalancedPass::parens-to-zero, BalancedPass::square, BalancedPass::square-inside, BalancedPass::square-only, BlankPass, ClangHintsPass::callexpr-to-value, ClangHintsPass::remove-unused-function, ClangHintsPass::replace-dependent-typedef, ClangHintsPass::replace-function-def-with-decl, ClangIncludeGraphPass, ClangModuleMapPass, ClexHintsPass::rm-toks-1-to-4, ClexHintsPass::rm-toks-13-to-16, ClexHintsPass::rm-toks-5-to-8, ClexHintsPass::rm-toks-9-to-12, CommentsPass, InlineIncludesPass, LineMarkersPass, LinesPass::0, LinesPass::1, LinesPass::10, LinesPass::2, LinesPass::3, LinesPass::4, LinesPass::6, LinesPass::8, LinesPass::None, MakefilePass, RmUnusedFilesPass, TreeSitterPass::erase-namespace, TreeSitterPass::remove-function, TreeSitterPass::replace-function-def-with-decl >===
03:22:10 INFO ===< IncludesPass >===
03:22:10 INFO ===< CommentsPass >===
03:22:10 INFO ===< LineMarkersPass >===
03:22:12 INFO ===< BlankPass >===
03:22:12 INFO ===< ClangHintsPass::replace-function-def-with-decl (30 T) >===
03:22:12 INFO ===< ClangHintsPass::remove-unused-function (30 T) >===
03:22:13 INFO cache hit for HIPProg.hip
03:22:13 INFO ===< ClangHintsPass::replace-function-def-with-decl (30 T) >===
03:22:13 INFO cache hit for HIPProg.hip
03:22:13 INFO ===< ClangHintsPass::remove-unused-function (30 T) >===
03:22:13 INFO ===< ClangHintsPass::replace-function-def-with-decl >===
03:22:13 INFO ===< ClangHintsPass::remove-unused-function >===
03:22:21 INFO ===< LinesPass::0 >===
03:23:34 INFO ===< LinesPass::1 >===
03:23:41 INFO ===< LinesPass::2 >===
03:23:41 INFO ===< LinesPass::3 >===
03:23:41 INFO ===< LinesPass::4 >===
03:23:41 INFO ===< LinesPass::6 >===
03:23:41 INFO ===< LinesPass::8 >===
03:23:41 INFO ===< LinesPass::10 >===
03:23:41 INFO cache hit for HIPProg.hip
03:23:41 INFO ===< ClangHintsPass::replace-function-def-with-decl >===
03:23:41 INFO cache hit for HIPProg.hip
03:23:41 INFO ===< ClangHintsPass::remove-unused-function >===
03:23:41 INFO cache hit for HIPProg.hip
03:23:41 INFO ===< ClangHintsPass::remove-unused-function >===
03:24:01 INFO ===< BalancedPass::curly >===
03:24:21 INFO ===< BalancedPass::curly2 >===
03:24:21 INFO ===< BalancedPass::curly3 >===
03:24:36 INFO ===< BalancedPass::parens-to-zero >===
03:24:38 INFO ===< ClangHintsPass::callexpr-to-value >===
03:24:38 INFO ===< ClangPass::replace-callexpr >===
03:24:39 INFO ===< ClangPass::simplify-callexpr >===
03:24:40 INFO using C++ standard: c++2b with 0 transformation opportunities
03:24:40 INFO ===< ClangBinarySearchPass::remove-unused-enum-member >===
03:24:40 INFO ===< ClangPass::remove-enum-member-value >===
03:24:40 INFO using C++ standard: c++2b with 12 transformation opportunities
03:24:46 INFO ===< ClangBinarySearchPass::remove-unused-var >===
03:24:47 INFO ===< SpecialPass::a >===
03:24:47 INFO ===< SpecialPass::b >===
03:24:47 INFO INTERLEAVING PASSES
03:24:47 INFO ===< SpecialPass::c >===
03:27:09 INFO (96.9%, 4877 bytes, 176 lines, via BalancedPass::curly-inside)
03:37:15 INFO (96.9%, 4876 bytes, 176 lines, via ClexHintsPass::rm-toks-1-to-4)
03:46:33 INFO (96.9%, 4872 bytes, 176 lines, via ClexHintsPass::rm-toks-1-to-4)
03:48:41 INFO (97.0%, 4857 bytes, 176 lines, via ClexHintsPass::rm-toks-1-to-4)
03:52:00 INFO (97.0%, 4853 bytes, 176 lines, via ClexHintsPass::rm-toks-1-to-4)
03:55:00 INFO (97.0%, 4835 bytes, 176 lines, via ClexHintsPass::rm-toks-1-to-4)
04:58:34 INFO Termination check: size was 4878; now 4835
04:58:34 INFO ===< BalancedPass::angles, BalancedPass::angles-inside, BalancedPass::angles-only, BalancedPass::curly, BalancedPass::curly-inside, BalancedPass::curly-only, BalancedPass::curly2, BalancedPass::curly3, BalancedPass::parens, BalancedPass::parens-inside, BalancedPass::parens-only, BalancedPass::parens-to-zero, BalancedPass::square, BalancedPass::square-inside, BalancedPass::square-only, BlankPass, ClangHintsPass::callexpr-to-value, ClangHintsPass::remove-unused-function, ClangHintsPass::replace-dependent-typedef, ClangHintsPass::replace-function-def-with-decl, ClangIncludeGraphPass, ClangModuleMapPass, ClexHintsPass::rm-toks-1-to-4, ClexHintsPass::rm-toks-13-to-16, ClexHintsPass::rm-toks-5-to-8, ClexHintsPass::rm-toks-9-to-12, CommentsPass, InlineIncludesPass, LineMarkersPass, LinesPass::0, LinesPass::1, LinesPass::10, LinesPass::2, LinesPass::3, LinesPass::4, LinesPass::6, LinesPass::8, LinesPass::None, MakefilePass, RmUnusedFilesPass, TreeSitterPass::erase-namespace, TreeSitterPass::remove-function, TreeSitterPass::replace-function-def-with-decl >===
06:19:21 INFO Termination check: size was 4835; now 4835
06:19:21 INFO MAIN PASSES
06:19:21 ERROR Skipping pass UnIfDefPass
06:19:21 INFO ===< BalancedPass::angles, BalancedPass::angles-inside, BalancedPass::angles-only, BalancedPass::curly, BalancedPass::curly-inside, BalancedPass::curly-only, BalancedPass::curly2, BalancedPass::curly3, BalancedPass::parens, BalancedPass::parens-inside, BalancedPass::parens-only, BalancedPass::parens-to-zero, BalancedPass::square, BalancedPass::square-inside, BalancedPass::square-only, BlankPass, ClangHintsPass::callexpr-to-value, ClangHintsPass::remove-unused-function, ClangHintsPass::replace-dependent-typedef, ClangHintsPass::replace-function-def-with-decl, ClangIncludeGraphPass, ClangModuleMapPass, ClexHintsPass::rm-toks-1-to-4, ClexHintsPass::rm-toks-13-to-16, ClexHintsPass::rm-toks-5-to-8, ClexHintsPass::rm-toks-9-to-12, CommentsPass, InlineIncludesPass, LineMarkersPass, LinesPass::0, LinesPass::1, LinesPass::10, LinesPass::2, LinesPass::3, LinesPass::4, LinesPass::6, LinesPass::8, LinesPass::None, MakefilePass, RmUnusedFilesPass, TreeSitterPass::erase-namespace, TreeSitterPass::remove-function, TreeSitterPass::replace-function-def-with-decl >===
06:19:21 INFO ===< IncludeIncludesPass >===
06:19:21 INFO ===< TernaryPass::b >===
06:19:21 INFO ===< TernaryPass::c >===
06:19:41 INFO ===< BalancedPass::curly >===
06:20:00 INFO ===< BalancedPass::curly2 >===
06:20:00 INFO ===< BalancedPass::curly3 >===
06:20:18 INFO ===< BalancedPass::parens >===
06:20:19 INFO ===< BalancedPass::angles >===
06:20:39 INFO ===< BalancedPass::square >===
06:21:05 INFO ===< BalancedPass::curly-inside >===
06:21:16 INFO ===< BalancedPass::parens-inside >===
06:21:17 INFO ===< BalancedPass::angles-inside >===
06:21:38 INFO ===< BalancedPass::square-inside >===
06:21:54 INFO ===< BalancedPass::curly-only >===
06:21:54 INFO ===< BalancedPass::angles-only >===
06:22:15 INFO ===< BalancedPass::square-only >===
06:22:15 INFO ===< ClangPass::remove-namespace >===
06:22:25 INFO (97.0%, 4853 bytes, 177 lines)
06:22:25 INFO ===< ClangPass::aggregate-to-scalar >===
06:22:25 INFO ===< ClangPass::param-to-global >===
06:22:27 INFO ===< ClangPass::param-to-local >===
06:22:27 INFO ===< ClangPass::remove-nested-function >===
06:22:37 INFO (97.0%, 4854 bytes, 177 lines)
06:22:37 INFO ===< ClangPass::union-to-struct >===
06:22:38 INFO ===< ClangPass::return-void >===
06:22:38 INFO ===< ClangPass::simple-inliner >===
06:22:49 INFO (97.0%, 4853 bytes, 177 lines)
06:23:00 INFO (97.0%, 4852 bytes, 177 lines)
06:23:02 INFO ===< ClangPass::reduce-pointer-level >===
06:23:02 INFO ===< ClangPass::lift-assignment-expr >===
06:23:02 INFO ===< ClangPass::copy-propagation >===
06:23:03 INFO ===< ClangHintsPass::callexpr-to-value >===
06:23:03 INFO ===< ClangPass::replace-callexpr >===
06:23:05 INFO ===< ClangPass::simplify-callexpr >===
06:23:05 INFO ===< ClangHintsPass::remove-unused-function >===
06:23:05 INFO using C++ standard: c++2b with 0 transformation opportunities
06:23:05 INFO ===< ClangBinarySearchPass::remove-unused-enum-member >===
06:23:05 INFO ===< ClangPass::remove-enum-member-value >===
06:23:05 INFO using C++ standard: c++2b with 12 transformation opportunities
06:23:10 INFO ===< ClangBinarySearchPass::remove-unused-var >===
06:23:10 INFO ===< ClangPass::simplify-if >===
06:23:10 INFO ===< ClangPass::reduce-array-dim >===
06:23:10 INFO ===< ClangPass::reduce-array-size >===
06:23:10 INFO ===< ClangPass::move-definition-to-declaration >===
06:23:10 INFO ===< ClangPass::simplify-comma-expr >===
06:23:10 INFO ===< ClangPass::simplify-dependent-typedef >===
06:23:10 INFO ===< ClangPass::replace-simple-typedef >===
06:23:10 INFO ===< ClangHintsPass::replace-dependent-typedef >===
06:23:10 INFO ===< ClangPass::replace-one-level-typedef-type >===
06:23:28 INFO ===< ClangPass::remove-unused-field >===
06:23:28 INFO ===< ClangPass::instantiate-template-type-param-to-int >===
06:23:28 INFO ===< ClangPass::instantiate-template-param >===
06:23:28 INFO ===< ClangPass::template-arg-to-int >===
06:23:28 INFO ===< ClangPass::template-non-type-arg-to-int >===
06:23:28 INFO ===< ClangPass::reduce-class-template-param >===
06:23:28 INFO ===< ClangPass::remove-trivial-base-template >===
06:23:29 INFO ===< ClangPass::class-template-to-class >===
06:23:29 INFO ===< ClangPass::merge-base-class >===
06:23:29 INFO ===< ClangPass::remove-base-class >===
06:23:29 INFO ===< ClangPass::replace-derived-class >===
06:23:29 INFO ===< ClangPass::remove-unresolved-base >===
06:23:29 INFO ===< ClangPass::remove-ctor-initializer >===
06:23:29 INFO ===< ClangPass::replace-class-with-base-template-spec >===
06:23:29 INFO ===< ClangPass::simplify-nested-class >===
06:23:29 INFO ===< ClangPass::remove-unused-outer-class >===
06:23:29 WARNING ClangPass::empty-struct-to-int has encountered a non fatal bug: pass error
06:23:29 WARNING ClangPass::empty-struct-to-int has encountered a non fatal bug: pass error
06:23:29 INFO ===< ClangPass::empty-struct-to-int >===
06:23:29 INFO ===< ClangPass::remove-pointer >===
06:23:29 INFO ===< ClangPass::reduce-pointer-pairs >===
06:23:30 INFO ===< ClangPass::remove-array >===
06:23:30 INFO ===< ClangPass::remove-addr-taken >===
06:23:30 INFO ===< ClangPass::simplify-struct >===
06:23:30 INFO ===< ClangPass::replace-undefined-function >===
06:23:30 INFO ===< ClangPass::replace-array-index-var >===
06:23:30 INFO ===< ClangPass::replace-array-access-with-index >===
06:23:30 INFO ===< ClangPass::replace-dependent-name >===
06:23:30 INFO ===< ClangPass::simplify-recursive-template-instantiation >===
06:23:30 INFO ===< ClangPass::vector-to-array >===
06:23:30 INFO ===< ClangPass::remove-try-catch >===
06:23:30 INFO ===< ClangPass::class-to-struct >===
06:23:48 INFO ===< ClangPass::member-to-global >===
06:23:55 INFO ===< LinesPass::0 >===
06:25:08 INFO ===< LinesPass::1 >===
06:25:15 INFO ===< LinesPass::2 >===
06:25:15 INFO ===< LinesPass::3 >===
06:25:15 INFO ===< LinesPass::4 >===
06:25:15 INFO ===< LinesPass::6 >===
06:25:15 INFO ===< LinesPass::8 >===
06:25:15 INFO ===< LinesPass::10 >===
06:25:16 INFO ===< CommentsPass >===
06:25:16 INFO ===< SpecialPass::b >===
06:25:16 INFO ===< SpecialPass::c >===
06:25:16 INFO ===< IndentPass::regular >===
06:25:30 INFO ===< BalancedPass::parens-to-zero >===
06:30:55 INFO (97.0%, 4850 bytes, 177 lines)
06:33:34 INFO (97.0%, 4846 bytes, 177 lines)
06:54:35 INFO (97.0%, 4817 bytes, 176 lines)
07:34:51 INFO ===< ClexHintsPass::rm-toks-1-to-16 >===
08:01:39 INFO (97.0%, 4813 bytes, 176 lines)
08:18:29 INFO ===< ClexPass::rm-tok-pattern-4 >===
08:18:33 INFO ===< ClangPass::local-to-global >===
08:18:51 INFO ===< PeepPass::c >===
08:19:21 INFO (97.0%, 4812 bytes, 176 lines)
08:19:43 INFO (97.0%, 4811 bytes, 176 lines)
08:20:09 INFO (97.0%, 4810 bytes, 176 lines)
08:20:29 INFO (97.0%, 4809 bytes, 176 lines)
08:20:51 INFO (97.0%, 4808 bytes, 176 lines)
08:21:08 INFO (97.0%, 4807 bytes, 176 lines)
08:21:31 INFO (97.0%, 4806 bytes, 176 lines)
08:21:52 INFO (97.0%, 4805 bytes, 176 lines)
08:22:20 INFO (97.0%, 4804 bytes, 176 lines)
08:22:45 INFO (97.0%, 4803 bytes, 176 lines)
08:23:04 INFO (97.0%, 4802 bytes, 176 lines)
08:23:32 INFO (97.0%, 4801 bytes, 176 lines)
08:23:51 INFO (97.0%, 4800 bytes, 176 lines)
08:24:13 INFO (97.0%, 4799 bytes, 176 lines)
08:24:42 INFO (97.0%, 4798 bytes, 176 lines)
08:25:09 INFO (97.0%, 4797 bytes, 176 lines)
08:25:30 INFO (97.0%, 4796 bytes, 176 lines)
08:25:58 INFO (97.0%, 4795 bytes, 176 lines)
08:26:19 INFO (97.0%, 4794 bytes, 176 lines)
08:26:49 INFO (97.0%, 4793 bytes, 176 lines)
08:27:13 INFO (97.0%, 4792 bytes, 176 lines)
08:27:35 INFO (97.0%, 4791 bytes, 176 lines)
08:27:59 INFO (97.0%, 4790 bytes, 176 lines)
08:28:17 INFO (97.0%, 4789 bytes, 176 lines)
08:28:46 INFO (97.0%, 4788 bytes, 176 lines)
08:29:09 INFO (97.0%, 4787 bytes, 176 lines)
08:29:30 INFO (97.0%, 4786 bytes, 176 lines)
08:29:48 INFO (97.0%, 4785 bytes, 176 lines)
08:30:10 INFO (97.0%, 4784 bytes, 176 lines)
08:30:38 INFO (97.0%, 4783 bytes, 176 lines)
08:31:05 INFO (97.0%, 4782 bytes, 176 lines)
08:31:23 INFO (97.0%, 4781 bytes, 176 lines)
08:31:44 INFO (97.0%, 4780 bytes, 176 lines)
08:32:10 INFO (97.0%, 4779 bytes, 176 lines)
08:32:29 INFO (97.0%, 4778 bytes, 176 lines)
08:32:50 INFO (97.0%, 4777 bytes, 176 lines)
08:33:11 INFO (97.0%, 4776 bytes, 176 lines)
08:33:36 INFO (97.0%, 4775 bytes, 176 lines)
08:34:00 INFO (97.0%, 4774 bytes, 176 lines)
08:34:21 INFO (97.0%, 4773 bytes, 176 lines)
08:34:43 INFO (97.0%, 4772 bytes, 176 lines)
08:35:11 INFO (97.0%, 4771 bytes, 176 lines)
08:35:34 INFO (97.0%, 4770 bytes, 176 lines)
08:35:55 INFO (97.0%, 4769 bytes, 176 lines)
08:36:14 INFO (97.0%, 4768 bytes, 176 lines)
08:36:35 INFO (97.0%, 4767 bytes, 176 lines)
08:37:00 INFO (97.0%, 4766 bytes, 176 lines)
08:37:26 INFO (97.0%, 4765 bytes, 176 lines)
08:37:48 INFO (97.0%, 4764 bytes, 176 lines)
08:38:08 INFO (97.0%, 4763 bytes, 176 lines)
08:38:27 INFO (97.0%, 4762 bytes, 176 lines)
08:38:49 INFO (97.0%, 4761 bytes, 176 lines)
08:39:11 INFO (97.0%, 4760 bytes, 176 lines)
08:39:37 INFO (97.0%, 4759 bytes, 176 lines)
08:39:59 INFO (97.0%, 4758 bytes, 176 lines)
08:40:27 INFO (97.0%, 4757 bytes, 176 lines)
08:40:52 INFO (97.0%, 4756 bytes, 176 lines)
08:41:12 INFO (97.0%, 4755 bytes, 176 lines)
08:41:33 INFO (97.0%, 4754 bytes, 176 lines)
08:41:57 INFO (97.0%, 4753 bytes, 176 lines)
08:42:24 INFO (97.0%, 4752 bytes, 176 lines)
08:42:51 INFO (97.0%, 4751 bytes, 176 lines)
08:43:17 INFO (97.0%, 4750 bytes, 176 lines)
08:43:42 INFO (97.0%, 4749 bytes, 176 lines)
08:44:05 INFO (97.0%, 4748 bytes, 176 lines)
08:44:29 INFO (97.0%, 4747 bytes, 176 lines)
08:44:56 INFO (97.0%, 4746 bytes, 176 lines)
08:45:19 INFO (97.0%, 4745 bytes, 176 lines)
08:45:39 INFO (97.0%, 4744 bytes, 176 lines)
08:45:59 INFO (97.0%, 4743 bytes, 176 lines)
08:46:18 INFO (97.0%, 4742 bytes, 176 lines)
08:46:41 INFO (97.0%, 4741 bytes, 176 lines)
08:47:07 INFO (97.0%, 4740 bytes, 176 lines)
08:47:27 INFO (97.0%, 4739 bytes, 176 lines)
08:47:53 INFO (97.0%, 4738 bytes, 176 lines)
08:48:12 INFO (97.0%, 4737 bytes, 176 lines)
08:48:33 INFO (97.0%, 4736 bytes, 176 lines)
08:48:56 INFO (97.0%, 4735 bytes, 176 lines)
08:49:22 INFO (97.0%, 4734 bytes, 176 lines)
08:49:48 INFO (97.0%, 4733 bytes, 176 lines)
08:50:12 INFO (97.0%, 4732 bytes, 176 lines)
08:50:38 INFO (97.0%, 4731 bytes, 176 lines)
08:50:57 INFO (97.0%, 4730 bytes, 176 lines)
08:51:21 INFO (97.0%, 4729 bytes, 176 lines)
08:51:47 INFO (97.0%, 4728 bytes, 176 lines)
08:52:12 INFO (97.0%, 4727 bytes, 176 lines)
08:52:37 INFO (97.0%, 4726 bytes, 176 lines)
08:53:02 INFO (97.0%, 4725 bytes, 176 lines)
08:53:27 INFO (97.0%, 4724 bytes, 176 lines)
08:53:45 INFO (97.0%, 4723 bytes, 176 lines)
08:54:10 INFO (97.0%, 4722 bytes, 176 lines)
08:54:32 INFO (97.0%, 4721 bytes, 176 lines)
08:54:50 INFO (97.0%, 4720 bytes, 176 lines)
08:55:14 INFO (97.0%, 4719 bytes, 176 lines)
08:55:33 INFO (97.0%, 4718 bytes, 176 lines)
08:55:51 INFO (97.0%, 4717 bytes, 176 lines)
08:56:15 INFO (97.0%, 4716 bytes, 176 lines)
08:56:38 INFO (97.0%, 4715 bytes, 176 lines)
08:57:03 INFO (97.0%, 4714 bytes, 176 lines)
08:57:26 INFO (97.0%, 4713 bytes, 176 lines)
08:57:52 INFO (97.0%, 4712 bytes, 176 lines)
08:58:11 INFO (97.0%, 4711 bytes, 176 lines)
08:58:29 INFO (97.0%, 4710 bytes, 176 lines)
08:58:53 INFO (97.0%, 4709 bytes, 176 lines)
08:59:19 INFO (97.0%, 4708 bytes, 176 lines)
08:59:40 INFO (97.0%, 4707 bytes, 176 lines)
08:59:59 INFO (97.0%, 4706 bytes, 176 lines)
09:00:24 INFO (97.0%, 4705 bytes, 176 lines)
09:00:45 INFO (97.0%, 4704 bytes, 176 lines)
09:01:09 INFO (97.1%, 4703 bytes, 176 lines)
09:01:35 INFO (97.1%, 4702 bytes, 176 lines)
09:01:58 INFO (97.1%, 4701 bytes, 176 lines)
09:02:18 INFO (97.1%, 4700 bytes, 176 lines)
09:02:35 INFO (97.1%, 4699 bytes, 176 lines)
09:02:58 INFO (97.1%, 4698 bytes, 176 lines)
09:03:15 INFO (97.1%, 4697 bytes, 176 lines)
09:03:37 INFO (97.1%, 4696 bytes, 176 lines)
09:04:03 INFO (97.1%, 4695 bytes, 176 lines)
09:04:27 INFO (97.1%, 4694 bytes, 176 lines)
09:04:49 INFO (97.1%, 4693 bytes, 176 lines)
09:05:14 INFO (97.1%, 4692 bytes, 176 lines)
09:05:42 INFO (97.1%, 4691 bytes, 176 lines)
09:06:04 INFO (97.1%, 4690 bytes, 176 lines)
09:06:31 INFO (97.1%, 4689 bytes, 176 lines)
09:06:52 INFO (97.1%, 4688 bytes, 176 lines)
09:07:17 INFO (97.1%, 4687 bytes, 176 lines)
09:07:40 INFO (97.1%, 4686 bytes, 176 lines)
09:08:08 INFO (97.1%, 4685 bytes, 176 lines)
09:08:35 INFO (97.1%, 4684 bytes, 176 lines)
09:09:01 INFO (97.1%, 4683 bytes, 176 lines)
09:09:26 INFO (97.1%, 4682 bytes, 176 lines)
09:09:52 INFO (97.1%, 4681 bytes, 176 lines)
09:10:22 INFO (97.1%, 4680 bytes, 176 lines)
09:10:45 INFO (97.1%, 4679 bytes, 176 lines)
09:11:07 INFO (97.1%, 4678 bytes, 176 lines)
09:11:34 INFO (97.1%, 4677 bytes, 176 lines)
09:11:57 INFO (97.1%, 4676 bytes, 176 lines)
09:12:20 INFO (97.1%, 4675 bytes, 176 lines)
09:12:48 INFO (97.1%, 4674 bytes, 176 lines)
09:13:15 INFO (97.1%, 4673 bytes, 176 lines)
09:13:43 INFO (97.1%, 4672 bytes, 176 lines)
09:14:08 INFO (97.1%, 4671 bytes, 176 lines)
09:14:33 INFO (97.1%, 4670 bytes, 176 lines)
09:15:02 INFO (97.1%, 4669 bytes, 176 lines)
09:15:19 INFO (97.1%, 4668 bytes, 176 lines)
09:15:44 INFO (97.1%, 4667 bytes, 176 lines)
09:16:03 INFO (97.1%, 4666 bytes, 176 lines)
09:16:22 INFO (97.1%, 4665 bytes, 176 lines)
09:16:41 INFO (97.1%, 4664 bytes, 176 lines)
09:17:07 INFO (97.1%, 4663 bytes, 176 lines)
09:17:27 INFO (97.1%, 4662 bytes, 176 lines)
09:17:47 INFO (97.1%, 4661 bytes, 176 lines)
09:18:11 INFO (97.1%, 4660 bytes, 176 lines)
09:18:36 INFO (97.1%, 4659 bytes, 176 lines)
09:18:56 INFO (97.1%, 4658 bytes, 176 lines)
09:19:16 INFO (97.1%, 4657 bytes, 176 lines)
09:19:37 INFO (97.1%, 4656 bytes, 176 lines)
09:19:53 INFO (97.1%, 4655 bytes, 176 lines)
09:20:11 INFO (97.1%, 4654 bytes, 176 lines)
09:20:28 INFO (97.1%, 4653 bytes, 176 lines)
09:20:47 INFO (97.1%, 4652 bytes, 176 lines)
09:21:02 INFO (97.1%, 4651 bytes, 176 lines)
09:21:06 INFO ===< IntsPass::a >===
09:21:26 INFO (97.1%, 4649 bytes, 176 lines)
09:21:45 INFO (97.1%, 4647 bytes, 176 lines)
09:22:05 INFO (97.1%, 4645 bytes, 176 lines)
09:22:27 INFO (97.1%, 4643 bytes, 176 lines)
09:22:50 INFO (97.1%, 4641 bytes, 176 lines)
09:23:11 INFO (97.1%, 4639 bytes, 176 lines)
09:23:28 INFO (97.1%, 4637 bytes, 176 lines)
09:23:43 INFO (97.1%, 4635 bytes, 176 lines)
09:23:54 INFO (97.1%, 4633 bytes, 176 lines)
09:23:57 INFO ===< IntsPass::b >===
09:24:17 INFO (97.1%, 4631 bytes, 176 lines)
09:24:40 INFO (97.1%, 4629 bytes, 176 lines)
09:25:01 INFO (97.1%, 4627 bytes, 176 lines)
09:25:25 INFO (97.1%, 4626 bytes, 176 lines)
09:25:46 INFO (97.1%, 4625 bytes, 176 lines)
09:26:09 INFO (97.1%, 4623 bytes, 176 lines)
09:26:29 INFO (97.1%, 4622 bytes, 176 lines)
09:26:52 INFO (97.1%, 4621 bytes, 176 lines)
09:27:11 INFO (97.1%, 4619 bytes, 176 lines)
09:27:32 INFO (97.1%, 4618 bytes, 176 lines)
09:27:51 INFO (97.1%, 4616 bytes, 176 lines)
09:28:12 INFO (97.1%, 4614 bytes, 176 lines)
09:28:38 INFO (97.1%, 4613 bytes, 176 lines)
09:28:58 INFO (97.1%, 4612 bytes, 176 lines)
09:29:20 INFO (97.1%, 4611 bytes, 176 lines)
09:29:40 INFO (97.1%, 4610 bytes, 176 lines)
09:30:05 INFO (97.1%, 4608 bytes, 176 lines)
09:30:21 INFO (97.1%, 4606 bytes, 176 lines)
09:30:46 INFO (97.1%, 4604 bytes, 176 lines)
09:31:10 INFO (97.1%, 4603 bytes, 176 lines)
09:31:32 INFO (97.1%, 4602 bytes, 176 lines)
09:31:50 INFO (97.1%, 4601 bytes, 176 lines)
09:32:15 INFO (97.1%, 4600 bytes, 176 lines)
09:32:35 INFO (97.1%, 4599 bytes, 176 lines)
09:33:00 INFO (97.1%, 4597 bytes, 176 lines)
09:33:22 INFO (97.1%, 4595 bytes, 176 lines)
09:33:40 INFO (97.1%, 4593 bytes, 176 lines)
09:34:05 INFO (97.1%, 4591 bytes, 176 lines)
09:34:29 INFO (97.1%, 4590 bytes, 176 lines)
09:34:52 INFO (97.1%, 4588 bytes, 176 lines)
09:35:15 INFO (97.1%, 4586 bytes, 176 lines)
09:35:36 INFO (97.1%, 4585 bytes, 176 lines)
09:35:56 INFO (97.1%, 4583 bytes, 176 lines)
09:36:09 INFO (97.1%, 4581 bytes, 176 lines)
09:36:20 INFO (97.1%, 4580 bytes, 176 lines)
09:36:20 INFO ===< IntsPass::c >===
09:36:40 INFO (97.1%, 4579 bytes, 176 lines)
09:37:03 INFO (97.1%, 4578 bytes, 176 lines)
09:37:27 INFO (97.1%, 4577 bytes, 176 lines)
09:37:47 INFO (97.1%, 4576 bytes, 176 lines)
09:38:02 INFO (97.1%, 4575 bytes, 176 lines)
09:38:14 INFO (97.1%, 4574 bytes, 176 lines)
09:38:14 INFO ===< IntsPass::d >===
09:38:14 INFO ===< IntsPass::c >===
09:38:26 INFO ===< BalancedPass::parens-only >===
09:38:27 INFO ===< ClexPass::delete-string >===
09:38:28 INFO Termination check: size was 4835; now 4574
09:38:28 ERROR Skipping pass UnIfDefPass
09:38:28 INFO ===< ClexPass::define >===
09:38:28 INFO ===< IncludeIncludesPass >===
09:38:29 INFO ===< TernaryPass::b >===
09:38:29 INFO ===< TernaryPass::c >===
09:38:48 INFO ===< BalancedPass::curly >===
09:39:08 INFO ===< BalancedPass::curly2 >===
09:39:08 INFO ===< BalancedPass::curly3 >===
09:39:20 INFO ===< BalancedPass::parens >===
09:39:21 INFO ===< BalancedPass::angles >===
09:39:41 INFO ===< BalancedPass::square >===
09:40:10 INFO ===< BalancedPass::curly-inside >===
09:40:24 INFO ===< BalancedPass::parens-inside >===
09:40:25 INFO ===< BalancedPass::angles-inside >===
09:40:43 INFO ===< BalancedPass::square-inside >===
09:40:59 INFO ===< BalancedPass::curly-only >===
09:41:00 INFO ===< BalancedPass::angles-only >===
09:41:19 INFO ===< BalancedPass::square-only >===
09:41:19 INFO ===< ClangPass::remove-namespace >===
09:41:19 INFO ===< ClangPass::aggregate-to-scalar >===
09:41:20 INFO ===< ClangPass::param-to-global >===
09:41:21 INFO ===< ClangPass::param-to-local >===
09:41:21 INFO ===< ClangPass::remove-nested-function >===
09:41:21 INFO ===< ClangPass::union-to-struct >===
09:41:22 INFO ===< ClangPass::return-void >===
09:41:22 INFO ===< ClangPass::simple-inliner >===
09:41:26 INFO ===< ClangPass::reduce-pointer-level >===
09:41:27 INFO ===< ClangPass::lift-assignment-expr >===
09:41:27 INFO ===< ClangPass::copy-propagation >===
09:41:28 INFO ===< ClangHintsPass::callexpr-to-value >===
09:41:28 INFO ===< ClangPass::replace-callexpr >===
09:41:29 INFO ===< ClangPass::simplify-callexpr >===
09:41:30 INFO ===< ClangHintsPass::remove-unused-function >===
09:41:30 INFO using C++ standard: c++2b with 0 transformation opportunities
09:41:30 INFO ===< ClangBinarySearchPass::remove-unused-enum-member >===
09:41:30 INFO ===< ClangPass::remove-enum-member-value >===
09:41:30 INFO using C++ standard: c++2b with 12 transformation opportunities
09:41:34 INFO ===< ClangBinarySearchPass::remove-unused-var >===
09:41:34 INFO ===< ClangPass::simplify-if >===
09:41:35 INFO ===< ClangPass::reduce-array-dim >===
09:41:35 INFO ===< ClangPass::reduce-array-size >===
09:41:35 INFO ===< ClangPass::move-definition-to-declaration >===
09:41:35 INFO ===< ClangPass::simplify-comma-expr >===
09:41:35 INFO ===< ClangPass::simplify-dependent-typedef >===
09:41:35 INFO ===< ClangPass::replace-simple-typedef >===
09:41:35 INFO ===< ClangHintsPass::replace-dependent-typedef >===
09:41:35 INFO ===< ClangPass::replace-one-level-typedef-type >===
09:41:51 INFO ===< ClangPass::remove-unused-field >===
09:41:51 INFO ===< ClangPass::instantiate-template-type-param-to-int >===
09:41:52 INFO ===< ClangPass::instantiate-template-param >===
09:41:52 INFO ===< ClangPass::template-arg-to-int >===
09:41:52 INFO ===< ClangPass::template-non-type-arg-to-int >===
09:41:52 INFO ===< ClangPass::reduce-class-template-param >===
09:41:52 INFO ===< ClangPass::remove-trivial-base-template >===
09:41:52 INFO ===< ClangPass::class-template-to-class >===
09:41:52 INFO ===< ClangPass::merge-base-class >===
09:41:52 INFO ===< ClangPass::remove-base-class >===
09:41:52 INFO ===< ClangPass::replace-derived-class >===
09:41:52 INFO ===< ClangPass::remove-unresolved-base >===
09:41:52 INFO ===< ClangPass::remove-ctor-initializer >===
09:41:52 INFO ===< ClangPass::replace-class-with-base-template-spec >===
09:41:52 INFO ===< ClangPass::simplify-nested-class >===
09:41:52 INFO ===< ClangPass::remove-unused-outer-class >===
09:41:53 WARNING ClangPass::empty-struct-to-int has encountered a non fatal bug: pass error
09:41:53 WARNING ClangPass::empty-struct-to-int has encountered a non fatal bug: pass error
09:41:53 INFO ===< ClangPass::empty-struct-to-int >===
09:41:53 INFO ===< ClangPass::remove-pointer >===
09:41:53 INFO ===< ClangPass::reduce-pointer-pairs >===
09:41:53 INFO ===< ClangPass::remove-array >===
09:41:53 INFO ===< ClangPass::remove-addr-taken >===
09:41:53 INFO ===< ClangPass::simplify-struct >===
09:41:53 INFO ===< ClangPass::replace-undefined-function >===
09:41:53 INFO ===< ClangPass::replace-array-index-var >===
09:41:53 INFO ===< ClangPass::replace-array-access-with-index >===
09:41:53 INFO ===< ClangPass::replace-dependent-name >===
09:41:54 INFO ===< ClangPass::simplify-recursive-template-instantiation >===
09:41:54 INFO ===< ClangPass::vector-to-array >===
09:41:54 INFO ===< ClangPass::remove-try-catch >===
09:41:54 INFO ===< ClangPass::class-to-struct >===
09:42:13 INFO ===< ClangPass::member-to-global >===
09:42:20 INFO ===< LinesPass::0 >===
09:43:41 INFO ===< LinesPass::1 >===
09:43:48 INFO ===< LinesPass::2 >===
09:43:48 INFO ===< LinesPass::3 >===
09:43:48 INFO ===< LinesPass::4 >===
09:43:48 INFO ===< LinesPass::6 >===
09:43:48 INFO ===< LinesPass::8 >===
09:43:48 INFO ===< LinesPass::10 >===
09:43:49 INFO ===< CommentsPass >===
09:43:49 INFO ===< SpecialPass::b >===
09:43:49 INFO ===< SpecialPass::c >===
09:43:49 INFO ===< IndentPass::regular >===
09:44:02 INFO ===< BalancedPass::parens-to-zero >===
10:52:17 INFO ===< ClexHintsPass::rm-toks-1-to-16 >===
11:25:50 INFO ===< ClexPass::rm-tok-pattern-4 >===
11:25:52 INFO ===< ClangPass::local-to-global >===
11:26:08 INFO ===< PeepPass::c >===
11:26:25 INFO (97.1%, 4573 bytes, 176 lines)
11:26:48 INFO (97.1%, 4572 bytes, 176 lines)
11:27:11 INFO (97.1%, 4571 bytes, 176 lines)
11:27:30 INFO (97.1%, 4570 bytes, 176 lines)
11:27:44 INFO (97.1%, 4569 bytes, 176 lines)
11:27:56 INFO (97.1%, 4568 bytes, 176 lines)
11:28:01 INFO ===< IntsPass::a >===
11:28:01 INFO ===< IntsPass::b >===
11:28:01 INFO ===< IntsPass::c >===
11:28:01 INFO ===< IntsPass::d >===
11:28:01 INFO cache hit for HIPProg.hip
11:28:01 INFO ===< IntsPass::c >===
11:28:11 INFO ===< BalancedPass::parens-only >===
11:28:12 INFO ===< ClexPass::delete-string >===
11:28:13 INFO Termination check: size was 4574; now 4568
11:28:13 ERROR Skipping pass UnIfDefPass
11:28:13 INFO ===< ClexPass::define >===
11:28:13 INFO ===< IncludeIncludesPass >===
11:28:13 INFO ===< TernaryPass::b >===
11:28:13 INFO ===< TernaryPass::c >===
11:28:32 INFO ===< BalancedPass::curly >===
11:28:52 INFO ===< BalancedPass::curly2 >===
11:28:52 INFO ===< BalancedPass::curly3 >===
11:29:05 INFO ===< BalancedPass::parens >===
11:29:06 INFO ===< BalancedPass::angles >===
11:29:25 INFO ===< BalancedPass::square >===
11:29:52 INFO ===< BalancedPass::curly-inside >===
11:30:04 INFO ===< BalancedPass::parens-inside >===
11:30:05 INFO ===< BalancedPass::angles-inside >===
11:30:20 INFO ===< BalancedPass::square-inside >===
11:30:36 INFO ===< BalancedPass::curly-only >===
11:30:37 INFO ===< BalancedPass::angles-only >===
11:30:56 INFO ===< BalancedPass::square-only >===
11:30:56 INFO ===< ClangPass::remove-namespace >===
11:30:56 INFO ===< ClangPass::aggregate-to-scalar >===
11:30:56 INFO ===< ClangPass::param-to-global >===
11:30:57 INFO ===< ClangPass::param-to-local >===
11:30:58 INFO ===< ClangPass::remove-nested-function >===
11:30:58 INFO ===< ClangPass::union-to-struct >===
11:30:59 INFO ===< ClangPass::return-void >===
11:30:59 INFO ===< ClangPass::simple-inliner >===
11:31:03 INFO ===< ClangPass::reduce-pointer-level >===
11:31:03 INFO ===< ClangPass::lift-assignment-expr >===
11:31:03 INFO ===< ClangPass::copy-propagation >===
11:31:04 INFO ===< ClangHintsPass::callexpr-to-value >===
11:31:05 INFO ===< ClangPass::replace-callexpr >===
11:31:06 INFO ===< ClangPass::simplify-callexpr >===
11:31:06 INFO ===< ClangHintsPass::remove-unused-function >===
11:31:06 INFO using C++ standard: c++2b with 0 transformation opportunities
11:31:06 INFO ===< ClangBinarySearchPass::remove-unused-enum-member >===
11:31:06 INFO ===< ClangPass::remove-enum-member-value >===
11:31:06 INFO using C++ standard: c++2b with 12 transformation opportunities
11:31:12 INFO ===< ClangBinarySearchPass::remove-unused-var >===
11:31:12 INFO ===< ClangPass::simplify-if >===
11:31:12 INFO ===< ClangPass::reduce-array-dim >===
11:31:12 INFO ===< ClangPass::reduce-array-size >===
11:31:12 INFO ===< ClangPass::move-definition-to-declaration >===
11:31:12 INFO ===< ClangPass::simplify-comma-expr >===
11:31:12 INFO ===< ClangPass::simplify-dependent-typedef >===
11:31:12 INFO ===< ClangPass::replace-simple-typedef >===
11:31:12 INFO ===< ClangHintsPass::replace-dependent-typedef >===
11:31:12 INFO ===< ClangPass::replace-one-level-typedef-type >===
11:31:29 INFO ===< ClangPass::remove-unused-field >===
11:31:29 INFO ===< ClangPass::instantiate-template-type-param-to-int >===
11:31:30 INFO ===< ClangPass::instantiate-template-param >===
11:31:30 INFO ===< ClangPass::template-arg-to-int >===
11:31:30 INFO ===< ClangPass::template-non-type-arg-to-int >===
11:31:30 INFO ===< ClangPass::reduce-class-template-param >===
11:31:30 INFO ===< ClangPass::remove-trivial-base-template >===
11:31:30 INFO ===< ClangPass::class-template-to-class >===
11:31:30 INFO ===< ClangPass::merge-base-class >===
11:31:30 INFO ===< ClangPass::remove-base-class >===
11:31:30 INFO ===< ClangPass::replace-derived-class >===
11:31:30 INFO ===< ClangPass::remove-unresolved-base >===
11:31:30 INFO ===< ClangPass::remove-ctor-initializer >===
11:31:30 INFO ===< ClangPass::replace-class-with-base-template-spec >===
11:31:30 INFO ===< ClangPass::simplify-nested-class >===
11:31:30 INFO ===< ClangPass::remove-unused-outer-class >===
11:31:31 WARNING ClangPass::empty-struct-to-int has encountered a non fatal bug: pass error
11:31:31 WARNING ClangPass::empty-struct-to-int has encountered a non fatal bug: pass error
11:31:31 INFO ===< ClangPass::empty-struct-to-int >===
11:31:31 INFO ===< ClangPass::remove-pointer >===
11:31:31 INFO ===< ClangPass::reduce-pointer-pairs >===
11:31:31 INFO ===< ClangPass::remove-array >===
11:31:31 INFO ===< ClangPass::remove-addr-taken >===
11:31:31 INFO ===< ClangPass::simplify-struct >===
11:31:31 INFO ===< ClangPass::replace-undefined-function >===
11:31:31 INFO ===< ClangPass::replace-array-index-var >===
11:31:31 INFO ===< ClangPass::replace-array-access-with-index >===
11:31:31 INFO ===< ClangPass::replace-dependent-name >===
11:31:31 INFO ===< ClangPass::simplify-recursive-template-instantiation >===
11:31:31 INFO ===< ClangPass::vector-to-array >===
11:31:32 INFO ===< ClangPass::remove-try-catch >===
11:31:32 INFO ===< ClangPass::class-to-struct >===
11:31:50 INFO ===< ClangPass::member-to-global >===
11:31:56 INFO ===< LinesPass::0 >===
11:33:09 INFO ===< LinesPass::1 >===
11:33:15 INFO ===< LinesPass::2 >===
11:33:15 INFO ===< LinesPass::3 >===
11:33:15 INFO ===< LinesPass::4 >===
11:33:15 INFO ===< LinesPass::6 >===
11:33:15 INFO ===< LinesPass::8 >===
11:33:15 INFO ===< LinesPass::10 >===
11:33:16 INFO ===< CommentsPass >===
11:33:16 INFO ===< SpecialPass::b >===
11:33:16 INFO ===< SpecialPass::c >===
11:33:16 INFO ===< IndentPass::regular >===
11:33:29 INFO ===< BalancedPass::parens-to-zero >===
12:50:18 INFO ===< ClexHintsPass::rm-toks-1-to-16 >===
13:31:24 INFO ===< ClexPass::rm-tok-pattern-4 >===
13:31:25 INFO ===< ClangPass::local-to-global >===
13:31:41 INFO ===< PeepPass::c >===
13:31:44 INFO ===< IntsPass::a >===
13:31:44 INFO cache hit for HIPProg.hip
13:31:44 INFO ===< IntsPass::b >===
13:31:44 INFO cache hit for HIPProg.hip
13:31:44 INFO ===< IntsPass::c >===
13:31:44 INFO cache hit for HIPProg.hip
13:31:44 INFO ===< IntsPass::d >===
13:31:44 INFO cache hit for HIPProg.hip
13:31:44 INFO ===< IntsPass::c >===
13:31:44 INFO cache hit for HIPProg.hip
13:31:44 INFO ===< BalancedPass::parens-only >===
13:31:44 INFO cache hit for HIPProg.hip
13:31:44 INFO ===< ClexPass::delete-string >===
13:31:44 INFO cache hit for HIPProg.hip
13:31:44 INFO Termination check: size was 4568; now 4568
13:31:44 INFO CLEANUP PASSES
13:31:44 INFO ===< ClexPass::define >===
13:31:47 INFO ===< ClangPass::combine-global-var >===
13:31:48 INFO ===< ClangPass::combine-local-var >===
13:31:48 INFO ===< ClangPass::simplify-struct-union-decl >===
13:31:48 INFO ===< ClangPass::move-global-var >===
13:31:48 INFO ===< ClangPass::unify-function-decl >===
13:31:48 INFO cache hit for HIPProg.hip
13:31:48 INFO ===< LinesPass::0 >===
13:31:48 INFO cache hit for HIPProg.hip
13:31:48 INFO ===< ClexPass::delete-string >===
13:31:51 INFO ===< BlankPass >===
13:31:51 INFO cache hit for HIPProg.hip
13:31:51 INFO ===< BlankPass >===
13:31:52 INFO ===================== done ====================
===< PASS statistics >===
  pass name                                                     bytes reduced time (s) time (%)   worked   failed  total executed
  LinesPass::3                                                          60474     4.19     0.01        1        0               1
  BalancedPass::curly-inside                                            41357   368.40     0.76       18      190             208
  BalancedPass::curly3                                                  17359   233.66     0.48       13       35              48
  LinesPass::2                                                           7448   319.02     0.65       21      524             545
  TreeSitterPass::replace-function-def-with-decl                         6663    66.79     0.14        2      157             159
  CommentsPass                                                           6565    38.39     0.08        4      485             489
  LinesPass::1                                                           2756  1256.33     2.58       29     2455            2484
  LinesPass::0                                                           2568   122.27     0.25        7      262             269
  LinesPass::None                                                        2234  1147.99     2.36       30     2424            2454
  BalancedPass::curly                                                    1498   390.73     0.80        8      685             693
  TreeSitterPass::remove-function                                        1429    96.27     0.20        7      232             239
  ClangHintsPass::callexpr-to-value                                      1370   174.98     0.36       26      202             228
  BalancedPass::parens-to-zero                                           1244   390.22     0.80       21     1164            1185
  BalancedPass::curly2                                                    837   386.00     0.79       13      635             648
  ClexHintsPass::rm-toks-1-to-4                                           357  3896.94     8.00       66    13063           13129
  BlankPass                                                               214   124.58     0.26       14      117             131
  IntsPass::a                                                             168  2727.63     5.60      168     1140            1308
  ClexHintsPass::rm-toks-9-to-12                                           92  3506.86     7.20       10    13032           13042
  BalancedPass::square                                                     67   416.58     0.86       14      917             931
  IntsPass::c                                                              53   495.96     1.02       35      175             210
  ClexHintsPass::rm-toks-5-to-8                                            35  3545.15     7.28        4    12963           12967
  ClexHintsPass::rm-toks-1-to-16                                           35 12823.69    26.33        3    50645           50648
  BalancedPass::parens                                                     19   284.37     0.58        2     1116            1118
  IntsPass::b                                                              18   106.78     0.22        9       89              98
  BalancedPass::parens-only                                                14   284.10     0.58       18      929             947
  IntsPass::d                                                               6    64.33     0.13        6       28              34
  BalancedPass::curly-only                                                  6   278.06     0.57        8      562             570
  ClexPass::rm-tok-pattern-4                                                4  7075.03    14.52        1    25469           25470
  ClangPass::reduce-pointer-level                                           2    21.94     0.05        2       64              66
  RmUnusedFilesPass                                                         0     0.00     0.00        0        0               0
  InlineIncludesPass                                                        0     0.00     0.00        0        0               0
  SpecialPass::c                                                            0     0.01     0.00        0        0               0
  SpecialPass::b                                                            0     0.02     0.00        0        0               0
  LineMarkersPass                                                           0     0.03     0.00        0        0               0
  LinesPass::10                                                             0     0.04     0.00        0        0               0
  IncludeIncludesPass                                                       0     0.04     0.00        0       12              12
  TernaryPass::c                                                            0     0.05     0.00        0        0               0
  TernaryPass::b                                                            0     0.06     0.00        0        0               0
  IndentPass::final                                                         0     0.07     0.00        0        1               1
  ClangModuleMapPass                                                        0     0.07     0.00        0        0               0
  ClangPass::simplify-struct-union-decl                                     0     0.07     0.00        0        4               4
  TreeSitterPass::erase-namespace                                           0     0.08     0.00        0        0               0
  IndentPass::regular                                                       0     0.09     0.00        0        3               3
  MakefilePass                                                              0     0.09     0.00        0        0               0
  ClangPass::unify-function-decl                                            0     0.10     0.00        0        4               4
  ClangPass::move-global-var                                                0     0.10     0.00        0        4               4
  ClangPass::simplify-recursive-template-instantiation                      0     0.15     0.00        0       12              12
  ClangPass::remove-try-catch                                               0     0.15     0.00        0       12              12
  ClangPass::remove-unused-outer-class                                      0     0.15     0.00        0       12              12
  ClangPass::class-to-struct                                                0     0.15     0.00        0       12              12
  ClangPass::remove-array                                                   0     0.16     0.00        0       12              12
  ClangPass::remove-ctor-initializer                                        0     0.16     0.00        0       12              12
  ClangPass::replace-dependent-name                                         0     0.16     0.00        0       12              12
  ClangPass::remove-addr-taken                                              0     0.16     0.00        0       12              12
  ClangPass::merge-base-class                                               0     0.16     0.00        0       12              12
  ClangPass::simplify-struct                                                0     0.16     0.00        0       12              12
  ClangPass::remove-unresolved-base                                         0     0.16     0.00        0       12              12
  ClangPass::replace-array-index-var                                        0     0.16     0.00        0       12              12
  ClangPass::remove-base-class                                              0     0.16     0.00        0       12              12
  ClangPass::replace-one-level-typedef-type                                 0     0.17     0.00        0       12              12
  ClangPass::reduce-class-template-param                                    0     0.17     0.00        0       12              12
  ClangPass::instantiate-template-param                                     0     0.17     0.00        0       12              12
  ClangPass::template-arg-to-int                                            0     0.17     0.00        0       12              12
  ClangPass::remove-namespace                                               0     0.17     0.00        0       12              12
  ClangPass::replace-class-with-base-template-spec                          0     0.17     0.00        0       12              12
  ClangPass::remove-trivial-base-template                                   0     0.17     0.00        0       12              12
  ClangPass::replace-array-access-with-index                                0     0.17     0.00        0       12              12
  ClangPass::replace-derived-class                                          0     0.17     0.00        0       12              12
  ClangPass::simple-inliner                                                 0     0.17     0.00        0       12              12
  ClangPass::simplify-nested-class                                          0     0.18     0.00        0       12              12
  ClangPass::simplify-dependent-typedef                                     0     0.18     0.00        0       12              12
  ClangPass::vector-to-array                                                0     0.18     0.00        0       12              12
  ClangPass::template-non-type-arg-to-int                                   0     0.18     0.00        0       12              12
  ClangPass::lift-assignment-expr                                           0     0.18     0.00        0       12              12
  ClangPass::replace-simple-typedef                                         0     0.18     0.00        0       12              12
  ClangPass::reduce-array-dim                                               0     0.18     0.00        0       12              12
  ClangPass::reduce-pointer-pairs                                           0     0.18     0.00        0       12              12
  ClangPass::copy-propagation                                               0     0.18     0.00        0       12              12
  ClangPass::simplify-if                                                    0     0.18     0.00        0       12              12
  ClangPass::reduce-array-size                                              0     0.18     0.00        0       12              12
  ClangPass::move-definition-to-declaration                                 0     0.19     0.00        0       12              12
  ClangPass::instantiate-template-type-param-to-int                         0     0.19     0.00        0       12              12
  ClangPass::simplify-comma-expr                                            0     0.19     0.00        0       12              12
  ClangPass::class-template-to-class                                        0     0.19     0.00        0       12              12
  ClangHintsPass::replace-dependent-typedef                                 0     0.19     0.00        0        0               0
  ClangPass::replace-undefined-function                                     0     0.21     0.00        0       12              12
  ClangPass::remove-pointer                                                 0     0.21     0.00        0       12              12
  ClangPass::remove-enum-member-value                                       0     0.25     0.00        0       16              16
  ClangPass::replace-callexpr                                               0     0.28     0.00        0       16              16
  ClangHintsPass::replace-function-def-with-decl (30 T)                     0     0.28     0.00        0        3               3
  ClangHintsPass::remove-unused-function (30 T)                             0     0.29     0.00        0        1               1
  ClangPass::param-to-global                                                0     0.34     0.00        0       12              12
  ClangPass::remove-nested-function                                         0     0.37     0.00        0       12              12
  ClangPass::empty-struct-to-int                                            0     0.41     0.00        0       12              12
  ClangPass::combine-local-var                                              0     0.47     0.00        0        7               7
  IncludesPass                                                              0     0.53     0.00        0        4               4
  SpecialPass::a                                                            0     0.61     0.00        0        2               2
  ClexPass::define                                                          0     0.64     0.00        0        8               8
  ClexPass::delete-string                                                   0     0.65     0.00        0        8               8
  ClangIncludeGraphPass                                                     0     0.75     0.00        0        0               0
  ClangPass::return-void                                                    0     1.05     0.00        0       12              12
  ClangBinarySearchPass::remove-unused-enum-member                          0     1.14     0.00        0        0               0
  ClangPass::param-to-local                                                 0     1.22     0.00        0       12              12
  ClangPass::combine-global-var                                             0     1.99     0.00        0        8               8
  ClangPass::simplify-callexpr                                              0     2.82     0.01        0       52              52
  LinesPass::4                                                              0     4.50     0.01        1        0               1
  LinesPass::8                                                              0     5.61     0.01        1        0               1
  LinesPass::6                                                              0     7.06     0.01        1        0               1
  ClangPass::local-to-global                                                0     7.11     0.01        0       46              46
  ClangHintsPass::replace-function-def-with-decl                            0     9.52     0.02        0       71              71
  ClangHintsPass::remove-unused-function                                    0    14.38     0.03        0       46              46
  ClangBinarySearchPass::remove-unused-var                                  0    17.68     0.04        0       76              76
  PeepPass::c                                                               0    38.25     0.08        0    13955           13955
  BalancedPass::angles-inside                                               0    43.29     0.09        0       94              94
  BalancedPass::angles-only                                                 0    43.77     0.09        0       93              93
  BalancedPass::angles                                                      0    43.85     0.09        0       95              95
  ClangPass::remove-unused-field                                            0    48.79     0.10        0      153             153
  ClangPass::member-to-global                                               0    52.99     0.11        0      153             153
  BalancedPass::parens-inside                                               0   229.58     0.47        0      946             946
  BalancedPass::square-inside                                               0   231.95     0.48        0      597             597
  BalancedPass::square-only                                                 0   378.25     0.78        8      927             935
  ClexHintsPass::rm-toks-13-to-16                                           0  3390.68     6.96        0    12858           12858
  ClangPass::union-to-struct                                               -1     2.76     0.01        1       15              16
  ClangPass::aggregate-to-scalar                                          -18     2.57     0.01        1       15              16
  Folding (merging transformations from other passes)                  154561  1557.95     3.20      310       16             326

Runtime: 48712 seconds
Reduced test-cases:

--- HIPProg.hip ---
#include <hip/hip_runtime.h>
#include "HIPSmith.h"
#define transparent_crc(X, Y, Z) transparent_crc_(&crc64_context, X, , )
struct S0 {
   uint8_t  f2;
};
struct U1 {};
struct S2 {
    uint64_t g_9[7];
    U1 g_33[3];
    int32_t g_34[6];
    int32_t g_57;
    int16_t g_61;
    uint16_t g_63;
    uint8_t g_81;
    uint8_t g_85;
    uint8_t *g_84;
    int16_t g_88;
    uint16_t g_90;
    S0 g_114;
    S0 g_127;
    S0 g_126[10];
    uint32_t g_143[8][10];
    uint32_t *g_142;
    int8_t g_171;
    uint64_t g_269;
    int32_t *g_284;
    uint32_t g_300;
    uint8_t g_337;
    uint64_t g_341;
    uint64_t g_346;
    uint8_t g_352;
    int8_t g_409;
    int32_t g_410[7][4][4];
    uint64_t g_411;
    int64_t g_488;
    int32_t **g_539[8];
    int16_t g_542[2][4][7];
    int16_t *g_547;
    int16_t **g_546;
    int32_t ***g_577;
    int32_t g_658[6];
    int64_t g_772;
    int32_t g_919;
    uint32_t g_1020;
    U1 *g_1136;
    int32_t g_1167;
    S0 ***g_1217;
    int8_t g_1263;
    uint64_t g_1288;
    int8_t g_1327;
    uint8_t **g_1360;
    uint8_t ***g_1359;
    uint32_t g_1365;
    uint8_t g_1385;
    int8_t g_1389;
    int32_t g_1409;
};
__device__ int64_t  func_4(int16_t  , int16_t  , uint32_t  , uint32_t  , S2 * );
__device__ int32_t  func_11(int8_t  , uint8_t  , int32_t  , S2 * );
__device__ U1  func_15(int32_t  , uint32_t  , uint32_t  , int16_t  , uint32_t  , S2 * );
__device__ int32_t  func_1(S2 * p_1415)
{ 
    uint16_t l_2 = 1;
    S0 l_641 {};
    uint16_t l_642 = 3;
    int32_t l_1050 = 4;
    p_1415->g_1288 |= l_2 ^ ~func_4(p_1415->g_9[4], func_11((func_15(0, l_641.f2, l_642, 0, p_1415->g_542[0][0][3], p_1415) , p_1415->g_658[0]), p_1415->g_410[0][0][3], l_1050, p_1415), p_1415->g_411, p_1415->g_337, p_1415);
    return p_1415->g_1263;
}
__device__ int64_t  func_4(int16_t  , int16_t  , uint32_t  , uint32_t  p_8, S2 * )
{
    return p_8;
}
__device__ int32_t  func_11(int8_t  p_12, uint8_t  , int32_t  , S2 * )
{
    return p_12;
}
__device__ U1  func_15(int32_t  , uint32_t  , uint32_t  , int16_t  , uint32_t  , S2 * p_1415)
{
    U1 l_776[3] ;
    *p_1415->g_284 = p_1415->g_658[0];
    return l_776[2];
}
__global__ void hipsmith_kernel(uint64_t *results) {
    S2 c_1416;
    S2* p_1415 = &c_1416;
    S0 **p_1415_13_1_9;
    S2 c_1417 {
        4073709551615, 4073709551615, 4073709551615, 4073709551615, 4073709551615, 4073709551615, 4073709551615, 
        {}, 
        0, 2, 0, 2, 0, 2, 
        3, 
        0, 
        0, 
        6, 
        1, 
        &p_1415->g_85, 
        0, 
        0, 
        {}, 
        {}, 
        {}, 
        {}, 
        &p_1415->g_143[6][4], 
        {}, 
        4, 
        &p_1415->g_57, 
        8, 
        8, 
        {}, 
        1, 
        8, 
        1, 
        {}, 
        1, 
        0, 
        {}, 
        {}, 
        &p_1415->g_61, 
        &p_1415->g_547, 
        &p_1415->g_539[2], 
        {}, 
        {}, 
        7, 
        0, 
        &p_1415->g_33[1], 
        0, 
        &p_1415_13_1_9, 
        4, 
        3, 
        0, 
        &p_1415->g_84, 
        &p_1415->g_1360, 
        1, 
        5, 
        0, 
        1};
    c_1416 = c_1417;
    func_1(p_1415);
    uint64_t crc64_context = 0xFFFFFFFFFFFFFFFFUL;
    transparent_crc(p_1415->g_1288, , );
    int tid = threadIdx.x + blockIdx.x * blockDim.x;
    results[tid] = (crc64_context ^ 0xFFFFFFFFFFFFFFFFUL);
}
// ------------------------------------------------------------------
// Host Main
// ------------------------------------------------------------------
int main(int argc, const char* argv[]) {
    // Config
    const unsigned int num_threads = 4;
    const unsigned int block_size = 4;
    // Host Alloc
    std::vector<uint64_t> h_results(num_threads);
    const size_t results_bytes = sizeof(uint64_t) * h_results.size();
    // Device Alloc
    uint64_t *d_results;
    HIP_CHECK(hipMalloc((void**)&d_results, results_bytes));
    HIP_CHECK(hipMemset(d_results, 0, results_bytes));
    // Dimensions
    const dim3 block_dim(block_size);
    const dim3 grid_dim((num_threads + block_size - 1) / block_size);
    // Launch
    hipLaunchKernelGGL(hipsmith_kernel, grid_dim, block_dim, 0, 0, d_results);
    HIP_CHECK(hipGetLastError());
    HIP_CHECK(hipDeviceSynchronize());
    // Copy Back
    HIP_CHECK(hipMemcpy(h_results.data(), d_results, results_bytes, hipMemcpyDeviceToHost));
    // Free
    HIP_CHECK(hipFree(d_results));
    // Output
    for (size_t i = 0; i < h_results.size(); ++i) {
        printf("Thread %zu CRC: %lu\n", i, h_results[i]);
    }
    return 0;
}

