00:00:00 ERROR Prereqs not found for pass UnIfDefPass
00:00:00 ERROR Prereqs not found for pass IfPass
00:00:00 ERROR Prereqs not found for pass UnIfDefPass
00:00:05 INFO ===< 3738443 >===
00:00:05 INFO running 4 interestingness tests in parallel
00:00:05 INFO (0.0%, 4667 bytes, 202 lines)
00:00:05 INFO INITIAL PASSES (interleaving)
00:00:05 INFO ===<  >===
00:32:26 INFO (100.0%, 0 bytes, via LinesPass::0)
00:32:26 INFO INITIAL PASSES
00:32:26 ERROR Skipping pass UnIfDefPass
00:32:26 ERROR Skipping pass IfPass
00:32:26 INFO ===< BalancedPass::angles, BalancedPass::angles-inside, BalancedPass::angles-only, BalancedPass::curly, BalancedPass::curly-inside, BalancedPass::curly-only, BalancedPass::curly2, BalancedPass::curly3, BalancedPass::parens, BalancedPass::parens-inside, BalancedPass::parens-only, BalancedPass::parens-to-zero, BalancedPass::square, BalancedPass::square-inside, BalancedPass::square-only, BlankPass, ClangHintsPass::callexpr-to-value, ClangHintsPass::remove-unused-function, ClangHintsPass::replace-dependent-typedef, ClangHintsPass::replace-function-def-with-decl, ClangIncludeGraphPass, ClangModuleMapPass, ClexHintsPass::rm-toks-1-to-4, ClexHintsPass::rm-toks-13-to-16, ClexHintsPass::rm-toks-5-to-8, ClexHintsPass::rm-toks-9-to-12, CommentsPass, InlineIncludesPass, LineMarkersPass, LinesPass::0, LinesPass::1, LinesPass::10, LinesPass::2, LinesPass::3, LinesPass::4, LinesPass::6, LinesPass::8, LinesPass::None, MakefilePass, RmUnusedFilesPass, TreeSitterPass::erase-namespace, TreeSitterPass::remove-function, TreeSitterPass::replace-function-def-with-decl >===
The file being reduced has reached zero size; our work here is done.

If you did not want a zero size file, you must help C-Vise out by
making sure that your interestingness test does not find files like
this to be interesting.

=========================================
[!] FATAL PYTHON EXCEPTION IN REDUCTION:
Traceback (most recent call last):
  File "/homes/eb522/imperial/fyp/hipfuzz/find_and_reduce.py", line 237, in run_reduction_task
    generate_interestingness_test(abs_work_dir, good_flag, bad_flag)
  File "/homes/eb522/imperial/fyp/hipfuzz/find_and_reduce.py", line 183, in generate_interestingness_test
    content = template_content.format(
              ^^^^^^^^^^^^^^^^^^^^^^^^
KeyError: '\n    "asan"'
=========================================

=========================================
[!] FATAL PYTHON EXCEPTION IN REDUCTION:
Traceback (most recent call last):
  File "/homes/eb522/imperial/fyp/hipfuzz/find_and_reduce.py", line 237, in run_reduction_task
    generate_interestingness_test(abs_work_dir, good_flag, bad_flag)
  File "/homes/eb522/imperial/fyp/hipfuzz/find_and_reduce.py", line 183, in generate_interestingness_test
    content = template_content.format(
              ^^^^^^^^^^^^^^^^^^^^^^^^
KeyError: 'bin_path'
=========================================
00:00:00 ERROR Prereqs not found for pass UnIfDefPass
00:00:00 ERROR Prereqs not found for pass IfPass
00:00:00 ERROR Prereqs not found for pass UnIfDefPass
00:00:06 INFO ===< 4061808 >===
00:00:06 INFO running 4 interestingness tests in parallel
00:00:06 INFO (0.0%, 65712 bytes, 847 lines)
00:00:06 INFO INITIAL PASSES (interleaving)
00:00:06 INFO ===<  >===
00:00:59 INFO Exiting now ...
00:00:01 ERROR Prereqs not found for pass UnIfDefPass
00:00:01 ERROR Prereqs not found for pass IfPass
00:00:01 ERROR Prereqs not found for pass UnIfDefPass
00:00:08 INFO ===< 659106 >===
00:00:08 INFO running 4 interestingness tests in parallel
00:00:08 INFO (0.0%, 65712 bytes, 847 lines)
00:00:08 INFO INITIAL PASSES (interleaving)
00:00:08 INFO ===<  >===
00:05:08 INFO (43.4%, 37194 bytes, 710 lines, via BalancedPass::curly3 + CommentsPass + LinesPass::6 + LinesPass::4 + LinesPass::3 + BalancedPass::curly-inside + ClangHintsPass::callexpr-to-value + LinesPass::0 + LinesPass::2 + BlankPass)
00:10:06 INFO (53.2%, 30753 bytes, 685 lines, via BalancedPass::curly3 + BalancedPass::curly-inside + ClangHintsPass::callexpr-to-value + LinesPass::3 + LinesPass::2 + LinesPass::4 + BlankPass + CommentsPass)
00:14:37 INFO (70.2%, 19608 bytes, 515 lines, via BalancedPass::curly-inside + LinesPass::3 + LinesPass::4 + ClangHintsPass::callexpr-to-value + LinesPass::1 + BalancedPass::curly3 + LinesPass::0 + LinesPass::2 + BlankPass)
00:20:13 INFO (76.1%, 15717 bytes, 460 lines, via LinesPass::1 + BalancedPass::curly-inside + BalancedPass::parens-to-zero + LinesPass::3 + LinesPass::2 + BalancedPass::curly3 + LinesPass::4 + BalancedPass::square + BalancedPass::curly-only)
00:24:39 INFO (79.1%, 13706 bytes, 407 lines, via BalancedPass::curly + BalancedPass::curly-inside + LinesPass::None + BalancedPass::parens-to-zero + LinesPass::2 + LinesPass::4 + LinesPass::3 + BalancedPass::square + BalancedPass::curly-only + ClexHintsPass::rm-toks-1-to-4)
00:28:26 INFO (81.0%, 12481 bytes, 393 lines, via BalancedPass::parens-to-zero + LinesPass::1 + BalancedPass::curly-inside + LinesPass::2 + BalancedPass::curly + BalancedPass::square + BalancedPass::curly-only)
00:34:37 INFO (86.1%, 9137 bytes, 300 lines, via LinesPass::0 + LinesPass::None + LinesPass::1 + BalancedPass::curly-inside + BalancedPass::curly + BalancedPass::parens-to-zero + LinesPass::4 + ClexHintsPass::rm-toks-5-to-8 + BalancedPass::curly3 + BalancedPass::parens-only + BlankPass + BalancedPass::square + ClexHintsPass::rm-toks-9-to-12 + BalancedPass::curly-only + BalancedPass::curly2)
00:38:43 INFO (86.9%, 8628 bytes, 283 lines, via LinesPass::1 + LinesPass::2 + BalancedPass::parens-to-zero + BlankPass + ClexHintsPass::rm-toks-1-to-4 + BalancedPass::parens-only)
00:45:56 INFO (89.0%, 7222 bytes, 241 lines, via LinesPass::1 + LinesPass::None + TreeSitterPass::remove-function + BalancedPass::parens-to-zero + ClexHintsPass::rm-toks-1-to-4 + BalancedPass::parens + BalancedPass::parens-only + BalancedPass::curly3)
00:49:33 INFO (89.2%, 7107 bytes, 233 lines, via ClexHintsPass::rm-toks-1-to-4 + LinesPass::1 + LinesPass::2 + LinesPass::None + BlankPass + BalancedPass::curly-inside)
00:54:06 INFO (90.2%, 6426 bytes, 210 lines, via LinesPass::1 + LinesPass::None + ClexHintsPass::rm-toks-1-to-4 + BalancedPass::square + BalancedPass::curly)
00:57:57 INFO (91.0%, 5887 bytes, 201 lines, via LinesPass::None + ClexHintsPass::rm-toks-1-to-4 + BalancedPass::square-only + BalancedPass::curly-only)
01:01:21 INFO (91.4%, 5647 bytes, 200 lines, via ClexHintsPass::rm-toks-1-to-4 + BalancedPass::curly3 + LinesPass::2 + ClexHintsPass::rm-toks-9-to-12 + ClexHintsPass::rm-toks-5-to-8 + BlankPass)
01:04:03 INFO (91.5%, 5586 bytes, 199 lines, via BalancedPass::parens-to-zero + BalancedPass::curly-inside + ClexHintsPass::rm-toks-5-to-8)
01:07:24 INFO (91.6%, 5497 bytes, 199 lines, via ClexHintsPass::rm-toks-1-to-4 + BalancedPass::parens-only)
01:10:24 INFO (91.8%, 5413 bytes, 195 lines, via ClexHintsPass::rm-toks-1-to-4 + BalancedPass::curly-only + BalancedPass::square)
01:12:34 INFO (91.9%, 5348 bytes, 194 lines, via BlankPass + ClexHintsPass::rm-toks-13-to-16 + ClexHintsPass::rm-toks-1-to-4)
01:14:44 INFO (91.9%, 5347 bytes, 194 lines, via ClexHintsPass::rm-toks-1-to-4)
01:16:51 INFO (92.0%, 5244 bytes, 191 lines, via LinesPass::None)
01:18:19 INFO (92.1%, 5190 bytes, 189 lines, via ClexHintsPass::rm-toks-1-to-4 + LinesPass::None + BalancedPass::square)
01:22:59 INFO (92.1%, 5186 bytes, 189 lines, via ClexHintsPass::rm-toks-1-to-4)
01:24:47 INFO (92.1%, 5182 bytes, 189 lines, via ClexHintsPass::rm-toks-1-to-4)
01:30:39 INFO (92.1%, 5162 bytes, 189 lines, via ClexHintsPass::rm-toks-5-to-8)
01:32:38 INFO (92.2%, 5145 bytes, 189 lines, via ClexHintsPass::rm-toks-5-to-8 + ClexHintsPass::rm-toks-1-to-4)
01:34:28 INFO (92.2%, 5137 bytes, 189 lines, via ClexHintsPass::rm-toks-1-to-4)
01:39:18 INFO (92.2%, 5118 bytes, 188 lines, via LinesPass::None)
02:07:58 INFO INITIAL PASSES
02:07:58 ERROR Skipping pass UnIfDefPass
02:07:58 ERROR Skipping pass IfPass
02:07:58 INFO ===< BalancedPass::angles, BalancedPass::angles-inside, BalancedPass::angles-only, BalancedPass::curly, BalancedPass::curly-inside, BalancedPass::curly-only, BalancedPass::curly2, BalancedPass::curly3, BalancedPass::parens, BalancedPass::parens-inside, BalancedPass::parens-only, BalancedPass::parens-to-zero, BalancedPass::square, BalancedPass::square-inside, BalancedPass::square-only, BlankPass, ClangHintsPass::callexpr-to-value, ClangHintsPass::remove-unused-function, ClangHintsPass::replace-dependent-typedef, ClangHintsPass::replace-function-def-with-decl, ClangIncludeGraphPass, ClangModuleMapPass, ClexHintsPass::rm-toks-1-to-4, ClexHintsPass::rm-toks-13-to-16, ClexHintsPass::rm-toks-5-to-8, ClexHintsPass::rm-toks-9-to-12, CommentsPass, InlineIncludesPass, LineMarkersPass, LinesPass::0, LinesPass::1, LinesPass::10, LinesPass::2, LinesPass::3, LinesPass::4, LinesPass::6, LinesPass::8, LinesPass::None, MakefilePass, RmUnusedFilesPass, TreeSitterPass::erase-namespace, TreeSitterPass::remove-function, TreeSitterPass::replace-function-def-with-decl >===
02:07:59 INFO ===< IncludesPass >===
02:07:59 INFO ===< CommentsPass >===
02:07:59 INFO ===< LineMarkersPass >===
02:08:00 INFO ===< BlankPass >===
02:08:01 INFO ===< ClangHintsPass::replace-function-def-with-decl (30 T) >===
02:08:02 INFO ===< ClangHintsPass::remove-unused-function (30 T) >===
02:08:02 INFO cache hit for HIPProg.hip
02:08:02 INFO ===< ClangHintsPass::replace-function-def-with-decl (30 T) >===
02:08:02 INFO cache hit for HIPProg.hip
02:08:02 INFO ===< ClangHintsPass::remove-unused-function (30 T) >===
02:08:02 INFO ===< ClangHintsPass::replace-function-def-with-decl >===
02:08:03 INFO ===< ClangHintsPass::remove-unused-function >===
02:08:10 INFO ===< LinesPass::0 >===
02:09:15 INFO ===< LinesPass::1 >===
02:09:17 INFO ===< LinesPass::2 >===
02:09:17 INFO ===< LinesPass::3 >===
02:09:17 INFO ===< LinesPass::4 >===
02:09:17 INFO ===< LinesPass::6 >===
02:09:17 INFO ===< LinesPass::8 >===
02:09:17 INFO ===< LinesPass::10 >===
02:09:17 INFO cache hit for HIPProg.hip
02:09:17 INFO ===< ClangHintsPass::replace-function-def-with-decl >===
02:09:17 INFO cache hit for HIPProg.hip
02:09:17 INFO ===< ClangHintsPass::remove-unused-function >===
02:09:17 INFO cache hit for HIPProg.hip
02:09:17 INFO ===< ClangHintsPass::remove-unused-function >===
02:09:35 INFO ===< BalancedPass::curly >===
02:09:51 INFO ===< BalancedPass::curly2 >===
02:09:51 INFO ===< BalancedPass::curly3 >===
02:10:04 INFO ===< BalancedPass::parens-to-zero >===
02:10:04 INFO ===< ClangHintsPass::callexpr-to-value >===
02:10:04 INFO ===< ClangPass::replace-callexpr >===
02:10:04 INFO ===< ClangPass::simplify-callexpr >===
02:10:03 INFO using C++ standard: c++2b with 0 transformation opportunities
02:10:04 INFO ===< ClangBinarySearchPass::remove-unused-enum-member >===
02:10:04 INFO ===< ClangPass::remove-enum-member-value >===
02:10:04 INFO using C++ standard: c++2b with 12 transformation opportunities
02:10:07 INFO ===< ClangBinarySearchPass::remove-unused-var >===
02:10:08 INFO ===< SpecialPass::a >===
02:10:08 INFO ===< SpecialPass::b >===
02:10:08 INFO INTERLEAVING PASSES
02:10:08 INFO ===< SpecialPass::c >===
02:14:29 INFO (92.2%, 5114 bytes, 188 lines, via ClexHintsPass::rm-toks-1-to-4)
02:17:00 INFO (92.3%, 5082 bytes, 188 lines, via ClexHintsPass::rm-toks-1-to-4)
02:30:25 INFO (92.3%, 5081 bytes, 188 lines, via ClexHintsPass::rm-toks-1-to-4)
02:35:17 INFO (92.3%, 5075 bytes, 188 lines, via ClexHintsPass::rm-toks-1-to-4)
02:36:51 INFO (92.3%, 5069 bytes, 188 lines, via ClexHintsPass::rm-toks-1-to-4)
02:38:09 INFO (92.3%, 5063 bytes, 188 lines, via ClexHintsPass::rm-toks-1-to-4)
02:39:20 INFO (92.3%, 5046 bytes, 188 lines, via ClexHintsPass::rm-toks-1-to-4)
02:41:18 INFO (92.4%, 4989 bytes, 188 lines, via ClexHintsPass::rm-toks-1-to-4)
02:45:12 INFO (92.5%, 4959 bytes, 187 lines, via BlankPass)
02:47:52 INFO (92.5%, 4957 bytes, 187 lines, via BalancedPass::parens-only)
03:24:14 INFO Termination check: size was 5118; now 4957
03:24:14 INFO ===< BalancedPass::angles, BalancedPass::angles-inside, BalancedPass::angles-only, BalancedPass::curly, BalancedPass::curly-inside, BalancedPass::curly-only, BalancedPass::curly2, BalancedPass::curly3, BalancedPass::parens, BalancedPass::parens-inside, BalancedPass::parens-only, BalancedPass::parens-to-zero, BalancedPass::square, BalancedPass::square-inside, BalancedPass::square-only, BlankPass, ClangHintsPass::callexpr-to-value, ClangHintsPass::remove-unused-function, ClangHintsPass::replace-dependent-typedef, ClangHintsPass::replace-function-def-with-decl, ClangIncludeGraphPass, ClangModuleMapPass, ClexHintsPass::rm-toks-1-to-4, ClexHintsPass::rm-toks-13-to-16, ClexHintsPass::rm-toks-5-to-8, ClexHintsPass::rm-toks-9-to-12, CommentsPass, InlineIncludesPass, LineMarkersPass, LinesPass::0, LinesPass::1, LinesPass::10, LinesPass::2, LinesPass::3, LinesPass::4, LinesPass::6, LinesPass::8, LinesPass::None, MakefilePass, RmUnusedFilesPass, TreeSitterPass::erase-namespace, TreeSitterPass::remove-function, TreeSitterPass::replace-function-def-with-decl >===
03:30:33 INFO (92.5%, 4953 bytes, 187 lines, via ClexHintsPass::rm-toks-1-to-4)
03:32:43 INFO (92.5%, 4947 bytes, 187 lines, via ClexHintsPass::rm-toks-1-to-4)
03:35:02 INFO (92.7%, 4796 bytes, 182 lines, via TreeSitterPass::remove-function + ClexHintsPass::rm-toks-1-to-4)
03:37:21 INFO (92.8%, 4742 bytes, 180 lines, via BalancedPass::parens-to-zero + BalancedPass::curly-inside)
03:38:59 INFO (92.8%, 4719 bytes, 180 lines, via BalancedPass::parens-inside)
03:40:24 INFO (92.9%, 4662 bytes, 177 lines, via LinesPass::0 + BalancedPass::parens-only)
03:52:09 INFO (92.9%, 4640 bytes, 177 lines, via ClexHintsPass::rm-toks-5-to-8)
03:55:40 INFO (93.0%, 4625 bytes, 176 lines, via LinesPass::1)
03:59:49 INFO (93.0%, 4622 bytes, 176 lines, via ClexHintsPass::rm-toks-1-to-4)
04:01:23 INFO (93.0%, 4613 bytes, 176 lines, via ClexHintsPass::rm-toks-1-to-4)
04:32:35 INFO Termination check: size was 4957; now 4613
04:32:35 INFO ===< BalancedPass::angles, BalancedPass::angles-inside, BalancedPass::angles-only, BalancedPass::curly, BalancedPass::curly-inside, BalancedPass::curly-only, BalancedPass::curly2, BalancedPass::curly3, BalancedPass::parens, BalancedPass::parens-inside, BalancedPass::parens-only, BalancedPass::parens-to-zero, BalancedPass::square, BalancedPass::square-inside, BalancedPass::square-only, BlankPass, ClangHintsPass::callexpr-to-value, ClangHintsPass::remove-unused-function, ClangHintsPass::replace-dependent-typedef, ClangHintsPass::replace-function-def-with-decl, ClangIncludeGraphPass, ClangModuleMapPass, ClexHintsPass::rm-toks-1-to-4, ClexHintsPass::rm-toks-13-to-16, ClexHintsPass::rm-toks-5-to-8, ClexHintsPass::rm-toks-9-to-12, CommentsPass, InlineIncludesPass, LineMarkersPass, LinesPass::0, LinesPass::1, LinesPass::10, LinesPass::2, LinesPass::3, LinesPass::4, LinesPass::6, LinesPass::8, LinesPass::None, MakefilePass, RmUnusedFilesPass, TreeSitterPass::erase-namespace, TreeSitterPass::remove-function, TreeSitterPass::replace-function-def-with-decl >===
05:21:24 INFO Termination check: size was 4613; now 4613
05:21:24 INFO MAIN PASSES
05:21:24 ERROR Skipping pass UnIfDefPass
05:21:24 INFO ===< BalancedPass::angles, BalancedPass::angles-inside, BalancedPass::angles-only, BalancedPass::curly, BalancedPass::curly-inside, BalancedPass::curly-only, BalancedPass::curly2, BalancedPass::curly3, BalancedPass::parens, BalancedPass::parens-inside, BalancedPass::parens-only, BalancedPass::parens-to-zero, BalancedPass::square, BalancedPass::square-inside, BalancedPass::square-only, BlankPass, ClangHintsPass::callexpr-to-value, ClangHintsPass::remove-unused-function, ClangHintsPass::replace-dependent-typedef, ClangHintsPass::replace-function-def-with-decl, ClangIncludeGraphPass, ClangModuleMapPass, ClexHintsPass::rm-toks-1-to-4, ClexHintsPass::rm-toks-13-to-16, ClexHintsPass::rm-toks-5-to-8, ClexHintsPass::rm-toks-9-to-12, CommentsPass, InlineIncludesPass, LineMarkersPass, LinesPass::0, LinesPass::1, LinesPass::10, LinesPass::2, LinesPass::3, LinesPass::4, LinesPass::6, LinesPass::8, LinesPass::None, MakefilePass, RmUnusedFilesPass, TreeSitterPass::erase-namespace, TreeSitterPass::remove-function, TreeSitterPass::replace-function-def-with-decl >===
05:21:24 INFO ===< IncludeIncludesPass >===
05:21:24 INFO ===< TernaryPass::b >===
05:21:24 INFO ===< TernaryPass::c >===
05:21:37 INFO ===< BalancedPass::curly >===
05:21:49 INFO ===< BalancedPass::curly2 >===
05:21:49 INFO ===< BalancedPass::curly3 >===
05:21:57 INFO ===< BalancedPass::parens >===
05:21:57 INFO ===< BalancedPass::angles >===
05:22:00 INFO ===< BalancedPass::square >===
05:22:16 INFO ===< BalancedPass::curly-inside >===
05:22:21 INFO ===< BalancedPass::parens-inside >===
05:22:22 INFO ===< BalancedPass::angles-inside >===
05:22:24 INFO ===< BalancedPass::square-inside >===
05:22:36 INFO ===< BalancedPass::curly-only >===
05:22:37 INFO ===< BalancedPass::angles-only >===
05:22:40 INFO ===< BalancedPass::square-only >===
05:22:40 INFO ===< ClangPass::remove-namespace >===
05:22:52 INFO (93.0%, 4627 bytes, 177 lines)
05:23:04 INFO (92.9%, 4642 bytes, 178 lines)
05:23:15 INFO (92.9%, 4658 bytes, 179 lines)
05:23:25 INFO (92.9%, 4674 bytes, 180 lines)
05:23:32 INFO (92.9%, 4689 bytes, 181 lines)
05:23:32 INFO ===< ClangPass::aggregate-to-scalar >===
05:23:32 INFO ===< ClangPass::param-to-global >===
05:23:33 INFO ===< ClangPass::param-to-local >===
05:23:33 INFO ===< ClangPass::remove-nested-function >===
05:23:44 INFO (92.9%, 4690 bytes, 181 lines)
05:23:54 INFO (92.9%, 4691 bytes, 181 lines)
05:24:01 INFO (92.9%, 4692 bytes, 181 lines)
05:24:01 INFO ===< ClangPass::union-to-struct >===
05:24:02 INFO ===< ClangPass::return-void >===
05:24:02 INFO ===< ClangPass::simple-inliner >===
05:24:06 INFO ===< ClangPass::reduce-pointer-level >===
05:24:06 INFO ===< ClangPass::lift-assignment-expr >===
05:24:06 INFO ===< ClangPass::copy-propagation >===
05:24:07 INFO ===< ClangHintsPass::callexpr-to-value >===
05:24:07 INFO ===< ClangPass::replace-callexpr >===
05:24:08 INFO ===< ClangPass::simplify-callexpr >===
05:24:08 INFO ===< ClangHintsPass::remove-unused-function >===
05:24:07 INFO using C++ standard: c++2b with 0 transformation opportunities
05:24:08 INFO ===< ClangBinarySearchPass::remove-unused-enum-member >===
05:24:08 INFO ===< ClangPass::remove-enum-member-value >===
05:24:08 INFO using C++ standard: c++2b with 9 transformation opportunities
05:24:11 INFO ===< ClangBinarySearchPass::remove-unused-var >===
05:24:11 INFO ===< ClangPass::simplify-if >===
05:24:11 INFO ===< ClangPass::reduce-array-dim >===
05:24:11 INFO ===< ClangPass::reduce-array-size >===
05:24:11 INFO ===< ClangPass::move-definition-to-declaration >===
05:24:11 INFO ===< ClangPass::simplify-comma-expr >===
05:24:11 INFO ===< ClangPass::simplify-dependent-typedef >===
05:24:11 INFO ===< ClangPass::replace-simple-typedef >===
05:24:11 INFO ===< ClangHintsPass::replace-dependent-typedef >===
05:24:11 INFO ===< ClangPass::replace-one-level-typedef-type >===
05:24:25 INFO (92.9%, 4681 bytes, 179 lines)
05:24:35 INFO (92.9%, 4669 bytes, 177 lines)
05:24:44 INFO ===< ClangPass::remove-unused-field >===
05:24:44 INFO ===< ClangPass::instantiate-template-type-param-to-int >===
05:24:44 INFO ===< ClangPass::instantiate-template-param >===
05:24:44 INFO ===< ClangPass::template-arg-to-int >===
05:24:44 INFO ===< ClangPass::template-non-type-arg-to-int >===
05:24:45 INFO ===< ClangPass::reduce-class-template-param >===
05:24:45 INFO ===< ClangPass::remove-trivial-base-template >===
05:24:45 INFO ===< ClangPass::class-template-to-class >===
05:24:45 INFO ===< ClangPass::merge-base-class >===
05:24:45 INFO ===< ClangPass::remove-base-class >===
05:24:45 INFO ===< ClangPass::replace-derived-class >===
05:24:45 INFO ===< ClangPass::remove-unresolved-base >===
05:24:45 INFO ===< ClangPass::remove-ctor-initializer >===
05:24:45 INFO ===< ClangPass::replace-class-with-base-template-spec >===
05:24:45 INFO ===< ClangPass::simplify-nested-class >===
05:24:45 INFO ===< ClangPass::remove-unused-outer-class >===
05:24:45 WARNING ClangPass::empty-struct-to-int has encountered a non fatal bug: pass error
05:24:51 INFO (92.9%, 4662 bytes, 176 lines)
05:24:51 WARNING ClangPass::empty-struct-to-int has encountered a non fatal bug: pass error
05:24:52 INFO ===< ClangPass::empty-struct-to-int >===
05:24:52 INFO ===< ClangPass::remove-pointer >===
05:24:52 INFO ===< ClangPass::reduce-pointer-pairs >===
05:24:52 INFO ===< ClangPass::remove-array >===
05:24:52 INFO ===< ClangPass::remove-addr-taken >===
05:24:52 INFO ===< ClangPass::simplify-struct >===
05:24:52 INFO ===< ClangPass::replace-undefined-function >===
05:24:52 INFO ===< ClangPass::replace-array-index-var >===
05:24:52 INFO ===< ClangPass::replace-array-access-with-index >===
05:24:52 INFO ===< ClangPass::replace-dependent-name >===
05:24:52 INFO ===< ClangPass::simplify-recursive-template-instantiation >===
05:24:53 INFO ===< ClangPass::vector-to-array >===
05:24:53 INFO ===< ClangPass::remove-try-catch >===
05:24:53 INFO ===< ClangPass::class-to-struct >===
05:25:05 INFO ===< ClangPass::member-to-global >===
05:25:11 INFO ===< LinesPass::0 >===
05:25:51 INFO ===< LinesPass::1 >===
05:25:54 INFO ===< LinesPass::2 >===
05:25:54 INFO ===< LinesPass::3 >===
05:25:54 INFO ===< LinesPass::4 >===
05:25:54 INFO ===< LinesPass::6 >===
05:25:54 INFO ===< LinesPass::8 >===
05:25:54 INFO ===< LinesPass::10 >===
05:25:55 INFO ===< CommentsPass >===
05:25:55 INFO ===< SpecialPass::b >===
05:25:55 INFO ===< SpecialPass::c >===
05:25:55 INFO ===< IndentPass::regular >===
05:26:01 INFO ===< BalancedPass::parens-to-zero >===
06:10:39 INFO ===< ClexHintsPass::rm-toks-1-to-16 >===
06:21:42 INFO (92.9%, 4660 bytes, 175 lines)
06:33:16 INFO ===< ClexPass::rm-tok-pattern-4 >===
06:33:18 INFO ===< ClangPass::local-to-global >===
06:33:24 INFO ===< PeepPass::c >===
06:33:36 INFO (92.9%, 4659 bytes, 175 lines)
06:33:49 INFO (92.9%, 4658 bytes, 175 lines)
06:34:02 INFO (92.9%, 4657 bytes, 175 lines)
06:34:14 INFO (92.9%, 4656 bytes, 175 lines)
06:34:27 INFO (92.9%, 4655 bytes, 175 lines)
06:34:40 INFO (92.9%, 4654 bytes, 175 lines)
06:34:52 INFO (92.9%, 4653 bytes, 175 lines)
06:35:05 INFO (92.9%, 4652 bytes, 175 lines)
06:35:17 INFO (92.9%, 4651 bytes, 175 lines)
06:35:30 INFO (92.9%, 4650 bytes, 175 lines)
06:35:42 INFO (92.9%, 4649 bytes, 175 lines)
06:35:55 INFO (92.9%, 4648 bytes, 175 lines)
06:36:08 INFO (92.9%, 4647 bytes, 175 lines)
06:36:20 INFO (92.9%, 4646 bytes, 175 lines)
06:36:33 INFO (92.9%, 4645 bytes, 175 lines)
06:36:45 INFO (92.9%, 4644 bytes, 175 lines)
06:36:58 INFO (92.9%, 4643 bytes, 175 lines)
06:37:10 INFO (92.9%, 4642 bytes, 175 lines)
06:37:22 INFO (92.9%, 4641 bytes, 175 lines)
06:37:34 INFO (92.9%, 4640 bytes, 175 lines)
06:37:47 INFO (92.9%, 4639 bytes, 175 lines)
06:37:59 INFO (92.9%, 4638 bytes, 175 lines)
06:38:12 INFO (92.9%, 4637 bytes, 175 lines)
06:38:24 INFO (92.9%, 4636 bytes, 175 lines)
06:38:37 INFO (92.9%, 4635 bytes, 175 lines)
06:38:49 INFO (92.9%, 4634 bytes, 175 lines)
06:39:02 INFO (92.9%, 4633 bytes, 175 lines)
06:39:14 INFO (93.0%, 4632 bytes, 175 lines)
06:39:26 INFO (93.0%, 4631 bytes, 175 lines)
06:39:38 INFO (93.0%, 4630 bytes, 175 lines)
06:39:51 INFO (93.0%, 4629 bytes, 175 lines)
06:40:03 INFO (93.0%, 4628 bytes, 175 lines)
06:40:16 INFO (93.0%, 4627 bytes, 175 lines)
06:40:28 INFO (93.0%, 4626 bytes, 175 lines)
06:40:40 INFO (93.0%, 4625 bytes, 175 lines)
06:40:52 INFO (93.0%, 4624 bytes, 175 lines)
06:41:04 INFO (93.0%, 4623 bytes, 175 lines)
06:41:16 INFO (93.0%, 4622 bytes, 175 lines)
06:41:29 INFO (93.0%, 4621 bytes, 175 lines)
06:41:41 INFO (93.0%, 4620 bytes, 175 lines)
06:41:54 INFO (93.0%, 4619 bytes, 175 lines)
06:42:06 INFO (93.0%, 4618 bytes, 175 lines)
06:42:18 INFO (93.0%, 4617 bytes, 175 lines)
06:42:30 INFO (93.0%, 4616 bytes, 175 lines)
06:42:44 INFO (93.0%, 4615 bytes, 175 lines)
06:42:59 INFO (93.0%, 4614 bytes, 175 lines)
06:43:13 INFO (93.0%, 4613 bytes, 175 lines)
06:43:28 INFO (93.0%, 4612 bytes, 175 lines)
06:43:43 INFO (93.0%, 4611 bytes, 175 lines)
06:43:57 INFO (93.0%, 4610 bytes, 175 lines)
06:44:11 INFO (93.0%, 4609 bytes, 175 lines)
06:44:26 INFO (93.0%, 4608 bytes, 175 lines)
06:44:40 INFO (93.0%, 4607 bytes, 175 lines)
06:44:55 INFO (93.0%, 4606 bytes, 175 lines)
06:45:14 INFO (93.0%, 4605 bytes, 175 lines)
06:45:29 INFO (93.0%, 4604 bytes, 175 lines)
06:45:43 INFO (93.0%, 4603 bytes, 175 lines)
06:45:57 INFO (93.0%, 4602 bytes, 175 lines)
06:46:12 INFO (93.0%, 4601 bytes, 175 lines)
06:46:26 INFO (93.0%, 4600 bytes, 175 lines)
06:46:41 INFO (93.0%, 4599 bytes, 175 lines)
06:46:55 INFO (93.0%, 4598 bytes, 175 lines)
06:47:10 INFO (93.0%, 4597 bytes, 175 lines)
06:47:24 INFO (93.0%, 4596 bytes, 175 lines)
06:47:39 INFO (93.0%, 4595 bytes, 175 lines)
06:47:53 INFO (93.0%, 4594 bytes, 175 lines)
06:48:08 INFO (93.0%, 4593 bytes, 175 lines)
06:48:23 INFO (93.0%, 4592 bytes, 175 lines)
06:48:38 INFO (93.0%, 4591 bytes, 175 lines)
06:48:53 INFO (93.0%, 4590 bytes, 175 lines)
06:49:07 INFO (93.0%, 4589 bytes, 175 lines)
06:49:22 INFO (93.0%, 4588 bytes, 175 lines)
06:49:36 INFO (93.0%, 4587 bytes, 175 lines)
06:49:51 INFO (93.0%, 4586 bytes, 175 lines)
06:50:05 INFO (93.0%, 4585 bytes, 175 lines)
06:50:20 INFO (93.0%, 4584 bytes, 175 lines)
06:50:35 INFO (93.0%, 4583 bytes, 175 lines)
06:50:49 INFO (93.0%, 4582 bytes, 175 lines)
06:51:04 INFO (93.0%, 4581 bytes, 175 lines)
06:51:18 INFO (93.0%, 4580 bytes, 175 lines)
06:51:33 INFO (93.0%, 4579 bytes, 175 lines)
06:51:47 INFO (93.0%, 4578 bytes, 175 lines)
06:52:02 INFO (93.0%, 4577 bytes, 175 lines)
06:52:16 INFO (93.0%, 4576 bytes, 175 lines)
06:52:31 INFO (93.0%, 4575 bytes, 175 lines)
06:52:45 INFO (93.0%, 4574 bytes, 175 lines)
06:52:59 INFO (93.0%, 4573 bytes, 175 lines)
06:53:14 INFO (93.0%, 4572 bytes, 175 lines)
06:53:29 INFO (93.0%, 4571 bytes, 175 lines)
06:53:44 INFO (93.0%, 4570 bytes, 175 lines)
06:53:58 INFO (93.0%, 4569 bytes, 175 lines)
06:54:13 INFO (93.0%, 4568 bytes, 175 lines)
06:54:28 INFO (93.0%, 4567 bytes, 175 lines)
06:54:42 INFO (93.1%, 4566 bytes, 175 lines)
06:54:57 INFO (93.1%, 4565 bytes, 175 lines)
06:55:11 INFO (93.1%, 4564 bytes, 175 lines)
06:55:26 INFO (93.1%, 4563 bytes, 175 lines)
06:55:40 INFO (93.1%, 4562 bytes, 175 lines)
06:55:55 INFO (93.1%, 4561 bytes, 175 lines)
06:56:09 INFO (93.1%, 4560 bytes, 175 lines)
06:56:24 INFO (93.1%, 4559 bytes, 175 lines)
06:56:38 INFO (93.1%, 4558 bytes, 175 lines)
06:56:53 INFO (93.1%, 4557 bytes, 175 lines)
06:57:07 INFO (93.1%, 4556 bytes, 175 lines)
06:57:22 INFO (93.1%, 4555 bytes, 175 lines)
06:57:36 INFO (93.1%, 4554 bytes, 175 lines)
06:57:51 INFO (93.1%, 4553 bytes, 175 lines)
06:58:05 INFO (93.1%, 4552 bytes, 175 lines)
06:58:20 INFO (93.1%, 4551 bytes, 175 lines)
06:58:35 INFO (93.1%, 4550 bytes, 175 lines)
06:58:50 INFO (93.1%, 4549 bytes, 175 lines)
06:59:04 INFO (93.1%, 4548 bytes, 175 lines)
06:59:19 INFO (93.1%, 4547 bytes, 175 lines)
06:59:33 INFO (93.1%, 4546 bytes, 175 lines)
06:59:48 INFO (93.1%, 4545 bytes, 175 lines)
07:00:02 INFO (93.1%, 4544 bytes, 175 lines)
07:00:17 INFO (93.1%, 4543 bytes, 175 lines)
07:00:32 INFO (93.1%, 4542 bytes, 175 lines)
07:00:50 INFO (93.1%, 4541 bytes, 175 lines)
07:01:04 INFO (93.1%, 4540 bytes, 175 lines)
07:01:19 INFO (93.1%, 4539 bytes, 175 lines)
07:01:33 INFO (93.1%, 4538 bytes, 175 lines)
07:01:48 INFO (93.1%, 4537 bytes, 175 lines)
07:02:02 INFO (93.1%, 4536 bytes, 175 lines)
07:02:17 INFO (93.1%, 4535 bytes, 175 lines)
07:02:31 INFO (93.1%, 4534 bytes, 175 lines)
07:02:46 INFO (93.1%, 4533 bytes, 175 lines)
07:03:00 INFO (93.1%, 4532 bytes, 175 lines)
07:03:15 INFO (93.1%, 4531 bytes, 175 lines)
07:03:29 INFO (93.1%, 4530 bytes, 175 lines)
07:03:41 INFO (93.1%, 4529 bytes, 175 lines)
07:03:52 INFO (93.1%, 4528 bytes, 175 lines)
07:04:03 INFO (93.1%, 4527 bytes, 175 lines)
07:04:14 INFO (93.1%, 4526 bytes, 175 lines)
07:04:25 INFO (93.1%, 4525 bytes, 175 lines)
07:04:36 INFO (93.1%, 4524 bytes, 175 lines)
07:04:47 INFO (93.1%, 4523 bytes, 175 lines)
07:04:58 INFO (93.1%, 4522 bytes, 175 lines)
07:05:05 INFO (93.1%, 4521 bytes, 175 lines)
07:05:16 INFO (93.1%, 4520 bytes, 175 lines)
07:05:26 INFO (93.1%, 4519 bytes, 175 lines)
07:05:36 INFO (93.1%, 4518 bytes, 175 lines)
07:05:44 INFO (93.1%, 4517 bytes, 175 lines)
07:05:55 INFO (93.1%, 4516 bytes, 175 lines)
07:06:05 INFO (93.1%, 4515 bytes, 175 lines)
07:06:15 INFO (93.1%, 4514 bytes, 175 lines)
07:06:26 INFO (93.1%, 4513 bytes, 175 lines)
07:06:36 INFO (93.1%, 4512 bytes, 175 lines)
07:06:43 INFO (93.1%, 4511 bytes, 175 lines)
07:06:54 INFO (93.1%, 4510 bytes, 175 lines)
07:06:59 INFO ===< IntsPass::a >===
07:07:11 INFO (93.1%, 4508 bytes, 175 lines)
07:07:22 INFO (93.1%, 4506 bytes, 175 lines)
07:07:35 INFO (93.1%, 4504 bytes, 175 lines)
07:07:47 INFO (93.1%, 4502 bytes, 175 lines)
07:07:58 INFO (93.2%, 4500 bytes, 175 lines)
07:08:10 INFO (93.2%, 4498 bytes, 175 lines)
07:08:21 INFO (93.2%, 4496 bytes, 175 lines)
07:08:33 INFO (93.2%, 4494 bytes, 175 lines)
07:08:46 INFO (93.2%, 4492 bytes, 175 lines)
07:08:54 INFO (93.2%, 4490 bytes, 175 lines)
07:09:02 INFO (93.2%, 4488 bytes, 175 lines)
07:09:09 INFO (93.2%, 4486 bytes, 175 lines)
07:09:11 INFO ===< IntsPass::b >===
07:09:23 INFO (93.2%, 4484 bytes, 175 lines)
07:09:36 INFO (93.2%, 4483 bytes, 175 lines)
07:09:49 INFO (93.2%, 4481 bytes, 175 lines)
07:10:01 INFO (93.2%, 4480 bytes, 175 lines)
07:10:13 INFO (93.2%, 4478 bytes, 175 lines)
07:10:26 INFO (93.2%, 4477 bytes, 175 lines)
07:10:39 INFO (93.2%, 4475 bytes, 175 lines)
07:10:52 INFO (93.2%, 4473 bytes, 175 lines)
07:11:04 INFO (93.2%, 4472 bytes, 175 lines)
07:11:17 INFO (93.2%, 4471 bytes, 175 lines)
07:11:30 INFO (93.2%, 4470 bytes, 175 lines)
07:11:43 INFO (93.2%, 4468 bytes, 175 lines)
07:11:56 INFO (93.2%, 4467 bytes, 175 lines)
07:12:08 INFO (93.2%, 4466 bytes, 175 lines)
07:12:21 INFO (93.2%, 4464 bytes, 175 lines)
07:12:33 INFO (93.2%, 4463 bytes, 175 lines)
07:12:46 INFO (93.2%, 4462 bytes, 175 lines)
07:12:58 INFO (93.2%, 4461 bytes, 175 lines)
07:13:11 INFO (93.2%, 4460 bytes, 175 lines)
07:13:23 INFO (93.2%, 4459 bytes, 175 lines)
07:13:33 INFO (93.2%, 4458 bytes, 175 lines)
07:13:45 INFO (93.2%, 4457 bytes, 175 lines)
07:13:58 INFO (93.2%, 4456 bytes, 175 lines)
07:14:11 INFO (93.2%, 4455 bytes, 175 lines)
07:14:23 INFO (93.2%, 4454 bytes, 175 lines)
07:14:35 INFO (93.2%, 4452 bytes, 175 lines)
07:14:47 INFO (93.2%, 4451 bytes, 175 lines)
07:14:58 INFO (93.2%, 4450 bytes, 175 lines)
07:15:09 INFO (93.2%, 4449 bytes, 175 lines)
07:15:19 INFO (93.2%, 4448 bytes, 175 lines)
07:15:25 INFO (93.2%, 4447 bytes, 175 lines)
07:15:25 INFO ===< IntsPass::c >===
07:15:37 INFO (93.2%, 4446 bytes, 175 lines)
07:15:50 INFO (93.2%, 4445 bytes, 175 lines)
07:16:03 INFO (93.2%, 4444 bytes, 175 lines)
07:16:14 INFO (93.2%, 4443 bytes, 175 lines)
07:16:21 INFO (93.2%, 4442 bytes, 175 lines)
07:16:31 INFO (93.2%, 4441 bytes, 175 lines)
07:16:41 INFO (93.2%, 4439 bytes, 175 lines)
07:16:47 INFO (93.2%, 4438 bytes, 175 lines)
07:16:47 INFO ===< IntsPass::d >===
07:16:48 INFO ===< IntsPass::c >===
07:16:53 INFO ===< BalancedPass::parens-only >===
07:16:54 INFO ===< ClexPass::delete-string >===
07:16:55 INFO Termination check: size was 4613; now 4438
07:16:55 ERROR Skipping pass UnIfDefPass
07:16:55 INFO ===< ClexPass::define >===
07:16:55 INFO ===< IncludeIncludesPass >===
07:16:55 INFO ===< TernaryPass::b >===
07:16:55 INFO ===< TernaryPass::c >===
07:17:05 INFO ===< BalancedPass::curly >===
07:17:16 INFO ===< BalancedPass::curly2 >===
07:17:16 INFO ===< BalancedPass::curly3 >===
07:17:24 INFO ===< BalancedPass::parens >===
07:17:24 INFO ===< BalancedPass::angles >===
07:17:27 INFO ===< BalancedPass::square >===
07:17:43 INFO ===< BalancedPass::curly-inside >===
07:17:48 INFO ===< BalancedPass::parens-inside >===
07:17:49 INFO ===< BalancedPass::angles-inside >===
07:17:51 INFO ===< BalancedPass::square-inside >===
07:18:02 INFO ===< BalancedPass::curly-only >===
07:18:03 INFO ===< BalancedPass::angles-only >===
07:18:05 INFO ===< BalancedPass::square-only >===
07:18:05 INFO ===< ClangPass::remove-namespace >===
07:18:12 INFO (93.2%, 4453 bytes, 176 lines)
07:18:12 INFO ===< ClangPass::aggregate-to-scalar >===
07:18:12 INFO ===< ClangPass::param-to-global >===
07:18:12 INFO ===< ClangPass::param-to-local >===
07:18:13 INFO ===< ClangPass::remove-nested-function >===
07:18:13 INFO ===< ClangPass::union-to-struct >===
07:18:14 INFO ===< ClangPass::return-void >===
07:18:14 INFO ===< ClangPass::simple-inliner >===
07:18:19 INFO ===< ClangPass::reduce-pointer-level >===
07:18:19 INFO ===< ClangPass::lift-assignment-expr >===
07:18:19 INFO ===< ClangPass::copy-propagation >===
07:18:19 INFO ===< ClangHintsPass::callexpr-to-value >===
07:18:19 INFO ===< ClangPass::replace-callexpr >===
07:18:20 INFO ===< ClangPass::simplify-callexpr >===
07:18:20 INFO ===< ClangHintsPass::remove-unused-function >===
07:18:20 INFO using C++ standard: c++2b with 0 transformation opportunities
07:18:21 INFO ===< ClangBinarySearchPass::remove-unused-enum-member >===
07:18:21 INFO ===< ClangPass::remove-enum-member-value >===
07:18:20 INFO using C++ standard: c++2b with 9 transformation opportunities
07:18:23 INFO ===< ClangBinarySearchPass::remove-unused-var >===
07:18:23 INFO ===< ClangPass::simplify-if >===
07:18:23 INFO ===< ClangPass::reduce-array-dim >===
07:18:23 INFO ===< ClangPass::reduce-array-size >===
07:18:23 INFO ===< ClangPass::move-definition-to-declaration >===
07:18:23 INFO ===< ClangPass::simplify-comma-expr >===
07:18:23 INFO ===< ClangPass::simplify-dependent-typedef >===
07:18:23 INFO ===< ClangPass::replace-simple-typedef >===
07:18:23 INFO ===< ClangHintsPass::replace-dependent-typedef >===
07:18:23 INFO ===< ClangPass::replace-one-level-typedef-type >===
07:18:36 INFO ===< ClangPass::remove-unused-field >===
07:18:36 INFO ===< ClangPass::instantiate-template-type-param-to-int >===
07:18:36 INFO ===< ClangPass::instantiate-template-param >===
07:18:36 INFO ===< ClangPass::template-arg-to-int >===
07:18:36 INFO ===< ClangPass::template-non-type-arg-to-int >===
07:18:36 INFO ===< ClangPass::reduce-class-template-param >===
07:18:36 INFO ===< ClangPass::remove-trivial-base-template >===
07:18:36 INFO ===< ClangPass::class-template-to-class >===
07:18:36 INFO ===< ClangPass::merge-base-class >===
07:18:36 INFO ===< ClangPass::remove-base-class >===
07:18:36 INFO ===< ClangPass::replace-derived-class >===
07:18:36 INFO ===< ClangPass::remove-unresolved-base >===
07:18:36 INFO ===< ClangPass::remove-ctor-initializer >===
07:18:36 INFO ===< ClangPass::replace-class-with-base-template-spec >===
07:18:36 INFO ===< ClangPass::simplify-nested-class >===
07:18:36 INFO ===< ClangPass::remove-unused-outer-class >===
07:18:36 WARNING ClangPass::empty-struct-to-int has encountered a non fatal bug: pass error
07:18:37 INFO ===< ClangPass::empty-struct-to-int >===
07:18:37 INFO ===< ClangPass::remove-pointer >===
07:18:37 INFO ===< ClangPass::reduce-pointer-pairs >===
07:18:37 INFO ===< ClangPass::remove-array >===
07:18:37 INFO ===< ClangPass::remove-addr-taken >===
07:18:37 INFO ===< ClangPass::simplify-struct >===
07:18:37 INFO ===< ClangPass::replace-undefined-function >===
07:18:37 INFO ===< ClangPass::replace-array-index-var >===
07:18:37 INFO ===< ClangPass::replace-array-access-with-index >===
07:18:37 INFO ===< ClangPass::replace-dependent-name >===
07:18:37 INFO ===< ClangPass::simplify-recursive-template-instantiation >===
07:18:37 INFO ===< ClangPass::vector-to-array >===
07:18:38 INFO ===< ClangPass::remove-try-catch >===
07:18:38 INFO ===< ClangPass::class-to-struct >===
07:18:50 INFO ===< ClangPass::member-to-global >===
07:18:56 INFO ===< LinesPass::0 >===
07:19:36 INFO ===< LinesPass::1 >===
07:19:38 INFO ===< LinesPass::2 >===
07:19:38 INFO ===< LinesPass::3 >===
07:19:38 INFO ===< LinesPass::4 >===
07:19:38 INFO ===< LinesPass::6 >===
07:19:38 INFO ===< LinesPass::8 >===
07:19:38 INFO ===< LinesPass::10 >===
07:19:38 INFO ===< CommentsPass >===
07:19:38 INFO ===< SpecialPass::b >===
07:19:38 INFO ===< SpecialPass::c >===
07:19:39 INFO ===< IndentPass::regular >===
07:19:44 INFO ===< BalancedPass::parens-to-zero >===
08:04:08 INFO ===< ClexHintsPass::rm-toks-1-to-16 >===
08:27:23 INFO ===< ClexPass::rm-tok-pattern-4 >===
08:27:26 INFO ===< ClangPass::local-to-global >===
08:27:32 INFO ===< PeepPass::c >===
08:27:46 INFO (93.2%, 4452 bytes, 176 lines)
08:28:01 INFO (93.2%, 4451 bytes, 176 lines)
08:28:12 INFO (93.2%, 4450 bytes, 176 lines)
08:28:23 INFO (93.2%, 4449 bytes, 176 lines)
08:28:31 INFO (93.2%, 4448 bytes, 176 lines)
08:28:38 INFO (93.2%, 4447 bytes, 176 lines)
08:28:43 INFO ===< IntsPass::a >===
08:28:44 INFO ===< IntsPass::b >===
08:28:44 INFO ===< IntsPass::c >===
08:28:44 INFO ===< IntsPass::d >===
08:28:44 INFO cache hit for HIPProg.hip
08:28:44 INFO ===< IntsPass::c >===
08:28:49 INFO ===< BalancedPass::parens-only >===
08:28:50 INFO ===< ClexPass::delete-string >===
08:28:51 INFO Termination check: size was 4438; now 4447
08:28:51 INFO CLEANUP PASSES
08:28:51 INFO ===< ClexPass::define >===
08:28:52 INFO ===< ClangPass::combine-global-var >===
08:28:53 INFO ===< ClangPass::combine-local-var >===
08:28:53 INFO ===< ClangPass::simplify-struct-union-decl >===
08:28:53 INFO ===< ClangPass::move-global-var >===
08:28:53 INFO ===< ClangPass::unify-function-decl >===
08:28:59 INFO ===< LinesPass::0 >===
08:28:59 INFO cache hit for HIPProg.hip
08:28:59 INFO ===< ClexPass::delete-string >===
08:29:11 INFO (93.3%, 4411 bytes, 176 lines)
08:29:12 INFO ===< BlankPass >===
08:29:12 INFO ===< BlankPass >===
08:29:13 INFO ===================== done ====================
===< PASS statistics >===
  pass name                                                     bytes reduced time (s) time (%)   worked   failed  total executed
  BalancedPass::curly3                                                  12292   173.59     0.57       21       60              81
  BalancedPass::curly-inside                                            12061   621.75     2.04       36      540             576
  CommentsPass                                                           6066    19.91     0.07        6      402             408
  LinesPass::3                                                           5326   105.05     0.34       23       69              92
  LinesPass::4                                                           4934    73.86     0.24       13       69              82
  LinesPass::6                                                           4285     2.38     0.01        1        0               1
  LinesPass::1                                                           3664   870.10     2.85       50     2430            2480
  LinesPass::0                                                           2676   179.74     0.59       12      794             806
  ClangHintsPass::callexpr-to-value                                      2322   100.84     0.33       42      144             186
  LinesPass::None                                                        2031  1049.33     3.43       29     3863            3892
  BalancedPass::parens-to-zero                                           1660   307.85     1.01       34     1844            1878
  LinesPass::2                                                           1419   168.78     0.55       27      388             415
  ClexHintsPass::rm-toks-1-to-4                                           658  3500.12    11.46      123    18397           18520
  BalancedPass::curly                                                     643   284.40     0.93        4     1034            1038
  TreeSitterPass::remove-function                                         440    47.29     0.15        2      375             377
  BlankPass                                                               284   102.09     0.33       23      214             237
  IntsPass::a                                                             156  1330.55     4.36      156     1337            1493
  ClexHintsPass::rm-toks-5-to-8                                           126  3082.40    10.09       13    18094           18107
  BalancedPass::square                                                     57   111.96     0.37       14      500             514
  BalancedPass::parens-only                                                46   237.09     0.78       39     1459            1498
  ClexHintsPass::rm-toks-9-to-12                                           41  2941.68     9.63        5    18000           18005
  IntsPass::c                                                              39   267.72     0.88       31      153             184
  ClexHintsPass::rm-toks-13-to-16                                          28  2960.21     9.69        3    18242           18245
  BalancedPass::curly-only                                                 26   276.25     0.90       17      970             987
  IntsPass::b                                                              24    90.14     0.30       12      114             126
  BalancedPass::parens                                                     24   212.38     0.70        3     1700            1703
  ClangPass::remove-unused-field                                           23    38.37     0.13        2      146             148
  BalancedPass::parens-inside                                              23   146.39     0.48        1     1168            1169
  IntsPass::d                                                               9    46.14     0.15        8       34              42
  ClangPass::empty-struct-to-int                                            7     2.36     0.01        1       11              12
  BalancedPass::square-only                                                 2    87.68     0.29        4      476             480
  ClexPass::rm-tok-pattern-4                                                2  2747.29     8.99        1    17147           17148
  BalancedPass::curly2                                                      1   314.58     1.03        7     1036            1043
  RmUnusedFilesPass                                                         0     0.00     0.00        0        0               0
  InlineIncludesPass                                                        0     0.00     0.00        0        0               0
  SpecialPass::c                                                            0     0.01     0.00        0        0               0
  SpecialPass::b                                                            0     0.01     0.00        0        0               0
  IncludeIncludesPass                                                       0     0.01     0.00        0        8               8
  TernaryPass::c                                                            0     0.01     0.00        0        0               0
  LinesPass::8                                                              0     0.02     0.00        0        0               0
  LinesPass::10                                                             0     0.02     0.00        0        0               0
  IndentPass::final                                                         0     0.02     0.00        0        1               1
  TernaryPass::b                                                            0     0.02     0.00        0        0               0
  LineMarkersPass                                                           0     0.02     0.00        0        0               0
  ClangPass::simplify-struct-union-decl                                     0     0.03     0.00        0        4               4
  ClangPass::unify-function-decl                                            0     0.03     0.00        0        4               4
  ClangPass::move-global-var                                                0     0.03     0.00        0        4               4
  ClangModuleMapPass                                                        0     0.04     0.00        0        0               0
  IndentPass::regular                                                       0     0.04     0.00        0        2               2
  MakefilePass                                                              0     0.04     0.00        0        0               0
  TreeSitterPass::erase-namespace                                           0     0.04     0.00        0        0               0
  ClangPass::replace-one-level-typedef-type                                 0     0.06     0.00        0        8               8
  ClangPass::lift-assignment-expr                                           0     0.06     0.00        0        8               8
  ClangPass::replace-dependent-name                                         0     0.06     0.00        0        8               8
  ClangPass::copy-propagation                                               0     0.06     0.00        0        8               8
  ClangPass::simplify-recursive-template-instantiation                      0     0.06     0.00        0        8               8
  ClangPass::remove-base-class                                              0     0.06     0.00        0        8               8
  ClangPass::simplify-struct                                                0     0.06     0.00        0        8               8
  ClangPass::replace-array-index-var                                        0     0.06     0.00        0        8               8
  ClangPass::simple-inliner                                                 0     0.06     0.00        0        8               8
  ClangPass::simplify-if                                                    0     0.06     0.00        0        8               8
  ClangPass::replace-simple-typedef                                         0     0.06     0.00        0        8               8
  ClangPass::replace-derived-class                                          0     0.06     0.00        0        8               8
  ClangPass::remove-addr-taken                                              0     0.06     0.00        0        8               8
  ClangPass::reduce-array-size                                              0     0.06     0.00        0        8               8
  ClangPass::instantiate-template-type-param-to-int                         0     0.06     0.00        0        8               8
  ClangPass::move-definition-to-declaration                                 0     0.06     0.00        0        8               8
  ClangPass::simplify-dependent-typedef                                     0     0.06     0.00        0        8               8
  ClangPass::remove-array                                                   0     0.06     0.00        0        8               8
  ClangPass::replace-array-access-with-index                                0     0.06     0.00        0        8               8
  ClangPass::replace-undefined-function                                     0     0.06     0.00        0        8               8
  ClangPass::reduce-class-template-param                                    0     0.06     0.00        0        8               8
  ClangPass::simplify-comma-expr                                            0     0.06     0.00        0        8               8
  ClangPass::merge-base-class                                               0     0.06     0.00        0        8               8
  ClangPass::vector-to-array                                                0     0.06     0.00        0        8               8
  ClangPass::reduce-pointer-pairs                                           0     0.06     0.00        0        8               8
  ClangPass::class-to-struct                                                0     0.06     0.00        0        8               8
  ClangPass::simplify-nested-class                                          0     0.06     0.00        0        8               8
  ClangPass::template-arg-to-int                                            0     0.06     0.00        0        8               8
  ClangPass::instantiate-template-param                                     0     0.06     0.00        0        8               8
  ClangPass::remove-unused-outer-class                                      0     0.06     0.00        0        8               8
  ClangPass::remove-try-catch                                               0     0.06     0.00        0        8               8
  ClangPass::class-template-to-class                                        0     0.06     0.00        0        8               8
  ClangPass::remove-unresolved-base                                         0     0.06     0.00        0        8               8
  ClangPass::reduce-array-dim                                               0     0.06     0.00        0        8               8
  ClangPass::remove-trivial-base-template                                   0     0.06     0.00        0        8               8
  ClangPass::remove-ctor-initializer                                        0     0.06     0.00        0        8               8
  ClangPass::remove-namespace                                               0     0.07     0.00        0        8               8
  ClangPass::replace-class-with-base-template-spec                          0     0.07     0.00        0        8               8
  ClangPass::template-non-type-arg-to-int                                   0     0.07     0.00        0        8               8
  ClangPass::remove-pointer                                                 0     0.08     0.00        0        8               8
  ClangHintsPass::replace-dependent-typedef                                 0     0.08     0.00        0        0               0
  ClangPass::replace-callexpr                                               0     0.09     0.00        0       12              12
  ClangPass::remove-enum-member-value                                       0     0.09     0.00        0       12              12
  ClangPass::param-to-global                                                0     0.12     0.00        0        8               8
  ClangPass::remove-nested-function                                         0     0.13     0.00        0        8               8
  ClangHintsPass::replace-function-def-with-decl (30 T)                     0     0.18     0.00        0        1               1
  ClangIncludeGraphPass                                                     0     0.22     0.00        0        0               0
  ClangPass::combine-local-var                                              0     0.33     0.00        0        7               7
  ClangHintsPass::remove-unused-function (30 T)                             0     0.34     0.00        0        1               1
  SpecialPass::a                                                            0     0.39     0.00        0        2               2
  ClexPass::define                                                          0     0.40     0.00        0        8               8
  ClexPass::delete-string                                                   0     0.44     0.00        0        8               8
  ClangPass::param-to-local                                                 0     0.47     0.00        0        8               8
  ClangPass::return-void                                                    0     0.48     0.00        0        8               8
  ClangBinarySearchPass::remove-unused-enum-member                          0     0.50     0.00        0        0               0
  IncludesPass                                                              0     0.56     0.00        0        4               4
  ClangPass::simplify-callexpr                                              0     0.91     0.00        0       38              38
  ClangPass::combine-global-var                                             0     0.97     0.00        0        7               7
  ClangPass::local-to-global                                                0     4.23     0.01        0       36              36
  ClangBinarySearchPass::remove-unused-var                                  0     7.01     0.02        0       55              55
  PeepPass::c                                                               0     7.72     0.03        0     9113            9113
  ClangPass::reduce-pointer-level                                           0     8.65     0.03        0       42              42
  ClangHintsPass::replace-function-def-with-decl                            0    22.99     0.08        3      120             123
  BalancedPass::angles-inside                                               0    23.32     0.08        0      149             149
  BalancedPass::angles-only                                                 0    23.59     0.08        0      149             149
  BalancedPass::angles                                                      0    24.18     0.08        0      155             155
  ClangPass::member-to-global                                               0    24.93     0.08        0      114             114
  ClangHintsPass::remove-unused-function                                    0    26.07     0.09        0      117             117
  TreeSitterPass::replace-function-def-with-decl                            0    42.04     0.14        1      283             284
  BalancedPass::square-inside                                               0    85.77     0.28        1      445             446
  ClexHintsPass::rm-toks-1-to-16                                            0  5336.81    17.47        0    34048           34048
  ClangPass::union-to-struct                                               -3    11.74     0.04        3       18              21
  ClangPass::aggregate-to-scalar                                          -91    31.00     0.10        6       26              32
  Folding (merging transformations from other passes)                   60906  1081.53     3.54      480       44             524

Runtime: 30552 seconds
Reduced test-cases:

--- HIPProg.hip ---
#include <hip/hip_runtime.h>
#include "HIPSmith.h"
#define transparent_crc(X, Y, Z) transparent_crc_(&crc64_context, X, , )
struct S0 {
   int8_t  f0;
   int8_t  f1;
   int32_t  f2;
   uint32_t  f3;
   int8_t  f4;
   int32_t  f5;
   int32_t  f6;
};
struct S1 {
   int64_t  f0;
   uint8_t  f1;
   signed f2 ;
   int8_t  f3;
   uint32_t  f4;
   signed f5 ;
   uint32_t  f6;
};
union U2 {
   uint32_t  f0;
   S0  f1;
};
struct U4 {};
struct U5 {
   S0  f0;
};
struct S6 {
    U5 g_20;
    S0 *g_40;
    S0 **g_39;
    int32_t *g_78;
    int32_t **g_77[8];
    int32_t g_103;
    int32_t g_112;
    int8_t *g_116;
    int8_t **g_115[2];
    S0 g_121;
    S0 *g_120[4];
    S1 g_138;
    U2 g_141;
    uint16_t g_144;
    int32_t g_198;
    uint64_t g_226;
    int16_t g_283;
    int32_t g_294;
    U4 g_296[7];
    U4 *g_295;
    int64_t g_310;
    int32_t g_357;
    uint32_t g_415;
    uint32_t g_418;
    int8_t ***g_496;
    int8_t ****g_495;
    int g_508;
    int *g_507;
    S0 *g_518;
    uint8_t *g_574;
    U2 g_751;
    U4 **g_847;
    U4 ***g_846;
    int **g_852;
    int ***g_851;
    int16_t *g_887;
    S1 g_917;
    int32_t g_938;
    uint32_t g_1061;
};
__device__ U2  func_21(S1  , uint8_t  , uint32_t  , uint64_t  , S0 * , S6 * );
__device__ S1  func_27(int8_t  , int32_t  , S0 ** , S6 * );
__device__ S1  func_1(S6 * p_1094)
{ 
    int64_t l_35 = 1;
    U2 *l_916 = &p_1094->g_141;
    *l_916 = func_21(func_27(0, l_35, p_1094->g_39, p_1094), p_1094->g_310, p_1094->g_121.f1, l_35, p_1094->g_518, p_1094);
    for (p_1094->g_141.f1.f1 = 9; ; )
    return p_1094->g_138;
}
__device__ U2  func_21(S1  , uint8_t  , uint32_t  , uint64_t  , S0 * , S6 * )
{ 
                U2 l_626 {};
                                    return l_626;
}
__device__ S1  func_27(int8_t  , int32_t  , S0 ** , S6 * )
{
    S1 l_517 ;
    return l_517;
}
__global__ void hipsmith_kernel(uint64_t *results) {
    S6 c_1095;
    S6* p_1094 = &c_1095;
    int p_1094_26;
    int *p_1094_29;
    int **p_1094_35;
    U4 **p_1094_33;
    U4 *p_1094_21;
    S0 *p_1094_3;
    S6 c_1096 {
        7,5,5,4,1,2,0, 
        &p_1094->g_20.f0, 
        &p_1094_3, 
        &p_1094->g_20.f0.f6, 
        &p_1094->g_78, &p_1094->g_78, &p_1094->g_78, &p_1094->g_78, &p_1094->g_78, &p_1094->g_78, &p_1094->g_78, &p_1094->g_78, 
        1, 
        1, 
        &p_1094->g_20.f0.f1, 
        &p_1094->g_116, &p_1094->g_116, 
        2,0,2,0,5,1,4, 
        &p_1094->g_121, &p_1094->g_121, &p_1094->g_121, &p_1094->g_121, 
        5,0,3,0,5,2,1, 
        640841, 
        1, 
        0, 
        7, 
        2, 
        8, 
        {}, 
        &p_1094->g_296[4], 
        0, 
        {}, 
        4073709551608, 
        5, 
        &p_1094->g_115[1], 
        &p_1094->g_496, 
        {}, 
        &p_1094_26, 
        &p_1094->g_20.f0, 
        &p_1094->g_138.f1, 
        {}, 
        &p_1094_21, 
        &p_1094_33, 
        &p_1094_29, 
        &p_1094_35, 
        nullptr, 
        {}, 
        2, 
        5};
    c_1095 = c_1096;
    func_1(p_1094);
    uint64_t crc64_context = 0xFFFFFFFFFFFFFFFFUL;
    transparent_crc(p_1094->g_141.f0, , );
    int tid = threadIdx.x + blockIdx.x * blockDim.x;
    results[tid] = (crc64_context ^ 0xFFFFFFFFFFFFFFFFUL);
}
// ------------------------------------------------------------------
// Host Main
// ------------------------------------------------------------------
int main(int argc, const char* argv[]) {
    // Config
    const unsigned int num_threads = 4;
    const unsigned int block_size = 4;
    // Host Alloc
    std::vector<uint64_t> h_results(num_threads);
    const size_t results_bytes = sizeof(uint64_t) * h_results.size();
    // Device Alloc
    uint64_t *d_results;
    HIP_CHECK(hipMalloc((void**)&d_results, results_bytes));
    HIP_CHECK(hipMemset(d_results, 0, results_bytes));
    // Dimensions
    const dim3 block_dim(block_size);
    const dim3 grid_dim((num_threads + block_size - 1) / block_size);
    // Launch
    hipLaunchKernelGGL(hipsmith_kernel, grid_dim, block_dim, 0, 0, d_results);
    HIP_CHECK(hipGetLastError());
    HIP_CHECK(hipDeviceSynchronize());
    // Copy Back
    HIP_CHECK(hipMemcpy(h_results.data(), d_results, results_bytes, hipMemcpyDeviceToHost));
    // Free
    HIP_CHECK(hipFree(d_results));
    // Output
    for (size_t i = 0; i < h_results.size(); ++i)
    printf("Thread %zu CRC: %lu\n", i, h_results[i]);
    return 0;
}

