00:00:00 ERROR Prereqs not found for pass UnIfDefPass
00:00:00 ERROR Prereqs not found for pass IfPass
00:00:00 ERROR Prereqs not found for pass UnIfDefPass
00:00:14 INFO ===< 3642554 >===
00:00:14 INFO running 4 interestingness tests in parallel
00:00:14 INFO (0.0%, 168360 bytes, 1682 lines)
00:00:14 INFO INITIAL PASSES (interleaving)
00:00:14 INFO ===<  >===
00:07:00 INFO (78.5%, 36164 bytes, 753 lines, via LinesPass::4 + BalancedPass::curly-inside + BalancedPass::curly3 + LinesPass::3 + CommentsPass + TreeSitterPass::remove-function + LinesPass::0 + BlankPass)
00:12:43 INFO (86.1%, 23441 bytes, 635 lines, via BalancedPass::curly-inside + BalancedPass::curly3 + LinesPass::1 + BlankPass + LinesPass::0 + CommentsPass + ClexHintsPass::rm-toks-1-to-4)
00:18:15 INFO (90.5%, 16006 bytes, 461 lines, via BalancedPass::curly2 + LinesPass::0 + BalancedPass::curly + LinesPass::3 + BlankPass)
00:25:28 INFO (91.9%, 13681 bytes, 411 lines, via BalancedPass::curly + LinesPass::3 + LinesPass::1 + LinesPass::2 + BalancedPass::parens-to-zero + BalancedPass::curly-inside + BalancedPass::curly3 + BalancedPass::square + BalancedPass::curly2 + BalancedPass::curly-only + ClexHintsPass::rm-toks-1-to-4)
00:32:17 INFO (92.8%, 12109 bytes, 369 lines, via LinesPass::1 + LinesPass::2 + LinesPass::0 + BalancedPass::curly + BalancedPass::curly-only + BalancedPass::parens-only + BlankPass + BalancedPass::square)
00:37:42 INFO (93.6%, 10843 bytes, 342 lines, via LinesPass::1 + LinesPass::None + LinesPass::2 + BalancedPass::parens-to-zero + BalancedPass::parens-only + BalancedPass::square + BalancedPass::curly3)
00:43:14 INFO (93.9%, 10311 bytes, 334 lines, via LinesPass::1 + BalancedPass::parens-to-zero + BalancedPass::square + BalancedPass::parens-only)
00:51:31 INFO (95.1%, 8197 bytes, 265 lines, via LinesPass::0 + BalancedPass::curly-inside + BalancedPass::parens-to-zero + LinesPass::None + LinesPass::1 + BalancedPass::square + BalancedPass::parens-only + BalancedPass::square-only)
00:57:10 INFO (95.5%, 7647 bytes, 250 lines, via LinesPass::2 + LinesPass::None + BalancedPass::parens-to-zero + BalancedPass::parens-inside + BalancedPass::parens-only)
01:01:29 INFO (95.7%, 7240 bytes, 236 lines, via LinesPass::1 + LinesPass::3 + ClexHintsPass::rm-toks-1-to-4 + BlankPass)
01:07:06 INFO (96.0%, 6740 bytes, 220 lines, via LinesPass::None + LinesPass::0 + LinesPass::1 + ClexHintsPass::rm-toks-5-to-8 + ClexHintsPass::rm-toks-1-to-4 + ClexHintsPass::rm-toks-9-to-12)
01:11:14 INFO (96.1%, 6585 bytes, 218 lines, via LinesPass::None + ClexHintsPass::rm-toks-1-to-4 + ClexHintsPass::rm-toks-5-to-8)
01:15:26 INFO (96.1%, 6502 bytes, 216 lines, via ClexHintsPass::rm-toks-1-to-4 + ClexHintsPass::rm-toks-5-to-8 + ClexHintsPass::rm-toks-9-to-12 + BalancedPass::square + BalancedPass::square-only)
01:19:28 INFO (96.2%, 6440 bytes, 215 lines, via ClexHintsPass::rm-toks-13-to-16 + ClexHintsPass::rm-toks-5-to-8 + BalancedPass::parens-to-zero + ClexHintsPass::rm-toks-1-to-4)
01:23:26 INFO (96.3%, 6306 bytes, 215 lines, via ClexHintsPass::rm-toks-13-to-16 + ClexHintsPass::rm-toks-1-to-4 + BalancedPass::parens-only)
01:27:31 INFO (96.3%, 6270 bytes, 214 lines, via ClexHintsPass::rm-toks-1-to-4 + LinesPass::1)
01:30:08 INFO (96.3%, 6267 bytes, 214 lines, via BalancedPass::square)
01:32:54 INFO (96.3%, 6214 bytes, 213 lines, via LinesPass::3)
01:35:32 INFO (96.3%, 6212 bytes, 213 lines, via BalancedPass::square-only)
01:39:14 INFO (96.3%, 6159 bytes, 211 lines, via LinesPass::None + BalancedPass::square-only)
01:42:04 INFO (96.3%, 6151 bytes, 211 lines, via BalancedPass::parens-only)
01:44:43 INFO (96.4%, 6144 bytes, 211 lines, via BalancedPass::square)
01:46:17 INFO (96.4%, 6093 bytes, 210 lines, via ClexHintsPass::rm-toks-1-to-4 + LinesPass::1)
01:51:25 INFO (96.4%, 6065 bytes, 209 lines, via LinesPass::None)
01:54:21 INFO (96.4%, 6026 bytes, 209 lines, via ClexHintsPass::rm-toks-5-to-8)
01:59:39 INFO (96.4%, 5995 bytes, 208 lines, via LinesPass::1)
02:02:06 INFO (96.4%, 5993 bytes, 206 lines, via BalancedPass::curly-only)
02:04:17 INFO (96.4%, 5982 bytes, 206 lines, via BlankPass)
02:11:11 INFO (96.5%, 5972 bytes, 205 lines, via LinesPass::1)
02:14:02 INFO (96.5%, 5969 bytes, 205 lines, via ClexHintsPass::rm-toks-1-to-4)
02:21:26 INFO (96.5%, 5963 bytes, 205 lines, via ClexHintsPass::rm-toks-1-to-4)
02:25:27 INFO (96.5%, 5938 bytes, 205 lines, via ClexHintsPass::rm-toks-1-to-4)
02:28:48 INFO (96.5%, 5927 bytes, 205 lines, via ClexHintsPass::rm-toks-1-to-4)
03:29:18 INFO (96.5%, 5918 bytes, 205 lines, via ClexHintsPass::rm-toks-1-to-4)
03:44:21 INFO INITIAL PASSES
03:44:21 ERROR Skipping pass UnIfDefPass
03:44:21 ERROR Skipping pass IfPass
03:44:21 INFO ===< BalancedPass::angles, BalancedPass::angles-inside, BalancedPass::angles-only, BalancedPass::curly, BalancedPass::curly-inside, BalancedPass::curly-only, BalancedPass::curly2, BalancedPass::curly3, BalancedPass::parens, BalancedPass::parens-inside, BalancedPass::parens-only, BalancedPass::parens-to-zero, BalancedPass::square, BalancedPass::square-inside, BalancedPass::square-only, BlankPass, ClangHintsPass::callexpr-to-value, ClangHintsPass::remove-unused-function, ClangHintsPass::replace-dependent-typedef, ClangHintsPass::replace-function-def-with-decl, ClangIncludeGraphPass, ClangModuleMapPass, ClexHintsPass::rm-toks-1-to-4, ClexHintsPass::rm-toks-13-to-16, ClexHintsPass::rm-toks-5-to-8, ClexHintsPass::rm-toks-9-to-12, CommentsPass, InlineIncludesPass, LineMarkersPass, LinesPass::0, LinesPass::1, LinesPass::10, LinesPass::2, LinesPass::3, LinesPass::4, LinesPass::6, LinesPass::8, LinesPass::None, MakefilePass, RmUnusedFilesPass, TreeSitterPass::erase-namespace, TreeSitterPass::remove-function, TreeSitterPass::replace-function-def-with-decl >===
03:44:23 INFO ===< IncludesPass >===
03:44:23 INFO ===< CommentsPass >===
03:44:23 INFO ===< LineMarkersPass >===
03:44:25 INFO ===< BlankPass >===
03:44:25 INFO ===< ClangHintsPass::replace-function-def-with-decl (30 T) >===
03:44:25 INFO ===< ClangHintsPass::remove-unused-function (30 T) >===
03:44:25 INFO cache hit for HIPProg.hip
03:44:25 INFO ===< ClangHintsPass::replace-function-def-with-decl (30 T) >===
03:44:25 INFO cache hit for HIPProg.hip
03:44:25 INFO ===< ClangHintsPass::remove-unused-function (30 T) >===
03:44:26 INFO ===< ClangHintsPass::replace-function-def-with-decl >===
03:44:26 INFO ===< ClangHintsPass::remove-unused-function >===
03:44:36 INFO ===< LinesPass::0 >===
03:46:07 INFO ===< LinesPass::1 >===
03:46:18 INFO ===< LinesPass::2 >===
03:46:18 INFO ===< LinesPass::3 >===
03:46:18 INFO ===< LinesPass::4 >===
03:46:18 INFO ===< LinesPass::6 >===
03:46:18 INFO ===< LinesPass::8 >===
03:46:18 INFO ===< LinesPass::10 >===
03:46:18 INFO cache hit for HIPProg.hip
03:46:18 INFO ===< ClangHintsPass::replace-function-def-with-decl >===
03:46:18 INFO cache hit for HIPProg.hip
03:46:18 INFO ===< ClangHintsPass::remove-unused-function >===
03:46:18 INFO cache hit for HIPProg.hip
03:46:18 INFO ===< ClangHintsPass::remove-unused-function >===
03:46:33 INFO ===< BalancedPass::curly >===
03:46:52 INFO ===< BalancedPass::curly2 >===
03:46:52 INFO ===< BalancedPass::curly3 >===
03:47:09 INFO ===< BalancedPass::parens-to-zero >===
03:47:10 INFO ===< ClangHintsPass::callexpr-to-value >===
03:47:10 INFO ===< ClangPass::replace-callexpr >===
03:47:10 INFO ===< ClangPass::simplify-callexpr >===
03:47:10 INFO using C++ standard: c++2b with 0 transformation opportunities
03:47:10 INFO ===< ClangBinarySearchPass::remove-unused-enum-member >===
03:47:10 INFO ===< ClangPass::remove-enum-member-value >===
03:47:10 INFO using C++ standard: c++2b with 9 transformation opportunities
03:47:14 INFO ===< ClangBinarySearchPass::remove-unused-var >===
03:47:16 INFO ===< SpecialPass::a >===
03:47:16 INFO ===< SpecialPass::b >===
03:47:16 INFO INTERLEAVING PASSES
03:47:16 INFO ===< SpecialPass::c >===
03:50:04 INFO (96.5%, 5911 bytes, 204 lines, via ClexHintsPass::rm-toks-1-to-4)
04:09:20 INFO (96.5%, 5904 bytes, 204 lines, via ClexHintsPass::rm-toks-1-to-4)
04:40:05 INFO (96.5%, 5895 bytes, 204 lines, via ClexHintsPass::rm-toks-1-to-4)
04:44:43 INFO (96.5%, 5874 bytes, 203 lines, via LinesPass::1)
05:58:21 INFO Termination check: size was 5918; now 5874
05:58:21 INFO ===< BalancedPass::angles, BalancedPass::angles-inside, BalancedPass::angles-only, BalancedPass::curly, BalancedPass::curly-inside, BalancedPass::curly-only, BalancedPass::curly2, BalancedPass::curly3, BalancedPass::parens, BalancedPass::parens-inside, BalancedPass::parens-only, BalancedPass::parens-to-zero, BalancedPass::square, BalancedPass::square-inside, BalancedPass::square-only, BlankPass, ClangHintsPass::callexpr-to-value, ClangHintsPass::remove-unused-function, ClangHintsPass::replace-dependent-typedef, ClangHintsPass::replace-function-def-with-decl, ClangIncludeGraphPass, ClangModuleMapPass, ClexHintsPass::rm-toks-1-to-4, ClexHintsPass::rm-toks-13-to-16, ClexHintsPass::rm-toks-5-to-8, ClexHintsPass::rm-toks-9-to-12, CommentsPass, InlineIncludesPass, LineMarkersPass, LinesPass::0, LinesPass::1, LinesPass::10, LinesPass::2, LinesPass::3, LinesPass::4, LinesPass::6, LinesPass::8, LinesPass::None, MakefilePass, RmUnusedFilesPass, TreeSitterPass::erase-namespace, TreeSitterPass::remove-function, TreeSitterPass::replace-function-def-with-decl >===
08:09:42 INFO Termination check: size was 5874; now 5874
08:09:42 INFO MAIN PASSES
08:09:42 ERROR Skipping pass UnIfDefPass
08:09:42 INFO ===< BalancedPass::angles, BalancedPass::angles-inside, BalancedPass::angles-only, BalancedPass::curly, BalancedPass::curly-inside, BalancedPass::curly-only, BalancedPass::curly2, BalancedPass::curly3, BalancedPass::parens, BalancedPass::parens-inside, BalancedPass::parens-only, BalancedPass::parens-to-zero, BalancedPass::square, BalancedPass::square-inside, BalancedPass::square-only, BlankPass, ClangHintsPass::callexpr-to-value, ClangHintsPass::remove-unused-function, ClangHintsPass::replace-dependent-typedef, ClangHintsPass::replace-function-def-with-decl, ClangIncludeGraphPass, ClangModuleMapPass, ClexHintsPass::rm-toks-1-to-4, ClexHintsPass::rm-toks-13-to-16, ClexHintsPass::rm-toks-5-to-8, ClexHintsPass::rm-toks-9-to-12, CommentsPass, InlineIncludesPass, LineMarkersPass, LinesPass::0, LinesPass::1, LinesPass::10, LinesPass::2, LinesPass::3, LinesPass::4, LinesPass::6, LinesPass::8, LinesPass::None, MakefilePass, RmUnusedFilesPass, TreeSitterPass::erase-namespace, TreeSitterPass::remove-function, TreeSitterPass::replace-function-def-with-decl >===
08:09:42 INFO ===< IncludeIncludesPass >===
08:09:42 INFO ===< TernaryPass::b >===
08:09:42 INFO ===< TernaryPass::c >===
08:09:58 INFO ===< BalancedPass::curly >===
08:10:16 INFO ===< BalancedPass::curly2 >===
08:10:16 INFO ===< BalancedPass::curly3 >===
08:10:38 INFO ===< BalancedPass::parens >===
08:10:39 INFO ===< BalancedPass::angles >===
08:11:12 INFO ===< BalancedPass::square >===
08:11:43 INFO ===< BalancedPass::curly-inside >===
08:11:56 INFO ===< BalancedPass::parens-inside >===
08:12:00 INFO ===< BalancedPass::angles-inside >===
08:12:36 INFO ===< BalancedPass::square-inside >===
08:12:44 INFO ===< BalancedPass::curly-only >===
08:12:47 INFO ===< BalancedPass::angles-only >===
08:13:19 INFO ===< BalancedPass::square-only >===
08:13:19 INFO ===< ClangPass::remove-namespace >===
08:13:19 INFO ===< ClangPass::aggregate-to-scalar >===
08:13:19 INFO ===< ClangPass::param-to-global >===
08:13:19 INFO ===< ClangPass::param-to-local >===
08:13:19 INFO ===< ClangPass::remove-nested-function >===
08:13:19 INFO ===< ClangPass::union-to-struct >===
08:13:20 INFO ===< ClangPass::return-void >===
08:13:20 INFO ===< ClangPass::simple-inliner >===
08:13:35 INFO ===< ClangPass::reduce-pointer-level >===
08:13:35 INFO ===< ClangPass::lift-assignment-expr >===
08:13:35 INFO ===< ClangPass::copy-propagation >===
08:13:35 INFO ===< ClangHintsPass::callexpr-to-value >===
08:13:35 INFO ===< ClangPass::replace-callexpr >===
08:13:35 INFO ===< ClangPass::simplify-callexpr >===
08:13:36 INFO ===< ClangHintsPass::remove-unused-function >===
08:13:36 INFO using C++ standard: c++2b with 0 transformation opportunities
08:13:36 INFO ===< ClangBinarySearchPass::remove-unused-enum-member >===
08:13:37 INFO ===< ClangPass::remove-enum-member-value >===
08:13:36 INFO using C++ standard: c++2b with 9 transformation opportunities
08:13:42 INFO ===< ClangBinarySearchPass::remove-unused-var >===
08:13:42 INFO ===< ClangPass::simplify-if >===
08:13:42 INFO ===< ClangPass::reduce-array-dim >===
08:13:42 INFO ===< ClangPass::reduce-array-size >===
08:13:42 INFO ===< ClangPass::move-definition-to-declaration >===
08:13:42 INFO ===< ClangPass::simplify-comma-expr >===
08:13:42 INFO ===< ClangPass::simplify-dependent-typedef >===
08:13:42 INFO ===< ClangPass::replace-simple-typedef >===
08:13:42 INFO ===< ClangHintsPass::replace-dependent-typedef >===
08:13:42 INFO ===< ClangPass::replace-one-level-typedef-type >===
08:14:06 INFO ===< ClangPass::remove-unused-field >===
08:14:06 INFO ===< ClangPass::instantiate-template-type-param-to-int >===
08:14:06 INFO ===< ClangPass::instantiate-template-param >===
08:14:06 INFO ===< ClangPass::template-arg-to-int >===
08:14:07 INFO ===< ClangPass::template-non-type-arg-to-int >===
08:14:07 INFO ===< ClangPass::reduce-class-template-param >===
08:14:07 INFO ===< ClangPass::remove-trivial-base-template >===
08:14:07 INFO ===< ClangPass::class-template-to-class >===
08:14:07 INFO ===< ClangPass::merge-base-class >===
08:14:07 INFO ===< ClangPass::remove-base-class >===
08:14:07 INFO ===< ClangPass::replace-derived-class >===
08:14:07 INFO ===< ClangPass::remove-unresolved-base >===
08:14:07 INFO ===< ClangPass::remove-ctor-initializer >===
08:14:07 INFO ===< ClangPass::replace-class-with-base-template-spec >===
08:14:07 INFO ===< ClangPass::simplify-nested-class >===
08:14:08 INFO ===< ClangPass::remove-unused-outer-class >===
08:14:08 INFO ===< ClangPass::empty-struct-to-int >===
08:14:08 INFO ===< ClangPass::remove-pointer >===
08:14:08 INFO ===< ClangPass::reduce-pointer-pairs >===
08:14:09 INFO ===< ClangPass::remove-array >===
08:14:09 INFO ===< ClangPass::remove-addr-taken >===
08:14:09 INFO ===< ClangPass::simplify-struct >===
08:14:09 INFO ===< ClangPass::replace-undefined-function >===
08:14:09 INFO ===< ClangPass::replace-array-index-var >===
08:14:09 INFO ===< ClangPass::replace-array-access-with-index >===
08:14:09 INFO ===< ClangPass::replace-dependent-name >===
08:14:09 INFO ===< ClangPass::simplify-recursive-template-instantiation >===
08:14:09 INFO ===< ClangPass::vector-to-array >===
08:14:09 INFO ===< ClangPass::remove-try-catch >===
08:14:09 INFO ===< ClangPass::class-to-struct >===
08:14:36 INFO ===< ClangPass::member-to-global >===
08:14:42 INFO ===< LinesPass::0 >===
08:16:04 INFO ===< LinesPass::1 >===
08:16:14 INFO ===< LinesPass::2 >===
08:16:14 INFO ===< LinesPass::3 >===
08:16:14 INFO ===< LinesPass::4 >===
08:16:14 INFO ===< LinesPass::6 >===
08:16:14 INFO ===< LinesPass::8 >===
08:16:14 INFO ===< LinesPass::10 >===
08:16:15 INFO ===< CommentsPass >===
08:16:15 INFO ===< SpecialPass::b >===
08:16:15 INFO ===< SpecialPass::c >===
08:16:15 INFO ===< IndentPass::regular >===
08:16:32 INFO ===< BalancedPass::parens-to-zero >===
10:11:18 INFO ===< ClexHintsPass::rm-toks-1-to-16 >===
11:05:34 INFO ===< ClexPass::rm-tok-pattern-4 >===
11:05:34 INFO ===< ClangPass::local-to-global >===
11:05:51 INFO ===< PeepPass::c >===
11:06:27 INFO (96.5%, 5873 bytes, 203 lines)
11:06:46 INFO (96.5%, 5872 bytes, 203 lines)
11:07:09 INFO (96.5%, 5871 bytes, 203 lines)
11:07:25 INFO (96.5%, 5870 bytes, 203 lines)
11:07:48 INFO (96.5%, 5869 bytes, 203 lines)
11:08:09 INFO (96.5%, 5868 bytes, 203 lines)
11:08:41 INFO (96.5%, 5867 bytes, 203 lines)
11:09:01 INFO (96.5%, 5866 bytes, 203 lines)
11:09:21 INFO (96.5%, 5865 bytes, 203 lines)
11:09:42 INFO (96.5%, 5864 bytes, 203 lines)
11:10:05 INFO (96.5%, 5863 bytes, 203 lines)
11:10:23 INFO (96.5%, 5862 bytes, 203 lines)
11:10:43 INFO (96.5%, 5861 bytes, 203 lines)
11:10:59 INFO (96.5%, 5860 bytes, 203 lines)
11:11:22 INFO (96.5%, 5859 bytes, 203 lines)
11:11:45 INFO (96.5%, 5858 bytes, 203 lines)
11:12:05 INFO (96.5%, 5857 bytes, 203 lines)
11:12:23 INFO (96.5%, 5856 bytes, 203 lines)
11:12:41 INFO (96.5%, 5855 bytes, 203 lines)
11:13:04 INFO (96.5%, 5854 bytes, 203 lines)
11:13:26 INFO (96.5%, 5853 bytes, 203 lines)
11:13:47 INFO (96.5%, 5852 bytes, 203 lines)
11:14:07 INFO (96.5%, 5851 bytes, 203 lines)
11:14:30 INFO (96.5%, 5850 bytes, 203 lines)
11:14:49 INFO (96.5%, 5849 bytes, 203 lines)
11:15:06 INFO (96.5%, 5848 bytes, 203 lines)
11:15:23 INFO (96.5%, 5847 bytes, 203 lines)
11:15:48 INFO (96.5%, 5846 bytes, 203 lines)
11:16:08 INFO (96.5%, 5845 bytes, 203 lines)
11:16:32 INFO (96.5%, 5844 bytes, 203 lines)
11:16:52 INFO (96.5%, 5843 bytes, 203 lines)
11:17:19 INFO (96.5%, 5842 bytes, 203 lines)
11:17:46 INFO (96.5%, 5841 bytes, 203 lines)
11:18:10 INFO (96.5%, 5840 bytes, 203 lines)
11:18:33 INFO (96.5%, 5839 bytes, 203 lines)
11:18:53 INFO (96.5%, 5838 bytes, 203 lines)
11:19:13 INFO (96.5%, 5837 bytes, 203 lines)
11:19:30 INFO (96.5%, 5836 bytes, 203 lines)
11:19:53 INFO (96.5%, 5835 bytes, 203 lines)
11:20:15 INFO (96.5%, 5834 bytes, 203 lines)
11:20:34 INFO (96.5%, 5833 bytes, 203 lines)
11:20:54 INFO (96.5%, 5832 bytes, 203 lines)
11:21:12 INFO (96.5%, 5831 bytes, 203 lines)
11:21:34 INFO (96.5%, 5830 bytes, 203 lines)
11:21:51 INFO (96.5%, 5829 bytes, 203 lines)
11:22:18 INFO (96.5%, 5828 bytes, 203 lines)
11:22:38 INFO (96.5%, 5827 bytes, 203 lines)
11:22:54 INFO (96.5%, 5826 bytes, 203 lines)
11:23:18 INFO (96.5%, 5825 bytes, 203 lines)
11:23:39 INFO (96.5%, 5824 bytes, 203 lines)
11:24:03 INFO (96.5%, 5823 bytes, 203 lines)
11:24:24 INFO (96.5%, 5822 bytes, 203 lines)
11:24:40 INFO (96.5%, 5821 bytes, 203 lines)
11:25:04 INFO (96.5%, 5820 bytes, 203 lines)
11:25:27 INFO (96.5%, 5819 bytes, 203 lines)
11:25:46 INFO (96.5%, 5818 bytes, 203 lines)
11:26:09 INFO (96.5%, 5817 bytes, 203 lines)
11:26:31 INFO (96.5%, 5816 bytes, 203 lines)
11:26:59 INFO (96.5%, 5815 bytes, 203 lines)
11:27:19 INFO (96.5%, 5814 bytes, 203 lines)
11:27:41 INFO (96.5%, 5813 bytes, 203 lines)
11:28:02 INFO (96.5%, 5812 bytes, 203 lines)
11:28:26 INFO (96.5%, 5811 bytes, 203 lines)
11:28:45 INFO (96.5%, 5810 bytes, 203 lines)
11:29:07 INFO (96.5%, 5809 bytes, 203 lines)
11:29:23 INFO (96.6%, 5808 bytes, 203 lines)
11:29:41 INFO (96.6%, 5807 bytes, 203 lines)
11:30:01 INFO (96.6%, 5806 bytes, 203 lines)
11:30:20 INFO (96.6%, 5805 bytes, 203 lines)
11:30:37 INFO (96.6%, 5804 bytes, 203 lines)
11:31:03 INFO (96.6%, 5803 bytes, 203 lines)
11:31:20 INFO (96.6%, 5802 bytes, 203 lines)
11:31:43 INFO (96.6%, 5801 bytes, 203 lines)
11:32:00 INFO (96.6%, 5800 bytes, 203 lines)
11:32:19 INFO (96.6%, 5799 bytes, 203 lines)
11:32:42 INFO (96.6%, 5798 bytes, 203 lines)
11:33:01 INFO (96.6%, 5797 bytes, 203 lines)
11:33:17 INFO (96.6%, 5796 bytes, 203 lines)
11:33:38 INFO (96.6%, 5795 bytes, 203 lines)
11:34:02 INFO (96.6%, 5794 bytes, 203 lines)
11:34:19 INFO (96.6%, 5793 bytes, 203 lines)
11:34:41 INFO (96.6%, 5792 bytes, 203 lines)
11:35:00 INFO (96.6%, 5791 bytes, 203 lines)
11:35:20 INFO (96.6%, 5790 bytes, 203 lines)
11:35:44 INFO (96.6%, 5789 bytes, 203 lines)
11:36:08 INFO (96.6%, 5788 bytes, 203 lines)
11:36:29 INFO (96.6%, 5787 bytes, 203 lines)
11:36:52 INFO (96.6%, 5786 bytes, 203 lines)
11:37:18 INFO (96.6%, 5785 bytes, 203 lines)
11:37:40 INFO (96.6%, 5784 bytes, 203 lines)
11:38:03 INFO (96.6%, 5783 bytes, 203 lines)
11:38:26 INFO (96.6%, 5782 bytes, 203 lines)
11:38:51 INFO (96.6%, 5781 bytes, 203 lines)
11:39:12 INFO (96.6%, 5780 bytes, 203 lines)
11:39:29 INFO (96.6%, 5779 bytes, 203 lines)
11:39:55 INFO (96.6%, 5778 bytes, 203 lines)
11:40:22 INFO (96.6%, 5777 bytes, 203 lines)
11:40:44 INFO (96.6%, 5776 bytes, 203 lines)
11:40:58 INFO (96.6%, 5775 bytes, 203 lines)
11:41:49 INFO (96.6%, 5774 bytes, 203 lines)
11:42:15 INFO (96.6%, 5773 bytes, 203 lines)
11:42:39 INFO (96.6%, 5772 bytes, 203 lines)
11:43:10 INFO (96.6%, 5771 bytes, 203 lines)
11:43:26 INFO (96.6%, 5770 bytes, 203 lines)
11:43:48 INFO (96.6%, 5769 bytes, 203 lines)
11:44:11 INFO (96.6%, 5768 bytes, 203 lines)
11:44:37 INFO (96.6%, 5767 bytes, 203 lines)
11:44:56 INFO (96.6%, 5766 bytes, 203 lines)
11:45:19 INFO (96.6%, 5765 bytes, 203 lines)
11:45:38 INFO (96.6%, 5764 bytes, 203 lines)
11:45:54 INFO (96.6%, 5763 bytes, 203 lines)
11:46:14 INFO (96.6%, 5762 bytes, 203 lines)
11:46:32 INFO (96.6%, 5761 bytes, 203 lines)
11:46:52 INFO (96.6%, 5760 bytes, 203 lines)
11:47:14 INFO (96.6%, 5759 bytes, 203 lines)
11:47:30 INFO (96.6%, 5758 bytes, 203 lines)
11:47:52 INFO (96.6%, 5757 bytes, 203 lines)
11:48:08 INFO (96.6%, 5756 bytes, 203 lines)
11:48:34 INFO (96.6%, 5755 bytes, 203 lines)
11:48:57 INFO (96.6%, 5754 bytes, 203 lines)
11:49:20 INFO (96.6%, 5753 bytes, 203 lines)
11:49:41 INFO (96.6%, 5752 bytes, 203 lines)
11:50:05 INFO (96.6%, 5751 bytes, 203 lines)
11:50:20 INFO (96.6%, 5750 bytes, 203 lines)
11:50:44 INFO (96.6%, 5749 bytes, 203 lines)
11:51:08 INFO (96.6%, 5748 bytes, 203 lines)
11:51:27 INFO (96.6%, 5747 bytes, 203 lines)
11:51:52 INFO (96.6%, 5746 bytes, 203 lines)
11:52:09 INFO (96.6%, 5745 bytes, 203 lines)
11:52:31 INFO (96.6%, 5744 bytes, 203 lines)
11:52:54 INFO (96.6%, 5743 bytes, 203 lines)
11:53:15 INFO (96.6%, 5742 bytes, 203 lines)
11:53:40 INFO (96.6%, 5741 bytes, 203 lines)
11:53:56 INFO (96.6%, 5740 bytes, 203 lines)
11:54:17 INFO (96.6%, 5739 bytes, 203 lines)
11:54:37 INFO (96.6%, 5738 bytes, 203 lines)
11:54:54 INFO (96.6%, 5737 bytes, 203 lines)
11:55:14 INFO (96.6%, 5736 bytes, 203 lines)
11:55:35 INFO (96.6%, 5735 bytes, 203 lines)
11:55:56 INFO (96.6%, 5734 bytes, 203 lines)
11:56:18 INFO (96.6%, 5733 bytes, 203 lines)
11:56:44 INFO (96.6%, 5732 bytes, 203 lines)
11:57:07 INFO (96.6%, 5731 bytes, 203 lines)
11:57:28 INFO (96.6%, 5730 bytes, 203 lines)
11:57:52 INFO (96.6%, 5729 bytes, 203 lines)
11:58:12 INFO (96.6%, 5728 bytes, 203 lines)
11:58:29 INFO (96.6%, 5727 bytes, 203 lines)
11:58:47 INFO (96.6%, 5726 bytes, 203 lines)
11:59:08 INFO (96.6%, 5725 bytes, 203 lines)
11:59:32 INFO (96.6%, 5724 bytes, 203 lines)
11:59:54 INFO (96.6%, 5723 bytes, 203 lines)
12:00:14 INFO (96.6%, 5722 bytes, 203 lines)
12:00:38 INFO (96.6%, 5721 bytes, 203 lines)
12:00:55 INFO (96.6%, 5720 bytes, 203 lines)
12:01:15 INFO (96.6%, 5719 bytes, 203 lines)
12:01:32 INFO (96.6%, 5718 bytes, 203 lines)
12:01:56 INFO (96.6%, 5717 bytes, 203 lines)
12:02:16 INFO (96.6%, 5716 bytes, 203 lines)
12:02:36 INFO (96.6%, 5715 bytes, 203 lines)
12:03:00 INFO (96.6%, 5714 bytes, 203 lines)
12:03:17 INFO (96.6%, 5713 bytes, 203 lines)
12:03:41 INFO (96.6%, 5712 bytes, 203 lines)
12:04:05 INFO (96.6%, 5711 bytes, 203 lines)
12:04:22 INFO (96.6%, 5710 bytes, 203 lines)
12:04:42 INFO (96.6%, 5709 bytes, 203 lines)
12:04:58 INFO (96.6%, 5708 bytes, 203 lines)
12:05:18 INFO (96.6%, 5707 bytes, 203 lines)
12:05:36 INFO (96.6%, 5706 bytes, 203 lines)
12:05:55 INFO (96.6%, 5705 bytes, 203 lines)
12:06:18 INFO (96.6%, 5704 bytes, 203 lines)
12:06:35 INFO (96.6%, 5703 bytes, 203 lines)
12:06:52 INFO (96.6%, 5702 bytes, 203 lines)
12:07:14 INFO (96.6%, 5701 bytes, 203 lines)
12:07:40 INFO (96.6%, 5700 bytes, 203 lines)
12:08:04 INFO (96.6%, 5699 bytes, 203 lines)
12:08:23 INFO (96.6%, 5698 bytes, 203 lines)
12:08:50 INFO (96.6%, 5697 bytes, 203 lines)
12:09:14 INFO (96.6%, 5696 bytes, 203 lines)
12:09:37 INFO (96.6%, 5695 bytes, 203 lines)
12:10:02 INFO (96.6%, 5694 bytes, 203 lines)
12:10:27 INFO (96.6%, 5693 bytes, 203 lines)
12:10:45 INFO (96.6%, 5692 bytes, 203 lines)
12:11:05 INFO (96.6%, 5691 bytes, 203 lines)
12:11:27 INFO (96.6%, 5690 bytes, 203 lines)
12:11:43 INFO (96.6%, 5689 bytes, 203 lines)
12:12:04 INFO (96.6%, 5688 bytes, 203 lines)
12:12:23 INFO (96.6%, 5687 bytes, 203 lines)
12:12:37 INFO (96.6%, 5686 bytes, 203 lines)
12:12:51 INFO (96.6%, 5685 bytes, 203 lines)
12:13:04 INFO (96.6%, 5684 bytes, 203 lines)
12:13:14 INFO (96.6%, 5683 bytes, 203 lines)
12:13:26 INFO (96.6%, 5682 bytes, 203 lines)
12:13:36 INFO (96.6%, 5681 bytes, 203 lines)
12:13:45 INFO (96.6%, 5680 bytes, 203 lines)
12:13:54 INFO (96.6%, 5679 bytes, 203 lines)
12:13:56 INFO ===< IntsPass::a >===
12:14:21 INFO (96.6%, 5677 bytes, 203 lines)
12:14:43 INFO (96.6%, 5675 bytes, 203 lines)
12:14:58 INFO (96.6%, 5673 bytes, 203 lines)
12:15:48 INFO (96.6%, 5671 bytes, 203 lines)
12:16:12 INFO (96.6%, 5669 bytes, 203 lines)
12:16:37 INFO (96.6%, 5667 bytes, 203 lines)
12:17:00 INFO (96.6%, 5665 bytes, 203 lines)
12:17:22 INFO (96.6%, 5663 bytes, 203 lines)
12:17:48 INFO (96.6%, 5661 bytes, 203 lines)
12:18:16 INFO (96.6%, 5659 bytes, 203 lines)
12:18:37 INFO (96.6%, 5657 bytes, 203 lines)
12:18:52 INFO (96.6%, 5655 bytes, 203 lines)
12:19:10 INFO (96.6%, 5653 bytes, 203 lines)
12:19:12 INFO ===< IntsPass::b >===
12:19:32 INFO (96.6%, 5652 bytes, 203 lines)
12:19:58 INFO (96.6%, 5650 bytes, 203 lines)
12:20:21 INFO (96.6%, 5648 bytes, 203 lines)
12:20:39 INFO (96.6%, 5647 bytes, 203 lines)
12:21:01 INFO (96.6%, 5646 bytes, 203 lines)
12:21:23 INFO (96.6%, 5644 bytes, 203 lines)
12:21:43 INFO (96.6%, 5643 bytes, 203 lines)
12:22:03 INFO (96.6%, 5641 bytes, 203 lines)
12:22:23 INFO (96.7%, 5640 bytes, 203 lines)
12:22:40 INFO (96.7%, 5638 bytes, 203 lines)
12:23:07 INFO (96.7%, 5636 bytes, 203 lines)
12:23:34 INFO (96.7%, 5635 bytes, 203 lines)
12:23:55 INFO (96.7%, 5634 bytes, 203 lines)
12:24:18 INFO (96.7%, 5632 bytes, 203 lines)
12:24:43 INFO (96.7%, 5630 bytes, 203 lines)
12:25:04 INFO (96.7%, 5629 bytes, 203 lines)
12:25:22 INFO (96.7%, 5628 bytes, 203 lines)
12:25:45 INFO (96.7%, 5627 bytes, 203 lines)
12:26:04 INFO (96.7%, 5626 bytes, 203 lines)
12:26:25 INFO (96.7%, 5624 bytes, 203 lines)
12:26:45 INFO (96.7%, 5623 bytes, 203 lines)
12:27:05 INFO (96.7%, 5621 bytes, 203 lines)
12:27:26 INFO (96.7%, 5620 bytes, 203 lines)
12:27:49 INFO (96.7%, 5618 bytes, 203 lines)
12:28:10 INFO (96.7%, 5617 bytes, 203 lines)
12:28:33 INFO (96.7%, 5616 bytes, 203 lines)
12:28:50 INFO (96.7%, 5614 bytes, 203 lines)
12:29:10 INFO (96.7%, 5612 bytes, 203 lines)
12:29:30 INFO (96.7%, 5610 bytes, 203 lines)
12:29:50 INFO (96.7%, 5609 bytes, 203 lines)
12:30:13 INFO (96.7%, 5608 bytes, 203 lines)
12:30:33 INFO (96.7%, 5607 bytes, 203 lines)
12:30:47 INFO (96.7%, 5606 bytes, 203 lines)
12:30:58 INFO (96.7%, 5605 bytes, 203 lines)
12:30:59 INFO ===< IntsPass::c >===
12:31:18 INFO (96.7%, 5604 bytes, 203 lines)
12:31:38 INFO (96.7%, 5603 bytes, 203 lines)
12:32:01 INFO (96.7%, 5602 bytes, 203 lines)
12:32:20 INFO (96.7%, 5601 bytes, 203 lines)
12:32:40 INFO (96.7%, 5600 bytes, 203 lines)
12:32:52 INFO (96.7%, 5599 bytes, 203 lines)
12:33:02 INFO (96.7%, 5598 bytes, 203 lines)
12:33:02 INFO ===< IntsPass::d >===
12:33:02 INFO ===< IntsPass::c >===
12:33:18 INFO ===< BalancedPass::parens-only >===
12:33:19 INFO ===< ClexPass::delete-string >===
12:33:20 INFO Termination check: size was 5874; now 5598
12:33:20 ERROR Skipping pass UnIfDefPass
12:33:20 INFO ===< ClexPass::define >===
12:33:20 INFO ===< IncludeIncludesPass >===
12:33:20 INFO ===< TernaryPass::b >===
12:33:20 INFO ===< TernaryPass::c >===
12:33:36 INFO ===< BalancedPass::curly >===
12:33:54 INFO ===< BalancedPass::curly2 >===
12:33:54 INFO ===< BalancedPass::curly3 >===
12:34:42 INFO ===< BalancedPass::parens >===
12:34:43 INFO ===< BalancedPass::angles >===
12:35:11 INFO ===< BalancedPass::square >===
12:35:36 INFO ===< BalancedPass::curly-inside >===
12:35:45 INFO ===< BalancedPass::parens-inside >===
12:35:46 INFO ===< BalancedPass::angles-inside >===
12:36:15 INFO ===< BalancedPass::square-inside >===
12:36:21 INFO ===< BalancedPass::curly-only >===
12:36:22 INFO ===< BalancedPass::angles-only >===
12:36:51 INFO ===< BalancedPass::square-only >===
12:36:51 INFO ===< ClangPass::remove-namespace >===
12:36:51 INFO ===< ClangPass::aggregate-to-scalar >===
12:36:51 INFO ===< ClangPass::param-to-global >===
12:36:51 INFO ===< ClangPass::param-to-local >===
12:36:51 INFO ===< ClangPass::remove-nested-function >===
12:36:51 INFO ===< ClangPass::union-to-struct >===
12:36:51 INFO ===< ClangPass::return-void >===
12:36:52 INFO ===< ClangPass::simple-inliner >===
12:37:03 INFO ===< ClangPass::reduce-pointer-level >===
12:37:03 INFO ===< ClangPass::lift-assignment-expr >===
12:37:03 INFO ===< ClangPass::copy-propagation >===
12:37:03 INFO ===< ClangHintsPass::callexpr-to-value >===
12:37:03 INFO ===< ClangPass::replace-callexpr >===
12:37:03 INFO ===< ClangPass::simplify-callexpr >===
12:37:04 INFO ===< ClangHintsPass::remove-unused-function >===
12:37:03 INFO using C++ standard: c++2b with 0 transformation opportunities
12:37:04 INFO ===< ClangBinarySearchPass::remove-unused-enum-member >===
12:37:04 INFO ===< ClangPass::remove-enum-member-value >===
12:37:04 INFO using C++ standard: c++2b with 9 transformation opportunities
12:37:08 INFO ===< ClangBinarySearchPass::remove-unused-var >===
12:37:08 INFO ===< ClangPass::simplify-if >===
12:37:08 INFO ===< ClangPass::reduce-array-dim >===
12:37:08 INFO ===< ClangPass::reduce-array-size >===
12:37:08 INFO ===< ClangPass::move-definition-to-declaration >===
12:37:08 INFO ===< ClangPass::simplify-comma-expr >===
12:37:08 INFO ===< ClangPass::simplify-dependent-typedef >===
12:37:08 INFO ===< ClangPass::replace-simple-typedef >===
12:37:08 INFO ===< ClangHintsPass::replace-dependent-typedef >===
12:37:08 INFO ===< ClangPass::replace-one-level-typedef-type >===
12:37:33 INFO ===< ClangPass::remove-unused-field >===
12:37:34 INFO ===< ClangPass::instantiate-template-type-param-to-int >===
12:37:34 INFO ===< ClangPass::instantiate-template-param >===
12:37:34 INFO ===< ClangPass::template-arg-to-int >===
12:37:34 INFO ===< ClangPass::template-non-type-arg-to-int >===
12:37:34 INFO ===< ClangPass::reduce-class-template-param >===
12:37:34 INFO ===< ClangPass::remove-trivial-base-template >===
12:37:34 INFO ===< ClangPass::class-template-to-class >===
12:37:34 INFO ===< ClangPass::merge-base-class >===
12:37:34 INFO ===< ClangPass::remove-base-class >===
12:37:34 INFO ===< ClangPass::replace-derived-class >===
12:37:34 INFO ===< ClangPass::remove-unresolved-base >===
12:37:34 INFO ===< ClangPass::remove-ctor-initializer >===
12:37:34 INFO ===< ClangPass::replace-class-with-base-template-spec >===
12:37:34 INFO ===< ClangPass::simplify-nested-class >===
12:37:36 INFO ===< ClangPass::remove-unused-outer-class >===
12:37:36 INFO ===< ClangPass::empty-struct-to-int >===
12:37:36 INFO ===< ClangPass::remove-pointer >===
12:37:36 INFO ===< ClangPass::reduce-pointer-pairs >===
12:37:36 INFO ===< ClangPass::remove-array >===
12:37:36 INFO ===< ClangPass::remove-addr-taken >===
12:37:36 INFO ===< ClangPass::simplify-struct >===
12:37:36 INFO ===< ClangPass::replace-undefined-function >===
12:37:36 INFO ===< ClangPass::replace-array-index-var >===
12:37:36 INFO ===< ClangPass::replace-array-access-with-index >===
12:37:36 INFO ===< ClangPass::replace-dependent-name >===
12:37:36 INFO ===< ClangPass::simplify-recursive-template-instantiation >===
12:37:36 INFO ===< ClangPass::vector-to-array >===
12:37:37 INFO ===< ClangPass::remove-try-catch >===
12:37:37 INFO ===< ClangPass::class-to-struct >===
12:38:02 INFO ===< ClangPass::member-to-global >===
12:38:07 INFO ===< LinesPass::0 >===
12:39:25 INFO ===< LinesPass::1 >===
12:39:31 INFO ===< LinesPass::2 >===
12:39:31 INFO ===< LinesPass::3 >===
12:39:31 INFO ===< LinesPass::4 >===
12:39:31 INFO ===< LinesPass::6 >===
12:39:31 INFO ===< LinesPass::8 >===
12:39:31 INFO ===< LinesPass::10 >===
12:39:31 INFO ===< CommentsPass >===
12:39:31 INFO ===< SpecialPass::b >===
12:39:31 INFO ===< SpecialPass::c >===
12:39:32 INFO ===< IndentPass::regular >===
12:39:45 INFO ===< BalancedPass::parens-to-zero >===
13:56:00 INFO Exiting now ...
00:00:00 ERROR Prereqs not found for pass UnIfDefPass
00:00:00 ERROR Prereqs not found for pass IfPass
00:00:00 ERROR Prereqs not found for pass UnIfDefPass
00:00:10 INFO ===< 1721689 >===
00:00:10 INFO running 4 interestingness tests in parallel
00:00:10 INFO (0.0%, 5598 bytes, 203 lines)
00:00:10 INFO INITIAL PASSES (interleaving)
00:00:10 INFO ===<  >===
01:42:33 INFO INITIAL PASSES
01:42:33 ERROR Skipping pass UnIfDefPass
01:42:33 ERROR Skipping pass IfPass
01:42:33 INFO ===< BalancedPass::angles, BalancedPass::angles-inside, BalancedPass::angles-only, BalancedPass::curly, BalancedPass::curly-inside, BalancedPass::curly-only, BalancedPass::curly2, BalancedPass::curly3, BalancedPass::parens, BalancedPass::parens-inside, BalancedPass::parens-only, BalancedPass::parens-to-zero, BalancedPass::square, BalancedPass::square-inside, BalancedPass::square-only, BlankPass, ClangHintsPass::callexpr-to-value, ClangHintsPass::remove-unused-function, ClangHintsPass::replace-dependent-typedef, ClangHintsPass::replace-function-def-with-decl, ClangIncludeGraphPass, ClangModuleMapPass, ClexHintsPass::rm-toks-1-to-4, ClexHintsPass::rm-toks-13-to-16, ClexHintsPass::rm-toks-5-to-8, ClexHintsPass::rm-toks-9-to-12, CommentsPass, InlineIncludesPass, LineMarkersPass, LinesPass::0, LinesPass::1, LinesPass::10, LinesPass::2, LinesPass::3, LinesPass::4, LinesPass::6, LinesPass::8, LinesPass::None, MakefilePass, RmUnusedFilesPass, TreeSitterPass::erase-namespace, TreeSitterPass::remove-function, TreeSitterPass::replace-function-def-with-decl >===
01:42:34 INFO ===< IncludesPass >===
01:42:34 INFO ===< CommentsPass >===
01:42:34 INFO ===< LineMarkersPass >===
01:42:37 INFO ===< BlankPass >===
01:42:37 INFO ===< ClangHintsPass::replace-function-def-with-decl (30 T) >===
01:42:37 INFO ===< ClangHintsPass::remove-unused-function (30 T) >===
01:42:37 INFO cache hit for HIPProg.hip
01:42:37 INFO ===< ClangHintsPass::replace-function-def-with-decl (30 T) >===
01:42:37 INFO cache hit for HIPProg.hip
01:42:37 INFO ===< ClangHintsPass::remove-unused-function (30 T) >===
01:42:38 INFO ===< ClangHintsPass::replace-function-def-with-decl >===
01:42:38 INFO ===< ClangHintsPass::remove-unused-function >===
01:42:43 INFO ===< LinesPass::0 >===
01:43:55 INFO ===< LinesPass::1 >===
01:44:02 INFO ===< LinesPass::2 >===
01:44:02 INFO ===< LinesPass::3 >===
01:44:02 INFO ===< LinesPass::4 >===
01:44:02 INFO ===< LinesPass::6 >===
01:44:02 INFO ===< LinesPass::8 >===
01:44:02 INFO ===< LinesPass::10 >===
01:44:02 INFO cache hit for HIPProg.hip
01:44:02 INFO ===< ClangHintsPass::replace-function-def-with-decl >===
01:44:02 INFO cache hit for HIPProg.hip
01:44:02 INFO ===< ClangHintsPass::remove-unused-function >===
01:44:02 INFO cache hit for HIPProg.hip
01:44:02 INFO ===< ClangHintsPass::remove-unused-function >===
01:44:18 INFO ===< BalancedPass::curly >===
01:44:33 INFO ===< BalancedPass::curly2 >===
01:44:33 INFO ===< BalancedPass::curly3 >===
01:44:47 INFO ===< BalancedPass::parens-to-zero >===
01:44:47 INFO ===< ClangHintsPass::callexpr-to-value >===
01:44:47 INFO ===< ClangPass::replace-callexpr >===
01:44:47 INFO ===< ClangPass::simplify-callexpr >===
01:44:47 INFO using C++ standard: c++2b with 0 transformation opportunities
01:44:48 INFO ===< ClangBinarySearchPass::remove-unused-enum-member >===
01:44:48 INFO ===< ClangPass::remove-enum-member-value >===
01:44:47 INFO using C++ standard: c++2b with 9 transformation opportunities
01:44:51 INFO ===< ClangBinarySearchPass::remove-unused-var >===
01:44:52 INFO ===< SpecialPass::a >===
01:44:52 INFO ===< SpecialPass::b >===
01:44:52 INFO INTERLEAVING PASSES
01:44:52 INFO ===< SpecialPass::c >===
01:44:52 INFO cache hit for HIPProg.hip
01:44:52 INFO Termination check: size was 5598; now 5598
01:44:52 INFO MAIN PASSES
01:44:52 ERROR Skipping pass UnIfDefPass
01:44:52 INFO ===< BalancedPass::angles, BalancedPass::angles-inside, BalancedPass::angles-only, BalancedPass::curly, BalancedPass::curly-inside, BalancedPass::curly-only, BalancedPass::curly2, BalancedPass::curly3, BalancedPass::parens, BalancedPass::parens-inside, BalancedPass::parens-only, BalancedPass::parens-to-zero, BalancedPass::square, BalancedPass::square-inside, BalancedPass::square-only, BlankPass, ClangHintsPass::callexpr-to-value, ClangHintsPass::remove-unused-function, ClangHintsPass::replace-dependent-typedef, ClangHintsPass::replace-function-def-with-decl, ClangIncludeGraphPass, ClangModuleMapPass, ClexHintsPass::rm-toks-1-to-4, ClexHintsPass::rm-toks-13-to-16, ClexHintsPass::rm-toks-5-to-8, ClexHintsPass::rm-toks-9-to-12, CommentsPass, InlineIncludesPass, LineMarkersPass, LinesPass::0, LinesPass::1, LinesPass::10, LinesPass::2, LinesPass::3, LinesPass::4, LinesPass::6, LinesPass::8, LinesPass::None, MakefilePass, RmUnusedFilesPass, TreeSitterPass::erase-namespace, TreeSitterPass::remove-function, TreeSitterPass::replace-function-def-with-decl >===
01:44:52 INFO ===< IncludeIncludesPass >===
01:44:52 INFO ===< TernaryPass::b >===
01:44:52 INFO ===< TernaryPass::c >===
01:44:52 INFO cache hit for HIPProg.hip
01:44:52 INFO ===< BalancedPass::curly >===
01:44:52 INFO cache hit for HIPProg.hip
01:44:52 INFO ===< BalancedPass::curly2 >===
01:44:52 INFO cache hit for HIPProg.hip
01:44:52 INFO ===< BalancedPass::curly3 >===
01:45:08 INFO ===< BalancedPass::parens >===
01:45:09 INFO ===< BalancedPass::angles >===
01:45:35 INFO ===< BalancedPass::square >===
01:46:00 INFO ===< BalancedPass::curly-inside >===
01:46:11 INFO ===< BalancedPass::parens-inside >===
01:46:13 INFO ===< BalancedPass::angles-inside >===
01:46:39 INFO ===< BalancedPass::square-inside >===
01:46:45 INFO ===< BalancedPass::curly-only >===
01:46:47 INFO ===< BalancedPass::angles-only >===
01:47:13 INFO ===< BalancedPass::square-only >===
01:47:13 INFO ===< ClangPass::remove-namespace >===
01:47:13 INFO ===< ClangPass::aggregate-to-scalar >===
01:47:13 INFO ===< ClangPass::param-to-global >===
01:47:14 INFO ===< ClangPass::param-to-local >===
01:47:14 INFO ===< ClangPass::remove-nested-function >===
01:47:14 INFO ===< ClangPass::union-to-struct >===
01:47:14 INFO ===< ClangPass::return-void >===
01:47:14 INFO ===< ClangPass::simple-inliner >===
01:47:26 INFO ===< ClangPass::reduce-pointer-level >===
01:47:26 INFO ===< ClangPass::lift-assignment-expr >===
01:47:26 INFO ===< ClangPass::copy-propagation >===
01:47:26 INFO cache hit for HIPProg.hip
01:47:26 INFO ===< ClangHintsPass::callexpr-to-value >===
01:47:26 INFO cache hit for HIPProg.hip
01:47:26 INFO ===< ClangPass::replace-callexpr >===
01:47:26 INFO cache hit for HIPProg.hip
01:47:26 INFO ===< ClangPass::simplify-callexpr >===
01:47:26 INFO cache hit for HIPProg.hip
01:47:26 INFO ===< ClangHintsPass::remove-unused-function >===
01:47:26 INFO cache hit for HIPProg.hip
01:47:26 INFO ===< ClangBinarySearchPass::remove-unused-enum-member >===
01:47:26 INFO cache hit for HIPProg.hip
01:47:26 INFO ===< ClangPass::remove-enum-member-value >===
01:47:26 INFO cache hit for HIPProg.hip
01:47:26 INFO ===< ClangBinarySearchPass::remove-unused-var >===
01:47:26 INFO ===< ClangPass::simplify-if >===
01:47:26 INFO ===< ClangPass::reduce-array-dim >===
01:47:26 INFO ===< ClangPass::reduce-array-size >===
01:47:26 INFO ===< ClangPass::move-definition-to-declaration >===
01:47:26 INFO ===< ClangPass::simplify-comma-expr >===
01:47:26 INFO ===< ClangPass::simplify-dependent-typedef >===
01:47:26 INFO ===< ClangPass::replace-simple-typedef >===
01:47:26 INFO ===< ClangHintsPass::replace-dependent-typedef >===
01:47:27 INFO ===< ClangPass::replace-one-level-typedef-type >===
01:47:49 INFO ===< ClangPass::remove-unused-field >===
01:47:49 INFO ===< ClangPass::instantiate-template-type-param-to-int >===
01:47:49 INFO ===< ClangPass::instantiate-template-param >===
01:47:49 INFO ===< ClangPass::template-arg-to-int >===
01:47:49 INFO ===< ClangPass::template-non-type-arg-to-int >===
01:47:49 INFO ===< ClangPass::reduce-class-template-param >===
01:47:49 INFO ===< ClangPass::remove-trivial-base-template >===
01:47:50 INFO ===< ClangPass::class-template-to-class >===
01:47:50 INFO ===< ClangPass::merge-base-class >===
01:47:50 INFO ===< ClangPass::remove-base-class >===
01:47:50 INFO ===< ClangPass::replace-derived-class >===
01:47:50 INFO ===< ClangPass::remove-unresolved-base >===
01:47:50 INFO ===< ClangPass::remove-ctor-initializer >===
01:47:50 INFO ===< ClangPass::replace-class-with-base-template-spec >===
01:47:50 INFO ===< ClangPass::simplify-nested-class >===
01:47:51 INFO ===< ClangPass::remove-unused-outer-class >===
01:47:51 INFO ===< ClangPass::empty-struct-to-int >===
01:47:51 INFO ===< ClangPass::remove-pointer >===
01:47:51 INFO ===< ClangPass::reduce-pointer-pairs >===
01:47:51 INFO ===< ClangPass::remove-array >===
01:47:52 INFO ===< ClangPass::remove-addr-taken >===
01:47:52 INFO ===< ClangPass::simplify-struct >===
01:47:52 INFO ===< ClangPass::replace-undefined-function >===
01:47:52 INFO ===< ClangPass::replace-array-index-var >===
01:47:52 INFO ===< ClangPass::replace-array-access-with-index >===
01:47:52 INFO ===< ClangPass::replace-dependent-name >===
01:47:52 INFO ===< ClangPass::simplify-recursive-template-instantiation >===
01:47:52 INFO ===< ClangPass::vector-to-array >===
01:47:52 INFO ===< ClangPass::remove-try-catch >===
01:47:52 INFO ===< ClangPass::class-to-struct >===
01:48:14 INFO ===< ClangPass::member-to-global >===
01:48:14 INFO cache hit for HIPProg.hip
01:48:14 INFO ===< LinesPass::0 >===
01:48:14 INFO cache hit for HIPProg.hip
01:48:14 INFO ===< LinesPass::1 >===
01:48:14 INFO cache hit for HIPProg.hip
01:48:14 INFO ===< LinesPass::2 >===
01:48:14 INFO cache hit for HIPProg.hip
01:48:14 INFO ===< LinesPass::3 >===
01:48:14 INFO cache hit for HIPProg.hip
01:48:14 INFO ===< LinesPass::4 >===
01:48:14 INFO cache hit for HIPProg.hip
01:48:14 INFO ===< LinesPass::6 >===
01:48:14 INFO cache hit for HIPProg.hip
01:48:14 INFO ===< LinesPass::8 >===
01:48:14 INFO cache hit for HIPProg.hip
01:48:14 INFO ===< LinesPass::10 >===
01:48:14 INFO cache hit for HIPProg.hip
01:48:14 INFO ===< CommentsPass >===
01:48:15 INFO cache hit for HIPProg.hip
01:48:15 INFO ===< SpecialPass::b >===
01:48:15 INFO cache hit for HIPProg.hip
01:48:15 INFO ===< SpecialPass::c >===
01:48:15 INFO ===< IndentPass::regular >===
01:48:15 INFO cache hit for HIPProg.hip
01:48:15 INFO ===< BalancedPass::parens-to-zero >===
03:30:17 INFO ===< ClexHintsPass::rm-toks-1-to-16 >===
04:19:04 INFO ===< ClexPass::rm-tok-pattern-4 >===
04:19:04 INFO ===< ClangPass::local-to-global >===
04:19:19 INFO ===< PeepPass::c >===
04:19:49 INFO (0.0%, 5597 bytes, 203 lines)
04:20:06 INFO (0.0%, 5596 bytes, 203 lines)
04:21:03 INFO (0.1%, 5595 bytes, 203 lines)
04:21:48 INFO (0.1%, 5594 bytes, 203 lines)
04:22:07 INFO (0.1%, 5593 bytes, 203 lines)
04:22:18 INFO (0.1%, 5592 bytes, 203 lines)
04:22:28 INFO (0.1%, 5591 bytes, 203 lines)
04:22:29 INFO ===< IntsPass::a >===
04:22:30 INFO ===< IntsPass::b >===
04:22:30 INFO ===< IntsPass::c >===
04:22:30 INFO ===< IntsPass::d >===
04:22:30 INFO cache hit for HIPProg.hip
04:22:30 INFO ===< IntsPass::c >===
04:22:42 INFO ===< BalancedPass::parens-only >===
04:22:43 INFO ===< ClexPass::delete-string >===
04:22:44 INFO Termination check: size was 5598; now 5591
04:22:44 ERROR Skipping pass UnIfDefPass
04:22:44 INFO ===< ClexPass::define >===
04:22:44 INFO ===< IncludeIncludesPass >===
04:22:44 INFO ===< TernaryPass::b >===
04:22:44 INFO ===< TernaryPass::c >===
04:23:00 INFO ===< BalancedPass::curly >===
04:23:15 INFO ===< BalancedPass::curly2 >===
04:23:15 INFO ===< BalancedPass::curly3 >===
04:23:33 INFO ===< BalancedPass::parens >===
04:23:34 INFO ===< BalancedPass::angles >===
04:24:05 INFO ===< BalancedPass::square >===
04:24:30 INFO ===< BalancedPass::curly-inside >===
04:24:41 INFO ===< BalancedPass::parens-inside >===
04:24:42 INFO ===< BalancedPass::angles-inside >===
04:25:08 INFO ===< BalancedPass::square-inside >===
04:25:14 INFO ===< BalancedPass::curly-only >===
04:25:16 INFO ===< BalancedPass::angles-only >===
04:25:42 INFO ===< BalancedPass::square-only >===
04:25:42 INFO ===< ClangPass::remove-namespace >===
04:25:42 INFO ===< ClangPass::aggregate-to-scalar >===
04:25:43 INFO ===< ClangPass::param-to-global >===
04:25:43 INFO ===< ClangPass::param-to-local >===
04:25:43 INFO ===< ClangPass::remove-nested-function >===
04:25:43 INFO ===< ClangPass::union-to-struct >===
04:25:43 INFO ===< ClangPass::return-void >===
04:25:43 INFO ===< ClangPass::simple-inliner >===
04:25:55 INFO ===< ClangPass::reduce-pointer-level >===
04:25:55 INFO ===< ClangPass::lift-assignment-expr >===
04:25:55 INFO ===< ClangPass::copy-propagation >===
04:25:55 INFO ===< ClangHintsPass::callexpr-to-value >===
04:25:55 INFO ===< ClangPass::replace-callexpr >===
04:25:56 INFO ===< ClangPass::simplify-callexpr >===
04:25:56 INFO ===< ClangHintsPass::remove-unused-function >===
04:25:56 INFO using C++ standard: c++2b with 0 transformation opportunities
04:25:56 INFO ===< ClangBinarySearchPass::remove-unused-enum-member >===
04:25:56 INFO ===< ClangPass::remove-enum-member-value >===
04:25:56 INFO using C++ standard: c++2b with 9 transformation opportunities
04:26:00 INFO ===< ClangBinarySearchPass::remove-unused-var >===
04:26:00 INFO ===< ClangPass::simplify-if >===
04:26:00 INFO ===< ClangPass::reduce-array-dim >===
04:26:00 INFO ===< ClangPass::reduce-array-size >===
04:26:00 INFO ===< ClangPass::move-definition-to-declaration >===
04:26:00 INFO ===< ClangPass::simplify-comma-expr >===
04:26:00 INFO ===< ClangPass::simplify-dependent-typedef >===
04:26:00 INFO ===< ClangPass::replace-simple-typedef >===
04:26:00 INFO ===< ClangHintsPass::replace-dependent-typedef >===
04:26:00 INFO ===< ClangPass::replace-one-level-typedef-type >===
04:26:23 INFO ===< ClangPass::remove-unused-field >===
04:26:23 INFO ===< ClangPass::instantiate-template-type-param-to-int >===
04:26:23 INFO ===< ClangPass::instantiate-template-param >===
04:26:23 INFO ===< ClangPass::template-arg-to-int >===
04:26:23 INFO ===< ClangPass::template-non-type-arg-to-int >===
04:26:23 INFO ===< ClangPass::reduce-class-template-param >===
04:26:23 INFO ===< ClangPass::remove-trivial-base-template >===
04:26:23 INFO ===< ClangPass::class-template-to-class >===
04:26:23 INFO ===< ClangPass::merge-base-class >===
04:26:23 INFO ===< ClangPass::remove-base-class >===
04:26:23 INFO ===< ClangPass::replace-derived-class >===
04:26:23 INFO ===< ClangPass::remove-unresolved-base >===
04:26:23 INFO ===< ClangPass::remove-ctor-initializer >===
04:26:23 INFO ===< ClangPass::replace-class-with-base-template-spec >===
04:26:24 INFO ===< ClangPass::simplify-nested-class >===
04:26:25 INFO ===< ClangPass::remove-unused-outer-class >===
04:26:25 INFO ===< ClangPass::empty-struct-to-int >===
04:26:25 INFO ===< ClangPass::remove-pointer >===
04:26:25 INFO ===< ClangPass::reduce-pointer-pairs >===
04:26:25 INFO ===< ClangPass::remove-array >===
04:26:25 INFO ===< ClangPass::remove-addr-taken >===
04:26:25 INFO ===< ClangPass::simplify-struct >===
04:26:25 INFO ===< ClangPass::replace-undefined-function >===
04:26:25 INFO ===< ClangPass::replace-array-index-var >===
04:26:25 INFO ===< ClangPass::replace-array-access-with-index >===
04:26:25 INFO ===< ClangPass::replace-dependent-name >===
04:26:26 INFO ===< ClangPass::simplify-recursive-template-instantiation >===
04:26:26 INFO ===< ClangPass::vector-to-array >===
04:26:26 INFO ===< ClangPass::remove-try-catch >===
04:26:26 INFO ===< ClangPass::class-to-struct >===
04:26:48 INFO ===< ClangPass::member-to-global >===
04:26:53 INFO ===< LinesPass::0 >===
04:28:05 INFO ===< LinesPass::1 >===
04:28:12 INFO ===< LinesPass::2 >===
04:28:12 INFO ===< LinesPass::3 >===
04:28:12 INFO ===< LinesPass::4 >===
04:28:12 INFO ===< LinesPass::6 >===
04:28:12 INFO ===< LinesPass::8 >===
04:28:12 INFO ===< LinesPass::10 >===
04:28:13 INFO ===< CommentsPass >===
04:28:13 INFO ===< SpecialPass::b >===
04:28:13 INFO ===< SpecialPass::c >===
04:28:13 INFO ===< IndentPass::regular >===
04:28:26 INFO ===< BalancedPass::parens-to-zero >===
06:10:54 INFO ===< ClexHintsPass::rm-toks-1-to-16 >===
06:59:39 INFO ===< ClexPass::rm-tok-pattern-4 >===
06:59:39 INFO ===< ClangPass::local-to-global >===
06:59:55 INFO ===< PeepPass::c >===
06:59:57 INFO ===< IntsPass::a >===
06:59:57 INFO cache hit for HIPProg.hip
06:59:57 INFO ===< IntsPass::b >===
06:59:57 INFO cache hit for HIPProg.hip
06:59:57 INFO ===< IntsPass::c >===
06:59:57 INFO cache hit for HIPProg.hip
06:59:57 INFO ===< IntsPass::d >===
06:59:57 INFO cache hit for HIPProg.hip
06:59:57 INFO ===< IntsPass::c >===
06:59:57 INFO cache hit for HIPProg.hip
06:59:57 INFO ===< BalancedPass::parens-only >===
06:59:57 INFO cache hit for HIPProg.hip
06:59:57 INFO ===< ClexPass::delete-string >===
06:59:57 INFO cache hit for HIPProg.hip
06:59:57 INFO Termination check: size was 5591; now 5591
06:59:57 INFO CLEANUP PASSES
06:59:57 INFO ===< ClexPass::define >===
06:59:59 INFO ===< ClangPass::combine-global-var >===
06:59:59 INFO ===< ClangPass::combine-local-var >===
06:59:59 INFO ===< ClangPass::simplify-struct-union-decl >===
07:00:00 INFO ===< ClangPass::move-global-var >===
07:00:00 INFO ===< ClangPass::unify-function-decl >===
07:00:00 INFO cache hit for HIPProg.hip
07:00:00 INFO ===< LinesPass::0 >===
07:00:00 INFO cache hit for HIPProg.hip
07:00:00 INFO ===< ClexPass::delete-string >===
07:00:02 INFO ===< BlankPass >===
07:00:02 INFO cache hit for HIPProg.hip
07:00:02 INFO ===< BlankPass >===
07:00:02 INFO ===================== done ====================
===< PASS statistics >===
  pass name                                                     bytes reduced time (s) time (%)   worked   failed  total executed
  IntsPass::a                                                               7   148.18     0.59        7       52              59
  InlineIncludesPass                                                        0     0.00     0.00        0        0               0
  RmUnusedFilesPass                                                         0     0.00     0.00        0        0               0
  SpecialPass::b                                                            0     0.01     0.00        0        0               0
  SpecialPass::c                                                            0     0.01     0.00        0        0               0
  BalancedPass::curly3                                                      0     0.01     0.00        0        0               0
  TreeSitterPass::erase-namespace                                           0     0.01     0.00        0        0               0
  LinesPass::6                                                              0     0.01     0.00        0        0               0
  ClangIncludeGraphPass                                                     0     0.01     0.00        0        0               0
  LinesPass::8                                                              0     0.02     0.00        0        0               0
  LinesPass::4                                                              0     0.02     0.00        0        0               0
  LinesPass::3                                                              0     0.02     0.00        0        0               0
  MakefilePass                                                              0     0.02     0.00        0        0               0
  ClangModuleMapPass                                                        0     0.02     0.00        0        0               0
  LinesPass::10                                                             0     0.02     0.00        0        0               0
  LineMarkersPass                                                           0     0.02     0.00        0        0               0
  IncludeIncludesPass                                                       0     0.03     0.00        0        8               8
  IndentPass::final                                                         0     0.03     0.00        0        1               1
  IntsPass::b                                                               0     0.04     0.00        0        2               2
  TernaryPass::c                                                            0     0.04     0.00        0        0               0
  IntsPass::c                                                               0     0.04     0.00        0        2               2
  IntsPass::d                                                               0     0.04     0.00        0        2               2
  TernaryPass::b                                                            0     0.04     0.00        0        0               0
  ClangPass::unify-function-decl                                            0     0.05     0.00        0        4               4
  ClangPass::simplify-struct-union-decl                                     0     0.05     0.00        0        4               4
  ClangPass::move-global-var                                                0     0.05     0.00        0        4               4
  IndentPass::regular                                                       0     0.06     0.00        0        2               2
  ClangHintsPass::replace-dependent-typedef                                 0     0.09     0.00        0        0               0
  ClangPass::remove-enum-member-value                                       0     0.09     0.00        0        8               8
  ClangPass::reduce-array-size                                              0     0.09     0.00        0        8               8
  ClangPass::replace-one-level-typedef-type                                 0     0.10     0.00        0        8               8
  ClangPass::remove-try-catch                                               0     0.10     0.00        0        8               8
  ClangPass::class-to-struct                                                0     0.10     0.00        0        8               8
  ClangPass::replace-derived-class                                          0     0.10     0.00        0        8               8
  ClangPass::copy-propagation                                               0     0.10     0.00        0        8               8
  ClangPass::vector-to-array                                                0     0.10     0.00        0        8               8
  ClangPass::simple-inliner                                                 0     0.10     0.00        0        8               8
  ClangPass::replace-dependent-name                                         0     0.10     0.00        0        8               8
  ClangPass::simplify-dependent-typedef                                     0     0.10     0.00        0        8               8
  ClangPass::simplify-recursive-template-instantiation                      0     0.10     0.00        0        8               8
  ClangPass::remove-trivial-base-template                                   0     0.10     0.00        0        8               8
  ClangPass::remove-unresolved-base                                         0     0.10     0.00        0        8               8
  ClangPass::remove-base-class                                              0     0.10     0.00        0        8               8
  ClangPass::union-to-struct                                                0     0.11     0.00        0        8               8
  ClangPass::remove-addr-taken                                              0     0.11     0.00        0        8               8
  ClangPass::replace-undefined-function                                     0     0.11     0.00        0        8               8
  ClangPass::aggregate-to-scalar                                            0     0.11     0.00        0        8               8
  ClangPass::merge-base-class                                               0     0.11     0.00        0        8               8
  ClangPass::replace-class-with-base-template-spec                          0     0.11     0.00        0        8               8
  ClangPass::replace-array-index-var                                        0     0.11     0.00        0        8               8
  ClangPass::lift-assignment-expr                                           0     0.11     0.00        0        8               8
  ClangPass::simplify-nested-class                                          0     0.11     0.00        0        8               8
  ClangPass::simplify-if                                                    0     0.11     0.00        0        8               8
  ClangPass::remove-namespace                                               0     0.11     0.00        0        8               8
  ClangPass::combine-local-var                                              0     0.11     0.00        0        4               4
  ClangPass::template-arg-to-int                                            0     0.11     0.00        0        8               8
  ClangPass::replace-simple-typedef                                         0     0.11     0.00        0        8               8
  ClangPass::replace-callexpr                                               0     0.11     0.00        0        8               8
  ClangPass::instantiate-template-param                                     0     0.11     0.00        0        8               8
  ClangPass::remove-array                                                   0     0.11     0.00        0        8               8
  ClangPass::template-non-type-arg-to-int                                   0     0.12     0.00        0        8               8
  ClangPass::class-template-to-class                                        0     0.12     0.00        0        8               8
  ClangPass::move-definition-to-declaration                                 0     0.12     0.00        0        8               8
  ClangPass::replace-array-access-with-index                                0     0.12     0.00        0        8               8
  ClangPass::remove-ctor-initializer                                        0     0.12     0.00        0        8               8
  ClangPass::reduce-array-dim                                               0     0.12     0.00        0        8               8
  ClangPass::simplify-comma-expr                                            0     0.12     0.00        0        8               8
  ClangPass::reduce-pointer-pairs                                           0     0.12     0.00        0        8               8
  ClangPass::empty-struct-to-int                                            0     0.12     0.00        0        8               8
  ClangPass::simplify-struct                                                0     0.12     0.00        0        8               8
  ClangPass::remove-pointer                                                 0     0.12     0.00        0        8               8
  ClangPass::remove-nested-function                                         0     0.12     0.00        0        8               8
  ClangPass::instantiate-template-type-param-to-int                         0     0.12     0.00        0        8               8
  ClangPass::reduce-class-template-param                                    0     0.13     0.00        0        8               8
  ClangPass::return-void                                                    0     0.14     0.00        0        8               8
  ClangPass::param-to-global                                                0     0.17     0.00        0        8               8
  ClangPass::simplify-callexpr                                              0     0.17     0.00        0        8               8
  ClangPass::param-to-local                                                 0     0.20     0.00        0        8               8
  ClangHintsPass::callexpr-to-value                                         0     0.20     0.00        0        6               6
  ClangHintsPass::remove-unused-function (30 T)                             0     0.25     0.00        0        0               0
  ClangHintsPass::replace-function-def-with-decl (30 T)                     0     0.25     0.00        0        1               1
  ClexPass::define                                                          0     0.29     0.00        0        4               4
  ClangHintsPass::replace-function-def-with-decl                            0     0.32     0.00        0        2               2
  ClangPass::local-to-global                                                0     0.47     0.00        0       16              16
  ClangHintsPass::remove-unused-function                                    0     0.53     0.00        0        0               0
  ClangBinarySearchPass::remove-unused-enum-member                          0     0.54     0.00        0        0               0
  SpecialPass::a                                                            0     0.60     0.00        0        2               2
  ClexPass::delete-string                                                   0     0.63     0.00        0        4               4
  ClangPass::remove-unused-outer-class                                      0     0.70     0.00        0        8               8
  IncludesPass                                                              0     0.85     0.00        0        4               4
  CommentsPass                                                              0     1.26     0.00        0       63              63
  TreeSitterPass::remove-function                                           0     1.52     0.01        0       11              11
  TreeSitterPass::replace-function-def-with-decl                            0     1.53     0.01        0        9               9
  ClangPass::combine-global-var                                             0     1.69     0.01        0        8               8
  BalancedPass::angles-inside                                               0     3.67     0.01        0       21              21
  BalancedPass::angles                                                      0     3.73     0.01        0       21              21
  BalancedPass::angles-only                                                 0     3.81     0.02        0       21              21
  BlankPass                                                                 0     6.11     0.02        0       21              21
  ClangBinarySearchPass::remove-unused-var                                  0     6.49     0.03        0       36              36
  LinesPass::0                                                              0    14.32     0.06        0       57              57
  BalancedPass::curly-only                                                  0    17.35     0.07        0       66              66
  LinesPass::2                                                              0    17.50     0.07        0       45              45
  ClangPass::reduce-pointer-level                                           0    22.48     0.09        0       69              69
  BalancedPass::parens-only                                                 0    22.93     0.09        0      160             160
  PeepPass::c                                                               0    24.30     0.10        0    11189           11189
  BalancedPass::curly2                                                      0    34.80     0.14        0       66              66
  BalancedPass::curly                                                       0    34.87     0.14        0       66              66
  BalancedPass::parens-inside                                               0    35.64     0.14        0      225             225
  BalancedPass::parens-to-zero                                              0    40.65     0.16        0      240             240
  ClangPass::remove-unused-field                                            0    43.38     0.17        0      132             132
  ClangPass::member-to-global                                               0    43.38     0.17        0      132             132
  BalancedPass::parens                                                      0    46.51     0.18        0      240             240
  BalancedPass::curly-inside                                                0    55.24     0.22        0       54              54
  BalancedPass::square-inside                                               0    79.62     0.32        0      261             261
  BalancedPass::square-only                                                 0    80.30     0.32        0      270             270
  BalancedPass::square                                                      0    83.95     0.33        0      270             270
  LinesPass::None                                                           0   118.37     0.47        0      340             340
  LinesPass::1                                                              0   207.07     0.82        0      531             531
  ClexHintsPass::rm-toks-13-to-16                                           0  1394.55     5.53        0     5366            5366
  ClexHintsPass::rm-toks-9-to-12                                            0  1410.47     5.60        0     5382            5382
  ClexHintsPass::rm-toks-5-to-8                                             0  1429.13     5.67        0     5398            5398
  ClexHintsPass::rm-toks-1-to-4                                             0  1497.59     5.94        0     5414            5414
  ClexPass::rm-tok-pattern-4                                                0  5842.48    23.18        0    21682           21682
  ClexHintsPass::rm-toks-1-to-16                                            0 12252.99    48.62        0    43120           43120

Runtime: 25202 seconds
Reduced test-cases:

--- HIPProg.hip ---
#include <hip/hip_runtime.h>
#include "HIPSmith.h"
#include "safe_math_macros.h"
#define transparent_crc(X, Y, Z) transparent_crc_(&crc64_context, X, , )
struct S0 {
    int64_t g_14;
    uint16_t g_16;
    uint16_t g_2081;
    uint16_t g_42;
    uint16_t *g_41[9][8];
    int32_t g_53;
    int32_t g_80;
    uint32_t g_103;
    uint32_t g_126;
    int32_t *g_132;
    int32_t **g_131[2];
    int8_t g_134;
    uint8_t g_142;
    int64_t g_163;
    int32_t *g_190;
    int32_t *g_193[3];
    uint32_t g_266;
    int8_t *g_308[4][10];
    int16_t g_311;
    uint32_t *g_385;
    uint32_t **g_384[10];
    int32_t *g_410[6];
    int32_t ***g_412[10];
    int32_t ****g_411;
    int64_t g_423;
    int32_t g_457[3];
    uint64_t g_509;
    uint64_t *g_508;
    uint32_t g_512;
    int16_t g_564;
    uint32_t g_579;
    int8_t **g_585[6];
    int8_t ***g_584;
    uint64_t g_669;
    int64_t *g_728;
    int64_t **g_727[6];
    int64_t ***g_726;
    uint32_t ***g_770[5];
    uint32_t ****g_769;
    uint16_t g_832;
    int8_t g_878;
    uint32_t g_987;
    int64_t ****g_994;
    int64_t *****g_993;
    int64_t g_1072;
    uint16_t **g_1099;
    uint8_t g_1103;
    uint32_t g_1318;
    uint64_t g_1460;
    int16_t *g_1477;
    int16_t **g_1476;
    int16_t ***g_1517;
    int16_t ****g_1516;
    uint32_t g_1574;
    int8_t g_1593;
    uint64_t g_1611;
    uint8_t *g_1626;
    uint8_t **g_1625;
    int16_t *****g_1879;
    uint32_t *g_1907;
    uint32_t **g_1906;
    uint64_t g_1909;
    uint8_t *g_1965;
    int32_t *****g_2005;
    int16_t g_2015;
};
__device__ int16_t  func_4(uint32_t  , S0 * );
__device__ int8_t  func_28(uint32_t  , S0 * );__device__ uint64_t  func_1(S0 * p_2260)
{ 
    uint16_t l_6 = 5;
    func_4(l_6, p_2260) ;
    return 0;
}
__device__ int16_t  func_4(uint32_t  p_5, S0 * p_2260)
{
    int i;
        uint32_t l_7[5];        for (i = 0; i < 5; i++)
            l_7[i] = 0;
        for (p_5 = 1; p_5 <= 4; p_5 += 1)
        {
            uint64_t *l_1610 = &p_2260->g_1611;
            *l_1610 |= safe_sub_func_int32_t_s_s((func_28(0, p_2260), l_7[p_5] != p_5), 7)
            ;
        }
    return 0;
}
__device__ int8_t  func_28(uint32_t  p_29, S0 * p_2260)
{
    *p_2260->g_132 |= 9 ;
    return p_29;
}
__global__ void hipsmith_kernel(uint64_t *results) {
    S0 c_2261;
    S0* p_2260 = &c_2261;
    S0 c_2262 {
        0, 
        8, 
        {}, 
        1, 
        {}, 
        8, 
        7, 
        8, 
        5, 
        &p_2260->g_53, 
        &p_2260->g_132, &p_2260->g_132, 
        4, 
        9, 
        3, 
        &p_2260->g_53, 
        &p_2260->g_53, &p_2260->g_53, &p_2260->g_53, 
        5, 
        {}, 
        0, 
        &p_2260->g_266, 
        &p_2260->g_385, &p_2260->g_385, &p_2260->g_385, &p_2260->g_385, &p_2260->g_385, &p_2260->g_385, &p_2260->g_385, &p_2260->g_385, &p_2260->g_385, &p_2260->g_385, 
        nullptr, nullptr, nullptr, nullptr, nullptr, nullptr, 
        &p_2260->g_131[0], nullptr, &p_2260->g_131[0], nullptr, &p_2260->g_131[0], nullptr, &p_2260->g_131[0], nullptr, &p_2260->g_131[0], nullptr, 
        &p_2260->g_412[6], 
        3, 
        1, 1, 1, 
        6, 
        &p_2260->g_509, 
        6, 
        1, 
        {}, 
        &p_2260->g_308[0][8], &p_2260->g_308[0][8], &p_2260->g_308[0][8], &p_2260->g_308[0][8], &p_2260->g_308[0][8], &p_2260->g_308[0][8], 
        &p_2260->g_585[4], 
        1, 
        &p_2260->g_14, 
        &p_2260->g_728, nullptr, &p_2260->g_728, nullptr, &p_2260->g_728, nullptr, 
        &p_2260->g_727[4], 
        &p_2260->g_384[8], &p_2260->g_384[8], &p_2260->g_384[8], &p_2260->g_384[8], &p_2260->g_384[8], 
        &p_2260->g_770[2], 
        1, 
        0, 
        3, 
        &p_2260->g_726, 
        &p_2260->g_994, 
        {}, 
        &p_2260->g_41[0][6], 
        4, 
        5, 
        3, 
        &p_2260->g_311, 
        &p_2260->g_1477, 
        &p_2260->g_1476, 
        &p_2260->g_1517, 
        7, 
        5, 
        2, 
        &p_2260->g_1103, 
        &p_2260->g_1626, 
        &p_2260->g_1516, 
        &p_2260->g_512, 
        &p_2260->g_1907, 
        6, 
        nullptr, 
        &p_2260->g_411, 
        7};
    c_2261 = c_2262;
    func_1(p_2260);
    uint64_t crc64_context = 0xFFFFFFFFFFFFFFFFUL;
    transparent_crc(p_2260->g_1611, , );
    int tid = threadIdx.x + blockIdx.x * blockDim.x;
    results[tid] = (crc64_context ^ 0xFFFFFFFFFFFFFFFFUL);
}
// ------------------------------------------------------------------
// Host Main
// ------------------------------------------------------------------
int main(int argc, const char* argv[]) {
    // Config
    const unsigned int num_threads = 4;
    const unsigned int block_size = 4;
    // Host Alloc
    std::vector<uint64_t> h_results(num_threads);
    const size_t results_bytes = sizeof(uint64_t) * h_results.size();
    // Device Alloc
    uint64_t *d_results;
    HIP_CHECK(hipMalloc((void**)&d_results, results_bytes));
    HIP_CHECK(hipMemset(d_results, 0, results_bytes));
    // Dimensions
    const dim3 block_dim(block_size);
    const dim3 grid_dim((num_threads + block_size - 1) / block_size);
    // Launch
    hipLaunchKernelGGL(hipsmith_kernel, grid_dim, block_dim, 0, 0, d_results);
    HIP_CHECK(hipGetLastError());
    HIP_CHECK(hipDeviceSynchronize());
    // Copy Back
    HIP_CHECK(hipMemcpy(h_results.data(), d_results, results_bytes, hipMemcpyDeviceToHost));
    // Free
    HIP_CHECK(hipFree(d_results));
    // Output
    for (size_t i = 0; i < h_results.size(); ++i) {
        printf("Thread %zu CRC: %lu\n", i, h_results[i]);
    }
    return 0;
}

