00:00:00 ERROR Prereqs not found for pass UnIfDefPass
00:00:00 ERROR Prereqs not found for pass IfPass
00:00:00 ERROR Prereqs not found for pass UnIfDefPass
00:00:11 INFO ===< 1600462 >===
00:00:11 INFO running 4 interestingness tests in parallel
00:00:11 INFO (0.0%, 90525 bytes, 1179 lines)
00:00:11 INFO INITIAL PASSES (interleaving)
00:00:11 INFO ===<  >===
00:09:56 INFO (64.2%, 32394 bytes, 802 lines, via LinesPass::3 + CommentsPass + LinesPass::0)
00:20:41 INFO (68.2%, 28783 bytes, 748 lines, via LinesPass::1 + LinesPass::2 + BalancedPass::curly3 + ClangHintsPass::callexpr-to-value + CommentsPass + ClexHintsPass::rm-toks-5-to-8 + BlankPass)
00:31:12 INFO (73.4%, 24085 bytes, 663 lines, via BalancedPass::curly-inside + BalancedPass::parens-to-zero + BalancedPass::curly3 + LinesPass::0 + BlankPass)
00:43:04 INFO (75.5%, 22195 bytes, 633 lines, via BalancedPass::curly + BalancedPass::curly-inside + BalancedPass::parens-to-zero + ClangHintsPass::callexpr-to-value + BalancedPass::curly3 + BlankPass)
00:53:12 INFO (78.5%, 19495 bytes, 583 lines, via BalancedPass::curly2 + BalancedPass::curly + BalancedPass::parens-to-zero + ClangHintsPass::callexpr-to-value + LinesPass::2 + BalancedPass::square + BalancedPass::curly3 + BlankPass)
01:01:55 INFO (79.4%, 18612 bytes, 560 lines, via LinesPass::1 + LinesPass::2 + BalancedPass::curly3 + BalancedPass::curly-inside)
01:12:26 INFO (81.3%, 16907 bytes, 517 lines, via BalancedPass::curly-inside + LinesPass::None + LinesPass::1 + BalancedPass::parens-to-zero + ClexHintsPass::rm-toks-5-to-8 + BalancedPass::square-only)
01:20:39 INFO (82.3%, 15984 bytes, 502 lines, via BalancedPass::curly-inside + BalancedPass::parens-to-zero + ClangHintsPass::callexpr-to-value + LinesPass::2 + BalancedPass::square + ClexHintsPass::rm-toks-1-to-4)
01:30:06 INFO (83.0%, 15384 bytes, 496 lines, via BalancedPass::parens-to-zero + ClangHintsPass::callexpr-to-value + BalancedPass::curly + BalancedPass::square-only)
01:37:46 INFO (83.9%, 14583 bytes, 469 lines, via LinesPass::1 + LinesPass::0 + LinesPass::None + BalancedPass::curly2 + BalancedPass::parens-only + BalancedPass::square + BalancedPass::curly + BalancedPass::curly-only)
01:46:14 INFO (84.5%, 14035 bytes, 454 lines, via LinesPass::1 + LinesPass::None + ClangHintsPass::callexpr-to-value + BalancedPass::square + ClexHintsPass::rm-toks-1-to-4 + BalancedPass::parens-only)
01:52:38 INFO (84.9%, 13644 bytes, 449 lines, via LinesPass::1 + BalancedPass::parens + LinesPass::2 + ClangHintsPass::callexpr-to-value + BalancedPass::square + ClexHintsPass::rm-toks-5-to-8 + BalancedPass::square-only)
01:59:10 INFO (85.0%, 13615 bytes, 449 lines, via BalancedPass::parens-to-zero + ClexHintsPass::rm-toks-1-to-4 + BalancedPass::parens-only + BalancedPass::square)
02:05:56 INFO (85.3%, 13348 bytes, 447 lines, via ClangHintsPass::callexpr-to-value + LinesPass::None + BalancedPass::parens-to-zero + BalancedPass::curly-inside + BalancedPass::parens-only)
02:11:24 INFO (85.7%, 12982 bytes, 444 lines, via BalancedPass::parens-to-zero + LinesPass::2 + LinesPass::1 + BalancedPass::parens-only + BalancedPass::curly2)
02:16:08 INFO (85.9%, 12798 bytes, 439 lines, via LinesPass::1 + ClangHintsPass::callexpr-to-value + BalancedPass::curly-inside + LinesPass::None)
02:22:04 INFO (86.3%, 12426 bytes, 425 lines, via LinesPass::1)
02:27:51 INFO (86.7%, 12074 bytes, 417 lines, via LinesPass::1 + LinesPass::None + ClangHintsPass::callexpr-to-value + ClexHintsPass::rm-toks-9-to-12 + BalancedPass::square + ClexHintsPass::rm-toks-1-to-4)
02:32:43 INFO (86.8%, 11982 bytes, 413 lines, via LinesPass::1 + ClexHintsPass::rm-toks-1-to-4 + BalancedPass::square + BalancedPass::square-only + BalancedPass::curly + BalancedPass::curly2)
02:37:31 INFO (86.9%, 11818 bytes, 404 lines, via LinesPass::1 + LinesPass::None + ClexHintsPass::rm-toks-1-to-4)
02:41:43 INFO (87.0%, 11792 bytes, 403 lines, via LinesPass::None + ClexHintsPass::rm-toks-1-to-4 + BalancedPass::parens-to-zero)
02:46:13 INFO (87.1%, 11694 bytes, 403 lines, via BalancedPass::parens-to-zero + ClexHintsPass::rm-toks-1-to-4 + BalancedPass::parens-only)
02:50:41 INFO (87.3%, 11531 bytes, 399 lines, via LinesPass::1 + ClangHintsPass::callexpr-to-value + ClexHintsPass::rm-toks-1-to-4 + BalancedPass::parens-to-zero)
02:56:16 INFO (87.4%, 11365 bytes, 396 lines, via LinesPass::None + ClexHintsPass::rm-toks-1-to-4 + BalancedPass::parens-only + BalancedPass::curly2)
03:00:57 INFO (87.5%, 11273 bytes, 392 lines, via LinesPass::1 + LinesPass::None + ClexHintsPass::rm-toks-1-to-4 + BalancedPass::square-only + BalancedPass::parens-only)
03:05:29 INFO (87.6%, 11187 bytes, 390 lines, via LinesPass::None + ClexHintsPass::rm-toks-9-to-12 + ClexHintsPass::rm-toks-5-to-8 + BalancedPass::square-only)
03:10:41 INFO (88.2%, 10706 bytes, 377 lines, via LinesPass::None + LinesPass::1 + ClexHintsPass::rm-toks-1-to-4 + BalancedPass::square-only)
03:16:18 INFO (88.4%, 10485 bytes, 368 lines, via LinesPass::None + LinesPass::1 + BalancedPass::curly-inside)
03:20:21 INFO (88.5%, 10414 bytes, 366 lines, via LinesPass::1 + BalancedPass::parens + BalancedPass::parens-to-zero + BalancedPass::curly2)
03:23:06 INFO (88.6%, 10348 bytes, 366 lines, via ClangHintsPass::callexpr-to-value)
03:27:12 INFO (88.7%, 10227 bytes, 360 lines, via LinesPass::None + LinesPass::1 + BalancedPass::parens-only)
03:32:55 INFO (88.9%, 10055 bytes, 353 lines, via LinesPass::1 + BalancedPass::curly-inside + BalancedPass::parens-only + BalancedPass::square)
03:36:01 INFO (88.9%, 10016 bytes, 352 lines, via LinesPass::1 + ClexHintsPass::rm-toks-1-to-4)
03:39:17 INFO (89.0%, 9981 bytes, 349 lines, via ClexHintsPass::rm-toks-5-to-8 + LinesPass::1)
03:42:36 INFO (89.0%, 9937 bytes, 347 lines, via ClexHintsPass::rm-toks-13-to-16)
03:48:09 INFO (89.2%, 9818 bytes, 343 lines, via LinesPass::1)
03:51:32 INFO (89.2%, 9738 bytes, 340 lines, via LinesPass::None)
03:55:34 INFO (89.3%, 9720 bytes, 340 lines, via ClexHintsPass::rm-toks-1-to-4 + BalancedPass::parens-only + BalancedPass::square-only)
04:00:17 INFO (89.5%, 9524 bytes, 335 lines, via LinesPass::None + ClexHintsPass::rm-toks-5-to-8 + ClexHintsPass::rm-toks-9-to-12 + ClexHintsPass::rm-toks-1-to-4)
04:03:13 INFO (89.5%, 9506 bytes, 334 lines, via LinesPass::1)
04:07:19 INFO (89.6%, 9387 bytes, 332 lines, via ClexHintsPass::rm-toks-9-to-12 + LinesPass::1 + BalancedPass::parens + ClexHintsPass::rm-toks-1-to-4)
04:11:41 INFO (89.8%, 9191 bytes, 326 lines, via TreeSitterPass::replace-function-def-with-decl + BalancedPass::parens-inside + LinesPass::1 + BalancedPass::parens-to-zero + ClexHintsPass::rm-toks-5-to-8 + ClexHintsPass::rm-toks-1-to-4 + LinesPass::None)
04:15:56 INFO (89.9%, 9127 bytes, 324 lines, via BalancedPass::parens-inside + LinesPass::1 + LinesPass::None)
04:20:31 INFO (90.0%, 9048 bytes, 322 lines, via LinesPass::None + ClexHintsPass::rm-toks-13-to-16 + BalancedPass::square-only)
04:24:47 INFO (90.0%, 9011 bytes, 321 lines, via LinesPass::None)
04:27:38 INFO (90.1%, 9007 bytes, 321 lines, via BalancedPass::square)
04:32:03 INFO (90.2%, 8880 bytes, 316 lines, via LinesPass::None + LinesPass::1 + ClexHintsPass::rm-toks-9-to-12 + BalancedPass::parens)
04:34:50 INFO (90.2%, 8862 bytes, 316 lines, via BalancedPass::parens-to-zero)
04:38:07 INFO (90.2%, 8858 bytes, 316 lines, via BalancedPass::parens-only)
04:42:05 INFO (90.3%, 8820 bytes, 315 lines, via LinesPass::1)
04:47:36 INFO (90.3%, 8794 bytes, 314 lines, via ClexHintsPass::rm-toks-5-to-8)
04:49:59 INFO (90.3%, 8772 bytes, 314 lines, via ClexHintsPass::rm-toks-1-to-4)
04:52:34 INFO (90.3%, 8769 bytes, 313 lines, via LinesPass::0)
05:01:37 INFO (90.3%, 8762 bytes, 312 lines, via LinesPass::1)
05:03:54 INFO (90.3%, 8745 bytes, 311 lines, via LinesPass::1)
05:06:34 INFO (90.4%, 8705 bytes, 310 lines, via LinesPass::1)
05:13:29 INFO (90.4%, 8703 bytes, 310 lines, via ClexHintsPass::rm-toks-1-to-4)
05:15:50 INFO (90.4%, 8701 bytes, 310 lines, via ClexHintsPass::rm-toks-1-to-4)
05:22:32 INFO (90.4%, 8699 bytes, 310 lines, via ClexHintsPass::rm-toks-1-to-4)
05:25:35 INFO (90.4%, 8697 bytes, 310 lines, via ClexHintsPass::rm-toks-1-to-4)
05:28:36 INFO (90.4%, 8683 bytes, 309 lines, via LinesPass::1)
05:36:56 INFO (90.4%, 8681 bytes, 309 lines, via BalancedPass::parens-only)
05:40:00 INFO (90.4%, 8679 bytes, 309 lines, via BalancedPass::parens-only)
05:42:55 INFO (90.4%, 8670 bytes, 309 lines, via ClexHintsPass::rm-toks-1-to-4)
05:51:03 INFO (90.5%, 8641 bytes, 308 lines, via LinesPass::1)
05:54:03 INFO (90.5%, 8558 bytes, 306 lines, via LinesPass::1 + ClexHintsPass::rm-toks-1-to-4)
05:56:43 INFO (90.6%, 8554 bytes, 306 lines, via ClexHintsPass::rm-toks-1-to-4)
06:05:11 INFO (90.6%, 8516 bytes, 305 lines, via LinesPass::2)
06:07:49 INFO (90.6%, 8497 bytes, 305 lines, via ClexHintsPass::rm-toks-5-to-8)
06:11:15 INFO (90.6%, 8488 bytes, 305 lines, via BalancedPass::square)
06:15:20 INFO (90.6%, 8484 bytes, 305 lines, via ClexHintsPass::rm-toks-1-to-4)
06:18:23 INFO (90.6%, 8482 bytes, 305 lines, via BalancedPass::parens-only)
06:21:18 INFO (90.6%, 8479 bytes, 305 lines, via ClexHintsPass::rm-toks-1-to-4)
06:25:34 INFO (90.6%, 8475 bytes, 305 lines, via ClexHintsPass::rm-toks-1-to-4)
06:28:08 INFO (90.6%, 8471 bytes, 305 lines, via ClexHintsPass::rm-toks-1-to-4)
06:30:59 INFO (90.7%, 8448 bytes, 304 lines, via LinesPass::2)
06:34:57 INFO (90.7%, 8444 bytes, 304 lines, via ClexHintsPass::rm-toks-1-to-4)
06:38:00 INFO (90.7%, 8415 bytes, 303 lines, via ClexHintsPass::rm-toks-13-to-16)
06:40:49 INFO (90.7%, 8401 bytes, 302 lines, via LinesPass::1)
06:50:28 INFO (90.8%, 8371 bytes, 300 lines, via ClexHintsPass::rm-toks-13-to-16)
07:01:38 INFO (90.8%, 8360 bytes, 299 lines, via LinesPass::1)
07:19:35 INFO (90.8%, 8328 bytes, 298 lines, via ClexHintsPass::rm-toks-9-to-12)
07:42:37 INFO (90.8%, 8317 bytes, 298 lines, via ClexHintsPass::rm-toks-1-to-4)
07:46:04 INFO (90.9%, 8274 bytes, 297 lines, via LinesPass::2)
07:58:09 INFO (90.9%, 8264 bytes, 297 lines, via ClexHintsPass::rm-toks-1-to-4)
08:02:29 INFO (90.9%, 8224 bytes, 296 lines, via LinesPass::1)
08:47:16 INFO (90.9%, 8208 bytes, 295 lines, via ClexHintsPass::rm-toks-1-to-4)
08:50:47 INFO (90.9%, 8197 bytes, 295 lines, via ClexHintsPass::rm-toks-1-to-4)
08:54:22 INFO (91.0%, 8178 bytes, 295 lines, via ClexHintsPass::rm-toks-5-to-8)
09:04:23 INFO (91.0%, 8158 bytes, 294 lines, via LinesPass::1)
09:29:58 INFO INITIAL PASSES
09:29:58 ERROR Skipping pass UnIfDefPass
09:29:58 ERROR Skipping pass IfPass
09:29:58 INFO ===< BalancedPass::angles, BalancedPass::angles-inside, BalancedPass::angles-only, BalancedPass::curly, BalancedPass::curly-inside, BalancedPass::curly-only, BalancedPass::curly2, BalancedPass::curly3, BalancedPass::parens, BalancedPass::parens-inside, BalancedPass::parens-only, BalancedPass::parens-to-zero, BalancedPass::square, BalancedPass::square-inside, BalancedPass::square-only, BlankPass, ClangHintsPass::callexpr-to-value, ClangHintsPass::remove-unused-function, ClangHintsPass::replace-dependent-typedef, ClangHintsPass::replace-function-def-with-decl, ClangIncludeGraphPass, ClangModuleMapPass, ClexHintsPass::rm-toks-1-to-4, ClexHintsPass::rm-toks-13-to-16, ClexHintsPass::rm-toks-5-to-8, ClexHintsPass::rm-toks-9-to-12, CommentsPass, InlineIncludesPass, LineMarkersPass, LinesPass::0, LinesPass::1, LinesPass::10, LinesPass::2, LinesPass::3, LinesPass::4, LinesPass::6, LinesPass::8, LinesPass::None, MakefilePass, RmUnusedFilesPass, TreeSitterPass::erase-namespace, TreeSitterPass::remove-function, TreeSitterPass::replace-function-def-with-decl >===
09:29:59 INFO ===< IncludesPass >===
09:30:03 INFO ===< CommentsPass >===
09:30:03 INFO ===< LineMarkersPass >===
09:30:27 INFO (91.0%, 8129 bytes, 294 lines)
09:30:31 INFO ===< BlankPass >===
09:30:32 INFO ===< ClangHintsPass::replace-function-def-with-decl (30 T) >===
09:30:33 INFO ===< ClangHintsPass::remove-unused-function (30 T) >===
09:30:33 INFO cache hit for HIPProg.hip
09:30:33 INFO ===< ClangHintsPass::replace-function-def-with-decl (30 T) >===
09:30:33 INFO cache hit for HIPProg.hip
09:30:33 INFO ===< ClangHintsPass::remove-unused-function (30 T) >===
09:30:33 INFO ===< ClangHintsPass::replace-function-def-with-decl >===
09:30:35 INFO ===< ClangHintsPass::remove-unused-function >===
09:30:51 INFO ===< LinesPass::0 >===
09:33:23 INFO ===< LinesPass::1 >===
09:33:55 INFO ===< LinesPass::2 >===
09:33:55 INFO ===< LinesPass::3 >===
09:33:55 INFO ===< LinesPass::4 >===
09:33:55 INFO ===< LinesPass::6 >===
09:33:55 INFO ===< LinesPass::8 >===
09:33:55 INFO ===< LinesPass::10 >===
09:33:55 INFO cache hit for HIPProg.hip
09:33:55 INFO ===< ClangHintsPass::replace-function-def-with-decl >===
09:33:55 INFO cache hit for HIPProg.hip
09:33:55 INFO ===< ClangHintsPass::remove-unused-function >===
09:33:55 INFO cache hit for HIPProg.hip
09:33:55 INFO ===< ClangHintsPass::remove-unused-function >===
09:34:28 INFO ===< BalancedPass::curly >===
09:35:06 INFO ===< BalancedPass::curly2 >===
09:35:19 INFO ===< BalancedPass::curly3 >===
09:35:54 INFO ===< BalancedPass::parens-to-zero >===
09:35:55 INFO ===< ClangHintsPass::callexpr-to-value >===
09:35:56 INFO ===< ClangPass::replace-callexpr >===
09:35:57 INFO ===< ClangPass::simplify-callexpr >===
09:35:57 INFO using C++ standard: c++2b with 0 transformation opportunities
09:35:57 INFO ===< ClangBinarySearchPass::remove-unused-enum-member >===
09:35:58 INFO ===< ClangPass::remove-enum-member-value >===
09:35:58 INFO using C++ standard: c++2b with 19 transformation opportunities
09:36:08 INFO ===< ClangBinarySearchPass::remove-unused-var >===
09:36:09 INFO ===< SpecialPass::a >===
09:36:09 INFO ===< SpecialPass::b >===
09:36:09 INFO INTERLEAVING PASSES
09:36:09 INFO ===< SpecialPass::c >===
09:38:39 INFO (91.0%, 8118 bytes, 294 lines, via CommentsPass)
09:41:42 INFO (91.0%, 8117 bytes, 294 lines, via ClexHintsPass::rm-toks-1-to-4)
09:44:37 INFO (91.0%, 8111 bytes, 294 lines, via ClexHintsPass::rm-toks-1-to-4)
09:47:07 INFO (91.0%, 8104 bytes, 294 lines, via ClexHintsPass::rm-toks-1-to-4)
09:51:35 INFO (91.1%, 8098 bytes, 294 lines, via ClexHintsPass::rm-toks-1-to-4)
09:56:00 INFO (91.1%, 8081 bytes, 294 lines, via ClexHintsPass::rm-toks-1-to-4)
09:59:15 INFO (91.1%, 8069 bytes, 294 lines, via ClexHintsPass::rm-toks-1-to-4)
10:02:30 INFO (91.1%, 8050 bytes, 294 lines, via ClexHintsPass::rm-toks-1-to-4)
10:05:34 INFO (91.1%, 8041 bytes, 292 lines, via ClexHintsPass::rm-toks-1-to-4 + BalancedPass::curly-only)
10:09:22 INFO (91.1%, 8031 bytes, 292 lines, via BlankPass)
10:11:53 INFO (91.1%, 8025 bytes, 292 lines, via ClexHintsPass::rm-toks-1-to-4)
10:16:28 INFO (91.2%, 7951 bytes, 291 lines, via LinesPass::1)
10:20:00 INFO (91.2%, 7933 bytes, 291 lines, via ClexHintsPass::rm-toks-1-to-4)
10:22:46 INFO (91.2%, 7923 bytes, 291 lines, via ClexHintsPass::rm-toks-1-to-4)
10:28:13 INFO (91.2%, 7921 bytes, 291 lines, via BalancedPass::parens-only)
10:31:54 INFO (91.3%, 7903 bytes, 291 lines, via ClexHintsPass::rm-toks-1-to-4)
10:35:13 INFO (91.3%, 7892 bytes, 291 lines, via ClexHintsPass::rm-toks-1-to-4)
10:37:48 INFO (91.3%, 7885 bytes, 291 lines, via ClexHintsPass::rm-toks-1-to-4)
10:41:17 INFO (91.3%, 7875 bytes, 289 lines, via ClexHintsPass::rm-toks-1-to-4 + BalancedPass::curly-only)
10:45:18 INFO (91.3%, 7868 bytes, 289 lines, via ClexHintsPass::rm-toks-1-to-4)
10:48:08 INFO (91.3%, 7849 bytes, 289 lines, via BlankPass + ClexHintsPass::rm-toks-1-to-4)
10:56:33 INFO (91.4%, 7825 bytes, 288 lines, via ClexHintsPass::rm-toks-5-to-8)
10:59:51 INFO (91.4%, 7791 bytes, 287 lines, via LinesPass::None)
11:02:50 INFO (91.4%, 7776 bytes, 287 lines, via ClexHintsPass::rm-toks-1-to-4)
11:05:24 INFO (91.5%, 7719 bytes, 285 lines, via ClexHintsPass::rm-toks-13-to-16)
11:08:56 INFO (91.6%, 7631 bytes, 285 lines, via BalancedPass::parens-to-zero)
11:11:05 INFO (91.6%, 7628 bytes, 285 lines, via BalancedPass::square)
11:13:22 INFO (91.6%, 7598 bytes, 284 lines, via LinesPass::0)
11:15:53 INFO (91.6%, 7594 bytes, 284 lines, via BalancedPass::curly3)
11:18:54 INFO (91.7%, 7526 bytes, 281 lines, via BalancedPass::curly2)
11:21:57 INFO (91.8%, 7449 bytes, 281 lines, via BalancedPass::parens-to-zero)
11:24:08 INFO (91.8%, 7443 bytes, 281 lines, via ClexHintsPass::rm-toks-1-to-4)
11:26:33 INFO (91.8%, 7412 bytes, 279 lines, via LinesPass::0)
11:29:40 INFO (91.8%, 7403 bytes, 279 lines, via ClexHintsPass::rm-toks-1-to-4)
11:32:25 INFO (91.8%, 7389 bytes, 279 lines, via ClexHintsPass::rm-toks-1-to-4)
11:36:47 INFO (91.8%, 7386 bytes, 279 lines, via ClexHintsPass::rm-toks-1-to-4)
11:39:24 INFO (91.9%, 7377 bytes, 279 lines, via BalancedPass::square + ClexHintsPass::rm-toks-1-to-4)
11:42:51 INFO (91.9%, 7374 bytes, 279 lines, via BalancedPass::square)
11:45:27 INFO (91.9%, 7358 bytes, 279 lines, via ClexHintsPass::rm-toks-1-to-4)
12:04:04 INFO (91.9%, 7341 bytes, 279 lines, via ClexHintsPass::rm-toks-5-to-8)
12:07:00 INFO (91.9%, 7316 bytes, 278 lines, via LinesPass::2)
12:09:53 INFO (91.9%, 7290 bytes, 278 lines, via ClexHintsPass::rm-toks-5-to-8)
12:12:33 INFO (92.0%, 7270 bytes, 277 lines, via LinesPass::1)
12:18:27 INFO (92.0%, 7268 bytes, 277 lines, via BalancedPass::parens-only)
12:27:55 INFO (92.0%, 7267 bytes, 276 lines, via BalancedPass::curly-inside)
12:31:58 INFO (92.0%, 7243 bytes, 275 lines, via LinesPass::0)
12:48:26 INFO (92.0%, 7240 bytes, 275 lines, via ClexHintsPass::rm-toks-1-to-4)
13:00:29 INFO (92.0%, 7233 bytes, 275 lines, via ClexHintsPass::rm-toks-1-to-4)
13:19:50 INFO (92.1%, 7131 bytes, 274 lines, via LinesPass::None)
13:33:28 INFO (92.1%, 7129 bytes, 272 lines, via BalancedPass::curly-only)
13:37:15 INFO (92.1%, 7123 bytes, 272 lines, via BlankPass)
13:57:27 INFO (92.1%, 7118 bytes, 272 lines, via LinesPass::None)
14:42:56 INFO (92.2%, 7103 bytes, 272 lines, via ClexHintsPass::rm-toks-1-to-4)
15:06:05 INFO Termination check: size was 8129; now 7103
15:06:05 INFO ===< BalancedPass::angles, BalancedPass::angles-inside, BalancedPass::angles-only, BalancedPass::curly, BalancedPass::curly-inside, BalancedPass::curly-only, BalancedPass::curly2, BalancedPass::curly3, BalancedPass::parens, BalancedPass::parens-inside, BalancedPass::parens-only, BalancedPass::parens-to-zero, BalancedPass::square, BalancedPass::square-inside, BalancedPass::square-only, BlankPass, ClangHintsPass::callexpr-to-value, ClangHintsPass::remove-unused-function, ClangHintsPass::replace-dependent-typedef, ClangHintsPass::replace-function-def-with-decl, ClangIncludeGraphPass, ClangModuleMapPass, ClexHintsPass::rm-toks-1-to-4, ClexHintsPass::rm-toks-13-to-16, ClexHintsPass::rm-toks-5-to-8, ClexHintsPass::rm-toks-9-to-12, CommentsPass, InlineIncludesPass, LineMarkersPass, LinesPass::0, LinesPass::1, LinesPass::10, LinesPass::2, LinesPass::3, LinesPass::4, LinesPass::6, LinesPass::8, LinesPass::None, MakefilePass, RmUnusedFilesPass, TreeSitterPass::erase-namespace, TreeSitterPass::remove-function, TreeSitterPass::replace-function-def-with-decl >===
15:17:02 INFO (92.2%, 7096 bytes, 272 lines, via ClexHintsPass::rm-toks-1-to-4)
15:19:55 INFO (92.2%, 7089 bytes, 272 lines, via ClexHintsPass::rm-toks-1-to-4)
15:22:31 INFO (92.2%, 7082 bytes, 272 lines, via ClexHintsPass::rm-toks-1-to-4)
15:25:34 INFO (92.2%, 7075 bytes, 272 lines, via ClexHintsPass::rm-toks-1-to-4)
15:32:02 INFO (92.2%, 7074 bytes, 272 lines, via ClexHintsPass::rm-toks-1-to-4)
15:34:48 INFO (92.2%, 7067 bytes, 272 lines, via ClexHintsPass::rm-toks-1-to-4)
15:37:27 INFO (92.2%, 7060 bytes, 272 lines, via ClexHintsPass::rm-toks-1-to-4)
15:39:57 INFO (92.2%, 7053 bytes, 272 lines, via ClexHintsPass::rm-toks-1-to-4)
15:45:47 INFO (92.2%, 7052 bytes, 272 lines, via ClexHintsPass::rm-toks-1-to-4)
15:48:26 INFO (92.2%, 7046 bytes, 272 lines, via ClexHintsPass::rm-toks-1-to-4)
15:51:58 INFO (92.2%, 7022 bytes, 272 lines, via ClexHintsPass::rm-toks-1-to-4)
15:55:07 INFO (92.3%, 7012 bytes, 272 lines, via ClexHintsPass::rm-toks-1-to-4)
16:00:45 INFO (92.3%, 7005 bytes, 272 lines, via ClexHintsPass::rm-toks-1-to-4)
16:03:34 INFO (92.3%, 6998 bytes, 272 lines, via ClexHintsPass::rm-toks-1-to-4)
16:06:26 INFO (92.3%, 6997 bytes, 272 lines, via ClexHintsPass::rm-toks-1-to-4)
16:11:42 INFO (92.3%, 6993 bytes, 272 lines, via ClexHintsPass::rm-toks-1-to-4)
16:14:22 INFO (92.3%, 6981 bytes, 272 lines, via ClexHintsPass::rm-toks-1-to-4)
16:17:57 INFO (92.3%, 6977 bytes, 272 lines, via ClexHintsPass::rm-toks-1-to-4)
16:21:07 INFO (92.3%, 6959 bytes, 272 lines, via ClexHintsPass::rm-toks-1-to-4)
16:24:54 INFO (92.3%, 6952 bytes, 272 lines, via ClexHintsPass::rm-toks-1-to-4)
16:35:21 INFO (92.3%, 6951 bytes, 272 lines, via ClexHintsPass::rm-toks-1-to-4)
16:39:16 INFO (92.3%, 6944 bytes, 271 lines, via ClexHintsPass::rm-toks-1-to-4)
17:15:04 INFO (92.3%, 6936 bytes, 271 lines, via ClexHintsPass::rm-toks-1-to-4)
17:30:15 INFO (92.3%, 6928 bytes, 271 lines, via ClexHintsPass::rm-toks-1-to-4)
18:30:29 INFO Termination check: size was 7103; now 6928
18:30:29 INFO ===< BalancedPass::angles, BalancedPass::angles-inside, BalancedPass::angles-only, BalancedPass::curly, BalancedPass::curly-inside, BalancedPass::curly-only, BalancedPass::curly2, BalancedPass::curly3, BalancedPass::parens, BalancedPass::parens-inside, BalancedPass::parens-only, BalancedPass::parens-to-zero, BalancedPass::square, BalancedPass::square-inside, BalancedPass::square-only, BlankPass, ClangHintsPass::callexpr-to-value, ClangHintsPass::remove-unused-function, ClangHintsPass::replace-dependent-typedef, ClangHintsPass::replace-function-def-with-decl, ClangIncludeGraphPass, ClangModuleMapPass, ClexHintsPass::rm-toks-1-to-4, ClexHintsPass::rm-toks-13-to-16, ClexHintsPass::rm-toks-5-to-8, ClexHintsPass::rm-toks-9-to-12, CommentsPass, InlineIncludesPass, LineMarkersPass, LinesPass::0, LinesPass::1, LinesPass::10, LinesPass::2, LinesPass::3, LinesPass::4, LinesPass::6, LinesPass::8, LinesPass::None, MakefilePass, RmUnusedFilesPass, TreeSitterPass::erase-namespace, TreeSitterPass::remove-function, TreeSitterPass::replace-function-def-with-decl >===
18:38:31 INFO (92.4%, 6922 bytes, 271 lines, via ClexHintsPass::rm-toks-1-to-4)
18:43:10 INFO (92.4%, 6915 bytes, 271 lines, via ClexHintsPass::rm-toks-1-to-4)
18:54:53 INFO (92.4%, 6908 bytes, 271 lines, via ClexHintsPass::rm-toks-1-to-4)
18:58:27 INFO (92.4%, 6896 bytes, 271 lines, via ClexHintsPass::rm-toks-1-to-4)
19:02:09 INFO (92.4%, 6885 bytes, 271 lines, via ClexHintsPass::rm-toks-1-to-4)
19:05:31 INFO (92.4%, 6879 bytes, 271 lines, via ClexHintsPass::rm-toks-1-to-4)
19:11:55 INFO (92.4%, 6875 bytes, 271 lines, via ClexHintsPass::rm-toks-1-to-4)
19:25:59 INFO (92.4%, 6871 bytes, 271 lines, via ClexHintsPass::rm-toks-1-to-4)
19:29:29 INFO (92.4%, 6865 bytes, 271 lines, via ClexHintsPass::rm-toks-1-to-4)
19:37:03 INFO (92.4%, 6864 bytes, 271 lines, via ClexHintsPass::rm-toks-1-to-4)
19:55:22 INFO (92.4%, 6863 bytes, 271 lines, via ClexHintsPass::rm-toks-1-to-4)
21:37:57 INFO Termination check: size was 6928; now 6863
21:37:57 INFO ===< BalancedPass::angles, BalancedPass::angles-inside, BalancedPass::angles-only, BalancedPass::curly, BalancedPass::curly-inside, BalancedPass::curly-only, BalancedPass::curly2, BalancedPass::curly3, BalancedPass::parens, BalancedPass::parens-inside, BalancedPass::parens-only, BalancedPass::parens-to-zero, BalancedPass::square, BalancedPass::square-inside, BalancedPass::square-only, BlankPass, ClangHintsPass::callexpr-to-value, ClangHintsPass::remove-unused-function, ClangHintsPass::replace-dependent-typedef, ClangHintsPass::replace-function-def-with-decl, ClangIncludeGraphPass, ClangModuleMapPass, ClexHintsPass::rm-toks-1-to-4, ClexHintsPass::rm-toks-13-to-16, ClexHintsPass::rm-toks-5-to-8, ClexHintsPass::rm-toks-9-to-12, CommentsPass, InlineIncludesPass, LineMarkersPass, LinesPass::0, LinesPass::1, LinesPass::10, LinesPass::2, LinesPass::3, LinesPass::4, LinesPass::6, LinesPass::8, LinesPass::None, MakefilePass, RmUnusedFilesPass, TreeSitterPass::erase-namespace, TreeSitterPass::remove-function, TreeSitterPass::replace-function-def-with-decl >===
22:03:52 INFO (92.4%, 6862 bytes, 271 lines, via ClexHintsPass::rm-toks-1-to-4)
22:15:16 INFO (92.4%, 6861 bytes, 271 lines, via ClexHintsPass::rm-toks-1-to-4)
22:23:00 INFO (92.4%, 6860 bytes, 271 lines, via ClexHintsPass::rm-toks-1-to-4)
22:26:40 INFO (92.4%, 6854 bytes, 271 lines, via ClexHintsPass::rm-toks-1-to-4)
22:31:01 INFO (92.4%, 6850 bytes, 271 lines, via ClexHintsPass::rm-toks-1-to-4)
22:39:18 INFO (92.4%, 6846 bytes, 271 lines, via ClexHintsPass::rm-toks-1-to-4)
22:42:25 INFO (92.4%, 6839 bytes, 271 lines, via ClexHintsPass::rm-toks-1-to-4)
22:55:08 INFO (92.4%, 6835 bytes, 271 lines, via ClexHintsPass::rm-toks-1-to-4)
1 day, 0:41:30 INFO Termination check: size was 6863; now 6835
1 day, 0:41:30 INFO ===< BalancedPass::angles, BalancedPass::angles-inside, BalancedPass::angles-only, BalancedPass::curly, BalancedPass::curly-inside, BalancedPass::curly-only, BalancedPass::curly2, BalancedPass::curly3, BalancedPass::parens, BalancedPass::parens-inside, BalancedPass::parens-only, BalancedPass::parens-to-zero, BalancedPass::square, BalancedPass::square-inside, BalancedPass::square-only, BlankPass, ClangHintsPass::callexpr-to-value, ClangHintsPass::remove-unused-function, ClangHintsPass::replace-dependent-typedef, ClangHintsPass::replace-function-def-with-decl, ClangIncludeGraphPass, ClangModuleMapPass, ClexHintsPass::rm-toks-1-to-4, ClexHintsPass::rm-toks-13-to-16, ClexHintsPass::rm-toks-5-to-8, ClexHintsPass::rm-toks-9-to-12, CommentsPass, InlineIncludesPass, LineMarkersPass, LinesPass::0, LinesPass::1, LinesPass::10, LinesPass::2, LinesPass::3, LinesPass::4, LinesPass::6, LinesPass::8, LinesPass::None, MakefilePass, RmUnusedFilesPass, TreeSitterPass::erase-namespace, TreeSitterPass::remove-function, TreeSitterPass::replace-function-def-with-decl >===
1 day, 0:51:46 INFO (92.5%, 6829 bytes, 271 lines, via ClexHintsPass::rm-toks-1-to-4)
1 day, 1:21:58 INFO (92.5%, 6822 bytes, 271 lines, via ClexHintsPass::rm-toks-1-to-4)
1 day, 1:29:25 INFO (92.5%, 6815 bytes, 271 lines, via ClexHintsPass::rm-toks-1-to-4)
1 day, 1:32:50 INFO (92.5%, 6808 bytes, 271 lines, via ClexHintsPass::rm-toks-1-to-4)
1 day, 1:45:21 INFO (92.5%, 6802 bytes, 271 lines, via ClexHintsPass::rm-toks-1-to-4)
1 day, 3:30:06 INFO Termination check: size was 6835; now 6802
1 day, 3:30:06 INFO ===< BalancedPass::angles, BalancedPass::angles-inside, BalancedPass::angles-only, BalancedPass::curly, BalancedPass::curly-inside, BalancedPass::curly-only, BalancedPass::curly2, BalancedPass::curly3, BalancedPass::parens, BalancedPass::parens-inside, BalancedPass::parens-only, BalancedPass::parens-to-zero, BalancedPass::square, BalancedPass::square-inside, BalancedPass::square-only, BlankPass, ClangHintsPass::callexpr-to-value, ClangHintsPass::remove-unused-function, ClangHintsPass::replace-dependent-typedef, ClangHintsPass::replace-function-def-with-decl, ClangIncludeGraphPass, ClangModuleMapPass, ClexHintsPass::rm-toks-1-to-4, ClexHintsPass::rm-toks-13-to-16, ClexHintsPass::rm-toks-5-to-8, ClexHintsPass::rm-toks-9-to-12, CommentsPass, InlineIncludesPass, LineMarkersPass, LinesPass::0, LinesPass::1, LinesPass::10, LinesPass::2, LinesPass::3, LinesPass::4, LinesPass::6, LinesPass::8, LinesPass::None, MakefilePass, RmUnusedFilesPass, TreeSitterPass::erase-namespace, TreeSitterPass::remove-function, TreeSitterPass::replace-function-def-with-decl >===
1 day, 4:21:11 INFO Exiting now ...
00:00:00 ERROR Prereqs not found for pass UnIfDefPass
00:00:00 ERROR Prereqs not found for pass IfPass
00:00:00 ERROR Prereqs not found for pass UnIfDefPass
00:00:07 INFO ===< 1719705 >===
00:00:07 INFO running 4 interestingness tests in parallel
00:00:07 INFO (0.0%, 6802 bytes, 271 lines)
00:00:07 INFO INITIAL PASSES (interleaving)
00:00:07 INFO ===<  >===
00:28:33 INFO (0.1%, 6798 bytes, 271 lines, via ClexHintsPass::rm-toks-1-to-4)
02:23:07 INFO INITIAL PASSES
02:23:07 ERROR Skipping pass UnIfDefPass
02:23:07 ERROR Skipping pass IfPass
02:23:07 INFO ===< BalancedPass::angles, BalancedPass::angles-inside, BalancedPass::angles-only, BalancedPass::curly, BalancedPass::curly-inside, BalancedPass::curly-only, BalancedPass::curly2, BalancedPass::curly3, BalancedPass::parens, BalancedPass::parens-inside, BalancedPass::parens-only, BalancedPass::parens-to-zero, BalancedPass::square, BalancedPass::square-inside, BalancedPass::square-only, BlankPass, ClangHintsPass::callexpr-to-value, ClangHintsPass::remove-unused-function, ClangHintsPass::replace-dependent-typedef, ClangHintsPass::replace-function-def-with-decl, ClangIncludeGraphPass, ClangModuleMapPass, ClexHintsPass::rm-toks-1-to-4, ClexHintsPass::rm-toks-13-to-16, ClexHintsPass::rm-toks-5-to-8, ClexHintsPass::rm-toks-9-to-12, CommentsPass, InlineIncludesPass, LineMarkersPass, LinesPass::0, LinesPass::1, LinesPass::10, LinesPass::2, LinesPass::3, LinesPass::4, LinesPass::6, LinesPass::8, LinesPass::None, MakefilePass, RmUnusedFilesPass, TreeSitterPass::erase-namespace, TreeSitterPass::remove-function, TreeSitterPass::replace-function-def-with-decl >===
02:23:08 INFO ===< IncludesPass >===
02:23:09 INFO ===< CommentsPass >===
02:23:09 INFO ===< LineMarkersPass >===
02:23:11 INFO ===< BlankPass >===
02:23:11 INFO ===< ClangHintsPass::replace-function-def-with-decl (30 T) >===
02:23:12 INFO ===< ClangHintsPass::remove-unused-function (30 T) >===
02:23:12 INFO cache hit for HIPProg.hip
02:23:12 INFO ===< ClangHintsPass::replace-function-def-with-decl (30 T) >===
02:23:12 INFO cache hit for HIPProg.hip
02:23:12 INFO ===< ClangHintsPass::remove-unused-function (30 T) >===
02:23:12 INFO ===< ClangHintsPass::replace-function-def-with-decl >===
02:23:12 INFO ===< ClangHintsPass::remove-unused-function >===
02:23:25 INFO ===< LinesPass::0 >===
02:25:39 INFO ===< LinesPass::1 >===
02:25:54 INFO ===< LinesPass::2 >===
02:25:54 INFO ===< LinesPass::3 >===
02:25:54 INFO ===< LinesPass::4 >===
02:25:54 INFO ===< LinesPass::6 >===
02:25:54 INFO ===< LinesPass::8 >===
02:25:54 INFO ===< LinesPass::10 >===
02:25:54 INFO cache hit for HIPProg.hip
02:25:54 INFO ===< ClangHintsPass::replace-function-def-with-decl >===
02:25:54 INFO cache hit for HIPProg.hip
02:25:54 INFO ===< ClangHintsPass::remove-unused-function >===
02:25:54 INFO cache hit for HIPProg.hip
02:25:54 INFO ===< ClangHintsPass::remove-unused-function >===
02:26:23 INFO ===< BalancedPass::curly >===
02:26:52 INFO ===< BalancedPass::curly2 >===
02:26:52 INFO ===< BalancedPass::curly3 >===
02:27:09 INFO ===< BalancedPass::parens-to-zero >===
02:27:11 INFO ===< ClangHintsPass::callexpr-to-value >===
02:27:11 INFO ===< ClangPass::replace-callexpr >===
02:27:12 INFO ===< ClangPass::simplify-callexpr >===
02:27:12 INFO using C++ standard: c++2b with 0 transformation opportunities
02:27:12 INFO ===< ClangBinarySearchPass::remove-unused-enum-member >===
02:27:12 INFO ===< ClangPass::remove-enum-member-value >===
02:27:12 INFO using C++ standard: c++2b with 18 transformation opportunities
02:27:21 INFO ===< ClangBinarySearchPass::remove-unused-var >===
02:27:22 INFO ===< SpecialPass::a >===
02:27:22 INFO ===< SpecialPass::b >===
02:27:22 INFO INTERLEAVING PASSES
02:27:22 INFO ===< SpecialPass::c >===
04:47:05 INFO Termination check: size was 6798; now 6798
04:47:05 INFO MAIN PASSES
04:47:05 ERROR Skipping pass UnIfDefPass
04:47:05 INFO ===< BalancedPass::angles, BalancedPass::angles-inside, BalancedPass::angles-only, BalancedPass::curly, BalancedPass::curly-inside, BalancedPass::curly-only, BalancedPass::curly2, BalancedPass::curly3, BalancedPass::parens, BalancedPass::parens-inside, BalancedPass::parens-only, BalancedPass::parens-to-zero, BalancedPass::square, BalancedPass::square-inside, BalancedPass::square-only, BlankPass, ClangHintsPass::callexpr-to-value, ClangHintsPass::remove-unused-function, ClangHintsPass::replace-dependent-typedef, ClangHintsPass::replace-function-def-with-decl, ClangIncludeGraphPass, ClangModuleMapPass, ClexHintsPass::rm-toks-1-to-4, ClexHintsPass::rm-toks-13-to-16, ClexHintsPass::rm-toks-5-to-8, ClexHintsPass::rm-toks-9-to-12, CommentsPass, InlineIncludesPass, LineMarkersPass, LinesPass::0, LinesPass::1, LinesPass::10, LinesPass::2, LinesPass::3, LinesPass::4, LinesPass::6, LinesPass::8, LinesPass::None, MakefilePass, RmUnusedFilesPass, TreeSitterPass::erase-namespace, TreeSitterPass::remove-function, TreeSitterPass::replace-function-def-with-decl >===
04:47:05 INFO ===< IncludeIncludesPass >===
04:47:05 INFO ===< TernaryPass::b >===
04:47:05 INFO ===< TernaryPass::c >===
04:47:05 INFO cache hit for HIPProg.hip
04:47:05 INFO ===< BalancedPass::curly >===
04:47:05 INFO cache hit for HIPProg.hip
04:47:05 INFO ===< BalancedPass::curly2 >===
04:47:05 INFO cache hit for HIPProg.hip
04:47:05 INFO ===< BalancedPass::curly3 >===
04:47:37 INFO ===< BalancedPass::parens >===
04:47:38 INFO ===< BalancedPass::angles >===
04:48:05 INFO ===< BalancedPass::square >===
04:48:50 INFO ===< BalancedPass::curly-inside >===
04:49:10 INFO ===< BalancedPass::parens-inside >===
04:49:13 INFO ===< BalancedPass::angles-inside >===
04:49:43 INFO ===< BalancedPass::square-inside >===
04:50:09 INFO ===< BalancedPass::curly-only >===
04:50:11 INFO ===< BalancedPass::angles-only >===
04:50:40 INFO ===< BalancedPass::square-only >===
04:50:40 INFO ===< ClangPass::remove-namespace >===
04:50:55 INFO (-0.1%, 6812 bytes, 272 lines)
04:51:04 INFO ===< ClangPass::aggregate-to-scalar >===
04:51:04 INFO ===< ClangPass::param-to-global >===
04:51:05 INFO ===< ClangPass::param-to-local >===
04:51:05 INFO ===< ClangPass::remove-nested-function >===
04:51:14 INFO (-0.2%, 6813 bytes, 272 lines)
04:51:14 INFO ===< ClangPass::union-to-struct >===
04:51:15 INFO ===< ClangPass::return-void >===
04:51:15 INFO ===< ClangPass::simple-inliner >===
04:51:29 INFO ===< ClangPass::reduce-pointer-level >===
04:51:29 INFO ===< ClangPass::lift-assignment-expr >===
04:51:29 INFO ===< ClangPass::copy-propagation >===
04:51:30 INFO ===< ClangHintsPass::callexpr-to-value >===
04:51:30 INFO ===< ClangPass::replace-callexpr >===
04:51:31 INFO ===< ClangPass::simplify-callexpr >===
04:51:31 INFO ===< ClangHintsPass::remove-unused-function >===
04:51:31 INFO using C++ standard: c++2b with 0 transformation opportunities
04:51:31 INFO ===< ClangBinarySearchPass::remove-unused-enum-member >===
04:51:31 INFO ===< ClangPass::remove-enum-member-value >===
04:51:31 INFO using C++ standard: c++2b with 18 transformation opportunities
04:51:40 INFO ===< ClangBinarySearchPass::remove-unused-var >===
04:51:41 INFO ===< ClangPass::simplify-if >===
04:51:41 INFO ===< ClangPass::reduce-array-dim >===
04:51:41 INFO ===< ClangPass::reduce-array-size >===
04:51:41 INFO ===< ClangPass::move-definition-to-declaration >===
04:51:41 INFO ===< ClangPass::simplify-comma-expr >===
04:51:41 INFO ===< ClangPass::simplify-dependent-typedef >===
04:51:41 INFO ===< ClangPass::replace-simple-typedef >===
04:51:41 INFO ===< ClangHintsPass::replace-dependent-typedef >===
04:51:41 INFO ===< ClangPass::replace-one-level-typedef-type >===
04:52:05 INFO (0.2%, 6785 bytes, 270 lines)
04:52:23 INFO (0.7%, 6754 bytes, 268 lines)
04:52:46 INFO (1.3%, 6714 bytes, 266 lines)
04:53:06 INFO (1.7%, 6686 bytes, 264 lines)
04:53:24 INFO (2.1%, 6658 bytes, 262 lines)
04:53:56 INFO (2.4%, 6636 bytes, 260 lines)
04:54:16 INFO (2.9%, 6607 bytes, 258 lines)
04:54:39 INFO (3.2%, 6581 bytes, 256 lines)
04:54:59 INFO (4.0%, 6530 bytes, 254 lines)
04:55:13 INFO (4.5%, 6497 bytes, 252 lines)
04:55:33 INFO (5.0%, 6459 bytes, 250 lines)
04:55:51 INFO (5.6%, 6418 bytes, 248 lines)
04:56:08 INFO (6.0%, 6392 bytes, 246 lines)
04:56:30 INFO (6.4%, 6365 bytes, 244 lines)
04:56:52 INFO (6.7%, 6343 bytes, 242 lines)
04:57:12 INFO (7.2%, 6315 bytes, 240 lines)
04:57:32 INFO (7.6%, 6286 bytes, 238 lines)
04:57:49 INFO (8.0%, 6258 bytes, 236 lines)
04:58:06 INFO (8.4%, 6231 bytes, 234 lines)
04:58:25 INFO (8.8%, 6205 bytes, 232 lines)
04:58:41 INFO (9.4%, 6166 bytes, 230 lines)
04:59:07 INFO (10.0%, 6122 bytes, 228 lines)
04:59:32 INFO (10.5%, 6088 bytes, 226 lines)
04:59:38 INFO ===< ClangPass::remove-unused-field >===
04:59:38 INFO ===< ClangPass::instantiate-template-type-param-to-int >===
04:59:38 INFO ===< ClangPass::instantiate-template-param >===
04:59:38 INFO ===< ClangPass::template-arg-to-int >===
04:59:38 INFO ===< ClangPass::template-non-type-arg-to-int >===
04:59:38 INFO ===< ClangPass::reduce-class-template-param >===
04:59:39 INFO ===< ClangPass::remove-trivial-base-template >===
04:59:39 INFO ===< ClangPass::class-template-to-class >===
04:59:39 INFO ===< ClangPass::merge-base-class >===
04:59:39 INFO ===< ClangPass::remove-base-class >===
04:59:39 INFO ===< ClangPass::replace-derived-class >===
04:59:39 INFO ===< ClangPass::remove-unresolved-base >===
04:59:39 INFO ===< ClangPass::remove-ctor-initializer >===
04:59:39 INFO ===< ClangPass::replace-class-with-base-template-spec >===
04:59:39 INFO ===< ClangPass::simplify-nested-class >===
04:59:42 INFO ===< ClangPass::remove-unused-outer-class >===
04:59:52 INFO (10.6%, 6079 bytes, 225 lines)
04:59:54 INFO ===< ClangPass::empty-struct-to-int >===
04:59:54 INFO ===< ClangPass::remove-pointer >===
04:59:54 INFO ===< ClangPass::reduce-pointer-pairs >===
04:59:54 INFO ===< ClangPass::remove-array >===
04:59:55 INFO ===< ClangPass::remove-addr-taken >===
04:59:55 INFO ===< ClangPass::simplify-struct >===
04:59:55 INFO ===< ClangPass::replace-undefined-function >===
04:59:55 INFO ===< ClangPass::replace-array-index-var >===
04:59:55 INFO ===< ClangPass::replace-array-access-with-index >===
04:59:55 INFO ===< ClangPass::replace-dependent-name >===
04:59:55 INFO ===< ClangPass::simplify-recursive-template-instantiation >===
04:59:55 INFO ===< ClangPass::vector-to-array >===
04:59:55 INFO ===< ClangPass::remove-try-catch >===
04:59:56 INFO ===< ClangPass::class-to-struct >===
05:00:18 INFO ===< ClangPass::member-to-global >===
05:00:30 INFO ===< LinesPass::0 >===
05:02:16 INFO ===< LinesPass::1 >===
05:02:22 INFO ===< LinesPass::2 >===
05:02:22 INFO ===< LinesPass::3 >===
05:02:22 INFO ===< LinesPass::4 >===
05:02:23 INFO ===< LinesPass::6 >===
05:02:23 INFO ===< LinesPass::8 >===
05:02:23 INFO ===< LinesPass::10 >===
05:02:23 INFO ===< CommentsPass >===
05:02:23 INFO ===< SpecialPass::b >===
05:02:23 INFO ===< SpecialPass::c >===
05:02:23 INFO ===< IndentPass::regular >===
05:02:41 INFO ===< BalancedPass::parens-to-zero >===
05:06:09 INFO (10.7%, 6075 bytes, 225 lines)
06:53:43 INFO ===< ClexHintsPass::rm-toks-1-to-16 >===
07:36:34 INFO (10.8%, 6068 bytes, 225 lines)
07:55:36 INFO ===< ClexPass::rm-tok-pattern-4 >===
07:55:37 INFO ===< ClangPass::local-to-global >===
07:55:56 INFO ===< PeepPass::c >===
07:56:14 INFO (10.8%, 6067 bytes, 225 lines)
07:56:31 INFO (10.8%, 6066 bytes, 225 lines)
07:56:57 INFO (10.8%, 6065 bytes, 225 lines)
07:57:24 INFO (10.8%, 6064 bytes, 225 lines)
07:57:47 INFO (10.9%, 6063 bytes, 225 lines)
07:58:05 INFO (10.9%, 6062 bytes, 225 lines)
07:58:30 INFO (10.9%, 6061 bytes, 225 lines)
07:58:55 INFO (10.9%, 6060 bytes, 225 lines)
07:59:17 INFO (10.9%, 6059 bytes, 225 lines)
07:59:45 INFO (10.9%, 6058 bytes, 225 lines)
08:00:03 INFO (11.0%, 6057 bytes, 225 lines)
08:00:39 INFO (11.0%, 6056 bytes, 225 lines)
08:01:04 INFO (11.0%, 6055 bytes, 225 lines)
08:01:17 INFO (11.0%, 6054 bytes, 225 lines)
08:01:43 INFO (11.0%, 6053 bytes, 225 lines)
08:02:18 INFO (11.0%, 6052 bytes, 225 lines)
08:02:45 INFO (11.0%, 6051 bytes, 225 lines)
08:03:07 INFO (11.1%, 6050 bytes, 225 lines)
08:03:34 INFO (11.1%, 6049 bytes, 225 lines)
08:03:58 INFO (11.1%, 6048 bytes, 225 lines)
08:05:21 INFO ===< IntsPass::a >===
08:05:52 INFO ===< IntsPass::b >===
08:06:18 INFO (11.1%, 6047 bytes, 225 lines)
08:06:39 INFO (11.1%, 6046 bytes, 225 lines)
08:06:57 INFO (11.1%, 6044 bytes, 225 lines)
08:07:20 INFO (11.2%, 6043 bytes, 225 lines)
08:07:44 INFO (11.2%, 6041 bytes, 225 lines)
08:08:02 INFO (11.2%, 6040 bytes, 225 lines)
08:08:26 INFO (11.2%, 6039 bytes, 225 lines)
08:08:46 INFO (11.2%, 6038 bytes, 225 lines)
08:09:10 INFO (11.2%, 6037 bytes, 225 lines)
08:09:31 INFO (11.3%, 6036 bytes, 225 lines)
08:09:50 INFO (11.3%, 6034 bytes, 225 lines)
08:10:13 INFO (11.3%, 6033 bytes, 225 lines)
08:10:40 INFO (11.3%, 6032 bytes, 225 lines)
08:11:03 INFO (11.3%, 6030 bytes, 225 lines)
08:11:25 INFO (11.4%, 6029 bytes, 225 lines)
08:11:46 INFO (11.4%, 6028 bytes, 225 lines)
08:12:06 INFO (11.4%, 6027 bytes, 225 lines)
08:12:23 INFO (11.4%, 6026 bytes, 225 lines)
08:12:47 INFO (11.4%, 6024 bytes, 225 lines)
08:12:52 INFO ===< IntsPass::c >===
08:13:15 INFO (11.5%, 6023 bytes, 225 lines)
08:13:34 INFO (11.5%, 6021 bytes, 225 lines)
08:13:50 INFO (11.5%, 6020 bytes, 225 lines)
08:14:11 INFO (11.5%, 6018 bytes, 225 lines)
08:14:52 INFO (11.5%, 6018 bytes, 225 lines)
08:15:05 INFO (11.6%, 6016 bytes, 225 lines)
08:15:23 INFO (11.5%, 6017 bytes, 225 lines)
08:15:43 INFO (11.6%, 6016 bytes, 225 lines)
08:15:49 INFO ===< IntsPass::d >===
08:16:11 INFO (11.6%, 6014 bytes, 225 lines)
08:16:31 INFO (11.6%, 6013 bytes, 225 lines)
08:16:46 INFO (11.6%, 6011 bytes, 225 lines)
08:16:56 INFO (11.7%, 6009 bytes, 225 lines)
08:16:56 INFO ===< IntsPass::c >===
08:17:20 INFO ===< BalancedPass::parens-only >===
08:17:22 INFO ===< ClexPass::delete-string >===
08:17:24 INFO Termination check: size was 6798; now 6009
08:17:24 ERROR Skipping pass UnIfDefPass
08:17:24 INFO ===< ClexPass::define >===
08:17:24 INFO ===< IncludeIncludesPass >===
08:17:24 INFO ===< TernaryPass::b >===
08:17:24 INFO ===< TernaryPass::c >===
08:17:51 INFO ===< BalancedPass::curly >===
08:18:14 INFO ===< BalancedPass::curly2 >===
08:18:14 INFO ===< BalancedPass::curly3 >===
08:18:45 INFO ===< BalancedPass::parens >===
08:18:47 INFO ===< BalancedPass::angles >===
08:19:17 INFO (11.7%, 6003 bytes, 225 lines)
08:19:33 INFO ===< BalancedPass::square >===
08:20:15 INFO ===< BalancedPass::curly-inside >===
08:20:47 INFO ===< BalancedPass::parens-inside >===
08:20:51 INFO ===< BalancedPass::angles-inside >===
08:21:16 INFO ===< BalancedPass::square-inside >===
08:21:31 INFO ===< BalancedPass::curly-only >===
08:21:34 INFO ===< BalancedPass::angles-only >===
08:22:02 INFO ===< BalancedPass::square-only >===
08:22:02 INFO ===< ClangPass::remove-namespace >===
08:22:02 INFO ===< ClangPass::aggregate-to-scalar >===
08:22:02 INFO ===< ClangPass::param-to-global >===
08:22:02 INFO ===< ClangPass::param-to-local >===
08:22:02 INFO ===< ClangPass::remove-nested-function >===
08:22:03 INFO ===< ClangPass::union-to-struct >===
08:22:03 INFO ===< ClangPass::return-void >===
08:22:04 INFO ===< ClangPass::simple-inliner >===
08:22:13 INFO ===< ClangPass::reduce-pointer-level >===
08:22:13 INFO ===< ClangPass::lift-assignment-expr >===
08:22:13 INFO ===< ClangPass::copy-propagation >===
08:22:13 INFO ===< ClangHintsPass::callexpr-to-value >===
08:22:14 INFO ===< ClangPass::replace-callexpr >===
08:22:14 INFO ===< ClangPass::simplify-callexpr >===
08:22:15 INFO ===< ClangHintsPass::remove-unused-function >===
08:22:14 INFO using C++ standard: c++2b with 0 transformation opportunities
08:22:15 INFO ===< ClangBinarySearchPass::remove-unused-enum-member >===
08:22:15 INFO ===< ClangPass::remove-enum-member-value >===
08:22:15 INFO using C++ standard: c++2b with 18 transformation opportunities
08:22:25 INFO ===< ClangBinarySearchPass::remove-unused-var >===
08:22:25 INFO ===< ClangPass::simplify-if >===
08:22:25 INFO ===< ClangPass::reduce-array-dim >===
08:22:25 INFO ===< ClangPass::reduce-array-size >===
08:22:25 INFO ===< ClangPass::move-definition-to-declaration >===
08:22:25 INFO ===< ClangPass::simplify-comma-expr >===
08:22:25 INFO ===< ClangPass::simplify-dependent-typedef >===
08:22:25 INFO ===< ClangPass::replace-simple-typedef >===
08:22:25 INFO ===< ClangHintsPass::replace-dependent-typedef >===
08:22:25 INFO ===< ClangPass::replace-one-level-typedef-type >===
08:22:46 INFO ===< ClangPass::remove-unused-field >===
08:22:46 INFO ===< ClangPass::instantiate-template-type-param-to-int >===
08:22:47 INFO ===< ClangPass::instantiate-template-param >===
08:22:47 INFO ===< ClangPass::template-arg-to-int >===
08:22:47 INFO ===< ClangPass::template-non-type-arg-to-int >===
08:22:47 INFO ===< ClangPass::reduce-class-template-param >===
08:22:47 INFO ===< ClangPass::remove-trivial-base-template >===
08:22:47 INFO ===< ClangPass::class-template-to-class >===
08:22:47 INFO ===< ClangPass::merge-base-class >===
08:22:47 INFO ===< ClangPass::remove-base-class >===
08:22:47 INFO ===< ClangPass::replace-derived-class >===
08:22:47 INFO ===< ClangPass::remove-unresolved-base >===
08:22:47 INFO ===< ClangPass::remove-ctor-initializer >===
08:22:47 INFO ===< ClangPass::replace-class-with-base-template-spec >===
08:22:47 INFO ===< ClangPass::simplify-nested-class >===
08:22:50 INFO ===< ClangPass::remove-unused-outer-class >===
08:22:53 INFO ===< ClangPass::empty-struct-to-int >===
08:22:53 INFO ===< ClangPass::remove-pointer >===
08:22:53 INFO ===< ClangPass::reduce-pointer-pairs >===
08:22:53 INFO ===< ClangPass::remove-array >===
08:22:53 INFO ===< ClangPass::remove-addr-taken >===
08:22:54 INFO ===< ClangPass::simplify-struct >===
08:22:54 INFO ===< ClangPass::replace-undefined-function >===
08:22:54 INFO ===< ClangPass::replace-array-index-var >===
08:22:54 INFO ===< ClangPass::replace-array-access-with-index >===
08:22:54 INFO ===< ClangPass::replace-dependent-name >===
08:22:54 INFO ===< ClangPass::simplify-recursive-template-instantiation >===
08:22:54 INFO ===< ClangPass::vector-to-array >===
08:22:55 INFO ===< ClangPass::remove-try-catch >===
08:22:55 INFO ===< ClangPass::class-to-struct >===
08:23:28 INFO ===< ClangPass::member-to-global >===
08:23:42 INFO ===< LinesPass::0 >===
08:25:37 INFO ===< LinesPass::1 >===
08:25:46 INFO ===< LinesPass::2 >===
08:25:46 INFO ===< LinesPass::3 >===
08:25:46 INFO ===< LinesPass::4 >===
08:25:46 INFO ===< LinesPass::6 >===
08:25:46 INFO ===< LinesPass::8 >===
08:25:46 INFO ===< LinesPass::10 >===
08:25:46 INFO ===< CommentsPass >===
08:25:46 INFO ===< SpecialPass::b >===
08:25:46 INFO ===< SpecialPass::c >===
08:25:46 INFO ===< IndentPass::regular >===
08:26:05 INFO ===< BalancedPass::parens-to-zero >===
08:43:19 INFO (11.8%, 6000 bytes, 225 lines)
10:06:57 INFO (12.3%, 5963 bytes, 224 lines)
10:30:40 INFO ===< ClexHintsPass::rm-toks-1-to-16 >===
11:14:25 INFO (12.4%, 5958 bytes, 224 lines)
11:14:47 INFO (12.6%, 5944 bytes, 223 lines)
11:36:34 INFO ===< ClexPass::rm-tok-pattern-4 >===
11:36:35 INFO ===< ClangPass::local-to-global >===
11:36:47 INFO ===< PeepPass::c >===
11:37:10 INFO (12.6%, 5943 bytes, 223 lines)
11:37:29 INFO (12.6%, 5942 bytes, 223 lines)
11:37:53 INFO (12.7%, 5941 bytes, 223 lines)
11:38:22 INFO (12.7%, 5940 bytes, 223 lines)
11:38:40 INFO (12.7%, 5939 bytes, 223 lines)
11:39:02 INFO (12.7%, 5938 bytes, 223 lines)
11:39:25 INFO (12.7%, 5937 bytes, 223 lines)
11:39:40 INFO (12.7%, 5936 bytes, 223 lines)
11:39:55 INFO (12.7%, 5935 bytes, 223 lines)
11:40:16 INFO (12.8%, 5934 bytes, 223 lines)
11:40:36 INFO (12.8%, 5933 bytes, 223 lines)
11:40:57 INFO (12.8%, 5932 bytes, 223 lines)
11:41:17 INFO (12.8%, 5931 bytes, 223 lines)
11:41:32 INFO (12.8%, 5930 bytes, 223 lines)
11:41:52 INFO (12.8%, 5929 bytes, 223 lines)
11:42:11 INFO (12.8%, 5928 bytes, 223 lines)
11:42:32 INFO (12.9%, 5927 bytes, 223 lines)
11:42:45 INFO (12.9%, 5926 bytes, 223 lines)
11:43:03 INFO (12.9%, 5925 bytes, 223 lines)
11:43:24 INFO (12.9%, 5924 bytes, 223 lines)
11:43:42 INFO (12.9%, 5923 bytes, 223 lines)
11:43:56 INFO ===< IntsPass::a >===
11:44:05 INFO (13.0%, 5921 bytes, 223 lines)
11:44:06 INFO ===< IntsPass::b >===
11:44:06 INFO ===< IntsPass::c >===
11:44:20 INFO (13.0%, 5920 bytes, 223 lines)
11:44:30 INFO (13.0%, 5921 bytes, 223 lines)
11:44:30 INFO ===< IntsPass::d >===
11:44:30 INFO ===< IntsPass::c >===
11:44:48 INFO ===< BalancedPass::parens-only >===
11:44:49 INFO ===< ClexPass::delete-string >===
11:44:50 INFO Termination check: size was 6009; now 5921
11:44:50 ERROR Skipping pass UnIfDefPass
11:44:50 INFO ===< ClexPass::define >===
11:44:50 INFO ===< IncludeIncludesPass >===
11:44:50 INFO ===< TernaryPass::b >===
11:44:50 INFO ===< TernaryPass::c >===
11:45:13 INFO ===< BalancedPass::curly >===
11:45:34 INFO ===< BalancedPass::curly2 >===
11:45:34 INFO ===< BalancedPass::curly3 >===
11:46:00 INFO ===< BalancedPass::parens >===
11:46:03 INFO ===< BalancedPass::angles >===
11:46:26 INFO ===< BalancedPass::square >===
11:47:04 INFO ===< BalancedPass::curly-inside >===
11:47:21 INFO ===< BalancedPass::parens-inside >===
11:47:24 INFO ===< BalancedPass::angles-inside >===
11:47:48 INFO ===< BalancedPass::square-inside >===
11:48:05 INFO ===< BalancedPass::curly-only >===
11:48:07 INFO ===< BalancedPass::angles-only >===
11:48:31 INFO ===< BalancedPass::square-only >===
11:48:31 INFO ===< ClangPass::remove-namespace >===
11:48:31 INFO ===< ClangPass::aggregate-to-scalar >===
11:48:31 INFO ===< ClangPass::param-to-global >===
11:48:31 INFO ===< ClangPass::param-to-local >===
11:48:32 INFO ===< ClangPass::remove-nested-function >===
11:48:33 INFO ===< ClangPass::union-to-struct >===
11:48:33 INFO ===< ClangPass::return-void >===
11:48:33 INFO ===< ClangPass::simple-inliner >===
11:48:39 INFO ===< ClangPass::reduce-pointer-level >===
11:48:39 INFO ===< ClangPass::lift-assignment-expr >===
11:48:39 INFO ===< ClangPass::copy-propagation >===
11:48:40 INFO ===< ClangHintsPass::callexpr-to-value >===
11:48:40 INFO ===< ClangPass::replace-callexpr >===
11:48:40 INFO ===< ClangPass::simplify-callexpr >===
11:48:40 INFO ===< ClangHintsPass::remove-unused-function >===
11:48:40 INFO using C++ standard: c++2b with 0 transformation opportunities
11:48:41 INFO ===< ClangBinarySearchPass::remove-unused-enum-member >===
11:48:41 INFO ===< ClangPass::remove-enum-member-value >===
11:48:40 INFO using C++ standard: c++2b with 18 transformation opportunities
11:48:49 INFO ===< ClangBinarySearchPass::remove-unused-var >===
11:48:49 INFO ===< ClangPass::simplify-if >===
11:48:49 INFO ===< ClangPass::reduce-array-dim >===
11:48:49 INFO ===< ClangPass::reduce-array-size >===
11:48:49 INFO ===< ClangPass::move-definition-to-declaration >===
11:48:50 INFO ===< ClangPass::simplify-comma-expr >===
11:48:50 INFO ===< ClangPass::simplify-dependent-typedef >===
11:48:50 INFO ===< ClangPass::replace-simple-typedef >===
11:48:50 INFO ===< ClangHintsPass::replace-dependent-typedef >===
11:48:50 INFO ===< ClangPass::replace-one-level-typedef-type >===
11:49:11 INFO ===< ClangPass::remove-unused-field >===
11:49:11 INFO ===< ClangPass::instantiate-template-type-param-to-int >===
11:49:11 INFO ===< ClangPass::instantiate-template-param >===
11:49:11 INFO ===< ClangPass::template-arg-to-int >===
11:49:11 INFO ===< ClangPass::template-non-type-arg-to-int >===
11:49:11 INFO ===< ClangPass::reduce-class-template-param >===
11:49:11 INFO ===< ClangPass::remove-trivial-base-template >===
11:49:11 INFO ===< ClangPass::class-template-to-class >===
11:49:11 INFO ===< ClangPass::merge-base-class >===
11:49:11 INFO ===< ClangPass::remove-base-class >===
11:49:11 INFO ===< ClangPass::replace-derived-class >===
11:49:12 INFO ===< ClangPass::remove-unresolved-base >===
11:49:12 INFO ===< ClangPass::remove-ctor-initializer >===
11:49:12 INFO ===< ClangPass::replace-class-with-base-template-spec >===
11:49:12 INFO ===< ClangPass::simplify-nested-class >===
11:49:13 INFO ===< ClangPass::remove-unused-outer-class >===
11:49:14 INFO ===< ClangPass::empty-struct-to-int >===
11:49:14 INFO ===< ClangPass::remove-pointer >===
11:49:14 INFO ===< ClangPass::reduce-pointer-pairs >===
11:49:14 INFO ===< ClangPass::remove-array >===
11:49:15 INFO ===< ClangPass::remove-addr-taken >===
11:49:15 INFO ===< ClangPass::simplify-struct >===
11:49:15 INFO ===< ClangPass::replace-undefined-function >===
11:49:15 INFO ===< ClangPass::replace-array-index-var >===
11:49:15 INFO ===< ClangPass::replace-array-access-with-index >===
11:49:15 INFO ===< ClangPass::replace-dependent-name >===
11:49:15 INFO ===< ClangPass::simplify-recursive-template-instantiation >===
11:49:15 INFO ===< ClangPass::vector-to-array >===
11:49:15 INFO ===< ClangPass::remove-try-catch >===
11:49:15 INFO ===< ClangPass::class-to-struct >===
11:49:36 INFO ===< ClangPass::member-to-global >===
11:49:47 INFO ===< LinesPass::0 >===
11:51:27 INFO (13.1%, 5909 bytes, 222 lines)
11:51:54 INFO ===< LinesPass::1 >===
11:52:03 INFO ===< LinesPass::2 >===
11:52:03 INFO ===< LinesPass::3 >===
11:52:03 INFO ===< LinesPass::4 >===
11:52:03 INFO ===< LinesPass::6 >===
11:52:03 INFO ===< LinesPass::8 >===
11:52:03 INFO ===< LinesPass::10 >===
11:52:04 INFO ===< CommentsPass >===
11:52:04 INFO ===< SpecialPass::b >===
11:52:04 INFO ===< SpecialPass::c >===
11:52:04 INFO ===< IndentPass::regular >===
11:53:17 INFO ===< BalancedPass::parens-to-zero >===
12:02:42 INFO (13.2%, 5903 bytes, 222 lines)
13:51:20 INFO ===< ClexHintsPass::rm-toks-1-to-16 >===
14:52:02 INFO ===< ClexPass::rm-tok-pattern-4 >===
14:52:02 INFO ===< ClangPass::local-to-global >===
14:52:27 INFO ===< PeepPass::c >===
14:52:39 INFO ===< IntsPass::a >===
14:52:39 INFO ===< IntsPass::b >===
14:52:39 INFO ===< IntsPass::c >===
14:52:39 INFO ===< IntsPass::d >===
14:52:39 INFO cache hit for HIPProg.hip
14:52:39 INFO ===< IntsPass::c >===
14:53:01 INFO ===< BalancedPass::parens-only >===
14:53:02 INFO ===< ClexPass::delete-string >===
14:53:03 INFO Termination check: size was 5921; now 5903
14:53:03 ERROR Skipping pass UnIfDefPass
14:53:03 INFO ===< ClexPass::define >===
14:53:03 INFO ===< IncludeIncludesPass >===
14:53:03 INFO ===< TernaryPass::b >===
14:53:03 INFO ===< TernaryPass::c >===
14:53:29 INFO ===< BalancedPass::curly >===
14:53:54 INFO ===< BalancedPass::curly2 >===
14:53:54 INFO ===< BalancedPass::curly3 >===
14:54:25 INFO ===< BalancedPass::parens >===
14:54:30 INFO ===< BalancedPass::angles >===
14:54:55 INFO ===< BalancedPass::square >===
14:55:35 INFO ===< BalancedPass::curly-inside >===
14:55:54 INFO ===< BalancedPass::parens-inside >===
14:55:57 INFO ===< BalancedPass::angles-inside >===
14:56:22 INFO ===< BalancedPass::square-inside >===
14:56:42 INFO ===< BalancedPass::curly-only >===
14:56:47 INFO ===< BalancedPass::angles-only >===
14:57:12 INFO ===< BalancedPass::square-only >===
14:57:13 INFO ===< ClangPass::remove-namespace >===
14:57:13 INFO ===< ClangPass::aggregate-to-scalar >===
14:57:13 INFO ===< ClangPass::param-to-global >===
14:57:13 INFO ===< ClangPass::param-to-local >===
14:57:13 INFO ===< ClangPass::remove-nested-function >===
14:57:16 INFO ===< ClangPass::union-to-struct >===
14:57:16 INFO ===< ClangPass::return-void >===
14:57:16 INFO ===< ClangPass::simple-inliner >===
14:57:27 INFO ===< ClangPass::reduce-pointer-level >===
14:57:27 INFO ===< ClangPass::lift-assignment-expr >===
14:57:27 INFO ===< ClangPass::copy-propagation >===
14:57:28 INFO ===< ClangHintsPass::callexpr-to-value >===
14:57:28 INFO ===< ClangPass::replace-callexpr >===
14:57:28 INFO ===< ClangPass::simplify-callexpr >===
14:57:28 INFO ===< ClangHintsPass::remove-unused-function >===
14:57:28 INFO using C++ standard: c++2b with 0 transformation opportunities
14:57:28 INFO ===< ClangBinarySearchPass::remove-unused-enum-member >===
14:57:28 INFO ===< ClangPass::remove-enum-member-value >===
14:57:28 INFO using C++ standard: c++2b with 18 transformation opportunities
14:57:35 INFO ===< ClangBinarySearchPass::remove-unused-var >===
14:57:35 INFO ===< ClangPass::simplify-if >===
14:57:35 INFO ===< ClangPass::reduce-array-dim >===
14:57:35 INFO ===< ClangPass::reduce-array-size >===
14:57:35 INFO ===< ClangPass::move-definition-to-declaration >===
14:57:35 INFO ===< ClangPass::simplify-comma-expr >===
14:57:36 INFO ===< ClangPass::simplify-dependent-typedef >===
14:57:36 INFO ===< ClangPass::replace-simple-typedef >===
14:57:36 INFO ===< ClangHintsPass::replace-dependent-typedef >===
14:57:36 INFO ===< ClangPass::replace-one-level-typedef-type >===
14:58:01 INFO ===< ClangPass::remove-unused-field >===
14:58:01 INFO ===< ClangPass::instantiate-template-type-param-to-int >===
14:58:02 INFO ===< ClangPass::instantiate-template-param >===
14:58:02 INFO ===< ClangPass::template-arg-to-int >===
14:58:02 INFO ===< ClangPass::template-non-type-arg-to-int >===
14:58:02 INFO ===< ClangPass::reduce-class-template-param >===
14:58:02 INFO ===< ClangPass::remove-trivial-base-template >===
14:58:02 INFO ===< ClangPass::class-template-to-class >===
14:58:02 INFO ===< ClangPass::merge-base-class >===
14:58:02 INFO ===< ClangPass::remove-base-class >===
14:58:03 INFO ===< ClangPass::replace-derived-class >===
14:58:03 INFO ===< ClangPass::remove-unresolved-base >===
14:58:03 INFO ===< ClangPass::remove-ctor-initializer >===
14:58:03 INFO ===< ClangPass::replace-class-with-base-template-spec >===
14:58:03 INFO ===< ClangPass::simplify-nested-class >===
14:58:06 INFO ===< ClangPass::remove-unused-outer-class >===
14:58:07 INFO ===< ClangPass::empty-struct-to-int >===
14:58:07 INFO ===< ClangPass::remove-pointer >===
14:58:07 INFO ===< ClangPass::reduce-pointer-pairs >===
14:58:07 INFO ===< ClangPass::remove-array >===
14:58:07 INFO ===< ClangPass::remove-addr-taken >===
14:58:07 INFO ===< ClangPass::simplify-struct >===
14:58:07 INFO ===< ClangPass::replace-undefined-function >===
14:58:08 INFO ===< ClangPass::replace-array-index-var >===
14:58:08 INFO ===< ClangPass::replace-array-access-with-index >===
14:58:08 INFO ===< ClangPass::replace-dependent-name >===
14:58:08 INFO ===< ClangPass::simplify-recursive-template-instantiation >===
14:58:08 INFO ===< ClangPass::vector-to-array >===
14:58:08 INFO ===< ClangPass::remove-try-catch >===
14:58:08 INFO ===< ClangPass::class-to-struct >===
14:58:33 INFO ===< ClangPass::member-to-global >===
14:58:45 INFO ===< LinesPass::0 >===
15:00:38 INFO (13.3%, 5894 bytes, 221 lines)
15:01:04 INFO ===< LinesPass::1 >===
15:01:13 INFO ===< LinesPass::2 >===
15:01:13 INFO ===< LinesPass::3 >===
15:01:13 INFO ===< LinesPass::4 >===
15:01:13 INFO ===< LinesPass::6 >===
15:01:13 INFO ===< LinesPass::8 >===
15:01:13 INFO ===< LinesPass::10 >===
15:01:13 INFO ===< CommentsPass >===
15:01:13 INFO ===< SpecialPass::b >===
15:01:13 INFO ===< SpecialPass::c >===
15:01:13 INFO ===< IndentPass::regular >===
15:01:32 INFO ===< BalancedPass::parens-to-zero >===
16:48:53 INFO ===< ClexHintsPass::rm-toks-1-to-16 >===
17:45:03 INFO ===< ClexPass::rm-tok-pattern-4 >===
17:45:03 INFO ===< ClangPass::local-to-global >===
17:45:23 INFO ===< PeepPass::c >===
17:45:39 INFO (13.4%, 5893 bytes, 221 lines)
17:46:01 INFO (13.4%, 5892 bytes, 221 lines)
17:46:16 INFO (13.4%, 5891 bytes, 221 lines)
17:46:23 INFO ===< IntsPass::a >===
17:46:23 INFO ===< IntsPass::b >===
17:46:23 INFO ===< IntsPass::c >===
17:46:23 INFO ===< IntsPass::d >===
17:46:23 INFO cache hit for HIPProg.hip
17:46:23 INFO ===< IntsPass::c >===
17:46:43 INFO ===< BalancedPass::parens-only >===
17:46:44 INFO ===< ClexPass::delete-string >===
17:46:45 INFO Termination check: size was 5903; now 5891
17:46:45 ERROR Skipping pass UnIfDefPass
17:46:45 INFO ===< ClexPass::define >===
17:46:45 INFO ===< IncludeIncludesPass >===
17:46:45 INFO ===< TernaryPass::b >===
17:46:45 INFO ===< TernaryPass::c >===
17:47:07 INFO ===< BalancedPass::curly >===
17:47:32 INFO ===< BalancedPass::curly2 >===
17:47:32 INFO ===< BalancedPass::curly3 >===
17:47:59 INFO ===< BalancedPass::parens >===
17:48:01 INFO ===< BalancedPass::angles >===
17:48:24 INFO ===< BalancedPass::square >===
17:49:09 INFO ===< BalancedPass::curly-inside >===
17:49:28 INFO ===< BalancedPass::parens-inside >===
17:49:30 INFO ===< BalancedPass::angles-inside >===
17:49:53 INFO ===< BalancedPass::square-inside >===
17:50:05 INFO ===< BalancedPass::curly-only >===
17:50:11 INFO ===< BalancedPass::angles-only >===
17:50:31 INFO ===< BalancedPass::square-only >===
17:50:32 INFO ===< ClangPass::remove-namespace >===
17:50:32 INFO ===< ClangPass::aggregate-to-scalar >===
17:50:32 INFO ===< ClangPass::param-to-global >===
17:50:32 INFO ===< ClangPass::param-to-local >===
17:50:32 INFO ===< ClangPass::remove-nested-function >===
17:50:34 INFO ===< ClangPass::union-to-struct >===
17:50:35 INFO ===< ClangPass::return-void >===
17:50:35 INFO ===< ClangPass::simple-inliner >===
17:50:44 INFO ===< ClangPass::reduce-pointer-level >===
17:50:44 INFO ===< ClangPass::lift-assignment-expr >===
17:50:44 INFO ===< ClangPass::copy-propagation >===
17:50:45 INFO ===< ClangHintsPass::callexpr-to-value >===
17:50:45 INFO ===< ClangPass::replace-callexpr >===
17:50:45 INFO ===< ClangPass::simplify-callexpr >===
17:50:45 INFO ===< ClangHintsPass::remove-unused-function >===
17:50:45 INFO using C++ standard: c++2b with 0 transformation opportunities
17:50:45 INFO ===< ClangBinarySearchPass::remove-unused-enum-member >===
17:50:45 INFO ===< ClangPass::remove-enum-member-value >===
17:50:45 INFO using C++ standard: c++2b with 18 transformation opportunities
17:50:54 INFO ===< ClangBinarySearchPass::remove-unused-var >===
17:50:54 INFO ===< ClangPass::simplify-if >===
17:50:54 INFO ===< ClangPass::reduce-array-dim >===
17:50:54 INFO ===< ClangPass::reduce-array-size >===
17:50:54 INFO ===< ClangPass::move-definition-to-declaration >===
17:50:54 INFO ===< ClangPass::simplify-comma-expr >===
17:50:54 INFO ===< ClangPass::simplify-dependent-typedef >===
17:50:54 INFO ===< ClangPass::replace-simple-typedef >===
17:50:54 INFO ===< ClangHintsPass::replace-dependent-typedef >===
17:50:54 INFO ===< ClangPass::replace-one-level-typedef-type >===
17:51:18 INFO ===< ClangPass::remove-unused-field >===
17:51:18 INFO ===< ClangPass::instantiate-template-type-param-to-int >===
17:51:19 INFO ===< ClangPass::instantiate-template-param >===
17:51:19 INFO ===< ClangPass::template-arg-to-int >===
17:51:19 INFO ===< ClangPass::template-non-type-arg-to-int >===
17:51:19 INFO ===< ClangPass::reduce-class-template-param >===
17:51:19 INFO ===< ClangPass::remove-trivial-base-template >===
17:51:19 INFO ===< ClangPass::class-template-to-class >===
17:51:19 INFO ===< ClangPass::merge-base-class >===
17:51:20 INFO ===< ClangPass::remove-base-class >===
17:51:20 INFO ===< ClangPass::replace-derived-class >===
17:51:20 INFO ===< ClangPass::remove-unresolved-base >===
17:51:20 INFO ===< ClangPass::remove-ctor-initializer >===
17:51:20 INFO ===< ClangPass::replace-class-with-base-template-spec >===
17:51:20 INFO ===< ClangPass::simplify-nested-class >===
17:51:22 INFO ===< ClangPass::remove-unused-outer-class >===
17:51:24 INFO ===< ClangPass::empty-struct-to-int >===
17:51:24 INFO ===< ClangPass::remove-pointer >===
17:51:24 INFO ===< ClangPass::reduce-pointer-pairs >===
17:51:24 INFO ===< ClangPass::remove-array >===
17:51:24 INFO ===< ClangPass::remove-addr-taken >===
17:51:24 INFO ===< ClangPass::simplify-struct >===
17:51:25 INFO ===< ClangPass::replace-undefined-function >===
17:51:25 INFO ===< ClangPass::replace-array-index-var >===
17:51:25 INFO ===< ClangPass::replace-array-access-with-index >===
17:51:25 INFO ===< ClangPass::replace-dependent-name >===
17:51:25 INFO ===< ClangPass::simplify-recursive-template-instantiation >===
17:51:25 INFO ===< ClangPass::vector-to-array >===
17:51:25 INFO ===< ClangPass::remove-try-catch >===
17:51:25 INFO ===< ClangPass::class-to-struct >===
17:51:53 INFO ===< ClangPass::member-to-global >===
17:52:07 INFO ===< LinesPass::0 >===
17:53:44 INFO ===< LinesPass::1 >===
17:53:50 INFO ===< LinesPass::2 >===
17:53:50 INFO ===< LinesPass::3 >===
17:53:50 INFO ===< LinesPass::4 >===
17:53:50 INFO ===< LinesPass::6 >===
17:53:50 INFO ===< LinesPass::8 >===
17:53:50 INFO ===< LinesPass::10 >===
17:53:51 INFO ===< CommentsPass >===
17:53:51 INFO ===< SpecialPass::b >===
17:53:51 INFO ===< SpecialPass::c >===
17:53:51 INFO ===< IndentPass::regular >===
17:54:10 INFO ===< BalancedPass::parens-to-zero >===
20:01:27 INFO ===< ClexHintsPass::rm-toks-1-to-16 >===
21:00:23 INFO ===< ClexPass::rm-tok-pattern-4 >===
21:00:24 INFO ===< ClangPass::local-to-global >===
21:00:45 INFO ===< PeepPass::c >===
21:00:56 INFO ===< IntsPass::a >===
21:00:56 INFO cache hit for HIPProg.hip
21:00:56 INFO ===< IntsPass::b >===
21:00:56 INFO cache hit for HIPProg.hip
21:00:56 INFO ===< IntsPass::c >===
21:00:56 INFO cache hit for HIPProg.hip
21:00:56 INFO ===< IntsPass::d >===
21:00:56 INFO cache hit for HIPProg.hip
21:00:56 INFO ===< IntsPass::c >===
21:00:56 INFO cache hit for HIPProg.hip
21:00:56 INFO ===< BalancedPass::parens-only >===
21:00:56 INFO cache hit for HIPProg.hip
21:00:56 INFO ===< ClexPass::delete-string >===
21:00:56 INFO cache hit for HIPProg.hip
21:00:56 INFO Termination check: size was 5891; now 5891
21:00:56 INFO CLEANUP PASSES
21:00:56 INFO ===< ClexPass::define >===
21:01:01 INFO ===< ClangPass::combine-global-var >===
21:01:01 INFO ===< ClangPass::combine-local-var >===
21:01:01 INFO ===< ClangPass::simplify-struct-union-decl >===
21:01:01 INFO ===< ClangPass::move-global-var >===
21:01:01 INFO ===< ClangPass::unify-function-decl >===
21:01:01 INFO cache hit for HIPProg.hip
21:01:01 INFO ===< LinesPass::0 >===
21:01:01 INFO cache hit for HIPProg.hip
21:01:01 INFO ===< ClexPass::delete-string >===
21:01:21 INFO (15.1%, 5775 bytes, 221 lines)
21:01:23 INFO ===< BlankPass >===
21:01:25 INFO ===< BlankPass >===
21:01:25 INFO ===================== done ====================
===< PASS statistics >===
  pass name                                                     bytes reduced time (s) time (%)   worked   failed  total executed
  ClangPass::remove-unused-field                                          725   402.45     0.53       23      378             401
  BlankPass                                                               116    26.49     0.04        1       50              51
  ClexHintsPass::rm-toks-1-to-16                                           50 35221.11    46.54        4   112033          112037
  IntsPass::a                                                              44   763.64     1.01       44      393             437
  IntsPass::c                                                              31   297.30     0.39       23      160             183
  ClexPass::rm-tok-pattern-4                                               26 18171.57    24.01        3    56167           56170
  LinesPass::1                                                             21  1067.11     1.41        2     2184            2186
  ClangPass::empty-struct-to-int                                            9    10.32     0.01        1       25              26
  IntsPass::d                                                               8   127.70     0.17       10       69              79
  BalancedPass::square                                                      6   209.15     0.28        1      637             638
  ClexHintsPass::rm-toks-1-to-4                                             4  4041.18     5.34        1    12811           12812
  IntsPass::b                                                               2    30.67     0.04        1       25              26
  InlineIncludesPass                                                        0     0.00     0.00        0        0               0
  RmUnusedFilesPass                                                         0     0.00     0.00        0        0               0
  IndentPass::final                                                         0     0.02     0.00        0        1               1
  SpecialPass::b                                                            0     0.02     0.00        0        0               0
  SpecialPass::c                                                            0     0.02     0.00        0        0               0
  ClangModuleMapPass                                                        0     0.02     0.00        0        0               0
  MakefilePass                                                              0     0.02     0.00        0        0               0
  LineMarkersPass                                                           0     0.03     0.00        0        0               0
  TreeSitterPass::erase-namespace                                           0     0.03     0.00        0        0               0
  LinesPass::4                                                              0     0.03     0.00        0        0               0
  LinesPass::8                                                              0     0.04     0.00        0        0               0
  LinesPass::3                                                              0     0.04     0.00        0        0               0
  LinesPass::6                                                              0     0.04     0.00        0        0               0
  LinesPass::10                                                             0     0.04     0.00        0        0               0
  ClangIncludeGraphPass                                                     0     0.04     0.00        0        0               0
  ClangPass::simplify-struct-union-decl                                     0     0.05     0.00        0        4               4
  BalancedPass::curly3                                                      0     0.05     0.00        0        0               0
  ClangPass::unify-function-decl                                            0     0.05     0.00        0        4               4
  ClangPass::move-global-var                                                0     0.06     0.00        0        4               4
  IncludeIncludesPass                                                       0     0.08     0.00        0       20              20
  TernaryPass::c                                                            0     0.10     0.00        0        0               0
  ClangPass::combine-local-var                                              0     0.10     0.00        0        4               4
  IndentPass::regular                                                       0     0.11     0.00        0        5               5
  TernaryPass::b                                                            0     0.14     0.00        0        0               0
  ClangPass::class-to-struct                                                0     0.26     0.00        0       20              20
  ClangHintsPass::remove-unused-function (30 T)                             0     0.27     0.00        0        1               1
  ClangHintsPass::replace-dependent-typedef                                 0     0.27     0.00        0        0               0
  ClangPass::lift-assignment-expr                                           0     0.28     0.00        0       20              20
  ClangPass::simplify-dependent-typedef                                     0     0.28     0.00        0       20              20
  ClangPass::simplify-if                                                    0     0.29     0.00        0       20              20
  ClangPass::reduce-array-size                                              0     0.29     0.00        0       20              20
  ClangHintsPass::replace-function-def-with-decl (30 T)                     0     0.29     0.00        0        3               3
  ClangPass::reduce-array-dim                                               0     0.29     0.00        0       20              20
  ClangPass::move-definition-to-declaration                                 0     0.29     0.00        0       20              20
  ClangPass::copy-propagation                                               0     0.29     0.00        0       20              20
  ClangPass::remove-enum-member-value                                       0     0.31     0.00        0       24              24
  ClangPass::replace-simple-typedef                                         0     0.32     0.00        0       20              20
  ClangPass::remove-addr-taken                                              0     0.32     0.00        0       20              20
  ClangPass::replace-dependent-name                                         0     0.33     0.00        0       20              20
  ClangPass::remove-try-catch                                               0     0.33     0.00        0       20              20
  ClangPass::simplify-comma-expr                                            0     0.33     0.00        0       20              20
  ClangPass::reduce-pointer-pairs                                           0     0.33     0.00        0       20              20
  ClangPass::simplify-recursive-template-instantiation                      0     0.34     0.00        0       20              20
  ClangPass::replace-one-level-typedef-type                                 0     0.35     0.00        0       20              20
  ClangPass::replace-array-index-var                                        0     0.35     0.00        0       20              20
  ClangPass::remove-array                                                   0     0.35     0.00        0       20              20
  ClangPass::replace-array-access-with-index                                0     0.35     0.00        0       20              20
  ClangPass::replace-undefined-function                                     0     0.36     0.00        0       20              20
  ClangPass::simplify-struct                                                0     0.36     0.00        0       20              20
  ClangPass::vector-to-array                                                0     0.36     0.00        0       20              20
  ClangPass::simple-inliner                                                 0     0.36     0.00        0       20              20
  ClangPass::replace-callexpr                                               0     0.36     0.00        0       24              24
  ClangPass::remove-namespace                                               0     0.38     0.00        0       20              20
  ClangPass::simplify-nested-class                                          0     0.38     0.00        0       20              20
  ClangPass::remove-ctor-initializer                                        0     0.39     0.00        0       20              20
  ClangPass::remove-unresolved-base                                         0     0.40     0.00        0       20              20
  ClangPass::remove-trivial-base-template                                   0     0.40     0.00        0       20              20
  ClangPass::template-non-type-arg-to-int                                   0     0.40     0.00        0       20              20
  ClangPass::replace-class-with-base-template-spec                          0     0.41     0.00        0       20              20
  ClangPass::instantiate-template-param                                     0     0.42     0.00        0       20              20
  ClangPass::class-template-to-class                                        0     0.42     0.00        0       20              20
  ClangPass::instantiate-template-type-param-to-int                         0     0.42     0.00        0       20              20
  ClangPass::replace-derived-class                                          0     0.42     0.00        0       20              20
  ClangPass::template-arg-to-int                                            0     0.42     0.00        0       20              20
  ClangPass::remove-pointer                                                 0     0.42     0.00        0       20              20
  ClangPass::remove-base-class                                              0     0.44     0.00        0       20              20
  ClangPass::merge-base-class                                               0     0.46     0.00        0       20              20
  ClangPass::reduce-class-template-param                                    0     0.48     0.00        0       20              20
  ClangPass::remove-nested-function                                         0     0.60     0.00        0       20              20
  SpecialPass::a                                                            0     0.60     0.00        0        2               2
  ClangPass::param-to-global                                                0     0.63     0.00        0       20              20
  ClangHintsPass::replace-function-def-with-decl                            0     0.65     0.00        0       12              12
  ClangPass::return-void                                                    0     0.74     0.00        0       20              20
  IncludesPass                                                              0     0.86     0.00        0        4               4
  ClangPass::param-to-local                                                 0     0.94     0.00        0       20              20
  ClexPass::define                                                          0     1.18     0.00        0       16              16
  ClangBinarySearchPass::remove-unused-enum-member                          0     1.63     0.00        0        0               0
  ClangHintsPass::remove-unused-function                                    0     1.80     0.00        0        5               5
  ClangPass::local-to-global                                                0     2.24     0.00        0       40              40
  ClangPass::simplify-callexpr                                              0     2.47     0.00        0       74              74
  ClexPass::delete-string                                                   0     2.52     0.00        0       16              16
  ClangPass::remove-unused-outer-class                                      0     2.97     0.00        0       20              20
  TreeSitterPass::replace-function-def-with-decl                            0     3.46     0.00        0       21              21
  ClangHintsPass::callexpr-to-value                                         0     3.59     0.00        0       86              86
  CommentsPass                                                              0     3.66     0.00        0      189             189
  ClangPass::combine-global-var                                             0     4.35     0.01        0       14              14
  TreeSitterPass::remove-function                                           0     4.86     0.01        0       27              27
  BalancedPass::angles-inside                                               0    15.67     0.02        0       72              72
  BalancedPass::angles                                                      0    16.38     0.02        0       72              72
  BalancedPass::angles-only                                                 0    20.35     0.03        0       72              72
  ClangPass::reduce-pointer-level                                           0    46.37     0.06        0      129             129
  ClangBinarySearchPass::remove-unused-var                                  0    49.25     0.07        0      210             210
  PeepPass::c                                                               0    75.16     0.10        0    29700           29700
  LinesPass::2                                                              0    94.75     0.13        0      286             286
  LinesPass::0                                                              0   109.84     0.15        0      367             367
  ClangPass::member-to-global                                               0   127.40     0.17        0      276             276
  BalancedPass::parens-only                                                 0   138.26     0.18        0      662             662
  BalancedPass::curly-only                                                  0   159.32     0.21        0      492             492
  BalancedPass::parens-inside                                               0   162.26     0.21        0      703             703
  BalancedPass::square-inside                                               0   198.01     0.26        0      604             604
  BalancedPass::curly2                                                      0   198.33     0.26        0      492             492
  BalancedPass::square-only                                                 0   198.36     0.26        0      612             612
  BalancedPass::curly                                                       0   198.81     0.26        0      492             492
  BalancedPass::parens                                                      0   202.31     0.27        0      757             757
  BalancedPass::parens-to-zero                                              0   218.20     0.29        0      852             852
  BalancedPass::curly-inside                                                0   294.65     0.39        0      176             176
  LinesPass::None                                                           0   642.92     0.85        0     1632            1632
  ClexHintsPass::rm-toks-13-to-16                                           0  3611.49     4.77        0    12708           12708
  ClexHintsPass::rm-toks-9-to-12                                            0  3648.60     4.82        0    12742           12742
  ClexHintsPass::rm-toks-5-to-8                                             0  3667.69     4.85        0    12773           12773
  ClangPass::union-to-struct                                               -1     4.35     0.01        1       23              24
  ClangPass::aggregate-to-scalar                                          -14    10.51     0.01        1       23              24

Runtime: 75685 seconds
Reduced test-cases:

--- HIPProg.hip ---
#include <hip/hip_runtime.h>
#include "HIPSmith.h"
#include "safe_math_macros.h"
#define transparent_crc(X, Y, Z) transparent_crc_(&crc64_context, X, , )
struct S0 {};
struct S2 {};
union U3 {
   int32_t  f0;
   uint64_t  f2;
};
struct U4 {};
struct S5 {
    int32_t g_5;
    uint32_t g_21[3];
    int32_t g_33;
    int64_t g_35;
    U3 g_61;
    uint8_t g_83;
    S0 g_86[6];
    int g_87;
    int g_93;
    int64_t g_105;
    uint16_t g_108;
    int32_t g_110;
    int *g_175;
    int g_174;
    uint32_t g_188;
    uint16_t g_216;
    U3 g_235[1][10][2];
    U4 g_270;
    int64_t *g_279;
    int64_t **g_278;
    int16_t g_322;
    int32_t g_337[7][2][3];
    int32_t *g_394;
    int32_t *g_395;
    S0 *g_516;
    S0 **g_515;
    uint32_t *g_528;
    uint64_t g_535;
    S0 ***g_901;
    S0 ****g_900;
    U4 *g_934;
    int64_t g_938;
    int16_t *g_1044;
    int8_t g_1076;
    S2 *g_1195;
    S2 **g_1194;
    uint64_t *g_1251;
    uint8_t g_1270;
    uint8_t g_1400;
    U3 *g_1436;
    U3 g_14353;
    uint8_t g_1557;
    uint32_t ***g_1642;
    uint32_t ****g_1641;
    S0 g_1721107;
    uint32_t *g_1784[6][4];
    uint32_t **g_1783;
    int64_t *g_1864;
    uint16_t g_2008;
    U3 *g_2078;
    int32_t g_2081;
    int16_t g_2117;
};
__device__ int32_t * func_2(int32_t * , S5 * );
__device__ uint32_t  func_15(int16_t  , uint32_t  , int32_t * , U4  , S5 * );
__device__ U4 * func_37(U4 * , int32_t * , uint32_t * , S0  , S5 * );
__device__ U4 * func_42(uint64_t  , int64_t * , int32_t * , int64_t * , int64_t * , S5 * );
__device__ int64_t * func_49(S2  , S5 * );
__device__ int32_t * func_58(U3  , uint32_t * , S5 * );
__device__ uint16_t  func_1(S5 * p_2124)
{ 
    int32_t *l_4 = &p_2124->g_5;
    func_2(l_4, p_2124);
    return 0;
}
__device__ int32_t * func_2(int32_t * p_3, S5 * p_2124)
{
    int32_t *l_2083 = nullptr;
    int i;
        uint64_t l_14 = 20539226161781879;
        U4 l_36 ;
        for (i = 0; i < 2; i++, func_15(l_14, 0, p_3, l_36, p_2124));
    return l_2083;
}
__device__ uint32_t  func_15(int16_t  , uint32_t  , int32_t * p_18, U4  , S5 * p_2124)
{ 
    uint8_t l_48 = 1;
    int64_t *l_54[10][1];
    S2 l_400 ;
    uint32_t *l_688 = &p_2124->g_21[0];
    S0 l_689 ;
    int16_t l_2002 = 9;
    int i, j;
    for (i = 0; i < 10; i++)
        for (j = 0; j < 1; j++)
            l_54[i][j] = &p_2124->g_35;
    func_37(func_42(l_48, func_49(l_400, p_2124), 0, l_54[1][0], *p_2124->g_278, p_2124), p_18, l_688, l_689, p_2124);
    return l_2002;
}
__device__ U4 * func_37(U4 * , int32_t * , uint32_t * p_40, S0  , S5 * p_2124)
{
    U3 l_903 {-3};
    U3 *l_1122 = &p_2124->g_235[0][2][1];
    func_58(*l_1122 = l_903, p_40, p_2124)
    ;
    return &p_2124->g_270;
}
__device__ U4 * func_42(uint64_t  , int64_t * , int32_t * , int64_t * , int64_t * , S5 * p_2124)
{
    for (; p_2124->g_108 != 45; p_2124->g_108 = safe_add_func_int8_t_s_s(p_2124->g_108, 3))
        *p_2124->g_394 = 0;
    return 0;
}
__device__ int64_t * func_49(S2  , S5 * )
{
    int64_t *l_409 = nullptr;
    return l_409;
}
__device__ int32_t * func_58(U3  p_59, uint32_t * , S5 * p_2124)
{
    uint16_t *l_107 = &p_2124->g_108;
    int32_t *l_109 = &p_2124->g_110;
    *l_109 ^= safe_mod_func_uint8_t_u_u(*l_107 &= safe_lshift_func_int8_t_s_u(p_2124->g_105, p_59.f0 )  , -2);
    return l_109;
}
__global__ void hipsmith_kernel(uint64_t *results) {
    S5 c_2125;
    S5* p_2124 = &c_2125;
    S2 *p_2124_55;
    S5 c_2126 {
        1, 
        {}, 
        4, 
        304947919479551, 
        {}, 
        9, 
        {}, 
        {}, 
        {}, 
        7, 
        0, 
        2, 
        &p_2124->g_87, 
        {}, 
        1, 
        2, 
        {}, 
        {}, 
        &p_2124->g_105, 
        &p_2124->g_279, 
        2, 
        {}, 
        &p_2124->g_337[6][1][1], 
        &p_2124->g_337[6][1][1], 
        &p_2124->g_86[3], 
        &p_2124->g_516, 
        nullptr, 
        0, 
        nullptr, 
        &p_2124->g_901, 
        &p_2124->g_270, 
        6361882104, 
        nullptr, 
        0, 
        nullptr, 
        &p_2124_55, 
        &p_2124->g_535, 
        2, 
        0, 
        &p_2124->g_235[0][0][1], 
        {}, 
        6, 
        nullptr, 
        &p_2124->g_1642, 
        {}, 
        {}, 
        &p_2124->g_1784[0][3], 
        nullptr, 
        3, 
        nullptr, 
        0, 3};
    c_2125 = c_2126;
    func_1(p_2124);
    uint64_t crc64_context = 0xFFFFFFFFFFFFFFFFUL;
    transparent_crc(p_2124->g_108, , );
    int tid = threadIdx.x + blockIdx.x * blockDim.x;
    results[tid] = (crc64_context ^ 0xFFFFFFFFFFFFFFFFUL);
}
// ------------------------------------------------------------------
// Host Main
// ------------------------------------------------------------------
int main(int argc, const char* argv[]) {
    // Config
    const unsigned int num_threads = 4;
    const unsigned int block_size = 4;
    // Host Alloc
    std::vector<uint64_t> h_results(num_threads);
    const size_t results_bytes = sizeof(uint64_t) * h_results.size();
    // Device Alloc
    uint64_t *d_results;
    HIP_CHECK(hipMalloc((void**)&d_results, results_bytes));
    HIP_CHECK(hipMemset(d_results, 0, results_bytes));
    // Dimensions
    const dim3 block_dim(block_size);
    const dim3 grid_dim((num_threads + block_size - 1) / block_size);
    // Launch
    hipLaunchKernelGGL(hipsmith_kernel, grid_dim, block_dim, 0, 0, d_results);
    HIP_CHECK(hipGetLastError());
    HIP_CHECK(hipDeviceSynchronize());
    // Copy Back
    HIP_CHECK(hipMemcpy(h_results.data(), d_results, results_bytes, hipMemcpyDeviceToHost));
    // Free
    HIP_CHECK(hipFree(d_results));
    // Output
    for (size_t i = 0; i < h_results.size(); ++i) {
        printf("Thread %zu CRC: %lu\n", i, h_results[i]);
    }
    return 0;
}

