
=========================================
[!] FATAL PYTHON EXCEPTION IN REDUCTION:
Traceback (most recent call last):
  File "/homes/eb522/imperial/fyp/hipfuzz/find_and_reduce.py", line 228, in run_reduction_task
    generate_interestingness_test(abs_work_dir, good_flag, bad_flag)
  File "/homes/eb522/imperial/fyp/hipfuzz/find_and_reduce.py", line 183, in generate_interestingness_test
    with open(template_path, "r", encoding="utf-8") as f:
         ^^^^^^^^^^^^^^^^^^^^^^^^^^^^^^^^^^^^^^^^^^
FileNotFoundError: [Errno 2] No such file or directory: '/homes/eb522/imperial/fyp/hipfuzz/reductions/job_239634_1775616325343_mismatch_239634/interestingness/template_interesting.py'
=========================================

=========================================
[!] FATAL PYTHON EXCEPTION IN REDUCTION:
Traceback (most recent call last):
  File "/homes/eb522/imperial/fyp/hipfuzz/find_and_reduce.py", line 237, in run_reduction_task
    generate_interestingness_test(abs_work_dir, good_flag, bad_flag)
  File "/homes/eb522/imperial/fyp/hipfuzz/find_and_reduce.py", line 183, in generate_interestingness_test
    content = template_content.format(
              ^^^^^^^^^^^^^^^^^^^^^^^^
KeyError: '\n    "asan"'
=========================================

=========================================
[!] FATAL PYTHON EXCEPTION IN REDUCTION:
Traceback (most recent call last):
  File "/homes/eb522/imperial/fyp/hipfuzz/find_and_reduce.py", line 237, in run_reduction_task
    generate_interestingness_test(abs_work_dir, good_flag, bad_flag)
  File "/homes/eb522/imperial/fyp/hipfuzz/find_and_reduce.py", line 183, in generate_interestingness_test
    content = template_content.format(
              ^^^^^^^^^^^^^^^^^^^^^^^^
KeyError: 'bin_path'
=========================================
00:00:01 ERROR Prereqs not found for pass UnIfDefPass
00:00:01 ERROR Prereqs not found for pass IfPass
00:00:01 ERROR Prereqs not found for pass UnIfDefPass
00:00:13 INFO ===< 3781953 >===
00:00:13 INFO running 4 interestingness tests in parallel
00:00:14 INFO (0.0%, 134144 bytes, 1600 lines)
00:00:14 INFO INITIAL PASSES (interleaving)
00:00:14 INFO ===<  >===
00:07:04 INFO (82.0%, 24170 bytes, 477 lines, via BalancedPass::curly-inside + ClangHintsPass::remove-unused-function + TreeSitterPass::remove-function + LinesPass::4 + CommentsPass + BalancedPass::curly3 + LinesPass::3 + LinesPass::0 + LinesPass::2 + BlankPass)
00:13:21 INFO (88.7%, 15180 bytes, 406 lines, via BalancedPass::curly3 + LinesPass::3 + LinesPass::1 + LinesPass::2 + LinesPass::0 + BlankPass + CommentsPass)
00:18:36 INFO (90.4%, 12849 bytes, 356 lines, via LinesPass::1 + BalancedPass::curly-inside + BalancedPass::curly2 + LinesPass::0 + LinesPass::2 + LinesPass::3 + ClexHintsPass::rm-toks-1-to-4)
00:26:07 INFO (91.7%, 11104 bytes, 334 lines, via BalancedPass::parens-to-zero + LinesPass::2 + LinesPass::3 + BalancedPass::curly-inside + ClexHintsPass::rm-toks-5-to-8 + BalancedPass::curly-only + BlankPass + BalancedPass::curly + BalancedPass::curly2)
00:33:46 INFO (92.1%, 10639 bytes, 329 lines, via BalancedPass::parens-to-zero + ClexHintsPass::rm-toks-13-to-16 + BalancedPass::square + ClexHintsPass::rm-toks-5-to-8 + BalancedPass::parens-only + BalancedPass::curly-only + BalancedPass::curly + BalancedPass::curly2)
00:39:51 INFO (92.5%, 10027 bytes, 311 lines, via LinesPass::3 + LinesPass::1 + LinesPass::None + BalancedPass::parens-to-zero + BalancedPass::parens-only + BlankPass + BalancedPass::square)
00:47:27 INFO (93.2%, 9142 bytes, 291 lines, via LinesPass::1 + BalancedPass::parens-to-zero + BalancedPass::parens-only + ClexHintsPass::rm-toks-1-to-4 + BalancedPass::square)
00:51:36 INFO (93.7%, 8419 bytes, 275 lines, via LinesPass::1 + LinesPass::None + LinesPass::3 + BalancedPass::parens-to-zero + BalancedPass::square + BalancedPass::parens-only)
00:57:39 INFO (93.8%, 8276 bytes, 275 lines, via BalancedPass::parens-to-zero + BalancedPass::parens-only + ClexHintsPass::rm-toks-1-to-4 + ClexHintsPass::rm-toks-5-to-8 + ClexHintsPass::rm-toks-9-to-12)
01:02:47 INFO (94.6%, 7192 bytes, 244 lines, via LinesPass::1 + LinesPass::0 + ClexHintsPass::rm-toks-1-to-4)
01:07:38 INFO (94.9%, 6852 bytes, 237 lines, via LinesPass::1 + LinesPass::None + ClexHintsPass::rm-toks-1-to-4 + BalancedPass::square)
01:12:53 INFO (95.2%, 6501 bytes, 228 lines, via LinesPass::None + ClexHintsPass::rm-toks-1-to-4)
01:16:47 INFO (95.2%, 6465 bytes, 226 lines, via ClexHintsPass::rm-toks-1-to-4 + BalancedPass::curly-only)
01:20:29 INFO (95.2%, 6385 bytes, 224 lines, via ClexHintsPass::rm-toks-5-to-8 + ClexHintsPass::rm-toks-9-to-12 + ClexHintsPass::rm-toks-1-to-4 + ClexHintsPass::rm-toks-13-to-16)
01:24:25 INFO (95.3%, 6264 bytes, 223 lines, via ClexHintsPass::rm-toks-5-to-8 + ClexHintsPass::rm-toks-1-to-4 + ClexHintsPass::rm-toks-13-to-16 + BalancedPass::parens-to-zero)
01:28:38 INFO (95.4%, 6110 bytes, 222 lines, via ClexHintsPass::rm-toks-1-to-4 + ClexHintsPass::rm-toks-9-to-12 + BalancedPass::square + ClexHintsPass::rm-toks-5-to-8 + BalancedPass::parens-to-zero + BalancedPass::parens-only)
01:33:24 INFO (95.6%, 5962 bytes, 215 lines, via LinesPass::1 + ClexHintsPass::rm-toks-1-to-4 + BlankPass)
01:36:59 INFO (95.6%, 5937 bytes, 214 lines, via ClexHintsPass::rm-toks-1-to-4 + BalancedPass::curly-only)
01:40:32 INFO (95.6%, 5912 bytes, 213 lines, via LinesPass::None)
01:44:02 INFO (95.6%, 5861 bytes, 211 lines, via LinesPass::None)
01:46:29 INFO (95.7%, 5825 bytes, 210 lines, via ClexHintsPass::rm-toks-1-to-4)
01:48:28 INFO (95.7%, 5811 bytes, 210 lines, via BalancedPass::parens-only)
01:49:57 INFO (95.7%, 5768 bytes, 208 lines, via LinesPass::1)
01:55:44 INFO (95.7%, 5747 bytes, 208 lines, via ClexHintsPass::rm-toks-5-to-8)
01:58:46 INFO (95.7%, 5727 bytes, 207 lines, via LinesPass::None)
02:13:20 INFO (95.7%, 5713 bytes, 207 lines, via ClexHintsPass::rm-toks-1-to-4)
02:15:54 INFO (95.7%, 5710 bytes, 207 lines, via ClexHintsPass::rm-toks-1-to-4)
02:19:58 INFO (95.7%, 5706 bytes, 207 lines, via ClexHintsPass::rm-toks-1-to-4)
02:22:33 INFO (95.8%, 5681 bytes, 206 lines, via ClexHintsPass::rm-toks-1-to-4)
02:25:48 INFO (95.8%, 5620 bytes, 205 lines, via ClexHintsPass::rm-toks-1-to-4 + LinesPass::None + BalancedPass::parens-only)
02:27:56 INFO (95.8%, 5601 bytes, 205 lines, via ClexHintsPass::rm-toks-1-to-4)
02:32:50 INFO (95.8%, 5577 bytes, 204 lines, via LinesPass::1)
02:38:12 INFO (95.8%, 5575 bytes, 204 lines, via BalancedPass::parens-only)
02:40:37 INFO (95.8%, 5573 bytes, 204 lines, via BalancedPass::parens-only)
02:54:55 INFO (95.9%, 5554 bytes, 204 lines, via ClexHintsPass::rm-toks-5-to-8)
03:11:18 INFO (95.9%, 5546 bytes, 204 lines, via ClexHintsPass::rm-toks-1-to-4)
03:14:50 INFO (95.9%, 5536 bytes, 204 lines, via ClexHintsPass::rm-toks-1-to-4)
03:18:05 INFO (95.9%, 5462 bytes, 202 lines, via LinesPass::1)
03:45:58 INFO INITIAL PASSES
03:45:58 ERROR Skipping pass UnIfDefPass
03:45:58 ERROR Skipping pass IfPass
03:45:58 INFO ===< BalancedPass::angles, BalancedPass::angles-inside, BalancedPass::angles-only, BalancedPass::curly, BalancedPass::curly-inside, BalancedPass::curly-only, BalancedPass::curly2, BalancedPass::curly3, BalancedPass::parens, BalancedPass::parens-inside, BalancedPass::parens-only, BalancedPass::parens-to-zero, BalancedPass::square, BalancedPass::square-inside, BalancedPass::square-only, BlankPass, ClangHintsPass::callexpr-to-value, ClangHintsPass::remove-unused-function, ClangHintsPass::replace-dependent-typedef, ClangHintsPass::replace-function-def-with-decl, ClangIncludeGraphPass, ClangModuleMapPass, ClexHintsPass::rm-toks-1-to-4, ClexHintsPass::rm-toks-13-to-16, ClexHintsPass::rm-toks-5-to-8, ClexHintsPass::rm-toks-9-to-12, CommentsPass, InlineIncludesPass, LineMarkersPass, LinesPass::0, LinesPass::1, LinesPass::10, LinesPass::2, LinesPass::3, LinesPass::4, LinesPass::6, LinesPass::8, LinesPass::None, MakefilePass, RmUnusedFilesPass, TreeSitterPass::erase-namespace, TreeSitterPass::remove-function, TreeSitterPass::replace-function-def-with-decl >===
03:46:00 INFO ===< IncludesPass >===
03:46:00 INFO ===< CommentsPass >===
03:46:00 INFO ===< LineMarkersPass >===
03:46:04 INFO ===< BlankPass >===
03:46:05 INFO ===< ClangHintsPass::replace-function-def-with-decl (30 T) >===
03:46:05 INFO ===< ClangHintsPass::remove-unused-function (30 T) >===
03:46:05 INFO cache hit for HIPProg.hip
03:46:05 INFO ===< ClangHintsPass::replace-function-def-with-decl (30 T) >===
03:46:05 INFO cache hit for HIPProg.hip
03:46:05 INFO ===< ClangHintsPass::remove-unused-function (30 T) >===
03:46:05 INFO ===< ClangHintsPass::replace-function-def-with-decl >===
03:46:06 INFO ===< ClangHintsPass::remove-unused-function >===
03:46:18 INFO ===< LinesPass::0 >===
03:47:42 INFO ===< LinesPass::1 >===
03:47:46 INFO ===< LinesPass::2 >===
03:47:46 INFO ===< LinesPass::3 >===
03:47:46 INFO ===< LinesPass::4 >===
03:47:46 INFO ===< LinesPass::6 >===
03:47:46 INFO ===< LinesPass::8 >===
03:47:46 INFO ===< LinesPass::10 >===
03:47:46 INFO cache hit for HIPProg.hip
03:47:46 INFO ===< ClangHintsPass::replace-function-def-with-decl >===
03:47:46 INFO cache hit for HIPProg.hip
03:47:46 INFO ===< ClangHintsPass::remove-unused-function >===
03:47:46 INFO cache hit for HIPProg.hip
03:47:46 INFO ===< ClangHintsPass::remove-unused-function >===
03:48:07 INFO ===< BalancedPass::curly >===
03:48:28 INFO ===< BalancedPass::curly2 >===
03:48:28 INFO ===< BalancedPass::curly3 >===
03:48:45 INFO ===< BalancedPass::parens-to-zero >===
03:48:45 INFO ===< ClangHintsPass::callexpr-to-value >===
03:48:45 INFO ===< ClangPass::replace-callexpr >===
03:48:46 INFO ===< ClangPass::simplify-callexpr >===
03:48:45 INFO using C++ standard: c++2b with 0 transformation opportunities
03:48:46 INFO ===< ClangBinarySearchPass::remove-unused-enum-member >===
03:48:46 INFO ===< ClangPass::remove-enum-member-value >===
03:48:45 INFO using C++ standard: c++2b with 10 transformation opportunities
03:48:52 INFO ===< ClangBinarySearchPass::remove-unused-var >===
03:48:54 INFO ===< SpecialPass::a >===
03:48:54 INFO ===< SpecialPass::b >===
03:48:54 INFO INTERLEAVING PASSES
03:48:54 INFO ===< SpecialPass::c >===
04:01:19 INFO (95.9%, 5456 bytes, 202 lines, via ClexHintsPass::rm-toks-1-to-4)
04:03:39 INFO Exiting now ...
00:00:00 ERROR Prereqs not found for pass UnIfDefPass
00:00:00 ERROR Prereqs not found for pass IfPass
00:00:00 ERROR Prereqs not found for pass UnIfDefPass
00:00:08 INFO ===< 1704064 >===
00:00:08 INFO running 4 interestingness tests in parallel
00:00:08 INFO (0.0%, 5456 bytes, 202 lines)
00:00:08 INFO INITIAL PASSES (interleaving)
00:00:08 INFO ===<  >===
00:08:05 INFO (0.1%, 5450 bytes, 202 lines, via ClexHintsPass::rm-toks-1-to-4)
00:10:46 INFO (0.1%, 5449 bytes, 202 lines, via ClexHintsPass::rm-toks-1-to-4)
00:15:36 INFO (0.2%, 5443 bytes, 202 lines, via ClexHintsPass::rm-toks-1-to-4)
00:17:35 INFO (0.5%, 5430 bytes, 202 lines, via ClexHintsPass::rm-toks-1-to-4)
00:20:14 INFO (4.0%, 5236 bytes, 197 lines, via LinesPass::0 + ClexHintsPass::rm-toks-1-to-4 + BalancedPass::parens-only)
00:22:19 INFO (7.1%, 5066 bytes, 191 lines, via LinesPass::None + ClexHintsPass::rm-toks-1-to-4)
00:24:56 INFO (8.1%, 5014 bytes, 190 lines, via BalancedPass::parens-to-zero + LinesPass::1)
00:27:34 INFO (8.7%, 4983 bytes, 189 lines, via LinesPass::None)
00:31:01 INFO (8.7%, 4979 bytes, 189 lines, via BalancedPass::parens-only)
00:51:34 INFO (8.8%, 4974 bytes, 189 lines, via ClexHintsPass::rm-toks-1-to-4)
00:53:12 INFO (8.9%, 4969 bytes, 189 lines, via ClexHintsPass::rm-toks-1-to-4)
01:00:38 INFO (9.0%, 4967 bytes, 189 lines, via BalancedPass::parens-only)
01:14:05 INFO (9.1%, 4960 bytes, 189 lines, via ClexHintsPass::rm-toks-1-to-4)
01:33:04 INFO INITIAL PASSES
01:33:04 ERROR Skipping pass UnIfDefPass
01:33:04 ERROR Skipping pass IfPass
01:33:04 INFO ===< BalancedPass::angles, BalancedPass::angles-inside, BalancedPass::angles-only, BalancedPass::curly, BalancedPass::curly-inside, BalancedPass::curly-only, BalancedPass::curly2, BalancedPass::curly3, BalancedPass::parens, BalancedPass::parens-inside, BalancedPass::parens-only, BalancedPass::parens-to-zero, BalancedPass::square, BalancedPass::square-inside, BalancedPass::square-only, BlankPass, ClangHintsPass::callexpr-to-value, ClangHintsPass::remove-unused-function, ClangHintsPass::replace-dependent-typedef, ClangHintsPass::replace-function-def-with-decl, ClangIncludeGraphPass, ClangModuleMapPass, ClexHintsPass::rm-toks-1-to-4, ClexHintsPass::rm-toks-13-to-16, ClexHintsPass::rm-toks-5-to-8, ClexHintsPass::rm-toks-9-to-12, CommentsPass, InlineIncludesPass, LineMarkersPass, LinesPass::0, LinesPass::1, LinesPass::10, LinesPass::2, LinesPass::3, LinesPass::4, LinesPass::6, LinesPass::8, LinesPass::None, MakefilePass, RmUnusedFilesPass, TreeSitterPass::erase-namespace, TreeSitterPass::remove-function, TreeSitterPass::replace-function-def-with-decl >===
01:33:05 INFO ===< IncludesPass >===
01:33:05 INFO ===< CommentsPass >===
01:33:05 INFO ===< LineMarkersPass >===
01:33:07 INFO ===< BlankPass >===
01:33:07 INFO ===< ClangHintsPass::replace-function-def-with-decl (30 T) >===
01:33:08 INFO ===< ClangHintsPass::remove-unused-function (30 T) >===
01:33:08 INFO cache hit for HIPProg.hip
01:33:08 INFO ===< ClangHintsPass::replace-function-def-with-decl (30 T) >===
01:33:08 INFO cache hit for HIPProg.hip
01:33:08 INFO ===< ClangHintsPass::remove-unused-function (30 T) >===
01:33:08 INFO ===< ClangHintsPass::replace-function-def-with-decl >===
01:33:08 INFO ===< ClangHintsPass::remove-unused-function >===
01:33:13 INFO ===< LinesPass::0 >===
01:34:03 INFO ===< LinesPass::1 >===
01:34:06 INFO ===< LinesPass::2 >===
01:34:06 INFO ===< LinesPass::3 >===
01:34:06 INFO ===< LinesPass::4 >===
01:34:06 INFO ===< LinesPass::6 >===
01:34:06 INFO ===< LinesPass::8 >===
01:34:07 INFO ===< LinesPass::10 >===
01:34:07 INFO cache hit for HIPProg.hip
01:34:07 INFO ===< ClangHintsPass::replace-function-def-with-decl >===
01:34:07 INFO cache hit for HIPProg.hip
01:34:07 INFO ===< ClangHintsPass::remove-unused-function >===
01:34:07 INFO cache hit for HIPProg.hip
01:34:07 INFO ===< ClangHintsPass::remove-unused-function >===
01:34:26 INFO ===< BalancedPass::curly >===
01:34:45 INFO ===< BalancedPass::curly2 >===
01:34:45 INFO ===< BalancedPass::curly3 >===
01:34:52 INFO ===< BalancedPass::parens-to-zero >===
01:34:53 INFO ===< ClangHintsPass::callexpr-to-value >===
01:34:54 INFO ===< ClangPass::replace-callexpr >===
01:34:55 INFO ===< ClangPass::simplify-callexpr >===
01:34:54 INFO using C++ standard: c++2b with 0 transformation opportunities
01:34:55 INFO ===< ClangBinarySearchPass::remove-unused-enum-member >===
01:34:55 INFO ===< ClangPass::remove-enum-member-value >===
01:34:54 INFO using C++ standard: c++2b with 7 transformation opportunities
01:34:57 INFO ===< ClangBinarySearchPass::remove-unused-var >===
01:34:58 INFO ===< SpecialPass::a >===
01:34:58 INFO ===< SpecialPass::b >===
01:34:58 INFO INTERLEAVING PASSES
01:34:58 INFO ===< SpecialPass::c >===
01:49:55 INFO (9.6%, 4934 bytes, 189 lines, via ClexHintsPass::rm-toks-1-to-4)
01:51:54 INFO (10.0%, 4908 bytes, 189 lines, via ClexHintsPass::rm-toks-1-to-4)
01:59:58 INFO (10.1%, 4906 bytes, 189 lines, via BalancedPass::parens-only)
02:01:41 INFO (10.1%, 4904 bytes, 189 lines, via BalancedPass::parens-only)
02:13:37 INFO (10.2%, 4901 bytes, 189 lines, via ClexHintsPass::rm-toks-1-to-4)
02:16:16 INFO (10.3%, 4892 bytes, 189 lines, via ClexHintsPass::rm-toks-1-to-4)
02:51:08 INFO Termination check: size was 4960; now 4892
02:51:08 INFO ===< BalancedPass::angles, BalancedPass::angles-inside, BalancedPass::angles-only, BalancedPass::curly, BalancedPass::curly-inside, BalancedPass::curly-only, BalancedPass::curly2, BalancedPass::curly3, BalancedPass::parens, BalancedPass::parens-inside, BalancedPass::parens-only, BalancedPass::parens-to-zero, BalancedPass::square, BalancedPass::square-inside, BalancedPass::square-only, BlankPass, ClangHintsPass::callexpr-to-value, ClangHintsPass::remove-unused-function, ClangHintsPass::replace-dependent-typedef, ClangHintsPass::replace-function-def-with-decl, ClangIncludeGraphPass, ClangModuleMapPass, ClexHintsPass::rm-toks-1-to-4, ClexHintsPass::rm-toks-13-to-16, ClexHintsPass::rm-toks-5-to-8, ClexHintsPass::rm-toks-9-to-12, CommentsPass, InlineIncludesPass, LineMarkersPass, LinesPass::0, LinesPass::1, LinesPass::10, LinesPass::2, LinesPass::3, LinesPass::4, LinesPass::6, LinesPass::8, LinesPass::None, MakefilePass, RmUnusedFilesPass, TreeSitterPass::erase-namespace, TreeSitterPass::remove-function, TreeSitterPass::replace-function-def-with-decl >===
03:51:53 INFO Termination check: size was 4892; now 4892
03:51:53 INFO MAIN PASSES
03:51:53 ERROR Skipping pass UnIfDefPass
03:51:53 INFO ===< BalancedPass::angles, BalancedPass::angles-inside, BalancedPass::angles-only, BalancedPass::curly, BalancedPass::curly-inside, BalancedPass::curly-only, BalancedPass::curly2, BalancedPass::curly3, BalancedPass::parens, BalancedPass::parens-inside, BalancedPass::parens-only, BalancedPass::parens-to-zero, BalancedPass::square, BalancedPass::square-inside, BalancedPass::square-only, BlankPass, ClangHintsPass::callexpr-to-value, ClangHintsPass::remove-unused-function, ClangHintsPass::replace-dependent-typedef, ClangHintsPass::replace-function-def-with-decl, ClangIncludeGraphPass, ClangModuleMapPass, ClexHintsPass::rm-toks-1-to-4, ClexHintsPass::rm-toks-13-to-16, ClexHintsPass::rm-toks-5-to-8, ClexHintsPass::rm-toks-9-to-12, CommentsPass, InlineIncludesPass, LineMarkersPass, LinesPass::0, LinesPass::1, LinesPass::10, LinesPass::2, LinesPass::3, LinesPass::4, LinesPass::6, LinesPass::8, LinesPass::None, MakefilePass, RmUnusedFilesPass, TreeSitterPass::erase-namespace, TreeSitterPass::remove-function, TreeSitterPass::replace-function-def-with-decl >===
03:51:53 INFO ===< IncludeIncludesPass >===
03:51:53 INFO ===< TernaryPass::b >===
03:51:53 INFO ===< TernaryPass::c >===
03:52:14 INFO ===< BalancedPass::curly >===
03:52:36 INFO ===< BalancedPass::curly2 >===
03:52:36 INFO ===< BalancedPass::curly3 >===
03:52:48 INFO ===< BalancedPass::parens >===
03:52:49 INFO ===< BalancedPass::angles >===
03:52:55 INFO ===< BalancedPass::square >===
03:53:11 INFO ===< BalancedPass::curly-inside >===
03:53:20 INFO ===< BalancedPass::parens-inside >===
03:53:21 INFO ===< BalancedPass::angles-inside >===
03:53:29 INFO ===< BalancedPass::square-inside >===
03:53:45 INFO ===< BalancedPass::curly-only >===
03:53:46 INFO ===< BalancedPass::angles-only >===
03:53:54 INFO ===< BalancedPass::square-only >===
03:53:54 INFO ===< ClangPass::remove-namespace >===
03:54:10 INFO (10.1%, 4907 bytes, 190 lines)
03:54:23 INFO (9.8%, 4921 bytes, 191 lines)
03:54:34 INFO (9.5%, 4939 bytes, 192 lines)
03:54:34 INFO ===< ClangPass::aggregate-to-scalar >===
03:54:35 INFO ===< ClangPass::param-to-global >===
03:54:36 INFO ===< ClangPass::param-to-local >===
03:54:36 INFO ===< ClangPass::remove-nested-function >===
03:54:53 INFO (9.5%, 4940 bytes, 192 lines)
03:55:08 INFO (9.4%, 4941 bytes, 192 lines)
03:55:18 INFO (9.4%, 4942 bytes, 192 lines)
03:55:18 INFO ===< ClangPass::union-to-struct >===
03:55:20 INFO ===< ClangPass::return-void >===
03:55:20 INFO ===< ClangPass::simple-inliner >===
03:55:33 INFO (9.4%, 4941 bytes, 192 lines)
03:55:36 INFO ===< ClangPass::reduce-pointer-level >===
03:55:36 INFO ===< ClangPass::lift-assignment-expr >===
03:55:36 INFO ===< ClangPass::copy-propagation >===
03:55:38 INFO ===< ClangHintsPass::callexpr-to-value >===
03:55:38 INFO ===< ClangPass::replace-callexpr >===
03:55:39 INFO ===< ClangPass::simplify-callexpr >===
03:55:39 INFO ===< ClangHintsPass::remove-unused-function >===
03:55:39 INFO using C++ standard: c++2b with 0 transformation opportunities
03:55:39 INFO ===< ClangBinarySearchPass::remove-unused-enum-member >===
03:55:39 INFO ===< ClangPass::remove-enum-member-value >===
03:55:39 INFO using C++ standard: c++2b with 7 transformation opportunities
03:55:41 INFO ===< ClangBinarySearchPass::remove-unused-var >===
03:55:41 INFO ===< ClangPass::simplify-if >===
03:55:41 INFO ===< ClangPass::reduce-array-dim >===
03:55:41 INFO ===< ClangPass::reduce-array-size >===
03:55:41 INFO ===< ClangPass::move-definition-to-declaration >===
03:55:41 INFO ===< ClangPass::simplify-comma-expr >===
03:55:42 INFO ===< ClangPass::simplify-dependent-typedef >===
03:55:42 INFO ===< ClangPass::replace-simple-typedef >===
03:55:42 INFO ===< ClangHintsPass::replace-dependent-typedef >===
03:55:42 INFO ===< ClangPass::replace-one-level-typedef-type >===
03:56:03 INFO (10.2%, 4898 bytes, 190 lines)
03:56:22 INFO (10.8%, 4866 bytes, 188 lines)
03:56:42 INFO ===< ClangPass::remove-unused-field >===
03:56:42 INFO ===< ClangPass::instantiate-template-type-param-to-int >===
03:56:42 INFO ===< ClangPass::instantiate-template-param >===
03:56:42 INFO ===< ClangPass::template-arg-to-int >===
03:56:42 INFO ===< ClangPass::template-non-type-arg-to-int >===
03:56:42 INFO ===< ClangPass::reduce-class-template-param >===
03:56:42 INFO ===< ClangPass::remove-trivial-base-template >===
03:56:42 INFO ===< ClangPass::class-template-to-class >===
03:56:42 INFO ===< ClangPass::merge-base-class >===
03:56:42 INFO ===< ClangPass::remove-base-class >===
03:56:42 INFO ===< ClangPass::replace-derived-class >===
03:56:42 INFO ===< ClangPass::remove-unresolved-base >===
03:56:42 INFO ===< ClangPass::remove-ctor-initializer >===
03:56:43 INFO ===< ClangPass::replace-class-with-base-template-spec >===
03:56:43 INFO ===< ClangPass::simplify-nested-class >===
03:56:43 INFO ===< ClangPass::remove-unused-outer-class >===
03:56:43 WARNING ClangPass::empty-struct-to-int has encountered a non fatal bug: pass error
03:56:59 INFO (11.3%, 4838 bytes, 185 lines)
03:57:09 INFO (11.8%, 4814 bytes, 182 lines)
03:57:09 INFO ===< ClangPass::empty-struct-to-int >===
03:57:10 INFO ===< ClangPass::remove-pointer >===
03:57:10 INFO ===< ClangPass::reduce-pointer-pairs >===
03:57:10 INFO ===< ClangPass::remove-array >===
03:57:10 INFO ===< ClangPass::remove-addr-taken >===
03:57:10 INFO ===< ClangPass::simplify-struct >===
03:57:10 INFO ===< ClangPass::replace-undefined-function >===
03:57:10 INFO ===< ClangPass::replace-array-index-var >===
03:57:10 INFO ===< ClangPass::replace-array-access-with-index >===
03:57:10 INFO ===< ClangPass::replace-dependent-name >===
03:57:10 INFO ===< ClangPass::simplify-recursive-template-instantiation >===
03:57:10 INFO ===< ClangPass::vector-to-array >===
03:57:11 INFO ===< ClangPass::remove-try-catch >===
03:57:11 INFO ===< ClangPass::class-to-struct >===
03:57:29 INFO ===< ClangPass::member-to-global >===
03:57:33 INFO ===< LinesPass::0 >===
03:58:31 INFO (12.3%, 4783 bytes, 181 lines)
03:58:47 INFO (12.8%, 4756 bytes, 180 lines)
03:59:10 INFO (13.2%, 4734 bytes, 179 lines)
03:59:22 INFO ===< LinesPass::1 >===
03:59:25 INFO ===< LinesPass::2 >===
03:59:25 INFO ===< LinesPass::3 >===
03:59:25 INFO ===< LinesPass::4 >===
03:59:25 INFO ===< LinesPass::6 >===
03:59:25 INFO ===< LinesPass::8 >===
03:59:25 INFO ===< LinesPass::10 >===
03:59:25 INFO ===< CommentsPass >===
03:59:25 INFO ===< SpecialPass::b >===
03:59:25 INFO ===< SpecialPass::c >===
03:59:25 INFO ===< IndentPass::regular >===
03:59:40 INFO (13.8%, 4702 bytes, 179 lines)
03:59:43 INFO ===< BalancedPass::parens-to-zero >===
04:00:45 INFO (14.0%, 4691 bytes, 179 lines)
04:01:01 INFO (14.2%, 4683 bytes, 179 lines)
04:01:50 INFO (14.4%, 4672 bytes, 179 lines)
04:02:16 INFO (14.4%, 4670 bytes, 179 lines)
04:02:38 INFO (14.4%, 4668 bytes, 179 lines)
04:02:59 INFO (14.5%, 4666 bytes, 179 lines)
04:03:18 INFO (14.5%, 4664 bytes, 179 lines)
04:03:39 INFO (14.7%, 4655 bytes, 179 lines)
04:03:57 INFO (14.8%, 4649 bytes, 179 lines)
04:04:15 INFO (14.9%, 4642 bytes, 179 lines)
04:08:34 INFO (15.0%, 4640 bytes, 179 lines)
04:08:57 INFO (15.0%, 4638 bytes, 179 lines)
04:09:45 INFO (15.2%, 4626 bytes, 178 lines)
04:10:37 INFO (15.4%, 4615 bytes, 178 lines)
04:11:02 INFO (15.5%, 4613 bytes, 178 lines)
04:17:38 INFO (15.8%, 4596 bytes, 178 lines)
04:17:53 INFO (16.0%, 4583 bytes, 178 lines)
04:30:54 INFO (16.6%, 4551 bytes, 175 lines)
04:59:36 INFO ===< ClexHintsPass::rm-toks-1-to-16 >===
05:11:01 INFO (16.6%, 4550 bytes, 175 lines)
05:13:20 INFO (16.7%, 4547 bytes, 175 lines)
05:24:14 INFO ===< ClexPass::rm-tok-pattern-4 >===
05:24:16 INFO ===< ClangPass::local-to-global >===
05:24:22 INFO ===< PeepPass::c >===
05:24:36 INFO (16.7%, 4546 bytes, 175 lines)
05:24:50 INFO (16.7%, 4545 bytes, 175 lines)
05:25:04 INFO (16.7%, 4544 bytes, 175 lines)
05:25:17 INFO (16.7%, 4543 bytes, 175 lines)
05:25:31 INFO (16.8%, 4542 bytes, 175 lines)
05:25:45 INFO (16.8%, 4541 bytes, 175 lines)
05:25:59 INFO (16.8%, 4540 bytes, 175 lines)
05:26:12 INFO (16.8%, 4539 bytes, 175 lines)
05:26:26 INFO (16.8%, 4538 bytes, 175 lines)
05:26:40 INFO (16.8%, 4537 bytes, 175 lines)
05:26:53 INFO (16.9%, 4536 bytes, 175 lines)
05:27:07 INFO (16.9%, 4535 bytes, 175 lines)
05:27:21 INFO (16.9%, 4534 bytes, 175 lines)
05:27:34 INFO (16.9%, 4533 bytes, 175 lines)
05:27:48 INFO (16.9%, 4532 bytes, 175 lines)
05:28:02 INFO (17.0%, 4531 bytes, 175 lines)
05:28:15 INFO (17.0%, 4530 bytes, 175 lines)
05:28:29 INFO (17.0%, 4529 bytes, 175 lines)
05:28:42 INFO (17.0%, 4528 bytes, 175 lines)
05:28:56 INFO (17.0%, 4527 bytes, 175 lines)
05:29:10 INFO (17.0%, 4526 bytes, 175 lines)
05:29:23 INFO (17.1%, 4525 bytes, 175 lines)
05:29:37 INFO (17.1%, 4524 bytes, 175 lines)
05:29:50 INFO (17.1%, 4523 bytes, 175 lines)
05:30:04 INFO (17.1%, 4522 bytes, 175 lines)
05:30:17 INFO (17.1%, 4521 bytes, 175 lines)
05:30:30 INFO (17.2%, 4520 bytes, 175 lines)
05:30:44 INFO (17.2%, 4519 bytes, 175 lines)
05:30:58 INFO (17.2%, 4518 bytes, 175 lines)
05:31:11 INFO (17.2%, 4517 bytes, 175 lines)
05:31:24 INFO (17.2%, 4516 bytes, 175 lines)
05:31:38 INFO (17.2%, 4515 bytes, 175 lines)
05:31:51 INFO (17.3%, 4514 bytes, 175 lines)
05:32:04 INFO (17.3%, 4513 bytes, 175 lines)
05:32:18 INFO (17.3%, 4512 bytes, 175 lines)
05:32:31 INFO (17.3%, 4511 bytes, 175 lines)
05:32:44 INFO (17.3%, 4510 bytes, 175 lines)
05:32:58 INFO (17.4%, 4509 bytes, 175 lines)
05:33:11 INFO (17.4%, 4508 bytes, 175 lines)
05:33:25 INFO (17.4%, 4507 bytes, 175 lines)
05:33:39 INFO (17.4%, 4506 bytes, 175 lines)
05:33:52 INFO (17.4%, 4505 bytes, 175 lines)
05:34:06 INFO (17.4%, 4504 bytes, 175 lines)
05:34:19 INFO (17.5%, 4503 bytes, 175 lines)
05:34:32 INFO (17.5%, 4502 bytes, 175 lines)
05:34:46 INFO (17.5%, 4501 bytes, 175 lines)
05:35:00 INFO (17.5%, 4500 bytes, 175 lines)
05:35:13 INFO (17.5%, 4499 bytes, 175 lines)
05:35:27 INFO (17.6%, 4498 bytes, 175 lines)
05:35:40 INFO (17.6%, 4497 bytes, 175 lines)
05:35:54 INFO (17.6%, 4496 bytes, 175 lines)
05:36:07 INFO (17.6%, 4495 bytes, 175 lines)
05:36:21 INFO (17.6%, 4494 bytes, 175 lines)
05:36:34 INFO (17.7%, 4493 bytes, 175 lines)
05:36:48 INFO (17.7%, 4492 bytes, 175 lines)
05:37:01 INFO (17.7%, 4491 bytes, 175 lines)
05:37:15 INFO (17.7%, 4490 bytes, 175 lines)
05:37:29 INFO (17.7%, 4489 bytes, 175 lines)
05:37:42 INFO (17.7%, 4488 bytes, 175 lines)
05:37:56 INFO (17.8%, 4487 bytes, 175 lines)
05:38:10 INFO (17.8%, 4486 bytes, 175 lines)
05:38:27 INFO (17.8%, 4485 bytes, 175 lines)
05:38:41 INFO (17.8%, 4484 bytes, 175 lines)
05:38:55 INFO (17.8%, 4483 bytes, 175 lines)
05:39:08 INFO (17.9%, 4482 bytes, 175 lines)
05:39:22 INFO (17.9%, 4481 bytes, 175 lines)
05:39:35 INFO (17.9%, 4480 bytes, 175 lines)
05:39:49 INFO (17.9%, 4479 bytes, 175 lines)
05:40:02 INFO (17.9%, 4478 bytes, 175 lines)
05:40:16 INFO (17.9%, 4477 bytes, 175 lines)
05:40:30 INFO (18.0%, 4476 bytes, 175 lines)
05:40:44 INFO (18.0%, 4475 bytes, 175 lines)
05:40:58 INFO (18.0%, 4474 bytes, 175 lines)
05:41:12 INFO (18.0%, 4473 bytes, 175 lines)
05:41:26 INFO (18.0%, 4472 bytes, 175 lines)
05:41:39 INFO (18.1%, 4471 bytes, 175 lines)
05:41:53 INFO (18.1%, 4470 bytes, 175 lines)
05:42:07 INFO (18.1%, 4469 bytes, 175 lines)
05:42:21 INFO (18.1%, 4468 bytes, 175 lines)
05:42:34 INFO (18.1%, 4467 bytes, 175 lines)
05:42:48 INFO (18.1%, 4466 bytes, 175 lines)
05:43:01 INFO (18.2%, 4465 bytes, 175 lines)
05:43:18 INFO (18.2%, 4464 bytes, 175 lines)
05:43:31 INFO (18.2%, 4463 bytes, 175 lines)
05:43:44 INFO (18.2%, 4462 bytes, 175 lines)
05:43:58 INFO (18.2%, 4461 bytes, 175 lines)
05:44:11 INFO (18.3%, 4460 bytes, 175 lines)
05:44:25 INFO (18.3%, 4459 bytes, 175 lines)
05:44:38 INFO (18.3%, 4458 bytes, 175 lines)
05:44:52 INFO (18.3%, 4457 bytes, 175 lines)
05:45:05 INFO (18.3%, 4456 bytes, 175 lines)
05:45:19 INFO (18.3%, 4455 bytes, 175 lines)
05:45:32 INFO (18.4%, 4454 bytes, 175 lines)
05:45:46 INFO (18.4%, 4453 bytes, 175 lines)
05:45:59 INFO (18.4%, 4452 bytes, 175 lines)
05:46:13 INFO (18.4%, 4451 bytes, 175 lines)
05:46:27 INFO (18.4%, 4450 bytes, 175 lines)
05:46:40 INFO (18.5%, 4449 bytes, 175 lines)
05:46:54 INFO (18.5%, 4448 bytes, 175 lines)
05:47:08 INFO (18.5%, 4447 bytes, 175 lines)
05:47:21 INFO (18.5%, 4446 bytes, 175 lines)
05:47:35 INFO (18.5%, 4445 bytes, 175 lines)
05:47:48 INFO (18.5%, 4444 bytes, 175 lines)
05:48:02 INFO (18.6%, 4443 bytes, 175 lines)
05:48:15 INFO (18.6%, 4442 bytes, 175 lines)
05:48:29 INFO (18.6%, 4441 bytes, 175 lines)
05:48:43 INFO (18.6%, 4440 bytes, 175 lines)
05:48:56 INFO (18.6%, 4439 bytes, 175 lines)
05:49:10 INFO (18.7%, 4438 bytes, 175 lines)
05:49:23 INFO (18.7%, 4437 bytes, 175 lines)
05:49:37 INFO (18.7%, 4436 bytes, 175 lines)
05:49:50 INFO (18.7%, 4435 bytes, 175 lines)
05:50:04 INFO (18.7%, 4434 bytes, 175 lines)
05:50:17 INFO (18.8%, 4433 bytes, 175 lines)
05:50:31 INFO (18.8%, 4432 bytes, 175 lines)
05:50:44 INFO (18.8%, 4431 bytes, 175 lines)
05:50:58 INFO (18.8%, 4430 bytes, 175 lines)
05:51:12 INFO (18.8%, 4429 bytes, 175 lines)
05:51:25 INFO (18.8%, 4428 bytes, 175 lines)
05:51:38 INFO (18.9%, 4427 bytes, 175 lines)
05:51:52 INFO (18.9%, 4426 bytes, 175 lines)
05:52:06 INFO (18.9%, 4425 bytes, 175 lines)
05:52:20 INFO (18.9%, 4424 bytes, 175 lines)
05:52:33 INFO (18.9%, 4423 bytes, 175 lines)
05:52:47 INFO (19.0%, 4422 bytes, 175 lines)
05:53:01 INFO (19.0%, 4421 bytes, 175 lines)
05:53:14 INFO (19.0%, 4420 bytes, 175 lines)
05:53:27 INFO (19.0%, 4419 bytes, 175 lines)
05:53:41 INFO (19.0%, 4418 bytes, 175 lines)
05:53:54 INFO (19.0%, 4417 bytes, 175 lines)
05:54:08 INFO (19.1%, 4416 bytes, 175 lines)
05:54:22 INFO (19.1%, 4415 bytes, 175 lines)
05:54:36 INFO (19.1%, 4414 bytes, 175 lines)
05:54:49 INFO (19.1%, 4413 bytes, 175 lines)
05:55:03 INFO (19.1%, 4412 bytes, 175 lines)
05:55:16 INFO (19.2%, 4411 bytes, 175 lines)
05:55:29 INFO (19.2%, 4410 bytes, 175 lines)
05:55:42 INFO (19.2%, 4409 bytes, 175 lines)
05:55:55 INFO (19.2%, 4408 bytes, 175 lines)
05:56:08 INFO (19.2%, 4407 bytes, 175 lines)
05:56:21 INFO (19.2%, 4406 bytes, 175 lines)
05:56:36 INFO (19.3%, 4405 bytes, 175 lines)
05:56:52 INFO (19.3%, 4404 bytes, 175 lines)
05:57:08 INFO (19.3%, 4403 bytes, 175 lines)
05:57:23 INFO (19.3%, 4402 bytes, 175 lines)
05:57:39 INFO (19.3%, 4401 bytes, 175 lines)
05:57:55 INFO (19.4%, 4400 bytes, 175 lines)
05:58:11 INFO (19.4%, 4399 bytes, 175 lines)
05:58:27 INFO (19.4%, 4398 bytes, 175 lines)
05:58:42 INFO (19.4%, 4397 bytes, 175 lines)
05:58:58 INFO (19.4%, 4396 bytes, 175 lines)
05:59:13 INFO (19.4%, 4395 bytes, 175 lines)
05:59:29 INFO (19.5%, 4394 bytes, 175 lines)
05:59:42 INFO (19.5%, 4393 bytes, 175 lines)
05:59:54 INFO (19.5%, 4392 bytes, 175 lines)
06:00:07 INFO (19.5%, 4391 bytes, 175 lines)
06:00:19 INFO (19.5%, 4390 bytes, 175 lines)
06:00:30 INFO (19.6%, 4389 bytes, 175 lines)
06:00:38 INFO (19.6%, 4388 bytes, 175 lines)
06:00:46 INFO (19.6%, 4387 bytes, 175 lines)
06:00:57 INFO (19.6%, 4386 bytes, 175 lines)
06:01:05 INFO (19.6%, 4385 bytes, 175 lines)
06:01:12 INFO (19.6%, 4384 bytes, 175 lines)
06:01:19 INFO (19.7%, 4383 bytes, 175 lines)
06:01:26 INFO (19.7%, 4382 bytes, 175 lines)
06:01:33 INFO (19.7%, 4381 bytes, 175 lines)
06:01:40 INFO (19.7%, 4380 bytes, 175 lines)
06:01:44 INFO ===< IntsPass::a >===
06:01:58 INFO (19.8%, 4378 bytes, 175 lines)
06:02:11 INFO (19.8%, 4376 bytes, 175 lines)
06:02:24 INFO (19.8%, 4374 bytes, 175 lines)
06:02:37 INFO (19.9%, 4372 bytes, 175 lines)
06:02:51 INFO (19.9%, 4370 bytes, 175 lines)
06:03:05 INFO (19.9%, 4368 bytes, 175 lines)
06:03:18 INFO (20.0%, 4366 bytes, 175 lines)
06:03:32 INFO (20.0%, 4364 bytes, 175 lines)
06:03:45 INFO (20.1%, 4362 bytes, 175 lines)
06:03:59 INFO (20.1%, 4360 bytes, 175 lines)
06:04:12 INFO (20.1%, 4358 bytes, 175 lines)
06:04:25 INFO (20.2%, 4356 bytes, 175 lines)
06:04:38 INFO (20.2%, 4354 bytes, 175 lines)
06:04:52 INFO (20.2%, 4352 bytes, 175 lines)
06:05:06 INFO (20.3%, 4350 bytes, 175 lines)
06:05:18 INFO (20.3%, 4348 bytes, 175 lines)
06:05:33 INFO (20.3%, 4346 bytes, 175 lines)
06:05:49 INFO (20.4%, 4344 bytes, 175 lines)
06:06:05 INFO (20.4%, 4342 bytes, 175 lines)
06:06:19 INFO (20.5%, 4340 bytes, 175 lines)
06:06:33 INFO (20.5%, 4338 bytes, 175 lines)
06:06:47 INFO (20.5%, 4336 bytes, 175 lines)
06:07:01 INFO (20.6%, 4334 bytes, 175 lines)
06:07:14 INFO (20.6%, 4332 bytes, 175 lines)
06:07:27 INFO (20.6%, 4330 bytes, 175 lines)
06:07:36 INFO (20.7%, 4328 bytes, 175 lines)
06:07:38 INFO ===< IntsPass::b >===
06:07:52 INFO (20.7%, 4326 bytes, 175 lines)
06:08:05 INFO (20.7%, 4325 bytes, 175 lines)
06:08:22 INFO (20.7%, 4324 bytes, 175 lines)
06:08:35 INFO (20.8%, 4323 bytes, 175 lines)
06:08:49 INFO (20.8%, 4321 bytes, 175 lines)
06:09:02 INFO (20.8%, 4320 bytes, 175 lines)
06:09:16 INFO (20.8%, 4319 bytes, 175 lines)
06:09:30 INFO (20.9%, 4317 bytes, 175 lines)
06:09:43 INFO (20.9%, 4315 bytes, 175 lines)
06:09:56 INFO (20.9%, 4314 bytes, 175 lines)
06:10:10 INFO (20.9%, 4313 bytes, 175 lines)
06:10:23 INFO (21.0%, 4312 bytes, 175 lines)
06:10:36 INFO (21.0%, 4311 bytes, 175 lines)
06:10:50 INFO (21.0%, 4309 bytes, 175 lines)
06:11:03 INFO (21.0%, 4308 bytes, 175 lines)
06:11:16 INFO (21.1%, 4306 bytes, 175 lines)
06:11:30 INFO (21.1%, 4305 bytes, 175 lines)
06:11:43 INFO (21.1%, 4304 bytes, 175 lines)
06:11:57 INFO (21.1%, 4303 bytes, 175 lines)
06:12:10 INFO (21.2%, 4302 bytes, 175 lines)
06:12:24 INFO (21.2%, 4301 bytes, 175 lines)
06:12:37 INFO (21.2%, 4300 bytes, 175 lines)
06:12:50 INFO (21.2%, 4299 bytes, 175 lines)
06:13:05 INFO (21.2%, 4298 bytes, 175 lines)
06:13:18 INFO (21.2%, 4297 bytes, 175 lines)
06:13:32 INFO (21.3%, 4296 bytes, 175 lines)
06:13:45 INFO (21.3%, 4295 bytes, 175 lines)
06:13:59 INFO (21.3%, 4294 bytes, 175 lines)
06:14:12 INFO (21.3%, 4293 bytes, 175 lines)
06:14:26 INFO (21.3%, 4292 bytes, 175 lines)
06:14:40 INFO (21.4%, 4291 bytes, 175 lines)
06:14:53 INFO (21.4%, 4290 bytes, 175 lines)
06:15:07 INFO (21.4%, 4289 bytes, 175 lines)
06:15:20 INFO (21.4%, 4288 bytes, 175 lines)
06:15:34 INFO (21.4%, 4287 bytes, 175 lines)
06:15:47 INFO (21.5%, 4285 bytes, 175 lines)
06:16:01 INFO (21.5%, 4284 bytes, 175 lines)
06:16:14 INFO (21.5%, 4282 bytes, 175 lines)
06:16:28 INFO (21.5%, 4281 bytes, 175 lines)
06:16:41 INFO (21.6%, 4280 bytes, 175 lines)
06:16:52 INFO (21.6%, 4279 bytes, 175 lines)
06:16:59 INFO (21.6%, 4278 bytes, 175 lines)
06:16:59 INFO ===< IntsPass::c >===
06:17:12 INFO (21.6%, 4277 bytes, 175 lines)
06:17:25 INFO (21.6%, 4276 bytes, 175 lines)
06:17:39 INFO (21.6%, 4275 bytes, 175 lines)
06:17:53 INFO (21.7%, 4274 bytes, 175 lines)
06:18:06 INFO (21.7%, 4273 bytes, 175 lines)
06:18:19 INFO (21.7%, 4272 bytes, 175 lines)
06:18:30 INFO (21.7%, 4271 bytes, 175 lines)
06:18:38 INFO (21.7%, 4270 bytes, 175 lines)
06:18:38 INFO ===< IntsPass::d >===
06:18:38 INFO ===< IntsPass::c >===
06:18:42 INFO ===< BalancedPass::parens-only >===
06:18:43 INFO ===< ClexPass::delete-string >===
06:18:44 INFO Termination check: size was 4892; now 4270
06:18:44 ERROR Skipping pass UnIfDefPass
06:18:44 INFO ===< ClexPass::define >===
06:18:44 INFO ===< IncludeIncludesPass >===
06:18:44 INFO ===< TernaryPass::b >===
06:18:44 INFO ===< TernaryPass::c >===
06:18:53 INFO ===< BalancedPass::curly >===
06:19:01 INFO ===< BalancedPass::curly2 >===
06:19:01 INFO ===< BalancedPass::curly3 >===
06:19:08 INFO ===< BalancedPass::parens >===
06:19:09 INFO ===< BalancedPass::angles >===
06:19:15 INFO ===< BalancedPass::square >===
06:19:26 INFO ===< BalancedPass::curly-inside >===
06:19:30 INFO ===< BalancedPass::parens-inside >===
06:19:31 INFO ===< BalancedPass::angles-inside >===
06:19:35 INFO ===< BalancedPass::square-inside >===
06:19:38 INFO ===< BalancedPass::curly-only >===
06:19:39 INFO ===< BalancedPass::angles-only >===
06:19:45 INFO ===< BalancedPass::square-only >===
06:19:45 INFO ===< ClangPass::remove-namespace >===
06:19:52 INFO (21.5%, 4284 bytes, 176 lines)
06:19:52 INFO ===< ClangPass::aggregate-to-scalar >===
06:19:52 INFO ===< ClangPass::param-to-global >===
06:19:53 INFO ===< ClangPass::param-to-local >===
06:19:53 INFO ===< ClangPass::remove-nested-function >===
06:19:53 INFO ===< ClangPass::union-to-struct >===
06:19:54 INFO ===< ClangPass::return-void >===
06:19:54 INFO ===< ClangPass::simple-inliner >===
06:20:00 INFO ===< ClangPass::reduce-pointer-level >===
06:20:00 INFO ===< ClangPass::lift-assignment-expr >===
06:20:00 INFO ===< ClangPass::copy-propagation >===
06:20:01 INFO ===< ClangHintsPass::callexpr-to-value >===
06:20:01 INFO ===< ClangPass::replace-callexpr >===
06:20:02 INFO ===< ClangPass::simplify-callexpr >===
06:20:02 INFO ===< ClangHintsPass::remove-unused-function >===
06:20:02 INFO using C++ standard: c++2b with 0 transformation opportunities
06:20:02 INFO ===< ClangBinarySearchPass::remove-unused-enum-member >===
06:20:02 INFO ===< ClangPass::remove-enum-member-value >===
06:20:02 INFO using C++ standard: c++2b with 5 transformation opportunities
06:20:04 INFO ===< ClangBinarySearchPass::remove-unused-var >===
06:20:04 INFO ===< ClangPass::simplify-if >===
06:20:04 INFO ===< ClangPass::reduce-array-dim >===
06:20:04 INFO ===< ClangPass::reduce-array-size >===
06:20:04 INFO ===< ClangPass::move-definition-to-declaration >===
06:20:04 INFO ===< ClangPass::simplify-comma-expr >===
06:20:04 INFO ===< ClangPass::simplify-dependent-typedef >===
06:20:04 INFO ===< ClangPass::replace-simple-typedef >===
06:20:04 INFO ===< ClangHintsPass::replace-dependent-typedef >===
06:20:04 INFO ===< ClangPass::replace-one-level-typedef-type >===
06:20:16 INFO (22.0%, 4257 bytes, 174 lines)
06:20:27 INFO (22.4%, 4236 bytes, 172 lines)
06:20:39 INFO ===< ClangPass::remove-unused-field >===
06:20:39 INFO ===< ClangPass::instantiate-template-type-param-to-int >===
06:20:40 INFO ===< ClangPass::instantiate-template-param >===
06:20:40 INFO ===< ClangPass::template-arg-to-int >===
06:20:40 INFO ===< ClangPass::template-non-type-arg-to-int >===
06:20:40 INFO ===< ClangPass::reduce-class-template-param >===
06:20:40 INFO ===< ClangPass::remove-trivial-base-template >===
06:20:40 INFO ===< ClangPass::class-template-to-class >===
06:20:40 INFO ===< ClangPass::merge-base-class >===
06:20:40 INFO ===< ClangPass::remove-base-class >===
06:20:40 INFO ===< ClangPass::replace-derived-class >===
06:20:40 INFO ===< ClangPass::remove-unresolved-base >===
06:20:40 INFO ===< ClangPass::remove-ctor-initializer >===
06:20:40 INFO ===< ClangPass::replace-class-with-base-template-spec >===
06:20:40 INFO ===< ClangPass::simplify-nested-class >===
06:20:40 INFO ===< ClangPass::remove-unused-outer-class >===
06:20:40 WARNING ClangPass::empty-struct-to-int has encountered a non fatal bug: pass error
06:20:40 INFO ===< ClangPass::empty-struct-to-int >===
06:20:40 INFO ===< ClangPass::remove-pointer >===
06:20:40 INFO ===< ClangPass::reduce-pointer-pairs >===
06:20:40 INFO ===< ClangPass::remove-array >===
06:20:40 INFO ===< ClangPass::remove-addr-taken >===
06:20:40 INFO ===< ClangPass::simplify-struct >===
06:20:40 INFO ===< ClangPass::replace-undefined-function >===
06:20:41 INFO ===< ClangPass::replace-array-index-var >===
06:20:41 INFO ===< ClangPass::replace-array-access-with-index >===
06:20:41 INFO ===< ClangPass::replace-dependent-name >===
06:20:41 INFO ===< ClangPass::simplify-recursive-template-instantiation >===
06:20:41 INFO ===< ClangPass::vector-to-array >===
06:20:41 INFO ===< ClangPass::remove-try-catch >===
06:20:41 INFO ===< ClangPass::class-to-struct >===
06:20:54 INFO ===< ClangPass::member-to-global >===
06:20:57 INFO ===< LinesPass::0 >===
06:21:42 INFO ===< LinesPass::1 >===
06:21:45 INFO ===< LinesPass::2 >===
06:21:45 INFO ===< LinesPass::3 >===
06:21:45 INFO ===< LinesPass::4 >===
06:21:45 INFO ===< LinesPass::6 >===
06:21:45 INFO ===< LinesPass::8 >===
06:21:45 INFO ===< LinesPass::10 >===
06:21:45 INFO ===< CommentsPass >===
06:21:45 INFO ===< SpecialPass::b >===
06:21:45 INFO ===< SpecialPass::c >===
06:21:46 INFO ===< IndentPass::regular >===
06:21:50 INFO ===< BalancedPass::parens-to-zero >===
06:59:20 INFO ===< ClexHintsPass::rm-toks-1-to-16 >===
07:18:45 INFO ===< ClexPass::rm-tok-pattern-4 >===
07:18:47 INFO ===< ClangPass::local-to-global >===
07:18:52 INFO ===< PeepPass::c >===
07:19:06 INFO (22.4%, 4235 bytes, 172 lines)
07:19:19 INFO (22.4%, 4234 bytes, 172 lines)
07:19:33 INFO (22.4%, 4233 bytes, 172 lines)
07:19:45 INFO (22.4%, 4232 bytes, 172 lines)
07:19:56 INFO (22.5%, 4231 bytes, 172 lines)
07:20:03 INFO (22.5%, 4230 bytes, 172 lines)
07:20:04 INFO ===< IntsPass::a >===
07:20:04 INFO ===< IntsPass::b >===
07:20:04 INFO ===< IntsPass::c >===
07:20:04 INFO ===< IntsPass::d >===
07:20:04 INFO cache hit for HIPProg.hip
07:20:04 INFO ===< IntsPass::c >===
07:20:09 INFO ===< BalancedPass::parens-only >===
07:20:10 INFO ===< ClexPass::delete-string >===
07:20:11 INFO Termination check: size was 4270; now 4230
07:20:11 ERROR Skipping pass UnIfDefPass
07:20:11 INFO ===< ClexPass::define >===
07:20:11 INFO ===< IncludeIncludesPass >===
07:20:11 INFO ===< TernaryPass::b >===
07:20:11 INFO ===< TernaryPass::c >===
07:20:20 INFO ===< BalancedPass::curly >===
07:20:29 INFO ===< BalancedPass::curly2 >===
07:20:29 INFO ===< BalancedPass::curly3 >===
07:20:36 INFO ===< BalancedPass::parens >===
07:20:37 INFO ===< BalancedPass::angles >===
07:20:43 INFO ===< BalancedPass::square >===
07:20:55 INFO ===< BalancedPass::curly-inside >===
07:20:59 INFO ===< BalancedPass::parens-inside >===
07:21:00 INFO ===< BalancedPass::angles-inside >===
07:21:03 INFO ===< BalancedPass::square-inside >===
07:21:07 INFO ===< BalancedPass::curly-only >===
07:21:08 INFO ===< BalancedPass::angles-only >===
07:21:14 INFO ===< BalancedPass::square-only >===
07:21:14 INFO ===< ClangPass::remove-namespace >===
07:21:14 INFO ===< ClangPass::aggregate-to-scalar >===
07:21:14 INFO ===< ClangPass::param-to-global >===
07:21:15 INFO ===< ClangPass::param-to-local >===
07:21:15 INFO ===< ClangPass::remove-nested-function >===
07:21:15 INFO ===< ClangPass::union-to-struct >===
07:21:16 INFO ===< ClangPass::return-void >===
07:21:16 INFO ===< ClangPass::simple-inliner >===
07:21:21 INFO ===< ClangPass::reduce-pointer-level >===
07:21:21 INFO ===< ClangPass::lift-assignment-expr >===
07:21:21 INFO ===< ClangPass::copy-propagation >===
07:21:22 INFO ===< ClangHintsPass::callexpr-to-value >===
07:21:22 INFO ===< ClangPass::replace-callexpr >===
07:21:23 INFO ===< ClangPass::simplify-callexpr >===
07:21:23 INFO ===< ClangHintsPass::remove-unused-function >===
07:21:23 INFO using C++ standard: c++2b with 0 transformation opportunities
07:21:24 INFO ===< ClangBinarySearchPass::remove-unused-enum-member >===
07:21:24 INFO ===< ClangPass::remove-enum-member-value >===
07:21:23 INFO using C++ standard: c++2b with 5 transformation opportunities
07:21:25 INFO ===< ClangBinarySearchPass::remove-unused-var >===
07:21:25 INFO ===< ClangPass::simplify-if >===
07:21:25 INFO ===< ClangPass::reduce-array-dim >===
07:21:25 INFO ===< ClangPass::reduce-array-size >===
07:21:25 INFO ===< ClangPass::move-definition-to-declaration >===
07:21:25 INFO ===< ClangPass::simplify-comma-expr >===
07:21:25 INFO ===< ClangPass::simplify-dependent-typedef >===
07:21:25 INFO ===< ClangPass::replace-simple-typedef >===
07:21:25 INFO ===< ClangHintsPass::replace-dependent-typedef >===
07:21:25 INFO ===< ClangPass::replace-one-level-typedef-type >===
07:21:39 INFO ===< ClangPass::remove-unused-field >===
07:21:39 INFO ===< ClangPass::instantiate-template-type-param-to-int >===
07:21:39 INFO ===< ClangPass::instantiate-template-param >===
07:21:39 INFO ===< ClangPass::template-arg-to-int >===
07:21:39 INFO ===< ClangPass::template-non-type-arg-to-int >===
07:21:39 INFO ===< ClangPass::reduce-class-template-param >===
07:21:39 INFO ===< ClangPass::remove-trivial-base-template >===
07:21:39 INFO ===< ClangPass::class-template-to-class >===
07:21:39 INFO ===< ClangPass::merge-base-class >===
07:21:39 INFO ===< ClangPass::remove-base-class >===
07:21:39 INFO ===< ClangPass::replace-derived-class >===
07:21:39 INFO ===< ClangPass::remove-unresolved-base >===
07:21:39 INFO ===< ClangPass::remove-ctor-initializer >===
07:21:39 INFO ===< ClangPass::replace-class-with-base-template-spec >===
07:21:39 INFO ===< ClangPass::simplify-nested-class >===
07:21:39 INFO ===< ClangPass::remove-unused-outer-class >===
07:21:39 WARNING ClangPass::empty-struct-to-int has encountered a non fatal bug: pass error
07:21:39 INFO ===< ClangPass::empty-struct-to-int >===
07:21:39 INFO ===< ClangPass::remove-pointer >===
07:21:39 INFO ===< ClangPass::reduce-pointer-pairs >===
07:21:40 INFO ===< ClangPass::remove-array >===
07:21:40 INFO ===< ClangPass::remove-addr-taken >===
07:21:40 INFO ===< ClangPass::simplify-struct >===
07:21:40 INFO ===< ClangPass::replace-undefined-function >===
07:21:40 INFO ===< ClangPass::replace-array-index-var >===
07:21:40 INFO ===< ClangPass::replace-array-access-with-index >===
07:21:40 INFO ===< ClangPass::replace-dependent-name >===
07:21:40 INFO ===< ClangPass::simplify-recursive-template-instantiation >===
07:21:40 INFO ===< ClangPass::vector-to-array >===
07:21:40 INFO ===< ClangPass::remove-try-catch >===
07:21:40 INFO ===< ClangPass::class-to-struct >===
07:21:53 INFO ===< ClangPass::member-to-global >===
07:21:56 INFO ===< LinesPass::0 >===
07:22:42 INFO ===< LinesPass::1 >===
07:22:45 INFO ===< LinesPass::2 >===
07:22:45 INFO ===< LinesPass::3 >===
07:22:45 INFO ===< LinesPass::4 >===
07:22:45 INFO ===< LinesPass::6 >===
07:22:45 INFO ===< LinesPass::8 >===
07:22:45 INFO ===< LinesPass::10 >===
07:22:45 INFO ===< CommentsPass >===
07:22:45 INFO ===< SpecialPass::b >===
07:22:45 INFO ===< SpecialPass::c >===
07:22:45 INFO ===< IndentPass::regular >===
07:22:50 INFO ===< BalancedPass::parens-to-zero >===
08:01:17 INFO ===< ClexHintsPass::rm-toks-1-to-16 >===
08:21:06 INFO ===< ClexPass::rm-tok-pattern-4 >===
08:21:08 INFO ===< ClangPass::local-to-global >===
08:21:13 INFO ===< PeepPass::c >===
08:21:14 INFO ===< IntsPass::a >===
08:21:14 INFO cache hit for HIPProg.hip
08:21:14 INFO ===< IntsPass::b >===
08:21:14 INFO cache hit for HIPProg.hip
08:21:14 INFO ===< IntsPass::c >===
08:21:14 INFO cache hit for HIPProg.hip
08:21:14 INFO ===< IntsPass::d >===
08:21:14 INFO cache hit for HIPProg.hip
08:21:14 INFO ===< IntsPass::c >===
08:21:14 INFO cache hit for HIPProg.hip
08:21:14 INFO ===< BalancedPass::parens-only >===
08:21:14 INFO cache hit for HIPProg.hip
08:21:14 INFO ===< ClexPass::delete-string >===
08:21:14 INFO cache hit for HIPProg.hip
08:21:14 INFO Termination check: size was 4230; now 4230
08:21:14 INFO CLEANUP PASSES
08:21:14 INFO ===< ClexPass::define >===
08:21:14 INFO ===< ClangPass::combine-global-var >===
08:21:15 INFO ===< ClangPass::combine-local-var >===
08:21:15 INFO ===< ClangPass::simplify-struct-union-decl >===
08:21:15 INFO ===< ClangPass::move-global-var >===
08:21:15 INFO ===< ClangPass::unify-function-decl >===
08:21:15 INFO cache hit for HIPProg.hip
08:21:15 INFO ===< LinesPass::0 >===
08:21:15 INFO cache hit for HIPProg.hip
08:21:15 INFO ===< ClexPass::delete-string >===
08:21:28 INFO (22.9%, 4208 bytes, 172 lines)
08:21:30 INFO ===< BlankPass >===
08:21:31 INFO ===< BlankPass >===
08:21:32 INFO ===================== done ====================
===< PASS statistics >===
  pass name                                                     bytes reduced time (s) time (%)   worked   failed  total executed
  LinesPass::None                                                         200   877.74     2.92        2     3178            3180
  IntsPass::a                                                             173  1693.79     5.63      173      886            1059
  ClexHintsPass::rm-toks-1-to-4                                           172  2833.29     9.42       23    12844           12867
  ClexHintsPass::rm-toks-1-to-16                                          151  8011.56    26.62       18    44711           44729
  LinesPass::0                                                            128    95.06     0.32        2      446             448
  ClangPass::remove-unused-field                                          123    86.41     0.29        4      247             251
  LinesPass::1                                                            103   861.11     2.86        4     2703            2707
  BalancedPass::parens-to-zero                                             61   149.09     0.50        2     1258            1260
  ClangPass::empty-struct-to-int                                           52     9.44     0.03        2       18              20
  IntsPass::b                                                              52   253.92     0.84       26      214             240
  IntsPass::c                                                              50   415.34     1.38       42      210             252
  BlankPass                                                                22    40.14     0.13        1      132             133
  BalancedPass::parens-only                                                12   112.48     0.37        5      966             971
  IntsPass::d                                                               8    64.48     0.21        8       38              46
  ClexPass::rm-tok-pattern-4                                                4  3814.62    12.68        2    22354           22356
  ClangPass::reduce-pointer-level                                           1    21.89     0.07        1       83              84
  InlineIncludesPass                                                        0     0.00     0.00        0        0               0
  RmUnusedFilesPass                                                         0     0.00     0.00        0        0               0
  SpecialPass::c                                                            0     0.01     0.00        0        0               0
  SpecialPass::b                                                            0     0.01     0.00        0        0               0
  BalancedPass::curly3                                                      0     0.01     0.00        0        0               0
  IndentPass::final                                                         0     0.02     0.00        0        1               1
  LinesPass::10                                                             0     0.02     0.00        0        0               0
  LinesPass::4                                                              0     0.02     0.00        0        0               0
  LinesPass::8                                                              0     0.02     0.00        0        0               0
  LinesPass::3                                                              0     0.02     0.00        0        0               0
  LinesPass::6                                                              0     0.02     0.00        0        0               0
  LineMarkersPass                                                           0     0.02     0.00        0        0               0
  IncludeIncludesPass                                                       0     0.03     0.00        0       12              12
  ClangPass::unify-function-decl                                            0     0.03     0.00        0        4               4
  ClangPass::combine-global-var                                             0     0.03     0.00        0        4               4
  ClangPass::move-global-var                                                0     0.03     0.00        0        4               4
  ClangPass::simplify-struct-union-decl                                     0     0.03     0.00        0        4               4
  ClangModuleMapPass                                                        0     0.03     0.00        0        0               0
  MakefilePass                                                              0     0.04     0.00        0        0               0
  TreeSitterPass::erase-namespace                                           0     0.04     0.00        0        0               0
  TernaryPass::c                                                            0     0.04     0.00        0        0               0
  TernaryPass::b                                                            0     0.05     0.00        0        0               0
  IndentPass::regular                                                       0     0.06     0.00        0        3               3
  ClangPass::instantiate-template-param                                     0     0.10     0.00        0       12              12
  ClangPass::copy-propagation                                               0     0.10     0.00        0       12              12
  ClangPass::lift-assignment-expr                                           0     0.11     0.00        0       12              12
  ClangPass::template-arg-to-int                                            0     0.11     0.00        0       12              12
  ClangPass::reduce-class-template-param                                    0     0.11     0.00        0       12              12
  ClangPass::template-non-type-arg-to-int                                   0     0.11     0.00        0       12              12
  ClangPass::replace-derived-class                                          0     0.11     0.00        0       12              12
  ClangPass::class-template-to-class                                        0     0.11     0.00        0       12              12
  ClangPass::remove-base-class                                              0     0.11     0.00        0       12              12
  ClangPass::remove-array                                                   0     0.11     0.00        0       12              12
  ClangPass::remove-unresolved-base                                         0     0.11     0.00        0       12              12
  ClangPass::remove-ctor-initializer                                        0     0.11     0.00        0       12              12
  ClangPass::simple-inliner                                                 0     0.12     0.00        0       12              12
  ClangPass::instantiate-template-type-param-to-int                         0     0.12     0.00        0       12              12
  ClangPass::replace-undefined-function                                     0     0.12     0.00        0       12              12
  ClangPass::remove-trivial-base-template                                   0     0.12     0.00        0       12              12
  ClangPass::merge-base-class                                               0     0.12     0.00        0       12              12
  ClangPass::simplify-nested-class                                          0     0.12     0.00        0       12              12
  ClangPass::replace-class-with-base-template-spec                          0     0.12     0.00        0       12              12
  ClangPass::remove-addr-taken                                              0     0.12     0.00        0       12              12
  ClangPass::reduce-array-size                                              0     0.12     0.00        0       12              12
  ClangPass::replace-array-access-with-index                                0     0.12     0.00        0       12              12
  ClangPass::replace-array-index-var                                        0     0.13     0.00        0       12              12
  ClangPass::reduce-array-dim                                               0     0.13     0.00        0       12              12
  ClangPass::remove-unused-outer-class                                      0     0.13     0.00        0       12              12
  ClangPass::simplify-struct                                                0     0.13     0.00        0       12              12
  ClangPass::simplify-if                                                    0     0.13     0.00        0       12              12
  ClangPass::replace-dependent-name                                         0     0.14     0.00        0       12              12
  ClangHintsPass::replace-dependent-typedef                                 0     0.14     0.00        0        0               0
  ClangPass::move-definition-to-declaration                                 0     0.14     0.00        0       12              12
  ClangPass::simplify-recursive-template-instantiation                      0     0.14     0.00        0       12              12
  ClangPass::remove-enum-member-value                                       0     0.14     0.00        0       16              16
  ClangPass::simplify-comma-expr                                            0     0.14     0.00        0       12              12
  ClangPass::remove-try-catch                                               0     0.15     0.00        0       12              12
  ClangPass::replace-callexpr                                               0     0.15     0.00        0       16              16
  ClangPass::simplify-dependent-typedef                                     0     0.15     0.00        0       12              12
  ClangPass::replace-simple-typedef                                         0     0.15     0.00        0       12              12
  ClangPass::remove-namespace                                               0     0.15     0.00        0       12              12
  ClangPass::replace-one-level-typedef-type                                 0     0.15     0.00        0       12              12
  ClangPass::vector-to-array                                                0     0.15     0.00        0       12              12
  ClangPass::class-to-struct                                                0     0.16     0.00        0       12              12
  ClangPass::reduce-pointer-pairs                                           0     0.17     0.00        0       12              12
  ClangPass::remove-pointer                                                 0     0.18     0.00        0       12              12
  ClangPass::remove-nested-function                                         0     0.21     0.00        0       12              12
  ClangIncludeGraphPass                                                     0     0.21     0.00        0        0               0
  ClangPass::param-to-global                                                0     0.22     0.00        0       12              12
  ClangHintsPass::remove-unused-function (30 T)                             0     0.22     0.00        0        1               1
  ClangHintsPass::replace-function-def-with-decl (30 T)                     0     0.29     0.00        0        3               3
  ClangPass::combine-local-var                                              0     0.35     0.00        0        7               7
  ClexPass::define                                                          0     0.46     0.00        0        8               8
  SpecialPass::a                                                            0     0.50     0.00        0        2               2
  IncludesPass                                                              0     0.74     0.00        0        4               4
  ClangBinarySearchPass::remove-unused-enum-member                          0     0.83     0.00        0        0               0
  ClangPass::param-to-local                                                 0     0.89     0.00        0       12              12
  ClexPass::delete-string                                                   0     0.93     0.00        0        8               8
  ClangPass::return-void                                                    0     0.94     0.00        0       12              12
  ClangHintsPass::remove-unused-function                                    0     1.28     0.00        0        9               9
  ClangHintsPass::replace-function-def-with-decl                            0     1.85     0.01        0       41              41
  ClangPass::simplify-callexpr                                              0     1.99     0.01        0       50              50
  ClangBinarySearchPass::remove-unused-var                                  0     4.46     0.01        0       40              40
  ClangPass::local-to-global                                                0     5.30     0.02        0       47              47
  ClangHintsPass::callexpr-to-value                                         0     7.04     0.02        0      154             154
  CommentsPass                                                              0     7.10     0.02        0      399             399
  BalancedPass::angles-only                                                 0     7.65     0.03        0       60              60
  BalancedPass::angles-inside                                               0     7.94     0.03        0       60              60
  BalancedPass::angles                                                      0     7.94     0.03        0       60              60
  TreeSitterPass::remove-function                                           0    10.23     0.03        0      112             112
  PeepPass::c                                                               0    11.41     0.04        0    13013           13013
  TreeSitterPass::replace-function-def-with-decl                            0    14.41     0.05        0       95              95
  ClangPass::member-to-global                                               0    43.19     0.14        0      171             171
  LinesPass::2                                                              0    49.10     0.16        0      174             174
  BalancedPass::square-inside                                               0    79.03     0.26        0      348             348
  BalancedPass::square                                                      0    92.35     0.31        0      445             445
  BalancedPass::square-only                                                 0    97.45     0.32        0      445             445
  BalancedPass::parens-inside                                               0   120.81     0.40        0     1031            1031
  BalancedPass::curly-only                                                  0   142.10     0.47        0      452             452
  BalancedPass::parens                                                      0   150.66     0.50        1     1150            1151
  BalancedPass::curly-inside                                                0   213.82     0.71        0      258             258
  BalancedPass::curly                                                       0   251.61     0.84        0      480             480
  BalancedPass::curly2                                                      0   258.01     0.86        0      480             480
  ClexHintsPass::rm-toks-9-to-12                                            0  2527.15     8.40        0    12460           12460
  ClexHintsPass::rm-toks-13-to-16                                           0  2551.39     8.48        0    12385           12385
  ClexHintsPass::rm-toks-5-to-8                                             0  2586.39     8.60        0    12538           12538
  ClangPass::union-to-struct                                               -3    19.19     0.06        3       21              24
  ClangPass::aggregate-to-scalar                                          -61    19.63     0.07        4       24              28
  Folding (merging transformations from other passes)                     429    40.20     0.13       15        1              16

Runtime: 30091 seconds
Reduced test-cases:

--- HIPProg.hip ---
#include <hip/hip_runtime.h>
#include "HIPSmith.h"
#include "safe_math_macros.h"
#define transparent_crc(X, Y, Z) transparent_crc_(&crc64_context, X, , )
struct U0 {
   int32_t  f0;
};
struct S3 {
    int32_t g_3;
    int64_t g_8;
    int32_t *g_84;
    int32_t *g_85[7];
    uint8_t g_89;
    uint8_t g_105[9];
    int8_t g_107;
    uint8_t g_119;
    int16_t g_150;
    uint32_t g_152;
    uint32_t *g_151;
    uint16_t g_158;
    uint32_t g_174;
    uint64_t g_186;
    uint16_t g_233;
    int g_234;
    U0 g_237;
    uint16_t *g_239;
    uint16_t **g_238;
    int16_t g_285[2];
    int64_t *g_325;
    int64_t **g_324;
    int64_t ***g_323;
    uint16_t g_369;
    int g_483;
    int g_482;
    uint16_t ***g_692[3];
    uint16_t ****g_691;
    int32_t **g_705;
    int32_t ***g_704;
    uint32_t g_730;
    int64_t g_733;
    int32_t g_789;
    int64_t g_877;
    U0 g_890[9];
    U0 **g_889;
    uint64_t g_900;
    int32_t g_1046;
    uint32_t g_1067;
    uint32_t *g_1141;
    uint16_t *****g_1215;
    uint32_t *g_1262;
    uint32_t g_1261;
    int *g_1264;
    int **g_1263;
    int32_t g_1294[4];
    int ***g_1309;
    int32_t *g_1337;
    int8_t g_1529;
    uint8_t g_1561;
    int64_t g_1635;
    int *g_1647;
    uint32_t g_1722;
    uint32_t g_1759;
};
__device__ int16_t  func_1(S3 * p_1794)
{
    int32_t *l_20 = &p_1794->g_3
    ;
            int32_t l_1721 = 6;
            int64_t *l_1725 = &p_1794->g_8;
            *l_1725 |= safe_lshift_func_int16_t_s_u(safe_sub_func_int32_t_s_s(safe_mod_func_uint16_t_u_u(*l_20 <= 0, 3), 208), l_1721)   ;
    return 0
 ;
}
__global__ void hipsmith_kernel(uint64_t *results) {
    S3 c_1795;
    S3* p_1794 = &c_1795;
    int p_1794_3;
    U0 *p_1794_38_4_0_0;
    int *p_1794_47;
    int **p_1794_48;
    S3 c_1796 {
        2, 
        6, 
        &p_1794->g_3, 
        nullptr, nullptr, &p_1794->g_3, nullptr, nullptr, &p_1794->g_3, nullptr, 
        3, 
        4, 9, 4, 9, 4, 9, 4, 9, 4, 
        7, 
        7, 
        6, 
        8, 
        &p_1794->g_152, 
        0, 
        4, 
        8, 
        9, 
        1, 
        3, 
        &p_1794->g_233, 
        &p_1794->g_239, 
        1, 1, 
        nullptr, 
        &p_1794->g_325, 
        &p_1794->g_324, 
        6, 
        {}, 
        {}, 
        &p_1794->g_238, &p_1794->g_238, &p_1794->g_238, 
        &p_1794->g_692[0], 
        &p_1794->g_84, 
        &p_1794->g_705, 
        2, 
        {}, 
        8, 
        0, 
        {}, 
        &p_1794_38_4_0_0, 
        {}, 
        0, 
        1, 
        nullptr, 
        &p_1794->g_691, 
        nullptr, 
        {}, 
        &p_1794_3, 
        &p_1794_47, 
        9, 9, 9, 9, 
        &p_1794_48, 
        &p_1794->g_1294[3], 
        9, 
        8, 
        9, 
        nullptr, 
        1, 
        9};
    c_1795 = c_1796;
    func_1(p_1794);
    uint64_t crc64_context = 0xFFFFFFFFFFFFFFFFUL;
    transparent_crc(p_1794->g_8, , );
    int tid = threadIdx.x + blockIdx.x * blockDim.x;
    results[tid] = (crc64_context ^ 0xFFFFFFFFFFFFFFFFUL);
}
// ------------------------------------------------------------------
// Host Main
// ------------------------------------------------------------------
int main(int argc, const char* argv[]) {
    // Config
    const unsigned int num_threads = 4;
    const unsigned int block_size = 4;
    // Host Alloc
    std::vector<uint64_t> h_results(num_threads);
    const size_t results_bytes = sizeof(uint64_t) * h_results.size();
    // Device Alloc
    uint64_t *d_results;
    HIP_CHECK(hipMalloc((void**)&d_results, results_bytes));
    HIP_CHECK(hipMemset(d_results, 0, results_bytes));
    // Dimensions
    const dim3 block_dim(block_size);
    const dim3 grid_dim((num_threads + block_size - 1) / block_size);
    // Launch
    hipLaunchKernelGGL(hipsmith_kernel, grid_dim, block_dim, 0, 0, d_results);
    HIP_CHECK(hipGetLastError());
    HIP_CHECK(hipDeviceSynchronize());
    // Copy Back
    HIP_CHECK(hipMemcpy(h_results.data(), d_results, results_bytes, hipMemcpyDeviceToHost));
    // Free
    HIP_CHECK(hipFree(d_results));
    // Output
    for (size_t i = 0; i < h_results.size(); ++i)
    printf("Thread %zu CRC: %lu\n", i, h_results[i]);
    return 0;
}

