00:00:01 ERROR Prereqs not found for pass UnIfDefPass
00:00:01 ERROR Prereqs not found for pass IfPass
00:00:01 ERROR Prereqs not found for pass UnIfDefPass
00:00:14 INFO ===< 119567 >===
00:00:14 INFO running 4 interestingness tests in parallel
00:00:14 INFO (0.0%, 83909 bytes, 1082 lines)
00:00:14 INFO INITIAL PASSES (interleaving)
00:00:14 INFO ===<  >===
00:10:23 INFO (46.4%, 44972 bytes, 789 lines, via LinesPass::2 + LinesPass::3 + CommentsPass + BalancedPass::curly3 + LinesPass::0 + LinesPass::6 + BlankPass + ClangHintsPass::callexpr-to-value + ClexHintsPass::rm-toks-1-to-4)
00:18:27 INFO (65.2%, 29189 bytes, 687 lines, via BalancedPass::curly3 + LinesPass::1 + BalancedPass::parens-to-zero + LinesPass::4 + LinesPass::2 + CommentsPass + BlankPass + LinesPass::6)
00:25:13 INFO (75.8%, 20310 bytes, 540 lines, via LinesPass::None + BalancedPass::curly-inside + BalancedPass::parens-to-zero + LinesPass::2 + LinesPass::3 + LinesPass::1 + LinesPass::4 + LinesPass::0 + BlankPass)
00:34:29 INFO (86.3%, 11459 bytes, 356 lines, via LinesPass::0 + BalancedPass::curly-inside + TreeSitterPass::remove-function + BalancedPass::curly2 + BalancedPass::parens-to-zero + BalancedPass::curly + LinesPass::4 + LinesPass::2 + BalancedPass::curly-only + ClexHintsPass::rm-toks-1-to-4 + BlankPass)
00:42:49 INFO (88.9%, 9354 bytes, 320 lines, via LinesPass::0 + TreeSitterPass::replace-function-def-with-decl + LinesPass::1 + BalancedPass::parens-to-zero + BalancedPass::curly-inside + LinesPass::2 + BlankPass + BalancedPass::curly-only + BalancedPass::square + BalancedPass::curly)
00:50:30 INFO (89.4%, 8912 bytes, 315 lines, via BalancedPass::parens-to-zero + TreeSitterPass::remove-function + LinesPass::4 + BalancedPass::square + BlankPass + BalancedPass::parens-only + ClexHintsPass::rm-toks-1-to-4 + BalancedPass::curly)
00:56:58 INFO (90.0%, 8355 bytes, 301 lines, via LinesPass::1 + ClexHintsPass::rm-toks-1-to-4 + BalancedPass::parens-only + BalancedPass::parens-to-zero + BalancedPass::square + BlankPass)
01:02:49 INFO (90.2%, 8228 bytes, 301 lines, via BalancedPass::parens-to-zero + BalancedPass::parens + BalancedPass::parens-only + ClexHintsPass::rm-toks-1-to-4)
01:06:52 INFO (90.6%, 7918 bytes, 289 lines, via LinesPass::1 + LinesPass::None + LinesPass::4 + BalancedPass::curly-only)
01:11:03 INFO (91.1%, 7459 bytes, 281 lines, via LinesPass::1 + LinesPass::None + BalancedPass::square)
01:15:15 INFO (91.4%, 7235 bytes, 277 lines, via LinesPass::4 + LinesPass::3 + ClexHintsPass::rm-toks-9-to-12 + BlankPass + ClexHintsPass::rm-toks-1-to-4)
01:19:07 INFO (91.4%, 7186 bytes, 276 lines, via ClexHintsPass::rm-toks-1-to-4 + LinesPass::None + BalancedPass::parens-to-zero)
01:22:35 INFO (91.7%, 6988 bytes, 268 lines, via LinesPass::None + ClexHintsPass::rm-toks-1-to-4 + BalancedPass::curly-only)
01:28:03 INFO (91.8%, 6869 bytes, 266 lines, via ClexHintsPass::rm-toks-13-to-16 + ClexHintsPass::rm-toks-5-to-8 + ClexHintsPass::rm-toks-1-to-4)
01:31:59 INFO (92.0%, 6752 bytes, 266 lines, via ClexHintsPass::rm-toks-5-to-8 + BlankPass + ClexHintsPass::rm-toks-1-to-4 + BalancedPass::square)
01:35:34 INFO (92.0%, 6682 bytes, 264 lines, via ClexHintsPass::rm-toks-13-to-16 + ClexHintsPass::rm-toks-5-to-8 + ClexHintsPass::rm-toks-1-to-4 + BalancedPass::curly-only)
01:39:00 INFO (92.2%, 6579 bytes, 260 lines, via LinesPass::1 + BalancedPass::parens-only + ClexHintsPass::rm-toks-1-to-4)
01:42:01 INFO (92.2%, 6557 bytes, 260 lines, via BalancedPass::square)
01:44:36 INFO (92.2%, 6552 bytes, 260 lines, via BlankPass)
01:47:49 INFO (92.2%, 6508 bytes, 258 lines, via LinesPass::None + ClexHintsPass::rm-toks-1-to-4)
01:50:29 INFO (92.3%, 6446 bytes, 256 lines, via LinesPass::1 + BalancedPass::square)
01:52:23 INFO (92.4%, 6414 bytes, 256 lines, via ClexHintsPass::rm-toks-1-to-4)
01:54:41 INFO (92.4%, 6338 bytes, 255 lines, via LinesPass::None)
01:56:22 INFO (92.5%, 6281 bytes, 254 lines, via LinesPass::None)
01:58:09 INFO (92.5%, 6279 bytes, 252 lines, via BalancedPass::curly-only)
01:59:58 INFO (92.6%, 6236 bytes, 252 lines, via BlankPass)
02:05:58 INFO (92.6%, 6233 bytes, 252 lines, via ClexHintsPass::rm-toks-1-to-4)
02:09:09 INFO (92.6%, 6218 bytes, 252 lines, via ClexHintsPass::rm-toks-1-to-4)
02:17:03 INFO (92.6%, 6209 bytes, 252 lines, via ClexHintsPass::rm-toks-1-to-4)
02:23:12 INFO (92.6%, 6191 bytes, 252 lines, via ClexHintsPass::rm-toks-1-to-4)
02:29:05 INFO (92.6%, 6189 bytes, 252 lines, via BalancedPass::parens-only)
02:31:59 INFO (92.7%, 6162 bytes, 251 lines, via LinesPass::1)
02:39:09 INFO (92.7%, 6145 bytes, 251 lines, via ClexHintsPass::rm-toks-5-to-8)
02:48:12 INFO (92.7%, 6102 bytes, 250 lines, via LinesPass::1)
03:39:34 INFO INITIAL PASSES
03:39:34 ERROR Skipping pass UnIfDefPass
03:39:34 ERROR Skipping pass IfPass
03:39:35 INFO ===< BalancedPass::angles, BalancedPass::angles-inside, BalancedPass::angles-only, BalancedPass::curly, BalancedPass::curly-inside, BalancedPass::curly-only, BalancedPass::curly2, BalancedPass::curly3, BalancedPass::parens, BalancedPass::parens-inside, BalancedPass::parens-only, BalancedPass::parens-to-zero, BalancedPass::square, BalancedPass::square-inside, BalancedPass::square-only, BlankPass, ClangHintsPass::callexpr-to-value, ClangHintsPass::remove-unused-function, ClangHintsPass::replace-dependent-typedef, ClangHintsPass::replace-function-def-with-decl, ClangIncludeGraphPass, ClangModuleMapPass, ClexHintsPass::rm-toks-1-to-4, ClexHintsPass::rm-toks-13-to-16, ClexHintsPass::rm-toks-5-to-8, ClexHintsPass::rm-toks-9-to-12, CommentsPass, InlineIncludesPass, LineMarkersPass, LinesPass::0, LinesPass::1, LinesPass::10, LinesPass::2, LinesPass::3, LinesPass::4, LinesPass::6, LinesPass::8, LinesPass::None, MakefilePass, RmUnusedFilesPass, TreeSitterPass::erase-namespace, TreeSitterPass::remove-function, TreeSitterPass::replace-function-def-with-decl >===
03:39:36 INFO ===< IncludesPass >===
03:39:36 INFO ===< CommentsPass >===
03:39:36 INFO ===< LineMarkersPass >===
03:39:39 INFO ===< BlankPass >===
03:39:39 INFO ===< ClangHintsPass::replace-function-def-with-decl (30 T) >===
03:39:39 INFO ===< ClangHintsPass::remove-unused-function (30 T) >===
03:39:39 INFO cache hit for HIPProg.hip
03:39:39 INFO ===< ClangHintsPass::replace-function-def-with-decl (30 T) >===
03:39:39 INFO cache hit for HIPProg.hip
03:39:39 INFO ===< ClangHintsPass::remove-unused-function (30 T) >===
03:39:40 INFO ===< ClangHintsPass::replace-function-def-with-decl >===
03:39:40 INFO ===< ClangHintsPass::remove-unused-function >===
03:39:45 INFO ===< LinesPass::0 >===
03:41:18 INFO ===< LinesPass::1 >===
03:41:25 INFO ===< LinesPass::2 >===
03:41:25 INFO ===< LinesPass::3 >===
03:41:25 INFO ===< LinesPass::4 >===
03:41:25 INFO ===< LinesPass::6 >===
03:41:25 INFO ===< LinesPass::8 >===
03:41:25 INFO ===< LinesPass::10 >===
03:41:25 INFO cache hit for HIPProg.hip
03:41:25 INFO ===< ClangHintsPass::replace-function-def-with-decl >===
03:41:25 INFO cache hit for HIPProg.hip
03:41:25 INFO ===< ClangHintsPass::remove-unused-function >===
03:41:25 INFO cache hit for HIPProg.hip
03:41:25 INFO ===< ClangHintsPass::remove-unused-function >===
03:41:34 INFO ===< BalancedPass::curly >===
03:41:43 INFO ===< BalancedPass::curly2 >===
03:41:57 INFO ===< BalancedPass::curly3 >===
03:42:02 INFO ===< BalancedPass::parens-to-zero >===
03:42:04 INFO ===< ClangHintsPass::callexpr-to-value >===
03:42:04 INFO ===< ClangPass::replace-callexpr >===
03:42:05 INFO ===< ClangPass::simplify-callexpr >===
03:42:04 INFO using C++ standard: c++2b with 0 transformation opportunities
03:42:05 INFO ===< ClangBinarySearchPass::remove-unused-enum-member >===
03:42:05 INFO ===< ClangPass::remove-enum-member-value >===
03:42:05 INFO using C++ standard: c++2b with 6 transformation opportunities
03:42:07 INFO ===< ClangBinarySearchPass::remove-unused-var >===
03:42:08 INFO ===< SpecialPass::a >===
03:42:08 INFO ===< SpecialPass::b >===
03:42:08 INFO INTERLEAVING PASSES
03:42:08 INFO ===< SpecialPass::c >===
03:50:07 INFO (92.7%, 6095 bytes, 249 lines, via ClexHintsPass::rm-toks-1-to-4)
04:01:56 INFO (92.7%, 6088 bytes, 249 lines, via ClexHintsPass::rm-toks-1-to-4)
04:09:54 INFO (92.8%, 6081 bytes, 249 lines, via ClexHintsPass::rm-toks-1-to-4)
04:12:57 INFO (92.8%, 6074 bytes, 249 lines, via ClexHintsPass::rm-toks-1-to-4)
04:17:05 INFO (92.8%, 6067 bytes, 249 lines, via ClexHintsPass::rm-toks-1-to-4)
04:19:27 INFO (92.8%, 6065 bytes, 249 lines, via ClexHintsPass::rm-toks-1-to-4)
04:39:49 INFO (92.8%, 6057 bytes, 249 lines, via ClexHintsPass::rm-toks-1-to-4)
04:42:48 INFO (92.8%, 6051 bytes, 249 lines, via ClexHintsPass::rm-toks-1-to-4)
05:49:33 INFO Termination check: size was 6102; now 6051
05:49:33 INFO ===< BalancedPass::angles, BalancedPass::angles-inside, BalancedPass::angles-only, BalancedPass::curly, BalancedPass::curly-inside, BalancedPass::curly-only, BalancedPass::curly2, BalancedPass::curly3, BalancedPass::parens, BalancedPass::parens-inside, BalancedPass::parens-only, BalancedPass::parens-to-zero, BalancedPass::square, BalancedPass::square-inside, BalancedPass::square-only, BlankPass, ClangHintsPass::callexpr-to-value, ClangHintsPass::remove-unused-function, ClangHintsPass::replace-dependent-typedef, ClangHintsPass::replace-function-def-with-decl, ClangIncludeGraphPass, ClangModuleMapPass, ClexHintsPass::rm-toks-1-to-4, ClexHintsPass::rm-toks-13-to-16, ClexHintsPass::rm-toks-5-to-8, ClexHintsPass::rm-toks-9-to-12, CommentsPass, InlineIncludesPass, LineMarkersPass, LinesPass::0, LinesPass::1, LinesPass::10, LinesPass::2, LinesPass::3, LinesPass::4, LinesPass::6, LinesPass::8, LinesPass::None, MakefilePass, RmUnusedFilesPass, TreeSitterPass::erase-namespace, TreeSitterPass::remove-function, TreeSitterPass::replace-function-def-with-decl >===
07:33:35 INFO Termination check: size was 6051; now 6051
07:33:35 INFO MAIN PASSES
07:33:35 ERROR Skipping pass UnIfDefPass
07:33:35 INFO ===< BalancedPass::angles, BalancedPass::angles-inside, BalancedPass::angles-only, BalancedPass::curly, BalancedPass::curly-inside, BalancedPass::curly-only, BalancedPass::curly2, BalancedPass::curly3, BalancedPass::parens, BalancedPass::parens-inside, BalancedPass::parens-only, BalancedPass::parens-to-zero, BalancedPass::square, BalancedPass::square-inside, BalancedPass::square-only, BlankPass, ClangHintsPass::callexpr-to-value, ClangHintsPass::remove-unused-function, ClangHintsPass::replace-dependent-typedef, ClangHintsPass::replace-function-def-with-decl, ClangIncludeGraphPass, ClangModuleMapPass, ClexHintsPass::rm-toks-1-to-4, ClexHintsPass::rm-toks-13-to-16, ClexHintsPass::rm-toks-5-to-8, ClexHintsPass::rm-toks-9-to-12, CommentsPass, InlineIncludesPass, LineMarkersPass, LinesPass::0, LinesPass::1, LinesPass::10, LinesPass::2, LinesPass::3, LinesPass::4, LinesPass::6, LinesPass::8, LinesPass::None, MakefilePass, RmUnusedFilesPass, TreeSitterPass::erase-namespace, TreeSitterPass::remove-function, TreeSitterPass::replace-function-def-with-decl >===
07:33:35 INFO ===< IncludeIncludesPass >===
07:33:35 INFO ===< TernaryPass::b >===
07:33:35 INFO ===< TernaryPass::c >===
07:33:57 INFO ===< BalancedPass::curly >===
07:34:18 INFO ===< BalancedPass::curly2 >===
07:34:18 INFO ===< BalancedPass::curly3 >===
07:34:33 INFO ===< BalancedPass::parens >===
07:34:34 INFO ===< BalancedPass::angles >===
07:34:43 INFO ===< BalancedPass::square >===
07:35:00 INFO ===< BalancedPass::curly-inside >===
07:35:09 INFO ===< BalancedPass::parens-inside >===
07:35:10 INFO ===< BalancedPass::angles-inside >===
07:35:22 INFO ===< BalancedPass::square-inside >===
07:35:32 INFO ===< BalancedPass::curly-only >===
07:35:34 INFO ===< BalancedPass::angles-only >===
07:35:46 INFO ===< BalancedPass::square-only >===
07:35:46 INFO ===< ClangPass::remove-namespace >===
07:36:08 INFO (92.8%, 6067 bytes, 250 lines)
07:36:23 INFO (92.8%, 6082 bytes, 251 lines)
07:36:38 INFO (92.7%, 6094 bytes, 252 lines)
07:36:50 INFO (92.7%, 6109 bytes, 253 lines)
07:36:50 INFO ===< ClangPass::aggregate-to-scalar >===
07:36:50 INFO ===< ClangPass::param-to-global >===
07:36:52 INFO ===< ClangPass::param-to-local >===
07:36:52 INFO ===< ClangPass::remove-nested-function >===
07:36:52 INFO ===< ClangPass::union-to-struct >===
07:36:53 INFO ===< ClangPass::return-void >===
07:36:53 INFO ===< ClangPass::simple-inliner >===
07:37:06 INFO ===< ClangPass::reduce-pointer-level >===
07:37:06 INFO ===< ClangPass::lift-assignment-expr >===
07:37:06 INFO ===< ClangPass::copy-propagation >===
07:37:07 INFO ===< ClangHintsPass::callexpr-to-value >===
07:37:07 INFO ===< ClangPass::replace-callexpr >===
07:37:09 INFO ===< ClangPass::simplify-callexpr >===
07:37:09 INFO ===< ClangHintsPass::remove-unused-function >===
07:37:08 INFO using C++ standard: c++2b with 0 transformation opportunities
07:37:09 INFO ===< ClangBinarySearchPass::remove-unused-enum-member >===
07:37:09 INFO ===< ClangPass::remove-enum-member-value >===
07:37:09 INFO using C++ standard: c++2b with 6 transformation opportunities
07:37:11 INFO ===< ClangBinarySearchPass::remove-unused-var >===
07:37:11 INFO ===< ClangPass::simplify-if >===
07:37:11 INFO ===< ClangPass::reduce-array-dim >===
07:37:11 INFO ===< ClangPass::reduce-array-size >===
07:37:11 INFO ===< ClangPass::move-definition-to-declaration >===
07:37:11 INFO ===< ClangPass::simplify-comma-expr >===
07:37:11 INFO ===< ClangPass::simplify-dependent-typedef >===
07:37:11 INFO ===< ClangPass::replace-simple-typedef >===
07:37:11 INFO ===< ClangHintsPass::replace-dependent-typedef >===
07:37:12 INFO ===< ClangPass::replace-one-level-typedef-type >===
07:37:41 INFO (92.7%, 6087 bytes, 251 lines)
07:38:05 INFO (92.8%, 6076 bytes, 249 lines)
07:38:26 INFO (92.8%, 6049 bytes, 248 lines)
07:38:45 INFO (92.8%, 6032 bytes, 247 lines)
07:39:02 INFO (92.8%, 6005 bytes, 246 lines)
07:39:21 INFO (92.9%, 5970 bytes, 245 lines)
07:39:48 INFO ===< ClangPass::remove-unused-field >===
07:39:49 INFO ===< ClangPass::instantiate-template-type-param-to-int >===
07:39:49 INFO ===< ClangPass::instantiate-template-param >===
07:39:49 INFO ===< ClangPass::template-arg-to-int >===
07:39:49 INFO ===< ClangPass::template-non-type-arg-to-int >===
07:39:49 INFO ===< ClangPass::reduce-class-template-param >===
07:39:49 INFO ===< ClangPass::remove-trivial-base-template >===
07:39:49 INFO ===< ClangPass::class-template-to-class >===
07:39:49 INFO ===< ClangPass::merge-base-class >===
07:39:49 INFO ===< ClangPass::remove-base-class >===
07:39:49 INFO ===< ClangPass::replace-derived-class >===
07:39:49 INFO ===< ClangPass::remove-unresolved-base >===
07:39:50 INFO ===< ClangPass::remove-ctor-initializer >===
07:39:50 INFO ===< ClangPass::replace-class-with-base-template-spec >===
07:39:50 INFO ===< ClangPass::simplify-nested-class >===
07:39:50 INFO ===< ClangPass::remove-unused-outer-class >===
07:39:50 INFO ===< ClangPass::empty-struct-to-int >===
07:39:50 INFO ===< ClangPass::remove-pointer >===
07:39:50 INFO ===< ClangPass::reduce-pointer-pairs >===
07:39:50 INFO ===< ClangPass::remove-array >===
07:39:50 INFO ===< ClangPass::remove-addr-taken >===
07:39:51 INFO ===< ClangPass::simplify-struct >===
07:39:51 INFO ===< ClangPass::replace-undefined-function >===
07:39:51 INFO ===< ClangPass::replace-array-index-var >===
07:39:51 INFO ===< ClangPass::replace-array-access-with-index >===
07:39:51 INFO ===< ClangPass::replace-dependent-name >===
07:39:51 INFO ===< ClangPass::simplify-recursive-template-instantiation >===
07:39:51 INFO ===< ClangPass::vector-to-array >===
07:39:51 INFO ===< ClangPass::remove-try-catch >===
07:39:51 INFO ===< ClangPass::class-to-struct >===
07:40:24 INFO ===< ClangPass::member-to-global >===
07:40:29 INFO ===< LinesPass::0 >===
07:42:03 INFO ===< LinesPass::1 >===
07:42:09 INFO ===< LinesPass::2 >===
07:42:09 INFO ===< LinesPass::3 >===
07:42:09 INFO ===< LinesPass::4 >===
07:42:09 INFO ===< LinesPass::6 >===
07:42:09 INFO ===< LinesPass::8 >===
07:42:09 INFO ===< LinesPass::10 >===
07:42:09 INFO ===< CommentsPass >===
07:42:09 INFO ===< SpecialPass::b >===
07:42:09 INFO ===< SpecialPass::c >===
07:42:09 INFO ===< IndentPass::regular >===
07:42:18 INFO ===< BalancedPass::parens-to-zero >===
09:24:53 INFO ===< ClexHintsPass::rm-toks-1-to-16 >===
10:15:35 INFO ===< ClexPass::rm-tok-pattern-4 >===
10:15:39 INFO ===< ClangPass::local-to-global >===
10:16:02 INFO ===< PeepPass::c >===
10:16:23 INFO (92.9%, 5969 bytes, 245 lines)
10:16:40 INFO (92.9%, 5968 bytes, 245 lines)
10:17:05 INFO (92.9%, 5967 bytes, 245 lines)
10:17:30 INFO (92.9%, 5966 bytes, 245 lines)
10:17:53 INFO (92.9%, 5965 bytes, 245 lines)
10:18:09 INFO (92.9%, 5964 bytes, 245 lines)
10:18:26 INFO (92.9%, 5963 bytes, 245 lines)
10:18:49 INFO (92.9%, 5962 bytes, 245 lines)
10:19:15 INFO (92.9%, 5961 bytes, 245 lines)
10:19:40 INFO (92.9%, 5960 bytes, 245 lines)
10:20:00 INFO (92.9%, 5959 bytes, 245 lines)
10:20:24 INFO (92.9%, 5958 bytes, 245 lines)
10:20:42 INFO (92.9%, 5957 bytes, 245 lines)
10:21:04 INFO (92.9%, 5956 bytes, 245 lines)
10:21:32 INFO (92.9%, 5955 bytes, 245 lines)
10:21:50 INFO (92.9%, 5954 bytes, 245 lines)
10:22:08 INFO (92.9%, 5953 bytes, 245 lines)
10:22:25 INFO (92.9%, 5952 bytes, 245 lines)
10:22:45 INFO (92.9%, 5951 bytes, 245 lines)
10:23:03 INFO (92.9%, 5950 bytes, 245 lines)
10:23:21 INFO (92.9%, 5949 bytes, 245 lines)
10:23:40 INFO (92.9%, 5948 bytes, 245 lines)
10:23:58 INFO (92.9%, 5947 bytes, 245 lines)
10:24:21 INFO (92.9%, 5946 bytes, 245 lines)
10:24:38 INFO (92.9%, 5945 bytes, 245 lines)
10:24:55 INFO (92.9%, 5944 bytes, 245 lines)
10:25:16 INFO (92.9%, 5943 bytes, 245 lines)
10:25:34 INFO (92.9%, 5942 bytes, 245 lines)
10:25:58 INFO (92.9%, 5941 bytes, 245 lines)
10:26:15 INFO (92.9%, 5940 bytes, 245 lines)
10:26:32 INFO (92.9%, 5939 bytes, 245 lines)
10:26:56 INFO (92.9%, 5938 bytes, 245 lines)
10:27:16 INFO (92.9%, 5937 bytes, 245 lines)
10:27:40 INFO (92.9%, 5936 bytes, 245 lines)
10:27:57 INFO (92.9%, 5935 bytes, 245 lines)
10:28:12 INFO (92.9%, 5934 bytes, 245 lines)
10:28:32 INFO (92.9%, 5933 bytes, 245 lines)
10:28:52 INFO (92.9%, 5932 bytes, 245 lines)
10:29:09 INFO (92.9%, 5931 bytes, 245 lines)
10:29:32 INFO (92.9%, 5930 bytes, 245 lines)
10:29:50 INFO (92.9%, 5929 bytes, 245 lines)
10:30:15 INFO (92.9%, 5928 bytes, 245 lines)
10:30:32 INFO (92.9%, 5927 bytes, 245 lines)
10:30:49 INFO (92.9%, 5926 bytes, 245 lines)
10:31:05 INFO (92.9%, 5925 bytes, 245 lines)
10:31:28 INFO (92.9%, 5924 bytes, 245 lines)
10:31:45 INFO (92.9%, 5923 bytes, 245 lines)
10:32:01 INFO (92.9%, 5922 bytes, 245 lines)
10:32:18 INFO (92.9%, 5921 bytes, 245 lines)
10:32:35 INFO (92.9%, 5920 bytes, 245 lines)
10:32:58 INFO (92.9%, 5919 bytes, 245 lines)
10:33:15 INFO (92.9%, 5918 bytes, 245 lines)
10:33:31 INFO (92.9%, 5917 bytes, 245 lines)
10:33:48 INFO (92.9%, 5916 bytes, 245 lines)
10:34:05 INFO (93.0%, 5915 bytes, 245 lines)
10:34:25 INFO (93.0%, 5914 bytes, 245 lines)
10:34:44 INFO (93.0%, 5913 bytes, 245 lines)
10:35:06 INFO (93.0%, 5912 bytes, 245 lines)
10:35:29 INFO (93.0%, 5911 bytes, 245 lines)
10:35:52 INFO (93.0%, 5910 bytes, 245 lines)
10:36:09 INFO (93.0%, 5909 bytes, 245 lines)
10:36:32 INFO (93.0%, 5908 bytes, 245 lines)
10:36:49 INFO (93.0%, 5907 bytes, 245 lines)
10:37:06 INFO (93.0%, 5906 bytes, 245 lines)
10:37:23 INFO (93.0%, 5905 bytes, 245 lines)
10:37:40 INFO (93.0%, 5904 bytes, 245 lines)
10:37:56 INFO (93.0%, 5903 bytes, 245 lines)
10:38:13 INFO (93.0%, 5902 bytes, 245 lines)
10:38:31 INFO (93.0%, 5901 bytes, 245 lines)
10:38:47 INFO (93.0%, 5900 bytes, 245 lines)
10:39:10 INFO (93.0%, 5899 bytes, 245 lines)
10:39:33 INFO (93.0%, 5898 bytes, 245 lines)
10:39:53 INFO (93.0%, 5897 bytes, 245 lines)
10:40:09 INFO (93.0%, 5896 bytes, 245 lines)
10:40:31 INFO (93.0%, 5895 bytes, 245 lines)
10:40:47 INFO (93.0%, 5894 bytes, 245 lines)
10:41:04 INFO (93.0%, 5893 bytes, 245 lines)
10:41:21 INFO (93.0%, 5892 bytes, 245 lines)
10:41:37 INFO (93.0%, 5891 bytes, 245 lines)
10:42:00 INFO (93.0%, 5890 bytes, 245 lines)
10:42:24 INFO (93.0%, 5889 bytes, 245 lines)
10:42:40 INFO (93.0%, 5888 bytes, 245 lines)
10:43:03 INFO (93.0%, 5887 bytes, 245 lines)
10:43:19 INFO (93.0%, 5886 bytes, 245 lines)
10:43:36 INFO (93.0%, 5885 bytes, 245 lines)
10:43:55 INFO (93.0%, 5884 bytes, 245 lines)
10:44:18 INFO (93.0%, 5883 bytes, 245 lines)
10:44:37 INFO (93.0%, 5882 bytes, 245 lines)
10:45:00 INFO (93.0%, 5881 bytes, 245 lines)
10:45:22 INFO (93.0%, 5880 bytes, 245 lines)
10:45:40 INFO (93.0%, 5879 bytes, 245 lines)
10:45:57 INFO (93.0%, 5878 bytes, 245 lines)
10:46:18 INFO (93.0%, 5877 bytes, 245 lines)
10:46:37 INFO (93.0%, 5876 bytes, 245 lines)
10:47:16 INFO (93.0%, 5875 bytes, 245 lines)
10:47:32 INFO (93.0%, 5874 bytes, 245 lines)
10:47:48 INFO (93.0%, 5873 bytes, 245 lines)
10:48:10 INFO (93.0%, 5872 bytes, 245 lines)
10:48:32 INFO (93.0%, 5871 bytes, 245 lines)
10:48:55 INFO (93.0%, 5870 bytes, 245 lines)
10:49:17 INFO (93.0%, 5869 bytes, 245 lines)
10:49:35 INFO (93.0%, 5868 bytes, 245 lines)
10:49:58 INFO (93.0%, 5867 bytes, 245 lines)
10:50:20 INFO (93.0%, 5866 bytes, 245 lines)
10:50:42 INFO (93.0%, 5865 bytes, 245 lines)
10:51:01 INFO (93.0%, 5864 bytes, 245 lines)
10:51:17 INFO (93.0%, 5863 bytes, 245 lines)
10:51:40 INFO (93.0%, 5862 bytes, 245 lines)
10:51:55 INFO (93.0%, 5861 bytes, 245 lines)
10:52:18 INFO (93.0%, 5860 bytes, 245 lines)
10:52:35 INFO (93.0%, 5859 bytes, 245 lines)
10:52:54 INFO (93.0%, 5858 bytes, 245 lines)
10:53:11 INFO (93.0%, 5857 bytes, 245 lines)
10:53:31 INFO (93.0%, 5856 bytes, 245 lines)
10:53:53 INFO (93.0%, 5855 bytes, 245 lines)
10:54:13 INFO (93.0%, 5854 bytes, 245 lines)
10:54:29 INFO (93.0%, 5853 bytes, 245 lines)
10:54:51 INFO (93.0%, 5852 bytes, 245 lines)
10:55:11 INFO (93.0%, 5851 bytes, 245 lines)
10:55:34 INFO (93.0%, 5850 bytes, 245 lines)
10:55:50 INFO (93.0%, 5849 bytes, 245 lines)
10:56:10 INFO (93.0%, 5848 bytes, 245 lines)
10:56:29 INFO (93.0%, 5847 bytes, 245 lines)
10:56:46 INFO (93.0%, 5846 bytes, 245 lines)
10:57:05 INFO (93.0%, 5845 bytes, 245 lines)
10:57:25 INFO (93.0%, 5844 bytes, 245 lines)
10:57:47 INFO (93.0%, 5843 bytes, 245 lines)
10:58:07 INFO (93.0%, 5842 bytes, 245 lines)
10:58:24 INFO (93.0%, 5841 bytes, 245 lines)
10:58:41 INFO (93.0%, 5840 bytes, 245 lines)
10:59:00 INFO (93.0%, 5839 bytes, 245 lines)
10:59:16 INFO (93.0%, 5838 bytes, 245 lines)
10:59:32 INFO (93.0%, 5837 bytes, 245 lines)
10:59:49 INFO (93.0%, 5836 bytes, 245 lines)
11:00:05 INFO (93.0%, 5835 bytes, 245 lines)
11:00:27 INFO (93.0%, 5834 bytes, 245 lines)
11:00:42 INFO (93.0%, 5833 bytes, 245 lines)
11:00:58 INFO (93.0%, 5832 bytes, 245 lines)
11:01:14 INFO (93.1%, 5831 bytes, 245 lines)
11:01:33 INFO (93.1%, 5830 bytes, 245 lines)
11:01:50 INFO (93.1%, 5829 bytes, 245 lines)
11:02:09 INFO (93.1%, 5828 bytes, 245 lines)
11:02:25 INFO (93.1%, 5827 bytes, 245 lines)
11:02:41 INFO (93.1%, 5826 bytes, 245 lines)
11:02:57 INFO (93.1%, 5825 bytes, 245 lines)
11:03:13 INFO (93.1%, 5824 bytes, 245 lines)
11:03:30 INFO (93.1%, 5823 bytes, 245 lines)
11:03:49 INFO (93.1%, 5822 bytes, 245 lines)
11:04:06 INFO (93.1%, 5821 bytes, 245 lines)
11:04:23 INFO (93.1%, 5820 bytes, 245 lines)
11:04:40 INFO (93.1%, 5819 bytes, 245 lines)
11:05:01 INFO (93.1%, 5818 bytes, 245 lines)
11:05:20 INFO (93.1%, 5817 bytes, 245 lines)
11:05:43 INFO (93.1%, 5816 bytes, 245 lines)
11:06:03 INFO (93.1%, 5815 bytes, 245 lines)
11:06:20 INFO (93.1%, 5814 bytes, 245 lines)
11:06:37 INFO (93.1%, 5813 bytes, 245 lines)
11:06:58 INFO (93.1%, 5812 bytes, 245 lines)
11:07:11 INFO (93.1%, 5811 bytes, 245 lines)
11:08:08 INFO (93.1%, 5810 bytes, 245 lines)
11:08:25 INFO (93.1%, 5809 bytes, 245 lines)
11:08:43 INFO (93.1%, 5808 bytes, 245 lines)
11:09:00 INFO (93.1%, 5807 bytes, 245 lines)
11:09:16 INFO (93.1%, 5806 bytes, 245 lines)
11:09:33 INFO (93.1%, 5805 bytes, 245 lines)
11:09:54 INFO (93.1%, 5804 bytes, 245 lines)
11:10:18 INFO (93.1%, 5803 bytes, 245 lines)
11:10:35 INFO (93.1%, 5802 bytes, 245 lines)
11:10:51 INFO (93.1%, 5801 bytes, 245 lines)
11:11:10 INFO (93.1%, 5800 bytes, 245 lines)
11:11:27 INFO (93.1%, 5799 bytes, 245 lines)
11:11:47 INFO (93.1%, 5798 bytes, 245 lines)
11:12:09 INFO (93.1%, 5797 bytes, 245 lines)
11:12:31 INFO (93.1%, 5796 bytes, 245 lines)
11:12:47 INFO (93.1%, 5795 bytes, 245 lines)
11:13:10 INFO (93.1%, 5794 bytes, 245 lines)
11:13:29 INFO (93.1%, 5793 bytes, 245 lines)
11:13:51 INFO (93.1%, 5792 bytes, 245 lines)
11:14:08 INFO (93.1%, 5791 bytes, 245 lines)
11:14:27 INFO (93.1%, 5790 bytes, 245 lines)
11:14:50 INFO (93.1%, 5789 bytes, 245 lines)
11:15:16 INFO (93.1%, 5788 bytes, 245 lines)
11:15:34 INFO (93.1%, 5787 bytes, 245 lines)
11:15:53 INFO (93.1%, 5786 bytes, 245 lines)
11:16:10 INFO (93.1%, 5785 bytes, 245 lines)
11:16:31 INFO (93.1%, 5784 bytes, 245 lines)
11:16:48 INFO (93.1%, 5783 bytes, 245 lines)
11:17:13 INFO (93.1%, 5782 bytes, 245 lines)
11:17:30 INFO (93.1%, 5781 bytes, 245 lines)
11:17:53 INFO (93.1%, 5780 bytes, 245 lines)
11:18:17 INFO (93.1%, 5779 bytes, 245 lines)
11:18:38 INFO (93.1%, 5778 bytes, 245 lines)
11:18:57 INFO (93.1%, 5777 bytes, 245 lines)
11:19:19 INFO (93.1%, 5776 bytes, 245 lines)
11:19:43 INFO (93.1%, 5775 bytes, 245 lines)
11:20:06 INFO (93.1%, 5774 bytes, 245 lines)
11:20:30 INFO (93.1%, 5773 bytes, 245 lines)
11:20:46 INFO (93.1%, 5772 bytes, 245 lines)
11:21:05 INFO (93.1%, 5771 bytes, 245 lines)
11:21:33 INFO (93.1%, 5770 bytes, 245 lines)
11:21:51 INFO (93.1%, 5769 bytes, 245 lines)
11:22:10 INFO (93.1%, 5768 bytes, 245 lines)
11:22:41 INFO (93.1%, 5767 bytes, 245 lines)
11:23:00 INFO (93.1%, 5766 bytes, 245 lines)
11:23:17 INFO (93.1%, 5765 bytes, 245 lines)
11:23:41 INFO (93.1%, 5764 bytes, 245 lines)
11:24:02 INFO (93.1%, 5763 bytes, 245 lines)
11:24:26 INFO (93.1%, 5762 bytes, 245 lines)
11:24:44 INFO (93.1%, 5761 bytes, 245 lines)
11:25:05 INFO (93.1%, 5760 bytes, 245 lines)
11:25:28 INFO (93.1%, 5759 bytes, 245 lines)
11:25:49 INFO (93.1%, 5758 bytes, 245 lines)
11:26:13 INFO (93.1%, 5757 bytes, 245 lines)
11:26:31 INFO (93.1%, 5756 bytes, 245 lines)
11:26:49 INFO (93.1%, 5755 bytes, 245 lines)
11:27:13 INFO (93.1%, 5754 bytes, 245 lines)
11:27:37 INFO (93.1%, 5753 bytes, 245 lines)
11:27:58 INFO (93.1%, 5752 bytes, 245 lines)
11:28:18 INFO (93.1%, 5751 bytes, 245 lines)
11:28:38 INFO (93.1%, 5750 bytes, 245 lines)
11:28:54 INFO (93.1%, 5749 bytes, 245 lines)
11:29:10 INFO (93.1%, 5748 bytes, 245 lines)
11:29:26 INFO (93.2%, 5747 bytes, 245 lines)
11:29:41 INFO (93.2%, 5746 bytes, 245 lines)
11:29:52 INFO (93.2%, 5745 bytes, 245 lines)
11:30:04 INFO (93.2%, 5744 bytes, 245 lines)
11:30:15 INFO (93.2%, 5743 bytes, 245 lines)
11:30:26 INFO (93.2%, 5742 bytes, 245 lines)
11:30:38 INFO (93.2%, 5741 bytes, 245 lines)
11:31:03 INFO (93.2%, 5740 bytes, 245 lines)
11:31:44 INFO (93.2%, 5739 bytes, 245 lines)
11:32:14 INFO (93.2%, 5738 bytes, 245 lines)
11:33:10 INFO (93.2%, 5737 bytes, 245 lines)
11:33:53 INFO (93.2%, 5736 bytes, 245 lines)
11:34:10 INFO (93.2%, 5735 bytes, 245 lines)
11:34:21 INFO (93.2%, 5734 bytes, 245 lines)
11:34:32 INFO (93.2%, 5733 bytes, 245 lines)
11:35:03 INFO ===< IntsPass::a >===
11:35:33 INFO (93.2%, 5731 bytes, 245 lines)
11:35:55 INFO (93.2%, 5729 bytes, 245 lines)
11:36:18 INFO (93.2%, 5727 bytes, 245 lines)
11:37:00 INFO (93.2%, 5725 bytes, 245 lines)
11:37:20 INFO (93.2%, 5723 bytes, 245 lines)
11:37:38 INFO (93.2%, 5721 bytes, 245 lines)
11:37:54 INFO (93.2%, 5719 bytes, 245 lines)
11:38:09 INFO (93.2%, 5717 bytes, 245 lines)
11:39:18 INFO (93.2%, 5715 bytes, 245 lines)
11:39:39 INFO (93.2%, 5713 bytes, 245 lines)
11:40:00 INFO (93.2%, 5711 bytes, 245 lines)
11:40:20 INFO (93.2%, 5709 bytes, 245 lines)
11:40:41 INFO (93.2%, 5707 bytes, 245 lines)
11:41:02 INFO (93.2%, 5705 bytes, 245 lines)
11:41:23 INFO (93.2%, 5703 bytes, 245 lines)
11:41:39 INFO (93.2%, 5701 bytes, 245 lines)
11:41:51 INFO (93.2%, 5699 bytes, 245 lines)
11:41:55 INFO ===< IntsPass::b >===
11:42:14 INFO (93.2%, 5698 bytes, 245 lines)
11:42:34 INFO (93.2%, 5696 bytes, 245 lines)
11:42:50 INFO (93.2%, 5694 bytes, 245 lines)
11:43:12 INFO (93.2%, 5693 bytes, 245 lines)
11:43:28 INFO (93.2%, 5692 bytes, 245 lines)
11:43:48 INFO (93.2%, 5691 bytes, 245 lines)
11:44:04 INFO (93.2%, 5690 bytes, 245 lines)
11:44:27 INFO (93.2%, 5689 bytes, 245 lines)
11:44:43 INFO (93.2%, 5688 bytes, 245 lines)
11:45:00 INFO (93.2%, 5687 bytes, 245 lines)
11:45:17 INFO (93.2%, 5685 bytes, 245 lines)
11:45:39 INFO (93.2%, 5684 bytes, 245 lines)
11:45:57 INFO (93.2%, 5683 bytes, 245 lines)
11:46:17 INFO (93.2%, 5682 bytes, 245 lines)
11:46:37 INFO (93.2%, 5681 bytes, 245 lines)
11:47:00 INFO (93.2%, 5679 bytes, 245 lines)
11:47:14 INFO (93.2%, 5678 bytes, 245 lines)
11:47:46 INFO (93.2%, 5677 bytes, 245 lines)
11:48:02 INFO (93.2%, 5676 bytes, 245 lines)
11:48:19 INFO (93.2%, 5675 bytes, 245 lines)
11:48:41 INFO (93.2%, 5674 bytes, 245 lines)
11:49:04 INFO (93.2%, 5673 bytes, 245 lines)
11:49:21 INFO (93.2%, 5672 bytes, 245 lines)
11:49:37 INFO (93.2%, 5670 bytes, 245 lines)
11:49:54 INFO (93.2%, 5668 bytes, 245 lines)
11:50:10 INFO (93.2%, 5666 bytes, 245 lines)
11:50:26 INFO (93.2%, 5664 bytes, 245 lines)
11:50:43 INFO (93.3%, 5662 bytes, 245 lines)
11:50:59 INFO (93.3%, 5660 bytes, 245 lines)
11:51:16 INFO (93.3%, 5658 bytes, 245 lines)
11:51:36 INFO (93.3%, 5657 bytes, 245 lines)
11:51:53 INFO (93.3%, 5656 bytes, 245 lines)
11:52:12 INFO (93.3%, 5654 bytes, 245 lines)
11:52:29 INFO (93.3%, 5653 bytes, 245 lines)
11:52:46 INFO (93.3%, 5652 bytes, 245 lines)
11:53:05 INFO (93.3%, 5650 bytes, 245 lines)
11:53:22 INFO (93.3%, 5649 bytes, 245 lines)
11:53:41 INFO (93.3%, 5647 bytes, 245 lines)
11:53:58 INFO (93.3%, 5646 bytes, 245 lines)
11:54:18 INFO (93.3%, 5645 bytes, 245 lines)
11:54:40 INFO (93.3%, 5644 bytes, 245 lines)
11:54:57 INFO (93.3%, 5643 bytes, 245 lines)
11:55:14 INFO (93.3%, 5642 bytes, 245 lines)
11:55:32 INFO (93.3%, 5640 bytes, 245 lines)
11:55:49 INFO (93.3%, 5638 bytes, 245 lines)
11:56:08 INFO (93.3%, 5636 bytes, 245 lines)
11:56:25 INFO (93.3%, 5634 bytes, 245 lines)
11:56:42 INFO (93.3%, 5632 bytes, 245 lines)
11:56:59 INFO (93.3%, 5630 bytes, 245 lines)
11:57:18 INFO (93.3%, 5629 bytes, 245 lines)
11:57:41 INFO (93.3%, 5628 bytes, 245 lines)
11:57:57 INFO (93.3%, 5627 bytes, 245 lines)
11:58:17 INFO (93.3%, 5626 bytes, 245 lines)
11:58:33 INFO (93.3%, 5624 bytes, 245 lines)
11:58:51 INFO (93.3%, 5623 bytes, 245 lines)
11:59:02 INFO (93.3%, 5622 bytes, 245 lines)
11:59:11 INFO (93.3%, 5620 bytes, 245 lines)
11:59:11 INFO ===< IntsPass::c >===
11:59:28 INFO (93.3%, 5619 bytes, 245 lines)
11:59:45 INFO (93.3%, 5618 bytes, 245 lines)
12:00:01 INFO (93.3%, 5617 bytes, 245 lines)
12:00:18 INFO (93.3%, 5616 bytes, 245 lines)
12:00:37 INFO (93.3%, 5615 bytes, 245 lines)
12:00:59 INFO (93.3%, 5614 bytes, 245 lines)
12:01:16 INFO (93.3%, 5613 bytes, 245 lines)
12:01:39 INFO (93.3%, 5612 bytes, 245 lines)
12:01:57 INFO (93.3%, 5611 bytes, 245 lines)
12:02:11 INFO (93.3%, 5610 bytes, 245 lines)
12:02:25 INFO (93.3%, 5609 bytes, 245 lines)
12:02:34 INFO (93.3%, 5608 bytes, 245 lines)
12:02:34 INFO ===< IntsPass::d >===
12:02:34 INFO ===< IntsPass::c >===
12:02:41 INFO ===< BalancedPass::parens-only >===
12:02:42 INFO ===< ClexPass::delete-string >===
12:02:43 INFO Termination check: size was 6051; now 5608
12:02:43 ERROR Skipping pass UnIfDefPass
12:02:43 INFO ===< ClexPass::define >===
12:02:43 INFO ===< IncludeIncludesPass >===
12:02:43 INFO ===< TernaryPass::b >===
12:02:43 INFO ===< TernaryPass::c >===
12:02:58 INFO ===< BalancedPass::curly >===
12:03:12 INFO ===< BalancedPass::curly2 >===
12:03:12 INFO ===< BalancedPass::curly3 >===
12:03:22 INFO ===< BalancedPass::parens >===
12:03:23 INFO ===< BalancedPass::angles >===
12:03:32 INFO ===< BalancedPass::square >===
12:03:46 INFO ===< BalancedPass::curly-inside >===
12:03:51 INFO ===< BalancedPass::parens-inside >===
12:03:52 INFO ===< BalancedPass::angles-inside >===
12:04:01 INFO ===< BalancedPass::square-inside >===
12:04:11 INFO ===< BalancedPass::curly-only >===
12:04:13 INFO ===< BalancedPass::angles-only >===
12:04:22 INFO ===< BalancedPass::square-only >===
12:04:22 INFO ===< ClangPass::remove-namespace >===
12:04:22 INFO ===< ClangPass::aggregate-to-scalar >===
12:04:22 INFO ===< ClangPass::param-to-global >===
12:04:23 INFO ===< ClangPass::param-to-local >===
12:04:23 INFO ===< ClangPass::remove-nested-function >===
12:04:23 INFO ===< ClangPass::union-to-struct >===
12:04:24 INFO ===< ClangPass::return-void >===
12:04:24 INFO ===< ClangPass::simple-inliner >===
12:04:34 INFO ===< ClangPass::reduce-pointer-level >===
12:04:34 INFO ===< ClangPass::lift-assignment-expr >===
12:04:34 INFO ===< ClangPass::copy-propagation >===
12:04:35 INFO ===< ClangHintsPass::callexpr-to-value >===
12:04:35 INFO ===< ClangPass::replace-callexpr >===
12:04:37 INFO ===< ClangPass::simplify-callexpr >===
12:04:37 INFO ===< ClangHintsPass::remove-unused-function >===
12:04:36 INFO using C++ standard: c++2b with 0 transformation opportunities
12:04:37 INFO ===< ClangBinarySearchPass::remove-unused-enum-member >===
12:04:37 INFO ===< ClangPass::remove-enum-member-value >===
12:04:37 INFO using C++ standard: c++2b with 6 transformation opportunities
12:04:39 INFO ===< ClangBinarySearchPass::remove-unused-var >===
12:04:39 INFO ===< ClangPass::simplify-if >===
12:04:39 INFO ===< ClangPass::reduce-array-dim >===
12:04:39 INFO ===< ClangPass::reduce-array-size >===
12:04:39 INFO ===< ClangPass::move-definition-to-declaration >===
12:04:39 INFO ===< ClangPass::simplify-comma-expr >===
12:04:39 INFO ===< ClangPass::simplify-dependent-typedef >===
12:04:39 INFO ===< ClangPass::replace-simple-typedef >===
12:04:39 INFO ===< ClangHintsPass::replace-dependent-typedef >===
12:04:39 INFO ===< ClangPass::replace-one-level-typedef-type >===
12:05:11 INFO ===< ClangPass::remove-unused-field >===
12:05:11 INFO ===< ClangPass::instantiate-template-type-param-to-int >===
12:05:11 INFO ===< ClangPass::instantiate-template-param >===
12:05:11 INFO ===< ClangPass::template-arg-to-int >===
12:05:11 INFO ===< ClangPass::template-non-type-arg-to-int >===
12:05:11 INFO ===< ClangPass::reduce-class-template-param >===
12:05:11 INFO ===< ClangPass::remove-trivial-base-template >===
12:05:11 INFO ===< ClangPass::class-template-to-class >===
12:05:12 INFO ===< ClangPass::merge-base-class >===
12:05:12 INFO ===< ClangPass::remove-base-class >===
12:05:12 INFO ===< ClangPass::replace-derived-class >===
12:05:12 INFO ===< ClangPass::remove-unresolved-base >===
12:05:12 INFO ===< ClangPass::remove-ctor-initializer >===
12:05:12 INFO ===< ClangPass::replace-class-with-base-template-spec >===
12:05:12 INFO ===< ClangPass::simplify-nested-class >===
12:05:12 INFO ===< ClangPass::remove-unused-outer-class >===
12:05:12 INFO ===< ClangPass::empty-struct-to-int >===
12:05:12 INFO ===< ClangPass::remove-pointer >===
12:05:12 INFO ===< ClangPass::reduce-pointer-pairs >===
12:05:12 INFO ===< ClangPass::remove-array >===
12:05:12 INFO ===< ClangPass::remove-addr-taken >===
12:05:13 INFO ===< ClangPass::simplify-struct >===
12:05:13 INFO ===< ClangPass::replace-undefined-function >===
12:05:13 INFO ===< ClangPass::replace-array-index-var >===
12:05:13 INFO ===< ClangPass::replace-array-access-with-index >===
12:05:13 INFO ===< ClangPass::replace-dependent-name >===
12:05:13 INFO ===< ClangPass::simplify-recursive-template-instantiation >===
12:05:13 INFO ===< ClangPass::vector-to-array >===
12:05:13 INFO ===< ClangPass::remove-try-catch >===
12:05:13 INFO ===< ClangPass::class-to-struct >===
12:05:45 INFO ===< ClangPass::member-to-global >===
12:05:49 INFO ===< LinesPass::0 >===
12:07:18 INFO ===< LinesPass::1 >===
12:07:49 INFO ===< LinesPass::2 >===
12:07:49 INFO ===< LinesPass::3 >===
12:07:49 INFO ===< LinesPass::4 >===
12:07:49 INFO ===< LinesPass::6 >===
12:07:49 INFO ===< LinesPass::8 >===
12:07:49 INFO ===< LinesPass::10 >===
12:07:49 INFO ===< CommentsPass >===
12:07:49 INFO ===< SpecialPass::b >===
12:07:49 INFO ===< SpecialPass::c >===
12:07:49 INFO ===< IndentPass::regular >===
12:07:57 INFO ===< BalancedPass::parens-to-zero >===
13:59:53 INFO ===< ClexHintsPass::rm-toks-1-to-16 >===
14:54:33 INFO ===< ClexPass::rm-tok-pattern-4 >===
14:54:36 INFO ===< ClangPass::local-to-global >===
14:55:01 INFO ===< PeepPass::c >===
14:55:22 INFO (93.3%, 5607 bytes, 245 lines)
14:55:57 INFO (93.3%, 5606 bytes, 245 lines)
14:56:24 INFO (93.3%, 5605 bytes, 245 lines)
14:56:53 INFO (93.3%, 5604 bytes, 245 lines)
14:57:40 INFO (93.3%, 5603 bytes, 245 lines)
14:58:18 INFO (93.3%, 5602 bytes, 245 lines)
14:58:47 INFO (93.3%, 5601 bytes, 245 lines)
14:59:11 INFO (93.3%, 5600 bytes, 245 lines)
14:59:31 INFO (93.3%, 5599 bytes, 245 lines)
14:59:45 INFO (93.3%, 5598 bytes, 245 lines)
14:59:58 INFO (93.3%, 5597 bytes, 245 lines)
15:00:05 INFO ===< IntsPass::a >===
15:00:05 INFO ===< IntsPass::b >===
15:00:05 INFO ===< IntsPass::c >===
15:00:05 INFO ===< IntsPass::d >===
15:00:05 INFO cache hit for HIPProg.hip
15:00:05 INFO ===< IntsPass::c >===
15:00:13 INFO ===< BalancedPass::parens-only >===
15:00:15 INFO ===< ClexPass::delete-string >===
15:00:17 INFO Termination check: size was 5608; now 5597
15:00:17 ERROR Skipping pass UnIfDefPass
15:00:17 INFO ===< ClexPass::define >===
15:00:17 INFO ===< IncludeIncludesPass >===
15:00:17 INFO ===< TernaryPass::b >===
15:00:17 INFO ===< TernaryPass::c >===
15:00:35 INFO ===< BalancedPass::curly >===
15:00:54 INFO ===< BalancedPass::curly2 >===
15:00:54 INFO ===< BalancedPass::curly3 >===
15:01:06 INFO ===< BalancedPass::parens >===
15:01:07 INFO ===< BalancedPass::angles >===
15:01:18 INFO ===< BalancedPass::square >===
15:01:33 INFO ===< BalancedPass::curly-inside >===
15:01:38 INFO ===< BalancedPass::parens-inside >===
15:01:40 INFO ===< BalancedPass::angles-inside >===
15:01:50 INFO ===< BalancedPass::square-inside >===
15:02:01 INFO ===< BalancedPass::curly-only >===
15:02:02 INFO ===< BalancedPass::angles-only >===
15:02:09 INFO ===< BalancedPass::square-only >===
15:02:09 INFO ===< ClangPass::remove-namespace >===
15:02:09 INFO ===< ClangPass::aggregate-to-scalar >===
15:02:09 INFO ===< ClangPass::param-to-global >===
15:02:10 INFO ===< ClangPass::param-to-local >===
15:02:10 INFO ===< ClangPass::remove-nested-function >===
15:02:11 INFO ===< ClangPass::union-to-struct >===
15:02:12 INFO ===< ClangPass::return-void >===
15:02:12 INFO ===< ClangPass::simple-inliner >===
15:02:21 INFO ===< ClangPass::reduce-pointer-level >===
15:02:21 INFO ===< ClangPass::lift-assignment-expr >===
15:02:21 INFO ===< ClangPass::copy-propagation >===
15:02:22 INFO ===< ClangHintsPass::callexpr-to-value >===
15:02:23 INFO ===< ClangPass::replace-callexpr >===
15:02:24 INFO ===< ClangPass::simplify-callexpr >===
15:02:24 INFO ===< ClangHintsPass::remove-unused-function >===
15:02:23 INFO using C++ standard: c++2b with 0 transformation opportunities
15:02:24 INFO ===< ClangBinarySearchPass::remove-unused-enum-member >===
15:02:24 INFO ===< ClangPass::remove-enum-member-value >===
15:02:24 INFO using C++ standard: c++2b with 6 transformation opportunities
15:02:26 INFO ===< ClangBinarySearchPass::remove-unused-var >===
15:02:26 INFO ===< ClangPass::simplify-if >===
15:02:26 INFO ===< ClangPass::reduce-array-dim >===
15:02:26 INFO ===< ClangPass::reduce-array-size >===
15:02:26 INFO ===< ClangPass::move-definition-to-declaration >===
15:02:26 INFO ===< ClangPass::simplify-comma-expr >===
15:02:26 INFO ===< ClangPass::simplify-dependent-typedef >===
15:02:26 INFO ===< ClangPass::replace-simple-typedef >===
15:02:26 INFO ===< ClangHintsPass::replace-dependent-typedef >===
15:02:26 INFO ===< ClangPass::replace-one-level-typedef-type >===
15:03:01 INFO ===< ClangPass::remove-unused-field >===
15:03:01 INFO ===< ClangPass::instantiate-template-type-param-to-int >===
15:03:01 INFO ===< ClangPass::instantiate-template-param >===
15:03:01 INFO ===< ClangPass::template-arg-to-int >===
15:03:01 INFO ===< ClangPass::template-non-type-arg-to-int >===
15:03:02 INFO ===< ClangPass::reduce-class-template-param >===
15:03:02 INFO ===< ClangPass::remove-trivial-base-template >===
15:03:02 INFO ===< ClangPass::class-template-to-class >===
15:03:02 INFO ===< ClangPass::merge-base-class >===
15:03:02 INFO ===< ClangPass::remove-base-class >===
15:03:02 INFO ===< ClangPass::replace-derived-class >===
15:03:02 INFO ===< ClangPass::remove-unresolved-base >===
15:03:02 INFO ===< ClangPass::remove-ctor-initializer >===
15:03:02 INFO ===< ClangPass::replace-class-with-base-template-spec >===
15:03:03 INFO ===< ClangPass::simplify-nested-class >===
15:03:03 INFO ===< ClangPass::remove-unused-outer-class >===
15:03:03 INFO ===< ClangPass::empty-struct-to-int >===
15:03:03 INFO ===< ClangPass::remove-pointer >===
15:03:03 INFO ===< ClangPass::reduce-pointer-pairs >===
15:03:03 INFO ===< ClangPass::remove-array >===
15:03:03 INFO ===< ClangPass::remove-addr-taken >===
15:03:03 INFO ===< ClangPass::simplify-struct >===
15:03:03 INFO ===< ClangPass::replace-undefined-function >===
15:03:03 INFO ===< ClangPass::replace-array-index-var >===
15:03:04 INFO ===< ClangPass::replace-array-access-with-index >===
15:03:04 INFO ===< ClangPass::replace-dependent-name >===
15:03:04 INFO ===< ClangPass::simplify-recursive-template-instantiation >===
15:03:04 INFO ===< ClangPass::vector-to-array >===
15:03:04 INFO ===< ClangPass::remove-try-catch >===
15:03:04 INFO ===< ClangPass::class-to-struct >===
15:03:38 INFO ===< ClangPass::member-to-global >===
15:03:43 INFO ===< LinesPass::0 >===
15:05:11 INFO ===< LinesPass::1 >===
15:05:17 INFO ===< LinesPass::2 >===
15:05:17 INFO ===< LinesPass::3 >===
15:05:17 INFO ===< LinesPass::4 >===
15:05:17 INFO ===< LinesPass::6 >===
15:05:17 INFO ===< LinesPass::8 >===
15:05:17 INFO ===< LinesPass::10 >===
15:05:17 INFO ===< CommentsPass >===
15:05:17 INFO ===< SpecialPass::b >===
15:05:17 INFO ===< SpecialPass::c >===
15:05:17 INFO ===< IndentPass::regular >===
15:05:23 INFO ===< BalancedPass::parens-to-zero >===
16:34:38 INFO ===< ClexHintsPass::rm-toks-1-to-16 >===
17:19:15 INFO ===< ClexPass::rm-tok-pattern-4 >===
17:19:18 INFO ===< ClangPass::local-to-global >===
17:19:38 INFO ===< PeepPass::c >===
17:19:44 INFO ===< IntsPass::a >===
17:19:44 INFO cache hit for HIPProg.hip
17:19:44 INFO ===< IntsPass::b >===
17:19:44 INFO cache hit for HIPProg.hip
17:19:44 INFO ===< IntsPass::c >===
17:19:44 INFO cache hit for HIPProg.hip
17:19:44 INFO ===< IntsPass::d >===
17:19:44 INFO cache hit for HIPProg.hip
17:19:44 INFO ===< IntsPass::c >===
17:19:44 INFO cache hit for HIPProg.hip
17:19:44 INFO ===< BalancedPass::parens-only >===
17:19:44 INFO cache hit for HIPProg.hip
17:19:44 INFO ===< ClexPass::delete-string >===
17:19:44 INFO cache hit for HIPProg.hip
17:19:44 INFO Termination check: size was 5597; now 5597
17:19:44 INFO CLEANUP PASSES
17:19:44 INFO ===< ClexPass::define >===
17:19:44 INFO ===< ClangPass::combine-global-var >===
17:19:45 INFO ===< ClangPass::combine-local-var >===
17:19:46 INFO ===< ClangPass::simplify-struct-union-decl >===
17:19:46 INFO ===< ClangPass::move-global-var >===
17:19:46 INFO ===< ClangPass::unify-function-decl >===
17:19:46 INFO cache hit for HIPProg.hip
17:19:46 INFO ===< LinesPass::0 >===
17:19:46 INFO cache hit for HIPProg.hip
17:19:46 INFO ===< ClexPass::delete-string >===
17:20:08 INFO (93.4%, 5547 bytes, 245 lines)
17:20:10 INFO ===< BlankPass >===
17:20:13 INFO ===< BlankPass >===
17:20:13 INFO ===================== done ====================
===< PASS statistics >===
  pass name                                                     bytes reduced time (s) time (%)   worked   failed  total executed
  LinesPass::2                                                          19408   208.82     0.33       16      328             344
  BalancedPass::curly3                                                  11210   114.33     0.18       10       24              34
  LinesPass::3                                                          10815   132.71     0.21       19       89             108
  CommentsPass                                                           7741    42.91     0.07        9      273             282
  LinesPass::1                                                           5245  1662.60     2.66       29     4362            4391
  LinesPass::0                                                           4576   131.83     0.21       13      284             297
  BalancedPass::curly-inside                                             4515   262.40     0.42       30      191             221
  LinesPass::None                                                        4407  1685.22     2.70       17     4413            4430
  BalancedPass::parens-to-zero                                           3487   373.39     0.60       21     1632            1653
  LinesPass::4                                                           1859   108.19     0.17       16       74              90
  TreeSitterPass::remove-function                                        1667    27.30     0.04        2      231             233
  BalancedPass::curly2                                                    828   381.82     0.61        5     1019            1024
  TreeSitterPass::replace-function-def-with-decl                          473    28.86     0.05        1      134             135
  BlankPass                                                               347   202.61     0.32       26      255             281
  ClexHintsPass::rm-toks-1-to-4                                           313  4767.68     7.64       60    15342           15402
  BalancedPass::curly                                                     293   336.01     0.54        3     1026            1029
  IntsPass::a                                                             248  3670.61     5.88      248     2026            2274
  LinesPass::6                                                            178    79.39     0.13        9       44              53
  ClangPass::remove-unused-field                                          139   175.20     0.28        6      354             360
  ClexHintsPass::rm-toks-5-to-8                                           121  4517.79     7.24       11    15080           15091
  ClexHintsPass::rm-toks-13-to-16                                         112  4327.59     6.93        4    14996           15000
  BalancedPass::square                                                     91   344.46     0.55       22      885             907
  ClangHintsPass::callexpr-to-value                                        87    49.29     0.08       10      113             123
  IntsPass::c                                                              79   753.03     1.21       57      285             342
  BalancedPass::parens-only                                                58   317.91     0.51       38     1354            1392
  BalancedPass::curly-only                                                 36   366.86     0.59       18      929             947
  IntsPass::b                                                              34   295.90     0.47       17      193             210
  ClexHintsPass::rm-toks-9-to-12                                           21  4477.97     7.17       10    15040           15050
  BalancedPass::parens                                                     20   254.76     0.41        1     1595            1596
  IntsPass::d                                                              12   129.08     0.21       12       56              68
  RmUnusedFilesPass                                                         0     0.00     0.00        0        0               0
  InlineIncludesPass                                                        0     0.01     0.00        0        0               0
  SpecialPass::c                                                            0     0.02     0.00        0        0               0
  SpecialPass::b                                                            0     0.02     0.00        0        0               0
  LineMarkersPass                                                           0     0.05     0.00        0        0               0
  IndentPass::final                                                         0     0.05     0.00        0        1               1
  ClangPass::move-global-var                                                0     0.05     0.00        0        4               4
  LinesPass::10                                                             0     0.05     0.00        0        0               0
  ClangPass::combine-global-var                                             0     0.05     0.00        0        4               4
  ClangPass::simplify-struct-union-decl                                     0     0.06     0.00        0        4               4
  IncludeIncludesPass                                                       0     0.07     0.00        0       12              12
  ClangPass::unify-function-decl                                            0     0.07     0.00        0        4               4
  TernaryPass::c                                                            0     0.08     0.00        0        0               0
  TernaryPass::b                                                            0     0.08     0.00        0        0               0
  ClangModuleMapPass                                                        0     0.10     0.00        0        0               0
  ClangPass::copy-propagation                                               0     0.12     0.00        0       12              12
  MakefilePass                                                              0     0.12     0.00        0        0               0
  ClangPass::remove-namespace                                               0     0.14     0.00        0       12              12
  TreeSitterPass::erase-namespace                                           0     0.14     0.00        0        0               0
  IndentPass::regular                                                       0     0.14     0.00        0        3               3
  ClangPass::lift-assignment-expr                                           0     0.15     0.00        0       12              12
  ClangPass::simplify-if                                                    0     0.16     0.00        0       12              12
  ClangPass::move-definition-to-declaration                                 0     0.16     0.00        0       12              12
  ClangPass::reduce-array-size                                              0     0.16     0.00        0       12              12
  ClangPass::simplify-dependent-typedef                                     0     0.17     0.00        0       12              12
  ClangPass::replace-simple-typedef                                         0     0.17     0.00        0       12              12
  ClangPass::replace-one-level-typedef-type                                 0     0.17     0.00        0       12              12
  ClangPass::simple-inliner                                                 0     0.17     0.00        0       12              12
  ClangHintsPass::replace-dependent-typedef                                 0     0.18     0.00        0        0               0
  ClangPass::reduce-array-dim                                               0     0.18     0.00        0       12              12
  ClangPass::simplify-comma-expr                                            0     0.19     0.00        0       12              12
  ClangPass::remove-array                                                   0     0.19     0.00        0       12              12
  ClangPass::union-to-struct                                                0     0.20     0.00        0       12              12
  ClangPass::vector-to-array                                                0     0.20     0.00        0       12              12
  ClangPass::remove-try-catch                                               0     0.21     0.00        0       12              12
  ClangPass::reduce-class-template-param                                    0     0.21     0.00        0       12              12
  ClangPass::remove-trivial-base-template                                   0     0.21     0.00        0       12              12
  ClangPass::replace-array-access-with-index                                0     0.21     0.00        0       12              12
  ClangPass::remove-addr-taken                                              0     0.21     0.00        0       12              12
  ClangPass::class-to-struct                                                0     0.21     0.00        0       12              12
  ClangPass::simplify-recursive-template-instantiation                      0     0.21     0.00        0       12              12
  ClangPass::replace-array-index-var                                        0     0.21     0.00        0       12              12
  ClangPass::instantiate-template-param                                     0     0.22     0.00        0       12              12
  ClangPass::template-non-type-arg-to-int                                   0     0.22     0.00        0       12              12
  ClangPass::merge-base-class                                               0     0.22     0.00        0       12              12
  ClangPass::simplify-nested-class                                          0     0.22     0.00        0       12              12
  ClangPass::remove-unused-outer-class                                      0     0.22     0.00        0       12              12
  ClangPass::class-template-to-class                                        0     0.22     0.00        0       12              12
  ClangPass::instantiate-template-type-param-to-int                         0     0.22     0.00        0       12              12
  ClangPass::empty-struct-to-int                                            0     0.23     0.00        0       12              12
  ClangPass::simplify-struct                                                0     0.23     0.00        0       12              12
  ClangPass::replace-dependent-name                                         0     0.23     0.00        0       12              12
  ClangPass::replace-callexpr                                               0     0.23     0.00        0       16              16
  ClangPass::remove-enum-member-value                                       0     0.23     0.00        0       16              16
  ClangPass::template-arg-to-int                                            0     0.23     0.00        0       12              12
  ClangPass::reduce-pointer-pairs                                           0     0.24     0.00        0       12              12
  ClangPass::replace-derived-class                                          0     0.24     0.00        0       12              12
  ClangPass::replace-undefined-function                                     0     0.24     0.00        0       12              12
  ClangPass::param-to-global                                                0     0.24     0.00        0       12              12
  ClangPass::remove-base-class                                              0     0.24     0.00        0       12              12
  ClangPass::remove-unresolved-base                                         0     0.25     0.00        0       12              12
  ClangHintsPass::remove-unused-function (30 T)                             0     0.26     0.00        0        1               1
  ClangPass::remove-pointer                                                 0     0.26     0.00        0       12              12
  ClangPass::replace-class-with-base-template-spec                          0     0.26     0.00        0       12              12
  ClangPass::remove-ctor-initializer                                        0     0.26     0.00        0       12              12
  ClangHintsPass::replace-function-def-with-decl (30 T)                     0     0.27     0.00        0        3               3
  ClangPass::remove-nested-function                                         0     0.32     0.00        0       12              12
  ClangPass::combine-local-var                                              0     0.43     0.00        0        7               7
  SpecialPass::a                                                            0     0.61     0.00        0        2               2
  ClexPass::define                                                          0     0.72     0.00        0        8               8
  IncludesPass                                                              0     0.89     0.00        0        4               4
  ClangIncludeGraphPass                                                     0     0.96     0.00        0        0               0
  ClangPass::param-to-local                                                 0     1.01     0.00        0       12              12
  ClangPass::return-void                                                    0     1.08     0.00        0       12              12
  ClangBinarySearchPass::remove-unused-enum-member                          0     1.15     0.00        0        0               0
  ClexPass::delete-string                                                   0     1.44     0.00        0        8               8
  ClangPass::simplify-callexpr                                              0     2.44     0.00        0       51              51
  ClangBinarySearchPass::remove-unused-var                                  0     3.34     0.01        0       36              36
  LinesPass::8                                                              0     4.24     0.01        1        0               1
  ClangPass::local-to-global                                                0     9.22     0.01        0       54              54
  ClangHintsPass::remove-unused-function                                    0    22.41     0.04        2       57              59
  ClangHintsPass::replace-function-def-with-decl                            0    27.01     0.04        3       97             100
  ClangPass::reduce-pointer-level                                           0    30.82     0.05        0       87              87
  BalancedPass::angles                                                      0    36.54     0.06        0      127             127
  BalancedPass::angles-only                                                 0    36.71     0.06        0      126             126
  BalancedPass::angles-inside                                               0    37.61     0.06        0      126             126
  PeepPass::c                                                               0    52.48     0.08        0    17175           17175
  ClangPass::member-to-global                                               0    97.81     0.16        0      289             289
  BalancedPass::parens-inside                                               0   197.96     0.32        0     1197            1197
  BalancedPass::square-only                                                 0   294.74     0.47       12      852             864
  BalancedPass::square-inside                                               0   301.44     0.48        1      866             867
  ClexPass::rm-tok-pattern-4                                                0  8985.68    14.40        0    29403           29403
  ClexHintsPass::rm-toks-1-to-16                                            0 18199.16    29.16        0    58440           58440
  ClangPass::aggregate-to-scalar                                          -58    30.70     0.05        4       24              28
  Folding (merging transformations from other passes)                   77566  1351.71     2.17      355       37             392

Runtime: 62412 seconds
Reduced test-cases:

--- HIPProg.hip ---
#include <hip/hip_runtime.h>
#include "HIPSmith.h"
#include "safe_math_macros.h"
#define transparent_crc(X, Y, Z) transparent_crc_(&crc64_context, X, , )
struct S0 {
   uint32_t  f0;
   int32_t  f1;
   uint16_t  f2;
   uint32_t  f3;
   int32_t  f4;
   uint64_t  f5;
   uint32_t  f6;
};
struct S1 {
   signed f0 ;
   signed f1 ;
   unsigned f2 ;
   signed f3 ;
   signed f4 ;
};
struct S2 {
    S0 g_51;
    S1 g_59;
    uint8_t g_107;
    S0 g_208;
    S0 *g_207[6];
    S1 *g_231;
    S1 **g_230;
    S1 ***g_229;
    S1 ***g_232;
    int8_t g_253;
    int16_t g_260;
    uint32_t g_284;
    uint32_t g_378;
    int32_t g_426;
    int32_t g_429;
    uint16_t g_432;
    int32_t *g_449;
    int32_t **g_448;
    uint64_t g_456;
    int32_t g_495;
    uint64_t g_497;
    int16_t g_525;
    uint32_t g_526;
    int8_t *g_561[9][6];
    int8_t **g_560;
    int8_t g_594;
    uint16_t g_595;
    int32_t g_666;
    uint32_t g_668;
    int16_t *g_709;
    int16_t **g_708[2];
    uint16_t *g_716;
    uint16_t **g_715;
    uint8_t g_724[4];
    int64_t g_762;
    uint32_t g_838;
    int32_t g_956;
    int32_t ***g_983;
    int32_t ****g_982;
    int64_t *g_1053;
    int16_t g_1069;
    int32_t g_1102[8];
    int16_t g_1202;
    int8_t g_1205[5];
    int16_t g_1206[2];
    uint64_t g_1207;
    uint64_t g_1212;
    int8_t g_1239;
    int64_t g_1240;
    int32_t g_1241;
    int64_t g_1242;
    int32_t g_1248;
    int16_t g_1249;
    uint32_t g_1250;
    uint16_t g_1417;
    int8_t g_1489;
    S1 g_1550;
    uint32_t *g_1578;
    uint32_t **g_1577;
    S1 g_1604;
    uint32_t g_1668;
    int32_t *g_1701;
    int32_t **g_1700;
    uint32_t ***g_1709;
    S1 g_1732;
    S0 *g_1766;
    S1 g_1769;
    uint8_t g_1891;
    uint16_t g_1954;
    int32_t g_1966;
    int64_t g_2041;
    int8_t g_2044;
    int16_t g_2096;
    uint32_t g_2106;
    uint64_t g_2138[8];
    S0 **g_2142;
    S0 ***g_2141;
    uint8_t g_2173;
    uint32_t g_2186;
    uint32_t *g_2187;
    int8_t g_2189;
    uint64_t *g_2243;
    uint64_t g_2242;
};__device__ int16_t  func_1(S2 * p_2299)
{
    uint64_t *l_2163 = &p_2299->g_2138[2];
                        uint8_t *l_2185 = &p_2299->g_107;
                        *l_2163 |= safe_add_func_int8_t_s_s(safe_rshift_func_uint8_t_u_u(*l_2185 , 1) <= 0, 200) ;
    return 0;
}
__global__ void hipsmith_kernel(uint64_t *results) {
    S2 c_2300;
    S2* p_2299 = &c_2300;
    S0 **p_2299_81;
    S1 **p_2299_12;
    S1 *p_2299_11;
    S0 *p_2299_10_5;
    S2 c_2301 {
        4,1,4, 
        4,1,5,2,5, 
        5, 
        1, 
        9, 
        0, 
        6, 
        0,3,9,0,3,4073709551615,1, 
        &p_2299->g_51, &p_2299->g_208, &p_2299->g_51, &p_2299->g_208, &p_2299->g_51, &p_2299->g_208, 
        nullptr, 
        &p_2299_11, 
        &p_2299_12, 
        &p_2299_12, 
        3, 
        2, 
        1, 
        4073709551615, 
        0, 
        0, 
        1, 
        &p_2299->g_51.f1, 
        &p_2299->g_449, 
        1, 
        1, 
        {}, 
        0, 
        3, 
        {}, 
        &p_2299->g_561[8][1], 
        7, 
        4, 
        0, 
        6, 
        &p_2299->g_525, 
        &p_2299->g_709, &p_2299->g_709, 
        &p_2299->g_432, 
        &p_2299->g_716, 
        0, 0, 0, 0, 
        3, 
        1, 
        0, 
        nullptr, 
        &p_2299->g_983, 
        &p_2299->g_762, 
        0, 
        0, 0, 6, 0, 0, 6, 0, 0, 
        0, 
        0, 0, 0, 0, 0, 
        0, 0, 
        4073709551609, 
        4, 
        4, 
        0, 
        0, 
        0, 
        0, 
        0, 
        0, 
        9, 
        9, 
        7,1,8,3,0, 
        &p_2299->g_208.f6, 
        &p_2299->g_1578, 
        7,0,0,4,0, 
        5, 
        &p_2299->g_1102[7], 
        &p_2299->g_1701, 
        &p_2299->g_1577, 
        {}, 
        nullptr, 
        {}, 
        {}, 
        {}, 
        5, 
        {}, 
        {}, 
        {}, 
        4073709551615, 
        {}, 
        &p_2299_10_5, 
        &p_2299_81, 
        0, 
        2, 
        &p_2299->g_208.f6, 
        6, 
        &p_2299->g_1207, 
        {}};
    c_2300 = c_2301;
    func_1(p_2299);
    uint64_t crc64_context = 0xFFFFFFFFFFFFFFFFUL;
    for (int i = 0; i < 6; i++)
        transparent_crc(p_2299->g_2138[i], , );
    int tid = threadIdx.x + blockIdx.x * blockDim.x;
    results[tid] = (crc64_context ^ 0xFFFFFFFFFFFFFFFFUL);
}
// ------------------------------------------------------------------
// Host Main
// ------------------------------------------------------------------
int main(int argc, const char* argv[]) {
    // Config
    const unsigned int num_threads = 4;
    const unsigned int block_size = 4;
    // Host Alloc
    std::vector<uint64_t> h_results(num_threads);
    const size_t results_bytes = sizeof(uint64_t) * h_results.size();
    // Device Alloc
    uint64_t *d_results;
    HIP_CHECK(hipMalloc((void**)&d_results, results_bytes));
    HIP_CHECK(hipMemset(d_results, 0, results_bytes));
    // Dimensions
    const dim3 block_dim(block_size);
    const dim3 grid_dim((num_threads + block_size - 1) / block_size);
    // Launch
    hipLaunchKernelGGL(hipsmith_kernel, grid_dim, block_dim, 0, 0, d_results);
    HIP_CHECK(hipGetLastError());
    HIP_CHECK(hipDeviceSynchronize());
    // Copy Back
    HIP_CHECK(hipMemcpy(h_results.data(), d_results, results_bytes, hipMemcpyDeviceToHost));
    // Free
    HIP_CHECK(hipFree(d_results));
    // Output
    for (size_t i = 0; i < h_results.size(); ++i) {
        printf("Thread %zu CRC: %lu\n", i, h_results[i]);
    }
    return 0;
}

